[2024-09-11T11:07:27.541+0000] {local_task_job_runner.py:123} INFO - ::group::Pre task execution logs
[2024-09-11T11:07:27.586+0000] {taskinstance.py:2612} INFO - Dependencies all met for dep_context=non-requeueable deps ti=<TaskInstance: max_min_dag.bash_task scheduled__2024-09-10T00:00:00+00:00 [queued]>
[2024-09-11T11:07:27.602+0000] {taskinstance.py:2612} INFO - Dependencies all met for dep_context=requeueable deps ti=<TaskInstance: max_min_dag.bash_task scheduled__2024-09-10T00:00:00+00:00 [queued]>
[2024-09-11T11:07:27.603+0000] {taskinstance.py:2865} INFO - Starting attempt 1 of 4
[2024-09-11T11:07:27.626+0000] {taskinstance.py:2888} INFO - Executing <Task(BashOperator): bash_task> on 2024-09-10 00:00:00+00:00
[2024-09-11T11:07:27.640+0000] {warnings.py:112} WARNING - /home/***/.local/lib/python3.12/site-packages/***/task/task_runner/standard_task_runner.py:70: DeprecationWarning: This process (pid=73) is multi-threaded, use of fork() may lead to deadlocks in the child.
  pid = os.fork()

[2024-09-11T11:07:27.645+0000] {standard_task_runner.py:72} INFO - Started process 74 to run task
[2024-09-11T11:07:27.644+0000] {standard_task_runner.py:104} INFO - Running: ['***', 'tasks', 'run', 'max_min_dag', 'bash_task', 'scheduled__2024-09-10T00:00:00+00:00', '--job-id', '257', '--raw', '--subdir', 'DAGS_FOLDER/simple_dag.py', '--cfg-path', '/tmp/tmpyoeh590o']
[2024-09-11T11:07:27.647+0000] {standard_task_runner.py:105} INFO - Job 257: Subtask bash_task
[2024-09-11T11:07:27.881+0000] {task_command.py:467} INFO - Running <TaskInstance: max_min_dag.bash_task scheduled__2024-09-10T00:00:00+00:00 [running]> on host 0a0201be4888
[2024-09-11T11:07:28.149+0000] {taskinstance.py:3131} INFO - Exporting env vars: AIRFLOW_CTX_DAG_OWNER='Denis' AIRFLOW_CTX_DAG_ID='max_min_dag' AIRFLOW_CTX_TASK_ID='bash_task' AIRFLOW_CTX_EXECUTION_DATE='2024-09-10T00:00:00+00:00' AIRFLOW_CTX_TRY_NUMBER='1' AIRFLOW_CTX_DAG_RUN_ID='scheduled__2024-09-10T00:00:00+00:00'
[2024-09-11T11:07:28.153+0000] {taskinstance.py:731} INFO - ::endgroup::
[2024-09-11T11:07:28.205+0000] {subprocess.py:63} INFO - Tmp dir root location: /tmp
[2024-09-11T11:07:28.210+0000] {subprocess.py:75} INFO - Running command: ['/usr/bin/bash', '-c', 'echo "Минимальное значение - 3,           Максимальное значение - 98"']
[2024-09-11T11:07:28.252+0000] {subprocess.py:86} INFO - Output:
[2024-09-11T11:07:28.263+0000] {subprocess.py:93} INFO - Минимальное значение - 3,           Максимальное значение - 98
[2024-09-11T11:07:28.264+0000] {subprocess.py:97} INFO - Command exited with return code 0
[2024-09-11T11:07:28.320+0000] {taskinstance.py:340} INFO - ::group::Post task execution logs
[2024-09-11T11:07:28.321+0000] {taskinstance.py:352} INFO - Marking task as SUCCESS. dag_id=max_min_dag, task_id=bash_task, run_id=scheduled__2024-09-10T00:00:00+00:00, execution_date=20240910T000000, start_date=20240911T110727, end_date=20240911T110728
[2024-09-11T11:07:28.395+0000] {local_task_job_runner.py:266} INFO - Task exited with return code 0
[2024-09-11T11:07:28.429+0000] {taskinstance.py:3900} INFO - 0 downstream tasks scheduled from follow-on schedule check
[2024-09-11T11:07:28.433+0000] {local_task_job_runner.py:245} INFO - ::endgroup::
