[2024-09-10T17:17:32.564+0000] {local_task_job_runner.py:123} INFO - ::group::Pre task execution logs
[2024-09-10T17:17:32.593+0000] {taskinstance.py:2612} INFO - Dependencies all met for dep_context=non-requeueable deps ti=<TaskInstance: simple_example_dag.process_data scheduled__2024-09-09T00:00:00+00:00 [queued]>
[2024-09-10T17:17:32.607+0000] {taskinstance.py:2612} INFO - Dependencies all met for dep_context=requeueable deps ti=<TaskInstance: simple_example_dag.process_data scheduled__2024-09-09T00:00:00+00:00 [queued]>
[2024-09-10T17:17:32.609+0000] {taskinstance.py:2865} INFO - Starting attempt 1 of 4
[2024-09-10T17:17:32.630+0000] {taskinstance.py:2888} INFO - Executing <Task(PythonOperator): process_data> on 2024-09-09 00:00:00+00:00
[2024-09-10T17:17:32.641+0000] {warnings.py:112} WARNING - /home/***/.local/lib/python3.12/site-packages/***/task/task_runner/standard_task_runner.py:70: DeprecationWarning: This process (pid=68) is multi-threaded, use of fork() may lead to deadlocks in the child.
  pid = os.fork()

[2024-09-10T17:17:32.643+0000] {standard_task_runner.py:72} INFO - Started process 69 to run task
[2024-09-10T17:17:32.647+0000] {standard_task_runner.py:104} INFO - Running: ['***', 'tasks', 'run', 'simple_example_dag', 'process_data', 'scheduled__2024-09-09T00:00:00+00:00', '--job-id', '69', '--raw', '--subdir', 'DAGS_FOLDER/first_dag.py', '--cfg-path', '/tmp/tmp_rw9342f']
[2024-09-10T17:17:32.649+0000] {standard_task_runner.py:105} INFO - Job 69: Subtask process_data
[2024-09-10T17:17:32.762+0000] {task_command.py:467} INFO - Running <TaskInstance: simple_example_dag.process_data scheduled__2024-09-09T00:00:00+00:00 [running]> on host 0a0201be4888
[2024-09-10T17:17:32.993+0000] {taskinstance.py:3131} INFO - Exporting env vars: AIRFLOW_CTX_DAG_OWNER='Denis' AIRFLOW_CTX_DAG_ID='simple_example_dag' AIRFLOW_CTX_TASK_ID='process_data' AIRFLOW_CTX_EXECUTION_DATE='2024-09-09T00:00:00+00:00' AIRFLOW_CTX_TRY_NUMBER='1' AIRFLOW_CTX_DAG_RUN_ID='scheduled__2024-09-09T00:00:00+00:00'
[2024-09-10T17:17:32.995+0000] {taskinstance.py:731} INFO - ::endgroup::
[2024-09-10T17:17:33.044+0000] {logging_mixin.py:190} INFO - Processing Denis and role - Data Engineer
[2024-09-10T17:17:33.046+0000] {python.py:240} INFO - Done. Returned value was: Processing Denis and role - Data Engineer
[2024-09-10T17:17:33.095+0000] {taskinstance.py:340} INFO - ::group::Post task execution logs
[2024-09-10T17:17:33.096+0000] {taskinstance.py:352} INFO - Marking task as SUCCESS. dag_id=simple_example_dag, task_id=process_data, run_id=scheduled__2024-09-09T00:00:00+00:00, execution_date=20240909T000000, start_date=20240910T171732, end_date=20240910T171733
[2024-09-10T17:17:33.141+0000] {local_task_job_runner.py:266} INFO - Task exited with return code 0
[2024-09-10T17:17:33.224+0000] {taskinstance.py:3900} INFO - 1 downstream tasks scheduled from follow-on schedule check
[2024-09-10T17:17:33.230+0000] {local_task_job_runner.py:245} INFO - ::endgroup::
