[2024-09-09T14:17:09.435+0000] {local_task_job_runner.py:123} INFO - ::group::Pre task execution logs
[2024-09-09T14:17:09.471+0000] {taskinstance.py:2612} INFO - Dependencies all met for dep_context=non-requeueable deps ti=<TaskInstance: simple_example_dag.bash_task manual__2024-09-09T14:17:01.104492+00:00 [queued]>
[2024-09-09T14:17:09.490+0000] {taskinstance.py:2612} INFO - Dependencies all met for dep_context=requeueable deps ti=<TaskInstance: simple_example_dag.bash_task manual__2024-09-09T14:17:01.104492+00:00 [queued]>
[2024-09-09T14:17:09.491+0000] {taskinstance.py:2865} INFO - Starting attempt 1 of 4
[2024-09-09T14:17:09.522+0000] {taskinstance.py:2888} INFO - Executing <Task(BashOperator): bash_task> on 2024-09-09 14:17:01.104492+00:00
[2024-09-09T14:17:09.534+0000] {warnings.py:112} WARNING - /home/***/.local/lib/python3.12/site-packages/***/task/task_runner/standard_task_runner.py:70: DeprecationWarning: This process (pid=186) is multi-threaded, use of fork() may lead to deadlocks in the child.
  pid = os.fork()

[2024-09-09T14:17:09.537+0000] {standard_task_runner.py:72} INFO - Started process 187 to run task
[2024-09-09T14:17:09.538+0000] {standard_task_runner.py:104} INFO - Running: ['***', 'tasks', 'run', 'simple_example_dag', 'bash_task', 'manual__2024-09-09T14:17:01.104492+00:00', '--job-id', '49', '--raw', '--subdir', 'DAGS_FOLDER/first_dag.py', '--cfg-path', '/tmp/tmpkcmkoy4u']
[2024-09-09T14:17:09.540+0000] {standard_task_runner.py:105} INFO - Job 49: Subtask bash_task
[2024-09-09T14:17:09.623+0000] {task_command.py:467} INFO - Running <TaskInstance: simple_example_dag.bash_task manual__2024-09-09T14:17:01.104492+00:00 [running]> on host 0a0201be4888
[2024-09-09T14:17:09.822+0000] {taskinstance.py:3131} INFO - Exporting env vars: AIRFLOW_CTX_DAG_OWNER='Denis' AIRFLOW_CTX_DAG_ID='simple_example_dag' AIRFLOW_CTX_TASK_ID='bash_task' AIRFLOW_CTX_EXECUTION_DATE='2024-09-09T14:17:01.104492+00:00' AIRFLOW_CTX_TRY_NUMBER='1' AIRFLOW_CTX_DAG_RUN_ID='manual__2024-09-09T14:17:01.104492+00:00'
[2024-09-09T14:17:09.824+0000] {taskinstance.py:731} INFO - ::endgroup::
[2024-09-09T14:17:09.874+0000] {subprocess.py:63} INFO - Tmp dir root location: /tmp
[2024-09-09T14:17:09.879+0000] {subprocess.py:75} INFO - Running command: ['/usr/bin/bash', '-c', 'echo "Processing Denis and role - Data Engineer"']
[2024-09-09T14:17:09.912+0000] {subprocess.py:86} INFO - Output:
[2024-09-09T14:17:09.922+0000] {subprocess.py:93} INFO - Processing Denis and role - Data Engineer
[2024-09-09T14:17:09.923+0000] {subprocess.py:97} INFO - Command exited with return code 0
[2024-09-09T14:17:09.988+0000] {taskinstance.py:340} INFO - ::group::Post task execution logs
[2024-09-09T14:17:09.989+0000] {taskinstance.py:352} INFO - Marking task as SUCCESS. dag_id=simple_example_dag, task_id=bash_task, run_id=manual__2024-09-09T14:17:01.104492+00:00, execution_date=20240909T141701, start_date=20240909T141709, end_date=20240909T141709
[2024-09-09T14:17:10.037+0000] {local_task_job_runner.py:266} INFO - Task exited with return code 0
[2024-09-09T14:17:10.070+0000] {taskinstance.py:3900} INFO - 0 downstream tasks scheduled from follow-on schedule check
[2024-09-09T14:17:10.074+0000] {local_task_job_runner.py:245} INFO - ::endgroup::
