[2024-09-14T11:01:53.160+0000] {local_task_job_runner.py:123} INFO - ::group::Pre task execution logs
[2024-09-14T11:01:53.239+0000] {taskinstance.py:2612} INFO - Dependencies all met for dep_context=non-requeueable deps ti=<TaskInstance: spark_find_makers_dag.spark_submit_task scheduled__2024-09-13T00:00:00+00:00 [queued]>
[2024-09-14T11:01:53.609+0000] {taskinstance.py:2612} INFO - Dependencies all met for dep_context=requeueable deps ti=<TaskInstance: spark_find_makers_dag.spark_submit_task scheduled__2024-09-13T00:00:00+00:00 [queued]>
[2024-09-14T11:01:53.611+0000] {taskinstance.py:2865} INFO - Starting attempt 1 of 4
[2024-09-14T11:01:53.708+0000] {taskinstance.py:2888} INFO - Executing <Task(SparkSubmitOperator): spark_submit_task> on 2024-09-13 00:00:00+00:00
[2024-09-14T11:01:53.957+0000] {standard_task_runner.py:104} INFO - Running: ['***', 'tasks', 'run', 'spark_find_makers_dag', 'spark_submit_task', 'scheduled__2024-09-13T00:00:00+00:00', '--job-id', '662', '--raw', '--subdir', 'DAGS_FOLDER/spark_sql_dag.py', '--cfg-path', '/tmp/tmpirci9uyo']
[2024-09-14T11:01:53.961+0000] {standard_task_runner.py:105} INFO - Job 662: Subtask spark_submit_task
[2024-09-14T11:01:54.087+0000] {logging_mixin.py:190} WARNING - /home/***/.local/lib/python3.12/site-packages/***/task/task_runner/standard_task_runner.py:70 DeprecationWarning: This process (pid=208) is multi-threaded, use of fork() may lead to deadlocks in the child.
[2024-09-14T11:01:54.098+0000] {standard_task_runner.py:72} INFO - Started process 229 to run task
[2024-09-14T11:01:54.496+0000] {task_command.py:467} INFO - Running <TaskInstance: spark_find_makers_dag.spark_submit_task scheduled__2024-09-13T00:00:00+00:00 [running]> on host b8a926367307
[2024-09-14T11:01:55.013+0000] {taskinstance.py:3131} INFO - Exporting env vars: AIRFLOW_CTX_DAG_OWNER='Denis' AIRFLOW_CTX_DAG_ID='spark_find_makers_dag' AIRFLOW_CTX_TASK_ID='spark_submit_task' AIRFLOW_CTX_EXECUTION_DATE='2024-09-13T00:00:00+00:00' AIRFLOW_CTX_TRY_NUMBER='1' AIRFLOW_CTX_DAG_RUN_ID='scheduled__2024-09-13T00:00:00+00:00'
[2024-09-14T11:01:55.017+0000] {taskinstance.py:731} INFO - ::endgroup::
[2024-09-14T11:01:55.182+0000] {base.py:84} INFO - Retrieving connection 'spark_default'
[2024-09-14T11:01:55.188+0000] {spark_submit.py:403} INFO - Spark-Submit cmd: spark-submit --master spark://spark-master:7077 --conf spark.master=spark://spark-master:7077 --name arrow-spark --verbose --deploy-mode client /opt/***/dags/spark_job.py
[2024-09-14T11:02:12.652+0000] {spark_submit.py:579} INFO - Using properties file: null
[2024-09-14T11:02:13.809+0000] {spark_submit.py:579} INFO - Parsed arguments:
[2024-09-14T11:02:13.812+0000] {spark_submit.py:579} INFO - master                  spark://spark-master:7077
[2024-09-14T11:02:13.823+0000] {spark_submit.py:579} INFO - remote                  null
[2024-09-14T11:02:13.826+0000] {spark_submit.py:579} INFO - deployMode              client
[2024-09-14T11:02:13.833+0000] {spark_submit.py:579} INFO - executorMemory          null
[2024-09-14T11:02:13.836+0000] {spark_submit.py:579} INFO - executorCores           null
[2024-09-14T11:02:13.842+0000] {spark_submit.py:579} INFO - totalExecutorCores      null
[2024-09-14T11:02:13.845+0000] {spark_submit.py:579} INFO - propertiesFile          null
[2024-09-14T11:02:13.851+0000] {spark_submit.py:579} INFO - driverMemory            null
[2024-09-14T11:02:13.854+0000] {spark_submit.py:579} INFO - driverCores             null
[2024-09-14T11:02:13.857+0000] {spark_submit.py:579} INFO - driverExtraClassPath    null
[2024-09-14T11:02:13.858+0000] {spark_submit.py:579} INFO - driverExtraLibraryPath  null
[2024-09-14T11:02:13.860+0000] {spark_submit.py:579} INFO - driverExtraJavaOptions  null
[2024-09-14T11:02:13.862+0000] {spark_submit.py:579} INFO - supervise               false
[2024-09-14T11:02:13.864+0000] {spark_submit.py:579} INFO - queue                   null
[2024-09-14T11:02:13.866+0000] {spark_submit.py:579} INFO - numExecutors            null
[2024-09-14T11:02:13.868+0000] {spark_submit.py:579} INFO - files                   null
[2024-09-14T11:02:13.870+0000] {spark_submit.py:579} INFO - pyFiles                 null
[2024-09-14T11:02:13.875+0000] {spark_submit.py:579} INFO - archives                null
[2024-09-14T11:02:13.877+0000] {spark_submit.py:579} INFO - mainClass               null
[2024-09-14T11:02:13.879+0000] {spark_submit.py:579} INFO - primaryResource         file:/opt/***/dags/spark_job.py
[2024-09-14T11:02:13.880+0000] {spark_submit.py:579} INFO - name                    arrow-spark
[2024-09-14T11:02:13.882+0000] {spark_submit.py:579} INFO - childArgs               []
[2024-09-14T11:02:13.890+0000] {spark_submit.py:579} INFO - jars                    null
[2024-09-14T11:02:13.891+0000] {spark_submit.py:579} INFO - packages                null
[2024-09-14T11:02:13.893+0000] {spark_submit.py:579} INFO - packagesExclusions      null
[2024-09-14T11:02:13.894+0000] {spark_submit.py:579} INFO - repositories            null
[2024-09-14T11:02:13.896+0000] {spark_submit.py:579} INFO - verbose                 true
[2024-09-14T11:02:13.915+0000] {spark_submit.py:579} INFO - 
[2024-09-14T11:02:13.918+0000] {spark_submit.py:579} INFO - Spark properties used, including those specified through
[2024-09-14T11:02:13.920+0000] {spark_submit.py:579} INFO - --conf and those from the properties file null:
[2024-09-14T11:02:13.922+0000] {spark_submit.py:579} INFO - (spark.master,spark://spark-master:7077)
[2024-09-14T11:02:13.924+0000] {spark_submit.py:579} INFO - 
[2024-09-14T11:02:13.928+0000] {spark_submit.py:579} INFO - 
[2024-09-14T11:02:16.741+0000] {spark_submit.py:579} INFO - Main class:
[2024-09-14T11:02:16.743+0000] {spark_submit.py:579} INFO - org.apache.spark.deploy.PythonRunner
[2024-09-14T11:02:16.745+0000] {spark_submit.py:579} INFO - Arguments:
[2024-09-14T11:02:16.749+0000] {spark_submit.py:579} INFO - file:/opt/***/dags/spark_job.py
[2024-09-14T11:02:16.751+0000] {spark_submit.py:579} INFO - null
[2024-09-14T11:02:16.759+0000] {spark_submit.py:579} INFO - Spark config:
[2024-09-14T11:02:16.761+0000] {spark_submit.py:579} INFO - (spark.app.name,arrow-spark)
[2024-09-14T11:02:16.762+0000] {spark_submit.py:579} INFO - (spark.app.submitTime,1726311736663)
[2024-09-14T11:02:16.765+0000] {spark_submit.py:579} INFO - (spark.master,spark://spark-master:7077)
[2024-09-14T11:02:16.767+0000] {spark_submit.py:579} INFO - (spark.submit.deployMode,client)
[2024-09-14T11:02:16.769+0000] {spark_submit.py:579} INFO - (spark.submit.pyFiles,)
[2024-09-14T11:02:16.774+0000] {spark_submit.py:579} INFO - Classpath elements:
[2024-09-14T11:02:16.777+0000] {spark_submit.py:579} INFO - 
[2024-09-14T11:02:16.780+0000] {spark_submit.py:579} INFO - 
[2024-09-14T11:02:16.783+0000] {spark_submit.py:579} INFO - 
[2024-09-14T11:02:23.173+0000] {spark_submit.py:579} INFO - 24/09/14 11:02:23 INFO SparkContext: Running Spark version 3.5.2
[2024-09-14T11:02:23.180+0000] {spark_submit.py:579} INFO - 24/09/14 11:02:23 INFO SparkContext: OS info Linux, 5.15.153.1-microsoft-standard-WSL2, amd64
[2024-09-14T11:02:23.184+0000] {spark_submit.py:579} INFO - 24/09/14 11:02:23 INFO SparkContext: Java version 17.0.12
[2024-09-14T11:02:23.879+0000] {spark_submit.py:579} INFO - 24/09/14 11:02:23 WARN NativeCodeLoader: Unable to load native-hadoop library for your platform... using builtin-java classes where applicable
[2024-09-14T11:02:24.852+0000] {spark_submit.py:579} INFO - 24/09/14 11:02:24 INFO ResourceUtils: ==============================================================
[2024-09-14T11:02:24.854+0000] {spark_submit.py:579} INFO - 24/09/14 11:02:24 INFO ResourceUtils: No custom resources configured for spark.driver.
[2024-09-14T11:02:24.857+0000] {spark_submit.py:579} INFO - 24/09/14 11:02:24 INFO ResourceUtils: ==============================================================
[2024-09-14T11:02:24.859+0000] {spark_submit.py:579} INFO - 24/09/14 11:02:24 INFO SparkContext: Submitted application: SparkJob
[2024-09-14T11:02:24.977+0000] {spark_submit.py:579} INFO - 24/09/14 11:02:24 INFO ResourceProfile: Default ResourceProfile created, executor resources: Map(cores -> name: cores, amount: 1, script: , vendor: , memory -> name: memory, amount: 1024, script: , vendor: , offHeap -> name: offHeap, amount: 0, script: , vendor: ), task resources: Map(cpus -> name: cpus, amount: 1.0)
[2024-09-14T11:02:25.033+0000] {spark_submit.py:579} INFO - 24/09/14 11:02:25 INFO ResourceProfile: Limiting resource is cpu
[2024-09-14T11:02:25.034+0000] {spark_submit.py:579} INFO - 24/09/14 11:02:25 INFO ResourceProfileManager: Added ResourceProfile id: 0
[2024-09-14T11:02:25.659+0000] {spark_submit.py:579} INFO - 24/09/14 11:02:25 INFO SecurityManager: Changing view acls to: ***
[2024-09-14T11:02:25.662+0000] {spark_submit.py:579} INFO - 24/09/14 11:02:25 INFO SecurityManager: Changing modify acls to: ***
[2024-09-14T11:02:25.665+0000] {spark_submit.py:579} INFO - 24/09/14 11:02:25 INFO SecurityManager: Changing view acls groups to:
[2024-09-14T11:02:25.667+0000] {spark_submit.py:579} INFO - 24/09/14 11:02:25 INFO SecurityManager: Changing modify acls groups to:
[2024-09-14T11:02:25.670+0000] {spark_submit.py:579} INFO - 24/09/14 11:02:25 INFO SecurityManager: SecurityManager: authentication disabled; ui acls disabled; users with view permissions: ***; groups with view permissions: EMPTY; users with modify permissions: ***; groups with modify permissions: EMPTY
[2024-09-14T11:02:26.530+0000] {spark_submit.py:579} INFO - 24/09/14 11:02:26 INFO Utils: Successfully started service 'sparkDriver' on port 39727.
[2024-09-14T11:02:26.712+0000] {spark_submit.py:579} INFO - 24/09/14 11:02:26 INFO SparkEnv: Registering MapOutputTracker
[2024-09-14T11:02:26.834+0000] {spark_submit.py:579} INFO - 24/09/14 11:02:26 INFO SparkEnv: Registering BlockManagerMaster
[2024-09-14T11:02:26.909+0000] {spark_submit.py:579} INFO - 24/09/14 11:02:26 INFO BlockManagerMasterEndpoint: Using org.apache.spark.storage.DefaultTopologyMapper for getting topology information
[2024-09-14T11:02:26.912+0000] {spark_submit.py:579} INFO - 24/09/14 11:02:26 INFO BlockManagerMasterEndpoint: BlockManagerMasterEndpoint up
[2024-09-14T11:02:26.924+0000] {spark_submit.py:579} INFO - 24/09/14 11:02:26 INFO SparkEnv: Registering BlockManagerMasterHeartbeat
[2024-09-14T11:02:27.001+0000] {spark_submit.py:579} INFO - 24/09/14 11:02:27 INFO DiskBlockManager: Created local directory at /tmp/blockmgr-2f76f58c-2f6b-4703-aab1-babd82f0603a
[2024-09-14T11:02:27.043+0000] {spark_submit.py:579} INFO - 24/09/14 11:02:27 INFO MemoryStore: MemoryStore started with capacity 434.4 MiB
[2024-09-14T11:02:27.083+0000] {spark_submit.py:579} INFO - 24/09/14 11:02:27 INFO SparkEnv: Registering OutputCommitCoordinator
[2024-09-14T11:02:27.566+0000] {spark_submit.py:579} INFO - 24/09/14 11:02:27 INFO JettyUtils: Start Jetty 0.0.0.0:4040 for SparkUI
[2024-09-14T11:02:27.799+0000] {spark_submit.py:579} INFO - 24/09/14 11:02:27 INFO Utils: Successfully started service 'SparkUI' on port 4040.
[2024-09-14T11:02:28.415+0000] {spark_submit.py:579} INFO - 24/09/14 11:02:28 INFO Executor: Starting executor ID driver on host b8a926367307
[2024-09-14T11:02:28.416+0000] {spark_submit.py:579} INFO - 24/09/14 11:02:28 INFO Executor: OS info Linux, 5.15.153.1-microsoft-standard-WSL2, amd64
[2024-09-14T11:02:28.418+0000] {spark_submit.py:579} INFO - 24/09/14 11:02:28 INFO Executor: Java version 17.0.12
[2024-09-14T11:02:28.446+0000] {spark_submit.py:579} INFO - 24/09/14 11:02:28 INFO Executor: Starting executor with user classpath (userClassPathFirst = false): ''
[2024-09-14T11:02:28.449+0000] {spark_submit.py:579} INFO - 24/09/14 11:02:28 INFO Executor: Created or updated repl class loader org.apache.spark.util.MutableURLClassLoader@7432b5cc for default.
[2024-09-14T11:02:28.531+0000] {spark_submit.py:579} INFO - 24/09/14 11:02:28 INFO Utils: Successfully started service 'org.apache.spark.network.netty.NettyBlockTransferService' on port 39141.
[2024-09-14T11:02:28.533+0000] {spark_submit.py:579} INFO - 24/09/14 11:02:28 INFO NettyBlockTransferService: Server created on b8a926367307:39141
[2024-09-14T11:02:28.540+0000] {spark_submit.py:579} INFO - 24/09/14 11:02:28 INFO BlockManager: Using org.apache.spark.storage.RandomBlockReplicationPolicy for block replication policy
[2024-09-14T11:02:28.593+0000] {spark_submit.py:579} INFO - 24/09/14 11:02:28 INFO BlockManagerMaster: Registering BlockManager BlockManagerId(driver, b8a926367307, 39141, None)
[2024-09-14T11:02:28.605+0000] {spark_submit.py:579} INFO - 24/09/14 11:02:28 INFO BlockManagerMasterEndpoint: Registering block manager b8a926367307:39141 with 434.4 MiB RAM, BlockManagerId(driver, b8a926367307, 39141, None)
[2024-09-14T11:02:28.613+0000] {spark_submit.py:579} INFO - 24/09/14 11:02:28 INFO BlockManagerMaster: Registered BlockManager BlockManagerId(driver, b8a926367307, 39141, None)
[2024-09-14T11:02:28.616+0000] {spark_submit.py:579} INFO - 24/09/14 11:02:28 INFO BlockManager: Initialized BlockManager: BlockManagerId(driver, b8a926367307, 39141, None)
[2024-09-14T11:02:30.606+0000] {spark_submit.py:579} INFO - 24/09/14 11:02:30 INFO SharedState: Setting hive.metastore.warehouse.dir ('null') to the value of spark.sql.warehouse.dir.
[2024-09-14T11:02:30.659+0000] {spark_submit.py:579} INFO - 24/09/14 11:02:30 INFO SharedState: Warehouse path is 'file:/user/hive/warehouse'.
[2024-09-14T11:02:36.940+0000] {spark_submit.py:579} INFO - 24/09/14 11:02:36 INFO InMemoryFileIndex: It took 187 ms to list leaf files for 1 paths.
[2024-09-14T11:02:42.421+0000] {spark_submit.py:579} INFO - 24/09/14 11:02:42 INFO InMemoryFileIndex: It took 5 ms to list leaf files for 1 paths.
[2024-09-14T11:02:43.769+0000] {spark_submit.py:579} INFO - Тип данной таблицы -  <class 'pyspark.sql.dataframe.DataFrame'>
[2024-09-14T11:02:43.995+0000] {spark_submit.py:579} INFO - 24/09/14 11:02:43 INFO HiveConf: Found configuration file null
[2024-09-14T11:02:44.032+0000] {spark_submit.py:579} INFO - 24/09/14 11:02:44 INFO HiveUtils: Initializing HiveMetastoreConnection version 2.3.9 using Spark classes.
[2024-09-14T11:02:45.307+0000] {spark_submit.py:579} INFO - 24/09/14 11:02:45 INFO HiveClientImpl: Warehouse location for Hive client (version 2.3.9) is file:/user/hive/warehouse
[2024-09-14T11:02:45.431+0000] {spark_submit.py:579} INFO - 24/09/14 11:02:45 INFO metastore: Trying to connect to metastore with URI thrift://hive-metastore:9083
[2024-09-14T11:02:45.503+0000] {spark_submit.py:579} INFO - 24/09/14 11:02:45 INFO metastore: Opened a connection to metastore, current connections: 1
[2024-09-14T11:02:45.739+0000] {spark_submit.py:579} INFO - 24/09/14 11:02:45 INFO metastore: Connected to metastore.
[2024-09-14T11:02:59.315+0000] {spark_submit.py:579} INFO - 24/09/14 11:02:59 INFO CodeGenerator: Code generated in 687.640888 ms
[2024-09-14T11:02:59.865+0000] {spark_submit.py:579} INFO - 24/09/14 11:02:59 INFO CodeGenerator: Code generated in 23.99182 ms
[2024-09-14T11:03:00.758+0000] {spark_submit.py:579} INFO - 24/09/14 11:03:00 INFO SparkContext: Starting job: listTables at NativeMethodAccessorImpl.java:0
[2024-09-14T11:03:00.818+0000] {spark_submit.py:579} INFO - 24/09/14 11:03:00 INFO DAGScheduler: Got job 0 (listTables at NativeMethodAccessorImpl.java:0) with 3 output partitions
[2024-09-14T11:03:00.820+0000] {spark_submit.py:579} INFO - 24/09/14 11:03:00 INFO DAGScheduler: Final stage: ResultStage 0 (listTables at NativeMethodAccessorImpl.java:0)
[2024-09-14T11:03:00.822+0000] {spark_submit.py:579} INFO - 24/09/14 11:03:00 INFO DAGScheduler: Parents of final stage: List()
[2024-09-14T11:03:00.827+0000] {spark_submit.py:579} INFO - 24/09/14 11:03:00 INFO DAGScheduler: Missing parents: List()
[2024-09-14T11:03:00.840+0000] {spark_submit.py:579} INFO - 24/09/14 11:03:00 INFO DAGScheduler: Submitting ResultStage 0 (SQLExecutionRDD[2] at listTables at NativeMethodAccessorImpl.java:0), which has no missing parents
[2024-09-14T11:03:01.030+0000] {spark_submit.py:579} INFO - 24/09/14 11:03:01 INFO MemoryStore: Block broadcast_0 stored as values in memory (estimated size 7.3 KiB, free 434.4 MiB)
[2024-09-14T11:03:01.123+0000] {spark_submit.py:579} INFO - 24/09/14 11:03:01 INFO MemoryStore: Block broadcast_0_piece0 stored as bytes in memory (estimated size 3.5 KiB, free 434.4 MiB)
[2024-09-14T11:03:01.132+0000] {spark_submit.py:579} INFO - 24/09/14 11:03:01 INFO BlockManagerInfo: Added broadcast_0_piece0 in memory on b8a926367307:39141 (size: 3.5 KiB, free: 434.4 MiB)
[2024-09-14T11:03:01.146+0000] {spark_submit.py:579} INFO - 24/09/14 11:03:01 INFO SparkContext: Created broadcast 0 from broadcast at DAGScheduler.scala:1585
[2024-09-14T11:03:01.209+0000] {spark_submit.py:579} INFO - 24/09/14 11:03:01 INFO DAGScheduler: Submitting 3 missing tasks from ResultStage 0 (SQLExecutionRDD[2] at listTables at NativeMethodAccessorImpl.java:0) (first 15 tasks are for partitions Vector(0, 1, 2))
[2024-09-14T11:03:01.214+0000] {spark_submit.py:579} INFO - 24/09/14 11:03:01 INFO TaskSchedulerImpl: Adding task set 0.0 with 3 tasks resource profile 0
[2024-09-14T11:03:01.411+0000] {spark_submit.py:579} INFO - 24/09/14 11:03:01 INFO TaskSetManager: Starting task 0.0 in stage 0.0 (TID 0) (b8a926367307, executor driver, partition 0, PROCESS_LOCAL, 9211 bytes)
[2024-09-14T11:03:01.425+0000] {spark_submit.py:579} INFO - 24/09/14 11:03:01 INFO TaskSetManager: Starting task 1.0 in stage 0.0 (TID 1) (b8a926367307, executor driver, partition 1, PROCESS_LOCAL, 9195 bytes)
[2024-09-14T11:03:01.427+0000] {spark_submit.py:579} INFO - 24/09/14 11:03:01 INFO TaskSetManager: Starting task 2.0 in stage 0.0 (TID 2) (b8a926367307, executor driver, partition 2, PROCESS_LOCAL, 9195 bytes)
[2024-09-14T11:03:01.465+0000] {spark_submit.py:579} INFO - 24/09/14 11:03:01 INFO Executor: Running task 2.0 in stage 0.0 (TID 2)
[2024-09-14T11:03:01.467+0000] {spark_submit.py:579} INFO - 24/09/14 11:03:01 INFO Executor: Running task 1.0 in stage 0.0 (TID 1)
[2024-09-14T11:03:01.468+0000] {spark_submit.py:579} INFO - 24/09/14 11:03:01 INFO Executor: Running task 0.0 in stage 0.0 (TID 0)
[2024-09-14T11:03:01.753+0000] {spark_submit.py:579} INFO - 24/09/14 11:03:01 INFO Executor: Finished task 2.0 in stage 0.0 (TID 2). 1361 bytes result sent to driver
[2024-09-14T11:03:01.754+0000] {spark_submit.py:579} INFO - 24/09/14 11:03:01 INFO Executor: Finished task 0.0 in stage 0.0 (TID 0). 1377 bytes result sent to driver
[2024-09-14T11:03:01.756+0000] {spark_submit.py:579} INFO - 24/09/14 11:03:01 INFO Executor: Finished task 1.0 in stage 0.0 (TID 1). 1361 bytes result sent to driver
[2024-09-14T11:03:01.786+0000] {spark_submit.py:579} INFO - 24/09/14 11:03:01 INFO TaskSetManager: Finished task 1.0 in stage 0.0 (TID 1) in 361 ms on b8a926367307 (executor driver) (1/3)
[2024-09-14T11:03:01.790+0000] {spark_submit.py:579} INFO - 24/09/14 11:03:01 INFO TaskSetManager: Finished task 0.0 in stage 0.0 (TID 0) in 450 ms on b8a926367307 (executor driver) (2/3)
[2024-09-14T11:03:01.791+0000] {spark_submit.py:579} INFO - 24/09/14 11:03:01 INFO TaskSetManager: Finished task 2.0 in stage 0.0 (TID 2) in 365 ms on b8a926367307 (executor driver) (3/3)
[2024-09-14T11:03:01.794+0000] {spark_submit.py:579} INFO - 24/09/14 11:03:01 INFO TaskSchedulerImpl: Removed TaskSet 0.0, whose tasks have all completed, from pool
[2024-09-14T11:03:01.837+0000] {spark_submit.py:579} INFO - 24/09/14 11:03:01 INFO DAGScheduler: ResultStage 0 (listTables at NativeMethodAccessorImpl.java:0) finished in 0.942 s
[2024-09-14T11:03:01.850+0000] {spark_submit.py:579} INFO - 24/09/14 11:03:01 INFO DAGScheduler: Job 0 is finished. Cancelling potential speculative or zombie tasks for this job
[2024-09-14T11:03:01.853+0000] {spark_submit.py:579} INFO - 24/09/14 11:03:01 INFO TaskSchedulerImpl: Killing all running tasks in stage 0: Stage finished
[2024-09-14T11:03:01.858+0000] {spark_submit.py:579} INFO - 24/09/14 11:03:01 INFO DAGScheduler: Job 0 finished: listTables at NativeMethodAccessorImpl.java:0, took 1.098430 s
[2024-09-14T11:03:03.050+0000] {spark_submit.py:579} INFO - 24/09/14 11:03:03 INFO CodeGenerator: Code generated in 119.619626 ms
[2024-09-14T11:03:03.230+0000] {spark_submit.py:579} INFO - 24/09/14 11:03:03 INFO CodeGenerator: Code generated in 59.564785 ms
[2024-09-14T11:03:03.325+0000] {spark_submit.py:579} INFO - 24/09/14 11:03:03 INFO SparkContext: Starting job: hasNext at NativeMethodAccessorImpl.java:0
[2024-09-14T11:03:03.332+0000] {spark_submit.py:579} INFO - 24/09/14 11:03:03 INFO DAGScheduler: Got job 1 (hasNext at NativeMethodAccessorImpl.java:0) with 1 output partitions
[2024-09-14T11:03:03.333+0000] {spark_submit.py:579} INFO - 24/09/14 11:03:03 INFO DAGScheduler: Final stage: ResultStage 1 (hasNext at NativeMethodAccessorImpl.java:0)
[2024-09-14T11:03:03.335+0000] {spark_submit.py:579} INFO - 24/09/14 11:03:03 INFO DAGScheduler: Parents of final stage: List()
[2024-09-14T11:03:03.337+0000] {spark_submit.py:579} INFO - 24/09/14 11:03:03 INFO DAGScheduler: Missing parents: List()
[2024-09-14T11:03:03.341+0000] {spark_submit.py:579} INFO - 24/09/14 11:03:03 INFO DAGScheduler: Submitting ResultStage 1 (MapPartitionsRDD[6] at toLocalIterator at NativeMethodAccessorImpl.java:0), which has no missing parents
[2024-09-14T11:03:03.347+0000] {spark_submit.py:579} INFO - 24/09/14 11:03:03 INFO MemoryStore: Block broadcast_1 stored as values in memory (estimated size 5.5 KiB, free 434.4 MiB)
[2024-09-14T11:03:04.519+0000] {spark_submit.py:579} INFO - 24/09/14 11:03:04 INFO MemoryStore: Block broadcast_1_piece0 stored as bytes in memory (estimated size 3.0 KiB, free 434.4 MiB)
[2024-09-14T11:03:04.521+0000] {spark_submit.py:579} INFO - 24/09/14 11:03:04 INFO BlockManagerInfo: Added broadcast_1_piece0 in memory on b8a926367307:39141 (size: 3.0 KiB, free: 434.4 MiB)
[2024-09-14T11:03:04.524+0000] {spark_submit.py:579} INFO - 24/09/14 11:03:04 INFO SparkContext: Created broadcast 1 from broadcast at DAGScheduler.scala:1585
[2024-09-14T11:03:04.527+0000] {spark_submit.py:579} INFO - 24/09/14 11:03:04 INFO DAGScheduler: Submitting 1 missing tasks from ResultStage 1 (MapPartitionsRDD[6] at toLocalIterator at NativeMethodAccessorImpl.java:0) (first 15 tasks are for partitions Vector(0))
[2024-09-14T11:03:04.528+0000] {spark_submit.py:579} INFO - 24/09/14 11:03:04 INFO TaskSchedulerImpl: Adding task set 1.0 with 1 tasks resource profile 0
[2024-09-14T11:03:04.532+0000] {spark_submit.py:579} INFO - 24/09/14 11:03:04 INFO TaskSetManager: Starting task 0.0 in stage 1.0 (TID 3) (b8a926367307, executor driver, partition 0, PROCESS_LOCAL, 9283 bytes)
[2024-09-14T11:03:04.534+0000] {spark_submit.py:579} INFO - 24/09/14 11:03:04 INFO Executor: Running task 0.0 in stage 1.0 (TID 3)
[2024-09-14T11:03:04.665+0000] {spark_submit.py:579} INFO - 24/09/14 11:03:04 INFO Executor: Finished task 0.0 in stage 1.0 (TID 3). 1413 bytes result sent to driver
[2024-09-14T11:03:04.675+0000] {spark_submit.py:579} INFO - 24/09/14 11:03:04 INFO TaskSetManager: Finished task 0.0 in stage 1.0 (TID 3) in 144 ms on b8a926367307 (executor driver) (1/1)
[2024-09-14T11:03:04.679+0000] {spark_submit.py:579} INFO - 24/09/14 11:03:04 INFO TaskSchedulerImpl: Removed TaskSet 1.0, whose tasks have all completed, from pool
[2024-09-14T11:03:04.682+0000] {spark_submit.py:579} INFO - 24/09/14 11:03:04 INFO DAGScheduler: ResultStage 1 (hasNext at NativeMethodAccessorImpl.java:0) finished in 1.341 s
[2024-09-14T11:03:04.685+0000] {spark_submit.py:579} INFO - 24/09/14 11:03:04 INFO DAGScheduler: Job 1 is finished. Cancelling potential speculative or zombie tasks for this job
[2024-09-14T11:03:04.690+0000] {spark_submit.py:579} INFO - 24/09/14 11:03:04 INFO TaskSchedulerImpl: Killing all running tasks in stage 1: Stage finished
[2024-09-14T11:03:04.692+0000] {spark_submit.py:579} INFO - 24/09/14 11:03:04 INFO DAGScheduler: Job 1 finished: hasNext at NativeMethodAccessorImpl.java:0, took 1.363479 s
[2024-09-14T11:03:04.821+0000] {spark_submit.py:579} INFO - 24/09/14 11:03:04 INFO CodeGenerator: Code generated in 49.439343 ms
[2024-09-14T11:03:04.863+0000] {spark_submit.py:579} INFO - 24/09/14 11:03:04 INFO SparkContext: Starting job: hasNext at NativeMethodAccessorImpl.java:0
[2024-09-14T11:03:04.866+0000] {spark_submit.py:579} INFO - 24/09/14 11:03:04 INFO DAGScheduler: Got job 2 (hasNext at NativeMethodAccessorImpl.java:0) with 1 output partitions
[2024-09-14T11:03:04.868+0000] {spark_submit.py:579} INFO - 24/09/14 11:03:04 INFO DAGScheduler: Final stage: ResultStage 2 (hasNext at NativeMethodAccessorImpl.java:0)
[2024-09-14T11:03:04.870+0000] {spark_submit.py:579} INFO - 24/09/14 11:03:04 INFO DAGScheduler: Parents of final stage: List()
[2024-09-14T11:03:04.872+0000] {spark_submit.py:579} INFO - 24/09/14 11:03:04 INFO DAGScheduler: Missing parents: List()
[2024-09-14T11:03:04.874+0000] {spark_submit.py:579} INFO - 24/09/14 11:03:04 INFO DAGScheduler: Submitting ResultStage 2 (MapPartitionsRDD[6] at toLocalIterator at NativeMethodAccessorImpl.java:0), which has no missing parents
[2024-09-14T11:03:04.877+0000] {spark_submit.py:579} INFO - 24/09/14 11:03:04 INFO MemoryStore: Block broadcast_2 stored as values in memory (estimated size 5.5 KiB, free 434.4 MiB)
[2024-09-14T11:03:04.884+0000] {spark_submit.py:579} INFO - 24/09/14 11:03:04 INFO MemoryStore: Block broadcast_2_piece0 stored as bytes in memory (estimated size 3.0 KiB, free 434.4 MiB)
[2024-09-14T11:03:04.887+0000] {spark_submit.py:579} INFO - 24/09/14 11:03:04 INFO BlockManagerInfo: Added broadcast_2_piece0 in memory on b8a926367307:39141 (size: 3.0 KiB, free: 434.4 MiB)
[2024-09-14T11:03:04.890+0000] {spark_submit.py:579} INFO - 24/09/14 11:03:04 INFO SparkContext: Created broadcast 2 from broadcast at DAGScheduler.scala:1585
[2024-09-14T11:03:04.892+0000] {spark_submit.py:579} INFO - 24/09/14 11:03:04 INFO DAGScheduler: Submitting 1 missing tasks from ResultStage 2 (MapPartitionsRDD[6] at toLocalIterator at NativeMethodAccessorImpl.java:0) (first 15 tasks are for partitions Vector(1))
[2024-09-14T11:03:04.894+0000] {spark_submit.py:579} INFO - 24/09/14 11:03:04 INFO TaskSchedulerImpl: Adding task set 2.0 with 1 tasks resource profile 0
[2024-09-14T11:03:04.898+0000] {spark_submit.py:579} INFO - 24/09/14 11:03:04 INFO TaskSetManager: Starting task 0.0 in stage 2.0 (TID 4) (b8a926367307, executor driver, partition 1, PROCESS_LOCAL, 9243 bytes)
[2024-09-14T11:03:04.900+0000] {spark_submit.py:579} INFO - 24/09/14 11:03:04 INFO Executor: Running task 0.0 in stage 2.0 (TID 4)
[2024-09-14T11:03:04.921+0000] {spark_submit.py:579} INFO - 24/09/14 11:03:04 INFO Executor: Finished task 0.0 in stage 2.0 (TID 4). 1330 bytes result sent to driver
[2024-09-14T11:03:04.924+0000] {spark_submit.py:579} INFO - 24/09/14 11:03:04 INFO TaskSetManager: Finished task 0.0 in stage 2.0 (TID 4) in 26 ms on b8a926367307 (executor driver) (1/1)
[2024-09-14T11:03:04.926+0000] {spark_submit.py:579} INFO - 24/09/14 11:03:04 INFO TaskSchedulerImpl: Removed TaskSet 2.0, whose tasks have all completed, from pool
[2024-09-14T11:03:04.927+0000] {spark_submit.py:579} INFO - 24/09/14 11:03:04 INFO DAGScheduler: ResultStage 2 (hasNext at NativeMethodAccessorImpl.java:0) finished in 0.052 s
[2024-09-14T11:03:04.929+0000] {spark_submit.py:579} INFO - 24/09/14 11:03:04 INFO DAGScheduler: Job 2 is finished. Cancelling potential speculative or zombie tasks for this job
[2024-09-14T11:03:04.931+0000] {spark_submit.py:579} INFO - 24/09/14 11:03:04 INFO TaskSchedulerImpl: Killing all running tasks in stage 2: Stage finished
[2024-09-14T11:03:04.932+0000] {spark_submit.py:579} INFO - 24/09/14 11:03:04 INFO DAGScheduler: Job 2 finished: hasNext at NativeMethodAccessorImpl.java:0, took 0.066227 s
[2024-09-14T11:03:04.956+0000] {spark_submit.py:579} INFO - 24/09/14 11:03:04 INFO SparkContext: Starting job: hasNext at NativeMethodAccessorImpl.java:0
[2024-09-14T11:03:04.958+0000] {spark_submit.py:579} INFO - 24/09/14 11:03:04 INFO DAGScheduler: Got job 3 (hasNext at NativeMethodAccessorImpl.java:0) with 1 output partitions
[2024-09-14T11:03:04.960+0000] {spark_submit.py:579} INFO - 24/09/14 11:03:04 INFO DAGScheduler: Final stage: ResultStage 3 (hasNext at NativeMethodAccessorImpl.java:0)
[2024-09-14T11:03:04.962+0000] {spark_submit.py:579} INFO - 24/09/14 11:03:04 INFO DAGScheduler: Parents of final stage: List()
[2024-09-14T11:03:04.964+0000] {spark_submit.py:579} INFO - 24/09/14 11:03:04 INFO DAGScheduler: Missing parents: List()
[2024-09-14T11:03:04.966+0000] {spark_submit.py:579} INFO - 24/09/14 11:03:04 INFO DAGScheduler: Submitting ResultStage 3 (MapPartitionsRDD[6] at toLocalIterator at NativeMethodAccessorImpl.java:0), which has no missing parents
[2024-09-14T11:03:04.970+0000] {spark_submit.py:579} INFO - 24/09/14 11:03:04 INFO MemoryStore: Block broadcast_3 stored as values in memory (estimated size 5.5 KiB, free 434.4 MiB)
[2024-09-14T11:03:04.977+0000] {spark_submit.py:579} INFO - 24/09/14 11:03:04 INFO MemoryStore: Block broadcast_3_piece0 stored as bytes in memory (estimated size 3.0 KiB, free 434.4 MiB)
[2024-09-14T11:03:04.979+0000] {spark_submit.py:579} INFO - 24/09/14 11:03:04 INFO BlockManagerInfo: Added broadcast_3_piece0 in memory on b8a926367307:39141 (size: 3.0 KiB, free: 434.4 MiB)
[2024-09-14T11:03:04.981+0000] {spark_submit.py:579} INFO - 24/09/14 11:03:04 INFO SparkContext: Created broadcast 3 from broadcast at DAGScheduler.scala:1585
[2024-09-14T11:03:04.984+0000] {spark_submit.py:579} INFO - 24/09/14 11:03:04 INFO DAGScheduler: Submitting 1 missing tasks from ResultStage 3 (MapPartitionsRDD[6] at toLocalIterator at NativeMethodAccessorImpl.java:0) (first 15 tasks are for partitions Vector(2))
[2024-09-14T11:03:04.993+0000] {spark_submit.py:579} INFO - 24/09/14 11:03:04 INFO TaskSchedulerImpl: Adding task set 3.0 with 1 tasks resource profile 0
[2024-09-14T11:03:04.998+0000] {spark_submit.py:579} INFO - 24/09/14 11:03:04 INFO TaskSetManager: Starting task 0.0 in stage 3.0 (TID 5) (b8a926367307, executor driver, partition 2, PROCESS_LOCAL, 9243 bytes)
[2024-09-14T11:03:05.000+0000] {spark_submit.py:579} INFO - 24/09/14 11:03:05 INFO Executor: Running task 0.0 in stage 3.0 (TID 5)
[2024-09-14T11:03:05.026+0000] {spark_submit.py:579} INFO - 24/09/14 11:03:05 INFO Executor: Finished task 0.0 in stage 3.0 (TID 5). 1377 bytes result sent to driver
[2024-09-14T11:03:05.031+0000] {spark_submit.py:579} INFO - 24/09/14 11:03:05 INFO TaskSetManager: Finished task 0.0 in stage 3.0 (TID 5) in 34 ms on b8a926367307 (executor driver) (1/1)
[2024-09-14T11:03:05.034+0000] {spark_submit.py:579} INFO - 24/09/14 11:03:05 INFO TaskSchedulerImpl: Removed TaskSet 3.0, whose tasks have all completed, from pool
[2024-09-14T11:03:05.036+0000] {spark_submit.py:579} INFO - 24/09/14 11:03:05 INFO DAGScheduler: ResultStage 3 (hasNext at NativeMethodAccessorImpl.java:0) finished in 0.069 s
[2024-09-14T11:03:05.041+0000] {spark_submit.py:579} INFO - 24/09/14 11:03:05 INFO DAGScheduler: Job 3 is finished. Cancelling potential speculative or zombie tasks for this job
[2024-09-14T11:03:05.043+0000] {spark_submit.py:579} INFO - 24/09/14 11:03:05 INFO TaskSchedulerImpl: Killing all running tasks in stage 3: Stage finished
[2024-09-14T11:03:05.045+0000] {spark_submit.py:579} INFO - 24/09/14 11:03:05 INFO DAGScheduler: Job 3 finished: hasNext at NativeMethodAccessorImpl.java:0, took 0.083719 s
[2024-09-14T11:03:05.052+0000] {spark_submit.py:579} INFO - Available tables: [Table(name='pc_makers', catalog='spark_catalog', namespace=['default'], description=None, tableType='MANAGED', isTemporary=False), Table(name='pc', catalog=None, namespace=[], description=None, tableType='TEMPORARY', isTemporary=True), Table(name='product', catalog=None, namespace=[], description=None, tableType='TEMPORARY', isTemporary=True)]
[2024-09-14T11:03:06.821+0000] {spark_submit.py:579} INFO - 24/09/14 11:03:06 INFO BlockManagerInfo: Removed broadcast_2_piece0 on b8a926367307:39141 in memory (size: 3.0 KiB, free: 434.4 MiB)
[2024-09-14T11:03:06.867+0000] {spark_submit.py:579} INFO - 24/09/14 11:03:06 INFO BlockManagerInfo: Removed broadcast_1_piece0 on b8a926367307:39141 in memory (size: 3.0 KiB, free: 434.4 MiB)
[2024-09-14T11:03:06.886+0000] {spark_submit.py:579} INFO - 24/09/14 11:03:06 INFO BlockManagerInfo: Removed broadcast_3_piece0 on b8a926367307:39141 in memory (size: 3.0 KiB, free: 434.4 MiB)
[2024-09-14T11:03:10.279+0000] {spark_submit.py:579} INFO - 24/09/14 11:03:10 INFO InMemoryFileIndex: It took 164 ms to list leaf files for 1 paths.
[2024-09-14T11:03:30.639+0000] {spark_submit.py:579} INFO - 24/09/14 11:03:30 INFO FileSourceStrategy: Pushed Filters: IsNotNull(Type),EqualTo(Type,PC)
[2024-09-14T11:03:30.642+0000] {spark_submit.py:579} INFO - 24/09/14 11:03:30 INFO FileSourceStrategy: Post-Scan Filters: isnotnull(type#16),(type#16 = PC)
[2024-09-14T11:03:30.676+0000] {spark_submit.py:579} INFO - 24/09/14 11:03:30 INFO FileSourceStrategy: Pushed Filters: IsNotNull(MODEL)
[2024-09-14T11:03:30.677+0000] {spark_submit.py:579} INFO - 24/09/14 11:03:30 INFO FileSourceStrategy: Post-Scan Filters: isnotnull(model#1)
[2024-09-14T11:03:31.308+0000] {spark_submit.py:579} INFO - 24/09/14 11:03:31 INFO CodeGenerator: Code generated in 42.439917 ms
[2024-09-14T11:03:31.380+0000] {spark_submit.py:579} INFO - 24/09/14 11:03:31 INFO MemoryStore: Block broadcast_4 stored as values in memory (estimated size 199.9 KiB, free 434.2 MiB)
[2024-09-14T11:03:31.470+0000] {spark_submit.py:579} INFO - 24/09/14 11:03:31 INFO MemoryStore: Block broadcast_4_piece0 stored as bytes in memory (estimated size 34.3 KiB, free 434.2 MiB)
[2024-09-14T11:03:31.474+0000] {spark_submit.py:579} INFO - 24/09/14 11:03:31 INFO BlockManagerInfo: Added broadcast_4_piece0 in memory on b8a926367307:39141 (size: 34.3 KiB, free: 434.4 MiB)
[2024-09-14T11:03:31.477+0000] {spark_submit.py:579} INFO - 24/09/14 11:03:31 INFO SparkContext: Created broadcast 4 from $anonfun$withThreadLocalCaptured$1 at FutureTask.java:264
[2024-09-14T11:03:31.586+0000] {spark_submit.py:579} INFO - 24/09/14 11:03:31 INFO FileSourceScanExec: Planning scan with bin packing, max size: 4194304 bytes, open cost is considered as scanning 4194304 bytes.
[2024-09-14T11:03:32.141+0000] {spark_submit.py:579} INFO - 24/09/14 11:03:32 INFO SparkContext: Starting job: $anonfun$withThreadLocalCaptured$1 at FutureTask.java:264
[2024-09-14T11:03:32.145+0000] {spark_submit.py:579} INFO - 24/09/14 11:03:32 INFO DAGScheduler: Got job 4 ($anonfun$withThreadLocalCaptured$1 at FutureTask.java:264) with 1 output partitions
[2024-09-14T11:03:32.147+0000] {spark_submit.py:579} INFO - 24/09/14 11:03:32 INFO DAGScheduler: Final stage: ResultStage 4 ($anonfun$withThreadLocalCaptured$1 at FutureTask.java:264)
[2024-09-14T11:03:32.151+0000] {spark_submit.py:579} INFO - 24/09/14 11:03:32 INFO DAGScheduler: Parents of final stage: List()
[2024-09-14T11:03:32.154+0000] {spark_submit.py:579} INFO - 24/09/14 11:03:32 INFO DAGScheduler: Missing parents: List()
[2024-09-14T11:03:32.209+0000] {spark_submit.py:579} INFO - 24/09/14 11:03:32 INFO DAGScheduler: Submitting ResultStage 4 (MapPartitionsRDD[10] at $anonfun$withThreadLocalCaptured$1 at FutureTask.java:264), which has no missing parents
[2024-09-14T11:03:32.239+0000] {spark_submit.py:579} INFO - 24/09/14 11:03:32 INFO MemoryStore: Block broadcast_5 stored as values in memory (estimated size 15.1 KiB, free 434.1 MiB)
[2024-09-14T11:03:32.346+0000] {spark_submit.py:579} INFO - 24/09/14 11:03:32 INFO MemoryStore: Block broadcast_5_piece0 stored as bytes in memory (estimated size 7.5 KiB, free 434.1 MiB)
[2024-09-14T11:03:32.349+0000] {spark_submit.py:579} INFO - 24/09/14 11:03:32 INFO BlockManagerInfo: Added broadcast_5_piece0 in memory on b8a926367307:39141 (size: 7.5 KiB, free: 434.4 MiB)
[2024-09-14T11:03:32.358+0000] {spark_submit.py:579} INFO - 24/09/14 11:03:32 INFO SparkContext: Created broadcast 5 from broadcast at DAGScheduler.scala:1585
[2024-09-14T11:03:32.377+0000] {spark_submit.py:579} INFO - 24/09/14 11:03:32 INFO DAGScheduler: Submitting 1 missing tasks from ResultStage 4 (MapPartitionsRDD[10] at $anonfun$withThreadLocalCaptured$1 at FutureTask.java:264) (first 15 tasks are for partitions Vector(0))
[2024-09-14T11:03:32.382+0000] {spark_submit.py:579} INFO - 24/09/14 11:03:32 INFO TaskSchedulerImpl: Adding task set 4.0 with 1 tasks resource profile 0
[2024-09-14T11:03:32.423+0000] {spark_submit.py:579} INFO - 24/09/14 11:03:32 INFO TaskSetManager: Starting task 0.0 in stage 4.0 (TID 6) (b8a926367307, executor driver, partition 0, PROCESS_LOCAL, 9600 bytes)
[2024-09-14T11:03:32.434+0000] {spark_submit.py:579} INFO - 24/09/14 11:03:32 INFO Executor: Running task 0.0 in stage 4.0 (TID 6)
[2024-09-14T11:03:32.648+0000] {spark_submit.py:579} INFO - 24/09/14 11:03:32 INFO CodeGenerator: Code generated in 33.057784 ms
[2024-09-14T11:03:32.661+0000] {spark_submit.py:579} INFO - 24/09/14 11:03:32 INFO FileScanRDD: Reading File path: file:///opt/***/datasets/pc/pc.txt, range: 0-304, partition values: [empty row]
[2024-09-14T11:03:32.701+0000] {spark_submit.py:579} INFO - 24/09/14 11:03:32 INFO CodeGenerator: Code generated in 27.413293 ms
[2024-09-14T11:03:32.850+0000] {spark_submit.py:579} INFO - 24/09/14 11:03:32 INFO CodeGenerator: Code generated in 21.646313 ms
[2024-09-14T11:03:33.045+0000] {spark_submit.py:579} INFO - 24/09/14 11:03:33 INFO Executor: Finished task 0.0 in stage 4.0 (TID 6). 1690 bytes result sent to driver
[2024-09-14T11:03:33.051+0000] {spark_submit.py:579} INFO - 24/09/14 11:03:33 INFO TaskSetManager: Finished task 0.0 in stage 4.0 (TID 6) in 661 ms on b8a926367307 (executor driver) (1/1)
[2024-09-14T11:03:33.054+0000] {spark_submit.py:579} INFO - 24/09/14 11:03:33 INFO TaskSchedulerImpl: Removed TaskSet 4.0, whose tasks have all completed, from pool
[2024-09-14T11:03:33.058+0000] {spark_submit.py:579} INFO - 24/09/14 11:03:33 INFO DAGScheduler: ResultStage 4 ($anonfun$withThreadLocalCaptured$1 at FutureTask.java:264) finished in 0.849 s
[2024-09-14T11:03:33.060+0000] {spark_submit.py:579} INFO - 24/09/14 11:03:33 INFO DAGScheduler: Job 4 is finished. Cancelling potential speculative or zombie tasks for this job
[2024-09-14T11:03:33.063+0000] {spark_submit.py:579} INFO - 24/09/14 11:03:33 INFO TaskSchedulerImpl: Killing all running tasks in stage 4: Stage finished
[2024-09-14T11:03:33.065+0000] {spark_submit.py:579} INFO - 24/09/14 11:03:33 INFO DAGScheduler: Job 4 finished: $anonfun$withThreadLocalCaptured$1 at FutureTask.java:264, took 0.921214 s
[2024-09-14T11:03:33.140+0000] {spark_submit.py:579} INFO - 24/09/14 11:03:33 INFO CodeGenerator: Code generated in 34.086228 ms
[2024-09-14T11:03:33.164+0000] {spark_submit.py:579} INFO - 24/09/14 11:03:33 INFO MemoryStore: Block broadcast_6 stored as values in memory (estimated size 1025.1 KiB, free 433.1 MiB)
[2024-09-14T11:03:33.182+0000] {spark_submit.py:579} INFO - 24/09/14 11:03:33 INFO MemoryStore: Block broadcast_6_piece0 stored as bytes in memory (estimated size 343.0 B, free 433.1 MiB)
[2024-09-14T11:03:33.187+0000] {spark_submit.py:579} INFO - 24/09/14 11:03:33 INFO BlockManagerInfo: Added broadcast_6_piece0 in memory on b8a926367307:39141 (size: 343.0 B, free: 434.4 MiB)
[2024-09-14T11:03:33.191+0000] {spark_submit.py:579} INFO - 24/09/14 11:03:33 INFO SparkContext: Created broadcast 6 from $anonfun$withThreadLocalCaptured$1 at FutureTask.java:264
[2024-09-14T11:03:33.337+0000] {spark_submit.py:579} INFO - 24/09/14 11:03:33 INFO FileSourceStrategy: Pushed Filters: IsNotNull(Type),EqualTo(Type,PC)
[2024-09-14T11:03:33.343+0000] {spark_submit.py:579} INFO - 24/09/14 11:03:33 INFO FileSourceStrategy: Post-Scan Filters: isnotnull(type#16),(type#16 = PC)
[2024-09-14T11:03:34.058+0000] {spark_submit.py:579} INFO - 24/09/14 11:03:34 INFO CodeGenerator: Code generated in 306.248931 ms
[2024-09-14T11:03:34.076+0000] {spark_submit.py:579} INFO - 24/09/14 11:03:34 INFO MemoryStore: Block broadcast_7 stored as values in memory (estimated size 199.9 KiB, free 432.9 MiB)
[2024-09-14T11:03:34.132+0000] {spark_submit.py:579} INFO - 24/09/14 11:03:34 INFO MemoryStore: Block broadcast_7_piece0 stored as bytes in memory (estimated size 34.3 KiB, free 432.9 MiB)
[2024-09-14T11:03:34.139+0000] {spark_submit.py:579} INFO - 24/09/14 11:03:34 INFO BlockManagerInfo: Added broadcast_7_piece0 in memory on b8a926367307:39141 (size: 34.3 KiB, free: 434.3 MiB)
[2024-09-14T11:03:34.144+0000] {spark_submit.py:579} INFO - 24/09/14 11:03:34 INFO SparkContext: Created broadcast 7 from saveAsTable at NativeMethodAccessorImpl.java:0
[2024-09-14T11:03:34.157+0000] {spark_submit.py:579} INFO - 24/09/14 11:03:34 INFO FileSourceScanExec: Planning scan with bin packing, max size: 4194304 bytes, open cost is considered as scanning 4194304 bytes.
[2024-09-14T11:03:34.802+0000] {spark_submit.py:579} INFO - 24/09/14 11:03:34 INFO DAGScheduler: Registering RDD 14 (saveAsTable at NativeMethodAccessorImpl.java:0) as input to shuffle 0
[2024-09-14T11:03:34.831+0000] {spark_submit.py:579} INFO - 24/09/14 11:03:34 INFO DAGScheduler: Got map stage job 5 (saveAsTable at NativeMethodAccessorImpl.java:0) with 1 output partitions
[2024-09-14T11:03:34.833+0000] {spark_submit.py:579} INFO - 24/09/14 11:03:34 INFO DAGScheduler: Final stage: ShuffleMapStage 5 (saveAsTable at NativeMethodAccessorImpl.java:0)
[2024-09-14T11:03:34.836+0000] {spark_submit.py:579} INFO - 24/09/14 11:03:34 INFO DAGScheduler: Parents of final stage: List()
[2024-09-14T11:03:34.839+0000] {spark_submit.py:579} INFO - 24/09/14 11:03:34 INFO DAGScheduler: Missing parents: List()
[2024-09-14T11:03:34.848+0000] {spark_submit.py:579} INFO - 24/09/14 11:03:34 INFO DAGScheduler: Submitting ShuffleMapStage 5 (MapPartitionsRDD[14] at saveAsTable at NativeMethodAccessorImpl.java:0), which has no missing parents
[2024-09-14T11:03:34.939+0000] {spark_submit.py:579} INFO - 24/09/14 11:03:34 INFO MemoryStore: Block broadcast_8 stored as values in memory (estimated size 52.6 KiB, free 432.9 MiB)
[2024-09-14T11:03:34.950+0000] {spark_submit.py:579} INFO - 24/09/14 11:03:34 INFO MemoryStore: Block broadcast_8_piece0 stored as bytes in memory (estimated size 24.3 KiB, free 432.8 MiB)
[2024-09-14T11:03:34.956+0000] {spark_submit.py:579} INFO - 24/09/14 11:03:34 INFO BlockManagerInfo: Added broadcast_8_piece0 in memory on b8a926367307:39141 (size: 24.3 KiB, free: 434.3 MiB)
[2024-09-14T11:03:34.959+0000] {spark_submit.py:579} INFO - 24/09/14 11:03:34 INFO SparkContext: Created broadcast 8 from broadcast at DAGScheduler.scala:1585
[2024-09-14T11:03:34.964+0000] {spark_submit.py:579} INFO - 24/09/14 11:03:34 INFO DAGScheduler: Submitting 1 missing tasks from ShuffleMapStage 5 (MapPartitionsRDD[14] at saveAsTable at NativeMethodAccessorImpl.java:0) (first 15 tasks are for partitions Vector(0))
[2024-09-14T11:03:34.966+0000] {spark_submit.py:579} INFO - 24/09/14 11:03:34 INFO TaskSchedulerImpl: Adding task set 5.0 with 1 tasks resource profile 0
[2024-09-14T11:03:34.970+0000] {spark_submit.py:579} INFO - 24/09/14 11:03:34 INFO TaskSetManager: Starting task 0.0 in stage 5.0 (TID 7) (b8a926367307, executor driver, partition 0, PROCESS_LOCAL, 9599 bytes)
[2024-09-14T11:03:34.978+0000] {spark_submit.py:579} INFO - 24/09/14 11:03:34 INFO Executor: Running task 0.0 in stage 5.0 (TID 7)
[2024-09-14T11:03:35.217+0000] {spark_submit.py:579} INFO - 24/09/14 11:03:35 INFO CodeGenerator: Code generated in 142.05972 ms
[2024-09-14T11:03:35.268+0000] {spark_submit.py:579} INFO - 24/09/14 11:03:35 INFO CodeGenerator: Code generated in 29.822017 ms
[2024-09-14T11:03:35.327+0000] {spark_submit.py:579} INFO - 24/09/14 11:03:35 INFO CodeGenerator: Code generated in 14.615342 ms
[2024-09-14T11:03:35.358+0000] {spark_submit.py:579} INFO - 24/09/14 11:03:35 INFO CodeGenerator: Code generated in 17.768153 ms
[2024-09-14T11:03:35.390+0000] {spark_submit.py:579} INFO - 24/09/14 11:03:35 INFO CodeGenerator: Code generated in 17.888055 ms
[2024-09-14T11:03:35.409+0000] {spark_submit.py:579} INFO - 24/09/14 11:03:35 INFO FileScanRDD: Reading File path: file:///opt/***/datasets/product/product.txt, range: 0-205, partition values: [empty row]
[2024-09-14T11:03:35.434+0000] {spark_submit.py:579} INFO - 24/09/14 11:03:35 INFO CodeGenerator: Code generated in 18.135289 ms
[2024-09-14T11:03:35.463+0000] {spark_submit.py:579} INFO - 24/09/14 11:03:35 INFO CodeGenerator: Code generated in 14.594948 ms
[2024-09-14T11:03:35.693+0000] {spark_submit.py:579} INFO - 24/09/14 11:03:35 INFO Executor: Finished task 0.0 in stage 5.0 (TID 7). 3550 bytes result sent to driver
[2024-09-14T11:03:35.700+0000] {spark_submit.py:579} INFO - 24/09/14 11:03:35 INFO TaskSetManager: Finished task 0.0 in stage 5.0 (TID 7) in 731 ms on b8a926367307 (executor driver) (1/1)
[2024-09-14T11:03:35.701+0000] {spark_submit.py:579} INFO - 24/09/14 11:03:35 INFO TaskSchedulerImpl: Removed TaskSet 5.0, whose tasks have all completed, from pool
[2024-09-14T11:03:35.708+0000] {spark_submit.py:579} INFO - 24/09/14 11:03:35 INFO DAGScheduler: ShuffleMapStage 5 (saveAsTable at NativeMethodAccessorImpl.java:0) finished in 0.843 s
[2024-09-14T11:03:35.710+0000] {spark_submit.py:579} INFO - 24/09/14 11:03:35 INFO DAGScheduler: looking for newly runnable stages
[2024-09-14T11:03:35.718+0000] {spark_submit.py:579} INFO - 24/09/14 11:03:35 INFO DAGScheduler: running: Set()
[2024-09-14T11:03:35.720+0000] {spark_submit.py:579} INFO - 24/09/14 11:03:35 INFO DAGScheduler: waiting: Set()
[2024-09-14T11:03:35.722+0000] {spark_submit.py:579} INFO - 24/09/14 11:03:35 INFO DAGScheduler: failed: Set()
[2024-09-14T11:03:35.758+0000] {spark_submit.py:579} INFO - 24/09/14 11:03:35 INFO ShufflePartitionsUtil: For shuffle(0), advisory target size: 67108864, actual target size 1048576, minimum partition size: 1048576
[2024-09-14T11:03:35.979+0000] {spark_submit.py:579} INFO - 24/09/14 11:03:35 INFO ParquetUtils: Using default output committer for Parquet: org.apache.parquet.hadoop.ParquetOutputCommitter
[2024-09-14T11:03:36.031+0000] {spark_submit.py:579} INFO - 24/09/14 11:03:36 INFO FileOutputCommitter: File Output Committer Algorithm version is 1
[2024-09-14T11:03:36.033+0000] {spark_submit.py:579} INFO - 24/09/14 11:03:36 INFO FileOutputCommitter: FileOutputCommitter skip cleanup _temporary folders under output directory:false, ignore cleanup failures: false
[2024-09-14T11:03:36.034+0000] {spark_submit.py:579} INFO - 24/09/14 11:03:36 INFO SQLHadoopMapReduceCommitProtocol: Using user defined output committer class org.apache.parquet.hadoop.ParquetOutputCommitter
[2024-09-14T11:03:36.035+0000] {spark_submit.py:579} INFO - 24/09/14 11:03:36 INFO FileOutputCommitter: File Output Committer Algorithm version is 1
[2024-09-14T11:03:36.037+0000] {spark_submit.py:579} INFO - 24/09/14 11:03:36 INFO FileOutputCommitter: FileOutputCommitter skip cleanup _temporary folders under output directory:false, ignore cleanup failures: false
[2024-09-14T11:03:36.038+0000] {spark_submit.py:579} INFO - 24/09/14 11:03:36 INFO SQLHadoopMapReduceCommitProtocol: Using output committer class org.apache.parquet.hadoop.ParquetOutputCommitter
[2024-09-14T11:03:36.064+0000] {spark_submit.py:579} INFO - 24/09/14 11:03:36 INFO HashAggregateExec: spark.sql.codegen.aggregate.map.twolevel.enabled is set to true, but current version of codegened fast hashmap does not support this aggregate.
[2024-09-14T11:03:36.135+0000] {spark_submit.py:579} INFO - 24/09/14 11:03:36 INFO CodeGenerator: Code generated in 45.195105 ms
[2024-09-14T11:03:36.194+0000] {spark_submit.py:579} INFO - 24/09/14 11:03:36 INFO SparkContext: Starting job: saveAsTable at NativeMethodAccessorImpl.java:0
[2024-09-14T11:03:36.198+0000] {spark_submit.py:579} INFO - 24/09/14 11:03:36 INFO DAGScheduler: Got job 6 (saveAsTable at NativeMethodAccessorImpl.java:0) with 1 output partitions
[2024-09-14T11:03:36.199+0000] {spark_submit.py:579} INFO - 24/09/14 11:03:36 INFO DAGScheduler: Final stage: ResultStage 7 (saveAsTable at NativeMethodAccessorImpl.java:0)
[2024-09-14T11:03:36.201+0000] {spark_submit.py:579} INFO - 24/09/14 11:03:36 INFO DAGScheduler: Parents of final stage: List(ShuffleMapStage 6)
[2024-09-14T11:03:36.203+0000] {spark_submit.py:579} INFO - 24/09/14 11:03:36 INFO DAGScheduler: Missing parents: List()
[2024-09-14T11:03:36.204+0000] {spark_submit.py:579} INFO - 24/09/14 11:03:36 INFO DAGScheduler: Submitting ResultStage 7 (MapPartitionsRDD[17] at saveAsTable at NativeMethodAccessorImpl.java:0), which has no missing parents
[2024-09-14T11:03:36.276+0000] {spark_submit.py:579} INFO - 24/09/14 11:03:36 INFO MemoryStore: Block broadcast_9 stored as values in memory (estimated size 252.8 KiB, free 432.6 MiB)
[2024-09-14T11:03:36.281+0000] {spark_submit.py:579} INFO - 24/09/14 11:03:36 INFO MemoryStore: Block broadcast_9_piece0 stored as bytes in memory (estimated size 94.5 KiB, free 432.5 MiB)
[2024-09-14T11:03:36.284+0000] {spark_submit.py:579} INFO - 24/09/14 11:03:36 INFO BlockManagerInfo: Added broadcast_9_piece0 in memory on b8a926367307:39141 (size: 94.5 KiB, free: 434.2 MiB)
[2024-09-14T11:03:36.286+0000] {spark_submit.py:579} INFO - 24/09/14 11:03:36 INFO SparkContext: Created broadcast 9 from broadcast at DAGScheduler.scala:1585
[2024-09-14T11:03:36.287+0000] {spark_submit.py:579} INFO - 24/09/14 11:03:36 INFO DAGScheduler: Submitting 1 missing tasks from ResultStage 7 (MapPartitionsRDD[17] at saveAsTable at NativeMethodAccessorImpl.java:0) (first 15 tasks are for partitions Vector(0))
[2024-09-14T11:03:36.289+0000] {spark_submit.py:579} INFO - 24/09/14 11:03:36 INFO TaskSchedulerImpl: Adding task set 7.0 with 1 tasks resource profile 0
[2024-09-14T11:03:36.307+0000] {spark_submit.py:579} INFO - 24/09/14 11:03:36 INFO TaskSetManager: Starting task 0.0 in stage 7.0 (TID 8) (b8a926367307, executor driver, partition 0, NODE_LOCAL, 8999 bytes)
[2024-09-14T11:03:36.310+0000] {spark_submit.py:579} INFO - 24/09/14 11:03:36 INFO Executor: Running task 0.0 in stage 7.0 (TID 8)
[2024-09-14T11:03:36.490+0000] {spark_submit.py:579} INFO - 24/09/14 11:03:36 INFO ShuffleBlockFetcherIterator: Getting 1 (240.0 B) non-empty blocks including 1 (240.0 B) local and 0 (0.0 B) host-local and 0 (0.0 B) push-merged-local and 0 (0.0 B) remote blocks
[2024-09-14T11:03:36.500+0000] {spark_submit.py:579} INFO - 24/09/14 11:03:36 INFO ShuffleBlockFetcherIterator: Started 0 remote fetches in 35 ms
[2024-09-14T11:03:36.567+0000] {spark_submit.py:579} INFO - 24/09/14 11:03:36 INFO CodeGenerator: Code generated in 51.459622 ms
[2024-09-14T11:03:36.578+0000] {spark_submit.py:579} INFO - 24/09/14 11:03:36 INFO FileOutputCommitter: File Output Committer Algorithm version is 1
[2024-09-14T11:03:36.580+0000] {spark_submit.py:579} INFO - 24/09/14 11:03:36 INFO FileOutputCommitter: FileOutputCommitter skip cleanup _temporary folders under output directory:false, ignore cleanup failures: false
[2024-09-14T11:03:36.582+0000] {spark_submit.py:579} INFO - 24/09/14 11:03:36 INFO SQLHadoopMapReduceCommitProtocol: Using user defined output committer class org.apache.parquet.hadoop.ParquetOutputCommitter
[2024-09-14T11:03:36.583+0000] {spark_submit.py:579} INFO - 24/09/14 11:03:36 INFO FileOutputCommitter: File Output Committer Algorithm version is 1
[2024-09-14T11:03:36.585+0000] {spark_submit.py:579} INFO - 24/09/14 11:03:36 INFO FileOutputCommitter: FileOutputCommitter skip cleanup _temporary folders under output directory:false, ignore cleanup failures: false
[2024-09-14T11:03:36.590+0000] {spark_submit.py:579} INFO - 24/09/14 11:03:36 INFO SQLHadoopMapReduceCommitProtocol: Using output committer class org.apache.parquet.hadoop.ParquetOutputCommitter
[2024-09-14T11:03:36.604+0000] {spark_submit.py:579} INFO - 24/09/14 11:03:36 INFO CodecConfig: Compression: SNAPPY
[2024-09-14T11:03:36.615+0000] {spark_submit.py:579} INFO - 24/09/14 11:03:36 INFO CodecConfig: Compression: SNAPPY
[2024-09-14T11:03:36.713+0000] {spark_submit.py:579} INFO - 24/09/14 11:03:36 INFO ParquetOutputFormat: ParquetRecordWriter [block size: 134217728b, row group padding size: 8388608b, validating: false]
[2024-09-14T11:03:36.806+0000] {spark_submit.py:579} INFO - 24/09/14 11:03:36 INFO ParquetWriteSupport: Initialized Parquet WriteSupport with Catalyst schema:
[2024-09-14T11:03:36.807+0000] {spark_submit.py:579} INFO - {
[2024-09-14T11:03:36.808+0000] {spark_submit.py:579} INFO - "type" : "struct",
[2024-09-14T11:03:36.809+0000] {spark_submit.py:579} INFO - "fields" : [ {
[2024-09-14T11:03:36.811+0000] {spark_submit.py:579} INFO - "name" : "maker",
[2024-09-14T11:03:36.812+0000] {spark_submit.py:579} INFO - "type" : "string",
[2024-09-14T11:03:36.813+0000] {spark_submit.py:579} INFO - "nullable" : true,
[2024-09-14T11:03:36.814+0000] {spark_submit.py:579} INFO - "metadata" : { }
[2024-09-14T11:03:36.815+0000] {spark_submit.py:579} INFO - } ]
[2024-09-14T11:03:36.816+0000] {spark_submit.py:579} INFO - }
[2024-09-14T11:03:36.818+0000] {spark_submit.py:579} INFO - and corresponding Parquet message type:
[2024-09-14T11:03:36.819+0000] {spark_submit.py:579} INFO - message spark_schema {
[2024-09-14T11:03:36.820+0000] {spark_submit.py:579} INFO - optional binary maker (STRING);
[2024-09-14T11:03:36.821+0000] {spark_submit.py:579} INFO - }
[2024-09-14T11:03:36.823+0000] {spark_submit.py:579} INFO - 
[2024-09-14T11:03:36.824+0000] {spark_submit.py:579} INFO - 
[2024-09-14T11:03:37.037+0000] {spark_submit.py:579} INFO - 24/09/14 11:03:37 INFO CodecPool: Got brand-new compressor [.snappy]
[2024-09-14T11:03:38.312+0000] {spark_submit.py:579} INFO - 24/09/14 11:03:38 INFO BlockManagerInfo: Removed broadcast_8_piece0 on b8a926367307:39141 in memory (size: 24.3 KiB, free: 434.2 MiB)
[2024-09-14T11:03:38.329+0000] {spark_submit.py:579} INFO - 24/09/14 11:03:38 INFO BlockManagerInfo: Removed broadcast_5_piece0 on b8a926367307:39141 in memory (size: 7.5 KiB, free: 434.2 MiB)
[2024-09-14T11:03:39.389+0000] {spark_submit.py:579} INFO - 24/09/14 11:03:39 INFO FileOutputCommitter: Saved output of task 'attempt_202409141103366792602462026634817_0007_m_000000_8' to hdfs://namenode:9000/user/hive/warehouse/pc_makers/_temporary/0/task_202409141103366792602462026634817_0007_m_000000
[2024-09-14T11:03:39.392+0000] {spark_submit.py:579} INFO - 24/09/14 11:03:39 INFO SparkHadoopMapRedUtil: attempt_202409141103366792602462026634817_0007_m_000000_8: Committed. Elapsed time: 29 ms.
[2024-09-14T11:03:39.413+0000] {spark_submit.py:579} INFO - 24/09/14 11:03:39 INFO Executor: Finished task 0.0 in stage 7.0 (TID 8). 7021 bytes result sent to driver
[2024-09-14T11:03:39.419+0000] {spark_submit.py:579} INFO - 24/09/14 11:03:39 INFO TaskSetManager: Finished task 0.0 in stage 7.0 (TID 8) in 3117 ms on b8a926367307 (executor driver) (1/1)
[2024-09-14T11:03:39.421+0000] {spark_submit.py:579} INFO - 24/09/14 11:03:39 INFO TaskSchedulerImpl: Removed TaskSet 7.0, whose tasks have all completed, from pool
[2024-09-14T11:03:39.428+0000] {spark_submit.py:579} INFO - 24/09/14 11:03:39 INFO DAGScheduler: ResultStage 7 (saveAsTable at NativeMethodAccessorImpl.java:0) finished in 3.202 s
[2024-09-14T11:03:39.429+0000] {spark_submit.py:579} INFO - 24/09/14 11:03:39 INFO DAGScheduler: Job 6 is finished. Cancelling potential speculative or zombie tasks for this job
[2024-09-14T11:03:39.431+0000] {spark_submit.py:579} INFO - 24/09/14 11:03:39 INFO TaskSchedulerImpl: Killing all running tasks in stage 7: Stage finished
[2024-09-14T11:03:39.433+0000] {spark_submit.py:579} INFO - 24/09/14 11:03:39 INFO DAGScheduler: Job 6 finished: saveAsTable at NativeMethodAccessorImpl.java:0, took 3.236478 s
[2024-09-14T11:03:39.438+0000] {spark_submit.py:579} INFO - 24/09/14 11:03:39 INFO FileFormatWriter: Start to commit write Job 73e24b8c-d091-4ae6-9ac0-32452a53ebdb.
[2024-09-14T11:03:39.536+0000] {spark_submit.py:579} INFO - 24/09/14 11:03:39 INFO FileFormatWriter: Write Job 73e24b8c-d091-4ae6-9ac0-32452a53ebdb committed. Elapsed time: 94 ms.
[2024-09-14T11:03:39.546+0000] {spark_submit.py:579} INFO - 24/09/14 11:03:39 INFO FileFormatWriter: Finished processing stats for write job 73e24b8c-d091-4ae6-9ac0-32452a53ebdb.
[2024-09-14T11:03:39.599+0000] {spark_submit.py:579} INFO - 24/09/14 11:03:39 INFO InMemoryFileIndex: It took 13 ms to list leaf files for 1 paths.
[2024-09-14T11:03:39.677+0000] {spark_submit.py:579} INFO - 24/09/14 11:03:39 INFO HiveExternalCatalog: Persisting file based data source table `spark_catalog`.`default`.`pc_makers` into Hive metastore in Hive compatible format.
[2024-09-14T11:03:39.733+0000] {spark_submit.py:579} INFO - 24/09/14 11:03:39 INFO SQLStdHiveAccessController: Created SQLStdHiveAccessController for session context : HiveAuthzSessionContext [sessionString=2da9cf31-6762-447b-9250-f7a6ed7ee707, clientType=HIVECLI]
[2024-09-14T11:03:39.739+0000] {spark_submit.py:579} INFO - 24/09/14 11:03:39 WARN SessionState: METASTORE_FILTER_HOOK will be ignored, since hive.security.authorization.manager is set to instance of HiveAuthorizerFactory.
[2024-09-14T11:03:39.741+0000] {spark_submit.py:579} INFO - 24/09/14 11:03:39 INFO metastore: Mestastore configuration hive.metastore.filter.hook changed from org.apache.hadoop.hive.metastore.DefaultMetaStoreFilterHookImpl to org.apache.hadoop.hive.ql.security.authorization.plugin.AuthorizationMetaStoreFilterHook
[2024-09-14T11:03:39.751+0000] {spark_submit.py:579} INFO - 24/09/14 11:03:39 INFO metastore: Closed a connection to metastore, current connections: 0
[2024-09-14T11:03:39.755+0000] {spark_submit.py:579} INFO - 24/09/14 11:03:39 INFO metastore: Trying to connect to metastore with URI thrift://hive-metastore:9083
[2024-09-14T11:03:39.759+0000] {spark_submit.py:579} INFO - 24/09/14 11:03:39 INFO metastore: Opened a connection to metastore, current connections: 1
[2024-09-14T11:03:39.763+0000] {spark_submit.py:579} INFO - 24/09/14 11:03:39 INFO metastore: Connected to metastore.
[2024-09-14T11:03:39.948+0000] {spark_submit.py:579} INFO - 24/09/14 11:03:39 INFO metastore: Trying to connect to metastore with URI thrift://hive-metastore:9083
[2024-09-14T11:03:39.950+0000] {spark_submit.py:579} INFO - 24/09/14 11:03:39 INFO metastore: Opened a connection to metastore, current connections: 2
[2024-09-14T11:03:39.953+0000] {spark_submit.py:579} INFO - 24/09/14 11:03:39 INFO metastore: Connected to metastore.
[2024-09-14T11:03:40.540+0000] {spark_submit.py:579} INFO - 24/09/14 11:03:40 INFO SparkContext: SparkContext is stopping with exitCode 0.
[2024-09-14T11:03:40.618+0000] {spark_submit.py:579} INFO - 24/09/14 11:03:40 INFO SparkUI: Stopped Spark web UI at http://b8a926367307:4040
[2024-09-14T11:03:40.674+0000] {spark_submit.py:579} INFO - 24/09/14 11:03:40 INFO MapOutputTrackerMasterEndpoint: MapOutputTrackerMasterEndpoint stopped!
[2024-09-14T11:03:40.744+0000] {spark_submit.py:579} INFO - 24/09/14 11:03:40 INFO MemoryStore: MemoryStore cleared
[2024-09-14T11:03:40.746+0000] {spark_submit.py:579} INFO - 24/09/14 11:03:40 INFO BlockManager: BlockManager stopped
[2024-09-14T11:03:40.754+0000] {spark_submit.py:579} INFO - 24/09/14 11:03:40 INFO BlockManagerMaster: BlockManagerMaster stopped
[2024-09-14T11:03:40.760+0000] {spark_submit.py:579} INFO - 24/09/14 11:03:40 INFO OutputCommitCoordinator$OutputCommitCoordinatorEndpoint: OutputCommitCoordinator stopped!
[2024-09-14T11:03:40.799+0000] {spark_submit.py:579} INFO - 24/09/14 11:03:40 INFO SparkContext: Successfully stopped SparkContext
[2024-09-14T11:03:42.160+0000] {spark_submit.py:579} INFO - 24/09/14 11:03:42 INFO ShutdownHookManager: Shutdown hook called
[2024-09-14T11:03:42.163+0000] {spark_submit.py:579} INFO - 24/09/14 11:03:42 INFO ShutdownHookManager: Deleting directory /tmp/spark-29fe0731-281e-4e12-b504-da9fde6b663b
[2024-09-14T11:03:42.180+0000] {spark_submit.py:579} INFO - 24/09/14 11:03:42 INFO ShutdownHookManager: Deleting directory /tmp/spark-860fd056-9ee8-4085-bbbb-b5f06243e47a/pyspark-8db2a68c-1100-4781-adcc-292b81bb6089
[2024-09-14T11:03:42.201+0000] {spark_submit.py:579} INFO - 24/09/14 11:03:42 INFO ShutdownHookManager: Deleting directory /tmp/spark-860fd056-9ee8-4085-bbbb-b5f06243e47a
[2024-09-14T11:03:42.774+0000] {taskinstance.py:340} INFO - ::group::Post task execution logs
[2024-09-14T11:03:42.784+0000] {taskinstance.py:352} INFO - Marking task as SUCCESS. dag_id=spark_find_makers_dag, task_id=spark_submit_task, run_id=scheduled__2024-09-13T00:00:00+00:00, execution_date=20240913T000000, start_date=20240914T110153, end_date=20240914T110342
[2024-09-14T11:03:43.016+0000] {local_task_job_runner.py:266} INFO - Task exited with return code 0
[2024-09-14T11:03:43.195+0000] {taskinstance.py:3900} INFO - 0 downstream tasks scheduled from follow-on schedule check
[2024-09-14T11:03:43.202+0000] {local_task_job_runner.py:245} INFO - ::endgroup::
