[2024-09-12T08:21:01.381+0000] {local_task_job_runner.py:123} INFO - ::group::Pre task execution logs
[2024-09-12T08:21:01.427+0000] {taskinstance.py:2612} INFO - Dependencies all met for dep_context=non-requeueable deps ti=<TaskInstance: max_min_dag.find_min_max scheduled__2024-09-11T00:00:00+00:00 [queued]>
[2024-09-12T08:21:01.469+0000] {taskinstance.py:2612} INFO - Dependencies all met for dep_context=requeueable deps ti=<TaskInstance: max_min_dag.find_min_max scheduled__2024-09-11T00:00:00+00:00 [queued]>
[2024-09-12T08:21:01.471+0000] {taskinstance.py:2865} INFO - Starting attempt 1 of 4
[2024-09-12T08:21:01.538+0000] {taskinstance.py:2888} INFO - Executing <Task(PythonOperator): find_min_max> on 2024-09-11 00:00:00+00:00
[2024-09-12T08:21:01.616+0000] {standard_task_runner.py:104} INFO - Running: ['***', 'tasks', 'run', 'max_min_dag', 'find_min_max', 'scheduled__2024-09-11T00:00:00+00:00', '--job-id', '312', '--raw', '--subdir', 'DAGS_FOLDER/simple_dag.py', '--cfg-path', '/tmp/tmpw75fdagm']
[2024-09-12T08:21:01.588+0000] {warnings.py:112} WARNING - /home/***/.local/lib/python3.12/site-packages/***/task/task_runner/standard_task_runner.py:70: DeprecationWarning: This process (pid=145) is multi-threaded, use of fork() may lead to deadlocks in the child.
  pid = os.fork()

[2024-09-12T08:21:01.641+0000] {standard_task_runner.py:105} INFO - Job 312: Subtask find_min_max
[2024-09-12T08:21:01.642+0000] {standard_task_runner.py:72} INFO - Started process 147 to run task
[2024-09-12T08:21:01.745+0000] {task_command.py:467} INFO - Running <TaskInstance: max_min_dag.find_min_max scheduled__2024-09-11T00:00:00+00:00 [running]> on host 2d1ccf336ee9
[2024-09-12T08:21:02.111+0000] {taskinstance.py:3131} INFO - Exporting env vars: AIRFLOW_CTX_DAG_OWNER='Denis' AIRFLOW_CTX_DAG_ID='max_min_dag' AIRFLOW_CTX_TASK_ID='find_min_max' AIRFLOW_CTX_EXECUTION_DATE='2024-09-11T00:00:00+00:00' AIRFLOW_CTX_TRY_NUMBER='1' AIRFLOW_CTX_DAG_RUN_ID='scheduled__2024-09-11T00:00:00+00:00'
[2024-09-12T08:21:02.114+0000] {taskinstance.py:731} INFO - ::endgroup::
[2024-09-12T08:21:02.256+0000] {logging_mixin.py:190} INFO - Минимальное значение - 3,           Максимальное значение - 88
[2024-09-12T08:21:02.257+0000] {python.py:240} INFO - Done. Returned value was: Минимальное значение - 3,           Максимальное значение - 88
[2024-09-12T08:21:02.305+0000] {taskinstance.py:340} INFO - ::group::Post task execution logs
[2024-09-12T08:21:02.306+0000] {taskinstance.py:352} INFO - Marking task as SUCCESS. dag_id=max_min_dag, task_id=find_min_max, run_id=scheduled__2024-09-11T00:00:00+00:00, execution_date=20240911T000000, start_date=20240912T082101, end_date=20240912T082102
[2024-09-12T08:21:02.386+0000] {local_task_job_runner.py:266} INFO - Task exited with return code 0
[2024-09-12T08:21:02.455+0000] {taskinstance.py:3900} INFO - 1 downstream tasks scheduled from follow-on schedule check
[2024-09-12T08:21:02.459+0000] {local_task_job_runner.py:245} INFO - ::endgroup::
