[2024-09-10T17:33:35.854+0000] {local_task_job_runner.py:123} INFO - ::group::Pre task execution logs
[2024-09-10T17:33:35.913+0000] {taskinstance.py:2612} INFO - Dependencies all met for dep_context=non-requeueable deps ti=<TaskInstance: max_min_dag.find_min_max manual__2024-09-10T17:33:30.843716+00:00 [queued]>
[2024-09-10T17:33:35.946+0000] {taskinstance.py:2612} INFO - Dependencies all met for dep_context=requeueable deps ti=<TaskInstance: max_min_dag.find_min_max manual__2024-09-10T17:33:30.843716+00:00 [queued]>
[2024-09-10T17:33:35.949+0000] {taskinstance.py:2865} INFO - Starting attempt 1 of 4
[2024-09-10T17:33:35.993+0000] {taskinstance.py:2888} INFO - Executing <Task(PythonOperator): find_min_max> on 2024-09-10 17:33:30.843716+00:00
[2024-09-10T17:33:36.010+0000] {warnings.py:112} WARNING - /home/***/.local/lib/python3.12/site-packages/***/task/task_runner/standard_task_runner.py:70: DeprecationWarning: This process (pid=123) is multi-threaded, use of fork() may lead to deadlocks in the child.
  pid = os.fork()

[2024-09-10T17:33:36.014+0000] {standard_task_runner.py:72} INFO - Started process 124 to run task
[2024-09-10T17:33:36.015+0000] {standard_task_runner.py:104} INFO - Running: ['***', 'tasks', 'run', 'max_min_dag', 'find_min_max', 'manual__2024-09-10T17:33:30.843716+00:00', '--job-id', '116', '--raw', '--subdir', 'DAGS_FOLDER/simple_dag.py', '--cfg-path', '/tmp/tmpuodhd9fc']
[2024-09-10T17:33:36.019+0000] {standard_task_runner.py:105} INFO - Job 116: Subtask find_min_max
[2024-09-10T17:33:36.120+0000] {task_command.py:467} INFO - Running <TaskInstance: max_min_dag.find_min_max manual__2024-09-10T17:33:30.843716+00:00 [running]> on host 0a0201be4888
[2024-09-10T17:33:36.293+0000] {taskinstance.py:3131} INFO - Exporting env vars: AIRFLOW_CTX_DAG_OWNER='Denis' AIRFLOW_CTX_DAG_ID='max_min_dag' AIRFLOW_CTX_TASK_ID='find_min_max' AIRFLOW_CTX_EXECUTION_DATE='2024-09-10T17:33:30.843716+00:00' AIRFLOW_CTX_TRY_NUMBER='1' AIRFLOW_CTX_DAG_RUN_ID='manual__2024-09-10T17:33:30.843716+00:00'
[2024-09-10T17:33:36.295+0000] {taskinstance.py:731} INFO - ::endgroup::
[2024-09-10T17:33:36.370+0000] {logging_mixin.py:190} INFO - Минимальное значение - 2,           Максимальное значение - 100
[2024-09-10T17:33:36.371+0000] {python.py:240} INFO - Done. Returned value was: Минимальное значение - 2,           Максимальное значение - 100
[2024-09-10T17:33:36.410+0000] {taskinstance.py:340} INFO - ::group::Post task execution logs
[2024-09-10T17:33:36.413+0000] {taskinstance.py:352} INFO - Marking task as SUCCESS. dag_id=max_min_dag, task_id=find_min_max, run_id=manual__2024-09-10T17:33:30.843716+00:00, execution_date=20240910T173330, start_date=20240910T173335, end_date=20240910T173336
[2024-09-10T17:33:36.479+0000] {local_task_job_runner.py:266} INFO - Task exited with return code 0
[2024-09-10T17:33:36.533+0000] {taskinstance.py:3900} INFO - 1 downstream tasks scheduled from follow-on schedule check
[2024-09-10T17:33:36.537+0000] {local_task_job_runner.py:245} INFO - ::endgroup::
