[2024-09-14T17:13:43.178+0000] {local_task_job_runner.py:123} INFO - ::group::Pre task execution logs
[2024-09-14T17:13:43.272+0000] {taskinstance.py:2612} INFO - Dependencies all met for dep_context=non-requeueable deps ti=<TaskInstance: airbnb_model.data_analysis scheduled__2024-09-13T00:00:00+00:00 [queued]>
[2024-09-14T17:13:43.302+0000] {taskinstance.py:2612} INFO - Dependencies all met for dep_context=requeueable deps ti=<TaskInstance: airbnb_model.data_analysis scheduled__2024-09-13T00:00:00+00:00 [queued]>
[2024-09-14T17:13:43.305+0000] {taskinstance.py:2865} INFO - Starting attempt 2 of 5
[2024-09-14T17:13:43.366+0000] {taskinstance.py:2888} INFO - Executing <Task(SparkSubmitOperator): data_analysis> on 2024-09-13 00:00:00+00:00
[2024-09-14T17:13:43.385+0000] {standard_task_runner.py:104} INFO - Running: ['***', 'tasks', 'run', 'airbnb_model', 'data_analysis', 'scheduled__2024-09-13T00:00:00+00:00', '--job-id', '665', '--raw', '--subdir', 'DAGS_FOLDER/air_price_pred_dag.py', '--cfg-path', '/tmp/tmpelw2c4u4']
[2024-09-14T17:13:43.391+0000] {standard_task_runner.py:105} INFO - Job 665: Subtask data_analysis
[2024-09-14T17:13:43.395+0000] {logging_mixin.py:190} WARNING - /home/***/.local/lib/python3.12/site-packages/***/task/task_runner/standard_task_runner.py:70 DeprecationWarning: This process (pid=714) is multi-threaded, use of fork() may lead to deadlocks in the child.
[2024-09-14T17:13:43.398+0000] {standard_task_runner.py:72} INFO - Started process 715 to run task
[2024-09-14T17:13:43.565+0000] {task_command.py:467} INFO - Running <TaskInstance: airbnb_model.data_analysis scheduled__2024-09-13T00:00:00+00:00 [running]> on host fb744bf0dc86
[2024-09-14T17:13:43.909+0000] {taskinstance.py:3131} INFO - Exporting env vars: AIRFLOW_CTX_DAG_OWNER='Denis' AIRFLOW_CTX_DAG_ID='airbnb_model' AIRFLOW_CTX_TASK_ID='data_analysis' AIRFLOW_CTX_EXECUTION_DATE='2024-09-13T00:00:00+00:00' AIRFLOW_CTX_TRY_NUMBER='2' AIRFLOW_CTX_DAG_RUN_ID='scheduled__2024-09-13T00:00:00+00:00'
[2024-09-14T17:13:43.919+0000] {taskinstance.py:731} INFO - ::endgroup::
[2024-09-14T17:13:44.232+0000] {base.py:84} INFO - Retrieving connection 'spark_default'
[2024-09-14T17:13:44.241+0000] {spark_submit.py:403} INFO - Spark-Submit cmd: spark-submit --master spark://spark-master:7077 --conf spark.master=spark://spark-master:7077 --name arrow-spark --verbose --deploy-mode client /opt/***/dags/air_data_analysis.py
[2024-09-14T17:13:49.800+0000] {spark_submit.py:579} INFO - Using properties file: null
[2024-09-14T17:13:50.099+0000] {spark_submit.py:579} INFO - Parsed arguments:
[2024-09-14T17:13:50.101+0000] {spark_submit.py:579} INFO - master                  spark://spark-master:7077
[2024-09-14T17:13:50.103+0000] {spark_submit.py:579} INFO - remote                  null
[2024-09-14T17:13:50.104+0000] {spark_submit.py:579} INFO - deployMode              client
[2024-09-14T17:13:50.106+0000] {spark_submit.py:579} INFO - executorMemory          null
[2024-09-14T17:13:50.108+0000] {spark_submit.py:579} INFO - executorCores           null
[2024-09-14T17:13:50.109+0000] {spark_submit.py:579} INFO - totalExecutorCores      null
[2024-09-14T17:13:50.110+0000] {spark_submit.py:579} INFO - propertiesFile          null
[2024-09-14T17:13:50.111+0000] {spark_submit.py:579} INFO - driverMemory            null
[2024-09-14T17:13:50.112+0000] {spark_submit.py:579} INFO - driverCores             null
[2024-09-14T17:13:50.113+0000] {spark_submit.py:579} INFO - driverExtraClassPath    null
[2024-09-14T17:13:50.114+0000] {spark_submit.py:579} INFO - driverExtraLibraryPath  null
[2024-09-14T17:13:50.116+0000] {spark_submit.py:579} INFO - driverExtraJavaOptions  null
[2024-09-14T17:13:50.118+0000] {spark_submit.py:579} INFO - supervise               false
[2024-09-14T17:13:50.119+0000] {spark_submit.py:579} INFO - queue                   null
[2024-09-14T17:13:50.120+0000] {spark_submit.py:579} INFO - numExecutors            null
[2024-09-14T17:13:50.121+0000] {spark_submit.py:579} INFO - files                   null
[2024-09-14T17:13:50.122+0000] {spark_submit.py:579} INFO - pyFiles                 null
[2024-09-14T17:13:50.123+0000] {spark_submit.py:579} INFO - archives                null
[2024-09-14T17:13:50.125+0000] {spark_submit.py:579} INFO - mainClass               null
[2024-09-14T17:13:50.126+0000] {spark_submit.py:579} INFO - primaryResource         file:/opt/***/dags/air_data_analysis.py
[2024-09-14T17:13:50.127+0000] {spark_submit.py:579} INFO - name                    arrow-spark
[2024-09-14T17:13:50.128+0000] {spark_submit.py:579} INFO - childArgs               []
[2024-09-14T17:13:50.129+0000] {spark_submit.py:579} INFO - jars                    null
[2024-09-14T17:13:50.131+0000] {spark_submit.py:579} INFO - packages                null
[2024-09-14T17:13:50.134+0000] {spark_submit.py:579} INFO - packagesExclusions      null
[2024-09-14T17:13:50.135+0000] {spark_submit.py:579} INFO - repositories            null
[2024-09-14T17:13:50.136+0000] {spark_submit.py:579} INFO - verbose                 true
[2024-09-14T17:13:50.137+0000] {spark_submit.py:579} INFO - 
[2024-09-14T17:13:50.139+0000] {spark_submit.py:579} INFO - Spark properties used, including those specified through
[2024-09-14T17:13:50.140+0000] {spark_submit.py:579} INFO - --conf and those from the properties file null:
[2024-09-14T17:13:50.141+0000] {spark_submit.py:579} INFO - (spark.master,spark://spark-master:7077)
[2024-09-14T17:13:50.142+0000] {spark_submit.py:579} INFO - 
[2024-09-14T17:13:50.144+0000] {spark_submit.py:579} INFO - 
[2024-09-14T17:13:50.996+0000] {spark_submit.py:579} INFO - Main class:
[2024-09-14T17:13:50.997+0000] {spark_submit.py:579} INFO - org.apache.spark.deploy.PythonRunner
[2024-09-14T17:13:50.998+0000] {spark_submit.py:579} INFO - Arguments:
[2024-09-14T17:13:50.999+0000] {spark_submit.py:579} INFO - file:/opt/***/dags/air_data_analysis.py
[2024-09-14T17:13:51.001+0000] {spark_submit.py:579} INFO - null
[2024-09-14T17:13:51.005+0000] {spark_submit.py:579} INFO - Spark config:
[2024-09-14T17:13:51.006+0000] {spark_submit.py:579} INFO - (spark.app.name,arrow-spark)
[2024-09-14T17:13:51.008+0000] {spark_submit.py:579} INFO - (spark.app.submitTime,1726334030957)
[2024-09-14T17:13:51.009+0000] {spark_submit.py:579} INFO - (spark.master,spark://spark-master:7077)
[2024-09-14T17:13:51.010+0000] {spark_submit.py:579} INFO - (spark.submit.deployMode,client)
[2024-09-14T17:13:51.011+0000] {spark_submit.py:579} INFO - (spark.submit.pyFiles,)
[2024-09-14T17:13:51.013+0000] {spark_submit.py:579} INFO - Classpath elements:
[2024-09-14T17:13:51.014+0000] {spark_submit.py:579} INFO - 
[2024-09-14T17:13:51.016+0000] {spark_submit.py:579} INFO - 
[2024-09-14T17:13:51.017+0000] {spark_submit.py:579} INFO - 
[2024-09-14T17:13:53.821+0000] {spark_submit.py:579} INFO - 24/09/14 17:13:53 INFO SparkContext: Running Spark version 3.5.2
[2024-09-14T17:13:53.829+0000] {spark_submit.py:579} INFO - 24/09/14 17:13:53 INFO SparkContext: OS info Linux, 5.15.153.1-microsoft-standard-WSL2, amd64
[2024-09-14T17:13:53.831+0000] {spark_submit.py:579} INFO - 24/09/14 17:13:53 INFO SparkContext: Java version 17.0.12
[2024-09-14T17:13:54.008+0000] {spark_submit.py:579} INFO - 24/09/14 17:13:54 WARN NativeCodeLoader: Unable to load native-hadoop library for your platform... using builtin-java classes where applicable
[2024-09-14T17:13:54.305+0000] {spark_submit.py:579} INFO - 24/09/14 17:13:54 INFO ResourceUtils: ==============================================================
[2024-09-14T17:13:54.307+0000] {spark_submit.py:579} INFO - 24/09/14 17:13:54 INFO ResourceUtils: No custom resources configured for spark.driver.
[2024-09-14T17:13:54.309+0000] {spark_submit.py:579} INFO - 24/09/14 17:13:54 INFO ResourceUtils: ==============================================================
[2024-09-14T17:13:54.311+0000] {spark_submit.py:579} INFO - 24/09/14 17:13:54 INFO SparkContext: Submitted application: Airbnb_regr_model
[2024-09-14T17:13:54.390+0000] {spark_submit.py:579} INFO - 24/09/14 17:13:54 INFO ResourceProfile: Default ResourceProfile created, executor resources: Map(cores -> name: cores, amount: 1, script: , vendor: , memory -> name: memory, amount: 1024, script: , vendor: , offHeap -> name: offHeap, amount: 0, script: , vendor: ), task resources: Map(cpus -> name: cpus, amount: 1.0)
[2024-09-14T17:13:54.415+0000] {spark_submit.py:579} INFO - 24/09/14 17:13:54 INFO ResourceProfile: Limiting resource is cpu
[2024-09-14T17:13:54.419+0000] {spark_submit.py:579} INFO - 24/09/14 17:13:54 INFO ResourceProfileManager: Added ResourceProfile id: 0
[2024-09-14T17:13:54.611+0000] {spark_submit.py:579} INFO - 24/09/14 17:13:54 INFO SecurityManager: Changing view acls to: ***
[2024-09-14T17:13:54.613+0000] {spark_submit.py:579} INFO - 24/09/14 17:13:54 INFO SecurityManager: Changing modify acls to: ***
[2024-09-14T17:13:54.615+0000] {spark_submit.py:579} INFO - 24/09/14 17:13:54 INFO SecurityManager: Changing view acls groups to:
[2024-09-14T17:13:54.617+0000] {spark_submit.py:579} INFO - 24/09/14 17:13:54 INFO SecurityManager: Changing modify acls groups to:
[2024-09-14T17:13:54.619+0000] {spark_submit.py:579} INFO - 24/09/14 17:13:54 INFO SecurityManager: SecurityManager: authentication disabled; ui acls disabled; users with view permissions: ***; groups with view permissions: EMPTY; users with modify permissions: ***; groups with modify permissions: EMPTY
[2024-09-14T17:13:55.809+0000] {spark_submit.py:579} INFO - 24/09/14 17:13:55 INFO Utils: Successfully started service 'sparkDriver' on port 46765.
[2024-09-14T17:13:55.957+0000] {spark_submit.py:579} INFO - 24/09/14 17:13:55 INFO SparkEnv: Registering MapOutputTracker
[2024-09-14T17:13:56.094+0000] {spark_submit.py:579} INFO - 24/09/14 17:13:56 INFO SparkEnv: Registering BlockManagerMaster
[2024-09-14T17:13:56.158+0000] {spark_submit.py:579} INFO - 24/09/14 17:13:56 INFO BlockManagerMasterEndpoint: Using org.apache.spark.storage.DefaultTopologyMapper for getting topology information
[2024-09-14T17:13:56.161+0000] {spark_submit.py:579} INFO - 24/09/14 17:13:56 INFO BlockManagerMasterEndpoint: BlockManagerMasterEndpoint up
[2024-09-14T17:13:56.174+0000] {spark_submit.py:579} INFO - 24/09/14 17:13:56 INFO SparkEnv: Registering BlockManagerMasterHeartbeat
[2024-09-14T17:13:56.233+0000] {spark_submit.py:579} INFO - 24/09/14 17:13:56 INFO DiskBlockManager: Created local directory at /tmp/blockmgr-c426932f-da30-4cd1-b114-59ac1868d0e9
[2024-09-14T17:13:56.272+0000] {spark_submit.py:579} INFO - 24/09/14 17:13:56 INFO MemoryStore: MemoryStore started with capacity 434.4 MiB
[2024-09-14T17:13:56.315+0000] {spark_submit.py:579} INFO - 24/09/14 17:13:56 INFO SparkEnv: Registering OutputCommitCoordinator
[2024-09-14T17:13:56.700+0000] {spark_submit.py:579} INFO - 24/09/14 17:13:56 INFO JettyUtils: Start Jetty 0.0.0.0:4040 for SparkUI
[2024-09-14T17:13:56.892+0000] {spark_submit.py:579} INFO - 24/09/14 17:13:56 INFO Utils: Successfully started service 'SparkUI' on port 4040.
[2024-09-14T17:13:57.200+0000] {spark_submit.py:579} INFO - 24/09/14 17:13:57 INFO Executor: Starting executor ID driver on host fb744bf0dc86
[2024-09-14T17:13:57.202+0000] {spark_submit.py:579} INFO - 24/09/14 17:13:57 INFO Executor: OS info Linux, 5.15.153.1-microsoft-standard-WSL2, amd64
[2024-09-14T17:13:57.204+0000] {spark_submit.py:579} INFO - 24/09/14 17:13:57 INFO Executor: Java version 17.0.12
[2024-09-14T17:13:57.228+0000] {spark_submit.py:579} INFO - 24/09/14 17:13:57 INFO Executor: Starting executor with user classpath (userClassPathFirst = false): ''
[2024-09-14T17:13:57.230+0000] {spark_submit.py:579} INFO - 24/09/14 17:13:57 INFO Executor: Created or updated repl class loader org.apache.spark.util.MutableURLClassLoader@a36c5fd for default.
[2024-09-14T17:13:57.322+0000] {spark_submit.py:579} INFO - 24/09/14 17:13:57 INFO Utils: Successfully started service 'org.apache.spark.network.netty.NettyBlockTransferService' on port 40619.
[2024-09-14T17:13:57.323+0000] {spark_submit.py:579} INFO - 24/09/14 17:13:57 INFO NettyBlockTransferService: Server created on fb744bf0dc86:40619
[2024-09-14T17:13:57.328+0000] {spark_submit.py:579} INFO - 24/09/14 17:13:57 INFO BlockManager: Using org.apache.spark.storage.RandomBlockReplicationPolicy for block replication policy
[2024-09-14T17:13:57.352+0000] {spark_submit.py:579} INFO - 24/09/14 17:13:57 INFO BlockManagerMaster: Registering BlockManager BlockManagerId(driver, fb744bf0dc86, 40619, None)
[2024-09-14T17:13:57.360+0000] {spark_submit.py:579} INFO - 24/09/14 17:13:57 INFO BlockManagerMasterEndpoint: Registering block manager fb744bf0dc86:40619 with 434.4 MiB RAM, BlockManagerId(driver, fb744bf0dc86, 40619, None)
[2024-09-14T17:13:57.365+0000] {spark_submit.py:579} INFO - 24/09/14 17:13:57 INFO BlockManagerMaster: Registered BlockManager BlockManagerId(driver, fb744bf0dc86, 40619, None)
[2024-09-14T17:13:57.369+0000] {spark_submit.py:579} INFO - 24/09/14 17:13:57 INFO BlockManager: Initialized BlockManager: BlockManagerId(driver, fb744bf0dc86, 40619, None)
[2024-09-14T17:13:58.863+0000] {spark_submit.py:579} INFO - 24/09/14 17:13:58 INFO SharedState: Setting hive.metastore.warehouse.dir ('null') to the value of spark.sql.warehouse.dir.
[2024-09-14T17:13:58.896+0000] {spark_submit.py:579} INFO - 24/09/14 17:13:58 INFO SharedState: Warehouse path is 'file:/user/hive/warehouse'.
[2024-09-14T17:14:02.421+0000] {spark_submit.py:579} INFO - Traceback (most recent call last):
[2024-09-14T17:14:02.422+0000] {spark_submit.py:579} INFO - File "/opt/***/dags/air_data_analysis.py", line 15, in <module>
[2024-09-14T17:14:02.426+0000] {spark_submit.py:579} INFO - df = spark.read.csv(data_path, header=True, inferSchema=True, sep=';', encoding='cp1251')
[2024-09-14T17:14:02.427+0000] {spark_submit.py:579} INFO - ^^^^^^^^^^^^^^^^^^^^^^^^^^^^^^^^^^^^^^^^^^^^^^^^^^^^^^^^^^^^^^^^^^^^^^^^^^^^^^^^^^^^
[2024-09-14T17:14:02.429+0000] {spark_submit.py:579} INFO - File "/home/***/.local/lib/python3.12/site-packages/pyspark/sql/readwriter.py", line 740, in csv
[2024-09-14T17:14:02.430+0000] {spark_submit.py:579} INFO - return self._df(self._jreader.csv(self._spark._sc._jvm.PythonUtils.toSeq(path)))
[2024-09-14T17:14:02.431+0000] {spark_submit.py:579} INFO - ^^^^^^^^^^^^^^^^^^^^^^^^^^^^^^^^^^^^^^^^^^^^^^^^^^^^^^^^^^^^^^^
[2024-09-14T17:14:02.432+0000] {spark_submit.py:579} INFO - File "/home/***/.local/lib/python3.12/site-packages/py4j/java_gateway.py", line 1322, in __call__
[2024-09-14T17:14:02.434+0000] {spark_submit.py:579} INFO - return_value = get_return_value(
[2024-09-14T17:14:02.435+0000] {spark_submit.py:579} INFO - ^^^^^^^^^^^^^^^^^
[2024-09-14T17:14:02.437+0000] {spark_submit.py:579} INFO - File "/home/***/.local/lib/python3.12/site-packages/pyspark/errors/exceptions/captured.py", line 185, in deco
[2024-09-14T17:14:02.438+0000] {spark_submit.py:579} INFO - raise converted from None
[2024-09-14T17:14:02.449+0000] {spark_submit.py:579} INFO - pyspark.errors.exceptions.captured.AnalysisException: [PATH_NOT_FOUND] Path does not exist: file:/opt/***/Airbnb.csv.
[2024-09-14T17:14:02.608+0000] {spark_submit.py:579} INFO - 24/09/14 17:14:02 INFO SparkContext: Invoking stop() from shutdown hook
[2024-09-14T17:14:02.610+0000] {spark_submit.py:579} INFO - 24/09/14 17:14:02 INFO SparkContext: SparkContext is stopping with exitCode 0.
[2024-09-14T17:14:02.634+0000] {spark_submit.py:579} INFO - 24/09/14 17:14:02 INFO SparkUI: Stopped Spark web UI at http://fb744bf0dc86:4040
[2024-09-14T17:14:02.662+0000] {spark_submit.py:579} INFO - 24/09/14 17:14:02 INFO MapOutputTrackerMasterEndpoint: MapOutputTrackerMasterEndpoint stopped!
[2024-09-14T17:14:02.700+0000] {spark_submit.py:579} INFO - 24/09/14 17:14:02 INFO MemoryStore: MemoryStore cleared
[2024-09-14T17:14:02.705+0000] {spark_submit.py:579} INFO - 24/09/14 17:14:02 INFO BlockManager: BlockManager stopped
[2024-09-14T17:14:02.729+0000] {spark_submit.py:579} INFO - 24/09/14 17:14:02 INFO BlockManagerMaster: BlockManagerMaster stopped
[2024-09-14T17:14:02.738+0000] {spark_submit.py:579} INFO - 24/09/14 17:14:02 INFO OutputCommitCoordinator$OutputCommitCoordinatorEndpoint: OutputCommitCoordinator stopped!
[2024-09-14T17:14:02.763+0000] {spark_submit.py:579} INFO - 24/09/14 17:14:02 INFO SparkContext: Successfully stopped SparkContext
[2024-09-14T17:14:02.764+0000] {spark_submit.py:579} INFO - 24/09/14 17:14:02 INFO ShutdownHookManager: Shutdown hook called
[2024-09-14T17:14:02.767+0000] {spark_submit.py:579} INFO - 24/09/14 17:14:02 INFO ShutdownHookManager: Deleting directory /tmp/spark-c8eab665-124f-4e34-9360-c380306547b3/pyspark-74b7caa4-9093-4428-bed1-5fec9aac82b7
[2024-09-14T17:14:02.778+0000] {spark_submit.py:579} INFO - 24/09/14 17:14:02 INFO ShutdownHookManager: Deleting directory /tmp/spark-bd5c4561-432c-41c8-9141-c007eaa56b25
[2024-09-14T17:14:02.791+0000] {spark_submit.py:579} INFO - 24/09/14 17:14:02 INFO ShutdownHookManager: Deleting directory /tmp/spark-c8eab665-124f-4e34-9360-c380306547b3
[2024-09-14T17:14:02.917+0000] {taskinstance.py:3310} ERROR - Task failed with exception
Traceback (most recent call last):
  File "/home/airflow/.local/lib/python3.12/site-packages/airflow/models/taskinstance.py", line 767, in _execute_task
    result = _execute_callable(context=context, **execute_callable_kwargs)
             ^^^^^^^^^^^^^^^^^^^^^^^^^^^^^^^^^^^^^^^^^^^^^^^^^^^^^^^^^^^^^
  File "/home/airflow/.local/lib/python3.12/site-packages/airflow/models/taskinstance.py", line 733, in _execute_callable
    return ExecutionCallableRunner(
           ^^^^^^^^^^^^^^^^^^^^^^^^
  File "/home/airflow/.local/lib/python3.12/site-packages/airflow/utils/operator_helpers.py", line 252, in run
    return self.func(*args, **kwargs)
           ^^^^^^^^^^^^^^^^^^^^^^^^^^
  File "/home/airflow/.local/lib/python3.12/site-packages/airflow/models/baseoperator.py", line 406, in wrapper
    return func(self, *args, **kwargs)
           ^^^^^^^^^^^^^^^^^^^^^^^^^^^
  File "/home/airflow/.local/lib/python3.12/site-packages/airflow/providers/apache/spark/operators/spark_submit.py", line 174, in execute
    self._hook.submit(self.application)
  File "/home/airflow/.local/lib/python3.12/site-packages/airflow/providers/apache/spark/hooks/spark_submit.py", line 505, in submit
    raise AirflowException(
airflow.exceptions.AirflowException: Cannot execute: spark-submit --master spark://spark-master:7077 --conf spark.master=spark://spark-master:7077 --name arrow-spark --verbose --deploy-mode client /opt/***/dags/air_data_analysis.py. Error code is: 1.
[2024-09-14T17:14:02.942+0000] {taskinstance.py:1225} INFO - Marking task as UP_FOR_RETRY. dag_id=airbnb_model, task_id=data_analysis, run_id=scheduled__2024-09-13T00:00:00+00:00, execution_date=20240913T000000, start_date=20240914T171343, end_date=20240914T171402
[2024-09-14T17:14:03.012+0000] {taskinstance.py:340} INFO - ::group::Post task execution logs
[2024-09-14T17:14:03.015+0000] {standard_task_runner.py:124} ERROR - Failed to execute job 665 for task data_analysis (Cannot execute: spark-submit --master spark://spark-master:7077 --conf spark.master=spark://spark-master:7077 --name arrow-spark --verbose --deploy-mode client /opt/***/dags/air_data_analysis.py. Error code is: 1.; 715)
Traceback (most recent call last):
  File "/home/airflow/.local/lib/python3.12/site-packages/airflow/task/task_runner/standard_task_runner.py", line 117, in _start_by_fork
    ret = args.func(args, dag=self.dag)
          ^^^^^^^^^^^^^^^^^^^^^^^^^^^^^
  File "/home/airflow/.local/lib/python3.12/site-packages/airflow/cli/cli_config.py", line 49, in command
    return func(*args, **kwargs)
           ^^^^^^^^^^^^^^^^^^^^^
  File "/home/airflow/.local/lib/python3.12/site-packages/airflow/utils/cli.py", line 115, in wrapper
    return f(*args, **kwargs)
           ^^^^^^^^^^^^^^^^^^
  File "/home/airflow/.local/lib/python3.12/site-packages/airflow/cli/commands/task_command.py", line 483, in task_run
    task_return_code = _run_task_by_selected_method(args, _dag, ti)
                       ^^^^^^^^^^^^^^^^^^^^^^^^^^^^^^^^^^^^^^^^^^^^
  File "/home/airflow/.local/lib/python3.12/site-packages/airflow/cli/commands/task_command.py", line 256, in _run_task_by_selected_method
    return _run_raw_task(args, ti)
           ^^^^^^^^^^^^^^^^^^^^^^^
  File "/home/airflow/.local/lib/python3.12/site-packages/airflow/cli/commands/task_command.py", line 341, in _run_raw_task
    return ti._run_raw_task(
           ^^^^^^^^^^^^^^^^^
  File "/home/airflow/.local/lib/python3.12/site-packages/airflow/utils/session.py", line 97, in wrapper
    return func(*args, session=session, **kwargs)
           ^^^^^^^^^^^^^^^^^^^^^^^^^^^^^^^^^^^^^^
  File "/home/airflow/.local/lib/python3.12/site-packages/airflow/models/taskinstance.py", line 3004, in _run_raw_task
    return _run_raw_task(
           ^^^^^^^^^^^^^^
  File "/home/airflow/.local/lib/python3.12/site-packages/airflow/models/taskinstance.py", line 273, in _run_raw_task
    TaskInstance._execute_task_with_callbacks(
  File "/home/airflow/.local/lib/python3.12/site-packages/airflow/models/taskinstance.py", line 3158, in _execute_task_with_callbacks
    result = self._execute_task(context, task_orig)
             ^^^^^^^^^^^^^^^^^^^^^^^^^^^^^^^^^^^^^^
  File "/home/airflow/.local/lib/python3.12/site-packages/airflow/models/taskinstance.py", line 3182, in _execute_task
    return _execute_task(self, context, task_orig)
           ^^^^^^^^^^^^^^^^^^^^^^^^^^^^^^^^^^^^^^^
  File "/home/airflow/.local/lib/python3.12/site-packages/airflow/models/taskinstance.py", line 767, in _execute_task
    result = _execute_callable(context=context, **execute_callable_kwargs)
             ^^^^^^^^^^^^^^^^^^^^^^^^^^^^^^^^^^^^^^^^^^^^^^^^^^^^^^^^^^^^^
  File "/home/airflow/.local/lib/python3.12/site-packages/airflow/models/taskinstance.py", line 733, in _execute_callable
    return ExecutionCallableRunner(
           ^^^^^^^^^^^^^^^^^^^^^^^^
  File "/home/airflow/.local/lib/python3.12/site-packages/airflow/utils/operator_helpers.py", line 252, in run
    return self.func(*args, **kwargs)
           ^^^^^^^^^^^^^^^^^^^^^^^^^^
  File "/home/airflow/.local/lib/python3.12/site-packages/airflow/models/baseoperator.py", line 406, in wrapper
    return func(self, *args, **kwargs)
           ^^^^^^^^^^^^^^^^^^^^^^^^^^^
  File "/home/airflow/.local/lib/python3.12/site-packages/airflow/providers/apache/spark/operators/spark_submit.py", line 174, in execute
    self._hook.submit(self.application)
  File "/home/airflow/.local/lib/python3.12/site-packages/airflow/providers/apache/spark/hooks/spark_submit.py", line 505, in submit
    raise AirflowException(
airflow.exceptions.AirflowException: Cannot execute: spark-submit --master spark://spark-master:7077 --conf spark.master=spark://spark-master:7077 --name arrow-spark --verbose --deploy-mode client /opt/***/dags/air_data_analysis.py. Error code is: 1.
[2024-09-14T17:14:03.048+0000] {local_task_job_runner.py:266} INFO - Task exited with return code 1
[2024-09-14T17:14:03.091+0000] {taskinstance.py:3900} INFO - 0 downstream tasks scheduled from follow-on schedule check
[2024-09-14T17:14:03.096+0000] {local_task_job_runner.py:245} INFO - ::endgroup::
