[2024-09-14T20:30:34.956+0000] {local_task_job_runner.py:123} INFO - ::group::Pre task execution logs
[2024-09-14T20:30:35.096+0000] {taskinstance.py:2612} INFO - Dependencies all met for dep_context=non-requeueable deps ti=<TaskInstance: airbnb_model.train_model manual__2024-09-14T17:50:30.952450+00:00 [queued]>
[2024-09-14T20:30:35.167+0000] {taskinstance.py:2612} INFO - Dependencies all met for dep_context=requeueable deps ti=<TaskInstance: airbnb_model.train_model manual__2024-09-14T17:50:30.952450+00:00 [queued]>
[2024-09-14T20:30:35.169+0000] {taskinstance.py:2865} INFO - Starting attempt 6 of 9
[2024-09-14T20:30:35.246+0000] {taskinstance.py:2888} INFO - Executing <Task(SparkSubmitOperator): train_model> on 2024-09-14 17:50:30.952450+00:00
[2024-09-14T20:30:35.268+0000] {standard_task_runner.py:104} INFO - Running: ['***', 'tasks', 'run', 'airbnb_model', 'train_model', 'manual__2024-09-14T17:50:30.952450+00:00', '--job-id', '678', '--raw', '--subdir', 'DAGS_FOLDER/air_price_pred_dag.py', '--cfg-path', '/tmp/tmp1bvjyj1h']
[2024-09-14T20:30:35.274+0000] {standard_task_runner.py:105} INFO - Job 678: Subtask train_model
[2024-09-14T20:30:35.287+0000] {logging_mixin.py:190} WARNING - /home/***/.local/lib/python3.12/site-packages/***/task/task_runner/standard_task_runner.py:70 DeprecationWarning: This process (pid=13193) is multi-threaded, use of fork() may lead to deadlocks in the child.
[2024-09-14T20:30:35.289+0000] {standard_task_runner.py:72} INFO - Started process 13214 to run task
[2024-09-14T20:30:35.540+0000] {task_command.py:467} INFO - Running <TaskInstance: airbnb_model.train_model manual__2024-09-14T17:50:30.952450+00:00 [running]> on host fb744bf0dc86
[2024-09-14T20:30:38.114+0000] {taskinstance.py:3131} INFO - Exporting env vars: AIRFLOW_CTX_DAG_OWNER='Denis' AIRFLOW_CTX_DAG_ID='airbnb_model' AIRFLOW_CTX_TASK_ID='train_model' AIRFLOW_CTX_EXECUTION_DATE='2024-09-14T17:50:30.952450+00:00' AIRFLOW_CTX_TRY_NUMBER='6' AIRFLOW_CTX_DAG_RUN_ID='manual__2024-09-14T17:50:30.952450+00:00'
[2024-09-14T20:30:38.121+0000] {taskinstance.py:731} INFO - ::endgroup::
[2024-09-14T20:30:38.468+0000] {base.py:84} INFO - Retrieving connection 'spark_default'
[2024-09-14T20:30:38.479+0000] {spark_submit.py:403} INFO - Spark-Submit cmd: spark-submit --master spark://spark-master:7077 --conf spark.master=spark://spark-master:7077 --name arrow-spark --verbose --deploy-mode client /opt/***/dags/air_train_model.py
[2024-09-14T20:30:51.736+0000] {spark_submit.py:579} INFO - Using properties file: null
[2024-09-14T20:30:52.400+0000] {spark_submit.py:579} INFO - Parsed arguments:
[2024-09-14T20:30:52.401+0000] {spark_submit.py:579} INFO - master                  spark://spark-master:7077
[2024-09-14T20:30:52.403+0000] {spark_submit.py:579} INFO - remote                  null
[2024-09-14T20:30:52.404+0000] {spark_submit.py:579} INFO - deployMode              client
[2024-09-14T20:30:52.405+0000] {spark_submit.py:579} INFO - executorMemory          null
[2024-09-14T20:30:52.407+0000] {spark_submit.py:579} INFO - executorCores           null
[2024-09-14T20:30:52.408+0000] {spark_submit.py:579} INFO - totalExecutorCores      null
[2024-09-14T20:30:52.410+0000] {spark_submit.py:579} INFO - propertiesFile          null
[2024-09-14T20:30:52.411+0000] {spark_submit.py:579} INFO - driverMemory            null
[2024-09-14T20:30:52.413+0000] {spark_submit.py:579} INFO - driverCores             null
[2024-09-14T20:30:52.414+0000] {spark_submit.py:579} INFO - driverExtraClassPath    null
[2024-09-14T20:30:52.415+0000] {spark_submit.py:579} INFO - driverExtraLibraryPath  null
[2024-09-14T20:30:52.417+0000] {spark_submit.py:579} INFO - driverExtraJavaOptions  null
[2024-09-14T20:30:52.418+0000] {spark_submit.py:579} INFO - supervise               false
[2024-09-14T20:30:52.420+0000] {spark_submit.py:579} INFO - queue                   null
[2024-09-14T20:30:52.421+0000] {spark_submit.py:579} INFO - numExecutors            null
[2024-09-14T20:30:52.422+0000] {spark_submit.py:579} INFO - files                   null
[2024-09-14T20:30:52.424+0000] {spark_submit.py:579} INFO - pyFiles                 null
[2024-09-14T20:30:52.425+0000] {spark_submit.py:579} INFO - archives                null
[2024-09-14T20:30:52.427+0000] {spark_submit.py:579} INFO - mainClass               null
[2024-09-14T20:30:52.429+0000] {spark_submit.py:579} INFO - primaryResource         file:/opt/***/dags/air_train_model.py
[2024-09-14T20:30:52.431+0000] {spark_submit.py:579} INFO - name                    arrow-spark
[2024-09-14T20:30:52.433+0000] {spark_submit.py:579} INFO - childArgs               []
[2024-09-14T20:30:52.434+0000] {spark_submit.py:579} INFO - jars                    null
[2024-09-14T20:30:52.436+0000] {spark_submit.py:579} INFO - packages                null
[2024-09-14T20:30:52.437+0000] {spark_submit.py:579} INFO - packagesExclusions      null
[2024-09-14T20:30:52.439+0000] {spark_submit.py:579} INFO - repositories            null
[2024-09-14T20:30:52.441+0000] {spark_submit.py:579} INFO - verbose                 true
[2024-09-14T20:30:52.445+0000] {spark_submit.py:579} INFO - 
[2024-09-14T20:30:52.447+0000] {spark_submit.py:579} INFO - Spark properties used, including those specified through
[2024-09-14T20:30:52.450+0000] {spark_submit.py:579} INFO - --conf and those from the properties file null:
[2024-09-14T20:30:52.452+0000] {spark_submit.py:579} INFO - (spark.master,spark://spark-master:7077)
[2024-09-14T20:30:52.454+0000] {spark_submit.py:579} INFO - 
[2024-09-14T20:30:52.456+0000] {spark_submit.py:579} INFO - 
[2024-09-14T20:30:54.191+0000] {spark_submit.py:579} INFO - Main class:
[2024-09-14T20:30:54.193+0000] {spark_submit.py:579} INFO - org.apache.spark.deploy.PythonRunner
[2024-09-14T20:30:54.195+0000] {spark_submit.py:579} INFO - Arguments:
[2024-09-14T20:30:54.196+0000] {spark_submit.py:579} INFO - file:/opt/***/dags/air_train_model.py
[2024-09-14T20:30:54.197+0000] {spark_submit.py:579} INFO - null
[2024-09-14T20:30:54.204+0000] {spark_submit.py:579} INFO - Spark config:
[2024-09-14T20:30:54.205+0000] {spark_submit.py:579} INFO - (spark.app.name,arrow-spark)
[2024-09-14T20:30:54.207+0000] {spark_submit.py:579} INFO - (spark.app.submitTime,1726345854138)
[2024-09-14T20:30:54.209+0000] {spark_submit.py:579} INFO - (spark.master,spark://spark-master:7077)
[2024-09-14T20:30:54.211+0000] {spark_submit.py:579} INFO - (spark.submit.deployMode,client)
[2024-09-14T20:30:54.212+0000] {spark_submit.py:579} INFO - (spark.submit.pyFiles,)
[2024-09-14T20:30:54.214+0000] {spark_submit.py:579} INFO - Classpath elements:
[2024-09-14T20:30:54.216+0000] {spark_submit.py:579} INFO - 
[2024-09-14T20:30:54.218+0000] {spark_submit.py:579} INFO - 
[2024-09-14T20:30:54.219+0000] {spark_submit.py:579} INFO - 
[2024-09-14T20:31:00.331+0000] {spark_submit.py:579} INFO - 24/09/14 20:31:00 INFO SparkContext: Running Spark version 3.5.2
[2024-09-14T20:31:00.351+0000] {spark_submit.py:579} INFO - 24/09/14 20:31:00 INFO SparkContext: OS info Linux, 5.15.153.1-microsoft-standard-WSL2, amd64
[2024-09-14T20:31:00.355+0000] {spark_submit.py:579} INFO - 24/09/14 20:31:00 INFO SparkContext: Java version 17.0.12
[2024-09-14T20:31:01.621+0000] {spark_submit.py:579} INFO - 24/09/14 20:31:01 WARN NativeCodeLoader: Unable to load native-hadoop library for your platform... using builtin-java classes where applicable
[2024-09-14T20:31:02.911+0000] {spark_submit.py:579} INFO - 24/09/14 20:31:02 INFO ResourceUtils: ==============================================================
[2024-09-14T20:31:02.914+0000] {spark_submit.py:579} INFO - 24/09/14 20:31:02 INFO ResourceUtils: No custom resources configured for spark.driver.
[2024-09-14T20:31:02.916+0000] {spark_submit.py:579} INFO - 24/09/14 20:31:02 INFO ResourceUtils: ==============================================================
[2024-09-14T20:31:02.917+0000] {spark_submit.py:579} INFO - 24/09/14 20:31:02 INFO SparkContext: Submitted application: Airbnb_train_model
[2024-09-14T20:31:03.043+0000] {spark_submit.py:579} INFO - 24/09/14 20:31:03 INFO ResourceProfile: Default ResourceProfile created, executor resources: Map(cores -> name: cores, amount: 1, script: , vendor: , memory -> name: memory, amount: 1024, script: , vendor: , offHeap -> name: offHeap, amount: 0, script: , vendor: ), task resources: Map(cpus -> name: cpus, amount: 1.0)
[2024-09-14T20:31:03.094+0000] {spark_submit.py:579} INFO - 24/09/14 20:31:03 INFO ResourceProfile: Limiting resource is cpu
[2024-09-14T20:31:03.099+0000] {spark_submit.py:579} INFO - 24/09/14 20:31:03 INFO ResourceProfileManager: Added ResourceProfile id: 0
[2024-09-14T20:31:03.437+0000] {spark_submit.py:579} INFO - 24/09/14 20:31:03 INFO SecurityManager: Changing view acls to: ***
[2024-09-14T20:31:03.451+0000] {spark_submit.py:579} INFO - 24/09/14 20:31:03 INFO SecurityManager: Changing modify acls to: ***
[2024-09-14T20:31:03.453+0000] {spark_submit.py:579} INFO - 24/09/14 20:31:03 INFO SecurityManager: Changing view acls groups to:
[2024-09-14T20:31:03.454+0000] {spark_submit.py:579} INFO - 24/09/14 20:31:03 INFO SecurityManager: Changing modify acls groups to:
[2024-09-14T20:31:03.457+0000] {spark_submit.py:579} INFO - 24/09/14 20:31:03 INFO SecurityManager: SecurityManager: authentication disabled; ui acls disabled; users with view permissions: ***; groups with view permissions: EMPTY; users with modify permissions: ***; groups with modify permissions: EMPTY
[2024-09-14T20:31:05.584+0000] {spark_submit.py:579} INFO - 24/09/14 20:31:05 INFO Utils: Successfully started service 'sparkDriver' on port 44291.
[2024-09-14T20:31:05.875+0000] {spark_submit.py:579} INFO - 24/09/14 20:31:05 INFO SparkEnv: Registering MapOutputTracker
[2024-09-14T20:31:06.324+0000] {spark_submit.py:579} INFO - 24/09/14 20:31:06 INFO SparkEnv: Registering BlockManagerMaster
[2024-09-14T20:31:06.415+0000] {spark_submit.py:579} INFO - 24/09/14 20:31:06 INFO BlockManagerMasterEndpoint: Using org.apache.spark.storage.DefaultTopologyMapper for getting topology information
[2024-09-14T20:31:06.418+0000] {spark_submit.py:579} INFO - 24/09/14 20:31:06 INFO BlockManagerMasterEndpoint: BlockManagerMasterEndpoint up
[2024-09-14T20:31:06.450+0000] {spark_submit.py:579} INFO - 24/09/14 20:31:06 INFO SparkEnv: Registering BlockManagerMasterHeartbeat
[2024-09-14T20:31:06.561+0000] {spark_submit.py:579} INFO - 24/09/14 20:31:06 INFO DiskBlockManager: Created local directory at /tmp/blockmgr-58093ce4-264a-4dc3-b407-5e0dd1af9762
[2024-09-14T20:31:06.639+0000] {spark_submit.py:579} INFO - 24/09/14 20:31:06 INFO MemoryStore: MemoryStore started with capacity 434.4 MiB
[2024-09-14T20:31:06.720+0000] {spark_submit.py:579} INFO - 24/09/14 20:31:06 INFO SparkEnv: Registering OutputCommitCoordinator
[2024-09-14T20:31:07.429+0000] {spark_submit.py:579} INFO - 24/09/14 20:31:07 INFO JettyUtils: Start Jetty 0.0.0.0:4040 for SparkUI
[2024-09-14T20:31:07.719+0000] {spark_submit.py:579} INFO - 24/09/14 20:31:07 INFO Utils: Successfully started service 'SparkUI' on port 4040.
[2024-09-14T20:31:08.222+0000] {spark_submit.py:579} INFO - 24/09/14 20:31:08 INFO Executor: Starting executor ID driver on host fb744bf0dc86
[2024-09-14T20:31:08.224+0000] {spark_submit.py:579} INFO - 24/09/14 20:31:08 INFO Executor: OS info Linux, 5.15.153.1-microsoft-standard-WSL2, amd64
[2024-09-14T20:31:08.227+0000] {spark_submit.py:579} INFO - 24/09/14 20:31:08 INFO Executor: Java version 17.0.12
[2024-09-14T20:31:08.268+0000] {spark_submit.py:579} INFO - 24/09/14 20:31:08 INFO Executor: Starting executor with user classpath (userClassPathFirst = false): ''
[2024-09-14T20:31:08.272+0000] {spark_submit.py:579} INFO - 24/09/14 20:31:08 INFO Executor: Created or updated repl class loader org.apache.spark.util.MutableURLClassLoader@2b2d567f for default.
[2024-09-14T20:31:08.396+0000] {spark_submit.py:579} INFO - 24/09/14 20:31:08 INFO Utils: Successfully started service 'org.apache.spark.network.netty.NettyBlockTransferService' on port 34631.
[2024-09-14T20:31:08.399+0000] {spark_submit.py:579} INFO - 24/09/14 20:31:08 INFO NettyBlockTransferService: Server created on fb744bf0dc86:34631
[2024-09-14T20:31:08.411+0000] {spark_submit.py:579} INFO - 24/09/14 20:31:08 INFO BlockManager: Using org.apache.spark.storage.RandomBlockReplicationPolicy for block replication policy
[2024-09-14T20:31:08.522+0000] {spark_submit.py:579} INFO - 24/09/14 20:31:08 INFO BlockManagerMaster: Registering BlockManager BlockManagerId(driver, fb744bf0dc86, 34631, None)
[2024-09-14T20:31:08.574+0000] {spark_submit.py:579} INFO - 24/09/14 20:31:08 INFO BlockManagerMasterEndpoint: Registering block manager fb744bf0dc86:34631 with 434.4 MiB RAM, BlockManagerId(driver, fb744bf0dc86, 34631, None)
[2024-09-14T20:31:08.595+0000] {spark_submit.py:579} INFO - 24/09/14 20:31:08 INFO BlockManagerMaster: Registered BlockManager BlockManagerId(driver, fb744bf0dc86, 34631, None)
[2024-09-14T20:31:08.600+0000] {spark_submit.py:579} INFO - 24/09/14 20:31:08 INFO BlockManager: Initialized BlockManager: BlockManagerId(driver, fb744bf0dc86, 34631, None)
[2024-09-14T20:31:10.364+0000] {spark_submit.py:579} INFO - 24/09/14 20:31:10 INFO SharedState: Setting hive.metastore.warehouse.dir ('null') to the value of spark.sql.warehouse.dir.
[2024-09-14T20:31:10.393+0000] {spark_submit.py:579} INFO - 24/09/14 20:31:10 INFO SharedState: Warehouse path is 'file:/user/hive/warehouse'.
[2024-09-14T20:31:17.532+0000] {spark_submit.py:579} INFO - 24/09/14 20:31:17 INFO HiveConf: Found configuration file null
[2024-09-14T20:31:17.589+0000] {spark_submit.py:579} INFO - 24/09/14 20:31:17 INFO HiveUtils: Initializing HiveMetastoreConnection version 2.3.9 using Spark classes.
[2024-09-14T20:31:19.398+0000] {spark_submit.py:579} INFO - 24/09/14 20:31:19 INFO HiveClientImpl: Warehouse location for Hive client (version 2.3.9) is file:/user/hive/warehouse
[2024-09-14T20:31:19.646+0000] {spark_submit.py:579} INFO - 24/09/14 20:31:19 INFO metastore: Trying to connect to metastore with URI thrift://hive-metastore:9083
[2024-09-14T20:31:25.244+0000] {spark_submit.py:579} INFO - 24/09/14 20:31:25 INFO metastore: Opened a connection to metastore, current connections: 1
[2024-09-14T20:31:25.255+0000] {job.py:229} INFO - Heartbeat recovered after 10.97 seconds
[2024-09-14T20:31:25.623+0000] {spark_submit.py:579} INFO - 24/09/14 20:31:25 INFO metastore: Connected to metastore.
[2024-09-14T20:31:33.450+0000] {spark_submit.py:579} INFO - Таблица успешно считана!
[2024-09-14T20:31:39.585+0000] {spark_submit.py:579} INFO - 24/09/14 20:31:39 INFO CodeGenerator: Code generated in 1043.5659 ms
[2024-09-14T20:31:39.720+0000] {spark_submit.py:579} INFO - 24/09/14 20:31:39 INFO SQLStdHiveAccessController: Created SQLStdHiveAccessController for session context : HiveAuthzSessionContext [sessionString=b0143a18-2f24-4d55-835b-9859878c4f6b, clientType=HIVECLI]
[2024-09-14T20:31:39.735+0000] {spark_submit.py:579} INFO - 24/09/14 20:31:39 WARN SessionState: METASTORE_FILTER_HOOK will be ignored, since hive.security.authorization.manager is set to instance of HiveAuthorizerFactory.
[2024-09-14T20:31:39.737+0000] {spark_submit.py:579} INFO - 24/09/14 20:31:39 INFO metastore: Mestastore configuration hive.metastore.filter.hook changed from org.apache.hadoop.hive.metastore.DefaultMetaStoreFilterHookImpl to org.apache.hadoop.hive.ql.security.authorization.plugin.AuthorizationMetaStoreFilterHook
[2024-09-14T20:31:39.765+0000] {spark_submit.py:579} INFO - 24/09/14 20:31:39 INFO metastore: Closed a connection to metastore, current connections: 0
[2024-09-14T20:31:39.775+0000] {spark_submit.py:579} INFO - 24/09/14 20:31:39 INFO metastore: Trying to connect to metastore with URI thrift://hive-metastore:9083
[2024-09-14T20:31:39.784+0000] {spark_submit.py:579} INFO - 24/09/14 20:31:39 INFO metastore: Opened a connection to metastore, current connections: 1
[2024-09-14T20:31:39.809+0000] {spark_submit.py:579} INFO - 24/09/14 20:31:39 INFO metastore: Connected to metastore.
[2024-09-14T20:31:41.226+0000] {spark_submit.py:579} INFO - 24/09/14 20:31:41 INFO MemoryStore: Block broadcast_0 stored as values in memory (estimated size 200.7 KiB, free 434.2 MiB)
[2024-09-14T20:31:42.866+0000] {spark_submit.py:579} INFO - 24/09/14 20:31:42 INFO MemoryStore: Block broadcast_0_piece0 stored as bytes in memory (estimated size 34.7 KiB, free 434.2 MiB)
[2024-09-14T20:31:42.886+0000] {spark_submit.py:579} INFO - 24/09/14 20:31:42 INFO BlockManagerInfo: Added broadcast_0_piece0 in memory on fb744bf0dc86:34631 (size: 34.7 KiB, free: 434.4 MiB)
[2024-09-14T20:31:42.903+0000] {spark_submit.py:579} INFO - 24/09/14 20:31:42 INFO SparkContext: Created broadcast 0 from
[2024-09-14T20:31:54.352+0000] {spark_submit.py:579} INFO - 24/09/14 20:31:54 WARN FileSystem: Failed to initialize fileystem hdfs://namenode:9000/user/hive/warehouse/processed_airbnb_data: java.lang.IllegalArgumentException: java.net.UnknownHostException: namenode
[2024-09-14T20:31:54.659+0000] {spark_submit.py:579} INFO - Traceback (most recent call last):
[2024-09-14T20:31:54.707+0000] {spark_submit.py:579} INFO - File "/opt/***/dags/air_train_model.py", line 21, in <module>
[2024-09-14T20:31:54.712+0000] {spark_submit.py:579} INFO - df.show(1)
[2024-09-14T20:31:54.714+0000] {spark_submit.py:579} INFO - File "/home/***/.local/lib/python3.12/site-packages/pyspark/sql/dataframe.py", line 947, in show
[2024-09-14T20:31:54.716+0000] {spark_submit.py:579} INFO - print(self._show_string(n, truncate, vertical))
[2024-09-14T20:31:54.719+0000] {spark_submit.py:579} INFO - ^^^^^^^^^^^^^^^^^^^^^^^^^^^^^^^^^^^^^^^^
[2024-09-14T20:31:54.720+0000] {spark_submit.py:579} INFO - File "/home/***/.local/lib/python3.12/site-packages/pyspark/sql/dataframe.py", line 965, in _show_string
[2024-09-14T20:31:54.722+0000] {spark_submit.py:579} INFO - return self._jdf.showString(n, 20, vertical)
[2024-09-14T20:31:54.723+0000] {spark_submit.py:579} INFO - ^^^^^^^^^^^^^^^^^^^^^^^^^^^^^^^^^^^^^
[2024-09-14T20:31:54.725+0000] {spark_submit.py:579} INFO - File "/home/***/.local/lib/python3.12/site-packages/py4j/java_gateway.py", line 1322, in __call__
[2024-09-14T20:31:54.726+0000] {spark_submit.py:579} INFO - return_value = get_return_value(
[2024-09-14T20:31:54.728+0000] {spark_submit.py:579} INFO - ^^^^^^^^^^^^^^^^^
[2024-09-14T20:31:54.729+0000] {spark_submit.py:579} INFO - File "/home/***/.local/lib/python3.12/site-packages/pyspark/errors/exceptions/captured.py", line 185, in deco
[2024-09-14T20:31:54.731+0000] {spark_submit.py:579} INFO - raise converted from None
[2024-09-14T20:31:54.797+0000] {spark_submit.py:579} INFO - pyspark.errors.exceptions.captured.IllegalArgumentException: java.net.UnknownHostException: namenode
[2024-09-14T20:31:55.292+0000] {spark_submit.py:579} INFO - 24/09/14 20:31:55 INFO SparkContext: Invoking stop() from shutdown hook
[2024-09-14T20:31:55.305+0000] {spark_submit.py:579} INFO - 24/09/14 20:31:55 INFO SparkContext: SparkContext is stopping with exitCode 0.
[2024-09-14T20:31:55.354+0000] {spark_submit.py:579} INFO - 24/09/14 20:31:55 INFO SparkUI: Stopped Spark web UI at http://fb744bf0dc86:4040
[2024-09-14T20:31:55.401+0000] {spark_submit.py:579} INFO - 24/09/14 20:31:55 INFO MapOutputTrackerMasterEndpoint: MapOutputTrackerMasterEndpoint stopped!
[2024-09-14T20:31:55.553+0000] {spark_submit.py:579} INFO - 24/09/14 20:31:55 INFO MemoryStore: MemoryStore cleared
[2024-09-14T20:31:55.555+0000] {spark_submit.py:579} INFO - 24/09/14 20:31:55 INFO BlockManager: BlockManager stopped
[2024-09-14T20:31:55.595+0000] {spark_submit.py:579} INFO - 24/09/14 20:31:55 INFO BlockManagerMaster: BlockManagerMaster stopped
[2024-09-14T20:31:55.611+0000] {spark_submit.py:579} INFO - 24/09/14 20:31:55 INFO OutputCommitCoordinator$OutputCommitCoordinatorEndpoint: OutputCommitCoordinator stopped!
[2024-09-14T20:31:55.648+0000] {spark_submit.py:579} INFO - 24/09/14 20:31:55 INFO SparkContext: Successfully stopped SparkContext
[2024-09-14T20:31:55.649+0000] {spark_submit.py:579} INFO - 24/09/14 20:31:55 INFO ShutdownHookManager: Shutdown hook called
[2024-09-14T20:31:55.653+0000] {spark_submit.py:579} INFO - 24/09/14 20:31:55 INFO ShutdownHookManager: Deleting directory /tmp/spark-6da90d7d-e6a9-49a1-b7d4-fe8b3225b01e
[2024-09-14T20:31:55.672+0000] {spark_submit.py:579} INFO - 24/09/14 20:31:55 INFO ShutdownHookManager: Deleting directory /tmp/spark-6da90d7d-e6a9-49a1-b7d4-fe8b3225b01e/pyspark-da74ae62-413e-45a9-9e9c-0c80d4b05afe
[2024-09-14T20:31:55.689+0000] {spark_submit.py:579} INFO - 24/09/14 20:31:55 INFO ShutdownHookManager: Deleting directory /tmp/spark-7321cb4b-cf77-4c85-819b-7561bd9fd4f4
[2024-09-14T20:31:56.269+0000] {job.py:229} INFO - Heartbeat recovered after 22.42 seconds
[2024-09-14T20:31:56.326+0000] {taskinstance.py:3310} ERROR - Task failed with exception
Traceback (most recent call last):
  File "/home/airflow/.local/lib/python3.12/site-packages/airflow/models/taskinstance.py", line 767, in _execute_task
    result = _execute_callable(context=context, **execute_callable_kwargs)
             ^^^^^^^^^^^^^^^^^^^^^^^^^^^^^^^^^^^^^^^^^^^^^^^^^^^^^^^^^^^^^
  File "/home/airflow/.local/lib/python3.12/site-packages/airflow/models/taskinstance.py", line 733, in _execute_callable
    return ExecutionCallableRunner(
           ^^^^^^^^^^^^^^^^^^^^^^^^
  File "/home/airflow/.local/lib/python3.12/site-packages/airflow/utils/operator_helpers.py", line 252, in run
    return self.func(*args, **kwargs)
           ^^^^^^^^^^^^^^^^^^^^^^^^^^
  File "/home/airflow/.local/lib/python3.12/site-packages/airflow/models/baseoperator.py", line 406, in wrapper
    return func(self, *args, **kwargs)
           ^^^^^^^^^^^^^^^^^^^^^^^^^^^
  File "/home/airflow/.local/lib/python3.12/site-packages/airflow/providers/apache/spark/operators/spark_submit.py", line 174, in execute
    self._hook.submit(self.application)
  File "/home/airflow/.local/lib/python3.12/site-packages/airflow/providers/apache/spark/hooks/spark_submit.py", line 505, in submit
    raise AirflowException(
airflow.exceptions.AirflowException: Cannot execute: spark-submit --master spark://spark-master:7077 --conf spark.master=spark://spark-master:7077 --name arrow-spark --verbose --deploy-mode client /opt/***/dags/air_train_model.py. Error code is: 1.
[2024-09-14T20:31:56.472+0000] {taskinstance.py:1225} INFO - Marking task as UP_FOR_RETRY. dag_id=airbnb_model, task_id=train_model, run_id=manual__2024-09-14T17:50:30.952450+00:00, execution_date=20240914T175030, start_date=20240914T203035, end_date=20240914T203156
[2024-09-14T20:31:56.613+0000] {taskinstance.py:340} INFO - ::group::Post task execution logs
[2024-09-14T20:31:56.615+0000] {standard_task_runner.py:124} ERROR - Failed to execute job 678 for task train_model (Cannot execute: spark-submit --master spark://spark-master:7077 --conf spark.master=spark://spark-master:7077 --name arrow-spark --verbose --deploy-mode client /opt/***/dags/air_train_model.py. Error code is: 1.; 13214)
Traceback (most recent call last):
  File "/home/airflow/.local/lib/python3.12/site-packages/airflow/task/task_runner/standard_task_runner.py", line 117, in _start_by_fork
    ret = args.func(args, dag=self.dag)
          ^^^^^^^^^^^^^^^^^^^^^^^^^^^^^
  File "/home/airflow/.local/lib/python3.12/site-packages/airflow/cli/cli_config.py", line 49, in command
    return func(*args, **kwargs)
           ^^^^^^^^^^^^^^^^^^^^^
  File "/home/airflow/.local/lib/python3.12/site-packages/airflow/utils/cli.py", line 115, in wrapper
    return f(*args, **kwargs)
           ^^^^^^^^^^^^^^^^^^
  File "/home/airflow/.local/lib/python3.12/site-packages/airflow/cli/commands/task_command.py", line 483, in task_run
    task_return_code = _run_task_by_selected_method(args, _dag, ti)
                       ^^^^^^^^^^^^^^^^^^^^^^^^^^^^^^^^^^^^^^^^^^^^
  File "/home/airflow/.local/lib/python3.12/site-packages/airflow/cli/commands/task_command.py", line 256, in _run_task_by_selected_method
    return _run_raw_task(args, ti)
           ^^^^^^^^^^^^^^^^^^^^^^^
  File "/home/airflow/.local/lib/python3.12/site-packages/airflow/cli/commands/task_command.py", line 341, in _run_raw_task
    return ti._run_raw_task(
           ^^^^^^^^^^^^^^^^^
  File "/home/airflow/.local/lib/python3.12/site-packages/airflow/utils/session.py", line 97, in wrapper
    return func(*args, session=session, **kwargs)
           ^^^^^^^^^^^^^^^^^^^^^^^^^^^^^^^^^^^^^^
  File "/home/airflow/.local/lib/python3.12/site-packages/airflow/models/taskinstance.py", line 3004, in _run_raw_task
    return _run_raw_task(
           ^^^^^^^^^^^^^^
  File "/home/airflow/.local/lib/python3.12/site-packages/airflow/models/taskinstance.py", line 273, in _run_raw_task
    TaskInstance._execute_task_with_callbacks(
  File "/home/airflow/.local/lib/python3.12/site-packages/airflow/models/taskinstance.py", line 3158, in _execute_task_with_callbacks
    result = self._execute_task(context, task_orig)
             ^^^^^^^^^^^^^^^^^^^^^^^^^^^^^^^^^^^^^^
  File "/home/airflow/.local/lib/python3.12/site-packages/airflow/models/taskinstance.py", line 3182, in _execute_task
    return _execute_task(self, context, task_orig)
           ^^^^^^^^^^^^^^^^^^^^^^^^^^^^^^^^^^^^^^^
  File "/home/airflow/.local/lib/python3.12/site-packages/airflow/models/taskinstance.py", line 767, in _execute_task
    result = _execute_callable(context=context, **execute_callable_kwargs)
             ^^^^^^^^^^^^^^^^^^^^^^^^^^^^^^^^^^^^^^^^^^^^^^^^^^^^^^^^^^^^^
  File "/home/airflow/.local/lib/python3.12/site-packages/airflow/models/taskinstance.py", line 733, in _execute_callable
    return ExecutionCallableRunner(
           ^^^^^^^^^^^^^^^^^^^^^^^^
  File "/home/airflow/.local/lib/python3.12/site-packages/airflow/utils/operator_helpers.py", line 252, in run
    return self.func(*args, **kwargs)
           ^^^^^^^^^^^^^^^^^^^^^^^^^^
  File "/home/airflow/.local/lib/python3.12/site-packages/airflow/models/baseoperator.py", line 406, in wrapper
    return func(self, *args, **kwargs)
           ^^^^^^^^^^^^^^^^^^^^^^^^^^^
  File "/home/airflow/.local/lib/python3.12/site-packages/airflow/providers/apache/spark/operators/spark_submit.py", line 174, in execute
    self._hook.submit(self.application)
  File "/home/airflow/.local/lib/python3.12/site-packages/airflow/providers/apache/spark/hooks/spark_submit.py", line 505, in submit
    raise AirflowException(
airflow.exceptions.AirflowException: Cannot execute: spark-submit --master spark://spark-master:7077 --conf spark.master=spark://spark-master:7077 --name arrow-spark --verbose --deploy-mode client /opt/***/dags/air_train_model.py. Error code is: 1.
[2024-09-14T20:31:56.724+0000] {local_task_job_runner.py:266} INFO - Task exited with return code 1
[2024-09-14T20:31:56.843+0000] {taskinstance.py:3900} INFO - 0 downstream tasks scheduled from follow-on schedule check
[2024-09-14T20:31:56.848+0000] {local_task_job_runner.py:245} INFO - ::endgroup::
