[2024-09-13T17:38:14.541+0000] {local_task_job_runner.py:123} INFO - ::group::Pre task execution logs
[2024-09-13T17:38:14.613+0000] {taskinstance.py:2612} INFO - Dependencies all met for dep_context=non-requeueable deps ti=<TaskInstance: spark_find_makers_dag.spark_submit_task manual__2024-09-13T17:38:10.352806+00:00 [queued]>
[2024-09-13T17:38:14.650+0000] {taskinstance.py:2612} INFO - Dependencies all met for dep_context=requeueable deps ti=<TaskInstance: spark_find_makers_dag.spark_submit_task manual__2024-09-13T17:38:10.352806+00:00 [queued]>
[2024-09-13T17:38:14.651+0000] {taskinstance.py:2865} INFO - Starting attempt 1 of 4
[2024-09-13T17:38:14.697+0000] {taskinstance.py:2888} INFO - Executing <Task(SparkSubmitOperator): spark_submit_task> on 2024-09-13 17:38:10.352806+00:00
[2024-09-13T17:38:14.768+0000] {standard_task_runner.py:104} INFO - Running: ['***', 'tasks', 'run', 'spark_find_makers_dag', 'spark_submit_task', 'manual__2024-09-13T17:38:10.352806+00:00', '--job-id', '660', '--raw', '--subdir', 'DAGS_FOLDER/spark_sql_dag.py', '--cfg-path', '/tmp/tmpowkaul0z']
[2024-09-13T17:38:14.791+0000] {logging_mixin.py:190} WARNING - /home/***/.local/lib/python3.12/site-packages/***/task/task_runner/standard_task_runner.py:70 DeprecationWarning: This process (pid=272) is multi-threaded, use of fork() may lead to deadlocks in the child.
[2024-09-13T17:38:14.811+0000] {standard_task_runner.py:105} INFO - Job 660: Subtask spark_submit_task
[2024-09-13T17:38:14.811+0000] {standard_task_runner.py:72} INFO - Started process 273 to run task
[2024-09-13T17:38:15.114+0000] {task_command.py:467} INFO - Running <TaskInstance: spark_find_makers_dag.spark_submit_task manual__2024-09-13T17:38:10.352806+00:00 [running]> on host 0a6548a20a3d
[2024-09-13T17:38:15.624+0000] {taskinstance.py:3131} INFO - Exporting env vars: AIRFLOW_CTX_DAG_OWNER='Denis' AIRFLOW_CTX_DAG_ID='spark_find_makers_dag' AIRFLOW_CTX_TASK_ID='spark_submit_task' AIRFLOW_CTX_EXECUTION_DATE='2024-09-13T17:38:10.352806+00:00' AIRFLOW_CTX_TRY_NUMBER='1' AIRFLOW_CTX_DAG_RUN_ID='manual__2024-09-13T17:38:10.352806+00:00'
[2024-09-13T17:38:15.629+0000] {taskinstance.py:731} INFO - ::endgroup::
[2024-09-13T17:38:15.939+0000] {base.py:84} INFO - Retrieving connection 'spark_default'
[2024-09-13T17:38:15.945+0000] {spark_submit.py:403} INFO - Spark-Submit cmd: spark-submit --master spark://spark-master:7077 --conf spark.master=spark://spark-master:7077 --name arrow-spark --verbose --deploy-mode client /opt/***/dags/spark_job.py
[2024-09-13T17:38:23.698+0000] {spark_submit.py:579} INFO - Using properties file: null
[2024-09-13T17:38:24.039+0000] {spark_submit.py:579} INFO - Parsed arguments:
[2024-09-13T17:38:24.041+0000] {spark_submit.py:579} INFO - master                  spark://spark-master:7077
[2024-09-13T17:38:24.042+0000] {spark_submit.py:579} INFO - remote                  null
[2024-09-13T17:38:24.044+0000] {spark_submit.py:579} INFO - deployMode              client
[2024-09-13T17:38:24.046+0000] {spark_submit.py:579} INFO - executorMemory          null
[2024-09-13T17:38:24.047+0000] {spark_submit.py:579} INFO - executorCores           null
[2024-09-13T17:38:24.049+0000] {spark_submit.py:579} INFO - totalExecutorCores      null
[2024-09-13T17:38:24.050+0000] {spark_submit.py:579} INFO - propertiesFile          null
[2024-09-13T17:38:24.052+0000] {spark_submit.py:579} INFO - driverMemory            null
[2024-09-13T17:38:24.054+0000] {spark_submit.py:579} INFO - driverCores             null
[2024-09-13T17:38:24.056+0000] {spark_submit.py:579} INFO - driverExtraClassPath    null
[2024-09-13T17:38:24.059+0000] {spark_submit.py:579} INFO - driverExtraLibraryPath  null
[2024-09-13T17:38:24.061+0000] {spark_submit.py:579} INFO - driverExtraJavaOptions  null
[2024-09-13T17:38:24.062+0000] {spark_submit.py:579} INFO - supervise               false
[2024-09-13T17:38:24.063+0000] {spark_submit.py:579} INFO - queue                   null
[2024-09-13T17:38:24.064+0000] {spark_submit.py:579} INFO - numExecutors            null
[2024-09-13T17:38:24.065+0000] {spark_submit.py:579} INFO - files                   null
[2024-09-13T17:38:24.066+0000] {spark_submit.py:579} INFO - pyFiles                 null
[2024-09-13T17:38:24.067+0000] {spark_submit.py:579} INFO - archives                null
[2024-09-13T17:38:24.069+0000] {spark_submit.py:579} INFO - mainClass               null
[2024-09-13T17:38:24.070+0000] {spark_submit.py:579} INFO - primaryResource         file:/opt/***/dags/spark_job.py
[2024-09-13T17:38:24.071+0000] {spark_submit.py:579} INFO - name                    arrow-spark
[2024-09-13T17:38:24.073+0000] {spark_submit.py:579} INFO - childArgs               []
[2024-09-13T17:38:24.074+0000] {spark_submit.py:579} INFO - jars                    null
[2024-09-13T17:38:24.076+0000] {spark_submit.py:579} INFO - packages                null
[2024-09-13T17:38:24.077+0000] {spark_submit.py:579} INFO - packagesExclusions      null
[2024-09-13T17:38:24.078+0000] {spark_submit.py:579} INFO - repositories            null
[2024-09-13T17:38:24.080+0000] {spark_submit.py:579} INFO - verbose                 true
[2024-09-13T17:38:24.081+0000] {spark_submit.py:579} INFO - 
[2024-09-13T17:38:24.083+0000] {spark_submit.py:579} INFO - Spark properties used, including those specified through
[2024-09-13T17:38:24.084+0000] {spark_submit.py:579} INFO - --conf and those from the properties file null:
[2024-09-13T17:38:24.085+0000] {spark_submit.py:579} INFO - (spark.master,spark://spark-master:7077)
[2024-09-13T17:38:24.087+0000] {spark_submit.py:579} INFO - 
[2024-09-13T17:38:24.089+0000] {spark_submit.py:579} INFO - 
[2024-09-13T17:38:25.016+0000] {spark_submit.py:579} INFO - Main class:
[2024-09-13T17:38:25.018+0000] {spark_submit.py:579} INFO - org.apache.spark.deploy.PythonRunner
[2024-09-13T17:38:25.019+0000] {spark_submit.py:579} INFO - Arguments:
[2024-09-13T17:38:25.020+0000] {spark_submit.py:579} INFO - file:/opt/***/dags/spark_job.py
[2024-09-13T17:38:25.023+0000] {spark_submit.py:579} INFO - null
[2024-09-13T17:38:25.030+0000] {spark_submit.py:579} INFO - Spark config:
[2024-09-13T17:38:25.031+0000] {spark_submit.py:579} INFO - (spark.app.name,arrow-spark)
[2024-09-13T17:38:25.032+0000] {spark_submit.py:579} INFO - (spark.app.submitTime,1726249104965)
[2024-09-13T17:38:25.033+0000] {spark_submit.py:579} INFO - (spark.master,spark://spark-master:7077)
[2024-09-13T17:38:25.035+0000] {spark_submit.py:579} INFO - (spark.submit.deployMode,client)
[2024-09-13T17:38:25.036+0000] {spark_submit.py:579} INFO - (spark.submit.pyFiles,)
[2024-09-13T17:38:25.038+0000] {spark_submit.py:579} INFO - Classpath elements:
[2024-09-13T17:38:25.040+0000] {spark_submit.py:579} INFO - 
[2024-09-13T17:38:25.041+0000] {spark_submit.py:579} INFO - 
[2024-09-13T17:38:25.042+0000] {spark_submit.py:579} INFO - 
[2024-09-13T17:38:27.861+0000] {spark_submit.py:579} INFO - 24/09/13 17:38:27 INFO SparkContext: Running Spark version 3.5.2
[2024-09-13T17:38:27.866+0000] {spark_submit.py:579} INFO - 24/09/13 17:38:27 INFO SparkContext: OS info Linux, 5.15.153.1-microsoft-standard-WSL2, amd64
[2024-09-13T17:38:27.867+0000] {spark_submit.py:579} INFO - 24/09/13 17:38:27 INFO SparkContext: Java version 17.0.12
[2024-09-13T17:38:28.073+0000] {spark_submit.py:579} INFO - 24/09/13 17:38:28 WARN NativeCodeLoader: Unable to load native-hadoop library for your platform... using builtin-java classes where applicable
[2024-09-13T17:38:28.323+0000] {spark_submit.py:579} INFO - 24/09/13 17:38:28 INFO ResourceUtils: ==============================================================
[2024-09-13T17:38:28.324+0000] {spark_submit.py:579} INFO - 24/09/13 17:38:28 INFO ResourceUtils: No custom resources configured for spark.driver.
[2024-09-13T17:38:28.325+0000] {spark_submit.py:579} INFO - 24/09/13 17:38:28 INFO ResourceUtils: ==============================================================
[2024-09-13T17:38:28.326+0000] {spark_submit.py:579} INFO - 24/09/13 17:38:28 INFO SparkContext: Submitted application: SparkJob
[2024-09-13T17:38:28.385+0000] {spark_submit.py:579} INFO - 24/09/13 17:38:28 INFO ResourceProfile: Default ResourceProfile created, executor resources: Map(cores -> name: cores, amount: 1, script: , vendor: , memory -> name: memory, amount: 1024, script: , vendor: , offHeap -> name: offHeap, amount: 0, script: , vendor: ), task resources: Map(cpus -> name: cpus, amount: 1.0)
[2024-09-13T17:38:28.402+0000] {spark_submit.py:579} INFO - 24/09/13 17:38:28 INFO ResourceProfile: Limiting resource is cpu
[2024-09-13T17:38:28.405+0000] {spark_submit.py:579} INFO - 24/09/13 17:38:28 INFO ResourceProfileManager: Added ResourceProfile id: 0
[2024-09-13T17:38:28.608+0000] {spark_submit.py:579} INFO - 24/09/13 17:38:28 INFO SecurityManager: Changing view acls to: ***
[2024-09-13T17:38:28.610+0000] {spark_submit.py:579} INFO - 24/09/13 17:38:28 INFO SecurityManager: Changing modify acls to: ***
[2024-09-13T17:38:28.611+0000] {spark_submit.py:579} INFO - 24/09/13 17:38:28 INFO SecurityManager: Changing view acls groups to:
[2024-09-13T17:38:28.613+0000] {spark_submit.py:579} INFO - 24/09/13 17:38:28 INFO SecurityManager: Changing modify acls groups to:
[2024-09-13T17:38:28.615+0000] {spark_submit.py:579} INFO - 24/09/13 17:38:28 INFO SecurityManager: SecurityManager: authentication disabled; ui acls disabled; users with view permissions: ***; groups with view permissions: EMPTY; users with modify permissions: ***; groups with modify permissions: EMPTY
[2024-09-13T17:38:29.495+0000] {spark_submit.py:579} INFO - 24/09/13 17:38:29 INFO Utils: Successfully started service 'sparkDriver' on port 45507.
[2024-09-13T17:38:29.678+0000] {spark_submit.py:579} INFO - 24/09/13 17:38:29 INFO SparkEnv: Registering MapOutputTracker
[2024-09-13T17:38:29.876+0000] {spark_submit.py:579} INFO - 24/09/13 17:38:29 INFO SparkEnv: Registering BlockManagerMaster
[2024-09-13T17:38:30.036+0000] {spark_submit.py:579} INFO - 24/09/13 17:38:30 INFO BlockManagerMasterEndpoint: Using org.apache.spark.storage.DefaultTopologyMapper for getting topology information
[2024-09-13T17:38:30.038+0000] {spark_submit.py:579} INFO - 24/09/13 17:38:30 INFO BlockManagerMasterEndpoint: BlockManagerMasterEndpoint up
[2024-09-13T17:38:30.050+0000] {spark_submit.py:579} INFO - 24/09/13 17:38:30 INFO SparkEnv: Registering BlockManagerMasterHeartbeat
[2024-09-13T17:38:30.151+0000] {spark_submit.py:579} INFO - 24/09/13 17:38:30 INFO DiskBlockManager: Created local directory at /tmp/blockmgr-3f0d0fc0-c66b-42a8-ade1-40d5b5ec18c1
[2024-09-13T17:38:30.183+0000] {spark_submit.py:579} INFO - 24/09/13 17:38:30 INFO MemoryStore: MemoryStore started with capacity 434.4 MiB
[2024-09-13T17:38:30.221+0000] {spark_submit.py:579} INFO - 24/09/13 17:38:30 INFO SparkEnv: Registering OutputCommitCoordinator
[2024-09-13T17:38:30.703+0000] {spark_submit.py:579} INFO - 24/09/13 17:38:30 INFO JettyUtils: Start Jetty 0.0.0.0:4040 for SparkUI
[2024-09-13T17:38:30.895+0000] {spark_submit.py:579} INFO - 24/09/13 17:38:30 INFO Utils: Successfully started service 'SparkUI' on port 4040.
[2024-09-13T17:38:31.176+0000] {spark_submit.py:579} INFO - 24/09/13 17:38:31 INFO Executor: Starting executor ID driver on host 0a6548a20a3d
[2024-09-13T17:38:31.177+0000] {spark_submit.py:579} INFO - 24/09/13 17:38:31 INFO Executor: OS info Linux, 5.15.153.1-microsoft-standard-WSL2, amd64
[2024-09-13T17:38:31.179+0000] {spark_submit.py:579} INFO - 24/09/13 17:38:31 INFO Executor: Java version 17.0.12
[2024-09-13T17:38:31.197+0000] {spark_submit.py:579} INFO - 24/09/13 17:38:31 INFO Executor: Starting executor with user classpath (userClassPathFirst = false): ''
[2024-09-13T17:38:31.200+0000] {spark_submit.py:579} INFO - 24/09/13 17:38:31 INFO Executor: Created or updated repl class loader org.apache.spark.util.MutableURLClassLoader@7432b5cc for default.
[2024-09-13T17:38:31.257+0000] {spark_submit.py:579} INFO - 24/09/13 17:38:31 INFO Utils: Successfully started service 'org.apache.spark.network.netty.NettyBlockTransferService' on port 39303.
[2024-09-13T17:38:31.259+0000] {spark_submit.py:579} INFO - 24/09/13 17:38:31 INFO NettyBlockTransferService: Server created on 0a6548a20a3d:39303
[2024-09-13T17:38:31.262+0000] {spark_submit.py:579} INFO - 24/09/13 17:38:31 INFO BlockManager: Using org.apache.spark.storage.RandomBlockReplicationPolicy for block replication policy
[2024-09-13T17:38:31.277+0000] {spark_submit.py:579} INFO - 24/09/13 17:38:31 INFO BlockManagerMaster: Registering BlockManager BlockManagerId(driver, 0a6548a20a3d, 39303, None)
[2024-09-13T17:38:31.285+0000] {spark_submit.py:579} INFO - 24/09/13 17:38:31 INFO BlockManagerMasterEndpoint: Registering block manager 0a6548a20a3d:39303 with 434.4 MiB RAM, BlockManagerId(driver, 0a6548a20a3d, 39303, None)
[2024-09-13T17:38:31.289+0000] {spark_submit.py:579} INFO - 24/09/13 17:38:31 INFO BlockManagerMaster: Registered BlockManager BlockManagerId(driver, 0a6548a20a3d, 39303, None)
[2024-09-13T17:38:31.292+0000] {spark_submit.py:579} INFO - 24/09/13 17:38:31 INFO BlockManager: Initialized BlockManager: BlockManagerId(driver, 0a6548a20a3d, 39303, None)
[2024-09-13T17:38:34.299+0000] {spark_submit.py:579} INFO - 24/09/13 17:38:34 INFO SharedState: Setting hive.metastore.warehouse.dir ('null') to the value of spark.sql.warehouse.dir.
[2024-09-13T17:38:34.326+0000] {spark_submit.py:579} INFO - 24/09/13 17:38:34 INFO SharedState: Warehouse path is 'file:/user/hive/warehouse'.
[2024-09-13T17:38:38.474+0000] {spark_submit.py:579} INFO - 24/09/13 17:38:38 INFO InMemoryFileIndex: It took 230 ms to list leaf files for 1 paths.
[2024-09-13T17:38:43.771+0000] {spark_submit.py:579} INFO - 24/09/13 17:38:43 INFO InMemoryFileIndex: It took 17 ms to list leaf files for 1 paths.
[2024-09-13T17:38:44.762+0000] {spark_submit.py:579} INFO - Тип данной таблицы -  <class 'pyspark.sql.dataframe.DataFrame'>
[2024-09-13T17:38:44.919+0000] {spark_submit.py:579} INFO - 24/09/13 17:38:44 INFO HiveConf: Found configuration file null
[2024-09-13T17:38:44.939+0000] {spark_submit.py:579} INFO - 24/09/13 17:38:44 INFO HiveUtils: Initializing HiveMetastoreConnection version 2.3.9 using Spark classes.
[2024-09-13T17:38:45.487+0000] {spark_submit.py:579} INFO - 24/09/13 17:38:45 INFO HiveClientImpl: Warehouse location for Hive client (version 2.3.9) is file:/user/hive/warehouse
[2024-09-13T17:38:45.895+0000] {spark_submit.py:579} INFO - 24/09/13 17:38:45 INFO metastore: Trying to connect to metastore with URI thrift://hive-metastore:9083
[2024-09-13T17:38:45.998+0000] {spark_submit.py:579} INFO - 24/09/13 17:38:45 INFO metastore: Opened a connection to metastore, current connections: 1
[2024-09-13T17:38:46.089+0000] {spark_submit.py:579} INFO - 24/09/13 17:38:46 INFO metastore: Connected to metastore.
[2024-09-13T17:38:52.321+0000] {spark_submit.py:579} INFO - 24/09/13 17:38:52 INFO CodeGenerator: Code generated in 538.177146 ms
[2024-09-13T17:38:52.691+0000] {spark_submit.py:579} INFO - 24/09/13 17:38:52 INFO CodeGenerator: Code generated in 27.293472 ms
[2024-09-13T17:38:53.188+0000] {spark_submit.py:579} INFO - 24/09/13 17:38:53 INFO SparkContext: Starting job: listTables at NativeMethodAccessorImpl.java:0
[2024-09-13T17:38:53.255+0000] {spark_submit.py:579} INFO - 24/09/13 17:38:53 INFO DAGScheduler: Got job 0 (listTables at NativeMethodAccessorImpl.java:0) with 2 output partitions
[2024-09-13T17:38:53.257+0000] {spark_submit.py:579} INFO - 24/09/13 17:38:53 INFO DAGScheduler: Final stage: ResultStage 0 (listTables at NativeMethodAccessorImpl.java:0)
[2024-09-13T17:38:53.259+0000] {spark_submit.py:579} INFO - 24/09/13 17:38:53 INFO DAGScheduler: Parents of final stage: List()
[2024-09-13T17:38:53.263+0000] {spark_submit.py:579} INFO - 24/09/13 17:38:53 INFO DAGScheduler: Missing parents: List()
[2024-09-13T17:38:53.281+0000] {spark_submit.py:579} INFO - 24/09/13 17:38:53 INFO DAGScheduler: Submitting ResultStage 0 (SQLExecutionRDD[2] at listTables at NativeMethodAccessorImpl.java:0), which has no missing parents
[2024-09-13T17:38:53.464+0000] {spark_submit.py:579} INFO - 24/09/13 17:38:53 INFO MemoryStore: Block broadcast_0 stored as values in memory (estimated size 7.3 KiB, free 434.4 MiB)
[2024-09-13T17:38:53.660+0000] {spark_submit.py:579} INFO - 24/09/13 17:38:53 INFO MemoryStore: Block broadcast_0_piece0 stored as bytes in memory (estimated size 3.5 KiB, free 434.4 MiB)
[2024-09-13T17:38:53.672+0000] {spark_submit.py:579} INFO - 24/09/13 17:38:53 INFO BlockManagerInfo: Added broadcast_0_piece0 in memory on 0a6548a20a3d:39303 (size: 3.5 KiB, free: 434.4 MiB)
[2024-09-13T17:38:53.685+0000] {spark_submit.py:579} INFO - 24/09/13 17:38:53 INFO SparkContext: Created broadcast 0 from broadcast at DAGScheduler.scala:1585
[2024-09-13T17:38:53.765+0000] {spark_submit.py:579} INFO - 24/09/13 17:38:53 INFO DAGScheduler: Submitting 2 missing tasks from ResultStage 0 (SQLExecutionRDD[2] at listTables at NativeMethodAccessorImpl.java:0) (first 15 tasks are for partitions Vector(0, 1))
[2024-09-13T17:38:53.770+0000] {spark_submit.py:579} INFO - 24/09/13 17:38:53 INFO TaskSchedulerImpl: Adding task set 0.0 with 2 tasks resource profile 0
[2024-09-13T17:38:53.992+0000] {spark_submit.py:579} INFO - 24/09/13 17:38:53 INFO TaskSetManager: Starting task 0.0 in stage 0.0 (TID 0) (0a6548a20a3d, executor driver, partition 0, PROCESS_LOCAL, 9195 bytes)
[2024-09-13T17:38:54.001+0000] {spark_submit.py:579} INFO - 24/09/13 17:38:54 INFO TaskSetManager: Starting task 1.0 in stage 0.0 (TID 1) (0a6548a20a3d, executor driver, partition 1, PROCESS_LOCAL, 9195 bytes)
[2024-09-13T17:38:54.032+0000] {spark_submit.py:579} INFO - 24/09/13 17:38:54 INFO Executor: Running task 1.0 in stage 0.0 (TID 1)
[2024-09-13T17:38:54.034+0000] {spark_submit.py:579} INFO - 24/09/13 17:38:54 INFO Executor: Running task 0.0 in stage 0.0 (TID 0)
[2024-09-13T17:38:54.323+0000] {spark_submit.py:579} INFO - 24/09/13 17:38:54 INFO Executor: Finished task 1.0 in stage 0.0 (TID 1). 1404 bytes result sent to driver
[2024-09-13T17:38:54.326+0000] {spark_submit.py:579} INFO - 24/09/13 17:38:54 INFO Executor: Finished task 0.0 in stage 0.0 (TID 0). 1404 bytes result sent to driver
[2024-09-13T17:38:54.363+0000] {spark_submit.py:579} INFO - 24/09/13 17:38:54 INFO TaskSetManager: Finished task 0.0 in stage 0.0 (TID 0) in 458 ms on 0a6548a20a3d (executor driver) (1/2)
[2024-09-13T17:38:54.367+0000] {spark_submit.py:579} INFO - 24/09/13 17:38:54 INFO TaskSetManager: Finished task 1.0 in stage 0.0 (TID 1) in 367 ms on 0a6548a20a3d (executor driver) (2/2)
[2024-09-13T17:38:54.372+0000] {spark_submit.py:579} INFO - 24/09/13 17:38:54 INFO TaskSchedulerImpl: Removed TaskSet 0.0, whose tasks have all completed, from pool
[2024-09-13T17:38:54.409+0000] {spark_submit.py:579} INFO - 24/09/13 17:38:54 INFO DAGScheduler: ResultStage 0 (listTables at NativeMethodAccessorImpl.java:0) finished in 1.085 s
[2024-09-13T17:38:54.427+0000] {spark_submit.py:579} INFO - 24/09/13 17:38:54 INFO DAGScheduler: Job 0 is finished. Cancelling potential speculative or zombie tasks for this job
[2024-09-13T17:38:54.429+0000] {spark_submit.py:579} INFO - 24/09/13 17:38:54 INFO TaskSchedulerImpl: Killing all running tasks in stage 0: Stage finished
[2024-09-13T17:38:54.441+0000] {spark_submit.py:579} INFO - 24/09/13 17:38:54 INFO DAGScheduler: Job 0 finished: listTables at NativeMethodAccessorImpl.java:0, took 1.247803 s
[2024-09-13T17:38:55.003+0000] {spark_submit.py:579} INFO - 24/09/13 17:38:55 INFO CodeGenerator: Code generated in 110.972643 ms
[2024-09-13T17:38:55.148+0000] {spark_submit.py:579} INFO - 24/09/13 17:38:55 INFO CodeGenerator: Code generated in 33.954053 ms
[2024-09-13T17:38:55.214+0000] {spark_submit.py:579} INFO - 24/09/13 17:38:55 INFO SparkContext: Starting job: hasNext at NativeMethodAccessorImpl.java:0
[2024-09-13T17:38:55.218+0000] {spark_submit.py:579} INFO - 24/09/13 17:38:55 INFO DAGScheduler: Got job 1 (hasNext at NativeMethodAccessorImpl.java:0) with 1 output partitions
[2024-09-13T17:38:55.219+0000] {spark_submit.py:579} INFO - 24/09/13 17:38:55 INFO DAGScheduler: Final stage: ResultStage 1 (hasNext at NativeMethodAccessorImpl.java:0)
[2024-09-13T17:38:55.220+0000] {spark_submit.py:579} INFO - 24/09/13 17:38:55 INFO DAGScheduler: Parents of final stage: List()
[2024-09-13T17:38:55.222+0000] {spark_submit.py:579} INFO - 24/09/13 17:38:55 INFO DAGScheduler: Missing parents: List()
[2024-09-13T17:38:55.223+0000] {spark_submit.py:579} INFO - 24/09/13 17:38:55 INFO DAGScheduler: Submitting ResultStage 1 (MapPartitionsRDD[6] at toLocalIterator at NativeMethodAccessorImpl.java:0), which has no missing parents
[2024-09-13T17:38:55.231+0000] {spark_submit.py:579} INFO - 24/09/13 17:38:55 INFO MemoryStore: Block broadcast_1 stored as values in memory (estimated size 5.5 KiB, free 434.4 MiB)
[2024-09-13T17:38:55.249+0000] {spark_submit.py:579} INFO - 24/09/13 17:38:55 INFO MemoryStore: Block broadcast_1_piece0 stored as bytes in memory (estimated size 3.0 KiB, free 434.4 MiB)
[2024-09-13T17:38:55.251+0000] {spark_submit.py:579} INFO - 24/09/13 17:38:55 INFO BlockManagerInfo: Added broadcast_1_piece0 in memory on 0a6548a20a3d:39303 (size: 3.0 KiB, free: 434.4 MiB)
[2024-09-13T17:38:55.254+0000] {spark_submit.py:579} INFO - 24/09/13 17:38:55 INFO SparkContext: Created broadcast 1 from broadcast at DAGScheduler.scala:1585
[2024-09-13T17:38:55.257+0000] {spark_submit.py:579} INFO - 24/09/13 17:38:55 INFO DAGScheduler: Submitting 1 missing tasks from ResultStage 1 (MapPartitionsRDD[6] at toLocalIterator at NativeMethodAccessorImpl.java:0) (first 15 tasks are for partitions Vector(0))
[2024-09-13T17:38:55.258+0000] {spark_submit.py:579} INFO - 24/09/13 17:38:55 INFO TaskSchedulerImpl: Adding task set 1.0 with 1 tasks resource profile 0
[2024-09-13T17:38:55.263+0000] {spark_submit.py:579} INFO - 24/09/13 17:38:55 INFO TaskSetManager: Starting task 0.0 in stage 1.0 (TID 2) (0a6548a20a3d, executor driver, partition 0, PROCESS_LOCAL, 9243 bytes)
[2024-09-13T17:38:55.265+0000] {spark_submit.py:579} INFO - 24/09/13 17:38:55 INFO Executor: Running task 0.0 in stage 1.0 (TID 2)
[2024-09-13T17:38:55.389+0000] {spark_submit.py:579} INFO - 24/09/13 17:38:55 INFO Executor: Finished task 0.0 in stage 1.0 (TID 2). 1373 bytes result sent to driver
[2024-09-13T17:38:55.396+0000] {spark_submit.py:579} INFO - 24/09/13 17:38:55 INFO TaskSetManager: Finished task 0.0 in stage 1.0 (TID 2) in 135 ms on 0a6548a20a3d (executor driver) (1/1)
[2024-09-13T17:38:55.397+0000] {spark_submit.py:579} INFO - 24/09/13 17:38:55 INFO TaskSchedulerImpl: Removed TaskSet 1.0, whose tasks have all completed, from pool
[2024-09-13T17:38:55.398+0000] {spark_submit.py:579} INFO - 24/09/13 17:38:55 INFO DAGScheduler: ResultStage 1 (hasNext at NativeMethodAccessorImpl.java:0) finished in 0.173 s
[2024-09-13T17:38:55.400+0000] {spark_submit.py:579} INFO - 24/09/13 17:38:55 INFO DAGScheduler: Job 1 is finished. Cancelling potential speculative or zombie tasks for this job
[2024-09-13T17:38:55.403+0000] {spark_submit.py:579} INFO - 24/09/13 17:38:55 INFO TaskSchedulerImpl: Killing all running tasks in stage 1: Stage finished
[2024-09-13T17:38:55.404+0000] {spark_submit.py:579} INFO - 24/09/13 17:38:55 INFO DAGScheduler: Job 1 finished: hasNext at NativeMethodAccessorImpl.java:0, took 0.186016 s
[2024-09-13T17:38:55.475+0000] {spark_submit.py:579} INFO - 24/09/13 17:38:55 INFO CodeGenerator: Code generated in 36.570062 ms
[2024-09-13T17:38:55.511+0000] {spark_submit.py:579} INFO - 24/09/13 17:38:55 INFO SparkContext: Starting job: hasNext at NativeMethodAccessorImpl.java:0
[2024-09-13T17:38:55.513+0000] {spark_submit.py:579} INFO - 24/09/13 17:38:55 INFO DAGScheduler: Got job 2 (hasNext at NativeMethodAccessorImpl.java:0) with 1 output partitions
[2024-09-13T17:38:55.514+0000] {spark_submit.py:579} INFO - 24/09/13 17:38:55 INFO DAGScheduler: Final stage: ResultStage 2 (hasNext at NativeMethodAccessorImpl.java:0)
[2024-09-13T17:38:55.516+0000] {spark_submit.py:579} INFO - 24/09/13 17:38:55 INFO DAGScheduler: Parents of final stage: List()
[2024-09-13T17:38:55.518+0000] {spark_submit.py:579} INFO - 24/09/13 17:38:55 INFO DAGScheduler: Missing parents: List()
[2024-09-13T17:38:55.520+0000] {spark_submit.py:579} INFO - 24/09/13 17:38:55 INFO DAGScheduler: Submitting ResultStage 2 (MapPartitionsRDD[6] at toLocalIterator at NativeMethodAccessorImpl.java:0), which has no missing parents
[2024-09-13T17:38:55.523+0000] {spark_submit.py:579} INFO - 24/09/13 17:38:55 INFO MemoryStore: Block broadcast_2 stored as values in memory (estimated size 5.5 KiB, free 434.4 MiB)
[2024-09-13T17:38:55.536+0000] {spark_submit.py:579} INFO - 24/09/13 17:38:55 INFO MemoryStore: Block broadcast_2_piece0 stored as bytes in memory (estimated size 3.0 KiB, free 434.4 MiB)
[2024-09-13T17:38:55.540+0000] {spark_submit.py:579} INFO - 24/09/13 17:38:55 INFO BlockManagerInfo: Added broadcast_2_piece0 in memory on 0a6548a20a3d:39303 (size: 3.0 KiB, free: 434.4 MiB)
[2024-09-13T17:38:55.542+0000] {spark_submit.py:579} INFO - 24/09/13 17:38:55 INFO SparkContext: Created broadcast 2 from broadcast at DAGScheduler.scala:1585
[2024-09-13T17:38:55.544+0000] {spark_submit.py:579} INFO - 24/09/13 17:38:55 INFO DAGScheduler: Submitting 1 missing tasks from ResultStage 2 (MapPartitionsRDD[6] at toLocalIterator at NativeMethodAccessorImpl.java:0) (first 15 tasks are for partitions Vector(1))
[2024-09-13T17:38:55.545+0000] {spark_submit.py:579} INFO - 24/09/13 17:38:55 INFO TaskSchedulerImpl: Adding task set 2.0 with 1 tasks resource profile 0
[2024-09-13T17:38:55.549+0000] {spark_submit.py:579} INFO - 24/09/13 17:38:55 INFO TaskSetManager: Starting task 0.0 in stage 2.0 (TID 3) (0a6548a20a3d, executor driver, partition 1, PROCESS_LOCAL, 9243 bytes)
[2024-09-13T17:38:55.552+0000] {spark_submit.py:579} INFO - 24/09/13 17:38:55 INFO Executor: Running task 0.0 in stage 2.0 (TID 3)
[2024-09-13T17:38:55.574+0000] {spark_submit.py:579} INFO - 24/09/13 17:38:55 INFO Executor: Finished task 0.0 in stage 2.0 (TID 3). 1334 bytes result sent to driver
[2024-09-13T17:38:55.587+0000] {spark_submit.py:579} INFO - 24/09/13 17:38:55 INFO TaskSetManager: Finished task 0.0 in stage 2.0 (TID 3) in 38 ms on 0a6548a20a3d (executor driver) (1/1)
[2024-09-13T17:38:55.593+0000] {spark_submit.py:579} INFO - 24/09/13 17:38:55 INFO TaskSchedulerImpl: Removed TaskSet 2.0, whose tasks have all completed, from pool
[2024-09-13T17:38:55.595+0000] {spark_submit.py:579} INFO - 24/09/13 17:38:55 INFO DAGScheduler: ResultStage 2 (hasNext at NativeMethodAccessorImpl.java:0) finished in 0.070 s
[2024-09-13T17:38:55.596+0000] {spark_submit.py:579} INFO - 24/09/13 17:38:55 INFO DAGScheduler: Job 2 is finished. Cancelling potential speculative or zombie tasks for this job
[2024-09-13T17:38:55.598+0000] {spark_submit.py:579} INFO - 24/09/13 17:38:55 INFO TaskSchedulerImpl: Killing all running tasks in stage 2: Stage finished
[2024-09-13T17:38:55.599+0000] {spark_submit.py:579} INFO - 24/09/13 17:38:55 INFO DAGScheduler: Job 2 finished: hasNext at NativeMethodAccessorImpl.java:0, took 0.081289 s
[2024-09-13T17:38:55.610+0000] {spark_submit.py:579} INFO - Available tables: [Table(name='pc', catalog=None, namespace=[], description=None, tableType='TEMPORARY', isTemporary=True), Table(name='product', catalog=None, namespace=[], description=None, tableType='TEMPORARY', isTemporary=True)]
[2024-09-13T17:38:55.630+0000] {spark_submit.py:579} INFO - 24/09/13 17:38:55 INFO BlockManagerInfo: Removed broadcast_1_piece0 on 0a6548a20a3d:39303 in memory (size: 3.0 KiB, free: 434.4 MiB)
[2024-09-13T17:38:55.654+0000] {spark_submit.py:579} INFO - 24/09/13 17:38:55 INFO BlockManagerInfo: Removed broadcast_0_piece0 on 0a6548a20a3d:39303 in memory (size: 3.5 KiB, free: 434.4 MiB)
[2024-09-13T17:38:58.044+0000] {spark_submit.py:579} INFO - 24/09/13 17:38:58 INFO BlockManagerInfo: Removed broadcast_2_piece0 on 0a6548a20a3d:39303 in memory (size: 3.0 KiB, free: 434.4 MiB)
[2024-09-13T17:38:58.704+0000] {spark_submit.py:579} INFO - 24/09/13 17:38:58 INFO FileSourceStrategy: Pushed Filters: IsNotNull(Type),EqualTo(Type,PC)
[2024-09-13T17:38:58.706+0000] {spark_submit.py:579} INFO - 24/09/13 17:38:58 INFO FileSourceStrategy: Post-Scan Filters: isnotnull(type#16),(type#16 = PC)
[2024-09-13T17:38:58.728+0000] {spark_submit.py:579} INFO - 24/09/13 17:38:58 INFO FileSourceStrategy: Pushed Filters: IsNotNull(MODEL)
[2024-09-13T17:38:58.729+0000] {spark_submit.py:579} INFO - 24/09/13 17:38:58 INFO FileSourceStrategy: Post-Scan Filters: isnotnull(model#1)
[2024-09-13T17:38:59.130+0000] {spark_submit.py:579} INFO - 24/09/13 17:38:59 INFO CodeGenerator: Code generated in 35.123894 ms
[2024-09-13T17:38:59.177+0000] {spark_submit.py:579} INFO - 24/09/13 17:38:59 INFO MemoryStore: Block broadcast_3 stored as values in memory (estimated size 199.9 KiB, free 434.2 MiB)
[2024-09-13T17:38:59.266+0000] {spark_submit.py:579} INFO - 24/09/13 17:38:59 INFO MemoryStore: Block broadcast_3_piece0 stored as bytes in memory (estimated size 34.3 KiB, free 434.2 MiB)
[2024-09-13T17:38:59.269+0000] {spark_submit.py:579} INFO - 24/09/13 17:38:59 INFO BlockManagerInfo: Added broadcast_3_piece0 in memory on 0a6548a20a3d:39303 (size: 34.3 KiB, free: 434.4 MiB)
[2024-09-13T17:38:59.274+0000] {spark_submit.py:579} INFO - 24/09/13 17:38:59 INFO SparkContext: Created broadcast 3 from $anonfun$withThreadLocalCaptured$1 at FutureTask.java:264
[2024-09-13T17:38:59.390+0000] {spark_submit.py:579} INFO - 24/09/13 17:38:59 INFO FileSourceScanExec: Planning scan with bin packing, max size: 4194304 bytes, open cost is considered as scanning 4194304 bytes.
[2024-09-13T17:38:59.779+0000] {spark_submit.py:579} INFO - 24/09/13 17:38:59 INFO SparkContext: Starting job: $anonfun$withThreadLocalCaptured$1 at FutureTask.java:264
[2024-09-13T17:38:59.781+0000] {spark_submit.py:579} INFO - 24/09/13 17:38:59 INFO DAGScheduler: Got job 3 ($anonfun$withThreadLocalCaptured$1 at FutureTask.java:264) with 1 output partitions
[2024-09-13T17:38:59.783+0000] {spark_submit.py:579} INFO - 24/09/13 17:38:59 INFO DAGScheduler: Final stage: ResultStage 3 ($anonfun$withThreadLocalCaptured$1 at FutureTask.java:264)
[2024-09-13T17:38:59.784+0000] {spark_submit.py:579} INFO - 24/09/13 17:38:59 INFO DAGScheduler: Parents of final stage: List()
[2024-09-13T17:38:59.786+0000] {spark_submit.py:579} INFO - 24/09/13 17:38:59 INFO DAGScheduler: Missing parents: List()
[2024-09-13T17:38:59.787+0000] {spark_submit.py:579} INFO - 24/09/13 17:38:59 INFO DAGScheduler: Submitting ResultStage 3 (MapPartitionsRDD[10] at $anonfun$withThreadLocalCaptured$1 at FutureTask.java:264), which has no missing parents
[2024-09-13T17:38:59.795+0000] {spark_submit.py:579} INFO - 24/09/13 17:38:59 INFO MemoryStore: Block broadcast_4 stored as values in memory (estimated size 15.1 KiB, free 434.2 MiB)
[2024-09-13T17:38:59.810+0000] {spark_submit.py:579} INFO - 24/09/13 17:38:59 INFO MemoryStore: Block broadcast_4_piece0 stored as bytes in memory (estimated size 7.5 KiB, free 434.1 MiB)
[2024-09-13T17:38:59.813+0000] {spark_submit.py:579} INFO - 24/09/13 17:38:59 INFO BlockManagerInfo: Added broadcast_4_piece0 in memory on 0a6548a20a3d:39303 (size: 7.5 KiB, free: 434.4 MiB)
[2024-09-13T17:38:59.816+0000] {spark_submit.py:579} INFO - 24/09/13 17:38:59 INFO SparkContext: Created broadcast 4 from broadcast at DAGScheduler.scala:1585
[2024-09-13T17:38:59.818+0000] {spark_submit.py:579} INFO - 24/09/13 17:38:59 INFO DAGScheduler: Submitting 1 missing tasks from ResultStage 3 (MapPartitionsRDD[10] at $anonfun$withThreadLocalCaptured$1 at FutureTask.java:264) (first 15 tasks are for partitions Vector(0))
[2024-09-13T17:38:59.819+0000] {spark_submit.py:579} INFO - 24/09/13 17:38:59 INFO TaskSchedulerImpl: Adding task set 3.0 with 1 tasks resource profile 0
[2024-09-13T17:38:59.830+0000] {spark_submit.py:579} INFO - 24/09/13 17:38:59 INFO TaskSetManager: Starting task 0.0 in stage 3.0 (TID 4) (0a6548a20a3d, executor driver, partition 0, PROCESS_LOCAL, 9600 bytes)
[2024-09-13T17:38:59.834+0000] {spark_submit.py:579} INFO - 24/09/13 17:38:59 INFO Executor: Running task 0.0 in stage 3.0 (TID 4)
[2024-09-13T17:38:59.974+0000] {spark_submit.py:579} INFO - 24/09/13 17:38:59 INFO CodeGenerator: Code generated in 29.128971 ms
[2024-09-13T17:38:59.982+0000] {spark_submit.py:579} INFO - 24/09/13 17:38:59 INFO FileScanRDD: Reading File path: file:///opt/***/datasets/pc/pc.txt, range: 0-304, partition values: [empty row]
[2024-09-13T17:39:00.024+0000] {spark_submit.py:579} INFO - 24/09/13 17:39:00 INFO CodeGenerator: Code generated in 31.045802 ms
[2024-09-13T17:39:00.103+0000] {spark_submit.py:579} INFO - 24/09/13 17:39:00 INFO CodeGenerator: Code generated in 11.3014 ms
[2024-09-13T17:39:00.224+0000] {spark_submit.py:579} INFO - 24/09/13 17:39:00 INFO Executor: Finished task 0.0 in stage 3.0 (TID 4). 1733 bytes result sent to driver
[2024-09-13T17:39:00.229+0000] {spark_submit.py:579} INFO - 24/09/13 17:39:00 INFO TaskSetManager: Finished task 0.0 in stage 3.0 (TID 4) in 408 ms on 0a6548a20a3d (executor driver) (1/1)
[2024-09-13T17:39:00.236+0000] {spark_submit.py:579} INFO - 24/09/13 17:39:00 INFO TaskSchedulerImpl: Removed TaskSet 3.0, whose tasks have all completed, from pool
[2024-09-13T17:39:00.237+0000] {spark_submit.py:579} INFO - 24/09/13 17:39:00 INFO DAGScheduler: ResultStage 3 ($anonfun$withThreadLocalCaptured$1 at FutureTask.java:264) finished in 0.441 s
[2024-09-13T17:39:00.239+0000] {spark_submit.py:579} INFO - 24/09/13 17:39:00 INFO DAGScheduler: Job 3 is finished. Cancelling potential speculative or zombie tasks for this job
[2024-09-13T17:39:00.241+0000] {spark_submit.py:579} INFO - 24/09/13 17:39:00 INFO TaskSchedulerImpl: Killing all running tasks in stage 3: Stage finished
[2024-09-13T17:39:00.243+0000] {spark_submit.py:579} INFO - 24/09/13 17:39:00 INFO DAGScheduler: Job 3 finished: $anonfun$withThreadLocalCaptured$1 at FutureTask.java:264, took 0.455830 s
[2024-09-13T17:39:00.296+0000] {spark_submit.py:579} INFO - 24/09/13 17:39:00 INFO CodeGenerator: Code generated in 27.150533 ms
[2024-09-13T17:39:00.303+0000] {spark_submit.py:579} INFO - 24/09/13 17:39:00 INFO MemoryStore: Block broadcast_5 stored as values in memory (estimated size 1025.1 KiB, free 433.1 MiB)
[2024-09-13T17:39:00.332+0000] {spark_submit.py:579} INFO - 24/09/13 17:39:00 INFO MemoryStore: Block broadcast_5_piece0 stored as bytes in memory (estimated size 343.0 B, free 433.1 MiB)
[2024-09-13T17:39:00.336+0000] {spark_submit.py:579} INFO - 24/09/13 17:39:00 INFO BlockManagerInfo: Added broadcast_5_piece0 in memory on 0a6548a20a3d:39303 (size: 343.0 B, free: 434.4 MiB)
[2024-09-13T17:39:00.337+0000] {spark_submit.py:579} INFO - 24/09/13 17:39:00 INFO BlockManagerInfo: Removed broadcast_4_piece0 on 0a6548a20a3d:39303 in memory (size: 7.5 KiB, free: 434.4 MiB)
[2024-09-13T17:39:00.339+0000] {spark_submit.py:579} INFO - 24/09/13 17:39:00 INFO SparkContext: Created broadcast 5 from $anonfun$withThreadLocalCaptured$1 at FutureTask.java:264
[2024-09-13T17:39:00.411+0000] {spark_submit.py:579} INFO - 24/09/13 17:39:00 INFO FileSourceStrategy: Pushed Filters: IsNotNull(Type),EqualTo(Type,PC)
[2024-09-13T17:39:00.413+0000] {spark_submit.py:579} INFO - 24/09/13 17:39:00 INFO FileSourceStrategy: Post-Scan Filters: isnotnull(type#16),(type#16 = PC)
[2024-09-13T17:39:00.792+0000] {spark_submit.py:579} INFO - 24/09/13 17:39:00 INFO CodeGenerator: Code generated in 162.263212 ms
[2024-09-13T17:39:00.808+0000] {spark_submit.py:579} INFO - 24/09/13 17:39:00 INFO MemoryStore: Block broadcast_6 stored as values in memory (estimated size 199.9 KiB, free 433.0 MiB)
[2024-09-13T17:39:00.846+0000] {spark_submit.py:579} INFO - 24/09/13 17:39:00 INFO MemoryStore: Block broadcast_6_piece0 stored as bytes in memory (estimated size 34.3 KiB, free 432.9 MiB)
[2024-09-13T17:39:00.855+0000] {spark_submit.py:579} INFO - 24/09/13 17:39:00 INFO BlockManagerInfo: Added broadcast_6_piece0 in memory on 0a6548a20a3d:39303 (size: 34.3 KiB, free: 434.3 MiB)
[2024-09-13T17:39:00.859+0000] {spark_submit.py:579} INFO - 24/09/13 17:39:00 INFO SparkContext: Created broadcast 6 from saveAsTable at NativeMethodAccessorImpl.java:0
[2024-09-13T17:39:00.867+0000] {spark_submit.py:579} INFO - 24/09/13 17:39:00 INFO FileSourceScanExec: Planning scan with bin packing, max size: 4194304 bytes, open cost is considered as scanning 4194304 bytes.
[2024-09-13T17:39:01.134+0000] {spark_submit.py:579} INFO - 24/09/13 17:39:01 INFO DAGScheduler: Registering RDD 14 (saveAsTable at NativeMethodAccessorImpl.java:0) as input to shuffle 0
[2024-09-13T17:39:01.141+0000] {spark_submit.py:579} INFO - 24/09/13 17:39:01 INFO DAGScheduler: Got map stage job 4 (saveAsTable at NativeMethodAccessorImpl.java:0) with 1 output partitions
[2024-09-13T17:39:01.142+0000] {spark_submit.py:579} INFO - 24/09/13 17:39:01 INFO DAGScheduler: Final stage: ShuffleMapStage 4 (saveAsTable at NativeMethodAccessorImpl.java:0)
[2024-09-13T17:39:01.143+0000] {spark_submit.py:579} INFO - 24/09/13 17:39:01 INFO DAGScheduler: Parents of final stage: List()
[2024-09-13T17:39:01.145+0000] {spark_submit.py:579} INFO - 24/09/13 17:39:01 INFO DAGScheduler: Missing parents: List()
[2024-09-13T17:39:01.150+0000] {spark_submit.py:579} INFO - 24/09/13 17:39:01 INFO DAGScheduler: Submitting ShuffleMapStage 4 (MapPartitionsRDD[14] at saveAsTable at NativeMethodAccessorImpl.java:0), which has no missing parents
[2024-09-13T17:39:01.203+0000] {spark_submit.py:579} INFO - 24/09/13 17:39:01 INFO MemoryStore: Block broadcast_7 stored as values in memory (estimated size 52.6 KiB, free 432.9 MiB)
[2024-09-13T17:39:01.221+0000] {spark_submit.py:579} INFO - 24/09/13 17:39:01 INFO MemoryStore: Block broadcast_7_piece0 stored as bytes in memory (estimated size 24.3 KiB, free 432.9 MiB)
[2024-09-13T17:39:01.225+0000] {spark_submit.py:579} INFO - 24/09/13 17:39:01 INFO BlockManagerInfo: Added broadcast_7_piece0 in memory on 0a6548a20a3d:39303 (size: 24.3 KiB, free: 434.3 MiB)
[2024-09-13T17:39:01.238+0000] {spark_submit.py:579} INFO - 24/09/13 17:39:01 INFO SparkContext: Created broadcast 7 from broadcast at DAGScheduler.scala:1585
[2024-09-13T17:39:01.240+0000] {spark_submit.py:579} INFO - 24/09/13 17:39:01 INFO DAGScheduler: Submitting 1 missing tasks from ShuffleMapStage 4 (MapPartitionsRDD[14] at saveAsTable at NativeMethodAccessorImpl.java:0) (first 15 tasks are for partitions Vector(0))
[2024-09-13T17:39:01.242+0000] {spark_submit.py:579} INFO - 24/09/13 17:39:01 INFO TaskSchedulerImpl: Adding task set 4.0 with 1 tasks resource profile 0
[2024-09-13T17:39:01.257+0000] {spark_submit.py:579} INFO - 24/09/13 17:39:01 INFO TaskSetManager: Starting task 0.0 in stage 4.0 (TID 5) (0a6548a20a3d, executor driver, partition 0, PROCESS_LOCAL, 9599 bytes)
[2024-09-13T17:39:01.259+0000] {spark_submit.py:579} INFO - 24/09/13 17:39:01 INFO Executor: Running task 0.0 in stage 4.0 (TID 5)
[2024-09-13T17:39:01.539+0000] {spark_submit.py:579} INFO - 24/09/13 17:39:01 INFO CodeGenerator: Code generated in 178.376287 ms
[2024-09-13T17:39:01.626+0000] {spark_submit.py:579} INFO - 24/09/13 17:39:01 INFO CodeGenerator: Code generated in 53.379916 ms
[2024-09-13T17:39:01.734+0000] {spark_submit.py:579} INFO - 24/09/13 17:39:01 INFO CodeGenerator: Code generated in 15.796902 ms
[2024-09-13T17:39:01.787+0000] {spark_submit.py:579} INFO - 24/09/13 17:39:01 INFO CodeGenerator: Code generated in 24.48122 ms
[2024-09-13T17:39:01.821+0000] {spark_submit.py:579} INFO - 24/09/13 17:39:01 INFO CodeGenerator: Code generated in 16.859331 ms
[2024-09-13T17:39:01.855+0000] {spark_submit.py:579} INFO - 24/09/13 17:39:01 INFO FileScanRDD: Reading File path: file:///opt/***/datasets/product/product.txt, range: 0-205, partition values: [empty row]
[2024-09-13T17:39:01.882+0000] {spark_submit.py:579} INFO - 24/09/13 17:39:01 INFO CodeGenerator: Code generated in 20.473032 ms
[2024-09-13T17:39:01.909+0000] {spark_submit.py:579} INFO - 24/09/13 17:39:01 INFO CodeGenerator: Code generated in 14.042807 ms
[2024-09-13T17:39:02.516+0000] {spark_submit.py:579} INFO - 24/09/13 17:39:02 INFO Executor: Finished task 0.0 in stage 4.0 (TID 5). 3593 bytes result sent to driver
[2024-09-13T17:39:02.521+0000] {spark_submit.py:579} INFO - 24/09/13 17:39:02 INFO TaskSetManager: Finished task 0.0 in stage 4.0 (TID 5) in 1283 ms on 0a6548a20a3d (executor driver) (1/1)
[2024-09-13T17:39:02.525+0000] {spark_submit.py:579} INFO - 24/09/13 17:39:02 INFO TaskSchedulerImpl: Removed TaskSet 4.0, whose tasks have all completed, from pool
[2024-09-13T17:39:02.533+0000] {spark_submit.py:579} INFO - 24/09/13 17:39:02 INFO DAGScheduler: ShuffleMapStage 4 (saveAsTable at NativeMethodAccessorImpl.java:0) finished in 1.377 s
[2024-09-13T17:39:02.536+0000] {spark_submit.py:579} INFO - 24/09/13 17:39:02 INFO DAGScheduler: looking for newly runnable stages
[2024-09-13T17:39:02.538+0000] {spark_submit.py:579} INFO - 24/09/13 17:39:02 INFO DAGScheduler: running: Set()
[2024-09-13T17:39:02.540+0000] {spark_submit.py:579} INFO - 24/09/13 17:39:02 INFO DAGScheduler: waiting: Set()
[2024-09-13T17:39:02.549+0000] {spark_submit.py:579} INFO - 24/09/13 17:39:02 INFO DAGScheduler: failed: Set()
[2024-09-13T17:39:02.639+0000] {spark_submit.py:579} INFO - 24/09/13 17:39:02 INFO ShufflePartitionsUtil: For shuffle(0), advisory target size: 67108864, actual target size 1048576, minimum partition size: 1048576
[2024-09-13T17:39:02.886+0000] {spark_submit.py:579} INFO - 24/09/13 17:39:02 INFO ParquetUtils: Using default output committer for Parquet: org.apache.parquet.hadoop.ParquetOutputCommitter
[2024-09-13T17:39:02.936+0000] {spark_submit.py:579} INFO - 24/09/13 17:39:02 INFO FileOutputCommitter: File Output Committer Algorithm version is 1
[2024-09-13T17:39:02.937+0000] {spark_submit.py:579} INFO - 24/09/13 17:39:02 INFO FileOutputCommitter: FileOutputCommitter skip cleanup _temporary folders under output directory:false, ignore cleanup failures: false
[2024-09-13T17:39:02.939+0000] {spark_submit.py:579} INFO - 24/09/13 17:39:02 INFO SQLHadoopMapReduceCommitProtocol: Using user defined output committer class org.apache.parquet.hadoop.ParquetOutputCommitter
[2024-09-13T17:39:02.941+0000] {spark_submit.py:579} INFO - 24/09/13 17:39:02 INFO FileOutputCommitter: File Output Committer Algorithm version is 1
[2024-09-13T17:39:02.943+0000] {spark_submit.py:579} INFO - 24/09/13 17:39:02 INFO FileOutputCommitter: FileOutputCommitter skip cleanup _temporary folders under output directory:false, ignore cleanup failures: false
[2024-09-13T17:39:02.946+0000] {spark_submit.py:579} INFO - 24/09/13 17:39:02 INFO SQLHadoopMapReduceCommitProtocol: Using output committer class org.apache.parquet.hadoop.ParquetOutputCommitter
[2024-09-13T17:39:03.003+0000] {spark_submit.py:579} INFO - 24/09/13 17:39:03 INFO HashAggregateExec: spark.sql.codegen.aggregate.map.twolevel.enabled is set to true, but current version of codegened fast hashmap does not support this aggregate.
[2024-09-13T17:39:03.081+0000] {spark_submit.py:579} INFO - 24/09/13 17:39:03 INFO CodeGenerator: Code generated in 47.32129 ms
[2024-09-13T17:39:03.145+0000] {spark_submit.py:579} INFO - 24/09/13 17:39:03 INFO SparkContext: Starting job: saveAsTable at NativeMethodAccessorImpl.java:0
[2024-09-13T17:39:03.152+0000] {spark_submit.py:579} INFO - 24/09/13 17:39:03 INFO DAGScheduler: Got job 5 (saveAsTable at NativeMethodAccessorImpl.java:0) with 1 output partitions
[2024-09-13T17:39:03.153+0000] {spark_submit.py:579} INFO - 24/09/13 17:39:03 INFO DAGScheduler: Final stage: ResultStage 6 (saveAsTable at NativeMethodAccessorImpl.java:0)
[2024-09-13T17:39:03.155+0000] {spark_submit.py:579} INFO - 24/09/13 17:39:03 INFO DAGScheduler: Parents of final stage: List(ShuffleMapStage 5)
[2024-09-13T17:39:03.156+0000] {spark_submit.py:579} INFO - 24/09/13 17:39:03 INFO DAGScheduler: Missing parents: List()
[2024-09-13T17:39:03.158+0000] {spark_submit.py:579} INFO - 24/09/13 17:39:03 INFO DAGScheduler: Submitting ResultStage 6 (MapPartitionsRDD[17] at saveAsTable at NativeMethodAccessorImpl.java:0), which has no missing parents
[2024-09-13T17:39:03.280+0000] {spark_submit.py:579} INFO - 24/09/13 17:39:03 INFO MemoryStore: Block broadcast_8 stored as values in memory (estimated size 252.8 KiB, free 432.6 MiB)
[2024-09-13T17:39:03.300+0000] {spark_submit.py:579} INFO - 24/09/13 17:39:03 INFO MemoryStore: Block broadcast_8_piece0 stored as bytes in memory (estimated size 94.5 KiB, free 432.5 MiB)
[2024-09-13T17:39:03.302+0000] {spark_submit.py:579} INFO - 24/09/13 17:39:03 INFO BlockManagerInfo: Added broadcast_8_piece0 in memory on 0a6548a20a3d:39303 (size: 94.5 KiB, free: 434.2 MiB)
[2024-09-13T17:39:03.306+0000] {spark_submit.py:579} INFO - 24/09/13 17:39:03 INFO BlockManagerInfo: Removed broadcast_7_piece0 on 0a6548a20a3d:39303 in memory (size: 24.3 KiB, free: 434.2 MiB)
[2024-09-13T17:39:03.307+0000] {spark_submit.py:579} INFO - 24/09/13 17:39:03 INFO SparkContext: Created broadcast 8 from broadcast at DAGScheduler.scala:1585
[2024-09-13T17:39:03.309+0000] {spark_submit.py:579} INFO - 24/09/13 17:39:03 INFO DAGScheduler: Submitting 1 missing tasks from ResultStage 6 (MapPartitionsRDD[17] at saveAsTable at NativeMethodAccessorImpl.java:0) (first 15 tasks are for partitions Vector(0))
[2024-09-13T17:39:03.311+0000] {spark_submit.py:579} INFO - 24/09/13 17:39:03 INFO TaskSchedulerImpl: Adding task set 6.0 with 1 tasks resource profile 0
[2024-09-13T17:39:03.329+0000] {spark_submit.py:579} INFO - 24/09/13 17:39:03 INFO TaskSetManager: Starting task 0.0 in stage 6.0 (TID 6) (0a6548a20a3d, executor driver, partition 0, NODE_LOCAL, 8999 bytes)
[2024-09-13T17:39:03.334+0000] {spark_submit.py:579} INFO - 24/09/13 17:39:03 INFO Executor: Running task 0.0 in stage 6.0 (TID 6)
[2024-09-13T17:39:03.808+0000] {spark_submit.py:579} INFO - 24/09/13 17:39:03 INFO ShuffleBlockFetcherIterator: Getting 1 (240.0 B) non-empty blocks including 1 (240.0 B) local and 0 (0.0 B) host-local and 0 (0.0 B) push-merged-local and 0 (0.0 B) remote blocks
[2024-09-13T17:39:03.819+0000] {spark_submit.py:579} INFO - 24/09/13 17:39:03 INFO ShuffleBlockFetcherIterator: Started 0 remote fetches in 42 ms
[2024-09-13T17:39:03.898+0000] {spark_submit.py:579} INFO - 24/09/13 17:39:03 INFO CodeGenerator: Code generated in 64.414101 ms
[2024-09-13T17:39:03.904+0000] {spark_submit.py:579} INFO - 24/09/13 17:39:03 INFO FileOutputCommitter: File Output Committer Algorithm version is 1
[2024-09-13T17:39:03.905+0000] {spark_submit.py:579} INFO - 24/09/13 17:39:03 INFO FileOutputCommitter: FileOutputCommitter skip cleanup _temporary folders under output directory:false, ignore cleanup failures: false
[2024-09-13T17:39:03.906+0000] {spark_submit.py:579} INFO - 24/09/13 17:39:03 INFO SQLHadoopMapReduceCommitProtocol: Using user defined output committer class org.apache.parquet.hadoop.ParquetOutputCommitter
[2024-09-13T17:39:03.907+0000] {spark_submit.py:579} INFO - 24/09/13 17:39:03 INFO FileOutputCommitter: File Output Committer Algorithm version is 1
[2024-09-13T17:39:03.908+0000] {spark_submit.py:579} INFO - 24/09/13 17:39:03 INFO FileOutputCommitter: FileOutputCommitter skip cleanup _temporary folders under output directory:false, ignore cleanup failures: false
[2024-09-13T17:39:03.909+0000] {spark_submit.py:579} INFO - 24/09/13 17:39:03 INFO SQLHadoopMapReduceCommitProtocol: Using output committer class org.apache.parquet.hadoop.ParquetOutputCommitter
[2024-09-13T17:39:03.948+0000] {spark_submit.py:579} INFO - 24/09/13 17:39:03 INFO CodecConfig: Compression: SNAPPY
[2024-09-13T17:39:03.956+0000] {spark_submit.py:579} INFO - 24/09/13 17:39:03 INFO CodecConfig: Compression: SNAPPY
[2024-09-13T17:39:04.038+0000] {spark_submit.py:579} INFO - 24/09/13 17:39:04 INFO ParquetOutputFormat: ParquetRecordWriter [block size: 134217728b, row group padding size: 8388608b, validating: false]
[2024-09-13T17:39:04.117+0000] {spark_submit.py:579} INFO - 24/09/13 17:39:04 INFO ParquetWriteSupport: Initialized Parquet WriteSupport with Catalyst schema:
[2024-09-13T17:39:04.118+0000] {spark_submit.py:579} INFO - {
[2024-09-13T17:39:04.119+0000] {spark_submit.py:579} INFO - "type" : "struct",
[2024-09-13T17:39:04.120+0000] {spark_submit.py:579} INFO - "fields" : [ {
[2024-09-13T17:39:04.121+0000] {spark_submit.py:579} INFO - "name" : "maker",
[2024-09-13T17:39:04.122+0000] {spark_submit.py:579} INFO - "type" : "string",
[2024-09-13T17:39:04.123+0000] {spark_submit.py:579} INFO - "nullable" : true,
[2024-09-13T17:39:04.125+0000] {spark_submit.py:579} INFO - "metadata" : { }
[2024-09-13T17:39:04.126+0000] {spark_submit.py:579} INFO - } ]
[2024-09-13T17:39:04.128+0000] {spark_submit.py:579} INFO - }
[2024-09-13T17:39:04.129+0000] {spark_submit.py:579} INFO - and corresponding Parquet message type:
[2024-09-13T17:39:04.131+0000] {spark_submit.py:579} INFO - message spark_schema {
[2024-09-13T17:39:04.132+0000] {spark_submit.py:579} INFO - optional binary maker (STRING);
[2024-09-13T17:39:04.133+0000] {spark_submit.py:579} INFO - }
[2024-09-13T17:39:04.134+0000] {spark_submit.py:579} INFO - 
[2024-09-13T17:39:04.135+0000] {spark_submit.py:579} INFO - 
[2024-09-13T17:39:04.389+0000] {spark_submit.py:579} INFO - 24/09/13 17:39:04 INFO CodecPool: Got brand-new compressor [.snappy]
[2024-09-13T17:39:06.998+0000] {spark_submit.py:579} INFO - 24/09/13 17:39:06 INFO FileOutputCommitter: Saved output of task 'attempt_20240913173903481648234631503947_0006_m_000000_6' to hdfs://namenode:9000/user/hive/warehouse/pc_makers/_temporary/0/task_20240913173903481648234631503947_0006_m_000000
[2024-09-13T17:39:07.001+0000] {spark_submit.py:579} INFO - 24/09/13 17:39:07 INFO SparkHadoopMapRedUtil: attempt_20240913173903481648234631503947_0006_m_000000_6: Committed. Elapsed time: 21 ms.
[2024-09-13T17:39:07.025+0000] {spark_submit.py:579} INFO - 24/09/13 17:39:07 INFO Executor: Finished task 0.0 in stage 6.0 (TID 6). 7021 bytes result sent to driver
[2024-09-13T17:39:07.031+0000] {spark_submit.py:579} INFO - 24/09/13 17:39:07 INFO TaskSetManager: Finished task 0.0 in stage 6.0 (TID 6) in 3708 ms on 0a6548a20a3d (executor driver) (1/1)
[2024-09-13T17:39:07.034+0000] {spark_submit.py:579} INFO - 24/09/13 17:39:07 INFO TaskSchedulerImpl: Removed TaskSet 6.0, whose tasks have all completed, from pool
[2024-09-13T17:39:07.036+0000] {spark_submit.py:579} INFO - 24/09/13 17:39:07 INFO DAGScheduler: ResultStage 6 (saveAsTable at NativeMethodAccessorImpl.java:0) finished in 3.838 s
[2024-09-13T17:39:07.040+0000] {spark_submit.py:579} INFO - 24/09/13 17:39:07 INFO DAGScheduler: Job 5 is finished. Cancelling potential speculative or zombie tasks for this job
[2024-09-13T17:39:07.042+0000] {spark_submit.py:579} INFO - 24/09/13 17:39:07 INFO TaskSchedulerImpl: Killing all running tasks in stage 6: Stage finished
[2024-09-13T17:39:07.044+0000] {spark_submit.py:579} INFO - 24/09/13 17:39:07 INFO DAGScheduler: Job 5 finished: saveAsTable at NativeMethodAccessorImpl.java:0, took 3.890886 s
[2024-09-13T17:39:07.054+0000] {spark_submit.py:579} INFO - 24/09/13 17:39:07 INFO FileFormatWriter: Start to commit write Job cb63a343-980e-4f69-b9cf-b2d05b3e2ba4.
[2024-09-13T17:39:07.150+0000] {spark_submit.py:579} INFO - 24/09/13 17:39:07 INFO FileFormatWriter: Write Job cb63a343-980e-4f69-b9cf-b2d05b3e2ba4 committed. Elapsed time: 93 ms.
[2024-09-13T17:39:07.158+0000] {spark_submit.py:579} INFO - 24/09/13 17:39:07 INFO FileFormatWriter: Finished processing stats for write job cb63a343-980e-4f69-b9cf-b2d05b3e2ba4.
[2024-09-13T17:39:07.220+0000] {spark_submit.py:579} INFO - 24/09/13 17:39:07 INFO InMemoryFileIndex: It took 26 ms to list leaf files for 1 paths.
[2024-09-13T17:39:07.332+0000] {spark_submit.py:579} INFO - 24/09/13 17:39:07 INFO HiveExternalCatalog: Persisting file based data source table `spark_catalog`.`default`.`pc_makers` into Hive metastore in Hive compatible format.
[2024-09-13T17:39:07.446+0000] {spark_submit.py:579} INFO - 24/09/13 17:39:07 INFO SQLStdHiveAccessController: Created SQLStdHiveAccessController for session context : HiveAuthzSessionContext [sessionString=a8448f3e-0ac2-4590-86c7-14036ccc99c6, clientType=HIVECLI]
[2024-09-13T17:39:07.451+0000] {spark_submit.py:579} INFO - 24/09/13 17:39:07 WARN SessionState: METASTORE_FILTER_HOOK will be ignored, since hive.security.authorization.manager is set to instance of HiveAuthorizerFactory.
[2024-09-13T17:39:07.452+0000] {spark_submit.py:579} INFO - 24/09/13 17:39:07 INFO metastore: Mestastore configuration hive.metastore.filter.hook changed from org.apache.hadoop.hive.metastore.DefaultMetaStoreFilterHookImpl to org.apache.hadoop.hive.ql.security.authorization.plugin.AuthorizationMetaStoreFilterHook
[2024-09-13T17:39:07.460+0000] {spark_submit.py:579} INFO - 24/09/13 17:39:07 INFO metastore: Closed a connection to metastore, current connections: 0
[2024-09-13T17:39:07.463+0000] {spark_submit.py:579} INFO - 24/09/13 17:39:07 INFO metastore: Trying to connect to metastore with URI thrift://hive-metastore:9083
[2024-09-13T17:39:07.465+0000] {spark_submit.py:579} INFO - 24/09/13 17:39:07 INFO metastore: Opened a connection to metastore, current connections: 1
[2024-09-13T17:39:07.469+0000] {spark_submit.py:579} INFO - 24/09/13 17:39:07 INFO metastore: Connected to metastore.
[2024-09-13T17:39:07.641+0000] {spark_submit.py:579} INFO - 24/09/13 17:39:07 INFO metastore: Trying to connect to metastore with URI thrift://hive-metastore:9083
[2024-09-13T17:39:07.642+0000] {spark_submit.py:579} INFO - 24/09/13 17:39:07 INFO metastore: Opened a connection to metastore, current connections: 2
[2024-09-13T17:39:07.645+0000] {spark_submit.py:579} INFO - 24/09/13 17:39:07 INFO metastore: Connected to metastore.
[2024-09-13T17:39:08.233+0000] {spark_submit.py:579} INFO - 24/09/13 17:39:08 INFO SparkContext: SparkContext is stopping with exitCode 0.
[2024-09-13T17:39:08.257+0000] {spark_submit.py:579} INFO - 24/09/13 17:39:08 INFO SparkUI: Stopped Spark web UI at http://0a6548a20a3d:4040
[2024-09-13T17:39:08.291+0000] {spark_submit.py:579} INFO - 24/09/13 17:39:08 INFO MapOutputTrackerMasterEndpoint: MapOutputTrackerMasterEndpoint stopped!
[2024-09-13T17:39:08.357+0000] {spark_submit.py:579} INFO - 24/09/13 17:39:08 INFO MemoryStore: MemoryStore cleared
[2024-09-13T17:39:08.359+0000] {spark_submit.py:579} INFO - 24/09/13 17:39:08 INFO BlockManager: BlockManager stopped
[2024-09-13T17:39:08.369+0000] {spark_submit.py:579} INFO - 24/09/13 17:39:08 INFO BlockManagerMaster: BlockManagerMaster stopped
[2024-09-13T17:39:08.377+0000] {spark_submit.py:579} INFO - 24/09/13 17:39:08 INFO OutputCommitCoordinator$OutputCommitCoordinatorEndpoint: OutputCommitCoordinator stopped!
[2024-09-13T17:39:08.412+0000] {spark_submit.py:579} INFO - 24/09/13 17:39:08 INFO SparkContext: Successfully stopped SparkContext
[2024-09-13T17:39:08.861+0000] {spark_submit.py:579} INFO - 24/09/13 17:39:08 INFO ShutdownHookManager: Shutdown hook called
[2024-09-13T17:39:08.863+0000] {spark_submit.py:579} INFO - 24/09/13 17:39:08 INFO ShutdownHookManager: Deleting directory /tmp/spark-7df3b6f7-49d8-4c40-a7d7-12878ce3307a
[2024-09-13T17:39:08.875+0000] {spark_submit.py:579} INFO - 24/09/13 17:39:08 INFO ShutdownHookManager: Deleting directory /tmp/spark-47b34824-58f5-4ef0-8aca-9825d99f233b/pyspark-2bfbfc1a-6bf2-4628-855f-70b631648b02
[2024-09-13T17:39:08.888+0000] {spark_submit.py:579} INFO - 24/09/13 17:39:08 INFO ShutdownHookManager: Deleting directory /tmp/spark-47b34824-58f5-4ef0-8aca-9825d99f233b
[2024-09-13T17:39:09.076+0000] {taskinstance.py:340} INFO - ::group::Post task execution logs
[2024-09-13T17:39:09.080+0000] {taskinstance.py:352} INFO - Marking task as SUCCESS. dag_id=spark_find_makers_dag, task_id=spark_submit_task, run_id=manual__2024-09-13T17:38:10.352806+00:00, execution_date=20240913T173810, start_date=20240913T173814, end_date=20240913T173909
[2024-09-13T17:39:09.202+0000] {local_task_job_runner.py:266} INFO - Task exited with return code 0
[2024-09-13T17:39:09.252+0000] {taskinstance.py:3900} INFO - 0 downstream tasks scheduled from follow-on schedule check
[2024-09-13T17:39:09.258+0000] {local_task_job_runner.py:245} INFO - ::endgroup::
