[2024-09-09T14:30:41.256+0000] {local_task_job_runner.py:123} INFO - ::group::Pre task execution logs
[2024-09-09T14:30:41.298+0000] {taskinstance.py:2612} INFO - Dependencies all met for dep_context=non-requeueable deps ti=<TaskInstance: simple_example_dag.process_data manual__2024-09-09T14:30:35.943979+00:00 [queued]>
[2024-09-09T14:30:41.319+0000] {taskinstance.py:2612} INFO - Dependencies all met for dep_context=requeueable deps ti=<TaskInstance: simple_example_dag.process_data manual__2024-09-09T14:30:35.943979+00:00 [queued]>
[2024-09-09T14:30:41.321+0000] {taskinstance.py:2865} INFO - Starting attempt 1 of 4
[2024-09-09T14:30:41.350+0000] {taskinstance.py:2888} INFO - Executing <Task(PythonOperator): process_data> on 2024-09-09 14:30:35.943979+00:00
[2024-09-09T14:30:41.365+0000] {warnings.py:112} WARNING - /home/***/.local/lib/python3.12/site-packages/***/task/task_runner/standard_task_runner.py:70: DeprecationWarning: This process (pid=348) is multi-threaded, use of fork() may lead to deadlocks in the child.
  pid = os.fork()

[2024-09-09T14:30:41.369+0000] {standard_task_runner.py:72} INFO - Started process 356 to run task
[2024-09-09T14:30:41.368+0000] {standard_task_runner.py:104} INFO - Running: ['***', 'tasks', 'run', 'simple_example_dag', 'process_data', 'manual__2024-09-09T14:30:35.943979+00:00', '--job-id', '51', '--raw', '--subdir', 'DAGS_FOLDER/first_dag.py', '--cfg-path', '/tmp/tmps_45izto']
[2024-09-09T14:30:41.371+0000] {standard_task_runner.py:105} INFO - Job 51: Subtask process_data
[2024-09-09T14:30:41.469+0000] {task_command.py:467} INFO - Running <TaskInstance: simple_example_dag.process_data manual__2024-09-09T14:30:35.943979+00:00 [running]> on host 0a0201be4888
[2024-09-09T14:30:41.677+0000] {taskinstance.py:3131} INFO - Exporting env vars: AIRFLOW_CTX_DAG_OWNER='Denis' AIRFLOW_CTX_DAG_ID='simple_example_dag' AIRFLOW_CTX_TASK_ID='process_data' AIRFLOW_CTX_EXECUTION_DATE='2024-09-09T14:30:35.943979+00:00' AIRFLOW_CTX_TRY_NUMBER='1' AIRFLOW_CTX_DAG_RUN_ID='manual__2024-09-09T14:30:35.943979+00:00'
[2024-09-09T14:30:41.679+0000] {taskinstance.py:731} INFO - ::endgroup::
[2024-09-09T14:30:41.742+0000] {logging_mixin.py:190} INFO - Processing Denis and role - Data Engineer
[2024-09-09T14:30:41.743+0000] {python.py:240} INFO - Done. Returned value was: Processing Denis and role - Data Engineer
[2024-09-09T14:30:41.792+0000] {taskinstance.py:340} INFO - ::group::Post task execution logs
[2024-09-09T14:30:41.793+0000] {taskinstance.py:352} INFO - Marking task as SUCCESS. dag_id=simple_example_dag, task_id=process_data, run_id=manual__2024-09-09T14:30:35.943979+00:00, execution_date=20240909T143035, start_date=20240909T143041, end_date=20240909T143041
[2024-09-09T14:30:41.869+0000] {local_task_job_runner.py:266} INFO - Task exited with return code 0
[2024-09-09T14:30:41.913+0000] {taskinstance.py:3900} INFO - 1 downstream tasks scheduled from follow-on schedule check
[2024-09-09T14:30:41.917+0000] {local_task_job_runner.py:245} INFO - ::endgroup::
