[2024-09-12T08:21:01.451+0000] {local_task_job_runner.py:123} INFO - ::group::Pre task execution logs
[2024-09-12T08:21:01.529+0000] {taskinstance.py:2612} INFO - Dependencies all met for dep_context=non-requeueable deps ti=<TaskInstance: simple_example_dag.process_data scheduled__2024-09-11T00:00:00+00:00 [queued]>
[2024-09-12T08:21:01.564+0000] {taskinstance.py:2612} INFO - Dependencies all met for dep_context=requeueable deps ti=<TaskInstance: simple_example_dag.process_data scheduled__2024-09-11T00:00:00+00:00 [queued]>
[2024-09-12T08:21:01.569+0000] {taskinstance.py:2865} INFO - Starting attempt 1 of 4
[2024-09-12T08:21:01.663+0000] {taskinstance.py:2888} INFO - Executing <Task(PythonOperator): process_data> on 2024-09-11 00:00:00+00:00
[2024-09-12T08:21:01.683+0000] {warnings.py:112} WARNING - /home/***/.local/lib/python3.12/site-packages/***/task/task_runner/standard_task_runner.py:70: DeprecationWarning: This process (pid=146) is multi-threaded, use of fork() may lead to deadlocks in the child.
  pid = os.fork()

[2024-09-12T08:21:01.686+0000] {standard_task_runner.py:72} INFO - Started process 149 to run task
[2024-09-12T08:21:01.685+0000] {standard_task_runner.py:104} INFO - Running: ['***', 'tasks', 'run', 'simple_example_dag', 'process_data', 'scheduled__2024-09-11T00:00:00+00:00', '--job-id', '313', '--raw', '--subdir', 'DAGS_FOLDER/first_dag.py', '--cfg-path', '/tmp/tmpv38c3ksd']
[2024-09-12T08:21:01.688+0000] {standard_task_runner.py:105} INFO - Job 313: Subtask process_data
[2024-09-12T08:21:01.779+0000] {task_command.py:467} INFO - Running <TaskInstance: simple_example_dag.process_data scheduled__2024-09-11T00:00:00+00:00 [running]> on host 2d1ccf336ee9
[2024-09-12T08:21:02.184+0000] {taskinstance.py:3131} INFO - Exporting env vars: AIRFLOW_CTX_DAG_OWNER='Denis' AIRFLOW_CTX_DAG_ID='simple_example_dag' AIRFLOW_CTX_TASK_ID='process_data' AIRFLOW_CTX_EXECUTION_DATE='2024-09-11T00:00:00+00:00' AIRFLOW_CTX_TRY_NUMBER='1' AIRFLOW_CTX_DAG_RUN_ID='scheduled__2024-09-11T00:00:00+00:00'
[2024-09-12T08:21:02.186+0000] {taskinstance.py:731} INFO - ::endgroup::
[2024-09-12T08:21:02.276+0000] {logging_mixin.py:190} INFO - Processing Denis and role - Data Engineer
[2024-09-12T08:21:02.277+0000] {python.py:240} INFO - Done. Returned value was: Processing Denis and role - Data Engineer
[2024-09-12T08:21:02.354+0000] {taskinstance.py:340} INFO - ::group::Post task execution logs
[2024-09-12T08:21:02.356+0000] {taskinstance.py:352} INFO - Marking task as SUCCESS. dag_id=simple_example_dag, task_id=process_data, run_id=scheduled__2024-09-11T00:00:00+00:00, execution_date=20240911T000000, start_date=20240912T082101, end_date=20240912T082102
[2024-09-12T08:21:02.427+0000] {local_task_job_runner.py:266} INFO - Task exited with return code 0
[2024-09-12T08:21:02.509+0000] {taskinstance.py:3900} INFO - 1 downstream tasks scheduled from follow-on schedule check
[2024-09-12T08:21:02.515+0000] {local_task_job_runner.py:245} INFO - ::endgroup::
