[2024-09-13T13:34:23.173+0000] {local_task_job_runner.py:123} INFO - ::group::Pre task execution logs
[2024-09-13T13:34:23.217+0000] {taskinstance.py:2612} INFO - Dependencies all met for dep_context=non-requeueable deps ti=<TaskInstance: spark_find_makers_dag.spark_submit_task scheduled__2024-09-12T00:00:00+00:00 [queued]>
[2024-09-13T13:34:23.237+0000] {taskinstance.py:2612} INFO - Dependencies all met for dep_context=requeueable deps ti=<TaskInstance: spark_find_makers_dag.spark_submit_task scheduled__2024-09-12T00:00:00+00:00 [queued]>
[2024-09-13T13:34:23.238+0000] {taskinstance.py:2865} INFO - Starting attempt 6 of 9
[2024-09-13T13:34:23.272+0000] {taskinstance.py:2888} INFO - Executing <Task(SparkSubmitOperator): spark_submit_task> on 2024-09-12 00:00:00+00:00
[2024-09-13T13:34:23.285+0000] {standard_task_runner.py:104} INFO - Running: ['***', 'tasks', 'run', 'spark_find_makers_dag', 'spark_submit_task', 'scheduled__2024-09-12T00:00:00+00:00', '--job-id', '644', '--raw', '--subdir', 'DAGS_FOLDER/spark_sql_dag.py', '--cfg-path', '/tmp/tmp71ti0s7k']
[2024-09-13T13:34:23.289+0000] {standard_task_runner.py:105} INFO - Job 644: Subtask spark_submit_task
[2024-09-13T13:34:23.295+0000] {logging_mixin.py:190} WARNING - /home/***/.local/lib/python3.12/site-packages/***/task/task_runner/standard_task_runner.py:70 DeprecationWarning: This process (pid=1261) is multi-threaded, use of fork() may lead to deadlocks in the child.
[2024-09-13T13:34:23.297+0000] {standard_task_runner.py:72} INFO - Started process 1262 to run task
[2024-09-13T13:34:23.378+0000] {task_command.py:467} INFO - Running <TaskInstance: spark_find_makers_dag.spark_submit_task scheduled__2024-09-12T00:00:00+00:00 [running]> on host abca638f616d
[2024-09-13T13:34:23.633+0000] {taskinstance.py:3131} INFO - Exporting env vars: AIRFLOW_CTX_DAG_OWNER='Denis' AIRFLOW_CTX_DAG_ID='spark_find_makers_dag' AIRFLOW_CTX_TASK_ID='spark_submit_task' AIRFLOW_CTX_EXECUTION_DATE='2024-09-12T00:00:00+00:00' AIRFLOW_CTX_TRY_NUMBER='6' AIRFLOW_CTX_DAG_RUN_ID='scheduled__2024-09-12T00:00:00+00:00'
[2024-09-13T13:34:23.640+0000] {taskinstance.py:731} INFO - ::endgroup::
[2024-09-13T13:34:23.772+0000] {base.py:84} INFO - Retrieving connection 'spark_default'
[2024-09-13T13:34:23.775+0000] {spark_submit.py:403} INFO - Spark-Submit cmd: spark-submit --master spark://spark-master:7077 --conf spark.master=spark://spark-master:7077 --name arrow-spark --verbose --deploy-mode client /opt/***/dags/spark_job.py
[2024-09-13T13:34:29.724+0000] {spark_submit.py:579} INFO - Using properties file: null
[2024-09-13T13:34:29.997+0000] {spark_submit.py:579} INFO - Parsed arguments:
[2024-09-13T13:34:29.998+0000] {spark_submit.py:579} INFO - master                  spark://spark-master:7077
[2024-09-13T13:34:29.999+0000] {spark_submit.py:579} INFO - remote                  null
[2024-09-13T13:34:30.000+0000] {spark_submit.py:579} INFO - deployMode              client
[2024-09-13T13:34:30.001+0000] {spark_submit.py:579} INFO - executorMemory          null
[2024-09-13T13:34:30.002+0000] {spark_submit.py:579} INFO - executorCores           null
[2024-09-13T13:34:30.003+0000] {spark_submit.py:579} INFO - totalExecutorCores      null
[2024-09-13T13:34:30.004+0000] {spark_submit.py:579} INFO - propertiesFile          null
[2024-09-13T13:34:30.005+0000] {spark_submit.py:579} INFO - driverMemory            null
[2024-09-13T13:34:30.006+0000] {spark_submit.py:579} INFO - driverCores             null
[2024-09-13T13:34:30.007+0000] {spark_submit.py:579} INFO - driverExtraClassPath    null
[2024-09-13T13:34:30.008+0000] {spark_submit.py:579} INFO - driverExtraLibraryPath  null
[2024-09-13T13:34:30.009+0000] {spark_submit.py:579} INFO - driverExtraJavaOptions  null
[2024-09-13T13:34:30.010+0000] {spark_submit.py:579} INFO - supervise               false
[2024-09-13T13:34:30.011+0000] {spark_submit.py:579} INFO - queue                   null
[2024-09-13T13:34:30.012+0000] {spark_submit.py:579} INFO - numExecutors            null
[2024-09-13T13:34:30.013+0000] {spark_submit.py:579} INFO - files                   null
[2024-09-13T13:34:30.014+0000] {spark_submit.py:579} INFO - pyFiles                 null
[2024-09-13T13:34:30.015+0000] {spark_submit.py:579} INFO - archives                null
[2024-09-13T13:34:30.016+0000] {spark_submit.py:579} INFO - mainClass               null
[2024-09-13T13:34:30.017+0000] {spark_submit.py:579} INFO - primaryResource         file:/opt/***/dags/spark_job.py
[2024-09-13T13:34:30.018+0000] {spark_submit.py:579} INFO - name                    arrow-spark
[2024-09-13T13:34:30.019+0000] {spark_submit.py:579} INFO - childArgs               []
[2024-09-13T13:34:30.020+0000] {spark_submit.py:579} INFO - jars                    null
[2024-09-13T13:34:30.020+0000] {spark_submit.py:579} INFO - packages                null
[2024-09-13T13:34:30.021+0000] {spark_submit.py:579} INFO - packagesExclusions      null
[2024-09-13T13:34:30.022+0000] {spark_submit.py:579} INFO - repositories            null
[2024-09-13T13:34:30.023+0000] {spark_submit.py:579} INFO - verbose                 true
[2024-09-13T13:34:30.024+0000] {spark_submit.py:579} INFO - 
[2024-09-13T13:34:30.025+0000] {spark_submit.py:579} INFO - Spark properties used, including those specified through
[2024-09-13T13:34:30.026+0000] {spark_submit.py:579} INFO - --conf and those from the properties file null:
[2024-09-13T13:34:30.027+0000] {spark_submit.py:579} INFO - (spark.master,spark://spark-master:7077)
[2024-09-13T13:34:30.028+0000] {spark_submit.py:579} INFO - 
[2024-09-13T13:34:30.029+0000] {spark_submit.py:579} INFO - 
[2024-09-13T13:34:30.665+0000] {spark_submit.py:579} INFO - Main class:
[2024-09-13T13:34:30.666+0000] {spark_submit.py:579} INFO - org.apache.spark.deploy.PythonRunner
[2024-09-13T13:34:30.667+0000] {spark_submit.py:579} INFO - Arguments:
[2024-09-13T13:34:30.669+0000] {spark_submit.py:579} INFO - file:/opt/***/dags/spark_job.py
[2024-09-13T13:34:30.670+0000] {spark_submit.py:579} INFO - null
[2024-09-13T13:34:30.674+0000] {spark_submit.py:579} INFO - Spark config:
[2024-09-13T13:34:30.675+0000] {spark_submit.py:579} INFO - (spark.app.name,arrow-spark)
[2024-09-13T13:34:30.677+0000] {spark_submit.py:579} INFO - (spark.app.submitTime,1726234470619)
[2024-09-13T13:34:30.679+0000] {spark_submit.py:579} INFO - (spark.master,spark://spark-master:7077)
[2024-09-13T13:34:30.680+0000] {spark_submit.py:579} INFO - (spark.submit.deployMode,client)
[2024-09-13T13:34:30.681+0000] {spark_submit.py:579} INFO - (spark.submit.pyFiles,)
[2024-09-13T13:34:30.682+0000] {spark_submit.py:579} INFO - Classpath elements:
[2024-09-13T13:34:30.684+0000] {spark_submit.py:579} INFO - 
[2024-09-13T13:34:30.685+0000] {spark_submit.py:579} INFO - 
[2024-09-13T13:34:30.685+0000] {spark_submit.py:579} INFO - 
[2024-09-13T13:34:33.361+0000] {spark_submit.py:579} INFO - 24/09/13 13:34:33 INFO SparkContext: Running Spark version 3.5.2
[2024-09-13T13:34:33.367+0000] {spark_submit.py:579} INFO - 24/09/13 13:34:33 INFO SparkContext: OS info Linux, 5.15.153.1-microsoft-standard-WSL2, amd64
[2024-09-13T13:34:33.368+0000] {spark_submit.py:579} INFO - 24/09/13 13:34:33 INFO SparkContext: Java version 17.0.12
[2024-09-13T13:34:33.530+0000] {spark_submit.py:579} INFO - 24/09/13 13:34:33 WARN NativeCodeLoader: Unable to load native-hadoop library for your platform... using builtin-java classes where applicable
[2024-09-13T13:34:33.835+0000] {spark_submit.py:579} INFO - 24/09/13 13:34:33 INFO ResourceUtils: ==============================================================
[2024-09-13T13:34:33.836+0000] {spark_submit.py:579} INFO - 24/09/13 13:34:33 INFO ResourceUtils: No custom resources configured for spark.driver.
[2024-09-13T13:34:33.837+0000] {spark_submit.py:579} INFO - 24/09/13 13:34:33 INFO ResourceUtils: ==============================================================
[2024-09-13T13:34:33.839+0000] {spark_submit.py:579} INFO - 24/09/13 13:34:33 INFO SparkContext: Submitted application: SparkJob
[2024-09-13T13:34:33.902+0000] {spark_submit.py:579} INFO - 24/09/13 13:34:33 INFO ResourceProfile: Default ResourceProfile created, executor resources: Map(cores -> name: cores, amount: 1, script: , vendor: , memory -> name: memory, amount: 1024, script: , vendor: , offHeap -> name: offHeap, amount: 0, script: , vendor: ), task resources: Map(cpus -> name: cpus, amount: 1.0)
[2024-09-13T13:34:33.919+0000] {spark_submit.py:579} INFO - 24/09/13 13:34:33 INFO ResourceProfile: Limiting resource is cpu
[2024-09-13T13:34:33.921+0000] {spark_submit.py:579} INFO - 24/09/13 13:34:33 INFO ResourceProfileManager: Added ResourceProfile id: 0
[2024-09-13T13:34:34.199+0000] {spark_submit.py:579} INFO - 24/09/13 13:34:34 INFO SecurityManager: Changing view acls to: ***
[2024-09-13T13:34:34.201+0000] {spark_submit.py:579} INFO - 24/09/13 13:34:34 INFO SecurityManager: Changing modify acls to: ***
[2024-09-13T13:34:34.203+0000] {spark_submit.py:579} INFO - 24/09/13 13:34:34 INFO SecurityManager: Changing view acls groups to:
[2024-09-13T13:34:34.204+0000] {spark_submit.py:579} INFO - 24/09/13 13:34:34 INFO SecurityManager: Changing modify acls groups to:
[2024-09-13T13:34:34.206+0000] {spark_submit.py:579} INFO - 24/09/13 13:34:34 INFO SecurityManager: SecurityManager: authentication disabled; ui acls disabled; users with view permissions: ***; groups with view permissions: EMPTY; users with modify permissions: ***; groups with modify permissions: EMPTY
[2024-09-13T13:34:35.097+0000] {spark_submit.py:579} INFO - 24/09/13 13:34:35 INFO Utils: Successfully started service 'sparkDriver' on port 42331.
[2024-09-13T13:34:35.225+0000] {spark_submit.py:579} INFO - 24/09/13 13:34:35 INFO SparkEnv: Registering MapOutputTracker
[2024-09-13T13:34:35.387+0000] {spark_submit.py:579} INFO - 24/09/13 13:34:35 INFO SparkEnv: Registering BlockManagerMaster
[2024-09-13T13:34:36.099+0000] {spark_submit.py:579} INFO - 24/09/13 13:34:36 INFO BlockManagerMasterEndpoint: Using org.apache.spark.storage.DefaultTopologyMapper for getting topology information
[2024-09-13T13:34:36.102+0000] {spark_submit.py:579} INFO - 24/09/13 13:34:36 INFO BlockManagerMasterEndpoint: BlockManagerMasterEndpoint up
[2024-09-13T13:34:36.117+0000] {spark_submit.py:579} INFO - 24/09/13 13:34:36 INFO SparkEnv: Registering BlockManagerMasterHeartbeat
[2024-09-13T13:34:36.263+0000] {spark_submit.py:579} INFO - 24/09/13 13:34:36 INFO DiskBlockManager: Created local directory at /tmp/blockmgr-f06220f7-067c-4599-96e9-b2c90477ba71
[2024-09-13T13:34:36.339+0000] {spark_submit.py:579} INFO - 24/09/13 13:34:36 INFO MemoryStore: MemoryStore started with capacity 434.4 MiB
[2024-09-13T13:34:36.389+0000] {spark_submit.py:579} INFO - 24/09/13 13:34:36 INFO SparkEnv: Registering OutputCommitCoordinator
[2024-09-13T13:34:36.903+0000] {spark_submit.py:579} INFO - 24/09/13 13:34:36 INFO JettyUtils: Start Jetty 0.0.0.0:4040 for SparkUI
[2024-09-13T13:34:37.132+0000] {spark_submit.py:579} INFO - 24/09/13 13:34:37 INFO Utils: Successfully started service 'SparkUI' on port 4040.
[2024-09-13T13:34:37.467+0000] {spark_submit.py:579} INFO - 24/09/13 13:34:37 INFO Executor: Starting executor ID driver on host abca638f616d
[2024-09-13T13:34:37.468+0000] {spark_submit.py:579} INFO - 24/09/13 13:34:37 INFO Executor: OS info Linux, 5.15.153.1-microsoft-standard-WSL2, amd64
[2024-09-13T13:34:37.470+0000] {spark_submit.py:579} INFO - 24/09/13 13:34:37 INFO Executor: Java version 17.0.12
[2024-09-13T13:34:37.489+0000] {spark_submit.py:579} INFO - 24/09/13 13:34:37 INFO Executor: Starting executor with user classpath (userClassPathFirst = false): ''
[2024-09-13T13:34:37.491+0000] {spark_submit.py:579} INFO - 24/09/13 13:34:37 INFO Executor: Created or updated repl class loader org.apache.spark.util.MutableURLClassLoader@2b2d567f for default.
[2024-09-13T13:34:37.538+0000] {spark_submit.py:579} INFO - 24/09/13 13:34:37 INFO Utils: Successfully started service 'org.apache.spark.network.netty.NettyBlockTransferService' on port 41703.
[2024-09-13T13:34:37.539+0000] {spark_submit.py:579} INFO - 24/09/13 13:34:37 INFO NettyBlockTransferService: Server created on abca638f616d:41703
[2024-09-13T13:34:37.542+0000] {spark_submit.py:579} INFO - 24/09/13 13:34:37 INFO BlockManager: Using org.apache.spark.storage.RandomBlockReplicationPolicy for block replication policy
[2024-09-13T13:34:37.555+0000] {spark_submit.py:579} INFO - 24/09/13 13:34:37 INFO BlockManagerMaster: Registering BlockManager BlockManagerId(driver, abca638f616d, 41703, None)
[2024-09-13T13:34:37.564+0000] {spark_submit.py:579} INFO - 24/09/13 13:34:37 INFO BlockManagerMasterEndpoint: Registering block manager abca638f616d:41703 with 434.4 MiB RAM, BlockManagerId(driver, abca638f616d, 41703, None)
[2024-09-13T13:34:37.569+0000] {spark_submit.py:579} INFO - 24/09/13 13:34:37 INFO BlockManagerMaster: Registered BlockManager BlockManagerId(driver, abca638f616d, 41703, None)
[2024-09-13T13:34:37.572+0000] {spark_submit.py:579} INFO - 24/09/13 13:34:37 INFO BlockManager: Initialized BlockManager: BlockManagerId(driver, abca638f616d, 41703, None)
[2024-09-13T13:34:39.064+0000] {spark_submit.py:579} INFO - 24/09/13 13:34:39 INFO SharedState: Setting hive.metastore.warehouse.dir ('null') to the value of spark.sql.warehouse.dir.
[2024-09-13T13:34:39.103+0000] {spark_submit.py:579} INFO - 24/09/13 13:34:39 INFO SharedState: Warehouse path is 'file:/user/hive/warehouse'.
[2024-09-13T13:34:44.457+0000] {spark_submit.py:579} INFO - 24/09/13 13:34:44 INFO InMemoryFileIndex: It took 159 ms to list leaf files for 1 paths.
[2024-09-13T13:34:48.713+0000] {spark_submit.py:579} INFO - 24/09/13 13:34:48 INFO InMemoryFileIndex: It took 5 ms to list leaf files for 1 paths.
[2024-09-13T13:34:49.372+0000] {spark_submit.py:579} INFO - Тип данной таблицы -  <class 'pyspark.sql.dataframe.DataFrame'>
[2024-09-13T13:34:49.577+0000] {spark_submit.py:579} INFO - 24/09/13 13:34:49 INFO HiveConf: Found configuration file null
[2024-09-13T13:34:49.618+0000] {spark_submit.py:579} INFO - 24/09/13 13:34:49 INFO HiveUtils: Initializing HiveMetastoreConnection version 2.3.9 using Spark classes.
[2024-09-13T13:34:50.274+0000] {spark_submit.py:579} INFO - 24/09/13 13:34:50 INFO HiveClientImpl: Warehouse location for Hive client (version 2.3.9) is file:/user/hive/warehouse
[2024-09-13T13:34:50.360+0000] {spark_submit.py:579} INFO - 24/09/13 13:34:50 INFO metastore: Trying to connect to metastore with URI thrift://hive-metastore:9083
[2024-09-13T13:34:53.701+0000] {spark_submit.py:579} INFO - 24/09/13 13:34:53 WARN metastore: Failed to connect to the MetaStore Server...
[2024-09-13T13:34:53.702+0000] {spark_submit.py:579} INFO - 24/09/13 13:34:53 INFO metastore: Waiting 1 seconds before next connection attempt.
[2024-09-13T13:34:54.702+0000] {spark_submit.py:579} INFO - 24/09/13 13:34:54 INFO metastore: Trying to connect to metastore with URI thrift://hive-metastore:9083
[2024-09-13T13:34:54.703+0000] {spark_submit.py:579} INFO - 24/09/13 13:34:54 WARN metastore: Failed to connect to the MetaStore Server...
[2024-09-13T13:34:54.704+0000] {spark_submit.py:579} INFO - 24/09/13 13:34:54 INFO metastore: Waiting 1 seconds before next connection attempt.
[2024-09-13T13:34:55.705+0000] {spark_submit.py:579} INFO - 24/09/13 13:34:55 INFO metastore: Trying to connect to metastore with URI thrift://hive-metastore:9083
[2024-09-13T13:34:55.706+0000] {spark_submit.py:579} INFO - 24/09/13 13:34:55 WARN metastore: Failed to connect to the MetaStore Server...
[2024-09-13T13:34:55.708+0000] {spark_submit.py:579} INFO - 24/09/13 13:34:55 INFO metastore: Waiting 1 seconds before next connection attempt.
[2024-09-13T13:34:56.728+0000] {spark_submit.py:579} INFO - 24/09/13 13:34:56 WARN HiveClientImpl: HiveClient got thrift exception, destroying client and retrying (0 tries remaining)
[2024-09-13T13:34:56.729+0000] {spark_submit.py:579} INFO - org.apache.hadoop.hive.ql.metadata.HiveException: java.lang.RuntimeException: Unable to instantiate org.apache.hadoop.hive.ql.metadata.SessionHiveMetaStoreClient
[2024-09-13T13:34:56.730+0000] {spark_submit.py:579} INFO - at org.apache.hadoop.hive.ql.metadata.Hive.getDatabase(Hive.java:1567)
[2024-09-13T13:34:56.731+0000] {spark_submit.py:579} INFO - at org.apache.hadoop.hive.ql.metadata.Hive.databaseExists(Hive.java:1552)
[2024-09-13T13:34:56.731+0000] {spark_submit.py:579} INFO - at org.apache.spark.sql.hive.client.Shim_v0_12.databaseExists(HiveShim.scala:609)
[2024-09-13T13:34:56.732+0000] {spark_submit.py:579} INFO - at org.apache.spark.sql.hive.client.HiveClientImpl.$anonfun$databaseExists$1(HiveClientImpl.scala:406)
[2024-09-13T13:34:56.733+0000] {spark_submit.py:579} INFO - at scala.runtime.java8.JFunction0$mcZ$sp.apply(JFunction0$mcZ$sp.java:23)
[2024-09-13T13:34:56.734+0000] {spark_submit.py:579} INFO - at org.apache.spark.sql.hive.client.HiveClientImpl.$anonfun$withHiveState$1(HiveClientImpl.scala:303)
[2024-09-13T13:34:56.735+0000] {spark_submit.py:579} INFO - at org.apache.spark.sql.hive.client.HiveClientImpl.liftedTree1$1(HiveClientImpl.scala:234)
[2024-09-13T13:34:56.735+0000] {spark_submit.py:579} INFO - at org.apache.spark.sql.hive.client.HiveClientImpl.retryLocked(HiveClientImpl.scala:233)
[2024-09-13T13:34:56.736+0000] {spark_submit.py:579} INFO - at org.apache.spark.sql.hive.client.HiveClientImpl.withHiveState(HiveClientImpl.scala:283)
[2024-09-13T13:34:56.736+0000] {spark_submit.py:579} INFO - at org.apache.spark.sql.hive.client.HiveClientImpl.databaseExists(HiveClientImpl.scala:406)
[2024-09-13T13:34:56.737+0000] {spark_submit.py:579} INFO - at org.apache.spark.sql.hive.HiveExternalCatalog.$anonfun$databaseExists$1(HiveExternalCatalog.scala:224)
[2024-09-13T13:34:56.738+0000] {spark_submit.py:579} INFO - at scala.runtime.java8.JFunction0$mcZ$sp.apply(JFunction0$mcZ$sp.java:23)
[2024-09-13T13:34:56.739+0000] {spark_submit.py:579} INFO - at org.apache.spark.sql.hive.HiveExternalCatalog.withClient(HiveExternalCatalog.scala:99)
[2024-09-13T13:34:56.740+0000] {spark_submit.py:579} INFO - at org.apache.spark.sql.hive.HiveExternalCatalog.databaseExists(HiveExternalCatalog.scala:224)
[2024-09-13T13:34:56.740+0000] {spark_submit.py:579} INFO - at org.apache.spark.sql.internal.SharedState.externalCatalog$lzycompute(SharedState.scala:146)
[2024-09-13T13:34:56.741+0000] {spark_submit.py:579} INFO - at org.apache.spark.sql.internal.SharedState.externalCatalog(SharedState.scala:140)
[2024-09-13T13:34:56.741+0000] {spark_submit.py:579} INFO - at org.apache.spark.sql.hive.HiveSessionStateBuilder.externalCatalog(HiveSessionStateBuilder.scala:54)
[2024-09-13T13:34:56.742+0000] {spark_submit.py:579} INFO - at org.apache.spark.sql.hive.HiveSessionStateBuilder.$anonfun$catalog$1(HiveSessionStateBuilder.scala:69)
[2024-09-13T13:34:56.742+0000] {spark_submit.py:579} INFO - at org.apache.spark.sql.catalyst.catalog.SessionCatalog.externalCatalog$lzycompute(SessionCatalog.scala:122)
[2024-09-13T13:34:56.743+0000] {spark_submit.py:579} INFO - at org.apache.spark.sql.catalyst.catalog.SessionCatalog.externalCatalog(SessionCatalog.scala:122)
[2024-09-13T13:34:56.743+0000] {spark_submit.py:579} INFO - at org.apache.spark.sql.catalyst.catalog.SessionCatalog.tableExists(SessionCatalog.scala:518)
[2024-09-13T13:34:56.744+0000] {spark_submit.py:579} INFO - at org.apache.spark.sql.DataFrameWriter.saveAsTable(DataFrameWriter.scala:641)
[2024-09-13T13:34:56.744+0000] {spark_submit.py:579} INFO - at org.apache.spark.sql.DataFrameWriter.saveAsTable(DataFrameWriter.scala:571)
[2024-09-13T13:34:56.745+0000] {spark_submit.py:579} INFO - at java.base/jdk.internal.reflect.NativeMethodAccessorImpl.invoke0(Native Method)
[2024-09-13T13:34:56.745+0000] {spark_submit.py:579} INFO - at java.base/jdk.internal.reflect.NativeMethodAccessorImpl.invoke(NativeMethodAccessorImpl.java:77)
[2024-09-13T13:34:56.746+0000] {spark_submit.py:579} INFO - at java.base/jdk.internal.reflect.DelegatingMethodAccessorImpl.invoke(DelegatingMethodAccessorImpl.java:43)
[2024-09-13T13:34:56.746+0000] {spark_submit.py:579} INFO - at java.base/java.lang.reflect.Method.invoke(Method.java:569)
[2024-09-13T13:34:56.747+0000] {spark_submit.py:579} INFO - at py4j.reflection.MethodInvoker.invoke(MethodInvoker.java:244)
[2024-09-13T13:34:56.748+0000] {spark_submit.py:579} INFO - at py4j.reflection.ReflectionEngine.invoke(ReflectionEngine.java:374)
[2024-09-13T13:34:56.748+0000] {spark_submit.py:579} INFO - at py4j.Gateway.invoke(Gateway.java:282)
[2024-09-13T13:34:56.749+0000] {spark_submit.py:579} INFO - at py4j.commands.AbstractCommand.invokeMethod(AbstractCommand.java:132)
[2024-09-13T13:34:56.749+0000] {spark_submit.py:579} INFO - at py4j.commands.CallCommand.execute(CallCommand.java:79)
[2024-09-13T13:34:56.750+0000] {spark_submit.py:579} INFO - at py4j.ClientServerConnection.waitForCommands(ClientServerConnection.java:182)
[2024-09-13T13:34:56.750+0000] {spark_submit.py:579} INFO - at py4j.ClientServerConnection.run(ClientServerConnection.java:106)
[2024-09-13T13:34:56.751+0000] {spark_submit.py:579} INFO - at java.base/java.lang.Thread.run(Thread.java:840)
[2024-09-13T13:34:56.751+0000] {spark_submit.py:579} INFO - Caused by: java.lang.RuntimeException: Unable to instantiate org.apache.hadoop.hive.ql.metadata.SessionHiveMetaStoreClient
[2024-09-13T13:34:56.751+0000] {spark_submit.py:579} INFO - at org.apache.hadoop.hive.metastore.MetaStoreUtils.newInstance(MetaStoreUtils.java:1742)
[2024-09-13T13:34:56.752+0000] {spark_submit.py:579} INFO - at org.apache.hadoop.hive.metastore.RetryingMetaStoreClient.<init>(RetryingMetaStoreClient.java:83)
[2024-09-13T13:34:56.752+0000] {spark_submit.py:579} INFO - at org.apache.hadoop.hive.metastore.RetryingMetaStoreClient.getProxy(RetryingMetaStoreClient.java:133)
[2024-09-13T13:34:56.753+0000] {spark_submit.py:579} INFO - at org.apache.hadoop.hive.metastore.RetryingMetaStoreClient.getProxy(RetryingMetaStoreClient.java:104)
[2024-09-13T13:34:56.754+0000] {spark_submit.py:579} INFO - at org.apache.hadoop.hive.ql.metadata.Hive.createMetaStoreClient(Hive.java:3607)
[2024-09-13T13:34:56.755+0000] {spark_submit.py:579} INFO - at org.apache.hadoop.hive.ql.metadata.Hive.getMSC(Hive.java:3659)
[2024-09-13T13:34:56.756+0000] {spark_submit.py:579} INFO - at org.apache.hadoop.hive.ql.metadata.Hive.getMSC(Hive.java:3639)
[2024-09-13T13:34:56.756+0000] {spark_submit.py:579} INFO - at org.apache.hadoop.hive.ql.metadata.Hive.getDatabase(Hive.java:1563)
[2024-09-13T13:34:56.757+0000] {spark_submit.py:579} INFO - ... 34 more
[2024-09-13T13:34:56.757+0000] {spark_submit.py:579} INFO - Caused by: java.lang.reflect.InvocationTargetException
[2024-09-13T13:34:56.757+0000] {spark_submit.py:579} INFO - at java.base/jdk.internal.reflect.NativeConstructorAccessorImpl.newInstance0(Native Method)
[2024-09-13T13:34:56.758+0000] {spark_submit.py:579} INFO - at java.base/jdk.internal.reflect.NativeConstructorAccessorImpl.newInstance(NativeConstructorAccessorImpl.java:77)
[2024-09-13T13:34:56.758+0000] {spark_submit.py:579} INFO - at java.base/jdk.internal.reflect.DelegatingConstructorAccessorImpl.newInstance(DelegatingConstructorAccessorImpl.java:45)
[2024-09-13T13:34:56.759+0000] {spark_submit.py:579} INFO - at java.base/java.lang.reflect.Constructor.newInstanceWithCaller(Constructor.java:500)
[2024-09-13T13:34:56.759+0000] {spark_submit.py:579} INFO - at java.base/java.lang.reflect.Constructor.newInstance(Constructor.java:481)
[2024-09-13T13:34:56.760+0000] {spark_submit.py:579} INFO - at org.apache.hadoop.hive.metastore.MetaStoreUtils.newInstance(MetaStoreUtils.java:1740)
[2024-09-13T13:34:56.761+0000] {spark_submit.py:579} INFO - ... 41 more
[2024-09-13T13:34:56.761+0000] {spark_submit.py:579} INFO - Caused by: MetaException(message:Could not connect to meta store using any of the URIs provided. Most recent failure: org.apache.thrift.transport.TTransportException: java.net.UnknownHostException: hive-metastore
[2024-09-13T13:34:56.762+0000] {spark_submit.py:579} INFO - at org.apache.thrift.transport.TSocket.open(TSocket.java:226)
[2024-09-13T13:34:56.762+0000] {spark_submit.py:579} INFO - at org.apache.hadoop.hive.metastore.HiveMetaStoreClient.open(HiveMetaStoreClient.java:478)
[2024-09-13T13:34:56.763+0000] {spark_submit.py:579} INFO - at org.apache.hadoop.hive.metastore.HiveMetaStoreClient.<init>(HiveMetaStoreClient.java:245)
[2024-09-13T13:34:56.763+0000] {spark_submit.py:579} INFO - at org.apache.hadoop.hive.ql.metadata.SessionHiveMetaStoreClient.<init>(SessionHiveMetaStoreClient.java:70)
[2024-09-13T13:34:56.764+0000] {spark_submit.py:579} INFO - at java.base/jdk.internal.reflect.NativeConstructorAccessorImpl.newInstance0(Native Method)
[2024-09-13T13:34:56.764+0000] {spark_submit.py:579} INFO - at java.base/jdk.internal.reflect.NativeConstructorAccessorImpl.newInstance(NativeConstructorAccessorImpl.java:77)
[2024-09-13T13:34:56.765+0000] {spark_submit.py:579} INFO - at java.base/jdk.internal.reflect.DelegatingConstructorAccessorImpl.newInstance(DelegatingConstructorAccessorImpl.java:45)
[2024-09-13T13:34:56.765+0000] {spark_submit.py:579} INFO - at java.base/java.lang.reflect.Constructor.newInstanceWithCaller(Constructor.java:500)
[2024-09-13T13:34:56.766+0000] {spark_submit.py:579} INFO - at java.base/java.lang.reflect.Constructor.newInstance(Constructor.java:481)
[2024-09-13T13:34:56.766+0000] {spark_submit.py:579} INFO - at org.apache.hadoop.hive.metastore.MetaStoreUtils.newInstance(MetaStoreUtils.java:1740)
[2024-09-13T13:34:56.767+0000] {spark_submit.py:579} INFO - at org.apache.hadoop.hive.metastore.RetryingMetaStoreClient.<init>(RetryingMetaStoreClient.java:83)
[2024-09-13T13:34:56.767+0000] {spark_submit.py:579} INFO - at org.apache.hadoop.hive.metastore.RetryingMetaStoreClient.getProxy(RetryingMetaStoreClient.java:133)
[2024-09-13T13:34:56.768+0000] {spark_submit.py:579} INFO - at org.apache.hadoop.hive.metastore.RetryingMetaStoreClient.getProxy(RetryingMetaStoreClient.java:104)
[2024-09-13T13:34:56.768+0000] {spark_submit.py:579} INFO - at org.apache.hadoop.hive.ql.metadata.Hive.createMetaStoreClient(Hive.java:3607)
[2024-09-13T13:34:56.769+0000] {spark_submit.py:579} INFO - at org.apache.hadoop.hive.ql.metadata.Hive.getMSC(Hive.java:3659)
[2024-09-13T13:34:56.770+0000] {spark_submit.py:579} INFO - at org.apache.hadoop.hive.ql.metadata.Hive.getMSC(Hive.java:3639)
[2024-09-13T13:34:56.771+0000] {spark_submit.py:579} INFO - at org.apache.hadoop.hive.ql.metadata.Hive.getDatabase(Hive.java:1563)
[2024-09-13T13:34:56.772+0000] {spark_submit.py:579} INFO - at org.apache.hadoop.hive.ql.metadata.Hive.databaseExists(Hive.java:1552)
[2024-09-13T13:34:56.772+0000] {spark_submit.py:579} INFO - at org.apache.spark.sql.hive.client.Shim_v0_12.databaseExists(HiveShim.scala:609)
[2024-09-13T13:34:56.773+0000] {spark_submit.py:579} INFO - at org.apache.spark.sql.hive.client.HiveClientImpl.$anonfun$databaseExists$1(HiveClientImpl.scala:406)
[2024-09-13T13:34:56.773+0000] {spark_submit.py:579} INFO - at scala.runtime.java8.JFunction0$mcZ$sp.apply(JFunction0$mcZ$sp.java:23)
[2024-09-13T13:34:56.774+0000] {spark_submit.py:579} INFO - at org.apache.spark.sql.hive.client.HiveClientImpl.$anonfun$withHiveState$1(HiveClientImpl.scala:303)
[2024-09-13T13:34:56.775+0000] {spark_submit.py:579} INFO - at org.apache.spark.sql.hive.client.HiveClientImpl.liftedTree1$1(HiveClientImpl.scala:234)
[2024-09-13T13:34:56.775+0000] {spark_submit.py:579} INFO - at org.apache.spark.sql.hive.client.HiveClientImpl.retryLocked(HiveClientImpl.scala:233)
[2024-09-13T13:34:56.776+0000] {spark_submit.py:579} INFO - at org.apache.spark.sql.hive.client.HiveClientImpl.withHiveState(HiveClientImpl.scala:283)
[2024-09-13T13:34:56.776+0000] {spark_submit.py:579} INFO - at org.apache.spark.sql.hive.client.HiveClientImpl.databaseExists(HiveClientImpl.scala:406)
[2024-09-13T13:34:56.776+0000] {spark_submit.py:579} INFO - at org.apache.spark.sql.hive.HiveExternalCatalog.$anonfun$databaseExists$1(HiveExternalCatalog.scala:224)
[2024-09-13T13:34:56.777+0000] {spark_submit.py:579} INFO - at scala.runtime.java8.JFunction0$mcZ$sp.apply(JFunction0$mcZ$sp.java:23)
[2024-09-13T13:34:56.777+0000] {spark_submit.py:579} INFO - at org.apache.spark.sql.hive.HiveExternalCatalog.withClient(HiveExternalCatalog.scala:99)
[2024-09-13T13:34:56.778+0000] {spark_submit.py:579} INFO - at org.apache.spark.sql.hive.HiveExternalCatalog.databaseExists(HiveExternalCatalog.scala:224)
[2024-09-13T13:34:56.778+0000] {spark_submit.py:579} INFO - at org.apache.spark.sql.internal.SharedState.externalCatalog$lzycompute(SharedState.scala:146)
[2024-09-13T13:34:56.778+0000] {spark_submit.py:579} INFO - at org.apache.spark.sql.internal.SharedState.externalCatalog(SharedState.scala:140)
[2024-09-13T13:34:56.779+0000] {spark_submit.py:579} INFO - at org.apache.spark.sql.hive.HiveSessionStateBuilder.externalCatalog(HiveSessionStateBuilder.scala:54)
[2024-09-13T13:34:56.779+0000] {spark_submit.py:579} INFO - at org.apache.spark.sql.hive.HiveSessionStateBuilder.$anonfun$catalog$1(HiveSessionStateBuilder.scala:69)
[2024-09-13T13:34:56.780+0000] {spark_submit.py:579} INFO - at org.apache.spark.sql.catalyst.catalog.SessionCatalog.externalCatalog$lzycompute(SessionCatalog.scala:122)
[2024-09-13T13:34:56.780+0000] {spark_submit.py:579} INFO - at org.apache.spark.sql.catalyst.catalog.SessionCatalog.externalCatalog(SessionCatalog.scala:122)
[2024-09-13T13:34:56.781+0000] {spark_submit.py:579} INFO - at org.apache.spark.sql.catalyst.catalog.SessionCatalog.tableExists(SessionCatalog.scala:518)
[2024-09-13T13:34:56.782+0000] {spark_submit.py:579} INFO - at org.apache.spark.sql.DataFrameWriter.saveAsTable(DataFrameWriter.scala:641)
[2024-09-13T13:34:56.782+0000] {spark_submit.py:579} INFO - at org.apache.spark.sql.DataFrameWriter.saveAsTable(DataFrameWriter.scala:571)
[2024-09-13T13:34:56.783+0000] {spark_submit.py:579} INFO - at java.base/jdk.internal.reflect.NativeMethodAccessorImpl.invoke0(Native Method)
[2024-09-13T13:34:56.783+0000] {spark_submit.py:579} INFO - at java.base/jdk.internal.reflect.NativeMethodAccessorImpl.invoke(NativeMethodAccessorImpl.java:77)
[2024-09-13T13:34:56.783+0000] {spark_submit.py:579} INFO - at java.base/jdk.internal.reflect.DelegatingMethodAccessorImpl.invoke(DelegatingMethodAccessorImpl.java:43)
[2024-09-13T13:34:56.784+0000] {spark_submit.py:579} INFO - at java.base/java.lang.reflect.Method.invoke(Method.java:569)
[2024-09-13T13:34:56.785+0000] {spark_submit.py:579} INFO - at py4j.reflection.MethodInvoker.invoke(MethodInvoker.java:244)
[2024-09-13T13:34:56.785+0000] {spark_submit.py:579} INFO - at py4j.reflection.ReflectionEngine.invoke(ReflectionEngine.java:374)
[2024-09-13T13:34:56.786+0000] {spark_submit.py:579} INFO - at py4j.Gateway.invoke(Gateway.java:282)
[2024-09-13T13:34:56.787+0000] {spark_submit.py:579} INFO - at py4j.commands.AbstractCommand.invokeMethod(AbstractCommand.java:132)
[2024-09-13T13:34:56.788+0000] {spark_submit.py:579} INFO - at py4j.commands.CallCommand.execute(CallCommand.java:79)
[2024-09-13T13:34:56.788+0000] {spark_submit.py:579} INFO - at py4j.ClientServerConnection.waitForCommands(ClientServerConnection.java:182)
[2024-09-13T13:34:56.789+0000] {spark_submit.py:579} INFO - at py4j.ClientServerConnection.run(ClientServerConnection.java:106)
[2024-09-13T13:34:56.790+0000] {spark_submit.py:579} INFO - at java.base/java.lang.Thread.run(Thread.java:840)
[2024-09-13T13:34:56.790+0000] {spark_submit.py:579} INFO - Caused by: java.net.UnknownHostException: hive-metastore
[2024-09-13T13:34:56.791+0000] {spark_submit.py:579} INFO - at java.base/sun.nio.ch.NioSocketImpl.connect(NioSocketImpl.java:572)
[2024-09-13T13:34:56.791+0000] {spark_submit.py:579} INFO - at java.base/java.net.SocksSocketImpl.connect(SocksSocketImpl.java:327)
[2024-09-13T13:34:56.792+0000] {spark_submit.py:579} INFO - at java.base/java.net.Socket.connect(Socket.java:633)
[2024-09-13T13:34:56.792+0000] {spark_submit.py:579} INFO - at org.apache.thrift.transport.TSocket.open(TSocket.java:221)
[2024-09-13T13:34:56.793+0000] {spark_submit.py:579} INFO - ... 50 more
[2024-09-13T13:34:56.793+0000] {spark_submit.py:579} INFO - )
[2024-09-13T13:34:56.794+0000] {spark_submit.py:579} INFO - at org.apache.hadoop.hive.metastore.HiveMetaStoreClient.open(HiveMetaStoreClient.java:527)
[2024-09-13T13:34:56.794+0000] {spark_submit.py:579} INFO - at org.apache.hadoop.hive.metastore.HiveMetaStoreClient.<init>(HiveMetaStoreClient.java:245)
[2024-09-13T13:34:56.795+0000] {spark_submit.py:579} INFO - at org.apache.hadoop.hive.ql.metadata.SessionHiveMetaStoreClient.<init>(SessionHiveMetaStoreClient.java:70)
[2024-09-13T13:34:56.795+0000] {spark_submit.py:579} INFO - ... 47 more
[2024-09-13T13:34:57.729+0000] {spark_submit.py:579} INFO - 24/09/13 13:34:57 WARN HiveClientImpl: Deadline exceeded
[2024-09-13T13:34:58.226+0000] {spark_submit.py:579} INFO - Traceback (most recent call last):
[2024-09-13T13:34:58.227+0000] {spark_submit.py:579} INFO - File "/opt/***/dags/spark_job.py", line 80, in <module>
[2024-09-13T13:34:58.230+0000] {spark_submit.py:579} INFO - final_table.write.mode("overwrite").saveAsTable("pc_makers")
[2024-09-13T13:34:58.231+0000] {spark_submit.py:579} INFO - File "/home/***/.local/lib/python3.12/site-packages/pyspark/sql/readwriter.py", line 1586, in saveAsTable
[2024-09-13T13:34:58.233+0000] {spark_submit.py:579} INFO - self._jwrite.saveAsTable(name)
[2024-09-13T13:34:58.234+0000] {spark_submit.py:579} INFO - File "/home/***/.local/lib/python3.12/site-packages/py4j/java_gateway.py", line 1322, in __call__
[2024-09-13T13:34:58.235+0000] {spark_submit.py:579} INFO - return_value = get_return_value(
[2024-09-13T13:34:58.236+0000] {spark_submit.py:579} INFO - ^^^^^^^^^^^^^^^^^
[2024-09-13T13:34:58.237+0000] {spark_submit.py:579} INFO - File "/home/***/.local/lib/python3.12/site-packages/pyspark/errors/exceptions/captured.py", line 185, in deco
[2024-09-13T13:34:58.238+0000] {spark_submit.py:579} INFO - raise converted from None
[2024-09-13T13:34:58.247+0000] {spark_submit.py:579} INFO - pyspark.errors.exceptions.captured.AnalysisException: org.apache.hadoop.hive.ql.metadata.HiveException: java.lang.RuntimeException: Unable to instantiate org.apache.hadoop.hive.ql.metadata.SessionHiveMetaStoreClient
[2024-09-13T13:34:58.349+0000] {spark_submit.py:579} INFO - 24/09/13 13:34:58 INFO SparkContext: Invoking stop() from shutdown hook
[2024-09-13T13:34:58.350+0000] {spark_submit.py:579} INFO - 24/09/13 13:34:58 INFO SparkContext: SparkContext is stopping with exitCode 0.
[2024-09-13T13:34:58.417+0000] {spark_submit.py:579} INFO - 24/09/13 13:34:58 INFO SparkUI: Stopped Spark web UI at http://abca638f616d:4040
[2024-09-13T13:34:58.459+0000] {spark_submit.py:579} INFO - 24/09/13 13:34:58 INFO MapOutputTrackerMasterEndpoint: MapOutputTrackerMasterEndpoint stopped!
[2024-09-13T13:34:58.501+0000] {spark_submit.py:579} INFO - 24/09/13 13:34:58 INFO MemoryStore: MemoryStore cleared
[2024-09-13T13:34:58.503+0000] {spark_submit.py:579} INFO - 24/09/13 13:34:58 INFO BlockManager: BlockManager stopped
[2024-09-13T13:34:58.521+0000] {spark_submit.py:579} INFO - 24/09/13 13:34:58 INFO BlockManagerMaster: BlockManagerMaster stopped
[2024-09-13T13:34:58.529+0000] {spark_submit.py:579} INFO - 24/09/13 13:34:58 INFO OutputCommitCoordinator$OutputCommitCoordinatorEndpoint: OutputCommitCoordinator stopped!
[2024-09-13T13:34:58.551+0000] {spark_submit.py:579} INFO - 24/09/13 13:34:58 INFO SparkContext: Successfully stopped SparkContext
[2024-09-13T13:34:58.552+0000] {spark_submit.py:579} INFO - 24/09/13 13:34:58 INFO ShutdownHookManager: Shutdown hook called
[2024-09-13T13:34:58.554+0000] {spark_submit.py:579} INFO - 24/09/13 13:34:58 INFO ShutdownHookManager: Deleting directory /tmp/spark-86cc2b97-371d-49d1-b111-ccf2173050e0/pyspark-fe90d775-1f16-43b3-b2e2-208faca251bd
[2024-09-13T13:34:58.562+0000] {spark_submit.py:579} INFO - 24/09/13 13:34:58 INFO ShutdownHookManager: Deleting directory /tmp/spark-eab29518-111e-4f9f-9bdf-d58dc41d32b4
[2024-09-13T13:34:58.576+0000] {spark_submit.py:579} INFO - 24/09/13 13:34:58 INFO ShutdownHookManager: Deleting directory /tmp/spark-86cc2b97-371d-49d1-b111-ccf2173050e0
[2024-09-13T13:34:58.725+0000] {taskinstance.py:3310} ERROR - Task failed with exception
Traceback (most recent call last):
  File "/home/airflow/.local/lib/python3.12/site-packages/airflow/models/taskinstance.py", line 767, in _execute_task
    result = _execute_callable(context=context, **execute_callable_kwargs)
             ^^^^^^^^^^^^^^^^^^^^^^^^^^^^^^^^^^^^^^^^^^^^^^^^^^^^^^^^^^^^^
  File "/home/airflow/.local/lib/python3.12/site-packages/airflow/models/taskinstance.py", line 733, in _execute_callable
    return ExecutionCallableRunner(
           ^^^^^^^^^^^^^^^^^^^^^^^^
  File "/home/airflow/.local/lib/python3.12/site-packages/airflow/utils/operator_helpers.py", line 252, in run
    return self.func(*args, **kwargs)
           ^^^^^^^^^^^^^^^^^^^^^^^^^^
  File "/home/airflow/.local/lib/python3.12/site-packages/airflow/models/baseoperator.py", line 406, in wrapper
    return func(self, *args, **kwargs)
           ^^^^^^^^^^^^^^^^^^^^^^^^^^^
  File "/home/airflow/.local/lib/python3.12/site-packages/airflow/providers/apache/spark/operators/spark_submit.py", line 174, in execute
    self._hook.submit(self.application)
  File "/home/airflow/.local/lib/python3.12/site-packages/airflow/providers/apache/spark/hooks/spark_submit.py", line 505, in submit
    raise AirflowException(
airflow.exceptions.AirflowException: Cannot execute: spark-submit --master spark://spark-master:7077 --conf spark.master=spark://spark-master:7077 --name arrow-spark --verbose --deploy-mode client /opt/***/dags/spark_job.py. Error code is: 1.
[2024-09-13T13:34:58.770+0000] {taskinstance.py:1225} INFO - Marking task as UP_FOR_RETRY. dag_id=spark_find_makers_dag, task_id=spark_submit_task, run_id=scheduled__2024-09-12T00:00:00+00:00, execution_date=20240912T000000, start_date=20240913T133423, end_date=20240913T133458
[2024-09-13T13:34:58.826+0000] {taskinstance.py:340} INFO - ::group::Post task execution logs
[2024-09-13T13:34:58.828+0000] {standard_task_runner.py:124} ERROR - Failed to execute job 644 for task spark_submit_task (Cannot execute: spark-submit --master spark://spark-master:7077 --conf spark.master=spark://spark-master:7077 --name arrow-spark --verbose --deploy-mode client /opt/***/dags/spark_job.py. Error code is: 1.; 1262)
Traceback (most recent call last):
  File "/home/airflow/.local/lib/python3.12/site-packages/airflow/task/task_runner/standard_task_runner.py", line 117, in _start_by_fork
    ret = args.func(args, dag=self.dag)
          ^^^^^^^^^^^^^^^^^^^^^^^^^^^^^
  File "/home/airflow/.local/lib/python3.12/site-packages/airflow/cli/cli_config.py", line 49, in command
    return func(*args, **kwargs)
           ^^^^^^^^^^^^^^^^^^^^^
  File "/home/airflow/.local/lib/python3.12/site-packages/airflow/utils/cli.py", line 115, in wrapper
    return f(*args, **kwargs)
           ^^^^^^^^^^^^^^^^^^
  File "/home/airflow/.local/lib/python3.12/site-packages/airflow/cli/commands/task_command.py", line 483, in task_run
    task_return_code = _run_task_by_selected_method(args, _dag, ti)
                       ^^^^^^^^^^^^^^^^^^^^^^^^^^^^^^^^^^^^^^^^^^^^
  File "/home/airflow/.local/lib/python3.12/site-packages/airflow/cli/commands/task_command.py", line 256, in _run_task_by_selected_method
    return _run_raw_task(args, ti)
           ^^^^^^^^^^^^^^^^^^^^^^^
  File "/home/airflow/.local/lib/python3.12/site-packages/airflow/cli/commands/task_command.py", line 341, in _run_raw_task
    return ti._run_raw_task(
           ^^^^^^^^^^^^^^^^^
  File "/home/airflow/.local/lib/python3.12/site-packages/airflow/utils/session.py", line 97, in wrapper
    return func(*args, session=session, **kwargs)
           ^^^^^^^^^^^^^^^^^^^^^^^^^^^^^^^^^^^^^^
  File "/home/airflow/.local/lib/python3.12/site-packages/airflow/models/taskinstance.py", line 3004, in _run_raw_task
    return _run_raw_task(
           ^^^^^^^^^^^^^^
  File "/home/airflow/.local/lib/python3.12/site-packages/airflow/models/taskinstance.py", line 273, in _run_raw_task
    TaskInstance._execute_task_with_callbacks(
  File "/home/airflow/.local/lib/python3.12/site-packages/airflow/models/taskinstance.py", line 3158, in _execute_task_with_callbacks
    result = self._execute_task(context, task_orig)
             ^^^^^^^^^^^^^^^^^^^^^^^^^^^^^^^^^^^^^^
  File "/home/airflow/.local/lib/python3.12/site-packages/airflow/models/taskinstance.py", line 3182, in _execute_task
    return _execute_task(self, context, task_orig)
           ^^^^^^^^^^^^^^^^^^^^^^^^^^^^^^^^^^^^^^^
  File "/home/airflow/.local/lib/python3.12/site-packages/airflow/models/taskinstance.py", line 767, in _execute_task
    result = _execute_callable(context=context, **execute_callable_kwargs)
             ^^^^^^^^^^^^^^^^^^^^^^^^^^^^^^^^^^^^^^^^^^^^^^^^^^^^^^^^^^^^^
  File "/home/airflow/.local/lib/python3.12/site-packages/airflow/models/taskinstance.py", line 733, in _execute_callable
    return ExecutionCallableRunner(
           ^^^^^^^^^^^^^^^^^^^^^^^^
  File "/home/airflow/.local/lib/python3.12/site-packages/airflow/utils/operator_helpers.py", line 252, in run
    return self.func(*args, **kwargs)
           ^^^^^^^^^^^^^^^^^^^^^^^^^^
  File "/home/airflow/.local/lib/python3.12/site-packages/airflow/models/baseoperator.py", line 406, in wrapper
    return func(self, *args, **kwargs)
           ^^^^^^^^^^^^^^^^^^^^^^^^^^^
  File "/home/airflow/.local/lib/python3.12/site-packages/airflow/providers/apache/spark/operators/spark_submit.py", line 174, in execute
    self._hook.submit(self.application)
  File "/home/airflow/.local/lib/python3.12/site-packages/airflow/providers/apache/spark/hooks/spark_submit.py", line 505, in submit
    raise AirflowException(
airflow.exceptions.AirflowException: Cannot execute: spark-submit --master spark://spark-master:7077 --conf spark.master=spark://spark-master:7077 --name arrow-spark --verbose --deploy-mode client /opt/***/dags/spark_job.py. Error code is: 1.
[2024-09-13T13:34:58.894+0000] {local_task_job_runner.py:266} INFO - Task exited with return code 1
[2024-09-13T13:34:58.928+0000] {taskinstance.py:3900} INFO - 0 downstream tasks scheduled from follow-on schedule check
[2024-09-13T13:34:58.932+0000] {local_task_job_runner.py:245} INFO - ::endgroup::
