[2024-09-13T13:17:21.940+0000] {local_task_job_runner.py:123} INFO - ::group::Pre task execution logs
[2024-09-13T13:17:21.980+0000] {taskinstance.py:2612} INFO - Dependencies all met for dep_context=non-requeueable deps ti=<TaskInstance: spark_find_makers_dag.spark_submit_task scheduled__2024-09-12T00:00:00+00:00 [queued]>
[2024-09-13T13:17:22.002+0000] {taskinstance.py:2612} INFO - Dependencies all met for dep_context=requeueable deps ti=<TaskInstance: spark_find_makers_dag.spark_submit_task scheduled__2024-09-12T00:00:00+00:00 [queued]>
[2024-09-13T13:17:22.004+0000] {taskinstance.py:2865} INFO - Starting attempt 4 of 7
[2024-09-13T13:17:22.032+0000] {taskinstance.py:2888} INFO - Executing <Task(SparkSubmitOperator): spark_submit_task> on 2024-09-12 00:00:00+00:00
[2024-09-13T13:17:22.057+0000] {standard_task_runner.py:104} INFO - Running: ['***', 'tasks', 'run', 'spark_find_makers_dag', 'spark_submit_task', 'scheduled__2024-09-12T00:00:00+00:00', '--job-id', '642', '--raw', '--subdir', 'DAGS_FOLDER/spark_sql_dag.py', '--cfg-path', '/tmp/tmpvwn8h5t2']
[2024-09-13T13:17:22.067+0000] {standard_task_runner.py:105} INFO - Job 642: Subtask spark_submit_task
[2024-09-13T13:17:22.067+0000] {logging_mixin.py:190} WARNING - /home/***/.local/lib/python3.12/site-packages/***/task/task_runner/standard_task_runner.py:70 DeprecationWarning: This process (pid=239) is multi-threaded, use of fork() may lead to deadlocks in the child.
[2024-09-13T13:17:22.069+0000] {standard_task_runner.py:72} INFO - Started process 240 to run task
[2024-09-13T13:17:22.310+0000] {task_command.py:467} INFO - Running <TaskInstance: spark_find_makers_dag.spark_submit_task scheduled__2024-09-12T00:00:00+00:00 [running]> on host abca638f616d
[2024-09-13T13:17:22.663+0000] {taskinstance.py:3131} INFO - Exporting env vars: AIRFLOW_CTX_DAG_OWNER='Denis' AIRFLOW_CTX_DAG_ID='spark_find_makers_dag' AIRFLOW_CTX_TASK_ID='spark_submit_task' AIRFLOW_CTX_EXECUTION_DATE='2024-09-12T00:00:00+00:00' AIRFLOW_CTX_TRY_NUMBER='4' AIRFLOW_CTX_DAG_RUN_ID='scheduled__2024-09-12T00:00:00+00:00'
[2024-09-13T13:17:22.664+0000] {taskinstance.py:731} INFO - ::endgroup::
[2024-09-13T13:17:22.764+0000] {base.py:84} INFO - Retrieving connection 'spark_default'
[2024-09-13T13:17:22.767+0000] {spark_submit.py:403} INFO - Spark-Submit cmd: spark-submit --master spark://spark-master:7077 --conf spark.master=spark://spark-master:7077 --name arrow-spark --verbose --deploy-mode client /opt/***/dags/spark_job.py
[2024-09-13T13:17:28.018+0000] {spark_submit.py:579} INFO - Using properties file: null
[2024-09-13T13:17:28.390+0000] {spark_submit.py:579} INFO - Parsed arguments:
[2024-09-13T13:17:28.391+0000] {spark_submit.py:579} INFO - master                  spark://spark-master:7077
[2024-09-13T13:17:28.393+0000] {spark_submit.py:579} INFO - remote                  null
[2024-09-13T13:17:28.394+0000] {spark_submit.py:579} INFO - deployMode              client
[2024-09-13T13:17:28.395+0000] {spark_submit.py:579} INFO - executorMemory          null
[2024-09-13T13:17:28.396+0000] {spark_submit.py:579} INFO - executorCores           null
[2024-09-13T13:17:28.397+0000] {spark_submit.py:579} INFO - totalExecutorCores      null
[2024-09-13T13:17:28.399+0000] {spark_submit.py:579} INFO - propertiesFile          null
[2024-09-13T13:17:28.400+0000] {spark_submit.py:579} INFO - driverMemory            null
[2024-09-13T13:17:28.401+0000] {spark_submit.py:579} INFO - driverCores             null
[2024-09-13T13:17:28.402+0000] {spark_submit.py:579} INFO - driverExtraClassPath    null
[2024-09-13T13:17:28.403+0000] {spark_submit.py:579} INFO - driverExtraLibraryPath  null
[2024-09-13T13:17:28.404+0000] {spark_submit.py:579} INFO - driverExtraJavaOptions  null
[2024-09-13T13:17:28.405+0000] {spark_submit.py:579} INFO - supervise               false
[2024-09-13T13:17:28.406+0000] {spark_submit.py:579} INFO - queue                   null
[2024-09-13T13:17:28.407+0000] {spark_submit.py:579} INFO - numExecutors            null
[2024-09-13T13:17:28.408+0000] {spark_submit.py:579} INFO - files                   null
[2024-09-13T13:17:28.410+0000] {spark_submit.py:579} INFO - pyFiles                 null
[2024-09-13T13:17:28.411+0000] {spark_submit.py:579} INFO - archives                null
[2024-09-13T13:17:28.412+0000] {spark_submit.py:579} INFO - mainClass               null
[2024-09-13T13:17:28.413+0000] {spark_submit.py:579} INFO - primaryResource         file:/opt/***/dags/spark_job.py
[2024-09-13T13:17:28.415+0000] {spark_submit.py:579} INFO - name                    arrow-spark
[2024-09-13T13:17:28.417+0000] {spark_submit.py:579} INFO - childArgs               []
[2024-09-13T13:17:28.418+0000] {spark_submit.py:579} INFO - jars                    null
[2024-09-13T13:17:28.420+0000] {spark_submit.py:579} INFO - packages                null
[2024-09-13T13:17:28.421+0000] {spark_submit.py:579} INFO - packagesExclusions      null
[2024-09-13T13:17:28.422+0000] {spark_submit.py:579} INFO - repositories            null
[2024-09-13T13:17:28.424+0000] {spark_submit.py:579} INFO - verbose                 true
[2024-09-13T13:17:28.425+0000] {spark_submit.py:579} INFO - 
[2024-09-13T13:17:28.426+0000] {spark_submit.py:579} INFO - Spark properties used, including those specified through
[2024-09-13T13:17:28.428+0000] {spark_submit.py:579} INFO - --conf and those from the properties file null:
[2024-09-13T13:17:28.429+0000] {spark_submit.py:579} INFO - (spark.master,spark://spark-master:7077)
[2024-09-13T13:17:28.430+0000] {spark_submit.py:579} INFO - 
[2024-09-13T13:17:28.432+0000] {spark_submit.py:579} INFO - 
[2024-09-13T13:17:29.121+0000] {spark_submit.py:579} INFO - Main class:
[2024-09-13T13:17:29.123+0000] {spark_submit.py:579} INFO - org.apache.spark.deploy.PythonRunner
[2024-09-13T13:17:29.124+0000] {spark_submit.py:579} INFO - Arguments:
[2024-09-13T13:17:29.125+0000] {spark_submit.py:579} INFO - file:/opt/***/dags/spark_job.py
[2024-09-13T13:17:29.126+0000] {spark_submit.py:579} INFO - null
[2024-09-13T13:17:29.129+0000] {spark_submit.py:579} INFO - Spark config:
[2024-09-13T13:17:29.130+0000] {spark_submit.py:579} INFO - (spark.app.name,arrow-spark)
[2024-09-13T13:17:29.132+0000] {spark_submit.py:579} INFO - (spark.app.submitTime,1726233449094)
[2024-09-13T13:17:29.133+0000] {spark_submit.py:579} INFO - (spark.master,spark://spark-master:7077)
[2024-09-13T13:17:29.134+0000] {spark_submit.py:579} INFO - (spark.submit.deployMode,client)
[2024-09-13T13:17:29.135+0000] {spark_submit.py:579} INFO - (spark.submit.pyFiles,)
[2024-09-13T13:17:29.136+0000] {spark_submit.py:579} INFO - Classpath elements:
[2024-09-13T13:17:29.137+0000] {spark_submit.py:579} INFO - 
[2024-09-13T13:17:29.138+0000] {spark_submit.py:579} INFO - 
[2024-09-13T13:17:29.139+0000] {spark_submit.py:579} INFO - 
[2024-09-13T13:17:31.388+0000] {spark_submit.py:579} INFO - 24/09/13 13:17:31 INFO SparkContext: Running Spark version 3.5.2
[2024-09-13T13:17:31.393+0000] {spark_submit.py:579} INFO - 24/09/13 13:17:31 INFO SparkContext: OS info Linux, 5.15.153.1-microsoft-standard-WSL2, amd64
[2024-09-13T13:17:31.394+0000] {spark_submit.py:579} INFO - 24/09/13 13:17:31 INFO SparkContext: Java version 17.0.12
[2024-09-13T13:17:31.546+0000] {spark_submit.py:579} INFO - 24/09/13 13:17:31 WARN NativeCodeLoader: Unable to load native-hadoop library for your platform... using builtin-java classes where applicable
[2024-09-13T13:17:31.800+0000] {spark_submit.py:579} INFO - 24/09/13 13:17:31 INFO ResourceUtils: ==============================================================
[2024-09-13T13:17:31.801+0000] {spark_submit.py:579} INFO - 24/09/13 13:17:31 INFO ResourceUtils: No custom resources configured for spark.driver.
[2024-09-13T13:17:31.802+0000] {spark_submit.py:579} INFO - 24/09/13 13:17:31 INFO ResourceUtils: ==============================================================
[2024-09-13T13:17:31.803+0000] {spark_submit.py:579} INFO - 24/09/13 13:17:31 INFO SparkContext: Submitted application: SparkJob
[2024-09-13T13:17:31.856+0000] {spark_submit.py:579} INFO - 24/09/13 13:17:31 INFO ResourceProfile: Default ResourceProfile created, executor resources: Map(cores -> name: cores, amount: 1, script: , vendor: , memory -> name: memory, amount: 1024, script: , vendor: , offHeap -> name: offHeap, amount: 0, script: , vendor: ), task resources: Map(cpus -> name: cpus, amount: 1.0)
[2024-09-13T13:17:31.872+0000] {spark_submit.py:579} INFO - 24/09/13 13:17:31 INFO ResourceProfile: Limiting resource is cpu
[2024-09-13T13:17:31.874+0000] {spark_submit.py:579} INFO - 24/09/13 13:17:31 INFO ResourceProfileManager: Added ResourceProfile id: 0
[2024-09-13T13:17:32.141+0000] {spark_submit.py:579} INFO - 24/09/13 13:17:32 INFO SecurityManager: Changing view acls to: ***
[2024-09-13T13:17:32.143+0000] {spark_submit.py:579} INFO - 24/09/13 13:17:32 INFO SecurityManager: Changing modify acls to: ***
[2024-09-13T13:17:32.146+0000] {spark_submit.py:579} INFO - 24/09/13 13:17:32 INFO SecurityManager: Changing view acls groups to:
[2024-09-13T13:17:32.148+0000] {spark_submit.py:579} INFO - 24/09/13 13:17:32 INFO SecurityManager: Changing modify acls groups to:
[2024-09-13T13:17:32.149+0000] {spark_submit.py:579} INFO - 24/09/13 13:17:32 INFO SecurityManager: SecurityManager: authentication disabled; ui acls disabled; users with view permissions: ***; groups with view permissions: EMPTY; users with modify permissions: ***; groups with modify permissions: EMPTY
[2024-09-13T13:17:33.231+0000] {spark_submit.py:579} INFO - 24/09/13 13:17:33 INFO Utils: Successfully started service 'sparkDriver' on port 43621.
[2024-09-13T13:17:33.318+0000] {spark_submit.py:579} INFO - 24/09/13 13:17:33 INFO SparkEnv: Registering MapOutputTracker
[2024-09-13T13:17:33.405+0000] {spark_submit.py:579} INFO - 24/09/13 13:17:33 INFO SparkEnv: Registering BlockManagerMaster
[2024-09-13T13:17:33.452+0000] {spark_submit.py:579} INFO - 24/09/13 13:17:33 INFO BlockManagerMasterEndpoint: Using org.apache.spark.storage.DefaultTopologyMapper for getting topology information
[2024-09-13T13:17:33.454+0000] {spark_submit.py:579} INFO - 24/09/13 13:17:33 INFO BlockManagerMasterEndpoint: BlockManagerMasterEndpoint up
[2024-09-13T13:17:33.464+0000] {spark_submit.py:579} INFO - 24/09/13 13:17:33 INFO SparkEnv: Registering BlockManagerMasterHeartbeat
[2024-09-13T13:17:33.549+0000] {spark_submit.py:579} INFO - 24/09/13 13:17:33 INFO DiskBlockManager: Created local directory at /tmp/blockmgr-c30441a9-3ff3-46e8-99a7-13e5fae8a7ac
[2024-09-13T13:17:33.599+0000] {spark_submit.py:579} INFO - 24/09/13 13:17:33 INFO MemoryStore: MemoryStore started with capacity 434.4 MiB
[2024-09-13T13:17:33.632+0000] {spark_submit.py:579} INFO - 24/09/13 13:17:33 INFO SparkEnv: Registering OutputCommitCoordinator
[2024-09-13T13:17:34.023+0000] {spark_submit.py:579} INFO - 24/09/13 13:17:34 INFO JettyUtils: Start Jetty 0.0.0.0:4040 for SparkUI
[2024-09-13T13:17:34.175+0000] {spark_submit.py:579} INFO - 24/09/13 13:17:34 INFO Utils: Successfully started service 'SparkUI' on port 4040.
[2024-09-13T13:17:34.395+0000] {spark_submit.py:579} INFO - 24/09/13 13:17:34 INFO Executor: Starting executor ID driver on host abca638f616d
[2024-09-13T13:17:34.396+0000] {spark_submit.py:579} INFO - 24/09/13 13:17:34 INFO Executor: OS info Linux, 5.15.153.1-microsoft-standard-WSL2, amd64
[2024-09-13T13:17:34.398+0000] {spark_submit.py:579} INFO - 24/09/13 13:17:34 INFO Executor: Java version 17.0.12
[2024-09-13T13:17:34.415+0000] {spark_submit.py:579} INFO - 24/09/13 13:17:34 INFO Executor: Starting executor with user classpath (userClassPathFirst = false): ''
[2024-09-13T13:17:34.416+0000] {spark_submit.py:579} INFO - 24/09/13 13:17:34 INFO Executor: Created or updated repl class loader org.apache.spark.util.MutableURLClassLoader@2b2d567f for default.
[2024-09-13T13:17:34.459+0000] {spark_submit.py:579} INFO - 24/09/13 13:17:34 INFO Utils: Successfully started service 'org.apache.spark.network.netty.NettyBlockTransferService' on port 39067.
[2024-09-13T13:17:34.461+0000] {spark_submit.py:579} INFO - 24/09/13 13:17:34 INFO NettyBlockTransferService: Server created on abca638f616d:39067
[2024-09-13T13:17:34.465+0000] {spark_submit.py:579} INFO - 24/09/13 13:17:34 INFO BlockManager: Using org.apache.spark.storage.RandomBlockReplicationPolicy for block replication policy
[2024-09-13T13:17:34.479+0000] {spark_submit.py:579} INFO - 24/09/13 13:17:34 INFO BlockManagerMaster: Registering BlockManager BlockManagerId(driver, abca638f616d, 39067, None)
[2024-09-13T13:17:34.486+0000] {spark_submit.py:579} INFO - 24/09/13 13:17:34 INFO BlockManagerMasterEndpoint: Registering block manager abca638f616d:39067 with 434.4 MiB RAM, BlockManagerId(driver, abca638f616d, 39067, None)
[2024-09-13T13:17:34.489+0000] {spark_submit.py:579} INFO - 24/09/13 13:17:34 INFO BlockManagerMaster: Registered BlockManager BlockManagerId(driver, abca638f616d, 39067, None)
[2024-09-13T13:17:34.491+0000] {spark_submit.py:579} INFO - 24/09/13 13:17:34 INFO BlockManager: Initialized BlockManager: BlockManagerId(driver, abca638f616d, 39067, None)
[2024-09-13T13:17:35.687+0000] {spark_submit.py:579} INFO - 24/09/13 13:17:35 INFO SharedState: Setting hive.metastore.warehouse.dir ('null') to the value of spark.sql.warehouse.dir.
[2024-09-13T13:17:35.715+0000] {spark_submit.py:579} INFO - 24/09/13 13:17:35 INFO SharedState: Warehouse path is 'file:/user/hive/warehouse'.
[2024-09-13T13:17:39.708+0000] {spark_submit.py:579} INFO - 24/09/13 13:17:39 INFO InMemoryFileIndex: It took 94 ms to list leaf files for 1 paths.
[2024-09-13T13:17:42.883+0000] {spark_submit.py:579} INFO - 24/09/13 13:17:42 INFO InMemoryFileIndex: It took 18 ms to list leaf files for 1 paths.
[2024-09-13T13:17:45.191+0000] {spark_submit.py:579} INFO - Тип данной таблицы -  <class 'pyspark.sql.dataframe.DataFrame'>
[2024-09-13T13:17:45.335+0000] {spark_submit.py:579} INFO - 24/09/13 13:17:45 INFO HiveConf: Found configuration file null
[2024-09-13T13:17:45.358+0000] {spark_submit.py:579} INFO - 24/09/13 13:17:45 INFO HiveUtils: Initializing HiveMetastoreConnection version 2.3.9 using Spark classes.
[2024-09-13T13:17:45.850+0000] {spark_submit.py:579} INFO - 24/09/13 13:17:45 INFO HiveClientImpl: Warehouse location for Hive client (version 2.3.9) is file:/user/hive/warehouse
[2024-09-13T13:17:45.928+0000] {spark_submit.py:579} INFO - 24/09/13 13:17:45 INFO metastore: Trying to connect to metastore with URI thrift://localhost:9083
[2024-09-13T13:17:45.973+0000] {spark_submit.py:579} INFO - 24/09/13 13:17:45 WARN metastore: Failed to connect to the MetaStore Server...
[2024-09-13T13:17:45.974+0000] {spark_submit.py:579} INFO - 24/09/13 13:17:45 INFO metastore: Waiting 1 seconds before next connection attempt.
[2024-09-13T13:17:46.974+0000] {spark_submit.py:579} INFO - 24/09/13 13:17:46 INFO metastore: Trying to connect to metastore with URI thrift://localhost:9083
[2024-09-13T13:17:46.976+0000] {spark_submit.py:579} INFO - 24/09/13 13:17:46 WARN metastore: Failed to connect to the MetaStore Server...
[2024-09-13T13:17:46.977+0000] {spark_submit.py:579} INFO - 24/09/13 13:17:46 INFO metastore: Waiting 1 seconds before next connection attempt.
[2024-09-13T13:17:47.977+0000] {spark_submit.py:579} INFO - 24/09/13 13:17:47 INFO metastore: Trying to connect to metastore with URI thrift://localhost:9083
[2024-09-13T13:17:47.979+0000] {spark_submit.py:579} INFO - 24/09/13 13:17:47 WARN metastore: Failed to connect to the MetaStore Server...
[2024-09-13T13:17:47.979+0000] {spark_submit.py:579} INFO - 24/09/13 13:17:47 INFO metastore: Waiting 1 seconds before next connection attempt.
[2024-09-13T13:17:49.101+0000] {spark_submit.py:579} INFO - 24/09/13 13:17:49 WARN HiveClientImpl: HiveClient got thrift exception, destroying client and retrying (0 tries remaining)
[2024-09-13T13:17:49.102+0000] {spark_submit.py:579} INFO - org.apache.hadoop.hive.ql.metadata.HiveException: java.lang.RuntimeException: Unable to instantiate org.apache.hadoop.hive.ql.metadata.SessionHiveMetaStoreClient
[2024-09-13T13:17:49.103+0000] {spark_submit.py:579} INFO - at org.apache.hadoop.hive.ql.metadata.Hive.getDatabase(Hive.java:1567)
[2024-09-13T13:17:49.104+0000] {spark_submit.py:579} INFO - at org.apache.hadoop.hive.ql.metadata.Hive.databaseExists(Hive.java:1552)
[2024-09-13T13:17:49.105+0000] {spark_submit.py:579} INFO - at org.apache.spark.sql.hive.client.Shim_v0_12.databaseExists(HiveShim.scala:609)
[2024-09-13T13:17:49.105+0000] {spark_submit.py:579} INFO - at org.apache.spark.sql.hive.client.HiveClientImpl.$anonfun$databaseExists$1(HiveClientImpl.scala:406)
[2024-09-13T13:17:49.106+0000] {spark_submit.py:579} INFO - at scala.runtime.java8.JFunction0$mcZ$sp.apply(JFunction0$mcZ$sp.java:23)
[2024-09-13T13:17:49.106+0000] {spark_submit.py:579} INFO - at org.apache.spark.sql.hive.client.HiveClientImpl.$anonfun$withHiveState$1(HiveClientImpl.scala:303)
[2024-09-13T13:17:49.107+0000] {spark_submit.py:579} INFO - at org.apache.spark.sql.hive.client.HiveClientImpl.liftedTree1$1(HiveClientImpl.scala:234)
[2024-09-13T13:17:49.107+0000] {spark_submit.py:579} INFO - at org.apache.spark.sql.hive.client.HiveClientImpl.retryLocked(HiveClientImpl.scala:233)
[2024-09-13T13:17:49.108+0000] {spark_submit.py:579} INFO - at org.apache.spark.sql.hive.client.HiveClientImpl.withHiveState(HiveClientImpl.scala:283)
[2024-09-13T13:17:49.108+0000] {spark_submit.py:579} INFO - at org.apache.spark.sql.hive.client.HiveClientImpl.databaseExists(HiveClientImpl.scala:406)
[2024-09-13T13:17:49.109+0000] {spark_submit.py:579} INFO - at org.apache.spark.sql.hive.HiveExternalCatalog.$anonfun$databaseExists$1(HiveExternalCatalog.scala:224)
[2024-09-13T13:17:49.109+0000] {spark_submit.py:579} INFO - at scala.runtime.java8.JFunction0$mcZ$sp.apply(JFunction0$mcZ$sp.java:23)
[2024-09-13T13:17:49.110+0000] {spark_submit.py:579} INFO - at org.apache.spark.sql.hive.HiveExternalCatalog.withClient(HiveExternalCatalog.scala:99)
[2024-09-13T13:17:49.111+0000] {spark_submit.py:579} INFO - at org.apache.spark.sql.hive.HiveExternalCatalog.databaseExists(HiveExternalCatalog.scala:224)
[2024-09-13T13:17:49.111+0000] {spark_submit.py:579} INFO - at org.apache.spark.sql.internal.SharedState.externalCatalog$lzycompute(SharedState.scala:146)
[2024-09-13T13:17:49.112+0000] {spark_submit.py:579} INFO - at org.apache.spark.sql.internal.SharedState.externalCatalog(SharedState.scala:140)
[2024-09-13T13:17:49.112+0000] {spark_submit.py:579} INFO - at org.apache.spark.sql.hive.HiveSessionStateBuilder.externalCatalog(HiveSessionStateBuilder.scala:54)
[2024-09-13T13:17:49.113+0000] {spark_submit.py:579} INFO - at org.apache.spark.sql.hive.HiveSessionStateBuilder.$anonfun$catalog$1(HiveSessionStateBuilder.scala:69)
[2024-09-13T13:17:49.113+0000] {spark_submit.py:579} INFO - at org.apache.spark.sql.catalyst.catalog.SessionCatalog.externalCatalog$lzycompute(SessionCatalog.scala:122)
[2024-09-13T13:17:49.114+0000] {spark_submit.py:579} INFO - at org.apache.spark.sql.catalyst.catalog.SessionCatalog.externalCatalog(SessionCatalog.scala:122)
[2024-09-13T13:17:49.115+0000] {spark_submit.py:579} INFO - at org.apache.spark.sql.catalyst.catalog.SessionCatalog.tableExists(SessionCatalog.scala:518)
[2024-09-13T13:17:49.116+0000] {spark_submit.py:579} INFO - at org.apache.spark.sql.DataFrameWriter.saveAsTable(DataFrameWriter.scala:641)
[2024-09-13T13:17:49.116+0000] {spark_submit.py:579} INFO - at org.apache.spark.sql.DataFrameWriter.saveAsTable(DataFrameWriter.scala:571)
[2024-09-13T13:17:49.117+0000] {spark_submit.py:579} INFO - at java.base/jdk.internal.reflect.NativeMethodAccessorImpl.invoke0(Native Method)
[2024-09-13T13:17:49.117+0000] {spark_submit.py:579} INFO - at java.base/jdk.internal.reflect.NativeMethodAccessorImpl.invoke(NativeMethodAccessorImpl.java:77)
[2024-09-13T13:17:49.118+0000] {spark_submit.py:579} INFO - at java.base/jdk.internal.reflect.DelegatingMethodAccessorImpl.invoke(DelegatingMethodAccessorImpl.java:43)
[2024-09-13T13:17:49.118+0000] {spark_submit.py:579} INFO - at java.base/java.lang.reflect.Method.invoke(Method.java:569)
[2024-09-13T13:17:49.119+0000] {spark_submit.py:579} INFO - at py4j.reflection.MethodInvoker.invoke(MethodInvoker.java:244)
[2024-09-13T13:17:49.119+0000] {spark_submit.py:579} INFO - at py4j.reflection.ReflectionEngine.invoke(ReflectionEngine.java:374)
[2024-09-13T13:17:49.119+0000] {spark_submit.py:579} INFO - at py4j.Gateway.invoke(Gateway.java:282)
[2024-09-13T13:17:49.120+0000] {spark_submit.py:579} INFO - at py4j.commands.AbstractCommand.invokeMethod(AbstractCommand.java:132)
[2024-09-13T13:17:49.120+0000] {spark_submit.py:579} INFO - at py4j.commands.CallCommand.execute(CallCommand.java:79)
[2024-09-13T13:17:49.121+0000] {spark_submit.py:579} INFO - at py4j.ClientServerConnection.waitForCommands(ClientServerConnection.java:182)
[2024-09-13T13:17:49.121+0000] {spark_submit.py:579} INFO - at py4j.ClientServerConnection.run(ClientServerConnection.java:106)
[2024-09-13T13:17:49.122+0000] {spark_submit.py:579} INFO - at java.base/java.lang.Thread.run(Thread.java:840)
[2024-09-13T13:17:49.122+0000] {spark_submit.py:579} INFO - Caused by: java.lang.RuntimeException: Unable to instantiate org.apache.hadoop.hive.ql.metadata.SessionHiveMetaStoreClient
[2024-09-13T13:17:49.123+0000] {spark_submit.py:579} INFO - at org.apache.hadoop.hive.metastore.MetaStoreUtils.newInstance(MetaStoreUtils.java:1742)
[2024-09-13T13:17:49.123+0000] {spark_submit.py:579} INFO - at org.apache.hadoop.hive.metastore.RetryingMetaStoreClient.<init>(RetryingMetaStoreClient.java:83)
[2024-09-13T13:17:49.123+0000] {spark_submit.py:579} INFO - at org.apache.hadoop.hive.metastore.RetryingMetaStoreClient.getProxy(RetryingMetaStoreClient.java:133)
[2024-09-13T13:17:49.124+0000] {spark_submit.py:579} INFO - at org.apache.hadoop.hive.metastore.RetryingMetaStoreClient.getProxy(RetryingMetaStoreClient.java:104)
[2024-09-13T13:17:49.124+0000] {spark_submit.py:579} INFO - at org.apache.hadoop.hive.ql.metadata.Hive.createMetaStoreClient(Hive.java:3607)
[2024-09-13T13:17:49.125+0000] {spark_submit.py:579} INFO - at org.apache.hadoop.hive.ql.metadata.Hive.getMSC(Hive.java:3659)
[2024-09-13T13:17:49.125+0000] {spark_submit.py:579} INFO - at org.apache.hadoop.hive.ql.metadata.Hive.getMSC(Hive.java:3639)
[2024-09-13T13:17:49.126+0000] {spark_submit.py:579} INFO - at org.apache.hadoop.hive.ql.metadata.Hive.getDatabase(Hive.java:1563)
[2024-09-13T13:17:49.126+0000] {spark_submit.py:579} INFO - ... 34 more
[2024-09-13T13:17:49.127+0000] {spark_submit.py:579} INFO - Caused by: java.lang.reflect.InvocationTargetException
[2024-09-13T13:17:49.127+0000] {spark_submit.py:579} INFO - at java.base/jdk.internal.reflect.NativeConstructorAccessorImpl.newInstance0(Native Method)
[2024-09-13T13:17:49.128+0000] {spark_submit.py:579} INFO - at java.base/jdk.internal.reflect.NativeConstructorAccessorImpl.newInstance(NativeConstructorAccessorImpl.java:77)
[2024-09-13T13:17:49.129+0000] {spark_submit.py:579} INFO - at java.base/jdk.internal.reflect.DelegatingConstructorAccessorImpl.newInstance(DelegatingConstructorAccessorImpl.java:45)
[2024-09-13T13:17:49.129+0000] {spark_submit.py:579} INFO - at java.base/java.lang.reflect.Constructor.newInstanceWithCaller(Constructor.java:500)
[2024-09-13T13:17:49.129+0000] {spark_submit.py:579} INFO - at java.base/java.lang.reflect.Constructor.newInstance(Constructor.java:481)
[2024-09-13T13:17:49.130+0000] {spark_submit.py:579} INFO - at org.apache.hadoop.hive.metastore.MetaStoreUtils.newInstance(MetaStoreUtils.java:1740)
[2024-09-13T13:17:49.131+0000] {spark_submit.py:579} INFO - ... 41 more
[2024-09-13T13:17:49.132+0000] {spark_submit.py:579} INFO - Caused by: MetaException(message:Could not connect to meta store using any of the URIs provided. Most recent failure: org.apache.thrift.transport.TTransportException: java.net.ConnectException: Connection refused
[2024-09-13T13:17:49.133+0000] {spark_submit.py:579} INFO - at org.apache.thrift.transport.TSocket.open(TSocket.java:226)
[2024-09-13T13:17:49.133+0000] {spark_submit.py:579} INFO - at org.apache.hadoop.hive.metastore.HiveMetaStoreClient.open(HiveMetaStoreClient.java:478)
[2024-09-13T13:17:49.134+0000] {spark_submit.py:579} INFO - at org.apache.hadoop.hive.metastore.HiveMetaStoreClient.<init>(HiveMetaStoreClient.java:245)
[2024-09-13T13:17:49.134+0000] {spark_submit.py:579} INFO - at org.apache.hadoop.hive.ql.metadata.SessionHiveMetaStoreClient.<init>(SessionHiveMetaStoreClient.java:70)
[2024-09-13T13:17:49.134+0000] {spark_submit.py:579} INFO - at java.base/jdk.internal.reflect.NativeConstructorAccessorImpl.newInstance0(Native Method)
[2024-09-13T13:17:49.135+0000] {spark_submit.py:579} INFO - at java.base/jdk.internal.reflect.NativeConstructorAccessorImpl.newInstance(NativeConstructorAccessorImpl.java:77)
[2024-09-13T13:17:49.135+0000] {spark_submit.py:579} INFO - at java.base/jdk.internal.reflect.DelegatingConstructorAccessorImpl.newInstance(DelegatingConstructorAccessorImpl.java:45)
[2024-09-13T13:17:49.136+0000] {spark_submit.py:579} INFO - at java.base/java.lang.reflect.Constructor.newInstanceWithCaller(Constructor.java:500)
[2024-09-13T13:17:49.137+0000] {spark_submit.py:579} INFO - at java.base/java.lang.reflect.Constructor.newInstance(Constructor.java:481)
[2024-09-13T13:17:49.138+0000] {spark_submit.py:579} INFO - at org.apache.hadoop.hive.metastore.MetaStoreUtils.newInstance(MetaStoreUtils.java:1740)
[2024-09-13T13:17:49.138+0000] {spark_submit.py:579} INFO - at org.apache.hadoop.hive.metastore.RetryingMetaStoreClient.<init>(RetryingMetaStoreClient.java:83)
[2024-09-13T13:17:49.140+0000] {spark_submit.py:579} INFO - at org.apache.hadoop.hive.metastore.RetryingMetaStoreClient.getProxy(RetryingMetaStoreClient.java:133)
[2024-09-13T13:17:49.142+0000] {spark_submit.py:579} INFO - at org.apache.hadoop.hive.metastore.RetryingMetaStoreClient.getProxy(RetryingMetaStoreClient.java:104)
[2024-09-13T13:17:49.143+0000] {spark_submit.py:579} INFO - at org.apache.hadoop.hive.ql.metadata.Hive.createMetaStoreClient(Hive.java:3607)
[2024-09-13T13:17:49.144+0000] {spark_submit.py:579} INFO - at org.apache.hadoop.hive.ql.metadata.Hive.getMSC(Hive.java:3659)
[2024-09-13T13:17:49.145+0000] {spark_submit.py:579} INFO - at org.apache.hadoop.hive.ql.metadata.Hive.getMSC(Hive.java:3639)
[2024-09-13T13:17:49.146+0000] {spark_submit.py:579} INFO - at org.apache.hadoop.hive.ql.metadata.Hive.getDatabase(Hive.java:1563)
[2024-09-13T13:17:49.148+0000] {spark_submit.py:579} INFO - at org.apache.hadoop.hive.ql.metadata.Hive.databaseExists(Hive.java:1552)
[2024-09-13T13:17:49.149+0000] {spark_submit.py:579} INFO - at org.apache.spark.sql.hive.client.Shim_v0_12.databaseExists(HiveShim.scala:609)
[2024-09-13T13:17:49.150+0000] {spark_submit.py:579} INFO - at org.apache.spark.sql.hive.client.HiveClientImpl.$anonfun$databaseExists$1(HiveClientImpl.scala:406)
[2024-09-13T13:17:49.152+0000] {spark_submit.py:579} INFO - at scala.runtime.java8.JFunction0$mcZ$sp.apply(JFunction0$mcZ$sp.java:23)
[2024-09-13T13:17:49.153+0000] {spark_submit.py:579} INFO - at org.apache.spark.sql.hive.client.HiveClientImpl.$anonfun$withHiveState$1(HiveClientImpl.scala:303)
[2024-09-13T13:17:49.154+0000] {spark_submit.py:579} INFO - at org.apache.spark.sql.hive.client.HiveClientImpl.liftedTree1$1(HiveClientImpl.scala:234)
[2024-09-13T13:17:49.155+0000] {spark_submit.py:579} INFO - at org.apache.spark.sql.hive.client.HiveClientImpl.retryLocked(HiveClientImpl.scala:233)
[2024-09-13T13:17:49.156+0000] {spark_submit.py:579} INFO - at org.apache.spark.sql.hive.client.HiveClientImpl.withHiveState(HiveClientImpl.scala:283)
[2024-09-13T13:17:49.157+0000] {spark_submit.py:579} INFO - at org.apache.spark.sql.hive.client.HiveClientImpl.databaseExists(HiveClientImpl.scala:406)
[2024-09-13T13:17:49.158+0000] {spark_submit.py:579} INFO - at org.apache.spark.sql.hive.HiveExternalCatalog.$anonfun$databaseExists$1(HiveExternalCatalog.scala:224)
[2024-09-13T13:17:49.158+0000] {spark_submit.py:579} INFO - at scala.runtime.java8.JFunction0$mcZ$sp.apply(JFunction0$mcZ$sp.java:23)
[2024-09-13T13:17:49.159+0000] {spark_submit.py:579} INFO - at org.apache.spark.sql.hive.HiveExternalCatalog.withClient(HiveExternalCatalog.scala:99)
[2024-09-13T13:17:49.160+0000] {spark_submit.py:579} INFO - at org.apache.spark.sql.hive.HiveExternalCatalog.databaseExists(HiveExternalCatalog.scala:224)
[2024-09-13T13:17:49.161+0000] {spark_submit.py:579} INFO - at org.apache.spark.sql.internal.SharedState.externalCatalog$lzycompute(SharedState.scala:146)
[2024-09-13T13:17:49.162+0000] {spark_submit.py:579} INFO - at org.apache.spark.sql.internal.SharedState.externalCatalog(SharedState.scala:140)
[2024-09-13T13:17:49.163+0000] {spark_submit.py:579} INFO - at org.apache.spark.sql.hive.HiveSessionStateBuilder.externalCatalog(HiveSessionStateBuilder.scala:54)
[2024-09-13T13:17:49.164+0000] {spark_submit.py:579} INFO - at org.apache.spark.sql.hive.HiveSessionStateBuilder.$anonfun$catalog$1(HiveSessionStateBuilder.scala:69)
[2024-09-13T13:17:49.166+0000] {spark_submit.py:579} INFO - at org.apache.spark.sql.catalyst.catalog.SessionCatalog.externalCatalog$lzycompute(SessionCatalog.scala:122)
[2024-09-13T13:17:49.168+0000] {spark_submit.py:579} INFO - at org.apache.spark.sql.catalyst.catalog.SessionCatalog.externalCatalog(SessionCatalog.scala:122)
[2024-09-13T13:17:49.169+0000] {spark_submit.py:579} INFO - at org.apache.spark.sql.catalyst.catalog.SessionCatalog.tableExists(SessionCatalog.scala:518)
[2024-09-13T13:17:49.170+0000] {spark_submit.py:579} INFO - at org.apache.spark.sql.DataFrameWriter.saveAsTable(DataFrameWriter.scala:641)
[2024-09-13T13:17:49.171+0000] {spark_submit.py:579} INFO - at org.apache.spark.sql.DataFrameWriter.saveAsTable(DataFrameWriter.scala:571)
[2024-09-13T13:17:49.173+0000] {spark_submit.py:579} INFO - at java.base/jdk.internal.reflect.NativeMethodAccessorImpl.invoke0(Native Method)
[2024-09-13T13:17:49.174+0000] {spark_submit.py:579} INFO - at java.base/jdk.internal.reflect.NativeMethodAccessorImpl.invoke(NativeMethodAccessorImpl.java:77)
[2024-09-13T13:17:49.175+0000] {spark_submit.py:579} INFO - at java.base/jdk.internal.reflect.DelegatingMethodAccessorImpl.invoke(DelegatingMethodAccessorImpl.java:43)
[2024-09-13T13:17:49.176+0000] {spark_submit.py:579} INFO - at java.base/java.lang.reflect.Method.invoke(Method.java:569)
[2024-09-13T13:17:49.178+0000] {spark_submit.py:579} INFO - at py4j.reflection.MethodInvoker.invoke(MethodInvoker.java:244)
[2024-09-13T13:17:49.181+0000] {spark_submit.py:579} INFO - at py4j.reflection.ReflectionEngine.invoke(ReflectionEngine.java:374)
[2024-09-13T13:17:49.183+0000] {spark_submit.py:579} INFO - at py4j.Gateway.invoke(Gateway.java:282)
[2024-09-13T13:17:49.184+0000] {spark_submit.py:579} INFO - at py4j.commands.AbstractCommand.invokeMethod(AbstractCommand.java:132)
[2024-09-13T13:17:49.185+0000] {spark_submit.py:579} INFO - at py4j.commands.CallCommand.execute(CallCommand.java:79)
[2024-09-13T13:17:49.186+0000] {spark_submit.py:579} INFO - at py4j.ClientServerConnection.waitForCommands(ClientServerConnection.java:182)
[2024-09-13T13:17:49.187+0000] {spark_submit.py:579} INFO - at py4j.ClientServerConnection.run(ClientServerConnection.java:106)
[2024-09-13T13:17:49.187+0000] {spark_submit.py:579} INFO - at java.base/java.lang.Thread.run(Thread.java:840)
[2024-09-13T13:17:49.188+0000] {spark_submit.py:579} INFO - Caused by: java.net.ConnectException: Connection refused
[2024-09-13T13:17:49.188+0000] {spark_submit.py:579} INFO - at java.base/sun.nio.ch.Net.pollConnect(Native Method)
[2024-09-13T13:17:49.189+0000] {spark_submit.py:579} INFO - at java.base/sun.nio.ch.Net.pollConnectNow(Net.java:672)
[2024-09-13T13:17:49.190+0000] {spark_submit.py:579} INFO - at java.base/sun.nio.ch.NioSocketImpl.timedFinishConnect(NioSocketImpl.java:547)
[2024-09-13T13:17:49.191+0000] {spark_submit.py:579} INFO - at java.base/sun.nio.ch.NioSocketImpl.connect(NioSocketImpl.java:602)
[2024-09-13T13:17:49.191+0000] {spark_submit.py:579} INFO - at java.base/java.net.SocksSocketImpl.connect(SocksSocketImpl.java:327)
[2024-09-13T13:17:49.192+0000] {spark_submit.py:579} INFO - at java.base/java.net.Socket.connect(Socket.java:633)
[2024-09-13T13:17:49.193+0000] {spark_submit.py:579} INFO - at org.apache.thrift.transport.TSocket.open(TSocket.java:221)
[2024-09-13T13:17:49.193+0000] {spark_submit.py:579} INFO - ... 50 more
[2024-09-13T13:17:49.194+0000] {spark_submit.py:579} INFO - )
[2024-09-13T13:17:49.194+0000] {spark_submit.py:579} INFO - at org.apache.hadoop.hive.metastore.HiveMetaStoreClient.open(HiveMetaStoreClient.java:527)
[2024-09-13T13:17:49.195+0000] {spark_submit.py:579} INFO - at org.apache.hadoop.hive.metastore.HiveMetaStoreClient.<init>(HiveMetaStoreClient.java:245)
[2024-09-13T13:17:49.196+0000] {spark_submit.py:579} INFO - at org.apache.hadoop.hive.ql.metadata.SessionHiveMetaStoreClient.<init>(SessionHiveMetaStoreClient.java:70)
[2024-09-13T13:17:49.196+0000] {spark_submit.py:579} INFO - ... 47 more
[2024-09-13T13:17:50.102+0000] {spark_submit.py:579} INFO - 24/09/13 13:17:50 WARN HiveClientImpl: Deadline exceeded
[2024-09-13T13:17:50.812+0000] {spark_submit.py:579} INFO - Traceback (most recent call last):
[2024-09-13T13:17:50.813+0000] {spark_submit.py:579} INFO - File "/opt/***/dags/spark_job.py", line 80, in <module>
[2024-09-13T13:17:50.817+0000] {spark_submit.py:579} INFO - final_table.write.mode("overwrite").saveAsTable("pc_makers")
[2024-09-13T13:17:50.818+0000] {spark_submit.py:579} INFO - File "/home/***/.local/lib/python3.12/site-packages/pyspark/sql/readwriter.py", line 1586, in saveAsTable
[2024-09-13T13:17:50.819+0000] {spark_submit.py:579} INFO - self._jwrite.saveAsTable(name)
[2024-09-13T13:17:50.820+0000] {spark_submit.py:579} INFO - File "/home/***/.local/lib/python3.12/site-packages/py4j/java_gateway.py", line 1322, in __call__
[2024-09-13T13:17:50.821+0000] {spark_submit.py:579} INFO - return_value = get_return_value(
[2024-09-13T13:17:50.822+0000] {spark_submit.py:579} INFO - ^^^^^^^^^^^^^^^^^
[2024-09-13T13:17:50.823+0000] {spark_submit.py:579} INFO - File "/home/***/.local/lib/python3.12/site-packages/pyspark/errors/exceptions/captured.py", line 185, in deco
[2024-09-13T13:17:50.824+0000] {spark_submit.py:579} INFO - raise converted from None
[2024-09-13T13:17:50.833+0000] {spark_submit.py:579} INFO - pyspark.errors.exceptions.captured.AnalysisException: org.apache.hadoop.hive.ql.metadata.HiveException: java.lang.RuntimeException: Unable to instantiate org.apache.hadoop.hive.ql.metadata.SessionHiveMetaStoreClient
[2024-09-13T13:17:50.932+0000] {spark_submit.py:579} INFO - 24/09/13 13:17:50 INFO SparkContext: Invoking stop() from shutdown hook
[2024-09-13T13:17:50.933+0000] {spark_submit.py:579} INFO - 24/09/13 13:17:50 INFO SparkContext: SparkContext is stopping with exitCode 0.
[2024-09-13T13:17:50.952+0000] {spark_submit.py:579} INFO - 24/09/13 13:17:50 INFO SparkUI: Stopped Spark web UI at http://abca638f616d:4040
[2024-09-13T13:17:50.972+0000] {spark_submit.py:579} INFO - 24/09/13 13:17:50 INFO MapOutputTrackerMasterEndpoint: MapOutputTrackerMasterEndpoint stopped!
[2024-09-13T13:17:50.999+0000] {spark_submit.py:579} INFO - 24/09/13 13:17:50 INFO MemoryStore: MemoryStore cleared
[2024-09-13T13:17:51.000+0000] {spark_submit.py:579} INFO - 24/09/13 13:17:51 INFO BlockManager: BlockManager stopped
[2024-09-13T13:17:51.012+0000] {spark_submit.py:579} INFO - 24/09/13 13:17:51 INFO BlockManagerMaster: BlockManagerMaster stopped
[2024-09-13T13:17:51.018+0000] {spark_submit.py:579} INFO - 24/09/13 13:17:51 INFO OutputCommitCoordinator$OutputCommitCoordinatorEndpoint: OutputCommitCoordinator stopped!
[2024-09-13T13:17:51.033+0000] {spark_submit.py:579} INFO - 24/09/13 13:17:51 INFO SparkContext: Successfully stopped SparkContext
[2024-09-13T13:17:51.034+0000] {spark_submit.py:579} INFO - 24/09/13 13:17:51 INFO ShutdownHookManager: Shutdown hook called
[2024-09-13T13:17:51.035+0000] {spark_submit.py:579} INFO - 24/09/13 13:17:51 INFO ShutdownHookManager: Deleting directory /tmp/spark-b5515f22-4bb5-4640-b4f9-8f7c9c12f173
[2024-09-13T13:17:51.045+0000] {spark_submit.py:579} INFO - 24/09/13 13:17:51 INFO ShutdownHookManager: Deleting directory /tmp/spark-6e60accd-203c-4389-b29e-55210f95486e/pyspark-70d0fc8a-aeaa-455c-8e70-7f0982e66e2d
[2024-09-13T13:17:51.054+0000] {spark_submit.py:579} INFO - 24/09/13 13:17:51 INFO ShutdownHookManager: Deleting directory /tmp/spark-6e60accd-203c-4389-b29e-55210f95486e
[2024-09-13T13:17:51.174+0000] {taskinstance.py:3310} ERROR - Task failed with exception
Traceback (most recent call last):
  File "/home/airflow/.local/lib/python3.12/site-packages/airflow/models/taskinstance.py", line 767, in _execute_task
    result = _execute_callable(context=context, **execute_callable_kwargs)
             ^^^^^^^^^^^^^^^^^^^^^^^^^^^^^^^^^^^^^^^^^^^^^^^^^^^^^^^^^^^^^
  File "/home/airflow/.local/lib/python3.12/site-packages/airflow/models/taskinstance.py", line 733, in _execute_callable
    return ExecutionCallableRunner(
           ^^^^^^^^^^^^^^^^^^^^^^^^
  File "/home/airflow/.local/lib/python3.12/site-packages/airflow/utils/operator_helpers.py", line 252, in run
    return self.func(*args, **kwargs)
           ^^^^^^^^^^^^^^^^^^^^^^^^^^
  File "/home/airflow/.local/lib/python3.12/site-packages/airflow/models/baseoperator.py", line 406, in wrapper
    return func(self, *args, **kwargs)
           ^^^^^^^^^^^^^^^^^^^^^^^^^^^
  File "/home/airflow/.local/lib/python3.12/site-packages/airflow/providers/apache/spark/operators/spark_submit.py", line 174, in execute
    self._hook.submit(self.application)
  File "/home/airflow/.local/lib/python3.12/site-packages/airflow/providers/apache/spark/hooks/spark_submit.py", line 505, in submit
    raise AirflowException(
airflow.exceptions.AirflowException: Cannot execute: spark-submit --master spark://spark-master:7077 --conf spark.master=spark://spark-master:7077 --name arrow-spark --verbose --deploy-mode client /opt/***/dags/spark_job.py. Error code is: 1.
[2024-09-13T13:17:51.193+0000] {taskinstance.py:1225} INFO - Marking task as UP_FOR_RETRY. dag_id=spark_find_makers_dag, task_id=spark_submit_task, run_id=scheduled__2024-09-12T00:00:00+00:00, execution_date=20240912T000000, start_date=20240913T131721, end_date=20240913T131751
[2024-09-13T13:17:51.244+0000] {taskinstance.py:340} INFO - ::group::Post task execution logs
[2024-09-13T13:17:51.245+0000] {standard_task_runner.py:124} ERROR - Failed to execute job 642 for task spark_submit_task (Cannot execute: spark-submit --master spark://spark-master:7077 --conf spark.master=spark://spark-master:7077 --name arrow-spark --verbose --deploy-mode client /opt/***/dags/spark_job.py. Error code is: 1.; 240)
Traceback (most recent call last):
  File "/home/airflow/.local/lib/python3.12/site-packages/airflow/task/task_runner/standard_task_runner.py", line 117, in _start_by_fork
    ret = args.func(args, dag=self.dag)
          ^^^^^^^^^^^^^^^^^^^^^^^^^^^^^
  File "/home/airflow/.local/lib/python3.12/site-packages/airflow/cli/cli_config.py", line 49, in command
    return func(*args, **kwargs)
           ^^^^^^^^^^^^^^^^^^^^^
  File "/home/airflow/.local/lib/python3.12/site-packages/airflow/utils/cli.py", line 115, in wrapper
    return f(*args, **kwargs)
           ^^^^^^^^^^^^^^^^^^
  File "/home/airflow/.local/lib/python3.12/site-packages/airflow/cli/commands/task_command.py", line 483, in task_run
    task_return_code = _run_task_by_selected_method(args, _dag, ti)
                       ^^^^^^^^^^^^^^^^^^^^^^^^^^^^^^^^^^^^^^^^^^^^
  File "/home/airflow/.local/lib/python3.12/site-packages/airflow/cli/commands/task_command.py", line 256, in _run_task_by_selected_method
    return _run_raw_task(args, ti)
           ^^^^^^^^^^^^^^^^^^^^^^^
  File "/home/airflow/.local/lib/python3.12/site-packages/airflow/cli/commands/task_command.py", line 341, in _run_raw_task
    return ti._run_raw_task(
           ^^^^^^^^^^^^^^^^^
  File "/home/airflow/.local/lib/python3.12/site-packages/airflow/utils/session.py", line 97, in wrapper
    return func(*args, session=session, **kwargs)
           ^^^^^^^^^^^^^^^^^^^^^^^^^^^^^^^^^^^^^^
  File "/home/airflow/.local/lib/python3.12/site-packages/airflow/models/taskinstance.py", line 3004, in _run_raw_task
    return _run_raw_task(
           ^^^^^^^^^^^^^^
  File "/home/airflow/.local/lib/python3.12/site-packages/airflow/models/taskinstance.py", line 273, in _run_raw_task
    TaskInstance._execute_task_with_callbacks(
  File "/home/airflow/.local/lib/python3.12/site-packages/airflow/models/taskinstance.py", line 3158, in _execute_task_with_callbacks
    result = self._execute_task(context, task_orig)
             ^^^^^^^^^^^^^^^^^^^^^^^^^^^^^^^^^^^^^^
  File "/home/airflow/.local/lib/python3.12/site-packages/airflow/models/taskinstance.py", line 3182, in _execute_task
    return _execute_task(self, context, task_orig)
           ^^^^^^^^^^^^^^^^^^^^^^^^^^^^^^^^^^^^^^^
  File "/home/airflow/.local/lib/python3.12/site-packages/airflow/models/taskinstance.py", line 767, in _execute_task
    result = _execute_callable(context=context, **execute_callable_kwargs)
             ^^^^^^^^^^^^^^^^^^^^^^^^^^^^^^^^^^^^^^^^^^^^^^^^^^^^^^^^^^^^^
  File "/home/airflow/.local/lib/python3.12/site-packages/airflow/models/taskinstance.py", line 733, in _execute_callable
    return ExecutionCallableRunner(
           ^^^^^^^^^^^^^^^^^^^^^^^^
  File "/home/airflow/.local/lib/python3.12/site-packages/airflow/utils/operator_helpers.py", line 252, in run
    return self.func(*args, **kwargs)
           ^^^^^^^^^^^^^^^^^^^^^^^^^^
  File "/home/airflow/.local/lib/python3.12/site-packages/airflow/models/baseoperator.py", line 406, in wrapper
    return func(self, *args, **kwargs)
           ^^^^^^^^^^^^^^^^^^^^^^^^^^^
  File "/home/airflow/.local/lib/python3.12/site-packages/airflow/providers/apache/spark/operators/spark_submit.py", line 174, in execute
    self._hook.submit(self.application)
  File "/home/airflow/.local/lib/python3.12/site-packages/airflow/providers/apache/spark/hooks/spark_submit.py", line 505, in submit
    raise AirflowException(
airflow.exceptions.AirflowException: Cannot execute: spark-submit --master spark://spark-master:7077 --conf spark.master=spark://spark-master:7077 --name arrow-spark --verbose --deploy-mode client /opt/***/dags/spark_job.py. Error code is: 1.
[2024-09-13T13:17:51.269+0000] {local_task_job_runner.py:266} INFO - Task exited with return code 1
[2024-09-13T13:17:51.296+0000] {taskinstance.py:3900} INFO - 0 downstream tasks scheduled from follow-on schedule check
[2024-09-13T13:17:51.303+0000] {local_task_job_runner.py:245} INFO - ::endgroup::
