[2024-09-13T16:31:47.581+0000] {local_task_job_runner.py:123} INFO - ::group::Pre task execution logs
[2024-09-13T16:31:47.657+0000] {taskinstance.py:2612} INFO - Dependencies all met for dep_context=non-requeueable deps ti=<TaskInstance: spark_find_makers_dag.spark_submit_task scheduled__2024-09-12T00:00:00+00:00 [queued]>
[2024-09-13T16:31:47.738+0000] {taskinstance.py:2612} INFO - Dependencies all met for dep_context=requeueable deps ti=<TaskInstance: spark_find_makers_dag.spark_submit_task scheduled__2024-09-12T00:00:00+00:00 [queued]>
[2024-09-13T16:31:47.740+0000] {taskinstance.py:2865} INFO - Starting attempt 13 of 16
[2024-09-13T16:31:47.930+0000] {taskinstance.py:2888} INFO - Executing <Task(SparkSubmitOperator): spark_submit_task> on 2024-09-12 00:00:00+00:00
[2024-09-13T16:31:47.954+0000] {standard_task_runner.py:104} INFO - Running: ['***', 'tasks', 'run', 'spark_find_makers_dag', 'spark_submit_task', 'scheduled__2024-09-12T00:00:00+00:00', '--job-id', '655', '--raw', '--subdir', 'DAGS_FOLDER/spark_sql_dag.py', '--cfg-path', '/tmp/tmp2bnt627v']
[2024-09-13T16:31:47.960+0000] {standard_task_runner.py:105} INFO - Job 655: Subtask spark_submit_task
[2024-09-13T16:31:47.970+0000] {logging_mixin.py:190} WARNING - /home/***/.local/lib/python3.12/site-packages/***/task/task_runner/standard_task_runner.py:70 DeprecationWarning: This process (pid=945) is multi-threaded, use of fork() may lead to deadlocks in the child.
[2024-09-13T16:31:47.971+0000] {standard_task_runner.py:72} INFO - Started process 961 to run task
[2024-09-13T16:31:48.189+0000] {task_command.py:467} INFO - Running <TaskInstance: spark_find_makers_dag.spark_submit_task scheduled__2024-09-12T00:00:00+00:00 [running]> on host 0a6548a20a3d
[2024-09-13T16:31:48.733+0000] {taskinstance.py:3131} INFO - Exporting env vars: AIRFLOW_CTX_DAG_OWNER='Denis' AIRFLOW_CTX_DAG_ID='spark_find_makers_dag' AIRFLOW_CTX_TASK_ID='spark_submit_task' AIRFLOW_CTX_EXECUTION_DATE='2024-09-12T00:00:00+00:00' AIRFLOW_CTX_TRY_NUMBER='13' AIRFLOW_CTX_DAG_RUN_ID='scheduled__2024-09-12T00:00:00+00:00'
[2024-09-13T16:31:48.738+0000] {taskinstance.py:731} INFO - ::endgroup::
[2024-09-13T16:31:48.895+0000] {base.py:84} INFO - Retrieving connection 'spark_default'
[2024-09-13T16:31:48.899+0000] {spark_submit.py:403} INFO - Spark-Submit cmd: spark-submit --master spark://spark-master:7077 --conf spark.master=spark://spark-master:7077 --name arrow-spark --verbose --deploy-mode client /opt/***/dags/spark_job.py
[2024-09-13T16:31:56.708+0000] {spark_submit.py:579} INFO - Using properties file: null
[2024-09-13T16:31:57.568+0000] {spark_submit.py:579} INFO - Parsed arguments:
[2024-09-13T16:31:57.570+0000] {spark_submit.py:579} INFO - master                  spark://spark-master:7077
[2024-09-13T16:31:57.571+0000] {spark_submit.py:579} INFO - remote                  null
[2024-09-13T16:31:57.573+0000] {spark_submit.py:579} INFO - deployMode              client
[2024-09-13T16:31:57.574+0000] {spark_submit.py:579} INFO - executorMemory          null
[2024-09-13T16:31:57.576+0000] {spark_submit.py:579} INFO - executorCores           null
[2024-09-13T16:31:57.577+0000] {spark_submit.py:579} INFO - totalExecutorCores      null
[2024-09-13T16:31:57.578+0000] {spark_submit.py:579} INFO - propertiesFile          null
[2024-09-13T16:31:57.579+0000] {spark_submit.py:579} INFO - driverMemory            null
[2024-09-13T16:31:57.582+0000] {spark_submit.py:579} INFO - driverCores             null
[2024-09-13T16:31:57.583+0000] {spark_submit.py:579} INFO - driverExtraClassPath    null
[2024-09-13T16:31:57.585+0000] {spark_submit.py:579} INFO - driverExtraLibraryPath  null
[2024-09-13T16:31:57.587+0000] {spark_submit.py:579} INFO - driverExtraJavaOptions  null
[2024-09-13T16:31:57.588+0000] {spark_submit.py:579} INFO - supervise               false
[2024-09-13T16:31:57.589+0000] {spark_submit.py:579} INFO - queue                   null
[2024-09-13T16:31:57.591+0000] {spark_submit.py:579} INFO - numExecutors            null
[2024-09-13T16:31:57.592+0000] {spark_submit.py:579} INFO - files                   null
[2024-09-13T16:31:57.593+0000] {spark_submit.py:579} INFO - pyFiles                 null
[2024-09-13T16:31:57.594+0000] {spark_submit.py:579} INFO - archives                null
[2024-09-13T16:31:57.596+0000] {spark_submit.py:579} INFO - mainClass               null
[2024-09-13T16:31:57.597+0000] {spark_submit.py:579} INFO - primaryResource         file:/opt/***/dags/spark_job.py
[2024-09-13T16:31:57.599+0000] {spark_submit.py:579} INFO - name                    arrow-spark
[2024-09-13T16:31:57.600+0000] {spark_submit.py:579} INFO - childArgs               []
[2024-09-13T16:31:57.601+0000] {spark_submit.py:579} INFO - jars                    null
[2024-09-13T16:31:57.603+0000] {spark_submit.py:579} INFO - packages                null
[2024-09-13T16:31:57.604+0000] {spark_submit.py:579} INFO - packagesExclusions      null
[2024-09-13T16:31:57.605+0000] {spark_submit.py:579} INFO - repositories            null
[2024-09-13T16:31:57.607+0000] {spark_submit.py:579} INFO - verbose                 true
[2024-09-13T16:31:57.608+0000] {spark_submit.py:579} INFO - 
[2024-09-13T16:31:57.610+0000] {spark_submit.py:579} INFO - Spark properties used, including those specified through
[2024-09-13T16:31:57.612+0000] {spark_submit.py:579} INFO - --conf and those from the properties file null:
[2024-09-13T16:31:57.613+0000] {spark_submit.py:579} INFO - (spark.master,spark://spark-master:7077)
[2024-09-13T16:31:57.614+0000] {spark_submit.py:579} INFO - 
[2024-09-13T16:31:57.616+0000] {spark_submit.py:579} INFO - 
[2024-09-13T16:31:59.123+0000] {spark_submit.py:579} INFO - Main class:
[2024-09-13T16:31:59.124+0000] {spark_submit.py:579} INFO - org.apache.spark.deploy.PythonRunner
[2024-09-13T16:31:59.126+0000] {spark_submit.py:579} INFO - Arguments:
[2024-09-13T16:31:59.127+0000] {spark_submit.py:579} INFO - file:/opt/***/dags/spark_job.py
[2024-09-13T16:31:59.129+0000] {spark_submit.py:579} INFO - null
[2024-09-13T16:31:59.135+0000] {spark_submit.py:579} INFO - Spark config:
[2024-09-13T16:31:59.137+0000] {spark_submit.py:579} INFO - (spark.app.name,arrow-spark)
[2024-09-13T16:31:59.139+0000] {spark_submit.py:579} INFO - (spark.app.submitTime,1726245119032)
[2024-09-13T16:31:59.141+0000] {spark_submit.py:579} INFO - (spark.master,spark://spark-master:7077)
[2024-09-13T16:31:59.143+0000] {spark_submit.py:579} INFO - (spark.submit.deployMode,client)
[2024-09-13T16:31:59.145+0000] {spark_submit.py:579} INFO - (spark.submit.pyFiles,)
[2024-09-13T16:31:59.146+0000] {spark_submit.py:579} INFO - Classpath elements:
[2024-09-13T16:31:59.148+0000] {spark_submit.py:579} INFO - 
[2024-09-13T16:31:59.159+0000] {spark_submit.py:579} INFO - 
[2024-09-13T16:31:59.161+0000] {spark_submit.py:579} INFO - 
[2024-09-13T16:32:03.374+0000] {spark_submit.py:579} INFO - 24/09/13 16:32:03 INFO SparkContext: Running Spark version 3.5.2
[2024-09-13T16:32:03.382+0000] {spark_submit.py:579} INFO - 24/09/13 16:32:03 INFO SparkContext: OS info Linux, 5.15.153.1-microsoft-standard-WSL2, amd64
[2024-09-13T16:32:03.385+0000] {spark_submit.py:579} INFO - 24/09/13 16:32:03 INFO SparkContext: Java version 17.0.12
[2024-09-13T16:32:03.622+0000] {spark_submit.py:579} INFO - 24/09/13 16:32:03 WARN NativeCodeLoader: Unable to load native-hadoop library for your platform... using builtin-java classes where applicable
[2024-09-13T16:32:03.959+0000] {spark_submit.py:579} INFO - 24/09/13 16:32:03 INFO ResourceUtils: ==============================================================
[2024-09-13T16:32:03.960+0000] {spark_submit.py:579} INFO - 24/09/13 16:32:03 INFO ResourceUtils: No custom resources configured for spark.driver.
[2024-09-13T16:32:03.961+0000] {spark_submit.py:579} INFO - 24/09/13 16:32:03 INFO ResourceUtils: ==============================================================
[2024-09-13T16:32:03.963+0000] {spark_submit.py:579} INFO - 24/09/13 16:32:03 INFO SparkContext: Submitted application: SparkJob
[2024-09-13T16:32:04.031+0000] {spark_submit.py:579} INFO - 24/09/13 16:32:04 INFO ResourceProfile: Default ResourceProfile created, executor resources: Map(cores -> name: cores, amount: 1, script: , vendor: , memory -> name: memory, amount: 1024, script: , vendor: , offHeap -> name: offHeap, amount: 0, script: , vendor: ), task resources: Map(cpus -> name: cpus, amount: 1.0)
[2024-09-13T16:32:04.058+0000] {spark_submit.py:579} INFO - 24/09/13 16:32:04 INFO ResourceProfile: Limiting resource is cpu
[2024-09-13T16:32:04.060+0000] {spark_submit.py:579} INFO - 24/09/13 16:32:04 INFO ResourceProfileManager: Added ResourceProfile id: 0
[2024-09-13T16:32:04.367+0000] {spark_submit.py:579} INFO - 24/09/13 16:32:04 INFO SecurityManager: Changing view acls to: ***
[2024-09-13T16:32:04.369+0000] {spark_submit.py:579} INFO - 24/09/13 16:32:04 INFO SecurityManager: Changing modify acls to: ***
[2024-09-13T16:32:04.371+0000] {spark_submit.py:579} INFO - 24/09/13 16:32:04 INFO SecurityManager: Changing view acls groups to:
[2024-09-13T16:32:04.373+0000] {spark_submit.py:579} INFO - 24/09/13 16:32:04 INFO SecurityManager: Changing modify acls groups to:
[2024-09-13T16:32:04.375+0000] {spark_submit.py:579} INFO - 24/09/13 16:32:04 INFO SecurityManager: SecurityManager: authentication disabled; ui acls disabled; users with view permissions: ***; groups with view permissions: EMPTY; users with modify permissions: ***; groups with modify permissions: EMPTY
[2024-09-13T16:32:06.363+0000] {spark_submit.py:579} INFO - 24/09/13 16:32:06 INFO Utils: Successfully started service 'sparkDriver' on port 35267.
[2024-09-13T16:32:06.519+0000] {spark_submit.py:579} INFO - 24/09/13 16:32:06 INFO SparkEnv: Registering MapOutputTracker
[2024-09-13T16:32:06.647+0000] {spark_submit.py:579} INFO - 24/09/13 16:32:06 INFO SparkEnv: Registering BlockManagerMaster
[2024-09-13T16:32:06.702+0000] {spark_submit.py:579} INFO - 24/09/13 16:32:06 INFO BlockManagerMasterEndpoint: Using org.apache.spark.storage.DefaultTopologyMapper for getting topology information
[2024-09-13T16:32:06.704+0000] {spark_submit.py:579} INFO - 24/09/13 16:32:06 INFO BlockManagerMasterEndpoint: BlockManagerMasterEndpoint up
[2024-09-13T16:32:06.717+0000] {spark_submit.py:579} INFO - 24/09/13 16:32:06 INFO SparkEnv: Registering BlockManagerMasterHeartbeat
[2024-09-13T16:32:06.854+0000] {spark_submit.py:579} INFO - 24/09/13 16:32:06 INFO DiskBlockManager: Created local directory at /tmp/blockmgr-12ccd2ae-23dc-43d6-97fa-a1952e16a6aa
[2024-09-13T16:32:06.921+0000] {spark_submit.py:579} INFO - 24/09/13 16:32:06 INFO MemoryStore: MemoryStore started with capacity 434.4 MiB
[2024-09-13T16:32:06.991+0000] {spark_submit.py:579} INFO - 24/09/13 16:32:06 INFO SparkEnv: Registering OutputCommitCoordinator
[2024-09-13T16:32:07.622+0000] {spark_submit.py:579} INFO - 24/09/13 16:32:07 INFO JettyUtils: Start Jetty 0.0.0.0:4040 for SparkUI
[2024-09-13T16:32:08.083+0000] {spark_submit.py:579} INFO - 24/09/13 16:32:08 INFO Utils: Successfully started service 'SparkUI' on port 4040.
[2024-09-13T16:32:08.519+0000] {spark_submit.py:579} INFO - 24/09/13 16:32:08 INFO Executor: Starting executor ID driver on host 0a6548a20a3d
[2024-09-13T16:32:08.521+0000] {spark_submit.py:579} INFO - 24/09/13 16:32:08 INFO Executor: OS info Linux, 5.15.153.1-microsoft-standard-WSL2, amd64
[2024-09-13T16:32:08.524+0000] {spark_submit.py:579} INFO - 24/09/13 16:32:08 INFO Executor: Java version 17.0.12
[2024-09-13T16:32:08.560+0000] {spark_submit.py:579} INFO - 24/09/13 16:32:08 INFO Executor: Starting executor with user classpath (userClassPathFirst = false): ''
[2024-09-13T16:32:08.563+0000] {spark_submit.py:579} INFO - 24/09/13 16:32:08 INFO Executor: Created or updated repl class loader org.apache.spark.util.MutableURLClassLoader@22480769 for default.
[2024-09-13T16:32:08.854+0000] {spark_submit.py:579} INFO - 24/09/13 16:32:08 INFO Utils: Successfully started service 'org.apache.spark.network.netty.NettyBlockTransferService' on port 37227.
[2024-09-13T16:32:08.855+0000] {spark_submit.py:579} INFO - 24/09/13 16:32:08 INFO NettyBlockTransferService: Server created on 0a6548a20a3d:37227
[2024-09-13T16:32:08.872+0000] {spark_submit.py:579} INFO - 24/09/13 16:32:08 INFO BlockManager: Using org.apache.spark.storage.RandomBlockReplicationPolicy for block replication policy
[2024-09-13T16:32:08.903+0000] {spark_submit.py:579} INFO - 24/09/13 16:32:08 INFO BlockManagerMaster: Registering BlockManager BlockManagerId(driver, 0a6548a20a3d, 37227, None)
[2024-09-13T16:32:08.914+0000] {spark_submit.py:579} INFO - 24/09/13 16:32:08 INFO BlockManagerMasterEndpoint: Registering block manager 0a6548a20a3d:37227 with 434.4 MiB RAM, BlockManagerId(driver, 0a6548a20a3d, 37227, None)
[2024-09-13T16:32:08.922+0000] {spark_submit.py:579} INFO - 24/09/13 16:32:08 INFO BlockManagerMaster: Registered BlockManager BlockManagerId(driver, 0a6548a20a3d, 37227, None)
[2024-09-13T16:32:08.926+0000] {spark_submit.py:579} INFO - 24/09/13 16:32:08 INFO BlockManager: Initialized BlockManager: BlockManagerId(driver, 0a6548a20a3d, 37227, None)
[2024-09-13T16:32:11.097+0000] {spark_submit.py:579} INFO - 24/09/13 16:32:11 INFO SharedState: Setting hive.metastore.warehouse.dir ('null') to the value of spark.sql.warehouse.dir.
[2024-09-13T16:32:11.142+0000] {spark_submit.py:579} INFO - 24/09/13 16:32:11 INFO SharedState: Warehouse path is 'file:/user/hive/warehouse'.
[2024-09-13T16:32:15.385+0000] {spark_submit.py:579} INFO - 24/09/13 16:32:15 INFO InMemoryFileIndex: It took 186 ms to list leaf files for 1 paths.
[2024-09-13T16:32:21.382+0000] {spark_submit.py:579} INFO - 24/09/13 16:32:21 INFO InMemoryFileIndex: It took 5 ms to list leaf files for 1 paths.
[2024-09-13T16:32:22.178+0000] {spark_submit.py:579} INFO - Тип данной таблицы -  <class 'pyspark.sql.dataframe.DataFrame'>
[2024-09-13T16:32:23.335+0000] {spark_submit.py:579} INFO - 24/09/13 16:32:23 INFO HiveConf: Found configuration file null
[2024-09-13T16:32:23.370+0000] {spark_submit.py:579} INFO - 24/09/13 16:32:23 INFO HiveUtils: Initializing HiveMetastoreConnection version 2.3.9 using Spark classes.
[2024-09-13T16:32:24.018+0000] {spark_submit.py:579} INFO - 24/09/13 16:32:24 INFO HiveClientImpl: Warehouse location for Hive client (version 2.3.9) is file:/user/hive/warehouse
[2024-09-13T16:32:24.515+0000] {spark_submit.py:579} INFO - 24/09/13 16:32:24 WARN HiveConf: HiveConf of name hive.stats.jdbc.timeout does not exist
[2024-09-13T16:32:24.517+0000] {spark_submit.py:579} INFO - 24/09/13 16:32:24 WARN HiveConf: HiveConf of name hive.stats.retries.wait does not exist
[2024-09-13T16:32:24.519+0000] {spark_submit.py:579} INFO - 24/09/13 16:32:24 INFO HiveMetaStore: 0: Opening raw store with implementation class:org.apache.hadoop.hive.metastore.ObjectStore
[2024-09-13T16:32:24.633+0000] {spark_submit.py:579} INFO - 24/09/13 16:32:24 INFO ObjectStore: ObjectStore, initialize called
[2024-09-13T16:32:25.268+0000] {spark_submit.py:579} INFO - 24/09/13 16:32:25 INFO Persistence: Property hive.metastore.integral.jdo.pushdown unknown - will be ignored
[2024-09-13T16:32:25.273+0000] {spark_submit.py:579} INFO - 24/09/13 16:32:25 INFO Persistence: Property datanucleus.cache.level2 unknown - will be ignored
[2024-09-13T16:32:31.170+0000] {spark_submit.py:579} INFO - 24/09/13 16:32:31 INFO ObjectStore: Setting MetaStore object pin classes with hive.metastore.cache.pinobjtypes="Table,StorageDescriptor,SerDeInfo,Partition,Database,Type,FieldSchema,Order"
[2024-09-13T16:32:34.761+0000] {spark_submit.py:579} INFO - 24/09/13 16:32:34 INFO MetaStoreDirectSql: Using direct SQL, underlying DB is DERBY
[2024-09-13T16:32:34.765+0000] {spark_submit.py:579} INFO - 24/09/13 16:32:34 INFO ObjectStore: Initialized ObjectStore
[2024-09-13T16:32:34.910+0000] {spark_submit.py:579} INFO - 24/09/13 16:32:34 WARN ObjectStore: Version information not found in metastore. hive.metastore.schema.verification is not enabled so recording the schema version 2.3.0
[2024-09-13T16:32:34.911+0000] {spark_submit.py:579} INFO - 24/09/13 16:32:34 WARN ObjectStore: setMetaStoreSchemaVersion called but recording version is disabled: version = 2.3.0, comment = Set by MetaStore UNKNOWN@172.18.0.16
[2024-09-13T16:32:35.094+0000] {spark_submit.py:579} INFO - 24/09/13 16:32:35 INFO HiveMetaStore: Added admin role in metastore
[2024-09-13T16:32:35.099+0000] {spark_submit.py:579} INFO - 24/09/13 16:32:35 INFO HiveMetaStore: Added public role in metastore
[2024-09-13T16:32:35.177+0000] {spark_submit.py:579} INFO - 24/09/13 16:32:35 INFO HiveMetaStore: No user is added in admin role, since config is empty
[2024-09-13T16:32:35.535+0000] {spark_submit.py:579} INFO - 24/09/13 16:32:35 INFO HiveMetaStore: 0: get_database: default
[2024-09-13T16:32:35.540+0000] {spark_submit.py:579} INFO - 24/09/13 16:32:35 INFO audit: ugi=***	ip=unknown-ip-addr	cmd=get_database: default
[2024-09-13T16:32:35.556+0000] {spark_submit.py:579} INFO - 24/09/13 16:32:35 INFO HiveMetaStore: 0: get_database: makers
[2024-09-13T16:32:35.558+0000] {spark_submit.py:579} INFO - 24/09/13 16:32:35 INFO audit: ugi=***	ip=unknown-ip-addr	cmd=get_database: makers
[2024-09-13T16:32:35.561+0000] {spark_submit.py:579} INFO - 24/09/13 16:32:35 WARN ObjectStore: Failed to get database makers, returning NoSuchObjectException
[2024-09-13T16:32:35.567+0000] {spark_submit.py:579} INFO - 24/09/13 16:32:35 INFO HiveMetaStore: 0: get_database: makers
[2024-09-13T16:32:35.569+0000] {spark_submit.py:579} INFO - 24/09/13 16:32:35 INFO audit: ugi=***	ip=unknown-ip-addr	cmd=get_database: makers
[2024-09-13T16:32:35.582+0000] {spark_submit.py:579} INFO - 24/09/13 16:32:35 WARN ObjectStore: Failed to get database makers, returning NoSuchObjectException
[2024-09-13T16:32:35.589+0000] {spark_submit.py:579} INFO - 24/09/13 16:32:35 INFO HiveMetaStore: 0: get_database: global_temp
[2024-09-13T16:32:35.591+0000] {spark_submit.py:579} INFO - 24/09/13 16:32:35 INFO audit: ugi=***	ip=unknown-ip-addr	cmd=get_database: global_temp
[2024-09-13T16:32:35.594+0000] {spark_submit.py:579} INFO - 24/09/13 16:32:35 WARN ObjectStore: Failed to get database global_temp, returning NoSuchObjectException
[2024-09-13T16:32:35.607+0000] {spark_submit.py:579} INFO - 24/09/13 16:32:35 INFO HiveMetaStore: 0: create_database: Database(name:makers, description:, locationUri:file:/user/hive/warehouse/makers.db, parameters:{}, ownerName:***)
[2024-09-13T16:32:35.609+0000] {spark_submit.py:579} INFO - 24/09/13 16:32:35 INFO audit: ugi=***	ip=unknown-ip-addr	cmd=create_database: Database(name:makers, description:, locationUri:file:/user/hive/warehouse/makers.db, parameters:{}, ownerName:***)
[2024-09-13T16:32:35.612+0000] {spark_submit.py:579} INFO - 24/09/13 16:32:35 WARN ObjectStore: Failed to get database makers, returning NoSuchObjectException
[2024-09-13T16:32:35.616+0000] {spark_submit.py:579} INFO - 24/09/13 16:32:35 INFO FileUtils: Creating directory if it doesn't exist: file:/user/hive/warehouse/makers.db
[2024-09-13T16:32:35.980+0000] {spark_submit.py:579} INFO - Traceback (most recent call last):
[2024-09-13T16:32:35.981+0000] {spark_submit.py:579} INFO - File "/opt/***/dags/spark_job.py", line 78, in <module>
[2024-09-13T16:32:35.986+0000] {spark_submit.py:579} INFO - spark.sql("CREATE DATABASE IF NOT EXISTS makers")
[2024-09-13T16:32:35.988+0000] {spark_submit.py:579} INFO - File "/home/***/.local/lib/python3.12/site-packages/pyspark/sql/session.py", line 1631, in sql
[2024-09-13T16:32:35.990+0000] {spark_submit.py:579} INFO - return DataFrame(self._jsparkSession.sql(sqlQuery, litArgs), self)
[2024-09-13T16:32:35.992+0000] {spark_submit.py:579} INFO - ^^^^^^^^^^^^^^^^^^^^^^^^^^^^^^^^^^^^^^^^^^
[2024-09-13T16:32:35.994+0000] {spark_submit.py:579} INFO - File "/home/***/.local/lib/python3.12/site-packages/py4j/java_gateway.py", line 1322, in __call__
[2024-09-13T16:32:35.996+0000] {spark_submit.py:579} INFO - return_value = get_return_value(
[2024-09-13T16:32:35.998+0000] {spark_submit.py:579} INFO - ^^^^^^^^^^^^^^^^^
[2024-09-13T16:32:36.000+0000] {spark_submit.py:579} INFO - File "/home/***/.local/lib/python3.12/site-packages/pyspark/errors/exceptions/captured.py", line 185, in deco
[2024-09-13T16:32:36.006+0000] {spark_submit.py:579} INFO - raise converted from None
[2024-09-13T16:32:36.035+0000] {spark_submit.py:579} INFO - pyspark.errors.exceptions.captured.AnalysisException: org.apache.hadoop.hive.ql.metadata.HiveException: MetaException(message:Unable to create database path file:/user/hive/warehouse/makers.db, failed to create database makers)
[2024-09-13T16:32:36.323+0000] {spark_submit.py:579} INFO - 24/09/13 16:32:36 INFO SparkContext: Invoking stop() from shutdown hook
[2024-09-13T16:32:36.325+0000] {spark_submit.py:579} INFO - 24/09/13 16:32:36 INFO SparkContext: SparkContext is stopping with exitCode 0.
[2024-09-13T16:32:36.369+0000] {spark_submit.py:579} INFO - 24/09/13 16:32:36 INFO SparkUI: Stopped Spark web UI at http://0a6548a20a3d:4040
[2024-09-13T16:32:36.400+0000] {spark_submit.py:579} INFO - 24/09/13 16:32:36 INFO MapOutputTrackerMasterEndpoint: MapOutputTrackerMasterEndpoint stopped!
[2024-09-13T16:32:36.445+0000] {spark_submit.py:579} INFO - 24/09/13 16:32:36 INFO MemoryStore: MemoryStore cleared
[2024-09-13T16:32:36.446+0000] {spark_submit.py:579} INFO - 24/09/13 16:32:36 INFO BlockManager: BlockManager stopped
[2024-09-13T16:32:36.475+0000] {spark_submit.py:579} INFO - 24/09/13 16:32:36 INFO BlockManagerMaster: BlockManagerMaster stopped
[2024-09-13T16:32:36.486+0000] {spark_submit.py:579} INFO - 24/09/13 16:32:36 INFO OutputCommitCoordinator$OutputCommitCoordinatorEndpoint: OutputCommitCoordinator stopped!
[2024-09-13T16:32:36.540+0000] {spark_submit.py:579} INFO - 24/09/13 16:32:36 INFO SparkContext: Successfully stopped SparkContext
[2024-09-13T16:32:36.542+0000] {spark_submit.py:579} INFO - 24/09/13 16:32:36 INFO ShutdownHookManager: Shutdown hook called
[2024-09-13T16:32:36.547+0000] {spark_submit.py:579} INFO - 24/09/13 16:32:36 INFO ShutdownHookManager: Deleting directory /tmp/spark-b296b573-7b2b-4f2e-b636-9be3062726b7
[2024-09-13T16:32:36.569+0000] {spark_submit.py:579} INFO - 24/09/13 16:32:36 INFO ShutdownHookManager: Deleting directory /tmp/spark-1728d108-0088-4018-8c19-3f7d775b04f7/pyspark-bd6fb453-1ca9-448b-9eef-9bb94c6bb57b
[2024-09-13T16:32:36.598+0000] {spark_submit.py:579} INFO - 24/09/13 16:32:36 INFO ShutdownHookManager: Deleting directory /tmp/spark-1728d108-0088-4018-8c19-3f7d775b04f7
[2024-09-13T16:32:36.772+0000] {taskinstance.py:3310} ERROR - Task failed with exception
Traceback (most recent call last):
  File "/home/airflow/.local/lib/python3.12/site-packages/airflow/models/taskinstance.py", line 767, in _execute_task
    result = _execute_callable(context=context, **execute_callable_kwargs)
             ^^^^^^^^^^^^^^^^^^^^^^^^^^^^^^^^^^^^^^^^^^^^^^^^^^^^^^^^^^^^^
  File "/home/airflow/.local/lib/python3.12/site-packages/airflow/models/taskinstance.py", line 733, in _execute_callable
    return ExecutionCallableRunner(
           ^^^^^^^^^^^^^^^^^^^^^^^^
  File "/home/airflow/.local/lib/python3.12/site-packages/airflow/utils/operator_helpers.py", line 252, in run
    return self.func(*args, **kwargs)
           ^^^^^^^^^^^^^^^^^^^^^^^^^^
  File "/home/airflow/.local/lib/python3.12/site-packages/airflow/models/baseoperator.py", line 406, in wrapper
    return func(self, *args, **kwargs)
           ^^^^^^^^^^^^^^^^^^^^^^^^^^^
  File "/home/airflow/.local/lib/python3.12/site-packages/airflow/providers/apache/spark/operators/spark_submit.py", line 174, in execute
    self._hook.submit(self.application)
  File "/home/airflow/.local/lib/python3.12/site-packages/airflow/providers/apache/spark/hooks/spark_submit.py", line 505, in submit
    raise AirflowException(
airflow.exceptions.AirflowException: Cannot execute: spark-submit --master spark://spark-master:7077 --conf spark.master=spark://spark-master:7077 --name arrow-spark --verbose --deploy-mode client /opt/***/dags/spark_job.py. Error code is: 1.
[2024-09-13T16:32:36.869+0000] {taskinstance.py:1225} INFO - Marking task as UP_FOR_RETRY. dag_id=spark_find_makers_dag, task_id=spark_submit_task, run_id=scheduled__2024-09-12T00:00:00+00:00, execution_date=20240912T000000, start_date=20240913T163147, end_date=20240913T163236
[2024-09-13T16:32:36.966+0000] {taskinstance.py:340} INFO - ::group::Post task execution logs
[2024-09-13T16:32:36.968+0000] {standard_task_runner.py:124} ERROR - Failed to execute job 655 for task spark_submit_task (Cannot execute: spark-submit --master spark://spark-master:7077 --conf spark.master=spark://spark-master:7077 --name arrow-spark --verbose --deploy-mode client /opt/***/dags/spark_job.py. Error code is: 1.; 961)
Traceback (most recent call last):
  File "/home/airflow/.local/lib/python3.12/site-packages/airflow/task/task_runner/standard_task_runner.py", line 117, in _start_by_fork
    ret = args.func(args, dag=self.dag)
          ^^^^^^^^^^^^^^^^^^^^^^^^^^^^^
  File "/home/airflow/.local/lib/python3.12/site-packages/airflow/cli/cli_config.py", line 49, in command
    return func(*args, **kwargs)
           ^^^^^^^^^^^^^^^^^^^^^
  File "/home/airflow/.local/lib/python3.12/site-packages/airflow/utils/cli.py", line 115, in wrapper
    return f(*args, **kwargs)
           ^^^^^^^^^^^^^^^^^^
  File "/home/airflow/.local/lib/python3.12/site-packages/airflow/cli/commands/task_command.py", line 483, in task_run
    task_return_code = _run_task_by_selected_method(args, _dag, ti)
                       ^^^^^^^^^^^^^^^^^^^^^^^^^^^^^^^^^^^^^^^^^^^^
  File "/home/airflow/.local/lib/python3.12/site-packages/airflow/cli/commands/task_command.py", line 256, in _run_task_by_selected_method
    return _run_raw_task(args, ti)
           ^^^^^^^^^^^^^^^^^^^^^^^
  File "/home/airflow/.local/lib/python3.12/site-packages/airflow/cli/commands/task_command.py", line 341, in _run_raw_task
    return ti._run_raw_task(
           ^^^^^^^^^^^^^^^^^
  File "/home/airflow/.local/lib/python3.12/site-packages/airflow/utils/session.py", line 97, in wrapper
    return func(*args, session=session, **kwargs)
           ^^^^^^^^^^^^^^^^^^^^^^^^^^^^^^^^^^^^^^
  File "/home/airflow/.local/lib/python3.12/site-packages/airflow/models/taskinstance.py", line 3004, in _run_raw_task
    return _run_raw_task(
           ^^^^^^^^^^^^^^
  File "/home/airflow/.local/lib/python3.12/site-packages/airflow/models/taskinstance.py", line 273, in _run_raw_task
    TaskInstance._execute_task_with_callbacks(
  File "/home/airflow/.local/lib/python3.12/site-packages/airflow/models/taskinstance.py", line 3158, in _execute_task_with_callbacks
    result = self._execute_task(context, task_orig)
             ^^^^^^^^^^^^^^^^^^^^^^^^^^^^^^^^^^^^^^
  File "/home/airflow/.local/lib/python3.12/site-packages/airflow/models/taskinstance.py", line 3182, in _execute_task
    return _execute_task(self, context, task_orig)
           ^^^^^^^^^^^^^^^^^^^^^^^^^^^^^^^^^^^^^^^
  File "/home/airflow/.local/lib/python3.12/site-packages/airflow/models/taskinstance.py", line 767, in _execute_task
    result = _execute_callable(context=context, **execute_callable_kwargs)
             ^^^^^^^^^^^^^^^^^^^^^^^^^^^^^^^^^^^^^^^^^^^^^^^^^^^^^^^^^^^^^
  File "/home/airflow/.local/lib/python3.12/site-packages/airflow/models/taskinstance.py", line 733, in _execute_callable
    return ExecutionCallableRunner(
           ^^^^^^^^^^^^^^^^^^^^^^^^
  File "/home/airflow/.local/lib/python3.12/site-packages/airflow/utils/operator_helpers.py", line 252, in run
    return self.func(*args, **kwargs)
           ^^^^^^^^^^^^^^^^^^^^^^^^^^
  File "/home/airflow/.local/lib/python3.12/site-packages/airflow/models/baseoperator.py", line 406, in wrapper
    return func(self, *args, **kwargs)
           ^^^^^^^^^^^^^^^^^^^^^^^^^^^
  File "/home/airflow/.local/lib/python3.12/site-packages/airflow/providers/apache/spark/operators/spark_submit.py", line 174, in execute
    self._hook.submit(self.application)
  File "/home/airflow/.local/lib/python3.12/site-packages/airflow/providers/apache/spark/hooks/spark_submit.py", line 505, in submit
    raise AirflowException(
airflow.exceptions.AirflowException: Cannot execute: spark-submit --master spark://spark-master:7077 --conf spark.master=spark://spark-master:7077 --name arrow-spark --verbose --deploy-mode client /opt/***/dags/spark_job.py. Error code is: 1.
[2024-09-13T16:32:37.033+0000] {local_task_job_runner.py:266} INFO - Task exited with return code 1
[2024-09-13T16:32:37.094+0000] {taskinstance.py:3900} INFO - 0 downstream tasks scheduled from follow-on schedule check
[2024-09-13T16:32:37.100+0000] {local_task_job_runner.py:245} INFO - ::endgroup::
