[2024-09-13T14:03:53.978+0000] {local_task_job_runner.py:123} INFO - ::group::Pre task execution logs
[2024-09-13T14:03:54.012+0000] {taskinstance.py:2612} INFO - Dependencies all met for dep_context=non-requeueable deps ti=<TaskInstance: spark_find_makers_dag.spark_submit_task scheduled__2024-09-12T00:00:00+00:00 [queued]>
[2024-09-13T14:03:54.027+0000] {taskinstance.py:2612} INFO - Dependencies all met for dep_context=requeueable deps ti=<TaskInstance: spark_find_makers_dag.spark_submit_task scheduled__2024-09-12T00:00:00+00:00 [queued]>
[2024-09-13T14:03:54.028+0000] {taskinstance.py:2865} INFO - Starting attempt 9 of 12
[2024-09-13T14:03:54.052+0000] {taskinstance.py:2888} INFO - Executing <Task(SparkSubmitOperator): spark_submit_task> on 2024-09-12 00:00:00+00:00
[2024-09-13T14:03:54.064+0000] {standard_task_runner.py:104} INFO - Running: ['***', 'tasks', 'run', 'spark_find_makers_dag', 'spark_submit_task', 'scheduled__2024-09-12T00:00:00+00:00', '--job-id', '647', '--raw', '--subdir', 'DAGS_FOLDER/spark_sql_dag.py', '--cfg-path', '/tmp/tmprq1rpvin']
[2024-09-13T14:03:54.068+0000] {standard_task_runner.py:105} INFO - Job 647: Subtask spark_submit_task
[2024-09-13T14:03:54.069+0000] {logging_mixin.py:190} WARNING - /home/***/.local/lib/python3.12/site-packages/***/task/task_runner/standard_task_runner.py:70 DeprecationWarning: This process (pid=2993) is multi-threaded, use of fork() may lead to deadlocks in the child.
[2024-09-13T14:03:54.070+0000] {standard_task_runner.py:72} INFO - Started process 2994 to run task
[2024-09-13T14:03:54.138+0000] {task_command.py:467} INFO - Running <TaskInstance: spark_find_makers_dag.spark_submit_task scheduled__2024-09-12T00:00:00+00:00 [running]> on host abca638f616d
[2024-09-13T14:03:54.269+0000] {taskinstance.py:3131} INFO - Exporting env vars: AIRFLOW_CTX_DAG_OWNER='Denis' AIRFLOW_CTX_DAG_ID='spark_find_makers_dag' AIRFLOW_CTX_TASK_ID='spark_submit_task' AIRFLOW_CTX_EXECUTION_DATE='2024-09-12T00:00:00+00:00' AIRFLOW_CTX_TRY_NUMBER='9' AIRFLOW_CTX_DAG_RUN_ID='scheduled__2024-09-12T00:00:00+00:00'
[2024-09-13T14:03:54.271+0000] {taskinstance.py:731} INFO - ::endgroup::
[2024-09-13T14:03:54.311+0000] {base.py:84} INFO - Retrieving connection 'spark_default'
[2024-09-13T14:03:54.314+0000] {spark_submit.py:403} INFO - Spark-Submit cmd: spark-submit --master spark://spark-master:7077 --conf spark.master=spark://spark-master:7077 --name arrow-spark --verbose --deploy-mode client /opt/***/dags/spark_job.py
[2024-09-13T14:03:57.203+0000] {spark_submit.py:579} INFO - Using properties file: null
[2024-09-13T14:03:57.578+0000] {spark_submit.py:579} INFO - Parsed arguments:
[2024-09-13T14:03:57.580+0000] {spark_submit.py:579} INFO - master                  spark://spark-master:7077
[2024-09-13T14:03:57.582+0000] {spark_submit.py:579} INFO - remote                  null
[2024-09-13T14:03:57.583+0000] {spark_submit.py:579} INFO - deployMode              client
[2024-09-13T14:03:57.584+0000] {spark_submit.py:579} INFO - executorMemory          null
[2024-09-13T14:03:57.585+0000] {spark_submit.py:579} INFO - executorCores           null
[2024-09-13T14:03:57.586+0000] {spark_submit.py:579} INFO - totalExecutorCores      null
[2024-09-13T14:03:57.587+0000] {spark_submit.py:579} INFO - propertiesFile          null
[2024-09-13T14:03:57.589+0000] {spark_submit.py:579} INFO - driverMemory            null
[2024-09-13T14:03:57.590+0000] {spark_submit.py:579} INFO - driverCores             null
[2024-09-13T14:03:57.592+0000] {spark_submit.py:579} INFO - driverExtraClassPath    null
[2024-09-13T14:03:57.593+0000] {spark_submit.py:579} INFO - driverExtraLibraryPath  null
[2024-09-13T14:03:57.594+0000] {spark_submit.py:579} INFO - driverExtraJavaOptions  null
[2024-09-13T14:03:57.594+0000] {spark_submit.py:579} INFO - supervise               false
[2024-09-13T14:03:57.596+0000] {spark_submit.py:579} INFO - queue                   null
[2024-09-13T14:03:57.597+0000] {spark_submit.py:579} INFO - numExecutors            null
[2024-09-13T14:03:57.599+0000] {spark_submit.py:579} INFO - files                   null
[2024-09-13T14:03:57.600+0000] {spark_submit.py:579} INFO - pyFiles                 null
[2024-09-13T14:03:57.601+0000] {spark_submit.py:579} INFO - archives                null
[2024-09-13T14:03:57.602+0000] {spark_submit.py:579} INFO - mainClass               null
[2024-09-13T14:03:57.603+0000] {spark_submit.py:579} INFO - primaryResource         file:/opt/***/dags/spark_job.py
[2024-09-13T14:03:57.604+0000] {spark_submit.py:579} INFO - name                    arrow-spark
[2024-09-13T14:03:57.605+0000] {spark_submit.py:579} INFO - childArgs               []
[2024-09-13T14:03:57.606+0000] {spark_submit.py:579} INFO - jars                    null
[2024-09-13T14:03:57.607+0000] {spark_submit.py:579} INFO - packages                null
[2024-09-13T14:03:57.608+0000] {spark_submit.py:579} INFO - packagesExclusions      null
[2024-09-13T14:03:57.609+0000] {spark_submit.py:579} INFO - repositories            null
[2024-09-13T14:03:57.610+0000] {spark_submit.py:579} INFO - verbose                 true
[2024-09-13T14:03:57.611+0000] {spark_submit.py:579} INFO - 
[2024-09-13T14:03:57.612+0000] {spark_submit.py:579} INFO - Spark properties used, including those specified through
[2024-09-13T14:03:57.614+0000] {spark_submit.py:579} INFO - --conf and those from the properties file null:
[2024-09-13T14:03:57.615+0000] {spark_submit.py:579} INFO - (spark.master,spark://spark-master:7077)
[2024-09-13T14:03:57.616+0000] {spark_submit.py:579} INFO - 
[2024-09-13T14:03:57.618+0000] {spark_submit.py:579} INFO - 
[2024-09-13T14:03:58.139+0000] {spark_submit.py:579} INFO - Main class:
[2024-09-13T14:03:58.140+0000] {spark_submit.py:579} INFO - org.apache.spark.deploy.PythonRunner
[2024-09-13T14:03:58.141+0000] {spark_submit.py:579} INFO - Arguments:
[2024-09-13T14:03:58.142+0000] {spark_submit.py:579} INFO - file:/opt/***/dags/spark_job.py
[2024-09-13T14:03:58.143+0000] {spark_submit.py:579} INFO - null
[2024-09-13T14:03:58.149+0000] {spark_submit.py:579} INFO - Spark config:
[2024-09-13T14:03:58.151+0000] {spark_submit.py:579} INFO - (spark.app.name,arrow-spark)
[2024-09-13T14:03:58.152+0000] {spark_submit.py:579} INFO - (spark.app.submitTime,1726236238085)
[2024-09-13T14:03:58.153+0000] {spark_submit.py:579} INFO - (spark.master,spark://spark-master:7077)
[2024-09-13T14:03:58.155+0000] {spark_submit.py:579} INFO - (spark.submit.deployMode,client)
[2024-09-13T14:03:58.156+0000] {spark_submit.py:579} INFO - (spark.submit.pyFiles,)
[2024-09-13T14:03:58.157+0000] {spark_submit.py:579} INFO - Classpath elements:
[2024-09-13T14:03:58.158+0000] {spark_submit.py:579} INFO - 
[2024-09-13T14:03:58.159+0000] {spark_submit.py:579} INFO - 
[2024-09-13T14:03:58.160+0000] {spark_submit.py:579} INFO - 
[2024-09-13T14:03:59.778+0000] {spark_submit.py:579} INFO - 24/09/13 14:03:59 INFO SparkContext: Running Spark version 3.5.2
[2024-09-13T14:03:59.783+0000] {spark_submit.py:579} INFO - 24/09/13 14:03:59 INFO SparkContext: OS info Linux, 5.15.153.1-microsoft-standard-WSL2, amd64
[2024-09-13T14:03:59.784+0000] {spark_submit.py:579} INFO - 24/09/13 14:03:59 INFO SparkContext: Java version 17.0.12
[2024-09-13T14:04:00.192+0000] {spark_submit.py:579} INFO - 24/09/13 14:04:00 WARN NativeCodeLoader: Unable to load native-hadoop library for your platform... using builtin-java classes where applicable
[2024-09-13T14:04:00.798+0000] {spark_submit.py:579} INFO - 24/09/13 14:04:00 INFO ResourceUtils: ==============================================================
[2024-09-13T14:04:00.801+0000] {spark_submit.py:579} INFO - 24/09/13 14:04:00 INFO ResourceUtils: No custom resources configured for spark.driver.
[2024-09-13T14:04:00.803+0000] {spark_submit.py:579} INFO - 24/09/13 14:04:00 INFO ResourceUtils: ==============================================================
[2024-09-13T14:04:00.805+0000] {spark_submit.py:579} INFO - 24/09/13 14:04:00 INFO SparkContext: Submitted application: SparkJob
[2024-09-13T14:04:00.882+0000] {spark_submit.py:579} INFO - 24/09/13 14:04:00 INFO ResourceProfile: Default ResourceProfile created, executor resources: Map(cores -> name: cores, amount: 1, script: , vendor: , memory -> name: memory, amount: 1024, script: , vendor: , offHeap -> name: offHeap, amount: 0, script: , vendor: ), task resources: Map(cpus -> name: cpus, amount: 1.0)
[2024-09-13T14:04:00.907+0000] {spark_submit.py:579} INFO - 24/09/13 14:04:00 INFO ResourceProfile: Limiting resource is cpu
[2024-09-13T14:04:00.909+0000] {spark_submit.py:579} INFO - 24/09/13 14:04:00 INFO ResourceProfileManager: Added ResourceProfile id: 0
[2024-09-13T14:04:01.027+0000] {spark_submit.py:579} INFO - 24/09/13 14:04:01 INFO SecurityManager: Changing view acls to: ***
[2024-09-13T14:04:01.028+0000] {spark_submit.py:579} INFO - 24/09/13 14:04:01 INFO SecurityManager: Changing modify acls to: ***
[2024-09-13T14:04:01.030+0000] {spark_submit.py:579} INFO - 24/09/13 14:04:01 INFO SecurityManager: Changing view acls groups to:
[2024-09-13T14:04:01.031+0000] {spark_submit.py:579} INFO - 24/09/13 14:04:01 INFO SecurityManager: Changing modify acls groups to:
[2024-09-13T14:04:01.032+0000] {spark_submit.py:579} INFO - 24/09/13 14:04:01 INFO SecurityManager: SecurityManager: authentication disabled; ui acls disabled; users with view permissions: ***; groups with view permissions: EMPTY; users with modify permissions: ***; groups with modify permissions: EMPTY
[2024-09-13T14:04:01.573+0000] {spark_submit.py:579} INFO - 24/09/13 14:04:01 INFO Utils: Successfully started service 'sparkDriver' on port 39823.
[2024-09-13T14:04:01.627+0000] {spark_submit.py:579} INFO - 24/09/13 14:04:01 INFO SparkEnv: Registering MapOutputTracker
[2024-09-13T14:04:01.719+0000] {spark_submit.py:579} INFO - 24/09/13 14:04:01 INFO SparkEnv: Registering BlockManagerMaster
[2024-09-13T14:04:01.751+0000] {spark_submit.py:579} INFO - 24/09/13 14:04:01 INFO BlockManagerMasterEndpoint: Using org.apache.spark.storage.DefaultTopologyMapper for getting topology information
[2024-09-13T14:04:01.753+0000] {spark_submit.py:579} INFO - 24/09/13 14:04:01 INFO BlockManagerMasterEndpoint: BlockManagerMasterEndpoint up
[2024-09-13T14:04:01.764+0000] {spark_submit.py:579} INFO - 24/09/13 14:04:01 INFO SparkEnv: Registering BlockManagerMasterHeartbeat
[2024-09-13T14:04:01.809+0000] {spark_submit.py:579} INFO - 24/09/13 14:04:01 INFO DiskBlockManager: Created local directory at /tmp/blockmgr-0816a082-4a91-42d4-bdd9-6296e9ba7e42
[2024-09-13T14:04:01.836+0000] {spark_submit.py:579} INFO - 24/09/13 14:04:01 INFO MemoryStore: MemoryStore started with capacity 434.4 MiB
[2024-09-13T14:04:01.874+0000] {spark_submit.py:579} INFO - 24/09/13 14:04:01 INFO SparkEnv: Registering OutputCommitCoordinator
[2024-09-13T14:04:02.168+0000] {spark_submit.py:579} INFO - 24/09/13 14:04:02 INFO JettyUtils: Start Jetty 0.0.0.0:4040 for SparkUI
[2024-09-13T14:04:02.333+0000] {spark_submit.py:579} INFO - 24/09/13 14:04:02 INFO Utils: Successfully started service 'SparkUI' on port 4040.
[2024-09-13T14:04:02.546+0000] {spark_submit.py:579} INFO - 24/09/13 14:04:02 INFO Executor: Starting executor ID driver on host abca638f616d
[2024-09-13T14:04:02.548+0000] {spark_submit.py:579} INFO - 24/09/13 14:04:02 INFO Executor: OS info Linux, 5.15.153.1-microsoft-standard-WSL2, amd64
[2024-09-13T14:04:02.549+0000] {spark_submit.py:579} INFO - 24/09/13 14:04:02 INFO Executor: Java version 17.0.12
[2024-09-13T14:04:02.562+0000] {spark_submit.py:579} INFO - 24/09/13 14:04:02 INFO Executor: Starting executor with user classpath (userClassPathFirst = false): ''
[2024-09-13T14:04:02.563+0000] {spark_submit.py:579} INFO - 24/09/13 14:04:02 INFO Executor: Created or updated repl class loader org.apache.spark.util.MutableURLClassLoader@7432b5cc for default.
[2024-09-13T14:04:02.604+0000] {spark_submit.py:579} INFO - 24/09/13 14:04:02 INFO Utils: Successfully started service 'org.apache.spark.network.netty.NettyBlockTransferService' on port 33343.
[2024-09-13T14:04:02.605+0000] {spark_submit.py:579} INFO - 24/09/13 14:04:02 INFO NettyBlockTransferService: Server created on abca638f616d:33343
[2024-09-13T14:04:02.608+0000] {spark_submit.py:579} INFO - 24/09/13 14:04:02 INFO BlockManager: Using org.apache.spark.storage.RandomBlockReplicationPolicy for block replication policy
[2024-09-13T14:04:02.618+0000] {spark_submit.py:579} INFO - 24/09/13 14:04:02 INFO BlockManagerMaster: Registering BlockManager BlockManagerId(driver, abca638f616d, 33343, None)
[2024-09-13T14:04:02.623+0000] {spark_submit.py:579} INFO - 24/09/13 14:04:02 INFO BlockManagerMasterEndpoint: Registering block manager abca638f616d:33343 with 434.4 MiB RAM, BlockManagerId(driver, abca638f616d, 33343, None)
[2024-09-13T14:04:02.628+0000] {spark_submit.py:579} INFO - 24/09/13 14:04:02 INFO BlockManagerMaster: Registered BlockManager BlockManagerId(driver, abca638f616d, 33343, None)
[2024-09-13T14:04:02.630+0000] {spark_submit.py:579} INFO - 24/09/13 14:04:02 INFO BlockManager: Initialized BlockManager: BlockManagerId(driver, abca638f616d, 33343, None)
[2024-09-13T14:04:03.495+0000] {spark_submit.py:579} INFO - 24/09/13 14:04:03 INFO SharedState: Setting hive.metastore.warehouse.dir ('null') to the value of spark.sql.warehouse.dir.
[2024-09-13T14:04:03.510+0000] {spark_submit.py:579} INFO - 24/09/13 14:04:03 INFO SharedState: Warehouse path is 'file:/user/hive/warehouse'.
[2024-09-13T14:04:04.982+0000] {spark_submit.py:579} INFO - 24/09/13 14:04:04 INFO InMemoryFileIndex: It took 81 ms to list leaf files for 1 paths.
[2024-09-13T14:04:06.906+0000] {spark_submit.py:579} INFO - 24/09/13 14:04:06 INFO InMemoryFileIndex: It took 6 ms to list leaf files for 1 paths.
[2024-09-13T14:04:07.614+0000] {spark_submit.py:579} INFO - Тип данной таблицы -  <class 'pyspark.sql.dataframe.DataFrame'>
[2024-09-13T14:04:07.735+0000] {spark_submit.py:579} INFO - 24/09/13 14:04:07 INFO HiveConf: Found configuration file null
[2024-09-13T14:04:07.752+0000] {spark_submit.py:579} INFO - 24/09/13 14:04:07 INFO HiveUtils: Initializing HiveMetastoreConnection version 2.3.9 using Spark classes.
[2024-09-13T14:04:08.112+0000] {spark_submit.py:579} INFO - 24/09/13 14:04:08 INFO HiveClientImpl: Warehouse location for Hive client (version 2.3.9) is file:/user/hive/warehouse
[2024-09-13T14:04:08.171+0000] {spark_submit.py:579} INFO - 24/09/13 14:04:08 INFO metastore: Trying to connect to metastore with URI thrift://hive-metastore:9083
[2024-09-13T14:04:11.541+0000] {spark_submit.py:579} INFO - 24/09/13 14:04:11 WARN metastore: Failed to connect to the MetaStore Server...
[2024-09-13T14:04:11.543+0000] {spark_submit.py:579} INFO - 24/09/13 14:04:11 INFO metastore: Waiting 1 seconds before next connection attempt.
[2024-09-13T14:04:12.542+0000] {spark_submit.py:579} INFO - 24/09/13 14:04:12 INFO metastore: Trying to connect to metastore with URI thrift://hive-metastore:9083
[2024-09-13T14:04:12.543+0000] {spark_submit.py:579} INFO - 24/09/13 14:04:12 WARN metastore: Failed to connect to the MetaStore Server...
[2024-09-13T14:04:12.545+0000] {spark_submit.py:579} INFO - 24/09/13 14:04:12 INFO metastore: Waiting 1 seconds before next connection attempt.
[2024-09-13T14:04:13.544+0000] {spark_submit.py:579} INFO - 24/09/13 14:04:13 INFO metastore: Trying to connect to metastore with URI thrift://hive-metastore:9083
[2024-09-13T14:04:13.545+0000] {spark_submit.py:579} INFO - 24/09/13 14:04:13 WARN metastore: Failed to connect to the MetaStore Server...
[2024-09-13T14:04:13.546+0000] {spark_submit.py:579} INFO - 24/09/13 14:04:13 INFO metastore: Waiting 1 seconds before next connection attempt.
[2024-09-13T14:04:14.569+0000] {spark_submit.py:579} INFO - 24/09/13 14:04:14 WARN HiveClientImpl: HiveClient got thrift exception, destroying client and retrying (0 tries remaining)
[2024-09-13T14:04:14.570+0000] {spark_submit.py:579} INFO - org.apache.hadoop.hive.ql.metadata.HiveException: java.lang.RuntimeException: Unable to instantiate org.apache.hadoop.hive.ql.metadata.SessionHiveMetaStoreClient
[2024-09-13T14:04:14.571+0000] {spark_submit.py:579} INFO - at org.apache.hadoop.hive.ql.metadata.Hive.getDatabase(Hive.java:1567)
[2024-09-13T14:04:14.571+0000] {spark_submit.py:579} INFO - at org.apache.hadoop.hive.ql.metadata.Hive.databaseExists(Hive.java:1552)
[2024-09-13T14:04:14.572+0000] {spark_submit.py:579} INFO - at org.apache.spark.sql.hive.client.Shim_v0_12.databaseExists(HiveShim.scala:609)
[2024-09-13T14:04:14.573+0000] {spark_submit.py:579} INFO - at org.apache.spark.sql.hive.client.HiveClientImpl.$anonfun$databaseExists$1(HiveClientImpl.scala:406)
[2024-09-13T14:04:14.574+0000] {spark_submit.py:579} INFO - at scala.runtime.java8.JFunction0$mcZ$sp.apply(JFunction0$mcZ$sp.java:23)
[2024-09-13T14:04:14.574+0000] {spark_submit.py:579} INFO - at org.apache.spark.sql.hive.client.HiveClientImpl.$anonfun$withHiveState$1(HiveClientImpl.scala:303)
[2024-09-13T14:04:14.575+0000] {spark_submit.py:579} INFO - at org.apache.spark.sql.hive.client.HiveClientImpl.liftedTree1$1(HiveClientImpl.scala:234)
[2024-09-13T14:04:14.575+0000] {spark_submit.py:579} INFO - at org.apache.spark.sql.hive.client.HiveClientImpl.retryLocked(HiveClientImpl.scala:233)
[2024-09-13T14:04:14.576+0000] {spark_submit.py:579} INFO - at org.apache.spark.sql.hive.client.HiveClientImpl.withHiveState(HiveClientImpl.scala:283)
[2024-09-13T14:04:14.576+0000] {spark_submit.py:579} INFO - at org.apache.spark.sql.hive.client.HiveClientImpl.databaseExists(HiveClientImpl.scala:406)
[2024-09-13T14:04:14.577+0000] {spark_submit.py:579} INFO - at org.apache.spark.sql.hive.HiveExternalCatalog.$anonfun$databaseExists$1(HiveExternalCatalog.scala:224)
[2024-09-13T14:04:14.577+0000] {spark_submit.py:579} INFO - at scala.runtime.java8.JFunction0$mcZ$sp.apply(JFunction0$mcZ$sp.java:23)
[2024-09-13T14:04:14.578+0000] {spark_submit.py:579} INFO - at org.apache.spark.sql.hive.HiveExternalCatalog.withClient(HiveExternalCatalog.scala:99)
[2024-09-13T14:04:14.578+0000] {spark_submit.py:579} INFO - at org.apache.spark.sql.hive.HiveExternalCatalog.databaseExists(HiveExternalCatalog.scala:224)
[2024-09-13T14:04:14.579+0000] {spark_submit.py:579} INFO - at org.apache.spark.sql.internal.SharedState.externalCatalog$lzycompute(SharedState.scala:146)
[2024-09-13T14:04:14.579+0000] {spark_submit.py:579} INFO - at org.apache.spark.sql.internal.SharedState.externalCatalog(SharedState.scala:140)
[2024-09-13T14:04:14.580+0000] {spark_submit.py:579} INFO - at org.apache.spark.sql.hive.HiveSessionStateBuilder.externalCatalog(HiveSessionStateBuilder.scala:54)
[2024-09-13T14:04:14.580+0000] {spark_submit.py:579} INFO - at org.apache.spark.sql.hive.HiveSessionStateBuilder.$anonfun$catalog$1(HiveSessionStateBuilder.scala:69)
[2024-09-13T14:04:14.581+0000] {spark_submit.py:579} INFO - at org.apache.spark.sql.catalyst.catalog.SessionCatalog.externalCatalog$lzycompute(SessionCatalog.scala:122)
[2024-09-13T14:04:14.583+0000] {spark_submit.py:579} INFO - at org.apache.spark.sql.catalyst.catalog.SessionCatalog.externalCatalog(SessionCatalog.scala:122)
[2024-09-13T14:04:14.583+0000] {spark_submit.py:579} INFO - at org.apache.spark.sql.catalyst.catalog.SessionCatalog.tableExists(SessionCatalog.scala:518)
[2024-09-13T14:04:14.584+0000] {spark_submit.py:579} INFO - at org.apache.spark.sql.DataFrameWriter.saveAsTable(DataFrameWriter.scala:641)
[2024-09-13T14:04:14.585+0000] {spark_submit.py:579} INFO - at org.apache.spark.sql.DataFrameWriter.saveAsTable(DataFrameWriter.scala:571)
[2024-09-13T14:04:14.586+0000] {spark_submit.py:579} INFO - at java.base/jdk.internal.reflect.NativeMethodAccessorImpl.invoke0(Native Method)
[2024-09-13T14:04:14.587+0000] {spark_submit.py:579} INFO - at java.base/jdk.internal.reflect.NativeMethodAccessorImpl.invoke(NativeMethodAccessorImpl.java:77)
[2024-09-13T14:04:14.587+0000] {spark_submit.py:579} INFO - at java.base/jdk.internal.reflect.DelegatingMethodAccessorImpl.invoke(DelegatingMethodAccessorImpl.java:43)
[2024-09-13T14:04:14.588+0000] {spark_submit.py:579} INFO - at java.base/java.lang.reflect.Method.invoke(Method.java:569)
[2024-09-13T14:04:14.589+0000] {spark_submit.py:579} INFO - at py4j.reflection.MethodInvoker.invoke(MethodInvoker.java:244)
[2024-09-13T14:04:14.589+0000] {spark_submit.py:579} INFO - at py4j.reflection.ReflectionEngine.invoke(ReflectionEngine.java:374)
[2024-09-13T14:04:14.590+0000] {spark_submit.py:579} INFO - at py4j.Gateway.invoke(Gateway.java:282)
[2024-09-13T14:04:14.591+0000] {spark_submit.py:579} INFO - at py4j.commands.AbstractCommand.invokeMethod(AbstractCommand.java:132)
[2024-09-13T14:04:14.591+0000] {spark_submit.py:579} INFO - at py4j.commands.CallCommand.execute(CallCommand.java:79)
[2024-09-13T14:04:14.592+0000] {spark_submit.py:579} INFO - at py4j.ClientServerConnection.waitForCommands(ClientServerConnection.java:182)
[2024-09-13T14:04:14.593+0000] {spark_submit.py:579} INFO - at py4j.ClientServerConnection.run(ClientServerConnection.java:106)
[2024-09-13T14:04:14.594+0000] {spark_submit.py:579} INFO - at java.base/java.lang.Thread.run(Thread.java:840)
[2024-09-13T14:04:14.594+0000] {spark_submit.py:579} INFO - Caused by: java.lang.RuntimeException: Unable to instantiate org.apache.hadoop.hive.ql.metadata.SessionHiveMetaStoreClient
[2024-09-13T14:04:14.595+0000] {spark_submit.py:579} INFO - at org.apache.hadoop.hive.metastore.MetaStoreUtils.newInstance(MetaStoreUtils.java:1742)
[2024-09-13T14:04:14.596+0000] {spark_submit.py:579} INFO - at org.apache.hadoop.hive.metastore.RetryingMetaStoreClient.<init>(RetryingMetaStoreClient.java:83)
[2024-09-13T14:04:14.596+0000] {spark_submit.py:579} INFO - at org.apache.hadoop.hive.metastore.RetryingMetaStoreClient.getProxy(RetryingMetaStoreClient.java:133)
[2024-09-13T14:04:14.597+0000] {spark_submit.py:579} INFO - at org.apache.hadoop.hive.metastore.RetryingMetaStoreClient.getProxy(RetryingMetaStoreClient.java:104)
[2024-09-13T14:04:14.598+0000] {spark_submit.py:579} INFO - at org.apache.hadoop.hive.ql.metadata.Hive.createMetaStoreClient(Hive.java:3607)
[2024-09-13T14:04:14.599+0000] {spark_submit.py:579} INFO - at org.apache.hadoop.hive.ql.metadata.Hive.getMSC(Hive.java:3659)
[2024-09-13T14:04:14.600+0000] {spark_submit.py:579} INFO - at org.apache.hadoop.hive.ql.metadata.Hive.getMSC(Hive.java:3639)
[2024-09-13T14:04:14.600+0000] {spark_submit.py:579} INFO - at org.apache.hadoop.hive.ql.metadata.Hive.getDatabase(Hive.java:1563)
[2024-09-13T14:04:14.601+0000] {spark_submit.py:579} INFO - ... 34 more
[2024-09-13T14:04:14.602+0000] {spark_submit.py:579} INFO - Caused by: java.lang.reflect.InvocationTargetException
[2024-09-13T14:04:14.603+0000] {spark_submit.py:579} INFO - at java.base/jdk.internal.reflect.NativeConstructorAccessorImpl.newInstance0(Native Method)
[2024-09-13T14:04:14.604+0000] {spark_submit.py:579} INFO - at java.base/jdk.internal.reflect.NativeConstructorAccessorImpl.newInstance(NativeConstructorAccessorImpl.java:77)
[2024-09-13T14:04:14.604+0000] {spark_submit.py:579} INFO - at java.base/jdk.internal.reflect.DelegatingConstructorAccessorImpl.newInstance(DelegatingConstructorAccessorImpl.java:45)
[2024-09-13T14:04:14.605+0000] {spark_submit.py:579} INFO - at java.base/java.lang.reflect.Constructor.newInstanceWithCaller(Constructor.java:500)
[2024-09-13T14:04:14.606+0000] {spark_submit.py:579} INFO - at java.base/java.lang.reflect.Constructor.newInstance(Constructor.java:481)
[2024-09-13T14:04:14.607+0000] {spark_submit.py:579} INFO - at org.apache.hadoop.hive.metastore.MetaStoreUtils.newInstance(MetaStoreUtils.java:1740)
[2024-09-13T14:04:14.608+0000] {spark_submit.py:579} INFO - ... 41 more
[2024-09-13T14:04:14.608+0000] {spark_submit.py:579} INFO - Caused by: MetaException(message:Could not connect to meta store using any of the URIs provided. Most recent failure: org.apache.thrift.transport.TTransportException: java.net.UnknownHostException: hive-metastore
[2024-09-13T14:04:14.609+0000] {spark_submit.py:579} INFO - at org.apache.thrift.transport.TSocket.open(TSocket.java:226)
[2024-09-13T14:04:14.610+0000] {spark_submit.py:579} INFO - at org.apache.hadoop.hive.metastore.HiveMetaStoreClient.open(HiveMetaStoreClient.java:478)
[2024-09-13T14:04:14.610+0000] {spark_submit.py:579} INFO - at org.apache.hadoop.hive.metastore.HiveMetaStoreClient.<init>(HiveMetaStoreClient.java:245)
[2024-09-13T14:04:14.611+0000] {spark_submit.py:579} INFO - at org.apache.hadoop.hive.ql.metadata.SessionHiveMetaStoreClient.<init>(SessionHiveMetaStoreClient.java:70)
[2024-09-13T14:04:14.612+0000] {spark_submit.py:579} INFO - at java.base/jdk.internal.reflect.NativeConstructorAccessorImpl.newInstance0(Native Method)
[2024-09-13T14:04:14.612+0000] {spark_submit.py:579} INFO - at java.base/jdk.internal.reflect.NativeConstructorAccessorImpl.newInstance(NativeConstructorAccessorImpl.java:77)
[2024-09-13T14:04:14.613+0000] {spark_submit.py:579} INFO - at java.base/jdk.internal.reflect.DelegatingConstructorAccessorImpl.newInstance(DelegatingConstructorAccessorImpl.java:45)
[2024-09-13T14:04:14.614+0000] {spark_submit.py:579} INFO - at java.base/java.lang.reflect.Constructor.newInstanceWithCaller(Constructor.java:500)
[2024-09-13T14:04:14.615+0000] {spark_submit.py:579} INFO - at java.base/java.lang.reflect.Constructor.newInstance(Constructor.java:481)
[2024-09-13T14:04:14.616+0000] {spark_submit.py:579} INFO - at org.apache.hadoop.hive.metastore.MetaStoreUtils.newInstance(MetaStoreUtils.java:1740)
[2024-09-13T14:04:14.617+0000] {spark_submit.py:579} INFO - at org.apache.hadoop.hive.metastore.RetryingMetaStoreClient.<init>(RetryingMetaStoreClient.java:83)
[2024-09-13T14:04:14.618+0000] {spark_submit.py:579} INFO - at org.apache.hadoop.hive.metastore.RetryingMetaStoreClient.getProxy(RetryingMetaStoreClient.java:133)
[2024-09-13T14:04:14.619+0000] {spark_submit.py:579} INFO - at org.apache.hadoop.hive.metastore.RetryingMetaStoreClient.getProxy(RetryingMetaStoreClient.java:104)
[2024-09-13T14:04:14.619+0000] {spark_submit.py:579} INFO - at org.apache.hadoop.hive.ql.metadata.Hive.createMetaStoreClient(Hive.java:3607)
[2024-09-13T14:04:14.620+0000] {spark_submit.py:579} INFO - at org.apache.hadoop.hive.ql.metadata.Hive.getMSC(Hive.java:3659)
[2024-09-13T14:04:14.621+0000] {spark_submit.py:579} INFO - at org.apache.hadoop.hive.ql.metadata.Hive.getMSC(Hive.java:3639)
[2024-09-13T14:04:14.621+0000] {spark_submit.py:579} INFO - at org.apache.hadoop.hive.ql.metadata.Hive.getDatabase(Hive.java:1563)
[2024-09-13T14:04:14.622+0000] {spark_submit.py:579} INFO - at org.apache.hadoop.hive.ql.metadata.Hive.databaseExists(Hive.java:1552)
[2024-09-13T14:04:14.623+0000] {spark_submit.py:579} INFO - at org.apache.spark.sql.hive.client.Shim_v0_12.databaseExists(HiveShim.scala:609)
[2024-09-13T14:04:14.623+0000] {spark_submit.py:579} INFO - at org.apache.spark.sql.hive.client.HiveClientImpl.$anonfun$databaseExists$1(HiveClientImpl.scala:406)
[2024-09-13T14:04:14.624+0000] {spark_submit.py:579} INFO - at scala.runtime.java8.JFunction0$mcZ$sp.apply(JFunction0$mcZ$sp.java:23)
[2024-09-13T14:04:14.625+0000] {spark_submit.py:579} INFO - at org.apache.spark.sql.hive.client.HiveClientImpl.$anonfun$withHiveState$1(HiveClientImpl.scala:303)
[2024-09-13T14:04:14.625+0000] {spark_submit.py:579} INFO - at org.apache.spark.sql.hive.client.HiveClientImpl.liftedTree1$1(HiveClientImpl.scala:234)
[2024-09-13T14:04:14.626+0000] {spark_submit.py:579} INFO - at org.apache.spark.sql.hive.client.HiveClientImpl.retryLocked(HiveClientImpl.scala:233)
[2024-09-13T14:04:14.626+0000] {spark_submit.py:579} INFO - at org.apache.spark.sql.hive.client.HiveClientImpl.withHiveState(HiveClientImpl.scala:283)
[2024-09-13T14:04:14.627+0000] {spark_submit.py:579} INFO - at org.apache.spark.sql.hive.client.HiveClientImpl.databaseExists(HiveClientImpl.scala:406)
[2024-09-13T14:04:14.628+0000] {spark_submit.py:579} INFO - at org.apache.spark.sql.hive.HiveExternalCatalog.$anonfun$databaseExists$1(HiveExternalCatalog.scala:224)
[2024-09-13T14:04:14.629+0000] {spark_submit.py:579} INFO - at scala.runtime.java8.JFunction0$mcZ$sp.apply(JFunction0$mcZ$sp.java:23)
[2024-09-13T14:04:14.629+0000] {spark_submit.py:579} INFO - at org.apache.spark.sql.hive.HiveExternalCatalog.withClient(HiveExternalCatalog.scala:99)
[2024-09-13T14:04:14.630+0000] {spark_submit.py:579} INFO - at org.apache.spark.sql.hive.HiveExternalCatalog.databaseExists(HiveExternalCatalog.scala:224)
[2024-09-13T14:04:14.631+0000] {spark_submit.py:579} INFO - at org.apache.spark.sql.internal.SharedState.externalCatalog$lzycompute(SharedState.scala:146)
[2024-09-13T14:04:14.632+0000] {spark_submit.py:579} INFO - at org.apache.spark.sql.internal.SharedState.externalCatalog(SharedState.scala:140)
[2024-09-13T14:04:14.633+0000] {spark_submit.py:579} INFO - at org.apache.spark.sql.hive.HiveSessionStateBuilder.externalCatalog(HiveSessionStateBuilder.scala:54)
[2024-09-13T14:04:14.634+0000] {spark_submit.py:579} INFO - at org.apache.spark.sql.hive.HiveSessionStateBuilder.$anonfun$catalog$1(HiveSessionStateBuilder.scala:69)
[2024-09-13T14:04:14.634+0000] {spark_submit.py:579} INFO - at org.apache.spark.sql.catalyst.catalog.SessionCatalog.externalCatalog$lzycompute(SessionCatalog.scala:122)
[2024-09-13T14:04:14.635+0000] {spark_submit.py:579} INFO - at org.apache.spark.sql.catalyst.catalog.SessionCatalog.externalCatalog(SessionCatalog.scala:122)
[2024-09-13T14:04:14.636+0000] {spark_submit.py:579} INFO - at org.apache.spark.sql.catalyst.catalog.SessionCatalog.tableExists(SessionCatalog.scala:518)
[2024-09-13T14:04:14.637+0000] {spark_submit.py:579} INFO - at org.apache.spark.sql.DataFrameWriter.saveAsTable(DataFrameWriter.scala:641)
[2024-09-13T14:04:14.637+0000] {spark_submit.py:579} INFO - at org.apache.spark.sql.DataFrameWriter.saveAsTable(DataFrameWriter.scala:571)
[2024-09-13T14:04:14.638+0000] {spark_submit.py:579} INFO - at java.base/jdk.internal.reflect.NativeMethodAccessorImpl.invoke0(Native Method)
[2024-09-13T14:04:14.638+0000] {spark_submit.py:579} INFO - at java.base/jdk.internal.reflect.NativeMethodAccessorImpl.invoke(NativeMethodAccessorImpl.java:77)
[2024-09-13T14:04:14.639+0000] {spark_submit.py:579} INFO - at java.base/jdk.internal.reflect.DelegatingMethodAccessorImpl.invoke(DelegatingMethodAccessorImpl.java:43)
[2024-09-13T14:04:14.639+0000] {spark_submit.py:579} INFO - at java.base/java.lang.reflect.Method.invoke(Method.java:569)
[2024-09-13T14:04:14.640+0000] {spark_submit.py:579} INFO - at py4j.reflection.MethodInvoker.invoke(MethodInvoker.java:244)
[2024-09-13T14:04:14.640+0000] {spark_submit.py:579} INFO - at py4j.reflection.ReflectionEngine.invoke(ReflectionEngine.java:374)
[2024-09-13T14:04:14.641+0000] {spark_submit.py:579} INFO - at py4j.Gateway.invoke(Gateway.java:282)
[2024-09-13T14:04:14.641+0000] {spark_submit.py:579} INFO - at py4j.commands.AbstractCommand.invokeMethod(AbstractCommand.java:132)
[2024-09-13T14:04:14.642+0000] {spark_submit.py:579} INFO - at py4j.commands.CallCommand.execute(CallCommand.java:79)
[2024-09-13T14:04:14.642+0000] {spark_submit.py:579} INFO - at py4j.ClientServerConnection.waitForCommands(ClientServerConnection.java:182)
[2024-09-13T14:04:14.643+0000] {spark_submit.py:579} INFO - at py4j.ClientServerConnection.run(ClientServerConnection.java:106)
[2024-09-13T14:04:14.643+0000] {spark_submit.py:579} INFO - at java.base/java.lang.Thread.run(Thread.java:840)
[2024-09-13T14:04:14.644+0000] {spark_submit.py:579} INFO - Caused by: java.net.UnknownHostException: hive-metastore
[2024-09-13T14:04:14.644+0000] {spark_submit.py:579} INFO - at java.base/sun.nio.ch.NioSocketImpl.connect(NioSocketImpl.java:572)
[2024-09-13T14:04:14.644+0000] {spark_submit.py:579} INFO - at java.base/java.net.SocksSocketImpl.connect(SocksSocketImpl.java:327)
[2024-09-13T14:04:14.645+0000] {spark_submit.py:579} INFO - at java.base/java.net.Socket.connect(Socket.java:633)
[2024-09-13T14:04:14.646+0000] {spark_submit.py:579} INFO - at org.apache.thrift.transport.TSocket.open(TSocket.java:221)
[2024-09-13T14:04:14.646+0000] {spark_submit.py:579} INFO - ... 50 more
[2024-09-13T14:04:14.647+0000] {spark_submit.py:579} INFO - )
[2024-09-13T14:04:14.648+0000] {spark_submit.py:579} INFO - at org.apache.hadoop.hive.metastore.HiveMetaStoreClient.open(HiveMetaStoreClient.java:527)
[2024-09-13T14:04:14.649+0000] {spark_submit.py:579} INFO - at org.apache.hadoop.hive.metastore.HiveMetaStoreClient.<init>(HiveMetaStoreClient.java:245)
[2024-09-13T14:04:14.650+0000] {spark_submit.py:579} INFO - at org.apache.hadoop.hive.ql.metadata.SessionHiveMetaStoreClient.<init>(SessionHiveMetaStoreClient.java:70)
[2024-09-13T14:04:14.651+0000] {spark_submit.py:579} INFO - ... 47 more
[2024-09-13T14:04:15.570+0000] {spark_submit.py:579} INFO - 24/09/13 14:04:15 WARN HiveClientImpl: Deadline exceeded
[2024-09-13T14:04:16.018+0000] {spark_submit.py:579} INFO - Traceback (most recent call last):
[2024-09-13T14:04:16.019+0000] {spark_submit.py:579} INFO - File "/opt/***/dags/spark_job.py", line 81, in <module>
[2024-09-13T14:04:16.021+0000] {spark_submit.py:579} INFO - final_table.write.mode("overwrite").saveAsTable("pc_makers")
[2024-09-13T14:04:16.022+0000] {spark_submit.py:579} INFO - File "/home/***/.local/lib/python3.12/site-packages/pyspark/sql/readwriter.py", line 1586, in saveAsTable
[2024-09-13T14:04:16.024+0000] {spark_submit.py:579} INFO - self._jwrite.saveAsTable(name)
[2024-09-13T14:04:16.025+0000] {spark_submit.py:579} INFO - File "/home/***/.local/lib/python3.12/site-packages/py4j/java_gateway.py", line 1322, in __call__
[2024-09-13T14:04:16.026+0000] {spark_submit.py:579} INFO - return_value = get_return_value(
[2024-09-13T14:04:16.026+0000] {spark_submit.py:579} INFO - ^^^^^^^^^^^^^^^^^
[2024-09-13T14:04:16.028+0000] {spark_submit.py:579} INFO - File "/home/***/.local/lib/python3.12/site-packages/pyspark/errors/exceptions/captured.py", line 185, in deco
[2024-09-13T14:04:16.029+0000] {spark_submit.py:579} INFO - raise converted from None
[2024-09-13T14:04:16.036+0000] {spark_submit.py:579} INFO - pyspark.errors.exceptions.captured.AnalysisException: org.apache.hadoop.hive.ql.metadata.HiveException: java.lang.RuntimeException: Unable to instantiate org.apache.hadoop.hive.ql.metadata.SessionHiveMetaStoreClient
[2024-09-13T14:04:16.144+0000] {spark_submit.py:579} INFO - 24/09/13 14:04:16 INFO SparkContext: Invoking stop() from shutdown hook
[2024-09-13T14:04:16.146+0000] {spark_submit.py:579} INFO - 24/09/13 14:04:16 INFO SparkContext: SparkContext is stopping with exitCode 0.
[2024-09-13T14:04:16.162+0000] {spark_submit.py:579} INFO - 24/09/13 14:04:16 INFO SparkUI: Stopped Spark web UI at http://abca638f616d:4040
[2024-09-13T14:04:16.182+0000] {spark_submit.py:579} INFO - 24/09/13 14:04:16 INFO MapOutputTrackerMasterEndpoint: MapOutputTrackerMasterEndpoint stopped!
[2024-09-13T14:04:16.203+0000] {spark_submit.py:579} INFO - 24/09/13 14:04:16 INFO MemoryStore: MemoryStore cleared
[2024-09-13T14:04:16.204+0000] {spark_submit.py:579} INFO - 24/09/13 14:04:16 INFO BlockManager: BlockManager stopped
[2024-09-13T14:04:16.214+0000] {spark_submit.py:579} INFO - 24/09/13 14:04:16 INFO BlockManagerMaster: BlockManagerMaster stopped
[2024-09-13T14:04:16.220+0000] {spark_submit.py:579} INFO - 24/09/13 14:04:16 INFO OutputCommitCoordinator$OutputCommitCoordinatorEndpoint: OutputCommitCoordinator stopped!
[2024-09-13T14:04:16.235+0000] {spark_submit.py:579} INFO - 24/09/13 14:04:16 INFO SparkContext: Successfully stopped SparkContext
[2024-09-13T14:04:16.236+0000] {spark_submit.py:579} INFO - 24/09/13 14:04:16 INFO ShutdownHookManager: Shutdown hook called
[2024-09-13T14:04:16.237+0000] {spark_submit.py:579} INFO - 24/09/13 14:04:16 INFO ShutdownHookManager: Deleting directory /tmp/spark-9851d25e-df41-42f5-8bac-98701ac81f7b
[2024-09-13T14:04:16.246+0000] {spark_submit.py:579} INFO - 24/09/13 14:04:16 INFO ShutdownHookManager: Deleting directory /tmp/spark-889d79c9-fb8f-4683-bcbf-b739ac6c2a0c
[2024-09-13T14:04:16.257+0000] {spark_submit.py:579} INFO - 24/09/13 14:04:16 INFO ShutdownHookManager: Deleting directory /tmp/spark-889d79c9-fb8f-4683-bcbf-b739ac6c2a0c/pyspark-4117d3bb-15d7-46ba-b915-f723f10387da
[2024-09-13T14:04:16.335+0000] {taskinstance.py:3310} ERROR - Task failed with exception
Traceback (most recent call last):
  File "/home/airflow/.local/lib/python3.12/site-packages/airflow/models/taskinstance.py", line 767, in _execute_task
    result = _execute_callable(context=context, **execute_callable_kwargs)
             ^^^^^^^^^^^^^^^^^^^^^^^^^^^^^^^^^^^^^^^^^^^^^^^^^^^^^^^^^^^^^
  File "/home/airflow/.local/lib/python3.12/site-packages/airflow/models/taskinstance.py", line 733, in _execute_callable
    return ExecutionCallableRunner(
           ^^^^^^^^^^^^^^^^^^^^^^^^
  File "/home/airflow/.local/lib/python3.12/site-packages/airflow/utils/operator_helpers.py", line 252, in run
    return self.func(*args, **kwargs)
           ^^^^^^^^^^^^^^^^^^^^^^^^^^
  File "/home/airflow/.local/lib/python3.12/site-packages/airflow/models/baseoperator.py", line 406, in wrapper
    return func(self, *args, **kwargs)
           ^^^^^^^^^^^^^^^^^^^^^^^^^^^
  File "/home/airflow/.local/lib/python3.12/site-packages/airflow/providers/apache/spark/operators/spark_submit.py", line 174, in execute
    self._hook.submit(self.application)
  File "/home/airflow/.local/lib/python3.12/site-packages/airflow/providers/apache/spark/hooks/spark_submit.py", line 505, in submit
    raise AirflowException(
airflow.exceptions.AirflowException: Cannot execute: spark-submit --master spark://spark-master:7077 --conf spark.master=spark://spark-master:7077 --name arrow-spark --verbose --deploy-mode client /opt/***/dags/spark_job.py. Error code is: 1.
[2024-09-13T14:04:16.346+0000] {taskinstance.py:1225} INFO - Marking task as UP_FOR_RETRY. dag_id=spark_find_makers_dag, task_id=spark_submit_task, run_id=scheduled__2024-09-12T00:00:00+00:00, execution_date=20240912T000000, start_date=20240913T140354, end_date=20240913T140416
[2024-09-13T14:04:16.372+0000] {taskinstance.py:340} INFO - ::group::Post task execution logs
[2024-09-13T14:04:16.373+0000] {standard_task_runner.py:124} ERROR - Failed to execute job 647 for task spark_submit_task (Cannot execute: spark-submit --master spark://spark-master:7077 --conf spark.master=spark://spark-master:7077 --name arrow-spark --verbose --deploy-mode client /opt/***/dags/spark_job.py. Error code is: 1.; 2994)
Traceback (most recent call last):
  File "/home/airflow/.local/lib/python3.12/site-packages/airflow/task/task_runner/standard_task_runner.py", line 117, in _start_by_fork
    ret = args.func(args, dag=self.dag)
          ^^^^^^^^^^^^^^^^^^^^^^^^^^^^^
  File "/home/airflow/.local/lib/python3.12/site-packages/airflow/cli/cli_config.py", line 49, in command
    return func(*args, **kwargs)
           ^^^^^^^^^^^^^^^^^^^^^
  File "/home/airflow/.local/lib/python3.12/site-packages/airflow/utils/cli.py", line 115, in wrapper
    return f(*args, **kwargs)
           ^^^^^^^^^^^^^^^^^^
  File "/home/airflow/.local/lib/python3.12/site-packages/airflow/cli/commands/task_command.py", line 483, in task_run
    task_return_code = _run_task_by_selected_method(args, _dag, ti)
                       ^^^^^^^^^^^^^^^^^^^^^^^^^^^^^^^^^^^^^^^^^^^^
  File "/home/airflow/.local/lib/python3.12/site-packages/airflow/cli/commands/task_command.py", line 256, in _run_task_by_selected_method
    return _run_raw_task(args, ti)
           ^^^^^^^^^^^^^^^^^^^^^^^
  File "/home/airflow/.local/lib/python3.12/site-packages/airflow/cli/commands/task_command.py", line 341, in _run_raw_task
    return ti._run_raw_task(
           ^^^^^^^^^^^^^^^^^
  File "/home/airflow/.local/lib/python3.12/site-packages/airflow/utils/session.py", line 97, in wrapper
    return func(*args, session=session, **kwargs)
           ^^^^^^^^^^^^^^^^^^^^^^^^^^^^^^^^^^^^^^
  File "/home/airflow/.local/lib/python3.12/site-packages/airflow/models/taskinstance.py", line 3004, in _run_raw_task
    return _run_raw_task(
           ^^^^^^^^^^^^^^
  File "/home/airflow/.local/lib/python3.12/site-packages/airflow/models/taskinstance.py", line 273, in _run_raw_task
    TaskInstance._execute_task_with_callbacks(
  File "/home/airflow/.local/lib/python3.12/site-packages/airflow/models/taskinstance.py", line 3158, in _execute_task_with_callbacks
    result = self._execute_task(context, task_orig)
             ^^^^^^^^^^^^^^^^^^^^^^^^^^^^^^^^^^^^^^
  File "/home/airflow/.local/lib/python3.12/site-packages/airflow/models/taskinstance.py", line 3182, in _execute_task
    return _execute_task(self, context, task_orig)
           ^^^^^^^^^^^^^^^^^^^^^^^^^^^^^^^^^^^^^^^
  File "/home/airflow/.local/lib/python3.12/site-packages/airflow/models/taskinstance.py", line 767, in _execute_task
    result = _execute_callable(context=context, **execute_callable_kwargs)
             ^^^^^^^^^^^^^^^^^^^^^^^^^^^^^^^^^^^^^^^^^^^^^^^^^^^^^^^^^^^^^
  File "/home/airflow/.local/lib/python3.12/site-packages/airflow/models/taskinstance.py", line 733, in _execute_callable
    return ExecutionCallableRunner(
           ^^^^^^^^^^^^^^^^^^^^^^^^
  File "/home/airflow/.local/lib/python3.12/site-packages/airflow/utils/operator_helpers.py", line 252, in run
    return self.func(*args, **kwargs)
           ^^^^^^^^^^^^^^^^^^^^^^^^^^
  File "/home/airflow/.local/lib/python3.12/site-packages/airflow/models/baseoperator.py", line 406, in wrapper
    return func(self, *args, **kwargs)
           ^^^^^^^^^^^^^^^^^^^^^^^^^^^
  File "/home/airflow/.local/lib/python3.12/site-packages/airflow/providers/apache/spark/operators/spark_submit.py", line 174, in execute
    self._hook.submit(self.application)
  File "/home/airflow/.local/lib/python3.12/site-packages/airflow/providers/apache/spark/hooks/spark_submit.py", line 505, in submit
    raise AirflowException(
airflow.exceptions.AirflowException: Cannot execute: spark-submit --master spark://spark-master:7077 --conf spark.master=spark://spark-master:7077 --name arrow-spark --verbose --deploy-mode client /opt/***/dags/spark_job.py. Error code is: 1.
[2024-09-13T14:04:16.414+0000] {local_task_job_runner.py:266} INFO - Task exited with return code 1
[2024-09-13T14:04:16.436+0000] {taskinstance.py:3900} INFO - 0 downstream tasks scheduled from follow-on schedule check
[2024-09-13T14:04:16.439+0000] {local_task_job_runner.py:245} INFO - ::endgroup::
