[2024-09-13T16:35:22.761+0000] {local_task_job_runner.py:123} INFO - ::group::Pre task execution logs
[2024-09-13T16:35:22.845+0000] {taskinstance.py:2612} INFO - Dependencies all met for dep_context=non-requeueable deps ti=<TaskInstance: spark_find_makers_dag.spark_submit_task scheduled__2024-09-12T00:00:00+00:00 [queued]>
[2024-09-13T16:35:22.885+0000] {taskinstance.py:2612} INFO - Dependencies all met for dep_context=requeueable deps ti=<TaskInstance: spark_find_makers_dag.spark_submit_task scheduled__2024-09-12T00:00:00+00:00 [queued]>
[2024-09-13T16:35:22.887+0000] {taskinstance.py:2865} INFO - Starting attempt 15 of 18
[2024-09-13T16:35:22.943+0000] {taskinstance.py:2888} INFO - Executing <Task(SparkSubmitOperator): spark_submit_task> on 2024-09-12 00:00:00+00:00
[2024-09-13T16:35:22.962+0000] {standard_task_runner.py:104} INFO - Running: ['***', 'tasks', 'run', 'spark_find_makers_dag', 'spark_submit_task', 'scheduled__2024-09-12T00:00:00+00:00', '--job-id', '657', '--raw', '--subdir', 'DAGS_FOLDER/spark_sql_dag.py', '--cfg-path', '/tmp/tmpe45nw9it']
[2024-09-13T16:35:22.971+0000] {standard_task_runner.py:105} INFO - Job 657: Subtask spark_submit_task
[2024-09-13T16:35:22.977+0000] {logging_mixin.py:190} WARNING - /home/***/.local/lib/python3.12/site-packages/***/task/task_runner/standard_task_runner.py:70 DeprecationWarning: This process (pid=1434) is multi-threaded, use of fork() may lead to deadlocks in the child.
[2024-09-13T16:35:22.979+0000] {standard_task_runner.py:72} INFO - Started process 1435 to run task
[2024-09-13T16:35:23.090+0000] {task_command.py:467} INFO - Running <TaskInstance: spark_find_makers_dag.spark_submit_task scheduled__2024-09-12T00:00:00+00:00 [running]> on host 0a6548a20a3d
[2024-09-13T16:35:23.296+0000] {taskinstance.py:3131} INFO - Exporting env vars: AIRFLOW_CTX_DAG_OWNER='Denis' AIRFLOW_CTX_DAG_ID='spark_find_makers_dag' AIRFLOW_CTX_TASK_ID='spark_submit_task' AIRFLOW_CTX_EXECUTION_DATE='2024-09-12T00:00:00+00:00' AIRFLOW_CTX_TRY_NUMBER='15' AIRFLOW_CTX_DAG_RUN_ID='scheduled__2024-09-12T00:00:00+00:00'
[2024-09-13T16:35:23.298+0000] {taskinstance.py:731} INFO - ::endgroup::
[2024-09-13T16:35:23.375+0000] {base.py:84} INFO - Retrieving connection 'spark_default'
[2024-09-13T16:35:23.378+0000] {spark_submit.py:403} INFO - Spark-Submit cmd: spark-submit --master spark://spark-master:7077 --conf spark.master=spark://spark-master:7077 --name arrow-spark --verbose --deploy-mode client /opt/***/dags/spark_job.py
[2024-09-13T16:35:28.650+0000] {spark_submit.py:579} INFO - Using properties file: null
[2024-09-13T16:35:29.077+0000] {spark_submit.py:579} INFO - Parsed arguments:
[2024-09-13T16:35:29.079+0000] {spark_submit.py:579} INFO - master                  spark://spark-master:7077
[2024-09-13T16:35:29.081+0000] {spark_submit.py:579} INFO - remote                  null
[2024-09-13T16:35:29.084+0000] {spark_submit.py:579} INFO - deployMode              client
[2024-09-13T16:35:29.086+0000] {spark_submit.py:579} INFO - executorMemory          null
[2024-09-13T16:35:29.087+0000] {spark_submit.py:579} INFO - executorCores           null
[2024-09-13T16:35:29.089+0000] {spark_submit.py:579} INFO - totalExecutorCores      null
[2024-09-13T16:35:29.092+0000] {spark_submit.py:579} INFO - propertiesFile          null
[2024-09-13T16:35:29.093+0000] {spark_submit.py:579} INFO - driverMemory            null
[2024-09-13T16:35:29.094+0000] {spark_submit.py:579} INFO - driverCores             null
[2024-09-13T16:35:29.096+0000] {spark_submit.py:579} INFO - driverExtraClassPath    null
[2024-09-13T16:35:29.100+0000] {spark_submit.py:579} INFO - driverExtraLibraryPath  null
[2024-09-13T16:35:29.102+0000] {spark_submit.py:579} INFO - driverExtraJavaOptions  null
[2024-09-13T16:35:29.103+0000] {spark_submit.py:579} INFO - supervise               false
[2024-09-13T16:35:29.105+0000] {spark_submit.py:579} INFO - queue                   null
[2024-09-13T16:35:29.107+0000] {spark_submit.py:579} INFO - numExecutors            null
[2024-09-13T16:35:29.109+0000] {spark_submit.py:579} INFO - files                   null
[2024-09-13T16:35:29.111+0000] {spark_submit.py:579} INFO - pyFiles                 null
[2024-09-13T16:35:29.112+0000] {spark_submit.py:579} INFO - archives                null
[2024-09-13T16:35:29.115+0000] {spark_submit.py:579} INFO - mainClass               null
[2024-09-13T16:35:29.117+0000] {spark_submit.py:579} INFO - primaryResource         file:/opt/***/dags/spark_job.py
[2024-09-13T16:35:29.119+0000] {spark_submit.py:579} INFO - name                    arrow-spark
[2024-09-13T16:35:29.121+0000] {spark_submit.py:579} INFO - childArgs               []
[2024-09-13T16:35:29.122+0000] {spark_submit.py:579} INFO - jars                    null
[2024-09-13T16:35:29.126+0000] {spark_submit.py:579} INFO - packages                null
[2024-09-13T16:35:29.127+0000] {spark_submit.py:579} INFO - packagesExclusions      null
[2024-09-13T16:35:29.128+0000] {spark_submit.py:579} INFO - repositories            null
[2024-09-13T16:35:29.133+0000] {spark_submit.py:579} INFO - verbose                 true
[2024-09-13T16:35:29.135+0000] {spark_submit.py:579} INFO - 
[2024-09-13T16:35:29.137+0000] {spark_submit.py:579} INFO - Spark properties used, including those specified through
[2024-09-13T16:35:29.138+0000] {spark_submit.py:579} INFO - --conf and those from the properties file null:
[2024-09-13T16:35:29.140+0000] {spark_submit.py:579} INFO - (spark.master,spark://spark-master:7077)
[2024-09-13T16:35:29.143+0000] {spark_submit.py:579} INFO - 
[2024-09-13T16:35:29.145+0000] {spark_submit.py:579} INFO - 
[2024-09-13T16:35:30.320+0000] {spark_submit.py:579} INFO - Main class:
[2024-09-13T16:35:30.322+0000] {spark_submit.py:579} INFO - org.apache.spark.deploy.PythonRunner
[2024-09-13T16:35:30.324+0000] {spark_submit.py:579} INFO - Arguments:
[2024-09-13T16:35:30.326+0000] {spark_submit.py:579} INFO - file:/opt/***/dags/spark_job.py
[2024-09-13T16:35:30.338+0000] {spark_submit.py:579} INFO - null
[2024-09-13T16:35:30.342+0000] {spark_submit.py:579} INFO - Spark config:
[2024-09-13T16:35:30.345+0000] {spark_submit.py:579} INFO - (spark.app.name,arrow-spark)
[2024-09-13T16:35:30.349+0000] {spark_submit.py:579} INFO - (spark.app.submitTime,1726245330164)
[2024-09-13T16:35:30.350+0000] {spark_submit.py:579} INFO - (spark.master,spark://spark-master:7077)
[2024-09-13T16:35:30.353+0000] {spark_submit.py:579} INFO - (spark.submit.deployMode,client)
[2024-09-13T16:35:30.355+0000] {spark_submit.py:579} INFO - (spark.submit.pyFiles,)
[2024-09-13T16:35:30.356+0000] {spark_submit.py:579} INFO - Classpath elements:
[2024-09-13T16:35:30.358+0000] {spark_submit.py:579} INFO - 
[2024-09-13T16:35:30.361+0000] {spark_submit.py:579} INFO - 
[2024-09-13T16:35:30.365+0000] {spark_submit.py:579} INFO - 
[2024-09-13T16:35:32.556+0000] {spark_submit.py:579} INFO - 24/09/13 16:35:32 INFO SparkContext: Running Spark version 3.5.2
[2024-09-13T16:35:32.568+0000] {spark_submit.py:579} INFO - 24/09/13 16:35:32 INFO SparkContext: OS info Linux, 5.15.153.1-microsoft-standard-WSL2, amd64
[2024-09-13T16:35:32.570+0000] {spark_submit.py:579} INFO - 24/09/13 16:35:32 INFO SparkContext: Java version 17.0.12
[2024-09-13T16:35:32.715+0000] {spark_submit.py:579} INFO - 24/09/13 16:35:32 WARN NativeCodeLoader: Unable to load native-hadoop library for your platform... using builtin-java classes where applicable
[2024-09-13T16:35:32.937+0000] {spark_submit.py:579} INFO - 24/09/13 16:35:32 INFO ResourceUtils: ==============================================================
[2024-09-13T16:35:32.938+0000] {spark_submit.py:579} INFO - 24/09/13 16:35:32 INFO ResourceUtils: No custom resources configured for spark.driver.
[2024-09-13T16:35:32.940+0000] {spark_submit.py:579} INFO - 24/09/13 16:35:32 INFO ResourceUtils: ==============================================================
[2024-09-13T16:35:32.941+0000] {spark_submit.py:579} INFO - 24/09/13 16:35:32 INFO SparkContext: Submitted application: SparkJob
[2024-09-13T16:35:33.000+0000] {spark_submit.py:579} INFO - 24/09/13 16:35:32 INFO ResourceProfile: Default ResourceProfile created, executor resources: Map(cores -> name: cores, amount: 1, script: , vendor: , memory -> name: memory, amount: 1024, script: , vendor: , offHeap -> name: offHeap, amount: 0, script: , vendor: ), task resources: Map(cpus -> name: cpus, amount: 1.0)
[2024-09-13T16:35:33.023+0000] {spark_submit.py:579} INFO - 24/09/13 16:35:33 INFO ResourceProfile: Limiting resource is cpu
[2024-09-13T16:35:33.025+0000] {spark_submit.py:579} INFO - 24/09/13 16:35:33 INFO ResourceProfileManager: Added ResourceProfile id: 0
[2024-09-13T16:35:33.236+0000] {spark_submit.py:579} INFO - 24/09/13 16:35:33 INFO SecurityManager: Changing view acls to: ***
[2024-09-13T16:35:33.238+0000] {spark_submit.py:579} INFO - 24/09/13 16:35:33 INFO SecurityManager: Changing modify acls to: ***
[2024-09-13T16:35:33.241+0000] {spark_submit.py:579} INFO - 24/09/13 16:35:33 INFO SecurityManager: Changing view acls groups to:
[2024-09-13T16:35:33.246+0000] {spark_submit.py:579} INFO - 24/09/13 16:35:33 INFO SecurityManager: Changing modify acls groups to:
[2024-09-13T16:35:33.249+0000] {spark_submit.py:579} INFO - 24/09/13 16:35:33 INFO SecurityManager: SecurityManager: authentication disabled; ui acls disabled; users with view permissions: ***; groups with view permissions: EMPTY; users with modify permissions: ***; groups with modify permissions: EMPTY
[2024-09-13T16:35:33.916+0000] {spark_submit.py:579} INFO - 24/09/13 16:35:33 INFO Utils: Successfully started service 'sparkDriver' on port 36647.
[2024-09-13T16:35:34.042+0000] {spark_submit.py:579} INFO - 24/09/13 16:35:34 INFO SparkEnv: Registering MapOutputTracker
[2024-09-13T16:35:34.135+0000] {spark_submit.py:579} INFO - 24/09/13 16:35:34 INFO SparkEnv: Registering BlockManagerMaster
[2024-09-13T16:35:34.169+0000] {spark_submit.py:579} INFO - 24/09/13 16:35:34 INFO BlockManagerMasterEndpoint: Using org.apache.spark.storage.DefaultTopologyMapper for getting topology information
[2024-09-13T16:35:34.171+0000] {spark_submit.py:579} INFO - 24/09/13 16:35:34 INFO BlockManagerMasterEndpoint: BlockManagerMasterEndpoint up
[2024-09-13T16:35:34.182+0000] {spark_submit.py:579} INFO - 24/09/13 16:35:34 INFO SparkEnv: Registering BlockManagerMasterHeartbeat
[2024-09-13T16:35:34.247+0000] {spark_submit.py:579} INFO - 24/09/13 16:35:34 INFO DiskBlockManager: Created local directory at /tmp/blockmgr-4b668d3d-6740-447d-82f3-1d8410d08783
[2024-09-13T16:35:34.289+0000] {spark_submit.py:579} INFO - 24/09/13 16:35:34 INFO MemoryStore: MemoryStore started with capacity 434.4 MiB
[2024-09-13T16:35:34.332+0000] {spark_submit.py:579} INFO - 24/09/13 16:35:34 INFO SparkEnv: Registering OutputCommitCoordinator
[2024-09-13T16:35:34.623+0000] {spark_submit.py:579} INFO - 24/09/13 16:35:34 INFO JettyUtils: Start Jetty 0.0.0.0:4040 for SparkUI
[2024-09-13T16:35:34.756+0000] {spark_submit.py:579} INFO - 24/09/13 16:35:34 INFO Utils: Successfully started service 'SparkUI' on port 4040.
[2024-09-13T16:35:35.008+0000] {spark_submit.py:579} INFO - 24/09/13 16:35:35 INFO Executor: Starting executor ID driver on host 0a6548a20a3d
[2024-09-13T16:35:35.010+0000] {spark_submit.py:579} INFO - 24/09/13 16:35:35 INFO Executor: OS info Linux, 5.15.153.1-microsoft-standard-WSL2, amd64
[2024-09-13T16:35:35.011+0000] {spark_submit.py:579} INFO - 24/09/13 16:35:35 INFO Executor: Java version 17.0.12
[2024-09-13T16:35:35.035+0000] {spark_submit.py:579} INFO - 24/09/13 16:35:35 INFO Executor: Starting executor with user classpath (userClassPathFirst = false): ''
[2024-09-13T16:35:35.037+0000] {spark_submit.py:579} INFO - 24/09/13 16:35:35 INFO Executor: Created or updated repl class loader org.apache.spark.util.MutableURLClassLoader@33712d7b for default.
[2024-09-13T16:35:35.092+0000] {spark_submit.py:579} INFO - 24/09/13 16:35:35 INFO Utils: Successfully started service 'org.apache.spark.network.netty.NettyBlockTransferService' on port 39719.
[2024-09-13T16:35:35.094+0000] {spark_submit.py:579} INFO - 24/09/13 16:35:35 INFO NettyBlockTransferService: Server created on 0a6548a20a3d:39719
[2024-09-13T16:35:35.098+0000] {spark_submit.py:579} INFO - 24/09/13 16:35:35 INFO BlockManager: Using org.apache.spark.storage.RandomBlockReplicationPolicy for block replication policy
[2024-09-13T16:35:35.114+0000] {spark_submit.py:579} INFO - 24/09/13 16:35:35 INFO BlockManagerMaster: Registering BlockManager BlockManagerId(driver, 0a6548a20a3d, 39719, None)
[2024-09-13T16:35:35.122+0000] {spark_submit.py:579} INFO - 24/09/13 16:35:35 INFO BlockManagerMasterEndpoint: Registering block manager 0a6548a20a3d:39719 with 434.4 MiB RAM, BlockManagerId(driver, 0a6548a20a3d, 39719, None)
[2024-09-13T16:35:35.129+0000] {spark_submit.py:579} INFO - 24/09/13 16:35:35 INFO BlockManagerMaster: Registered BlockManager BlockManagerId(driver, 0a6548a20a3d, 39719, None)
[2024-09-13T16:35:35.132+0000] {spark_submit.py:579} INFO - 24/09/13 16:35:35 INFO BlockManager: Initialized BlockManager: BlockManagerId(driver, 0a6548a20a3d, 39719, None)
[2024-09-13T16:35:36.830+0000] {spark_submit.py:579} INFO - 24/09/13 16:35:36 INFO SharedState: Setting hive.metastore.warehouse.dir ('null') to the value of spark.sql.warehouse.dir.
[2024-09-13T16:35:36.849+0000] {spark_submit.py:579} INFO - 24/09/13 16:35:36 INFO SharedState: Warehouse path is 'file:/user/hive/warehouse'.
[2024-09-13T16:35:39.280+0000] {spark_submit.py:579} INFO - 24/09/13 16:35:39 INFO InMemoryFileIndex: It took 141 ms to list leaf files for 1 paths.
[2024-09-13T16:35:42.446+0000] {spark_submit.py:579} INFO - 24/09/13 16:35:42 INFO InMemoryFileIndex: It took 5 ms to list leaf files for 1 paths.
[2024-09-13T16:35:43.155+0000] {spark_submit.py:579} INFO - Тип данной таблицы -  <class 'pyspark.sql.dataframe.DataFrame'>
[2024-09-13T16:35:43.276+0000] {spark_submit.py:579} INFO - 24/09/13 16:35:43 INFO HiveConf: Found configuration file null
[2024-09-13T16:35:43.307+0000] {spark_submit.py:579} INFO - 24/09/13 16:35:43 INFO HiveUtils: Initializing HiveMetastoreConnection version 2.3.9 using Spark classes.
[2024-09-13T16:35:43.806+0000] {spark_submit.py:579} INFO - 24/09/13 16:35:43 INFO HiveClientImpl: Warehouse location for Hive client (version 2.3.9) is file:/user/hive/warehouse
[2024-09-13T16:35:44.091+0000] {spark_submit.py:579} INFO - 24/09/13 16:35:44 WARN HiveConf: HiveConf of name hive.stats.jdbc.timeout does not exist
[2024-09-13T16:35:44.093+0000] {spark_submit.py:579} INFO - 24/09/13 16:35:44 WARN HiveConf: HiveConf of name hive.stats.retries.wait does not exist
[2024-09-13T16:35:44.094+0000] {spark_submit.py:579} INFO - 24/09/13 16:35:44 INFO HiveMetaStore: 0: Opening raw store with implementation class:org.apache.hadoop.hive.metastore.ObjectStore
[2024-09-13T16:35:44.176+0000] {spark_submit.py:579} INFO - 24/09/13 16:35:44 INFO ObjectStore: ObjectStore, initialize called
[2024-09-13T16:35:44.628+0000] {spark_submit.py:579} INFO - 24/09/13 16:35:44 INFO Persistence: Property hive.metastore.integral.jdo.pushdown unknown - will be ignored
[2024-09-13T16:35:44.630+0000] {spark_submit.py:579} INFO - 24/09/13 16:35:44 INFO Persistence: Property datanucleus.cache.level2 unknown - will be ignored
[2024-09-13T16:35:46.976+0000] {spark_submit.py:579} INFO - 24/09/13 16:35:46 INFO ObjectStore: Setting MetaStore object pin classes with hive.metastore.cache.pinobjtypes="Table,StorageDescriptor,SerDeInfo,Partition,Database,Type,FieldSchema,Order"
[2024-09-13T16:35:49.931+0000] {spark_submit.py:579} INFO - 24/09/13 16:35:49 INFO MetaStoreDirectSql: Using direct SQL, underlying DB is DERBY
[2024-09-13T16:35:49.954+0000] {spark_submit.py:579} INFO - 24/09/13 16:35:49 INFO ObjectStore: Initialized ObjectStore
[2024-09-13T16:35:50.330+0000] {spark_submit.py:579} INFO - 24/09/13 16:35:50 WARN ObjectStore: Version information not found in metastore. hive.metastore.schema.verification is not enabled so recording the schema version 2.3.0
[2024-09-13T16:35:50.331+0000] {spark_submit.py:579} INFO - 24/09/13 16:35:50 WARN ObjectStore: setMetaStoreSchemaVersion called but recording version is disabled: version = 2.3.0, comment = Set by MetaStore UNKNOWN@172.18.0.16
[2024-09-13T16:35:50.556+0000] {spark_submit.py:579} INFO - 24/09/13 16:35:50 INFO HiveMetaStore: Added admin role in metastore
[2024-09-13T16:35:50.562+0000] {spark_submit.py:579} INFO - 24/09/13 16:35:50 INFO HiveMetaStore: Added public role in metastore
[2024-09-13T16:35:50.692+0000] {spark_submit.py:579} INFO - 24/09/13 16:35:50 INFO HiveMetaStore: No user is added in admin role, since config is empty
[2024-09-13T16:35:50.863+0000] {spark_submit.py:579} INFO - 24/09/13 16:35:50 INFO HiveMetaStore: 0: get_database: default
[2024-09-13T16:35:50.866+0000] {spark_submit.py:579} INFO - 24/09/13 16:35:50 INFO audit: ugi=***	ip=unknown-ip-addr	cmd=get_database: default
[2024-09-13T16:35:50.874+0000] {spark_submit.py:579} INFO - 24/09/13 16:35:50 INFO HiveMetaStore: 0: get_database: default
[2024-09-13T16:35:50.876+0000] {spark_submit.py:579} INFO - 24/09/13 16:35:50 INFO audit: ugi=***	ip=unknown-ip-addr	cmd=get_database: default
[2024-09-13T16:35:50.971+0000] {spark_submit.py:579} INFO - 24/09/13 16:35:50 INFO HiveMetaStore: 0: get_database: global_temp
[2024-09-13T16:35:50.974+0000] {spark_submit.py:579} INFO - 24/09/13 16:35:50 INFO audit: ugi=***	ip=unknown-ip-addr	cmd=get_database: global_temp
[2024-09-13T16:35:50.977+0000] {spark_submit.py:579} INFO - 24/09/13 16:35:50 WARN ObjectStore: Failed to get database global_temp, returning NoSuchObjectException
[2024-09-13T16:35:50.981+0000] {spark_submit.py:579} INFO - 24/09/13 16:35:50 INFO HiveMetaStore: 0: get_database: default
[2024-09-13T16:35:50.983+0000] {spark_submit.py:579} INFO - 24/09/13 16:35:50 INFO audit: ugi=***	ip=unknown-ip-addr	cmd=get_database: default
[2024-09-13T16:35:50.992+0000] {spark_submit.py:579} INFO - 24/09/13 16:35:50 INFO HiveMetaStore: 0: get_database: default
[2024-09-13T16:35:50.995+0000] {spark_submit.py:579} INFO - 24/09/13 16:35:50 INFO audit: ugi=***	ip=unknown-ip-addr	cmd=get_database: default
[2024-09-13T16:35:51.005+0000] {spark_submit.py:579} INFO - 24/09/13 16:35:51 INFO HiveMetaStore: 0: get_tables: db=default pat=*
[2024-09-13T16:35:51.006+0000] {spark_submit.py:579} INFO - 24/09/13 16:35:51 INFO audit: ugi=***	ip=unknown-ip-addr	cmd=get_tables: db=default pat=*
[2024-09-13T16:35:55.214+0000] {spark_submit.py:579} INFO - 24/09/13 16:35:55 INFO CodeGenerator: Code generated in 936.581945 ms
[2024-09-13T16:35:56.374+0000] {spark_submit.py:579} INFO - 24/09/13 16:35:56 INFO CodeGenerator: Code generated in 26.157332 ms
[2024-09-13T16:35:57.143+0000] {spark_submit.py:579} INFO - 24/09/13 16:35:57 INFO SparkContext: Starting job: listTables at NativeMethodAccessorImpl.java:0
[2024-09-13T16:35:57.206+0000] {spark_submit.py:579} INFO - 24/09/13 16:35:57 INFO DAGScheduler: Got job 0 (listTables at NativeMethodAccessorImpl.java:0) with 2 output partitions
[2024-09-13T16:35:57.208+0000] {spark_submit.py:579} INFO - 24/09/13 16:35:57 INFO DAGScheduler: Final stage: ResultStage 0 (listTables at NativeMethodAccessorImpl.java:0)
[2024-09-13T16:35:57.210+0000] {spark_submit.py:579} INFO - 24/09/13 16:35:57 INFO DAGScheduler: Parents of final stage: List()
[2024-09-13T16:35:57.215+0000] {spark_submit.py:579} INFO - 24/09/13 16:35:57 INFO DAGScheduler: Missing parents: List()
[2024-09-13T16:35:57.243+0000] {spark_submit.py:579} INFO - 24/09/13 16:35:57 INFO DAGScheduler: Submitting ResultStage 0 (SQLExecutionRDD[2] at listTables at NativeMethodAccessorImpl.java:0), which has no missing parents
[2024-09-13T16:35:57.552+0000] {spark_submit.py:579} INFO - 24/09/13 16:35:57 INFO MemoryStore: Block broadcast_0 stored as values in memory (estimated size 7.3 KiB, free 434.4 MiB)
[2024-09-13T16:35:57.812+0000] {spark_submit.py:579} INFO - 24/09/13 16:35:57 INFO MemoryStore: Block broadcast_0_piece0 stored as bytes in memory (estimated size 3.5 KiB, free 434.4 MiB)
[2024-09-13T16:35:57.822+0000] {spark_submit.py:579} INFO - 24/09/13 16:35:57 INFO BlockManagerInfo: Added broadcast_0_piece0 in memory on 0a6548a20a3d:39719 (size: 3.5 KiB, free: 434.4 MiB)
[2024-09-13T16:35:57.839+0000] {spark_submit.py:579} INFO - 24/09/13 16:35:57 INFO SparkContext: Created broadcast 0 from broadcast at DAGScheduler.scala:1585
[2024-09-13T16:35:57.923+0000] {spark_submit.py:579} INFO - 24/09/13 16:35:57 INFO DAGScheduler: Submitting 2 missing tasks from ResultStage 0 (SQLExecutionRDD[2] at listTables at NativeMethodAccessorImpl.java:0) (first 15 tasks are for partitions Vector(0, 1))
[2024-09-13T16:35:57.927+0000] {spark_submit.py:579} INFO - 24/09/13 16:35:57 INFO TaskSchedulerImpl: Adding task set 0.0 with 2 tasks resource profile 0
[2024-09-13T16:35:58.075+0000] {spark_submit.py:579} INFO - 24/09/13 16:35:58 INFO TaskSetManager: Starting task 0.0 in stage 0.0 (TID 0) (0a6548a20a3d, executor driver, partition 0, PROCESS_LOCAL, 9195 bytes)
[2024-09-13T16:35:58.086+0000] {spark_submit.py:579} INFO - 24/09/13 16:35:58 INFO TaskSetManager: Starting task 1.0 in stage 0.0 (TID 1) (0a6548a20a3d, executor driver, partition 1, PROCESS_LOCAL, 9195 bytes)
[2024-09-13T16:35:58.115+0000] {spark_submit.py:579} INFO - 24/09/13 16:35:58 INFO Executor: Running task 1.0 in stage 0.0 (TID 1)
[2024-09-13T16:35:58.117+0000] {spark_submit.py:579} INFO - 24/09/13 16:35:58 INFO Executor: Running task 0.0 in stage 0.0 (TID 0)
[2024-09-13T16:35:58.437+0000] {spark_submit.py:579} INFO - 24/09/13 16:35:58 INFO Executor: Finished task 1.0 in stage 0.0 (TID 1). 1404 bytes result sent to driver
[2024-09-13T16:35:58.440+0000] {spark_submit.py:579} INFO - 24/09/13 16:35:58 INFO Executor: Finished task 0.0 in stage 0.0 (TID 0). 1404 bytes result sent to driver
[2024-09-13T16:35:58.469+0000] {spark_submit.py:579} INFO - 24/09/13 16:35:58 INFO TaskSetManager: Finished task 1.0 in stage 0.0 (TID 1) in 382 ms on 0a6548a20a3d (executor driver) (1/2)
[2024-09-13T16:35:58.474+0000] {spark_submit.py:579} INFO - 24/09/13 16:35:58 INFO TaskSetManager: Finished task 0.0 in stage 0.0 (TID 0) in 453 ms on 0a6548a20a3d (executor driver) (2/2)
[2024-09-13T16:35:58.478+0000] {spark_submit.py:579} INFO - 24/09/13 16:35:58 INFO TaskSchedulerImpl: Removed TaskSet 0.0, whose tasks have all completed, from pool
[2024-09-13T16:35:58.501+0000] {spark_submit.py:579} INFO - 24/09/13 16:35:58 INFO DAGScheduler: ResultStage 0 (listTables at NativeMethodAccessorImpl.java:0) finished in 1.191 s
[2024-09-13T16:35:58.511+0000] {spark_submit.py:579} INFO - 24/09/13 16:35:58 INFO DAGScheduler: Job 0 is finished. Cancelling potential speculative or zombie tasks for this job
[2024-09-13T16:35:58.513+0000] {spark_submit.py:579} INFO - 24/09/13 16:35:58 INFO TaskSchedulerImpl: Killing all running tasks in stage 0: Stage finished
[2024-09-13T16:35:58.519+0000] {spark_submit.py:579} INFO - 24/09/13 16:35:58 INFO DAGScheduler: Job 0 finished: listTables at NativeMethodAccessorImpl.java:0, took 1.374791 s
[2024-09-13T16:35:59.382+0000] {spark_submit.py:579} INFO - 24/09/13 16:35:59 INFO CodeGenerator: Code generated in 106.678423 ms
[2024-09-13T16:35:59.739+0000] {spark_submit.py:579} INFO - 24/09/13 16:35:59 INFO CodeGenerator: Code generated in 36.74061 ms
[2024-09-13T16:35:59.755+0000] {spark_submit.py:579} INFO - 24/09/13 16:35:59 INFO SparkContext: Starting job: hasNext at NativeMethodAccessorImpl.java:0
[2024-09-13T16:35:59.760+0000] {spark_submit.py:579} INFO - 24/09/13 16:35:59 INFO DAGScheduler: Got job 1 (hasNext at NativeMethodAccessorImpl.java:0) with 1 output partitions
[2024-09-13T16:35:59.769+0000] {spark_submit.py:579} INFO - 24/09/13 16:35:59 INFO DAGScheduler: Final stage: ResultStage 1 (hasNext at NativeMethodAccessorImpl.java:0)
[2024-09-13T16:35:59.776+0000] {spark_submit.py:579} INFO - 24/09/13 16:35:59 INFO DAGScheduler: Parents of final stage: List()
[2024-09-13T16:35:59.779+0000] {spark_submit.py:579} INFO - 24/09/13 16:35:59 INFO DAGScheduler: Missing parents: List()
[2024-09-13T16:35:59.782+0000] {spark_submit.py:579} INFO - 24/09/13 16:35:59 INFO DAGScheduler: Submitting ResultStage 1 (MapPartitionsRDD[6] at toLocalIterator at NativeMethodAccessorImpl.java:0), which has no missing parents
[2024-09-13T16:35:59.784+0000] {spark_submit.py:579} INFO - 24/09/13 16:35:59 INFO MemoryStore: Block broadcast_1 stored as values in memory (estimated size 5.5 KiB, free 434.4 MiB)
[2024-09-13T16:35:59.785+0000] {spark_submit.py:579} INFO - 24/09/13 16:35:59 INFO MemoryStore: Block broadcast_1_piece0 stored as bytes in memory (estimated size 3.0 KiB, free 434.4 MiB)
[2024-09-13T16:35:59.798+0000] {spark_submit.py:579} INFO - 24/09/13 16:35:59 INFO BlockManagerInfo: Added broadcast_1_piece0 in memory on 0a6548a20a3d:39719 (size: 3.0 KiB, free: 434.4 MiB)
[2024-09-13T16:35:59.799+0000] {spark_submit.py:579} INFO - 24/09/13 16:35:59 INFO SparkContext: Created broadcast 1 from broadcast at DAGScheduler.scala:1585
[2024-09-13T16:35:59.801+0000] {spark_submit.py:579} INFO - 24/09/13 16:35:59 INFO DAGScheduler: Submitting 1 missing tasks from ResultStage 1 (MapPartitionsRDD[6] at toLocalIterator at NativeMethodAccessorImpl.java:0) (first 15 tasks are for partitions Vector(0))
[2024-09-13T16:35:59.803+0000] {spark_submit.py:579} INFO - 24/09/13 16:35:59 INFO TaskSchedulerImpl: Adding task set 1.0 with 1 tasks resource profile 0
[2024-09-13T16:35:59.805+0000] {spark_submit.py:579} INFO - 24/09/13 16:35:59 INFO TaskSetManager: Starting task 0.0 in stage 1.0 (TID 2) (0a6548a20a3d, executor driver, partition 0, PROCESS_LOCAL, 9243 bytes)
[2024-09-13T16:35:59.807+0000] {spark_submit.py:579} INFO - 24/09/13 16:35:59 INFO Executor: Running task 0.0 in stage 1.0 (TID 2)
[2024-09-13T16:35:59.850+0000] {spark_submit.py:579} INFO - 24/09/13 16:35:59 INFO Executor: Finished task 0.0 in stage 1.0 (TID 2). 1373 bytes result sent to driver
[2024-09-13T16:35:59.865+0000] {spark_submit.py:579} INFO - 24/09/13 16:35:59 INFO TaskSetManager: Finished task 0.0 in stage 1.0 (TID 2) in 153 ms on 0a6548a20a3d (executor driver) (1/1)
[2024-09-13T16:35:59.868+0000] {spark_submit.py:579} INFO - 24/09/13 16:35:59 INFO TaskSchedulerImpl: Removed TaskSet 1.0, whose tasks have all completed, from pool
[2024-09-13T16:35:59.877+0000] {spark_submit.py:579} INFO - 24/09/13 16:35:59 INFO DAGScheduler: ResultStage 1 (hasNext at NativeMethodAccessorImpl.java:0) finished in 0.209 s
[2024-09-13T16:35:59.878+0000] {spark_submit.py:579} INFO - 24/09/13 16:35:59 INFO DAGScheduler: Job 1 is finished. Cancelling potential speculative or zombie tasks for this job
[2024-09-13T16:35:59.880+0000] {spark_submit.py:579} INFO - 24/09/13 16:35:59 INFO TaskSchedulerImpl: Killing all running tasks in stage 1: Stage finished
[2024-09-13T16:35:59.882+0000] {spark_submit.py:579} INFO - 24/09/13 16:35:59 INFO DAGScheduler: Job 1 finished: hasNext at NativeMethodAccessorImpl.java:0, took 0.225193 s
[2024-09-13T16:35:59.964+0000] {spark_submit.py:579} INFO - 24/09/13 16:35:59 INFO BlockManagerInfo: Removed broadcast_0_piece0 on 0a6548a20a3d:39719 in memory (size: 3.5 KiB, free: 434.4 MiB)
[2024-09-13T16:36:00.084+0000] {spark_submit.py:579} INFO - 24/09/13 16:36:00 INFO CodeGenerator: Code generated in 82.96722 ms
[2024-09-13T16:36:00.131+0000] {spark_submit.py:579} INFO - 24/09/13 16:36:00 INFO SparkContext: Starting job: hasNext at NativeMethodAccessorImpl.java:0
[2024-09-13T16:36:00.135+0000] {spark_submit.py:579} INFO - 24/09/13 16:36:00 INFO DAGScheduler: Got job 2 (hasNext at NativeMethodAccessorImpl.java:0) with 1 output partitions
[2024-09-13T16:36:00.136+0000] {spark_submit.py:579} INFO - 24/09/13 16:36:00 INFO DAGScheduler: Final stage: ResultStage 2 (hasNext at NativeMethodAccessorImpl.java:0)
[2024-09-13T16:36:00.138+0000] {spark_submit.py:579} INFO - 24/09/13 16:36:00 INFO DAGScheduler: Parents of final stage: List()
[2024-09-13T16:36:00.140+0000] {spark_submit.py:579} INFO - 24/09/13 16:36:00 INFO DAGScheduler: Missing parents: List()
[2024-09-13T16:36:00.142+0000] {spark_submit.py:579} INFO - 24/09/13 16:36:00 INFO DAGScheduler: Submitting ResultStage 2 (MapPartitionsRDD[6] at toLocalIterator at NativeMethodAccessorImpl.java:0), which has no missing parents
[2024-09-13T16:36:00.148+0000] {spark_submit.py:579} INFO - 24/09/13 16:36:00 INFO MemoryStore: Block broadcast_2 stored as values in memory (estimated size 5.5 KiB, free 434.4 MiB)
[2024-09-13T16:36:00.171+0000] {spark_submit.py:579} INFO - 24/09/13 16:36:00 INFO MemoryStore: Block broadcast_2_piece0 stored as bytes in memory (estimated size 3.0 KiB, free 434.4 MiB)
[2024-09-13T16:36:00.180+0000] {spark_submit.py:579} INFO - 24/09/13 16:36:00 INFO BlockManagerInfo: Added broadcast_2_piece0 in memory on 0a6548a20a3d:39719 (size: 3.0 KiB, free: 434.4 MiB)
[2024-09-13T16:36:00.182+0000] {spark_submit.py:579} INFO - 24/09/13 16:36:00 INFO SparkContext: Created broadcast 2 from broadcast at DAGScheduler.scala:1585
[2024-09-13T16:36:00.184+0000] {spark_submit.py:579} INFO - 24/09/13 16:36:00 INFO BlockManagerInfo: Removed broadcast_1_piece0 on 0a6548a20a3d:39719 in memory (size: 3.0 KiB, free: 434.4 MiB)
[2024-09-13T16:36:00.187+0000] {spark_submit.py:579} INFO - 24/09/13 16:36:00 INFO DAGScheduler: Submitting 1 missing tasks from ResultStage 2 (MapPartitionsRDD[6] at toLocalIterator at NativeMethodAccessorImpl.java:0) (first 15 tasks are for partitions Vector(1))
[2024-09-13T16:36:00.189+0000] {spark_submit.py:579} INFO - 24/09/13 16:36:00 INFO TaskSchedulerImpl: Adding task set 2.0 with 1 tasks resource profile 0
[2024-09-13T16:36:00.196+0000] {spark_submit.py:579} INFO - 24/09/13 16:36:00 INFO TaskSetManager: Starting task 0.0 in stage 2.0 (TID 3) (0a6548a20a3d, executor driver, partition 1, PROCESS_LOCAL, 9243 bytes)
[2024-09-13T16:36:00.199+0000] {spark_submit.py:579} INFO - 24/09/13 16:36:00 INFO Executor: Running task 0.0 in stage 2.0 (TID 3)
[2024-09-13T16:36:00.228+0000] {spark_submit.py:579} INFO - 24/09/13 16:36:00 INFO Executor: Finished task 0.0 in stage 2.0 (TID 3). 1377 bytes result sent to driver
[2024-09-13T16:36:00.236+0000] {spark_submit.py:579} INFO - 24/09/13 16:36:00 INFO TaskSetManager: Finished task 0.0 in stage 2.0 (TID 3) in 42 ms on 0a6548a20a3d (executor driver) (1/1)
[2024-09-13T16:36:00.239+0000] {spark_submit.py:579} INFO - 24/09/13 16:36:00 INFO TaskSchedulerImpl: Removed TaskSet 2.0, whose tasks have all completed, from pool
[2024-09-13T16:36:00.241+0000] {spark_submit.py:579} INFO - 24/09/13 16:36:00 INFO DAGScheduler: ResultStage 2 (hasNext at NativeMethodAccessorImpl.java:0) finished in 0.097 s
[2024-09-13T16:36:00.243+0000] {spark_submit.py:579} INFO - 24/09/13 16:36:00 INFO DAGScheduler: Job 2 is finished. Cancelling potential speculative or zombie tasks for this job
[2024-09-13T16:36:00.244+0000] {spark_submit.py:579} INFO - 24/09/13 16:36:00 INFO TaskSchedulerImpl: Killing all running tasks in stage 2: Stage finished
[2024-09-13T16:36:00.246+0000] {spark_submit.py:579} INFO - 24/09/13 16:36:00 INFO DAGScheduler: Job 2 finished: hasNext at NativeMethodAccessorImpl.java:0, took 0.111997 s
[2024-09-13T16:36:00.253+0000] {spark_submit.py:579} INFO - Available tables: [Table(name='pc', catalog=None, namespace=[], description=None, tableType='TEMPORARY', isTemporary=True), Table(name='product', catalog=None, namespace=[], description=None, tableType='TEMPORARY', isTemporary=True)]
[2024-09-13T16:36:00.653+0000] {spark_submit.py:579} INFO - 24/09/13 16:36:00 INFO HiveMetaStore: 0: get_database: makers
[2024-09-13T16:36:00.655+0000] {spark_submit.py:579} INFO - 24/09/13 16:36:00 INFO audit: ugi=***	ip=unknown-ip-addr	cmd=get_database: makers
[2024-09-13T16:36:00.658+0000] {spark_submit.py:579} INFO - 24/09/13 16:36:00 WARN ObjectStore: Failed to get database makers, returning NoSuchObjectException
[2024-09-13T16:36:00.661+0000] {spark_submit.py:579} INFO - 24/09/13 16:36:00 INFO HiveMetaStore: 0: get_database: makers
[2024-09-13T16:36:00.662+0000] {spark_submit.py:579} INFO - 24/09/13 16:36:00 INFO audit: ugi=***	ip=unknown-ip-addr	cmd=get_database: makers
[2024-09-13T16:36:00.665+0000] {spark_submit.py:579} INFO - 24/09/13 16:36:00 WARN ObjectStore: Failed to get database makers, returning NoSuchObjectException
[2024-09-13T16:36:00.685+0000] {spark_submit.py:579} INFO - 24/09/13 16:36:00 INFO HiveMetaStore: 0: create_database: Database(name:makers, description:, locationUri:file:/user/hive/warehouse/makers.db, parameters:{}, ownerName:***)
[2024-09-13T16:36:00.687+0000] {spark_submit.py:579} INFO - 24/09/13 16:36:00 INFO audit: ugi=***	ip=unknown-ip-addr	cmd=create_database: Database(name:makers, description:, locationUri:file:/user/hive/warehouse/makers.db, parameters:{}, ownerName:***)
[2024-09-13T16:36:00.690+0000] {spark_submit.py:579} INFO - 24/09/13 16:36:00 WARN ObjectStore: Failed to get database makers, returning NoSuchObjectException
[2024-09-13T16:36:00.693+0000] {spark_submit.py:579} INFO - 24/09/13 16:36:00 INFO FileUtils: Creating directory if it doesn't exist: file:/user/hive/warehouse/makers.db
[2024-09-13T16:36:00.927+0000] {spark_submit.py:579} INFO - Traceback (most recent call last):
[2024-09-13T16:36:00.928+0000] {spark_submit.py:579} INFO - File "/opt/***/dags/spark_job.py", line 80, in <module>
[2024-09-13T16:36:00.932+0000] {spark_submit.py:579} INFO - spark.sql("CREATE DATABASE IF NOT EXISTS makers")
[2024-09-13T16:36:00.933+0000] {spark_submit.py:579} INFO - File "/home/***/.local/lib/python3.12/site-packages/pyspark/sql/session.py", line 1631, in sql
[2024-09-13T16:36:00.934+0000] {spark_submit.py:579} INFO - return DataFrame(self._jsparkSession.sql(sqlQuery, litArgs), self)
[2024-09-13T16:36:00.936+0000] {spark_submit.py:579} INFO - ^^^^^^^^^^^^^^^^^^^^^^^^^^^^^^^^^^^^^^^^^^
[2024-09-13T16:36:00.937+0000] {spark_submit.py:579} INFO - File "/home/***/.local/lib/python3.12/site-packages/py4j/java_gateway.py", line 1322, in __call__
[2024-09-13T16:36:00.939+0000] {spark_submit.py:579} INFO - return_value = get_return_value(
[2024-09-13T16:36:00.940+0000] {spark_submit.py:579} INFO - ^^^^^^^^^^^^^^^^^
[2024-09-13T16:36:00.941+0000] {spark_submit.py:579} INFO - File "/home/***/.local/lib/python3.12/site-packages/pyspark/errors/exceptions/captured.py", line 185, in deco
[2024-09-13T16:36:00.942+0000] {spark_submit.py:579} INFO - raise converted from None
[2024-09-13T16:36:00.950+0000] {spark_submit.py:579} INFO - pyspark.errors.exceptions.captured.AnalysisException: org.apache.hadoop.hive.ql.metadata.HiveException: MetaException(message:Unable to create database path file:/user/hive/warehouse/makers.db, failed to create database makers)
[2024-09-13T16:36:01.191+0000] {spark_submit.py:579} INFO - 24/09/13 16:36:01 INFO SparkContext: Invoking stop() from shutdown hook
[2024-09-13T16:36:01.193+0000] {spark_submit.py:579} INFO - 24/09/13 16:36:01 INFO SparkContext: SparkContext is stopping with exitCode 0.
[2024-09-13T16:36:01.237+0000] {spark_submit.py:579} INFO - 24/09/13 16:36:01 INFO SparkUI: Stopped Spark web UI at http://0a6548a20a3d:4040
[2024-09-13T16:36:01.282+0000] {spark_submit.py:579} INFO - 24/09/13 16:36:01 INFO MapOutputTrackerMasterEndpoint: MapOutputTrackerMasterEndpoint stopped!
[2024-09-13T16:36:01.334+0000] {spark_submit.py:579} INFO - 24/09/13 16:36:01 INFO MemoryStore: MemoryStore cleared
[2024-09-13T16:36:01.336+0000] {spark_submit.py:579} INFO - 24/09/13 16:36:01 INFO BlockManager: BlockManager stopped
[2024-09-13T16:36:01.343+0000] {spark_submit.py:579} INFO - 24/09/13 16:36:01 INFO BlockManagerMaster: BlockManagerMaster stopped
[2024-09-13T16:36:01.350+0000] {spark_submit.py:579} INFO - 24/09/13 16:36:01 INFO OutputCommitCoordinator$OutputCommitCoordinatorEndpoint: OutputCommitCoordinator stopped!
[2024-09-13T16:36:01.381+0000] {spark_submit.py:579} INFO - 24/09/13 16:36:01 INFO SparkContext: Successfully stopped SparkContext
[2024-09-13T16:36:01.383+0000] {spark_submit.py:579} INFO - 24/09/13 16:36:01 INFO ShutdownHookManager: Shutdown hook called
[2024-09-13T16:36:01.386+0000] {spark_submit.py:579} INFO - 24/09/13 16:36:01 INFO ShutdownHookManager: Deleting directory /tmp/spark-c5fcc671-0ae9-42ff-9028-2824386fcd9b
[2024-09-13T16:36:01.401+0000] {spark_submit.py:579} INFO - 24/09/13 16:36:01 INFO ShutdownHookManager: Deleting directory /tmp/spark-32f18184-d7c4-4f8d-b31b-3b9256aefea1/pyspark-b3494c39-db42-496e-87ec-a4aa9012be06
[2024-09-13T16:36:01.413+0000] {spark_submit.py:579} INFO - 24/09/13 16:36:01 INFO ShutdownHookManager: Deleting directory /tmp/spark-32f18184-d7c4-4f8d-b31b-3b9256aefea1
[2024-09-13T16:36:01.641+0000] {taskinstance.py:3310} ERROR - Task failed with exception
Traceback (most recent call last):
  File "/home/airflow/.local/lib/python3.12/site-packages/airflow/models/taskinstance.py", line 767, in _execute_task
    result = _execute_callable(context=context, **execute_callable_kwargs)
             ^^^^^^^^^^^^^^^^^^^^^^^^^^^^^^^^^^^^^^^^^^^^^^^^^^^^^^^^^^^^^
  File "/home/airflow/.local/lib/python3.12/site-packages/airflow/models/taskinstance.py", line 733, in _execute_callable
    return ExecutionCallableRunner(
           ^^^^^^^^^^^^^^^^^^^^^^^^
  File "/home/airflow/.local/lib/python3.12/site-packages/airflow/utils/operator_helpers.py", line 252, in run
    return self.func(*args, **kwargs)
           ^^^^^^^^^^^^^^^^^^^^^^^^^^
  File "/home/airflow/.local/lib/python3.12/site-packages/airflow/models/baseoperator.py", line 406, in wrapper
    return func(self, *args, **kwargs)
           ^^^^^^^^^^^^^^^^^^^^^^^^^^^
  File "/home/airflow/.local/lib/python3.12/site-packages/airflow/providers/apache/spark/operators/spark_submit.py", line 174, in execute
    self._hook.submit(self.application)
  File "/home/airflow/.local/lib/python3.12/site-packages/airflow/providers/apache/spark/hooks/spark_submit.py", line 505, in submit
    raise AirflowException(
airflow.exceptions.AirflowException: Cannot execute: spark-submit --master spark://spark-master:7077 --conf spark.master=spark://spark-master:7077 --name arrow-spark --verbose --deploy-mode client /opt/***/dags/spark_job.py. Error code is: 1.
[2024-09-13T16:36:01.673+0000] {taskinstance.py:1225} INFO - Marking task as UP_FOR_RETRY. dag_id=spark_find_makers_dag, task_id=spark_submit_task, run_id=scheduled__2024-09-12T00:00:00+00:00, execution_date=20240912T000000, start_date=20240913T163522, end_date=20240913T163601
[2024-09-13T16:36:01.723+0000] {taskinstance.py:340} INFO - ::group::Post task execution logs
[2024-09-13T16:36:01.728+0000] {standard_task_runner.py:124} ERROR - Failed to execute job 657 for task spark_submit_task (Cannot execute: spark-submit --master spark://spark-master:7077 --conf spark.master=spark://spark-master:7077 --name arrow-spark --verbose --deploy-mode client /opt/***/dags/spark_job.py. Error code is: 1.; 1435)
Traceback (most recent call last):
  File "/home/airflow/.local/lib/python3.12/site-packages/airflow/task/task_runner/standard_task_runner.py", line 117, in _start_by_fork
    ret = args.func(args, dag=self.dag)
          ^^^^^^^^^^^^^^^^^^^^^^^^^^^^^
  File "/home/airflow/.local/lib/python3.12/site-packages/airflow/cli/cli_config.py", line 49, in command
    return func(*args, **kwargs)
           ^^^^^^^^^^^^^^^^^^^^^
  File "/home/airflow/.local/lib/python3.12/site-packages/airflow/utils/cli.py", line 115, in wrapper
    return f(*args, **kwargs)
           ^^^^^^^^^^^^^^^^^^
  File "/home/airflow/.local/lib/python3.12/site-packages/airflow/cli/commands/task_command.py", line 483, in task_run
    task_return_code = _run_task_by_selected_method(args, _dag, ti)
                       ^^^^^^^^^^^^^^^^^^^^^^^^^^^^^^^^^^^^^^^^^^^^
  File "/home/airflow/.local/lib/python3.12/site-packages/airflow/cli/commands/task_command.py", line 256, in _run_task_by_selected_method
    return _run_raw_task(args, ti)
           ^^^^^^^^^^^^^^^^^^^^^^^
  File "/home/airflow/.local/lib/python3.12/site-packages/airflow/cli/commands/task_command.py", line 341, in _run_raw_task
    return ti._run_raw_task(
           ^^^^^^^^^^^^^^^^^
  File "/home/airflow/.local/lib/python3.12/site-packages/airflow/utils/session.py", line 97, in wrapper
    return func(*args, session=session, **kwargs)
           ^^^^^^^^^^^^^^^^^^^^^^^^^^^^^^^^^^^^^^
  File "/home/airflow/.local/lib/python3.12/site-packages/airflow/models/taskinstance.py", line 3004, in _run_raw_task
    return _run_raw_task(
           ^^^^^^^^^^^^^^
  File "/home/airflow/.local/lib/python3.12/site-packages/airflow/models/taskinstance.py", line 273, in _run_raw_task
    TaskInstance._execute_task_with_callbacks(
  File "/home/airflow/.local/lib/python3.12/site-packages/airflow/models/taskinstance.py", line 3158, in _execute_task_with_callbacks
    result = self._execute_task(context, task_orig)
             ^^^^^^^^^^^^^^^^^^^^^^^^^^^^^^^^^^^^^^
  File "/home/airflow/.local/lib/python3.12/site-packages/airflow/models/taskinstance.py", line 3182, in _execute_task
    return _execute_task(self, context, task_orig)
           ^^^^^^^^^^^^^^^^^^^^^^^^^^^^^^^^^^^^^^^
  File "/home/airflow/.local/lib/python3.12/site-packages/airflow/models/taskinstance.py", line 767, in _execute_task
    result = _execute_callable(context=context, **execute_callable_kwargs)
             ^^^^^^^^^^^^^^^^^^^^^^^^^^^^^^^^^^^^^^^^^^^^^^^^^^^^^^^^^^^^^
  File "/home/airflow/.local/lib/python3.12/site-packages/airflow/models/taskinstance.py", line 733, in _execute_callable
    return ExecutionCallableRunner(
           ^^^^^^^^^^^^^^^^^^^^^^^^
  File "/home/airflow/.local/lib/python3.12/site-packages/airflow/utils/operator_helpers.py", line 252, in run
    return self.func(*args, **kwargs)
           ^^^^^^^^^^^^^^^^^^^^^^^^^^
  File "/home/airflow/.local/lib/python3.12/site-packages/airflow/models/baseoperator.py", line 406, in wrapper
    return func(self, *args, **kwargs)
           ^^^^^^^^^^^^^^^^^^^^^^^^^^^
  File "/home/airflow/.local/lib/python3.12/site-packages/airflow/providers/apache/spark/operators/spark_submit.py", line 174, in execute
    self._hook.submit(self.application)
  File "/home/airflow/.local/lib/python3.12/site-packages/airflow/providers/apache/spark/hooks/spark_submit.py", line 505, in submit
    raise AirflowException(
airflow.exceptions.AirflowException: Cannot execute: spark-submit --master spark://spark-master:7077 --conf spark.master=spark://spark-master:7077 --name arrow-spark --verbose --deploy-mode client /opt/***/dags/spark_job.py. Error code is: 1.
[2024-09-13T16:36:01.772+0000] {local_task_job_runner.py:266} INFO - Task exited with return code 1
[2024-09-13T16:36:01.832+0000] {local_task_job_runner.py:245} INFO - ::endgroup::
