[2024-09-13T16:33:49.311+0000] {local_task_job_runner.py:123} INFO - ::group::Pre task execution logs
[2024-09-13T16:33:49.383+0000] {taskinstance.py:2612} INFO - Dependencies all met for dep_context=non-requeueable deps ti=<TaskInstance: spark_find_makers_dag.spark_submit_task scheduled__2024-09-12T00:00:00+00:00 [queued]>
[2024-09-13T16:33:49.420+0000] {taskinstance.py:2612} INFO - Dependencies all met for dep_context=requeueable deps ti=<TaskInstance: spark_find_makers_dag.spark_submit_task scheduled__2024-09-12T00:00:00+00:00 [queued]>
[2024-09-13T16:33:49.421+0000] {taskinstance.py:2865} INFO - Starting attempt 14 of 17
[2024-09-13T16:33:49.477+0000] {taskinstance.py:2888} INFO - Executing <Task(SparkSubmitOperator): spark_submit_task> on 2024-09-12 00:00:00+00:00
[2024-09-13T16:33:49.504+0000] {standard_task_runner.py:104} INFO - Running: ['***', 'tasks', 'run', 'spark_find_makers_dag', 'spark_submit_task', 'scheduled__2024-09-12T00:00:00+00:00', '--job-id', '656', '--raw', '--subdir', 'DAGS_FOLDER/spark_sql_dag.py', '--cfg-path', '/tmp/tmpc0yp55y5']
[2024-09-13T16:33:49.511+0000] {standard_task_runner.py:105} INFO - Job 656: Subtask spark_submit_task
[2024-09-13T16:33:49.518+0000] {logging_mixin.py:190} WARNING - /home/***/.local/lib/python3.12/site-packages/***/task/task_runner/standard_task_runner.py:70 DeprecationWarning: This process (pid=1199) is multi-threaded, use of fork() may lead to deadlocks in the child.
[2024-09-13T16:33:49.521+0000] {standard_task_runner.py:72} INFO - Started process 1200 to run task
[2024-09-13T16:33:49.624+0000] {task_command.py:467} INFO - Running <TaskInstance: spark_find_makers_dag.spark_submit_task scheduled__2024-09-12T00:00:00+00:00 [running]> on host 0a6548a20a3d
[2024-09-13T16:33:49.796+0000] {taskinstance.py:3131} INFO - Exporting env vars: AIRFLOW_CTX_DAG_OWNER='Denis' AIRFLOW_CTX_DAG_ID='spark_find_makers_dag' AIRFLOW_CTX_TASK_ID='spark_submit_task' AIRFLOW_CTX_EXECUTION_DATE='2024-09-12T00:00:00+00:00' AIRFLOW_CTX_TRY_NUMBER='14' AIRFLOW_CTX_DAG_RUN_ID='scheduled__2024-09-12T00:00:00+00:00'
[2024-09-13T16:33:49.798+0000] {taskinstance.py:731} INFO - ::endgroup::
[2024-09-13T16:33:49.853+0000] {base.py:84} INFO - Retrieving connection 'spark_default'
[2024-09-13T16:33:49.856+0000] {spark_submit.py:403} INFO - Spark-Submit cmd: spark-submit --master spark://spark-master:7077 --conf spark.master=spark://spark-master:7077 --name arrow-spark --verbose --deploy-mode client /opt/***/dags/spark_job.py
[2024-09-13T16:33:53.948+0000] {spark_submit.py:579} INFO - Using properties file: null
[2024-09-13T16:33:54.290+0000] {spark_submit.py:579} INFO - Parsed arguments:
[2024-09-13T16:33:54.292+0000] {spark_submit.py:579} INFO - master                  spark://spark-master:7077
[2024-09-13T16:33:54.294+0000] {spark_submit.py:579} INFO - remote                  null
[2024-09-13T16:33:54.296+0000] {spark_submit.py:579} INFO - deployMode              client
[2024-09-13T16:33:54.298+0000] {spark_submit.py:579} INFO - executorMemory          null
[2024-09-13T16:33:54.300+0000] {spark_submit.py:579} INFO - executorCores           null
[2024-09-13T16:33:54.302+0000] {spark_submit.py:579} INFO - totalExecutorCores      null
[2024-09-13T16:33:54.303+0000] {spark_submit.py:579} INFO - propertiesFile          null
[2024-09-13T16:33:54.305+0000] {spark_submit.py:579} INFO - driverMemory            null
[2024-09-13T16:33:54.306+0000] {spark_submit.py:579} INFO - driverCores             null
[2024-09-13T16:33:54.307+0000] {spark_submit.py:579} INFO - driverExtraClassPath    null
[2024-09-13T16:33:54.308+0000] {spark_submit.py:579} INFO - driverExtraLibraryPath  null
[2024-09-13T16:33:54.310+0000] {spark_submit.py:579} INFO - driverExtraJavaOptions  null
[2024-09-13T16:33:54.311+0000] {spark_submit.py:579} INFO - supervise               false
[2024-09-13T16:33:54.312+0000] {spark_submit.py:579} INFO - queue                   null
[2024-09-13T16:33:54.314+0000] {spark_submit.py:579} INFO - numExecutors            null
[2024-09-13T16:33:54.316+0000] {spark_submit.py:579} INFO - files                   null
[2024-09-13T16:33:54.317+0000] {spark_submit.py:579} INFO - pyFiles                 null
[2024-09-13T16:33:54.319+0000] {spark_submit.py:579} INFO - archives                null
[2024-09-13T16:33:54.320+0000] {spark_submit.py:579} INFO - mainClass               null
[2024-09-13T16:33:54.321+0000] {spark_submit.py:579} INFO - primaryResource         file:/opt/***/dags/spark_job.py
[2024-09-13T16:33:54.323+0000] {spark_submit.py:579} INFO - name                    arrow-spark
[2024-09-13T16:33:54.324+0000] {spark_submit.py:579} INFO - childArgs               []
[2024-09-13T16:33:54.326+0000] {spark_submit.py:579} INFO - jars                    null
[2024-09-13T16:33:54.327+0000] {spark_submit.py:579} INFO - packages                null
[2024-09-13T16:33:54.329+0000] {spark_submit.py:579} INFO - packagesExclusions      null
[2024-09-13T16:33:54.331+0000] {spark_submit.py:579} INFO - repositories            null
[2024-09-13T16:33:54.333+0000] {spark_submit.py:579} INFO - verbose                 true
[2024-09-13T16:33:54.335+0000] {spark_submit.py:579} INFO - 
[2024-09-13T16:33:54.336+0000] {spark_submit.py:579} INFO - Spark properties used, including those specified through
[2024-09-13T16:33:54.337+0000] {spark_submit.py:579} INFO - --conf and those from the properties file null:
[2024-09-13T16:33:54.339+0000] {spark_submit.py:579} INFO - (spark.master,spark://spark-master:7077)
[2024-09-13T16:33:54.340+0000] {spark_submit.py:579} INFO - 
[2024-09-13T16:33:54.341+0000] {spark_submit.py:579} INFO - 
[2024-09-13T16:33:55.046+0000] {spark_submit.py:579} INFO - Main class:
[2024-09-13T16:33:55.048+0000] {spark_submit.py:579} INFO - org.apache.spark.deploy.PythonRunner
[2024-09-13T16:33:55.050+0000] {spark_submit.py:579} INFO - Arguments:
[2024-09-13T16:33:55.051+0000] {spark_submit.py:579} INFO - file:/opt/***/dags/spark_job.py
[2024-09-13T16:33:55.053+0000] {spark_submit.py:579} INFO - null
[2024-09-13T16:33:55.057+0000] {spark_submit.py:579} INFO - Spark config:
[2024-09-13T16:33:55.059+0000] {spark_submit.py:579} INFO - (spark.app.name,arrow-spark)
[2024-09-13T16:33:55.061+0000] {spark_submit.py:579} INFO - (spark.app.submitTime,1726245235004)
[2024-09-13T16:33:55.062+0000] {spark_submit.py:579} INFO - (spark.master,spark://spark-master:7077)
[2024-09-13T16:33:55.064+0000] {spark_submit.py:579} INFO - (spark.submit.deployMode,client)
[2024-09-13T16:33:55.066+0000] {spark_submit.py:579} INFO - (spark.submit.pyFiles,)
[2024-09-13T16:33:55.068+0000] {spark_submit.py:579} INFO - Classpath elements:
[2024-09-13T16:33:55.069+0000] {spark_submit.py:579} INFO - 
[2024-09-13T16:33:55.071+0000] {spark_submit.py:579} INFO - 
[2024-09-13T16:33:55.072+0000] {spark_submit.py:579} INFO - 
[2024-09-13T16:33:57.431+0000] {spark_submit.py:579} INFO - 24/09/13 16:33:57 INFO SparkContext: Running Spark version 3.5.2
[2024-09-13T16:33:57.439+0000] {spark_submit.py:579} INFO - 24/09/13 16:33:57 INFO SparkContext: OS info Linux, 5.15.153.1-microsoft-standard-WSL2, amd64
[2024-09-13T16:33:57.441+0000] {spark_submit.py:579} INFO - 24/09/13 16:33:57 INFO SparkContext: Java version 17.0.12
[2024-09-13T16:33:57.580+0000] {spark_submit.py:579} INFO - 24/09/13 16:33:57 WARN NativeCodeLoader: Unable to load native-hadoop library for your platform... using builtin-java classes where applicable
[2024-09-13T16:33:57.769+0000] {spark_submit.py:579} INFO - 24/09/13 16:33:57 INFO ResourceUtils: ==============================================================
[2024-09-13T16:33:57.770+0000] {spark_submit.py:579} INFO - 24/09/13 16:33:57 INFO ResourceUtils: No custom resources configured for spark.driver.
[2024-09-13T16:33:57.771+0000] {spark_submit.py:579} INFO - 24/09/13 16:33:57 INFO ResourceUtils: ==============================================================
[2024-09-13T16:33:57.772+0000] {spark_submit.py:579} INFO - 24/09/13 16:33:57 INFO SparkContext: Submitted application: SparkJob
[2024-09-13T16:33:57.822+0000] {spark_submit.py:579} INFO - 24/09/13 16:33:57 INFO ResourceProfile: Default ResourceProfile created, executor resources: Map(cores -> name: cores, amount: 1, script: , vendor: , memory -> name: memory, amount: 1024, script: , vendor: , offHeap -> name: offHeap, amount: 0, script: , vendor: ), task resources: Map(cpus -> name: cpus, amount: 1.0)
[2024-09-13T16:33:57.844+0000] {spark_submit.py:579} INFO - 24/09/13 16:33:57 INFO ResourceProfile: Limiting resource is cpu
[2024-09-13T16:33:57.847+0000] {spark_submit.py:579} INFO - 24/09/13 16:33:57 INFO ResourceProfileManager: Added ResourceProfile id: 0
[2024-09-13T16:33:58.048+0000] {spark_submit.py:579} INFO - 24/09/13 16:33:58 INFO SecurityManager: Changing view acls to: ***
[2024-09-13T16:33:58.050+0000] {spark_submit.py:579} INFO - 24/09/13 16:33:58 INFO SecurityManager: Changing modify acls to: ***
[2024-09-13T16:33:58.051+0000] {spark_submit.py:579} INFO - 24/09/13 16:33:58 INFO SecurityManager: Changing view acls groups to:
[2024-09-13T16:33:58.053+0000] {spark_submit.py:579} INFO - 24/09/13 16:33:58 INFO SecurityManager: Changing modify acls groups to:
[2024-09-13T16:33:58.055+0000] {spark_submit.py:579} INFO - 24/09/13 16:33:58 INFO SecurityManager: SecurityManager: authentication disabled; ui acls disabled; users with view permissions: ***; groups with view permissions: EMPTY; users with modify permissions: ***; groups with modify permissions: EMPTY
[2024-09-13T16:33:58.602+0000] {spark_submit.py:579} INFO - 24/09/13 16:33:58 INFO Utils: Successfully started service 'sparkDriver' on port 32813.
[2024-09-13T16:33:58.689+0000] {spark_submit.py:579} INFO - 24/09/13 16:33:58 INFO SparkEnv: Registering MapOutputTracker
[2024-09-13T16:33:58.806+0000] {spark_submit.py:579} INFO - 24/09/13 16:33:58 INFO SparkEnv: Registering BlockManagerMaster
[2024-09-13T16:33:58.864+0000] {spark_submit.py:579} INFO - 24/09/13 16:33:58 INFO BlockManagerMasterEndpoint: Using org.apache.spark.storage.DefaultTopologyMapper for getting topology information
[2024-09-13T16:33:58.866+0000] {spark_submit.py:579} INFO - 24/09/13 16:33:58 INFO BlockManagerMasterEndpoint: BlockManagerMasterEndpoint up
[2024-09-13T16:33:58.876+0000] {spark_submit.py:579} INFO - 24/09/13 16:33:58 INFO SparkEnv: Registering BlockManagerMasterHeartbeat
[2024-09-13T16:33:58.930+0000] {spark_submit.py:579} INFO - 24/09/13 16:33:58 INFO DiskBlockManager: Created local directory at /tmp/blockmgr-7cb5a795-52c4-44e4-b88b-14a57434c359
[2024-09-13T16:33:58.981+0000] {spark_submit.py:579} INFO - 24/09/13 16:33:58 INFO MemoryStore: MemoryStore started with capacity 434.4 MiB
[2024-09-13T16:33:59.022+0000] {spark_submit.py:579} INFO - 24/09/13 16:33:59 INFO SparkEnv: Registering OutputCommitCoordinator
[2024-09-13T16:33:59.356+0000] {spark_submit.py:579} INFO - 24/09/13 16:33:59 INFO JettyUtils: Start Jetty 0.0.0.0:4040 for SparkUI
[2024-09-13T16:33:59.530+0000] {spark_submit.py:579} INFO - 24/09/13 16:33:59 INFO Utils: Successfully started service 'SparkUI' on port 4040.
[2024-09-13T16:33:59.845+0000] {spark_submit.py:579} INFO - 24/09/13 16:33:59 INFO Executor: Starting executor ID driver on host 0a6548a20a3d
[2024-09-13T16:33:59.847+0000] {spark_submit.py:579} INFO - 24/09/13 16:33:59 INFO Executor: OS info Linux, 5.15.153.1-microsoft-standard-WSL2, amd64
[2024-09-13T16:33:59.849+0000] {spark_submit.py:579} INFO - 24/09/13 16:33:59 INFO Executor: Java version 17.0.12
[2024-09-13T16:33:59.871+0000] {spark_submit.py:579} INFO - 24/09/13 16:33:59 INFO Executor: Starting executor with user classpath (userClassPathFirst = false): ''
[2024-09-13T16:33:59.873+0000] {spark_submit.py:579} INFO - 24/09/13 16:33:59 INFO Executor: Created or updated repl class loader org.apache.spark.util.MutableURLClassLoader@84b7126 for default.
[2024-09-13T16:33:59.931+0000] {spark_submit.py:579} INFO - 24/09/13 16:33:59 INFO Utils: Successfully started service 'org.apache.spark.network.netty.NettyBlockTransferService' on port 45185.
[2024-09-13T16:33:59.932+0000] {spark_submit.py:579} INFO - 24/09/13 16:33:59 INFO NettyBlockTransferService: Server created on 0a6548a20a3d:45185
[2024-09-13T16:33:59.936+0000] {spark_submit.py:579} INFO - 24/09/13 16:33:59 INFO BlockManager: Using org.apache.spark.storage.RandomBlockReplicationPolicy for block replication policy
[2024-09-13T16:33:59.949+0000] {spark_submit.py:579} INFO - 24/09/13 16:33:59 INFO BlockManagerMaster: Registering BlockManager BlockManagerId(driver, 0a6548a20a3d, 45185, None)
[2024-09-13T16:33:59.957+0000] {spark_submit.py:579} INFO - 24/09/13 16:33:59 INFO BlockManagerMasterEndpoint: Registering block manager 0a6548a20a3d:45185 with 434.4 MiB RAM, BlockManagerId(driver, 0a6548a20a3d, 45185, None)
[2024-09-13T16:33:59.962+0000] {spark_submit.py:579} INFO - 24/09/13 16:33:59 INFO BlockManagerMaster: Registered BlockManager BlockManagerId(driver, 0a6548a20a3d, 45185, None)
[2024-09-13T16:33:59.965+0000] {spark_submit.py:579} INFO - 24/09/13 16:33:59 INFO BlockManager: Initialized BlockManager: BlockManagerId(driver, 0a6548a20a3d, 45185, None)
[2024-09-13T16:34:01.056+0000] {spark_submit.py:579} INFO - 24/09/13 16:34:01 INFO SharedState: Setting hive.metastore.warehouse.dir ('null') to the value of spark.sql.warehouse.dir.
[2024-09-13T16:34:01.073+0000] {spark_submit.py:579} INFO - 24/09/13 16:34:01 INFO SharedState: Warehouse path is 'file:/user/hive/warehouse'.
[2024-09-13T16:34:03.513+0000] {spark_submit.py:579} INFO - 24/09/13 16:34:03 INFO InMemoryFileIndex: It took 222 ms to list leaf files for 1 paths.
[2024-09-13T16:34:07.058+0000] {spark_submit.py:579} INFO - 24/09/13 16:34:07 INFO InMemoryFileIndex: It took 6 ms to list leaf files for 1 paths.
[2024-09-13T16:34:07.730+0000] {spark_submit.py:579} INFO - Тип данной таблицы -  <class 'pyspark.sql.dataframe.DataFrame'>
[2024-09-13T16:34:08.670+0000] {spark_submit.py:579} INFO - 24/09/13 16:34:08 INFO HiveConf: Found configuration file null
[2024-09-13T16:34:08.689+0000] {spark_submit.py:579} INFO - 24/09/13 16:34:08 INFO HiveUtils: Initializing HiveMetastoreConnection version 2.3.9 using Spark classes.
[2024-09-13T16:34:09.286+0000] {spark_submit.py:579} INFO - 24/09/13 16:34:09 INFO HiveClientImpl: Warehouse location for Hive client (version 2.3.9) is file:/user/hive/warehouse
[2024-09-13T16:34:09.624+0000] {spark_submit.py:579} INFO - 24/09/13 16:34:09 WARN HiveConf: HiveConf of name hive.stats.jdbc.timeout does not exist
[2024-09-13T16:34:09.627+0000] {spark_submit.py:579} INFO - 24/09/13 16:34:09 WARN HiveConf: HiveConf of name hive.stats.retries.wait does not exist
[2024-09-13T16:34:09.628+0000] {spark_submit.py:579} INFO - 24/09/13 16:34:09 INFO HiveMetaStore: 0: Opening raw store with implementation class:org.apache.hadoop.hive.metastore.ObjectStore
[2024-09-13T16:34:09.709+0000] {spark_submit.py:579} INFO - 24/09/13 16:34:09 INFO ObjectStore: ObjectStore, initialize called
[2024-09-13T16:34:10.058+0000] {spark_submit.py:579} INFO - 24/09/13 16:34:10 INFO Persistence: Property hive.metastore.integral.jdo.pushdown unknown - will be ignored
[2024-09-13T16:34:10.060+0000] {spark_submit.py:579} INFO - 24/09/13 16:34:10 INFO Persistence: Property datanucleus.cache.level2 unknown - will be ignored
[2024-09-13T16:34:12.318+0000] {spark_submit.py:579} INFO - 24/09/13 16:34:12 INFO ObjectStore: Setting MetaStore object pin classes with hive.metastore.cache.pinobjtypes="Table,StorageDescriptor,SerDeInfo,Partition,Database,Type,FieldSchema,Order"
[2024-09-13T16:34:14.318+0000] {spark_submit.py:579} INFO - 24/09/13 16:34:14 INFO MetaStoreDirectSql: Using direct SQL, underlying DB is DERBY
[2024-09-13T16:34:14.323+0000] {spark_submit.py:579} INFO - 24/09/13 16:34:14 INFO ObjectStore: Initialized ObjectStore
[2024-09-13T16:34:14.464+0000] {spark_submit.py:579} INFO - 24/09/13 16:34:14 WARN ObjectStore: Version information not found in metastore. hive.metastore.schema.verification is not enabled so recording the schema version 2.3.0
[2024-09-13T16:34:14.465+0000] {spark_submit.py:579} INFO - 24/09/13 16:34:14 WARN ObjectStore: setMetaStoreSchemaVersion called but recording version is disabled: version = 2.3.0, comment = Set by MetaStore UNKNOWN@172.18.0.16
[2024-09-13T16:34:14.667+0000] {spark_submit.py:579} INFO - 24/09/13 16:34:14 INFO HiveMetaStore: Added admin role in metastore
[2024-09-13T16:34:14.672+0000] {spark_submit.py:579} INFO - 24/09/13 16:34:14 INFO HiveMetaStore: Added public role in metastore
[2024-09-13T16:34:14.754+0000] {spark_submit.py:579} INFO - 24/09/13 16:34:14 INFO HiveMetaStore: No user is added in admin role, since config is empty
[2024-09-13T16:34:14.986+0000] {spark_submit.py:579} INFO - 24/09/13 16:34:14 INFO HiveMetaStore: 0: get_database: default
[2024-09-13T16:34:14.990+0000] {spark_submit.py:579} INFO - 24/09/13 16:34:14 INFO audit: ugi=***	ip=unknown-ip-addr	cmd=get_database: default
[2024-09-13T16:34:15.002+0000] {spark_submit.py:579} INFO - 24/09/13 16:34:15 INFO HiveMetaStore: 0: get_database: makers
[2024-09-13T16:34:15.004+0000] {spark_submit.py:579} INFO - 24/09/13 16:34:15 INFO audit: ugi=***	ip=unknown-ip-addr	cmd=get_database: makers
[2024-09-13T16:34:15.007+0000] {spark_submit.py:579} INFO - 24/09/13 16:34:15 WARN ObjectStore: Failed to get database makers, returning NoSuchObjectException
[2024-09-13T16:34:15.010+0000] {spark_submit.py:579} INFO - 24/09/13 16:34:15 INFO HiveMetaStore: 0: get_database: makers
[2024-09-13T16:34:15.012+0000] {spark_submit.py:579} INFO - 24/09/13 16:34:15 INFO audit: ugi=***	ip=unknown-ip-addr	cmd=get_database: makers
[2024-09-13T16:34:15.017+0000] {spark_submit.py:579} INFO - 24/09/13 16:34:15 WARN ObjectStore: Failed to get database makers, returning NoSuchObjectException
[2024-09-13T16:34:15.028+0000] {spark_submit.py:579} INFO - 24/09/13 16:34:15 INFO HiveMetaStore: 0: get_database: global_temp
[2024-09-13T16:34:15.030+0000] {spark_submit.py:579} INFO - 24/09/13 16:34:15 INFO audit: ugi=***	ip=unknown-ip-addr	cmd=get_database: global_temp
[2024-09-13T16:34:15.032+0000] {spark_submit.py:579} INFO - 24/09/13 16:34:15 WARN ObjectStore: Failed to get database global_temp, returning NoSuchObjectException
[2024-09-13T16:34:15.040+0000] {spark_submit.py:579} INFO - 24/09/13 16:34:15 INFO HiveMetaStore: 0: create_database: Database(name:makers, description:, locationUri:file:/user/hive/warehouse/makers.db, parameters:{}, ownerName:***)
[2024-09-13T16:34:15.042+0000] {spark_submit.py:579} INFO - 24/09/13 16:34:15 INFO audit: ugi=***	ip=unknown-ip-addr	cmd=create_database: Database(name:makers, description:, locationUri:file:/user/hive/warehouse/makers.db, parameters:{}, ownerName:***)
[2024-09-13T16:34:15.045+0000] {spark_submit.py:579} INFO - 24/09/13 16:34:15 WARN ObjectStore: Failed to get database makers, returning NoSuchObjectException
[2024-09-13T16:34:15.047+0000] {spark_submit.py:579} INFO - 24/09/13 16:34:15 INFO FileUtils: Creating directory if it doesn't exist: file:/user/hive/warehouse/makers.db
[2024-09-13T16:34:15.447+0000] {spark_submit.py:579} INFO - Traceback (most recent call last):
[2024-09-13T16:34:15.448+0000] {spark_submit.py:579} INFO - File "/opt/***/dags/spark_job.py", line 78, in <module>
[2024-09-13T16:34:15.452+0000] {spark_submit.py:579} INFO - spark.sql("CREATE DATABASE IF NOT EXISTS makers")
[2024-09-13T16:34:15.455+0000] {spark_submit.py:579} INFO - File "/home/***/.local/lib/python3.12/site-packages/pyspark/sql/session.py", line 1631, in sql
[2024-09-13T16:34:15.457+0000] {spark_submit.py:579} INFO - return DataFrame(self._jsparkSession.sql(sqlQuery, litArgs), self)
[2024-09-13T16:34:15.459+0000] {spark_submit.py:579} INFO - ^^^^^^^^^^^^^^^^^^^^^^^^^^^^^^^^^^^^^^^^^^
[2024-09-13T16:34:15.461+0000] {spark_submit.py:579} INFO - File "/home/***/.local/lib/python3.12/site-packages/py4j/java_gateway.py", line 1322, in __call__
[2024-09-13T16:34:15.463+0000] {spark_submit.py:579} INFO - return_value = get_return_value(
[2024-09-13T16:34:15.465+0000] {spark_submit.py:579} INFO - ^^^^^^^^^^^^^^^^^
[2024-09-13T16:34:15.467+0000] {spark_submit.py:579} INFO - File "/home/***/.local/lib/python3.12/site-packages/pyspark/errors/exceptions/captured.py", line 185, in deco
[2024-09-13T16:34:15.470+0000] {spark_submit.py:579} INFO - raise converted from None
[2024-09-13T16:34:15.486+0000] {spark_submit.py:579} INFO - pyspark.errors.exceptions.captured.AnalysisException: org.apache.hadoop.hive.ql.metadata.HiveException: MetaException(message:Unable to create database path file:/user/hive/warehouse/makers.db, failed to create database makers)
[2024-09-13T16:34:15.698+0000] {spark_submit.py:579} INFO - 24/09/13 16:34:15 INFO SparkContext: Invoking stop() from shutdown hook
[2024-09-13T16:34:15.700+0000] {spark_submit.py:579} INFO - 24/09/13 16:34:15 INFO SparkContext: SparkContext is stopping with exitCode 0.
[2024-09-13T16:34:15.753+0000] {spark_submit.py:579} INFO - 24/09/13 16:34:15 INFO SparkUI: Stopped Spark web UI at http://0a6548a20a3d:4040
[2024-09-13T16:34:15.898+0000] {spark_submit.py:579} INFO - 24/09/13 16:34:15 INFO MapOutputTrackerMasterEndpoint: MapOutputTrackerMasterEndpoint stopped!
[2024-09-13T16:34:15.970+0000] {spark_submit.py:579} INFO - 24/09/13 16:34:15 INFO MemoryStore: MemoryStore cleared
[2024-09-13T16:34:15.973+0000] {spark_submit.py:579} INFO - 24/09/13 16:34:15 INFO BlockManager: BlockManager stopped
[2024-09-13T16:34:16.006+0000] {spark_submit.py:579} INFO - 24/09/13 16:34:16 INFO BlockManagerMaster: BlockManagerMaster stopped
[2024-09-13T16:34:16.019+0000] {spark_submit.py:579} INFO - 24/09/13 16:34:16 INFO OutputCommitCoordinator$OutputCommitCoordinatorEndpoint: OutputCommitCoordinator stopped!
[2024-09-13T16:34:16.052+0000] {spark_submit.py:579} INFO - 24/09/13 16:34:16 INFO SparkContext: Successfully stopped SparkContext
[2024-09-13T16:34:16.054+0000] {spark_submit.py:579} INFO - 24/09/13 16:34:16 INFO ShutdownHookManager: Shutdown hook called
[2024-09-13T16:34:16.055+0000] {spark_submit.py:579} INFO - 24/09/13 16:34:16 INFO ShutdownHookManager: Deleting directory /tmp/spark-9edbd9d2-9603-4dbe-b05e-d077b6afb7a2
[2024-09-13T16:34:16.071+0000] {spark_submit.py:579} INFO - 24/09/13 16:34:16 INFO ShutdownHookManager: Deleting directory /tmp/spark-9c8321ed-e691-4011-8f43-89fe77955f79
[2024-09-13T16:34:16.088+0000] {spark_submit.py:579} INFO - 24/09/13 16:34:16 INFO ShutdownHookManager: Deleting directory /tmp/spark-9c8321ed-e691-4011-8f43-89fe77955f79/pyspark-ce7da2d8-2c78-4e4d-9402-ab9421f8887d
[2024-09-13T16:34:16.232+0000] {taskinstance.py:3310} ERROR - Task failed with exception
Traceback (most recent call last):
  File "/home/airflow/.local/lib/python3.12/site-packages/airflow/models/taskinstance.py", line 767, in _execute_task
    result = _execute_callable(context=context, **execute_callable_kwargs)
             ^^^^^^^^^^^^^^^^^^^^^^^^^^^^^^^^^^^^^^^^^^^^^^^^^^^^^^^^^^^^^
  File "/home/airflow/.local/lib/python3.12/site-packages/airflow/models/taskinstance.py", line 733, in _execute_callable
    return ExecutionCallableRunner(
           ^^^^^^^^^^^^^^^^^^^^^^^^
  File "/home/airflow/.local/lib/python3.12/site-packages/airflow/utils/operator_helpers.py", line 252, in run
    return self.func(*args, **kwargs)
           ^^^^^^^^^^^^^^^^^^^^^^^^^^
  File "/home/airflow/.local/lib/python3.12/site-packages/airflow/models/baseoperator.py", line 406, in wrapper
    return func(self, *args, **kwargs)
           ^^^^^^^^^^^^^^^^^^^^^^^^^^^
  File "/home/airflow/.local/lib/python3.12/site-packages/airflow/providers/apache/spark/operators/spark_submit.py", line 174, in execute
    self._hook.submit(self.application)
  File "/home/airflow/.local/lib/python3.12/site-packages/airflow/providers/apache/spark/hooks/spark_submit.py", line 505, in submit
    raise AirflowException(
airflow.exceptions.AirflowException: Cannot execute: spark-submit --master spark://spark-master:7077 --conf spark.master=spark://spark-master:7077 --name arrow-spark --verbose --deploy-mode client /opt/***/dags/spark_job.py. Error code is: 1.
[2024-09-13T16:34:16.251+0000] {taskinstance.py:1225} INFO - Marking task as UP_FOR_RETRY. dag_id=spark_find_makers_dag, task_id=spark_submit_task, run_id=scheduled__2024-09-12T00:00:00+00:00, execution_date=20240912T000000, start_date=20240913T163349, end_date=20240913T163416
[2024-09-13T16:34:16.291+0000] {taskinstance.py:340} INFO - ::group::Post task execution logs
[2024-09-13T16:34:16.294+0000] {standard_task_runner.py:124} ERROR - Failed to execute job 656 for task spark_submit_task (Cannot execute: spark-submit --master spark://spark-master:7077 --conf spark.master=spark://spark-master:7077 --name arrow-spark --verbose --deploy-mode client /opt/***/dags/spark_job.py. Error code is: 1.; 1200)
Traceback (most recent call last):
  File "/home/airflow/.local/lib/python3.12/site-packages/airflow/task/task_runner/standard_task_runner.py", line 117, in _start_by_fork
    ret = args.func(args, dag=self.dag)
          ^^^^^^^^^^^^^^^^^^^^^^^^^^^^^
  File "/home/airflow/.local/lib/python3.12/site-packages/airflow/cli/cli_config.py", line 49, in command
    return func(*args, **kwargs)
           ^^^^^^^^^^^^^^^^^^^^^
  File "/home/airflow/.local/lib/python3.12/site-packages/airflow/utils/cli.py", line 115, in wrapper
    return f(*args, **kwargs)
           ^^^^^^^^^^^^^^^^^^
  File "/home/airflow/.local/lib/python3.12/site-packages/airflow/cli/commands/task_command.py", line 483, in task_run
    task_return_code = _run_task_by_selected_method(args, _dag, ti)
                       ^^^^^^^^^^^^^^^^^^^^^^^^^^^^^^^^^^^^^^^^^^^^
  File "/home/airflow/.local/lib/python3.12/site-packages/airflow/cli/commands/task_command.py", line 256, in _run_task_by_selected_method
    return _run_raw_task(args, ti)
           ^^^^^^^^^^^^^^^^^^^^^^^
  File "/home/airflow/.local/lib/python3.12/site-packages/airflow/cli/commands/task_command.py", line 341, in _run_raw_task
    return ti._run_raw_task(
           ^^^^^^^^^^^^^^^^^
  File "/home/airflow/.local/lib/python3.12/site-packages/airflow/utils/session.py", line 97, in wrapper
    return func(*args, session=session, **kwargs)
           ^^^^^^^^^^^^^^^^^^^^^^^^^^^^^^^^^^^^^^
  File "/home/airflow/.local/lib/python3.12/site-packages/airflow/models/taskinstance.py", line 3004, in _run_raw_task
    return _run_raw_task(
           ^^^^^^^^^^^^^^
  File "/home/airflow/.local/lib/python3.12/site-packages/airflow/models/taskinstance.py", line 273, in _run_raw_task
    TaskInstance._execute_task_with_callbacks(
  File "/home/airflow/.local/lib/python3.12/site-packages/airflow/models/taskinstance.py", line 3158, in _execute_task_with_callbacks
    result = self._execute_task(context, task_orig)
             ^^^^^^^^^^^^^^^^^^^^^^^^^^^^^^^^^^^^^^
  File "/home/airflow/.local/lib/python3.12/site-packages/airflow/models/taskinstance.py", line 3182, in _execute_task
    return _execute_task(self, context, task_orig)
           ^^^^^^^^^^^^^^^^^^^^^^^^^^^^^^^^^^^^^^^
  File "/home/airflow/.local/lib/python3.12/site-packages/airflow/models/taskinstance.py", line 767, in _execute_task
    result = _execute_callable(context=context, **execute_callable_kwargs)
             ^^^^^^^^^^^^^^^^^^^^^^^^^^^^^^^^^^^^^^^^^^^^^^^^^^^^^^^^^^^^^
  File "/home/airflow/.local/lib/python3.12/site-packages/airflow/models/taskinstance.py", line 733, in _execute_callable
    return ExecutionCallableRunner(
           ^^^^^^^^^^^^^^^^^^^^^^^^
  File "/home/airflow/.local/lib/python3.12/site-packages/airflow/utils/operator_helpers.py", line 252, in run
    return self.func(*args, **kwargs)
           ^^^^^^^^^^^^^^^^^^^^^^^^^^
  File "/home/airflow/.local/lib/python3.12/site-packages/airflow/models/baseoperator.py", line 406, in wrapper
    return func(self, *args, **kwargs)
           ^^^^^^^^^^^^^^^^^^^^^^^^^^^
  File "/home/airflow/.local/lib/python3.12/site-packages/airflow/providers/apache/spark/operators/spark_submit.py", line 174, in execute
    self._hook.submit(self.application)
  File "/home/airflow/.local/lib/python3.12/site-packages/airflow/providers/apache/spark/hooks/spark_submit.py", line 505, in submit
    raise AirflowException(
airflow.exceptions.AirflowException: Cannot execute: spark-submit --master spark://spark-master:7077 --conf spark.master=spark://spark-master:7077 --name arrow-spark --verbose --deploy-mode client /opt/***/dags/spark_job.py. Error code is: 1.
[2024-09-13T16:34:16.356+0000] {local_task_job_runner.py:266} INFO - Task exited with return code 1
[2024-09-13T16:34:16.410+0000] {taskinstance.py:3900} INFO - 0 downstream tasks scheduled from follow-on schedule check
[2024-09-13T16:34:16.415+0000] {local_task_job_runner.py:245} INFO - ::endgroup::
