[2024-09-13T13:23:50.021+0000] {local_task_job_runner.py:123} INFO - ::group::Pre task execution logs
[2024-09-13T13:23:50.053+0000] {taskinstance.py:2612} INFO - Dependencies all met for dep_context=non-requeueable deps ti=<TaskInstance: spark_find_makers_dag.spark_submit_task scheduled__2024-09-12T00:00:00+00:00 [queued]>
[2024-09-13T13:23:50.068+0000] {taskinstance.py:2612} INFO - Dependencies all met for dep_context=requeueable deps ti=<TaskInstance: spark_find_makers_dag.spark_submit_task scheduled__2024-09-12T00:00:00+00:00 [queued]>
[2024-09-13T13:23:50.069+0000] {taskinstance.py:2865} INFO - Starting attempt 5 of 8
[2024-09-13T13:23:50.094+0000] {taskinstance.py:2888} INFO - Executing <Task(SparkSubmitOperator): spark_submit_task> on 2024-09-12 00:00:00+00:00
[2024-09-13T13:23:50.106+0000] {standard_task_runner.py:104} INFO - Running: ['***', 'tasks', 'run', 'spark_find_makers_dag', 'spark_submit_task', 'scheduled__2024-09-12T00:00:00+00:00', '--job-id', '643', '--raw', '--subdir', 'DAGS_FOLDER/spark_sql_dag.py', '--cfg-path', '/tmp/tmp3mf5_q79']
[2024-09-13T13:23:50.113+0000] {logging_mixin.py:190} WARNING - /home/***/.local/lib/python3.12/site-packages/***/task/task_runner/standard_task_runner.py:70 DeprecationWarning: This process (pid=660) is multi-threaded, use of fork() may lead to deadlocks in the child.
[2024-09-13T13:23:50.114+0000] {standard_task_runner.py:105} INFO - Job 643: Subtask spark_submit_task
[2024-09-13T13:23:50.115+0000] {standard_task_runner.py:72} INFO - Started process 661 to run task
[2024-09-13T13:23:50.190+0000] {task_command.py:467} INFO - Running <TaskInstance: spark_find_makers_dag.spark_submit_task scheduled__2024-09-12T00:00:00+00:00 [running]> on host abca638f616d
[2024-09-13T13:23:50.534+0000] {taskinstance.py:3131} INFO - Exporting env vars: AIRFLOW_CTX_DAG_OWNER='Denis' AIRFLOW_CTX_DAG_ID='spark_find_makers_dag' AIRFLOW_CTX_TASK_ID='spark_submit_task' AIRFLOW_CTX_EXECUTION_DATE='2024-09-12T00:00:00+00:00' AIRFLOW_CTX_TRY_NUMBER='5' AIRFLOW_CTX_DAG_RUN_ID='scheduled__2024-09-12T00:00:00+00:00'
[2024-09-13T13:23:50.536+0000] {taskinstance.py:731} INFO - ::endgroup::
[2024-09-13T13:23:50.624+0000] {base.py:84} INFO - Retrieving connection 'spark_default'
[2024-09-13T13:23:50.626+0000] {spark_submit.py:403} INFO - Spark-Submit cmd: spark-submit --master spark://spark-master:7077 --conf spark.master=spark://spark-master:7077 --name arrow-spark --verbose --deploy-mode client /opt/***/dags/spark_job.py
[2024-09-13T13:23:56.137+0000] {spark_submit.py:579} INFO - Using properties file: null
[2024-09-13T13:23:56.382+0000] {spark_submit.py:579} INFO - Parsed arguments:
[2024-09-13T13:23:56.383+0000] {spark_submit.py:579} INFO - master                  spark://spark-master:7077
[2024-09-13T13:23:56.384+0000] {spark_submit.py:579} INFO - remote                  null
[2024-09-13T13:23:56.385+0000] {spark_submit.py:579} INFO - deployMode              client
[2024-09-13T13:23:56.386+0000] {spark_submit.py:579} INFO - executorMemory          null
[2024-09-13T13:23:56.387+0000] {spark_submit.py:579} INFO - executorCores           null
[2024-09-13T13:23:56.389+0000] {spark_submit.py:579} INFO - totalExecutorCores      null
[2024-09-13T13:23:56.389+0000] {spark_submit.py:579} INFO - propertiesFile          null
[2024-09-13T13:23:56.390+0000] {spark_submit.py:579} INFO - driverMemory            null
[2024-09-13T13:23:56.391+0000] {spark_submit.py:579} INFO - driverCores             null
[2024-09-13T13:23:56.392+0000] {spark_submit.py:579} INFO - driverExtraClassPath    null
[2024-09-13T13:23:56.393+0000] {spark_submit.py:579} INFO - driverExtraLibraryPath  null
[2024-09-13T13:23:56.394+0000] {spark_submit.py:579} INFO - driverExtraJavaOptions  null
[2024-09-13T13:23:56.395+0000] {spark_submit.py:579} INFO - supervise               false
[2024-09-13T13:23:56.396+0000] {spark_submit.py:579} INFO - queue                   null
[2024-09-13T13:23:56.397+0000] {spark_submit.py:579} INFO - numExecutors            null
[2024-09-13T13:23:56.398+0000] {spark_submit.py:579} INFO - files                   null
[2024-09-13T13:23:56.399+0000] {spark_submit.py:579} INFO - pyFiles                 null
[2024-09-13T13:23:56.400+0000] {spark_submit.py:579} INFO - archives                null
[2024-09-13T13:23:56.401+0000] {spark_submit.py:579} INFO - mainClass               null
[2024-09-13T13:23:56.402+0000] {spark_submit.py:579} INFO - primaryResource         file:/opt/***/dags/spark_job.py
[2024-09-13T13:23:56.403+0000] {spark_submit.py:579} INFO - name                    arrow-spark
[2024-09-13T13:23:56.404+0000] {spark_submit.py:579} INFO - childArgs               []
[2024-09-13T13:23:56.405+0000] {spark_submit.py:579} INFO - jars                    null
[2024-09-13T13:23:56.406+0000] {spark_submit.py:579} INFO - packages                null
[2024-09-13T13:23:56.408+0000] {spark_submit.py:579} INFO - packagesExclusions      null
[2024-09-13T13:23:56.409+0000] {spark_submit.py:579} INFO - repositories            null
[2024-09-13T13:23:56.410+0000] {spark_submit.py:579} INFO - verbose                 true
[2024-09-13T13:23:56.411+0000] {spark_submit.py:579} INFO - 
[2024-09-13T13:23:56.412+0000] {spark_submit.py:579} INFO - Spark properties used, including those specified through
[2024-09-13T13:23:56.413+0000] {spark_submit.py:579} INFO - --conf and those from the properties file null:
[2024-09-13T13:23:56.414+0000] {spark_submit.py:579} INFO - (spark.master,spark://spark-master:7077)
[2024-09-13T13:23:56.415+0000] {spark_submit.py:579} INFO - 
[2024-09-13T13:23:56.416+0000] {spark_submit.py:579} INFO - 
[2024-09-13T13:23:57.050+0000] {spark_submit.py:579} INFO - Main class:
[2024-09-13T13:23:57.052+0000] {spark_submit.py:579} INFO - org.apache.spark.deploy.PythonRunner
[2024-09-13T13:23:57.053+0000] {spark_submit.py:579} INFO - Arguments:
[2024-09-13T13:23:57.054+0000] {spark_submit.py:579} INFO - file:/opt/***/dags/spark_job.py
[2024-09-13T13:23:57.055+0000] {spark_submit.py:579} INFO - null
[2024-09-13T13:23:57.058+0000] {spark_submit.py:579} INFO - Spark config:
[2024-09-13T13:23:57.059+0000] {spark_submit.py:579} INFO - (spark.app.name,arrow-spark)
[2024-09-13T13:23:57.060+0000] {spark_submit.py:579} INFO - (spark.app.submitTime,1726233837020)
[2024-09-13T13:23:57.061+0000] {spark_submit.py:579} INFO - (spark.master,spark://spark-master:7077)
[2024-09-13T13:23:57.062+0000] {spark_submit.py:579} INFO - (spark.submit.deployMode,client)
[2024-09-13T13:23:57.063+0000] {spark_submit.py:579} INFO - (spark.submit.pyFiles,)
[2024-09-13T13:23:57.064+0000] {spark_submit.py:579} INFO - Classpath elements:
[2024-09-13T13:23:57.065+0000] {spark_submit.py:579} INFO - 
[2024-09-13T13:23:57.067+0000] {spark_submit.py:579} INFO - 
[2024-09-13T13:23:57.068+0000] {spark_submit.py:579} INFO - 
[2024-09-13T13:23:59.454+0000] {spark_submit.py:579} INFO - 24/09/13 13:23:59 INFO SparkContext: Running Spark version 3.5.2
[2024-09-13T13:23:59.461+0000] {spark_submit.py:579} INFO - 24/09/13 13:23:59 INFO SparkContext: OS info Linux, 5.15.153.1-microsoft-standard-WSL2, amd64
[2024-09-13T13:23:59.463+0000] {spark_submit.py:579} INFO - 24/09/13 13:23:59 INFO SparkContext: Java version 17.0.12
[2024-09-13T13:23:59.700+0000] {spark_submit.py:579} INFO - 24/09/13 13:23:59 WARN NativeCodeLoader: Unable to load native-hadoop library for your platform... using builtin-java classes where applicable
[2024-09-13T13:23:59.960+0000] {spark_submit.py:579} INFO - 24/09/13 13:23:59 INFO ResourceUtils: ==============================================================
[2024-09-13T13:23:59.961+0000] {spark_submit.py:579} INFO - 24/09/13 13:23:59 INFO ResourceUtils: No custom resources configured for spark.driver.
[2024-09-13T13:23:59.962+0000] {spark_submit.py:579} INFO - 24/09/13 13:23:59 INFO ResourceUtils: ==============================================================
[2024-09-13T13:23:59.963+0000] {spark_submit.py:579} INFO - 24/09/13 13:23:59 INFO SparkContext: Submitted application: SparkJob
[2024-09-13T13:24:00.030+0000] {spark_submit.py:579} INFO - 24/09/13 13:24:00 INFO ResourceProfile: Default ResourceProfile created, executor resources: Map(cores -> name: cores, amount: 1, script: , vendor: , memory -> name: memory, amount: 1024, script: , vendor: , offHeap -> name: offHeap, amount: 0, script: , vendor: ), task resources: Map(cpus -> name: cpus, amount: 1.0)
[2024-09-13T13:24:00.046+0000] {spark_submit.py:579} INFO - 24/09/13 13:24:00 INFO ResourceProfile: Limiting resource is cpu
[2024-09-13T13:24:00.048+0000] {spark_submit.py:579} INFO - 24/09/13 13:24:00 INFO ResourceProfileManager: Added ResourceProfile id: 0
[2024-09-13T13:24:00.180+0000] {spark_submit.py:579} INFO - 24/09/13 13:24:00 INFO SecurityManager: Changing view acls to: ***
[2024-09-13T13:24:00.181+0000] {spark_submit.py:579} INFO - 24/09/13 13:24:00 INFO SecurityManager: Changing modify acls to: ***
[2024-09-13T13:24:00.182+0000] {spark_submit.py:579} INFO - 24/09/13 13:24:00 INFO SecurityManager: Changing view acls groups to:
[2024-09-13T13:24:00.184+0000] {spark_submit.py:579} INFO - 24/09/13 13:24:00 INFO SecurityManager: Changing modify acls groups to:
[2024-09-13T13:24:00.186+0000] {spark_submit.py:579} INFO - 24/09/13 13:24:00 INFO SecurityManager: SecurityManager: authentication disabled; ui acls disabled; users with view permissions: ***; groups with view permissions: EMPTY; users with modify permissions: ***; groups with modify permissions: EMPTY
[2024-09-13T13:24:00.764+0000] {spark_submit.py:579} INFO - 24/09/13 13:24:00 INFO Utils: Successfully started service 'sparkDriver' on port 34301.
[2024-09-13T13:24:00.877+0000] {spark_submit.py:579} INFO - 24/09/13 13:24:00 INFO SparkEnv: Registering MapOutputTracker
[2024-09-13T13:24:01.023+0000] {spark_submit.py:579} INFO - 24/09/13 13:24:01 INFO SparkEnv: Registering BlockManagerMaster
[2024-09-13T13:24:01.071+0000] {spark_submit.py:579} INFO - 24/09/13 13:24:01 INFO BlockManagerMasterEndpoint: Using org.apache.spark.storage.DefaultTopologyMapper for getting topology information
[2024-09-13T13:24:01.073+0000] {spark_submit.py:579} INFO - 24/09/13 13:24:01 INFO BlockManagerMasterEndpoint: BlockManagerMasterEndpoint up
[2024-09-13T13:24:01.084+0000] {spark_submit.py:579} INFO - 24/09/13 13:24:01 INFO SparkEnv: Registering BlockManagerMasterHeartbeat
[2024-09-13T13:24:01.146+0000] {spark_submit.py:579} INFO - 24/09/13 13:24:01 INFO DiskBlockManager: Created local directory at /tmp/blockmgr-dbbd26f6-cb23-4beb-9cff-1ebf7e258187
[2024-09-13T13:24:01.177+0000] {spark_submit.py:579} INFO - 24/09/13 13:24:01 INFO MemoryStore: MemoryStore started with capacity 434.4 MiB
[2024-09-13T13:24:01.211+0000] {spark_submit.py:579} INFO - 24/09/13 13:24:01 INFO SparkEnv: Registering OutputCommitCoordinator
[2024-09-13T13:24:01.495+0000] {spark_submit.py:579} INFO - 24/09/13 13:24:01 INFO JettyUtils: Start Jetty 0.0.0.0:4040 for SparkUI
[2024-09-13T13:24:01.672+0000] {spark_submit.py:579} INFO - 24/09/13 13:24:01 INFO Utils: Successfully started service 'SparkUI' on port 4040.
[2024-09-13T13:24:01.956+0000] {spark_submit.py:579} INFO - 24/09/13 13:24:01 INFO Executor: Starting executor ID driver on host abca638f616d
[2024-09-13T13:24:01.957+0000] {spark_submit.py:579} INFO - 24/09/13 13:24:01 INFO Executor: OS info Linux, 5.15.153.1-microsoft-standard-WSL2, amd64
[2024-09-13T13:24:01.959+0000] {spark_submit.py:579} INFO - 24/09/13 13:24:01 INFO Executor: Java version 17.0.12
[2024-09-13T13:24:01.975+0000] {spark_submit.py:579} INFO - 24/09/13 13:24:01 INFO Executor: Starting executor with user classpath (userClassPathFirst = false): ''
[2024-09-13T13:24:01.977+0000] {spark_submit.py:579} INFO - 24/09/13 13:24:01 INFO Executor: Created or updated repl class loader org.apache.spark.util.MutableURLClassLoader@7432b5cc for default.
[2024-09-13T13:24:02.025+0000] {spark_submit.py:579} INFO - 24/09/13 13:24:02 INFO Utils: Successfully started service 'org.apache.spark.network.netty.NettyBlockTransferService' on port 37623.
[2024-09-13T13:24:02.026+0000] {spark_submit.py:579} INFO - 24/09/13 13:24:02 INFO NettyBlockTransferService: Server created on abca638f616d:37623
[2024-09-13T13:24:02.029+0000] {spark_submit.py:579} INFO - 24/09/13 13:24:02 INFO BlockManager: Using org.apache.spark.storage.RandomBlockReplicationPolicy for block replication policy
[2024-09-13T13:24:02.042+0000] {spark_submit.py:579} INFO - 24/09/13 13:24:02 INFO BlockManagerMaster: Registering BlockManager BlockManagerId(driver, abca638f616d, 37623, None)
[2024-09-13T13:24:02.048+0000] {spark_submit.py:579} INFO - 24/09/13 13:24:02 INFO BlockManagerMasterEndpoint: Registering block manager abca638f616d:37623 with 434.4 MiB RAM, BlockManagerId(driver, abca638f616d, 37623, None)
[2024-09-13T13:24:02.053+0000] {spark_submit.py:579} INFO - 24/09/13 13:24:02 INFO BlockManagerMaster: Registered BlockManager BlockManagerId(driver, abca638f616d, 37623, None)
[2024-09-13T13:24:02.055+0000] {spark_submit.py:579} INFO - 24/09/13 13:24:02 INFO BlockManager: Initialized BlockManager: BlockManagerId(driver, abca638f616d, 37623, None)
[2024-09-13T13:24:03.308+0000] {spark_submit.py:579} INFO - 24/09/13 13:24:03 INFO SharedState: Setting hive.metastore.warehouse.dir ('null') to the value of spark.sql.warehouse.dir.
[2024-09-13T13:24:03.328+0000] {spark_submit.py:579} INFO - 24/09/13 13:24:03 INFO SharedState: Warehouse path is 'file:/user/hive/warehouse'.
[2024-09-13T13:24:06.766+0000] {spark_submit.py:579} INFO - 24/09/13 13:24:06 INFO InMemoryFileIndex: It took 225 ms to list leaf files for 1 paths.
[2024-09-13T13:24:10.457+0000] {spark_submit.py:579} INFO - 24/09/13 13:24:10 INFO InMemoryFileIndex: It took 4 ms to list leaf files for 1 paths.
[2024-09-13T13:24:11.056+0000] {spark_submit.py:579} INFO - Тип данной таблицы -  <class 'pyspark.sql.dataframe.DataFrame'>
[2024-09-13T13:24:11.218+0000] {spark_submit.py:579} INFO - 24/09/13 13:24:11 INFO HiveConf: Found configuration file null
[2024-09-13T13:24:11.245+0000] {spark_submit.py:579} INFO - 24/09/13 13:24:11 INFO HiveUtils: Initializing HiveMetastoreConnection version 2.3.9 using Spark classes.
[2024-09-13T13:24:11.731+0000] {spark_submit.py:579} INFO - 24/09/13 13:24:11 INFO HiveClientImpl: Warehouse location for Hive client (version 2.3.9) is file:/user/hive/warehouse
[2024-09-13T13:24:11.816+0000] {spark_submit.py:579} INFO - 24/09/13 13:24:11 INFO metastore: Trying to connect to metastore with URI thrift://hive-metastore:9083
[2024-09-13T13:24:15.178+0000] {spark_submit.py:579} INFO - 24/09/13 13:24:15 WARN metastore: Failed to connect to the MetaStore Server...
[2024-09-13T13:24:15.180+0000] {spark_submit.py:579} INFO - 24/09/13 13:24:15 INFO metastore: Waiting 1 seconds before next connection attempt.
[2024-09-13T13:24:16.180+0000] {spark_submit.py:579} INFO - 24/09/13 13:24:16 INFO metastore: Trying to connect to metastore with URI thrift://hive-metastore:9083
[2024-09-13T13:24:16.182+0000] {spark_submit.py:579} INFO - 24/09/13 13:24:16 WARN metastore: Failed to connect to the MetaStore Server...
[2024-09-13T13:24:16.183+0000] {spark_submit.py:579} INFO - 24/09/13 13:24:16 INFO metastore: Waiting 1 seconds before next connection attempt.
[2024-09-13T13:24:17.183+0000] {spark_submit.py:579} INFO - 24/09/13 13:24:17 INFO metastore: Trying to connect to metastore with URI thrift://hive-metastore:9083
[2024-09-13T13:24:17.184+0000] {spark_submit.py:579} INFO - 24/09/13 13:24:17 WARN metastore: Failed to connect to the MetaStore Server...
[2024-09-13T13:24:17.185+0000] {spark_submit.py:579} INFO - 24/09/13 13:24:17 INFO metastore: Waiting 1 seconds before next connection attempt.
[2024-09-13T13:24:18.221+0000] {spark_submit.py:579} INFO - 24/09/13 13:24:18 WARN HiveClientImpl: HiveClient got thrift exception, destroying client and retrying (0 tries remaining)
[2024-09-13T13:24:18.222+0000] {spark_submit.py:579} INFO - org.apache.hadoop.hive.ql.metadata.HiveException: java.lang.RuntimeException: Unable to instantiate org.apache.hadoop.hive.ql.metadata.SessionHiveMetaStoreClient
[2024-09-13T13:24:18.223+0000] {spark_submit.py:579} INFO - at org.apache.hadoop.hive.ql.metadata.Hive.getDatabase(Hive.java:1567)
[2024-09-13T13:24:18.225+0000] {spark_submit.py:579} INFO - at org.apache.hadoop.hive.ql.metadata.Hive.databaseExists(Hive.java:1552)
[2024-09-13T13:24:18.226+0000] {spark_submit.py:579} INFO - at org.apache.spark.sql.hive.client.Shim_v0_12.databaseExists(HiveShim.scala:609)
[2024-09-13T13:24:18.227+0000] {spark_submit.py:579} INFO - at org.apache.spark.sql.hive.client.HiveClientImpl.$anonfun$databaseExists$1(HiveClientImpl.scala:406)
[2024-09-13T13:24:18.228+0000] {spark_submit.py:579} INFO - at scala.runtime.java8.JFunction0$mcZ$sp.apply(JFunction0$mcZ$sp.java:23)
[2024-09-13T13:24:18.229+0000] {spark_submit.py:579} INFO - at org.apache.spark.sql.hive.client.HiveClientImpl.$anonfun$withHiveState$1(HiveClientImpl.scala:303)
[2024-09-13T13:24:18.231+0000] {spark_submit.py:579} INFO - at org.apache.spark.sql.hive.client.HiveClientImpl.liftedTree1$1(HiveClientImpl.scala:234)
[2024-09-13T13:24:18.232+0000] {spark_submit.py:579} INFO - at org.apache.spark.sql.hive.client.HiveClientImpl.retryLocked(HiveClientImpl.scala:233)
[2024-09-13T13:24:18.233+0000] {spark_submit.py:579} INFO - at org.apache.spark.sql.hive.client.HiveClientImpl.withHiveState(HiveClientImpl.scala:283)
[2024-09-13T13:24:18.234+0000] {spark_submit.py:579} INFO - at org.apache.spark.sql.hive.client.HiveClientImpl.databaseExists(HiveClientImpl.scala:406)
[2024-09-13T13:24:18.235+0000] {spark_submit.py:579} INFO - at org.apache.spark.sql.hive.HiveExternalCatalog.$anonfun$databaseExists$1(HiveExternalCatalog.scala:224)
[2024-09-13T13:24:18.236+0000] {spark_submit.py:579} INFO - at scala.runtime.java8.JFunction0$mcZ$sp.apply(JFunction0$mcZ$sp.java:23)
[2024-09-13T13:24:18.237+0000] {spark_submit.py:579} INFO - at org.apache.spark.sql.hive.HiveExternalCatalog.withClient(HiveExternalCatalog.scala:99)
[2024-09-13T13:24:18.238+0000] {spark_submit.py:579} INFO - at org.apache.spark.sql.hive.HiveExternalCatalog.databaseExists(HiveExternalCatalog.scala:224)
[2024-09-13T13:24:18.239+0000] {spark_submit.py:579} INFO - at org.apache.spark.sql.internal.SharedState.externalCatalog$lzycompute(SharedState.scala:146)
[2024-09-13T13:24:18.240+0000] {spark_submit.py:579} INFO - at org.apache.spark.sql.internal.SharedState.externalCatalog(SharedState.scala:140)
[2024-09-13T13:24:18.241+0000] {spark_submit.py:579} INFO - at org.apache.spark.sql.hive.HiveSessionStateBuilder.externalCatalog(HiveSessionStateBuilder.scala:54)
[2024-09-13T13:24:18.243+0000] {spark_submit.py:579} INFO - at org.apache.spark.sql.hive.HiveSessionStateBuilder.$anonfun$catalog$1(HiveSessionStateBuilder.scala:69)
[2024-09-13T13:24:18.244+0000] {spark_submit.py:579} INFO - at org.apache.spark.sql.catalyst.catalog.SessionCatalog.externalCatalog$lzycompute(SessionCatalog.scala:122)
[2024-09-13T13:24:18.245+0000] {spark_submit.py:579} INFO - at org.apache.spark.sql.catalyst.catalog.SessionCatalog.externalCatalog(SessionCatalog.scala:122)
[2024-09-13T13:24:18.246+0000] {spark_submit.py:579} INFO - at org.apache.spark.sql.catalyst.catalog.SessionCatalog.tableExists(SessionCatalog.scala:518)
[2024-09-13T13:24:18.248+0000] {spark_submit.py:579} INFO - at org.apache.spark.sql.DataFrameWriter.saveAsTable(DataFrameWriter.scala:641)
[2024-09-13T13:24:18.249+0000] {spark_submit.py:579} INFO - at org.apache.spark.sql.DataFrameWriter.saveAsTable(DataFrameWriter.scala:571)
[2024-09-13T13:24:18.250+0000] {spark_submit.py:579} INFO - at java.base/jdk.internal.reflect.NativeMethodAccessorImpl.invoke0(Native Method)
[2024-09-13T13:24:18.251+0000] {spark_submit.py:579} INFO - at java.base/jdk.internal.reflect.NativeMethodAccessorImpl.invoke(NativeMethodAccessorImpl.java:77)
[2024-09-13T13:24:18.252+0000] {spark_submit.py:579} INFO - at java.base/jdk.internal.reflect.DelegatingMethodAccessorImpl.invoke(DelegatingMethodAccessorImpl.java:43)
[2024-09-13T13:24:18.254+0000] {spark_submit.py:579} INFO - at java.base/java.lang.reflect.Method.invoke(Method.java:569)
[2024-09-13T13:24:18.255+0000] {spark_submit.py:579} INFO - at py4j.reflection.MethodInvoker.invoke(MethodInvoker.java:244)
[2024-09-13T13:24:18.262+0000] {spark_submit.py:579} INFO - at py4j.reflection.ReflectionEngine.invoke(ReflectionEngine.java:374)
[2024-09-13T13:24:18.265+0000] {spark_submit.py:579} INFO - at py4j.Gateway.invoke(Gateway.java:282)
[2024-09-13T13:24:18.266+0000] {spark_submit.py:579} INFO - at py4j.commands.AbstractCommand.invokeMethod(AbstractCommand.java:132)
[2024-09-13T13:24:18.267+0000] {spark_submit.py:579} INFO - at py4j.commands.CallCommand.execute(CallCommand.java:79)
[2024-09-13T13:24:18.268+0000] {spark_submit.py:579} INFO - at py4j.ClientServerConnection.waitForCommands(ClientServerConnection.java:182)
[2024-09-13T13:24:18.269+0000] {spark_submit.py:579} INFO - at py4j.ClientServerConnection.run(ClientServerConnection.java:106)
[2024-09-13T13:24:18.271+0000] {spark_submit.py:579} INFO - at java.base/java.lang.Thread.run(Thread.java:840)
[2024-09-13T13:24:18.272+0000] {spark_submit.py:579} INFO - Caused by: java.lang.RuntimeException: Unable to instantiate org.apache.hadoop.hive.ql.metadata.SessionHiveMetaStoreClient
[2024-09-13T13:24:18.273+0000] {spark_submit.py:579} INFO - at org.apache.hadoop.hive.metastore.MetaStoreUtils.newInstance(MetaStoreUtils.java:1742)
[2024-09-13T13:24:18.274+0000] {spark_submit.py:579} INFO - at org.apache.hadoop.hive.metastore.RetryingMetaStoreClient.<init>(RetryingMetaStoreClient.java:83)
[2024-09-13T13:24:18.275+0000] {spark_submit.py:579} INFO - at org.apache.hadoop.hive.metastore.RetryingMetaStoreClient.getProxy(RetryingMetaStoreClient.java:133)
[2024-09-13T13:24:18.276+0000] {spark_submit.py:579} INFO - at org.apache.hadoop.hive.metastore.RetryingMetaStoreClient.getProxy(RetryingMetaStoreClient.java:104)
[2024-09-13T13:24:18.277+0000] {spark_submit.py:579} INFO - at org.apache.hadoop.hive.ql.metadata.Hive.createMetaStoreClient(Hive.java:3607)
[2024-09-13T13:24:18.279+0000] {spark_submit.py:579} INFO - at org.apache.hadoop.hive.ql.metadata.Hive.getMSC(Hive.java:3659)
[2024-09-13T13:24:18.280+0000] {spark_submit.py:579} INFO - at org.apache.hadoop.hive.ql.metadata.Hive.getMSC(Hive.java:3639)
[2024-09-13T13:24:18.281+0000] {spark_submit.py:579} INFO - at org.apache.hadoop.hive.ql.metadata.Hive.getDatabase(Hive.java:1563)
[2024-09-13T13:24:18.282+0000] {spark_submit.py:579} INFO - ... 34 more
[2024-09-13T13:24:18.287+0000] {spark_submit.py:579} INFO - Caused by: java.lang.reflect.InvocationTargetException
[2024-09-13T13:24:18.288+0000] {spark_submit.py:579} INFO - at java.base/jdk.internal.reflect.NativeConstructorAccessorImpl.newInstance0(Native Method)
[2024-09-13T13:24:18.289+0000] {spark_submit.py:579} INFO - at java.base/jdk.internal.reflect.NativeConstructorAccessorImpl.newInstance(NativeConstructorAccessorImpl.java:77)
[2024-09-13T13:24:18.290+0000] {spark_submit.py:579} INFO - at java.base/jdk.internal.reflect.DelegatingConstructorAccessorImpl.newInstance(DelegatingConstructorAccessorImpl.java:45)
[2024-09-13T13:24:18.290+0000] {spark_submit.py:579} INFO - at java.base/java.lang.reflect.Constructor.newInstanceWithCaller(Constructor.java:500)
[2024-09-13T13:24:18.291+0000] {spark_submit.py:579} INFO - at java.base/java.lang.reflect.Constructor.newInstance(Constructor.java:481)
[2024-09-13T13:24:18.291+0000] {spark_submit.py:579} INFO - at org.apache.hadoop.hive.metastore.MetaStoreUtils.newInstance(MetaStoreUtils.java:1740)
[2024-09-13T13:24:18.292+0000] {spark_submit.py:579} INFO - ... 41 more
[2024-09-13T13:24:18.293+0000] {spark_submit.py:579} INFO - Caused by: MetaException(message:Could not connect to meta store using any of the URIs provided. Most recent failure: org.apache.thrift.transport.TTransportException: java.net.UnknownHostException: hive-metastore
[2024-09-13T13:24:18.294+0000] {spark_submit.py:579} INFO - at org.apache.thrift.transport.TSocket.open(TSocket.java:226)
[2024-09-13T13:24:18.294+0000] {spark_submit.py:579} INFO - at org.apache.hadoop.hive.metastore.HiveMetaStoreClient.open(HiveMetaStoreClient.java:478)
[2024-09-13T13:24:18.295+0000] {spark_submit.py:579} INFO - at org.apache.hadoop.hive.metastore.HiveMetaStoreClient.<init>(HiveMetaStoreClient.java:245)
[2024-09-13T13:24:18.296+0000] {spark_submit.py:579} INFO - at org.apache.hadoop.hive.ql.metadata.SessionHiveMetaStoreClient.<init>(SessionHiveMetaStoreClient.java:70)
[2024-09-13T13:24:18.297+0000] {spark_submit.py:579} INFO - at java.base/jdk.internal.reflect.NativeConstructorAccessorImpl.newInstance0(Native Method)
[2024-09-13T13:24:18.298+0000] {spark_submit.py:579} INFO - at java.base/jdk.internal.reflect.NativeConstructorAccessorImpl.newInstance(NativeConstructorAccessorImpl.java:77)
[2024-09-13T13:24:18.299+0000] {spark_submit.py:579} INFO - at java.base/jdk.internal.reflect.DelegatingConstructorAccessorImpl.newInstance(DelegatingConstructorAccessorImpl.java:45)
[2024-09-13T13:24:18.299+0000] {spark_submit.py:579} INFO - at java.base/java.lang.reflect.Constructor.newInstanceWithCaller(Constructor.java:500)
[2024-09-13T13:24:18.300+0000] {spark_submit.py:579} INFO - at java.base/java.lang.reflect.Constructor.newInstance(Constructor.java:481)
[2024-09-13T13:24:18.301+0000] {spark_submit.py:579} INFO - at org.apache.hadoop.hive.metastore.MetaStoreUtils.newInstance(MetaStoreUtils.java:1740)
[2024-09-13T13:24:18.301+0000] {spark_submit.py:579} INFO - at org.apache.hadoop.hive.metastore.RetryingMetaStoreClient.<init>(RetryingMetaStoreClient.java:83)
[2024-09-13T13:24:18.302+0000] {spark_submit.py:579} INFO - at org.apache.hadoop.hive.metastore.RetryingMetaStoreClient.getProxy(RetryingMetaStoreClient.java:133)
[2024-09-13T13:24:18.303+0000] {spark_submit.py:579} INFO - at org.apache.hadoop.hive.metastore.RetryingMetaStoreClient.getProxy(RetryingMetaStoreClient.java:104)
[2024-09-13T13:24:18.304+0000] {spark_submit.py:579} INFO - at org.apache.hadoop.hive.ql.metadata.Hive.createMetaStoreClient(Hive.java:3607)
[2024-09-13T13:24:18.304+0000] {spark_submit.py:579} INFO - at org.apache.hadoop.hive.ql.metadata.Hive.getMSC(Hive.java:3659)
[2024-09-13T13:24:18.305+0000] {spark_submit.py:579} INFO - at org.apache.hadoop.hive.ql.metadata.Hive.getMSC(Hive.java:3639)
[2024-09-13T13:24:18.306+0000] {spark_submit.py:579} INFO - at org.apache.hadoop.hive.ql.metadata.Hive.getDatabase(Hive.java:1563)
[2024-09-13T13:24:18.307+0000] {spark_submit.py:579} INFO - at org.apache.hadoop.hive.ql.metadata.Hive.databaseExists(Hive.java:1552)
[2024-09-13T13:24:18.308+0000] {spark_submit.py:579} INFO - at org.apache.spark.sql.hive.client.Shim_v0_12.databaseExists(HiveShim.scala:609)
[2024-09-13T13:24:18.309+0000] {spark_submit.py:579} INFO - at org.apache.spark.sql.hive.client.HiveClientImpl.$anonfun$databaseExists$1(HiveClientImpl.scala:406)
[2024-09-13T13:24:18.310+0000] {spark_submit.py:579} INFO - at scala.runtime.java8.JFunction0$mcZ$sp.apply(JFunction0$mcZ$sp.java:23)
[2024-09-13T13:24:18.311+0000] {spark_submit.py:579} INFO - at org.apache.spark.sql.hive.client.HiveClientImpl.$anonfun$withHiveState$1(HiveClientImpl.scala:303)
[2024-09-13T13:24:18.312+0000] {spark_submit.py:579} INFO - at org.apache.spark.sql.hive.client.HiveClientImpl.liftedTree1$1(HiveClientImpl.scala:234)
[2024-09-13T13:24:18.313+0000] {spark_submit.py:579} INFO - at org.apache.spark.sql.hive.client.HiveClientImpl.retryLocked(HiveClientImpl.scala:233)
[2024-09-13T13:24:18.314+0000] {spark_submit.py:579} INFO - at org.apache.spark.sql.hive.client.HiveClientImpl.withHiveState(HiveClientImpl.scala:283)
[2024-09-13T13:24:18.315+0000] {spark_submit.py:579} INFO - at org.apache.spark.sql.hive.client.HiveClientImpl.databaseExists(HiveClientImpl.scala:406)
[2024-09-13T13:24:18.316+0000] {spark_submit.py:579} INFO - at org.apache.spark.sql.hive.HiveExternalCatalog.$anonfun$databaseExists$1(HiveExternalCatalog.scala:224)
[2024-09-13T13:24:18.318+0000] {spark_submit.py:579} INFO - at scala.runtime.java8.JFunction0$mcZ$sp.apply(JFunction0$mcZ$sp.java:23)
[2024-09-13T13:24:18.319+0000] {spark_submit.py:579} INFO - at org.apache.spark.sql.hive.HiveExternalCatalog.withClient(HiveExternalCatalog.scala:99)
[2024-09-13T13:24:18.320+0000] {spark_submit.py:579} INFO - at org.apache.spark.sql.hive.HiveExternalCatalog.databaseExists(HiveExternalCatalog.scala:224)
[2024-09-13T13:24:18.321+0000] {spark_submit.py:579} INFO - at org.apache.spark.sql.internal.SharedState.externalCatalog$lzycompute(SharedState.scala:146)
[2024-09-13T13:24:18.323+0000] {spark_submit.py:579} INFO - at org.apache.spark.sql.internal.SharedState.externalCatalog(SharedState.scala:140)
[2024-09-13T13:24:18.324+0000] {spark_submit.py:579} INFO - at org.apache.spark.sql.hive.HiveSessionStateBuilder.externalCatalog(HiveSessionStateBuilder.scala:54)
[2024-09-13T13:24:18.325+0000] {spark_submit.py:579} INFO - at org.apache.spark.sql.hive.HiveSessionStateBuilder.$anonfun$catalog$1(HiveSessionStateBuilder.scala:69)
[2024-09-13T13:24:18.326+0000] {spark_submit.py:579} INFO - at org.apache.spark.sql.catalyst.catalog.SessionCatalog.externalCatalog$lzycompute(SessionCatalog.scala:122)
[2024-09-13T13:24:18.327+0000] {spark_submit.py:579} INFO - at org.apache.spark.sql.catalyst.catalog.SessionCatalog.externalCatalog(SessionCatalog.scala:122)
[2024-09-13T13:24:18.328+0000] {spark_submit.py:579} INFO - at org.apache.spark.sql.catalyst.catalog.SessionCatalog.tableExists(SessionCatalog.scala:518)
[2024-09-13T13:24:18.329+0000] {spark_submit.py:579} INFO - at org.apache.spark.sql.DataFrameWriter.saveAsTable(DataFrameWriter.scala:641)
[2024-09-13T13:24:18.330+0000] {spark_submit.py:579} INFO - at org.apache.spark.sql.DataFrameWriter.saveAsTable(DataFrameWriter.scala:571)
[2024-09-13T13:24:18.330+0000] {spark_submit.py:579} INFO - at java.base/jdk.internal.reflect.NativeMethodAccessorImpl.invoke0(Native Method)
[2024-09-13T13:24:18.331+0000] {spark_submit.py:579} INFO - at java.base/jdk.internal.reflect.NativeMethodAccessorImpl.invoke(NativeMethodAccessorImpl.java:77)
[2024-09-13T13:24:18.332+0000] {spark_submit.py:579} INFO - at java.base/jdk.internal.reflect.DelegatingMethodAccessorImpl.invoke(DelegatingMethodAccessorImpl.java:43)
[2024-09-13T13:24:18.333+0000] {spark_submit.py:579} INFO - at java.base/java.lang.reflect.Method.invoke(Method.java:569)
[2024-09-13T13:24:18.334+0000] {spark_submit.py:579} INFO - at py4j.reflection.MethodInvoker.invoke(MethodInvoker.java:244)
[2024-09-13T13:24:18.335+0000] {spark_submit.py:579} INFO - at py4j.reflection.ReflectionEngine.invoke(ReflectionEngine.java:374)
[2024-09-13T13:24:18.335+0000] {spark_submit.py:579} INFO - at py4j.Gateway.invoke(Gateway.java:282)
[2024-09-13T13:24:18.336+0000] {spark_submit.py:579} INFO - at py4j.commands.AbstractCommand.invokeMethod(AbstractCommand.java:132)
[2024-09-13T13:24:18.337+0000] {spark_submit.py:579} INFO - at py4j.commands.CallCommand.execute(CallCommand.java:79)
[2024-09-13T13:24:18.338+0000] {spark_submit.py:579} INFO - at py4j.ClientServerConnection.waitForCommands(ClientServerConnection.java:182)
[2024-09-13T13:24:18.339+0000] {spark_submit.py:579} INFO - at py4j.ClientServerConnection.run(ClientServerConnection.java:106)
[2024-09-13T13:24:18.340+0000] {spark_submit.py:579} INFO - at java.base/java.lang.Thread.run(Thread.java:840)
[2024-09-13T13:24:18.341+0000] {spark_submit.py:579} INFO - Caused by: java.net.UnknownHostException: hive-metastore
[2024-09-13T13:24:18.342+0000] {spark_submit.py:579} INFO - at java.base/sun.nio.ch.NioSocketImpl.connect(NioSocketImpl.java:572)
[2024-09-13T13:24:18.343+0000] {spark_submit.py:579} INFO - at java.base/java.net.SocksSocketImpl.connect(SocksSocketImpl.java:327)
[2024-09-13T13:24:18.345+0000] {spark_submit.py:579} INFO - at java.base/java.net.Socket.connect(Socket.java:633)
[2024-09-13T13:24:18.346+0000] {spark_submit.py:579} INFO - at org.apache.thrift.transport.TSocket.open(TSocket.java:221)
[2024-09-13T13:24:18.347+0000] {spark_submit.py:579} INFO - ... 50 more
[2024-09-13T13:24:18.348+0000] {spark_submit.py:579} INFO - )
[2024-09-13T13:24:18.349+0000] {spark_submit.py:579} INFO - at org.apache.hadoop.hive.metastore.HiveMetaStoreClient.open(HiveMetaStoreClient.java:527)
[2024-09-13T13:24:18.350+0000] {spark_submit.py:579} INFO - at org.apache.hadoop.hive.metastore.HiveMetaStoreClient.<init>(HiveMetaStoreClient.java:245)
[2024-09-13T13:24:18.350+0000] {spark_submit.py:579} INFO - at org.apache.hadoop.hive.ql.metadata.SessionHiveMetaStoreClient.<init>(SessionHiveMetaStoreClient.java:70)
[2024-09-13T13:24:18.352+0000] {spark_submit.py:579} INFO - ... 47 more
[2024-09-13T13:24:19.222+0000] {spark_submit.py:579} INFO - 24/09/13 13:24:19 WARN HiveClientImpl: Deadline exceeded
[2024-09-13T13:24:19.688+0000] {spark_submit.py:579} INFO - Traceback (most recent call last):
[2024-09-13T13:24:19.689+0000] {spark_submit.py:579} INFO - File "/opt/***/dags/spark_job.py", line 80, in <module>
[2024-09-13T13:24:19.692+0000] {spark_submit.py:579} INFO - final_table.write.mode("overwrite").saveAsTable("pc_makers")
[2024-09-13T13:24:19.693+0000] {spark_submit.py:579} INFO - File "/home/***/.local/lib/python3.12/site-packages/pyspark/sql/readwriter.py", line 1586, in saveAsTable
[2024-09-13T13:24:19.694+0000] {spark_submit.py:579} INFO - self._jwrite.saveAsTable(name)
[2024-09-13T13:24:19.694+0000] {spark_submit.py:579} INFO - File "/home/***/.local/lib/python3.12/site-packages/py4j/java_gateway.py", line 1322, in __call__
[2024-09-13T13:24:19.696+0000] {spark_submit.py:579} INFO - return_value = get_return_value(
[2024-09-13T13:24:19.697+0000] {spark_submit.py:579} INFO - ^^^^^^^^^^^^^^^^^
[2024-09-13T13:24:19.697+0000] {spark_submit.py:579} INFO - File "/home/***/.local/lib/python3.12/site-packages/pyspark/errors/exceptions/captured.py", line 185, in deco
[2024-09-13T13:24:19.698+0000] {spark_submit.py:579} INFO - raise converted from None
[2024-09-13T13:24:19.708+0000] {spark_submit.py:579} INFO - pyspark.errors.exceptions.captured.AnalysisException: org.apache.hadoop.hive.ql.metadata.HiveException: java.lang.RuntimeException: Unable to instantiate org.apache.hadoop.hive.ql.metadata.SessionHiveMetaStoreClient
[2024-09-13T13:24:19.808+0000] {spark_submit.py:579} INFO - 24/09/13 13:24:19 INFO SparkContext: Invoking stop() from shutdown hook
[2024-09-13T13:24:19.809+0000] {spark_submit.py:579} INFO - 24/09/13 13:24:19 INFO SparkContext: SparkContext is stopping with exitCode 0.
[2024-09-13T13:24:19.835+0000] {spark_submit.py:579} INFO - 24/09/13 13:24:19 INFO SparkUI: Stopped Spark web UI at http://abca638f616d:4040
[2024-09-13T13:24:19.871+0000] {spark_submit.py:579} INFO - 24/09/13 13:24:19 INFO MapOutputTrackerMasterEndpoint: MapOutputTrackerMasterEndpoint stopped!
[2024-09-13T13:24:19.898+0000] {spark_submit.py:579} INFO - 24/09/13 13:24:19 INFO MemoryStore: MemoryStore cleared
[2024-09-13T13:24:19.899+0000] {spark_submit.py:579} INFO - 24/09/13 13:24:19 INFO BlockManager: BlockManager stopped
[2024-09-13T13:24:19.908+0000] {spark_submit.py:579} INFO - 24/09/13 13:24:19 INFO BlockManagerMaster: BlockManagerMaster stopped
[2024-09-13T13:24:19.915+0000] {spark_submit.py:579} INFO - 24/09/13 13:24:19 INFO OutputCommitCoordinator$OutputCommitCoordinatorEndpoint: OutputCommitCoordinator stopped!
[2024-09-13T13:24:19.937+0000] {spark_submit.py:579} INFO - 24/09/13 13:24:19 INFO SparkContext: Successfully stopped SparkContext
[2024-09-13T13:24:19.938+0000] {spark_submit.py:579} INFO - 24/09/13 13:24:19 INFO ShutdownHookManager: Shutdown hook called
[2024-09-13T13:24:19.939+0000] {spark_submit.py:579} INFO - 24/09/13 13:24:19 INFO ShutdownHookManager: Deleting directory /tmp/spark-4046b6cd-7d1d-4a13-ad60-98634fe2a980
[2024-09-13T13:24:19.951+0000] {spark_submit.py:579} INFO - 24/09/13 13:24:19 INFO ShutdownHookManager: Deleting directory /tmp/spark-2ca7d437-5139-465f-bb14-df0d00f63478
[2024-09-13T13:24:19.961+0000] {spark_submit.py:579} INFO - 24/09/13 13:24:19 INFO ShutdownHookManager: Deleting directory /tmp/spark-2ca7d437-5139-465f-bb14-df0d00f63478/pyspark-18f96eee-a570-4508-9c80-6eb9f08eb024
[2024-09-13T13:24:20.056+0000] {taskinstance.py:3310} ERROR - Task failed with exception
Traceback (most recent call last):
  File "/home/airflow/.local/lib/python3.12/site-packages/airflow/models/taskinstance.py", line 767, in _execute_task
    result = _execute_callable(context=context, **execute_callable_kwargs)
             ^^^^^^^^^^^^^^^^^^^^^^^^^^^^^^^^^^^^^^^^^^^^^^^^^^^^^^^^^^^^^
  File "/home/airflow/.local/lib/python3.12/site-packages/airflow/models/taskinstance.py", line 733, in _execute_callable
    return ExecutionCallableRunner(
           ^^^^^^^^^^^^^^^^^^^^^^^^
  File "/home/airflow/.local/lib/python3.12/site-packages/airflow/utils/operator_helpers.py", line 252, in run
    return self.func(*args, **kwargs)
           ^^^^^^^^^^^^^^^^^^^^^^^^^^
  File "/home/airflow/.local/lib/python3.12/site-packages/airflow/models/baseoperator.py", line 406, in wrapper
    return func(self, *args, **kwargs)
           ^^^^^^^^^^^^^^^^^^^^^^^^^^^
  File "/home/airflow/.local/lib/python3.12/site-packages/airflow/providers/apache/spark/operators/spark_submit.py", line 174, in execute
    self._hook.submit(self.application)
  File "/home/airflow/.local/lib/python3.12/site-packages/airflow/providers/apache/spark/hooks/spark_submit.py", line 505, in submit
    raise AirflowException(
airflow.exceptions.AirflowException: Cannot execute: spark-submit --master spark://spark-master:7077 --conf spark.master=spark://spark-master:7077 --name arrow-spark --verbose --deploy-mode client /opt/***/dags/spark_job.py. Error code is: 1.
[2024-09-13T13:24:20.081+0000] {taskinstance.py:1225} INFO - Marking task as UP_FOR_RETRY. dag_id=spark_find_makers_dag, task_id=spark_submit_task, run_id=scheduled__2024-09-12T00:00:00+00:00, execution_date=20240912T000000, start_date=20240913T132350, end_date=20240913T132420
[2024-09-13T13:24:20.124+0000] {taskinstance.py:340} INFO - ::group::Post task execution logs
[2024-09-13T13:24:20.125+0000] {standard_task_runner.py:124} ERROR - Failed to execute job 643 for task spark_submit_task (Cannot execute: spark-submit --master spark://spark-master:7077 --conf spark.master=spark://spark-master:7077 --name arrow-spark --verbose --deploy-mode client /opt/***/dags/spark_job.py. Error code is: 1.; 661)
Traceback (most recent call last):
  File "/home/airflow/.local/lib/python3.12/site-packages/airflow/task/task_runner/standard_task_runner.py", line 117, in _start_by_fork
    ret = args.func(args, dag=self.dag)
          ^^^^^^^^^^^^^^^^^^^^^^^^^^^^^
  File "/home/airflow/.local/lib/python3.12/site-packages/airflow/cli/cli_config.py", line 49, in command
    return func(*args, **kwargs)
           ^^^^^^^^^^^^^^^^^^^^^
  File "/home/airflow/.local/lib/python3.12/site-packages/airflow/utils/cli.py", line 115, in wrapper
    return f(*args, **kwargs)
           ^^^^^^^^^^^^^^^^^^
  File "/home/airflow/.local/lib/python3.12/site-packages/airflow/cli/commands/task_command.py", line 483, in task_run
    task_return_code = _run_task_by_selected_method(args, _dag, ti)
                       ^^^^^^^^^^^^^^^^^^^^^^^^^^^^^^^^^^^^^^^^^^^^
  File "/home/airflow/.local/lib/python3.12/site-packages/airflow/cli/commands/task_command.py", line 256, in _run_task_by_selected_method
    return _run_raw_task(args, ti)
           ^^^^^^^^^^^^^^^^^^^^^^^
  File "/home/airflow/.local/lib/python3.12/site-packages/airflow/cli/commands/task_command.py", line 341, in _run_raw_task
    return ti._run_raw_task(
           ^^^^^^^^^^^^^^^^^
  File "/home/airflow/.local/lib/python3.12/site-packages/airflow/utils/session.py", line 97, in wrapper
    return func(*args, session=session, **kwargs)
           ^^^^^^^^^^^^^^^^^^^^^^^^^^^^^^^^^^^^^^
  File "/home/airflow/.local/lib/python3.12/site-packages/airflow/models/taskinstance.py", line 3004, in _run_raw_task
    return _run_raw_task(
           ^^^^^^^^^^^^^^
  File "/home/airflow/.local/lib/python3.12/site-packages/airflow/models/taskinstance.py", line 273, in _run_raw_task
    TaskInstance._execute_task_with_callbacks(
  File "/home/airflow/.local/lib/python3.12/site-packages/airflow/models/taskinstance.py", line 3158, in _execute_task_with_callbacks
    result = self._execute_task(context, task_orig)
             ^^^^^^^^^^^^^^^^^^^^^^^^^^^^^^^^^^^^^^
  File "/home/airflow/.local/lib/python3.12/site-packages/airflow/models/taskinstance.py", line 3182, in _execute_task
    return _execute_task(self, context, task_orig)
           ^^^^^^^^^^^^^^^^^^^^^^^^^^^^^^^^^^^^^^^
  File "/home/airflow/.local/lib/python3.12/site-packages/airflow/models/taskinstance.py", line 767, in _execute_task
    result = _execute_callable(context=context, **execute_callable_kwargs)
             ^^^^^^^^^^^^^^^^^^^^^^^^^^^^^^^^^^^^^^^^^^^^^^^^^^^^^^^^^^^^^
  File "/home/airflow/.local/lib/python3.12/site-packages/airflow/models/taskinstance.py", line 733, in _execute_callable
    return ExecutionCallableRunner(
           ^^^^^^^^^^^^^^^^^^^^^^^^
  File "/home/airflow/.local/lib/python3.12/site-packages/airflow/utils/operator_helpers.py", line 252, in run
    return self.func(*args, **kwargs)
           ^^^^^^^^^^^^^^^^^^^^^^^^^^
  File "/home/airflow/.local/lib/python3.12/site-packages/airflow/models/baseoperator.py", line 406, in wrapper
    return func(self, *args, **kwargs)
           ^^^^^^^^^^^^^^^^^^^^^^^^^^^
  File "/home/airflow/.local/lib/python3.12/site-packages/airflow/providers/apache/spark/operators/spark_submit.py", line 174, in execute
    self._hook.submit(self.application)
  File "/home/airflow/.local/lib/python3.12/site-packages/airflow/providers/apache/spark/hooks/spark_submit.py", line 505, in submit
    raise AirflowException(
airflow.exceptions.AirflowException: Cannot execute: spark-submit --master spark://spark-master:7077 --conf spark.master=spark://spark-master:7077 --name arrow-spark --verbose --deploy-mode client /opt/***/dags/spark_job.py. Error code is: 1.
[2024-09-13T13:24:20.158+0000] {local_task_job_runner.py:266} INFO - Task exited with return code 1
[2024-09-13T13:24:20.183+0000] {taskinstance.py:3900} INFO - 0 downstream tasks scheduled from follow-on schedule check
[2024-09-13T13:24:20.190+0000] {local_task_job_runner.py:245} INFO - ::endgroup::
