[2024-09-12T08:21:04.009+0000] {local_task_job_runner.py:123} INFO - ::group::Pre task execution logs
[2024-09-12T08:21:04.048+0000] {taskinstance.py:2612} INFO - Dependencies all met for dep_context=non-requeueable deps ti=<TaskInstance: simple_example_dag.bash_task scheduled__2024-09-11T00:00:00+00:00 [queued]>
[2024-09-12T08:21:04.068+0000] {taskinstance.py:2612} INFO - Dependencies all met for dep_context=requeueable deps ti=<TaskInstance: simple_example_dag.bash_task scheduled__2024-09-11T00:00:00+00:00 [queued]>
[2024-09-12T08:21:04.069+0000] {taskinstance.py:2865} INFO - Starting attempt 1 of 4
[2024-09-12T08:21:04.093+0000] {taskinstance.py:2888} INFO - Executing <Task(BashOperator): bash_task> on 2024-09-11 00:00:00+00:00
[2024-09-12T08:21:04.107+0000] {warnings.py:112} WARNING - /home/***/.local/lib/python3.12/site-packages/***/task/task_runner/standard_task_runner.py:70: DeprecationWarning: This process (pid=152) is multi-threaded, use of fork() may lead to deadlocks in the child.
  pid = os.fork()

[2024-09-12T08:21:04.110+0000] {standard_task_runner.py:72} INFO - Started process 154 to run task
[2024-09-12T08:21:04.111+0000] {standard_task_runner.py:104} INFO - Running: ['***', 'tasks', 'run', 'simple_example_dag', 'bash_task', 'scheduled__2024-09-11T00:00:00+00:00', '--job-id', '315', '--raw', '--subdir', 'DAGS_FOLDER/first_dag.py', '--cfg-path', '/tmp/tmpc26n6izm']
[2024-09-12T08:21:04.114+0000] {standard_task_runner.py:105} INFO - Job 315: Subtask bash_task
[2024-09-12T08:21:04.209+0000] {task_command.py:467} INFO - Running <TaskInstance: simple_example_dag.bash_task scheduled__2024-09-11T00:00:00+00:00 [running]> on host 2d1ccf336ee9
[2024-09-12T08:21:04.419+0000] {taskinstance.py:3131} INFO - Exporting env vars: AIRFLOW_CTX_DAG_OWNER='Denis' AIRFLOW_CTX_DAG_ID='simple_example_dag' AIRFLOW_CTX_TASK_ID='bash_task' AIRFLOW_CTX_EXECUTION_DATE='2024-09-11T00:00:00+00:00' AIRFLOW_CTX_TRY_NUMBER='1' AIRFLOW_CTX_DAG_RUN_ID='scheduled__2024-09-11T00:00:00+00:00'
[2024-09-12T08:21:04.421+0000] {taskinstance.py:731} INFO - ::endgroup::
[2024-09-12T08:21:04.457+0000] {subprocess.py:63} INFO - Tmp dir root location: /tmp
[2024-09-12T08:21:04.461+0000] {subprocess.py:75} INFO - Running command: ['/usr/bin/bash', '-c', 'echo "Processing Denis and role - Data Engineer"']
[2024-09-12T08:21:04.490+0000] {subprocess.py:86} INFO - Output:
[2024-09-12T08:21:04.493+0000] {subprocess.py:93} INFO - Processing Denis and role - Data Engineer
[2024-09-12T08:21:04.494+0000] {subprocess.py:97} INFO - Command exited with return code 0
[2024-09-12T08:21:04.547+0000] {taskinstance.py:340} INFO - ::group::Post task execution logs
[2024-09-12T08:21:04.549+0000] {taskinstance.py:352} INFO - Marking task as SUCCESS. dag_id=simple_example_dag, task_id=bash_task, run_id=scheduled__2024-09-11T00:00:00+00:00, execution_date=20240911T000000, start_date=20240912T082104, end_date=20240912T082104
[2024-09-12T08:21:04.611+0000] {local_task_job_runner.py:266} INFO - Task exited with return code 0
[2024-09-12T08:21:04.643+0000] {taskinstance.py:3900} INFO - 0 downstream tasks scheduled from follow-on schedule check
[2024-09-12T08:21:04.647+0000] {local_task_job_runner.py:245} INFO - ::endgroup::
