[2024-09-10T17:33:38.113+0000] {local_task_job_runner.py:123} INFO - ::group::Pre task execution logs
[2024-09-10T17:33:38.159+0000] {taskinstance.py:2612} INFO - Dependencies all met for dep_context=non-requeueable deps ti=<TaskInstance: max_min_dag.bash_task manual__2024-09-10T17:33:30.843716+00:00 [queued]>
[2024-09-10T17:33:38.181+0000] {taskinstance.py:2612} INFO - Dependencies all met for dep_context=requeueable deps ti=<TaskInstance: max_min_dag.bash_task manual__2024-09-10T17:33:30.843716+00:00 [queued]>
[2024-09-10T17:33:38.182+0000] {taskinstance.py:2865} INFO - Starting attempt 1 of 4
[2024-09-10T17:33:38.212+0000] {taskinstance.py:2888} INFO - Executing <Task(BashOperator): bash_task> on 2024-09-10 17:33:30.843716+00:00
[2024-09-10T17:33:38.223+0000] {warnings.py:112} WARNING - /home/***/.local/lib/python3.12/site-packages/***/task/task_runner/standard_task_runner.py:70: DeprecationWarning: This process (pid=126) is multi-threaded, use of fork() may lead to deadlocks in the child.
  pid = os.fork()

[2024-09-10T17:33:38.225+0000] {standard_task_runner.py:72} INFO - Started process 127 to run task
[2024-09-10T17:33:38.227+0000] {standard_task_runner.py:104} INFO - Running: ['***', 'tasks', 'run', 'max_min_dag', 'bash_task', 'manual__2024-09-10T17:33:30.843716+00:00', '--job-id', '117', '--raw', '--subdir', 'DAGS_FOLDER/simple_dag.py', '--cfg-path', '/tmp/tmpoj0xvmx8']
[2024-09-10T17:33:38.229+0000] {standard_task_runner.py:105} INFO - Job 117: Subtask bash_task
[2024-09-10T17:33:38.313+0000] {task_command.py:467} INFO - Running <TaskInstance: max_min_dag.bash_task manual__2024-09-10T17:33:30.843716+00:00 [running]> on host 0a0201be4888
[2024-09-10T17:33:38.508+0000] {taskinstance.py:3131} INFO - Exporting env vars: AIRFLOW_CTX_DAG_OWNER='Denis' AIRFLOW_CTX_DAG_ID='max_min_dag' AIRFLOW_CTX_TASK_ID='bash_task' AIRFLOW_CTX_EXECUTION_DATE='2024-09-10T17:33:30.843716+00:00' AIRFLOW_CTX_TRY_NUMBER='1' AIRFLOW_CTX_DAG_RUN_ID='manual__2024-09-10T17:33:30.843716+00:00'
[2024-09-10T17:33:38.513+0000] {taskinstance.py:731} INFO - ::endgroup::
[2024-09-10T17:33:38.541+0000] {subprocess.py:63} INFO - Tmp dir root location: /tmp
[2024-09-10T17:33:38.545+0000] {subprocess.py:75} INFO - Running command: ['/usr/bin/bash', '-c', 'echo "Минимальное значение - 2,           Максимальное значение - 100"']
[2024-09-10T17:33:38.571+0000] {subprocess.py:86} INFO - Output:
[2024-09-10T17:33:38.583+0000] {subprocess.py:93} INFO - Минимальное значение - 2,           Максимальное значение - 100
[2024-09-10T17:33:38.584+0000] {subprocess.py:97} INFO - Command exited with return code 0
[2024-09-10T17:33:38.633+0000] {taskinstance.py:340} INFO - ::group::Post task execution logs
[2024-09-10T17:33:38.635+0000] {taskinstance.py:352} INFO - Marking task as SUCCESS. dag_id=max_min_dag, task_id=bash_task, run_id=manual__2024-09-10T17:33:30.843716+00:00, execution_date=20240910T173330, start_date=20240910T173338, end_date=20240910T173338
[2024-09-10T17:33:38.685+0000] {local_task_job_runner.py:266} INFO - Task exited with return code 0
[2024-09-10T17:33:38.721+0000] {taskinstance.py:3900} INFO - 0 downstream tasks scheduled from follow-on schedule check
[2024-09-10T17:33:38.725+0000] {local_task_job_runner.py:245} INFO - ::endgroup::
