[2024-09-09T16:53:16.179+0000] {local_task_job_runner.py:123} INFO - ::group::Pre task execution logs
[2024-09-09T16:53:16.214+0000] {taskinstance.py:2612} INFO - Dependencies all met for dep_context=non-requeueable deps ti=<TaskInstance: simple_example_dag.bash_task manual__2024-09-09T16:42:12.992273+00:00 [queued]>
[2024-09-09T16:53:16.230+0000] {taskinstance.py:2612} INFO - Dependencies all met for dep_context=requeueable deps ti=<TaskInstance: simple_example_dag.bash_task manual__2024-09-09T16:42:12.992273+00:00 [queued]>
[2024-09-09T16:53:16.231+0000] {taskinstance.py:2865} INFO - Starting attempt 2 of 5
[2024-09-09T16:53:16.255+0000] {taskinstance.py:2888} INFO - Executing <Task(BashOperator): bash_task> on 2024-09-09 16:42:12.992273+00:00
[2024-09-09T16:53:16.267+0000] {warnings.py:112} WARNING - /home/***/.local/lib/python3.12/site-packages/***/task/task_runner/standard_task_runner.py:70: DeprecationWarning: This process (pid=89) is multi-threaded, use of fork() may lead to deadlocks in the child.
  pid = os.fork()

[2024-09-09T16:53:16.272+0000] {standard_task_runner.py:72} INFO - Started process 90 to run task
[2024-09-09T16:53:16.274+0000] {standard_task_runner.py:104} INFO - Running: ['***', 'tasks', 'run', 'simple_example_dag', 'bash_task', 'manual__2024-09-09T16:42:12.992273+00:00', '--job-id', '64', '--raw', '--subdir', 'DAGS_FOLDER/first_dag.py', '--cfg-path', '/tmp/tmpt5kknvdm']
[2024-09-09T16:53:16.284+0000] {standard_task_runner.py:105} INFO - Job 64: Subtask bash_task
[2024-09-09T16:53:16.392+0000] {task_command.py:467} INFO - Running <TaskInstance: simple_example_dag.bash_task manual__2024-09-09T16:42:12.992273+00:00 [running]> on host 0a0201be4888
[2024-09-09T16:53:16.676+0000] {taskinstance.py:3131} INFO - Exporting env vars: AIRFLOW_CTX_DAG_OWNER='Denis' AIRFLOW_CTX_DAG_ID='simple_example_dag' AIRFLOW_CTX_TASK_ID='bash_task' AIRFLOW_CTX_EXECUTION_DATE='2024-09-09T16:42:12.992273+00:00' AIRFLOW_CTX_TRY_NUMBER='2' AIRFLOW_CTX_DAG_RUN_ID='manual__2024-09-09T16:42:12.992273+00:00'
[2024-09-09T16:53:16.679+0000] {taskinstance.py:731} INFO - ::endgroup::
[2024-09-09T16:53:16.731+0000] {subprocess.py:63} INFO - Tmp dir root location: /tmp
[2024-09-09T16:53:16.735+0000] {subprocess.py:75} INFO - Running command: ['/usr/bin/bash', '-c', 'echo "Processing Denis and role - Data Engineer"']
[2024-09-09T16:53:16.776+0000] {subprocess.py:86} INFO - Output:
[2024-09-09T16:53:16.786+0000] {subprocess.py:93} INFO - Processing Denis and role - Data Engineer
[2024-09-09T16:53:16.787+0000] {subprocess.py:97} INFO - Command exited with return code 0
[2024-09-09T16:53:16.851+0000] {taskinstance.py:340} INFO - ::group::Post task execution logs
[2024-09-09T16:53:16.852+0000] {taskinstance.py:352} INFO - Marking task as SUCCESS. dag_id=simple_example_dag, task_id=bash_task, run_id=manual__2024-09-09T16:42:12.992273+00:00, execution_date=20240909T164212, start_date=20240909T165316, end_date=20240909T165316
[2024-09-09T16:53:16.895+0000] {local_task_job_runner.py:266} INFO - Task exited with return code 0
[2024-09-09T16:53:16.928+0000] {taskinstance.py:3900} INFO - 0 downstream tasks scheduled from follow-on schedule check
[2024-09-09T16:53:16.932+0000] {local_task_job_runner.py:245} INFO - ::endgroup::
