[2024-09-09T11:00:57.759+0000] {processor.py:186} INFO - Started process (PID=119) to work on /home/airflow/.local/lib/python3.12/site-packages/airflow/example_dags/example_setup_teardown.py
[2024-09-09T11:00:57.761+0000] {processor.py:914} INFO - Processing file /home/airflow/.local/lib/python3.12/site-packages/airflow/example_dags/example_setup_teardown.py for tasks to queue
[2024-09-09T11:00:57.766+0000] {logging_mixin.py:190} INFO - [2024-09-09T11:00:57.765+0000] {dagbag.py:587} INFO - Filling up the DagBag from /home/airflow/.local/lib/python3.12/site-packages/airflow/example_dags/example_setup_teardown.py
[2024-09-09T11:00:57.783+0000] {processor.py:925} INFO - DAG(s) 'example_setup_teardown' retrieved from /home/airflow/.local/lib/python3.12/site-packages/airflow/example_dags/example_setup_teardown.py
[2024-09-09T11:00:58.019+0000] {logging_mixin.py:190} INFO - [2024-09-09T11:00:58.018+0000] {override.py:1900} INFO - Created Permission View: can delete on DAG:example_setup_teardown
[2024-09-09T11:00:58.038+0000] {logging_mixin.py:190} INFO - [2024-09-09T11:00:58.038+0000] {override.py:1900} INFO - Created Permission View: can edit on DAG:example_setup_teardown
[2024-09-09T11:00:58.052+0000] {logging_mixin.py:190} INFO - [2024-09-09T11:00:58.051+0000] {override.py:1900} INFO - Created Permission View: can read on DAG:example_setup_teardown
[2024-09-09T11:00:58.069+0000] {logging_mixin.py:190} INFO - [2024-09-09T11:00:58.068+0000] {override.py:1900} INFO - Created Permission View: can delete on DAG Run:example_setup_teardown
[2024-09-09T11:00:58.085+0000] {logging_mixin.py:190} INFO - [2024-09-09T11:00:58.085+0000] {override.py:1900} INFO - Created Permission View: can create on DAG Run:example_setup_teardown
[2024-09-09T11:00:58.100+0000] {logging_mixin.py:190} INFO - [2024-09-09T11:00:58.099+0000] {override.py:1900} INFO - Created Permission View: can read on DAG Run:example_setup_teardown
[2024-09-09T11:00:58.116+0000] {logging_mixin.py:190} INFO - [2024-09-09T11:00:58.116+0000] {override.py:1900} INFO - Created Permission View: menu access on DAG Run:example_setup_teardown
[2024-09-09T11:00:58.118+0000] {logging_mixin.py:190} INFO - [2024-09-09T11:00:58.117+0000] {dag.py:3229} INFO - Sync 1 DAGs
[2024-09-09T11:00:58.150+0000] {logging_mixin.py:190} INFO - [2024-09-09T11:00:58.150+0000] {dag.py:3252} INFO - Creating ORM DAG for example_setup_teardown
[2024-09-09T11:00:58.153+0000] {logging_mixin.py:190} INFO - [2024-09-09T11:00:58.152+0000] {dag.py:4156} INFO - Setting next_dagrun for example_setup_teardown to None, run_after=None
[2024-09-09T11:00:58.192+0000] {processor.py:208} INFO - Processing /home/airflow/.local/lib/python3.12/site-packages/airflow/example_dags/example_setup_teardown.py took 0.443 seconds
[2024-09-09T11:09:00.989+0000] {processor.py:186} INFO - Started process (PID=108) to work on /home/airflow/.local/lib/python3.12/site-packages/airflow/example_dags/example_setup_teardown.py
[2024-09-09T11:09:00.991+0000] {processor.py:914} INFO - Processing file /home/airflow/.local/lib/python3.12/site-packages/airflow/example_dags/example_setup_teardown.py for tasks to queue
[2024-09-09T11:09:01.020+0000] {logging_mixin.py:190} INFO - [2024-09-09T11:09:01.020+0000] {dagbag.py:587} INFO - Filling up the DagBag from /home/airflow/.local/lib/python3.12/site-packages/airflow/example_dags/example_setup_teardown.py
[2024-09-09T11:09:01.039+0000] {processor.py:925} INFO - DAG(s) 'example_setup_teardown' retrieved from /home/airflow/.local/lib/python3.12/site-packages/airflow/example_dags/example_setup_teardown.py
[2024-09-09T11:09:01.079+0000] {logging_mixin.py:190} INFO - [2024-09-09T11:09:01.078+0000] {dag.py:3229} INFO - Sync 1 DAGs
[2024-09-09T11:09:01.105+0000] {logging_mixin.py:190} INFO - [2024-09-09T11:09:01.104+0000] {dag.py:4156} INFO - Setting next_dagrun for example_setup_teardown to None, run_after=None
[2024-09-09T11:09:01.143+0000] {processor.py:208} INFO - Processing /home/airflow/.local/lib/python3.12/site-packages/airflow/example_dags/example_setup_teardown.py took 0.163 seconds
[2024-09-09T11:09:31.393+0000] {processor.py:186} INFO - Started process (PID=169) to work on /home/airflow/.local/lib/python3.12/site-packages/airflow/example_dags/example_setup_teardown.py
[2024-09-09T11:09:31.394+0000] {processor.py:914} INFO - Processing file /home/airflow/.local/lib/python3.12/site-packages/airflow/example_dags/example_setup_teardown.py for tasks to queue
[2024-09-09T11:09:31.398+0000] {logging_mixin.py:190} INFO - [2024-09-09T11:09:31.398+0000] {dagbag.py:587} INFO - Filling up the DagBag from /home/airflow/.local/lib/python3.12/site-packages/airflow/example_dags/example_setup_teardown.py
[2024-09-09T11:09:31.409+0000] {processor.py:925} INFO - DAG(s) 'example_setup_teardown' retrieved from /home/airflow/.local/lib/python3.12/site-packages/airflow/example_dags/example_setup_teardown.py
[2024-09-09T11:09:31.441+0000] {logging_mixin.py:190} INFO - [2024-09-09T11:09:31.441+0000] {dag.py:3229} INFO - Sync 1 DAGs
[2024-09-09T11:09:31.463+0000] {logging_mixin.py:190} INFO - [2024-09-09T11:09:31.463+0000] {dag.py:4156} INFO - Setting next_dagrun for example_setup_teardown to None, run_after=None
[2024-09-09T11:09:31.494+0000] {processor.py:208} INFO - Processing /home/airflow/.local/lib/python3.12/site-packages/airflow/example_dags/example_setup_teardown.py took 0.109 seconds
[2024-09-09T11:10:02.286+0000] {processor.py:186} INFO - Started process (PID=232) to work on /home/airflow/.local/lib/python3.12/site-packages/airflow/example_dags/example_setup_teardown.py
[2024-09-09T11:10:02.287+0000] {processor.py:914} INFO - Processing file /home/airflow/.local/lib/python3.12/site-packages/airflow/example_dags/example_setup_teardown.py for tasks to queue
[2024-09-09T11:10:02.291+0000] {logging_mixin.py:190} INFO - [2024-09-09T11:10:02.291+0000] {dagbag.py:587} INFO - Filling up the DagBag from /home/airflow/.local/lib/python3.12/site-packages/airflow/example_dags/example_setup_teardown.py
[2024-09-09T11:10:02.305+0000] {processor.py:925} INFO - DAG(s) 'example_setup_teardown' retrieved from /home/airflow/.local/lib/python3.12/site-packages/airflow/example_dags/example_setup_teardown.py
[2024-09-09T11:10:02.341+0000] {logging_mixin.py:190} INFO - [2024-09-09T11:10:02.340+0000] {dag.py:3229} INFO - Sync 1 DAGs
[2024-09-09T11:10:02.367+0000] {logging_mixin.py:190} INFO - [2024-09-09T11:10:02.367+0000] {dag.py:4156} INFO - Setting next_dagrun for example_setup_teardown to None, run_after=None
[2024-09-09T11:10:02.408+0000] {processor.py:208} INFO - Processing /home/airflow/.local/lib/python3.12/site-packages/airflow/example_dags/example_setup_teardown.py took 0.131 seconds
[2024-09-09T11:10:33.065+0000] {processor.py:186} INFO - Started process (PID=294) to work on /home/airflow/.local/lib/python3.12/site-packages/airflow/example_dags/example_setup_teardown.py
[2024-09-09T11:10:33.067+0000] {processor.py:914} INFO - Processing file /home/airflow/.local/lib/python3.12/site-packages/airflow/example_dags/example_setup_teardown.py for tasks to queue
[2024-09-09T11:10:33.071+0000] {logging_mixin.py:190} INFO - [2024-09-09T11:10:33.070+0000] {dagbag.py:587} INFO - Filling up the DagBag from /home/airflow/.local/lib/python3.12/site-packages/airflow/example_dags/example_setup_teardown.py
[2024-09-09T11:10:33.085+0000] {processor.py:925} INFO - DAG(s) 'example_setup_teardown' retrieved from /home/airflow/.local/lib/python3.12/site-packages/airflow/example_dags/example_setup_teardown.py
[2024-09-09T11:10:33.122+0000] {logging_mixin.py:190} INFO - [2024-09-09T11:10:33.122+0000] {dag.py:3229} INFO - Sync 1 DAGs
[2024-09-09T11:10:33.153+0000] {logging_mixin.py:190} INFO - [2024-09-09T11:10:33.152+0000] {dag.py:4156} INFO - Setting next_dagrun for example_setup_teardown to None, run_after=None
[2024-09-09T11:10:33.195+0000] {processor.py:208} INFO - Processing /home/airflow/.local/lib/python3.12/site-packages/airflow/example_dags/example_setup_teardown.py took 0.139 seconds
[2024-09-09T11:11:05.383+0000] {processor.py:186} INFO - Started process (PID=357) to work on /home/airflow/.local/lib/python3.12/site-packages/airflow/example_dags/example_setup_teardown.py
[2024-09-09T11:11:05.386+0000] {processor.py:914} INFO - Processing file /home/airflow/.local/lib/python3.12/site-packages/airflow/example_dags/example_setup_teardown.py for tasks to queue
[2024-09-09T11:11:05.392+0000] {logging_mixin.py:190} INFO - [2024-09-09T11:11:05.391+0000] {dagbag.py:587} INFO - Filling up the DagBag from /home/airflow/.local/lib/python3.12/site-packages/airflow/example_dags/example_setup_teardown.py
[2024-09-09T11:11:05.415+0000] {processor.py:925} INFO - DAG(s) 'example_setup_teardown' retrieved from /home/airflow/.local/lib/python3.12/site-packages/airflow/example_dags/example_setup_teardown.py
[2024-09-09T11:11:05.468+0000] {logging_mixin.py:190} INFO - [2024-09-09T11:11:05.467+0000] {dag.py:3229} INFO - Sync 1 DAGs
[2024-09-09T11:11:05.518+0000] {logging_mixin.py:190} INFO - [2024-09-09T11:11:05.518+0000] {dag.py:4156} INFO - Setting next_dagrun for example_setup_teardown to None, run_after=None
[2024-09-09T11:11:05.560+0000] {processor.py:208} INFO - Processing /home/airflow/.local/lib/python3.12/site-packages/airflow/example_dags/example_setup_teardown.py took 0.199 seconds
[2024-09-09T11:11:37.304+0000] {processor.py:186} INFO - Started process (PID=419) to work on /home/airflow/.local/lib/python3.12/site-packages/airflow/example_dags/example_setup_teardown.py
[2024-09-09T11:11:37.306+0000] {processor.py:914} INFO - Processing file /home/airflow/.local/lib/python3.12/site-packages/airflow/example_dags/example_setup_teardown.py for tasks to queue
[2024-09-09T11:11:37.311+0000] {logging_mixin.py:190} INFO - [2024-09-09T11:11:37.310+0000] {dagbag.py:587} INFO - Filling up the DagBag from /home/airflow/.local/lib/python3.12/site-packages/airflow/example_dags/example_setup_teardown.py
[2024-09-09T11:11:37.329+0000] {processor.py:925} INFO - DAG(s) 'example_setup_teardown' retrieved from /home/airflow/.local/lib/python3.12/site-packages/airflow/example_dags/example_setup_teardown.py
[2024-09-09T11:11:37.376+0000] {logging_mixin.py:190} INFO - [2024-09-09T11:11:37.376+0000] {dag.py:3229} INFO - Sync 1 DAGs
[2024-09-09T11:11:37.422+0000] {logging_mixin.py:190} INFO - [2024-09-09T11:11:37.421+0000] {dag.py:4156} INFO - Setting next_dagrun for example_setup_teardown to None, run_after=None
[2024-09-09T11:11:37.473+0000] {processor.py:208} INFO - Processing /home/airflow/.local/lib/python3.12/site-packages/airflow/example_dags/example_setup_teardown.py took 0.181 seconds
[2024-09-09T11:12:09.762+0000] {processor.py:186} INFO - Started process (PID=481) to work on /home/airflow/.local/lib/python3.12/site-packages/airflow/example_dags/example_setup_teardown.py
[2024-09-09T11:12:09.763+0000] {processor.py:914} INFO - Processing file /home/airflow/.local/lib/python3.12/site-packages/airflow/example_dags/example_setup_teardown.py for tasks to queue
[2024-09-09T11:12:09.768+0000] {logging_mixin.py:190} INFO - [2024-09-09T11:12:09.767+0000] {dagbag.py:587} INFO - Filling up the DagBag from /home/airflow/.local/lib/python3.12/site-packages/airflow/example_dags/example_setup_teardown.py
[2024-09-09T11:12:09.781+0000] {processor.py:925} INFO - DAG(s) 'example_setup_teardown' retrieved from /home/airflow/.local/lib/python3.12/site-packages/airflow/example_dags/example_setup_teardown.py
[2024-09-09T11:12:09.820+0000] {logging_mixin.py:190} INFO - [2024-09-09T11:12:09.820+0000] {dag.py:3229} INFO - Sync 1 DAGs
[2024-09-09T11:12:09.852+0000] {logging_mixin.py:190} INFO - [2024-09-09T11:12:09.851+0000] {dag.py:4156} INFO - Setting next_dagrun for example_setup_teardown to None, run_after=None
[2024-09-09T11:12:09.891+0000] {processor.py:208} INFO - Processing /home/airflow/.local/lib/python3.12/site-packages/airflow/example_dags/example_setup_teardown.py took 0.139 seconds
[2024-09-09T11:13:20.368+0000] {processor.py:186} INFO - Started process (PID=550) to work on /home/airflow/.local/lib/python3.12/site-packages/airflow/example_dags/example_setup_teardown.py
[2024-09-09T11:13:20.371+0000] {processor.py:914} INFO - Processing file /home/airflow/.local/lib/python3.12/site-packages/airflow/example_dags/example_setup_teardown.py for tasks to queue
[2024-09-09T11:13:20.376+0000] {logging_mixin.py:190} INFO - [2024-09-09T11:13:20.375+0000] {dagbag.py:587} INFO - Filling up the DagBag from /home/airflow/.local/lib/python3.12/site-packages/airflow/example_dags/example_setup_teardown.py
[2024-09-09T11:13:20.409+0000] {processor.py:925} INFO - DAG(s) 'example_setup_teardown' retrieved from /home/airflow/.local/lib/python3.12/site-packages/airflow/example_dags/example_setup_teardown.py
[2024-09-09T11:13:20.474+0000] {logging_mixin.py:190} INFO - [2024-09-09T11:13:20.473+0000] {dag.py:3229} INFO - Sync 1 DAGs
[2024-09-09T11:13:20.552+0000] {logging_mixin.py:190} INFO - [2024-09-09T11:13:20.551+0000] {dag.py:4156} INFO - Setting next_dagrun for example_setup_teardown to None, run_after=None
[2024-09-09T11:13:20.681+0000] {processor.py:208} INFO - Processing /home/airflow/.local/lib/python3.12/site-packages/airflow/example_dags/example_setup_teardown.py took 0.327 seconds
