[2024-09-09T11:00:54.819+0000] {processor.py:186} INFO - Started process (PID=107) to work on /home/airflow/.local/lib/python3.12/site-packages/airflow/example_dags/example_dynamic_task_mapping.py
[2024-09-09T11:00:54.821+0000] {processor.py:914} INFO - Processing file /home/airflow/.local/lib/python3.12/site-packages/airflow/example_dags/example_dynamic_task_mapping.py for tasks to queue
[2024-09-09T11:00:54.826+0000] {logging_mixin.py:190} INFO - [2024-09-09T11:00:54.825+0000] {dagbag.py:587} INFO - Filling up the DagBag from /home/airflow/.local/lib/python3.12/site-packages/airflow/example_dags/example_dynamic_task_mapping.py
[2024-09-09T11:00:54.845+0000] {processor.py:925} INFO - DAG(s) 'example_dynamic_task_mapping' retrieved from /home/airflow/.local/lib/python3.12/site-packages/airflow/example_dags/example_dynamic_task_mapping.py
[2024-09-09T11:00:55.096+0000] {logging_mixin.py:190} INFO - [2024-09-09T11:00:55.095+0000] {override.py:1900} INFO - Created Permission View: can delete on DAG:example_dynamic_task_mapping
[2024-09-09T11:00:55.132+0000] {logging_mixin.py:190} INFO - [2024-09-09T11:00:55.131+0000] {override.py:1900} INFO - Created Permission View: can edit on DAG:example_dynamic_task_mapping
[2024-09-09T11:00:55.150+0000] {logging_mixin.py:190} INFO - [2024-09-09T11:00:55.149+0000] {override.py:1900} INFO - Created Permission View: can read on DAG:example_dynamic_task_mapping
[2024-09-09T11:00:55.174+0000] {logging_mixin.py:190} INFO - [2024-09-09T11:00:55.173+0000] {override.py:1900} INFO - Created Permission View: can delete on DAG Run:example_dynamic_task_mapping
[2024-09-09T11:00:55.191+0000] {logging_mixin.py:190} INFO - [2024-09-09T11:00:55.191+0000] {override.py:1900} INFO - Created Permission View: can create on DAG Run:example_dynamic_task_mapping
[2024-09-09T11:00:55.208+0000] {logging_mixin.py:190} INFO - [2024-09-09T11:00:55.207+0000] {override.py:1900} INFO - Created Permission View: can read on DAG Run:example_dynamic_task_mapping
[2024-09-09T11:00:55.229+0000] {logging_mixin.py:190} INFO - [2024-09-09T11:00:55.228+0000] {override.py:1900} INFO - Created Permission View: menu access on DAG Run:example_dynamic_task_mapping
[2024-09-09T11:00:55.230+0000] {logging_mixin.py:190} INFO - [2024-09-09T11:00:55.230+0000] {dag.py:3229} INFO - Sync 1 DAGs
[2024-09-09T11:00:55.265+0000] {logging_mixin.py:190} INFO - [2024-09-09T11:00:55.265+0000] {dag.py:3252} INFO - Creating ORM DAG for example_dynamic_task_mapping
[2024-09-09T11:00:55.267+0000] {logging_mixin.py:190} INFO - [2024-09-09T11:00:55.266+0000] {dag.py:4156} INFO - Setting next_dagrun for example_dynamic_task_mapping to None, run_after=None
[2024-09-09T11:00:55.311+0000] {processor.py:208} INFO - Processing /home/airflow/.local/lib/python3.12/site-packages/airflow/example_dags/example_dynamic_task_mapping.py took 0.503 seconds
[2024-09-09T11:08:59.992+0000] {processor.py:186} INFO - Started process (PID=102) to work on /home/airflow/.local/lib/python3.12/site-packages/airflow/example_dags/example_dynamic_task_mapping.py
[2024-09-09T11:08:59.994+0000] {processor.py:914} INFO - Processing file /home/airflow/.local/lib/python3.12/site-packages/airflow/example_dags/example_dynamic_task_mapping.py for tasks to queue
[2024-09-09T11:08:59.998+0000] {logging_mixin.py:190} INFO - [2024-09-09T11:08:59.997+0000] {dagbag.py:587} INFO - Filling up the DagBag from /home/airflow/.local/lib/python3.12/site-packages/airflow/example_dags/example_dynamic_task_mapping.py
[2024-09-09T11:09:00.014+0000] {processor.py:925} INFO - DAG(s) 'example_dynamic_task_mapping' retrieved from /home/airflow/.local/lib/python3.12/site-packages/airflow/example_dags/example_dynamic_task_mapping.py
[2024-09-09T11:09:00.047+0000] {logging_mixin.py:190} INFO - [2024-09-09T11:09:00.047+0000] {dag.py:3229} INFO - Sync 1 DAGs
[2024-09-09T11:09:00.070+0000] {logging_mixin.py:190} INFO - [2024-09-09T11:09:00.070+0000] {dag.py:4156} INFO - Setting next_dagrun for example_dynamic_task_mapping to None, run_after=None
[2024-09-09T11:09:00.100+0000] {processor.py:208} INFO - Processing /home/airflow/.local/lib/python3.12/site-packages/airflow/example_dags/example_dynamic_task_mapping.py took 0.118 seconds
[2024-09-09T11:09:30.455+0000] {processor.py:186} INFO - Started process (PID=164) to work on /home/airflow/.local/lib/python3.12/site-packages/airflow/example_dags/example_dynamic_task_mapping.py
[2024-09-09T11:09:30.457+0000] {processor.py:914} INFO - Processing file /home/airflow/.local/lib/python3.12/site-packages/airflow/example_dags/example_dynamic_task_mapping.py for tasks to queue
[2024-09-09T11:09:30.461+0000] {logging_mixin.py:190} INFO - [2024-09-09T11:09:30.460+0000] {dagbag.py:587} INFO - Filling up the DagBag from /home/airflow/.local/lib/python3.12/site-packages/airflow/example_dags/example_dynamic_task_mapping.py
[2024-09-09T11:09:30.475+0000] {processor.py:925} INFO - DAG(s) 'example_dynamic_task_mapping' retrieved from /home/airflow/.local/lib/python3.12/site-packages/airflow/example_dags/example_dynamic_task_mapping.py
[2024-09-09T11:09:30.512+0000] {logging_mixin.py:190} INFO - [2024-09-09T11:09:30.511+0000] {dag.py:3229} INFO - Sync 1 DAGs
[2024-09-09T11:09:30.544+0000] {logging_mixin.py:190} INFO - [2024-09-09T11:09:30.544+0000] {dag.py:4156} INFO - Setting next_dagrun for example_dynamic_task_mapping to None, run_after=None
[2024-09-09T11:09:30.579+0000] {processor.py:208} INFO - Processing /home/airflow/.local/lib/python3.12/site-packages/airflow/example_dags/example_dynamic_task_mapping.py took 0.134 seconds
[2024-09-09T11:10:01.414+0000] {processor.py:186} INFO - Started process (PID=227) to work on /home/airflow/.local/lib/python3.12/site-packages/airflow/example_dags/example_dynamic_task_mapping.py
[2024-09-09T11:10:01.416+0000] {processor.py:914} INFO - Processing file /home/airflow/.local/lib/python3.12/site-packages/airflow/example_dags/example_dynamic_task_mapping.py for tasks to queue
[2024-09-09T11:10:01.421+0000] {logging_mixin.py:190} INFO - [2024-09-09T11:10:01.421+0000] {dagbag.py:587} INFO - Filling up the DagBag from /home/airflow/.local/lib/python3.12/site-packages/airflow/example_dags/example_dynamic_task_mapping.py
[2024-09-09T11:10:01.438+0000] {processor.py:925} INFO - DAG(s) 'example_dynamic_task_mapping' retrieved from /home/airflow/.local/lib/python3.12/site-packages/airflow/example_dags/example_dynamic_task_mapping.py
[2024-09-09T11:10:01.469+0000] {logging_mixin.py:190} INFO - [2024-09-09T11:10:01.469+0000] {dag.py:3229} INFO - Sync 1 DAGs
[2024-09-09T11:10:01.497+0000] {logging_mixin.py:190} INFO - [2024-09-09T11:10:01.497+0000] {dag.py:4156} INFO - Setting next_dagrun for example_dynamic_task_mapping to None, run_after=None
[2024-09-09T11:10:01.533+0000] {processor.py:208} INFO - Processing /home/airflow/.local/lib/python3.12/site-packages/airflow/example_dags/example_dynamic_task_mapping.py took 0.129 seconds
[2024-09-09T11:10:32.027+0000] {processor.py:186} INFO - Started process (PID=288) to work on /home/airflow/.local/lib/python3.12/site-packages/airflow/example_dags/example_dynamic_task_mapping.py
[2024-09-09T11:10:32.029+0000] {processor.py:914} INFO - Processing file /home/airflow/.local/lib/python3.12/site-packages/airflow/example_dags/example_dynamic_task_mapping.py for tasks to queue
[2024-09-09T11:10:32.033+0000] {logging_mixin.py:190} INFO - [2024-09-09T11:10:32.033+0000] {dagbag.py:587} INFO - Filling up the DagBag from /home/airflow/.local/lib/python3.12/site-packages/airflow/example_dags/example_dynamic_task_mapping.py
[2024-09-09T11:10:32.051+0000] {processor.py:925} INFO - DAG(s) 'example_dynamic_task_mapping' retrieved from /home/airflow/.local/lib/python3.12/site-packages/airflow/example_dags/example_dynamic_task_mapping.py
[2024-09-09T11:10:32.085+0000] {logging_mixin.py:190} INFO - [2024-09-09T11:10:32.085+0000] {dag.py:3229} INFO - Sync 1 DAGs
[2024-09-09T11:10:32.108+0000] {logging_mixin.py:190} INFO - [2024-09-09T11:10:32.107+0000] {dag.py:4156} INFO - Setting next_dagrun for example_dynamic_task_mapping to None, run_after=None
[2024-09-09T11:10:32.142+0000] {processor.py:208} INFO - Processing /home/airflow/.local/lib/python3.12/site-packages/airflow/example_dags/example_dynamic_task_mapping.py took 0.125 seconds
[2024-09-09T11:11:04.136+0000] {processor.py:186} INFO - Started process (PID=352) to work on /home/airflow/.local/lib/python3.12/site-packages/airflow/example_dags/example_dynamic_task_mapping.py
[2024-09-09T11:11:04.138+0000] {processor.py:914} INFO - Processing file /home/airflow/.local/lib/python3.12/site-packages/airflow/example_dags/example_dynamic_task_mapping.py for tasks to queue
[2024-09-09T11:11:04.144+0000] {logging_mixin.py:190} INFO - [2024-09-09T11:11:04.143+0000] {dagbag.py:587} INFO - Filling up the DagBag from /home/airflow/.local/lib/python3.12/site-packages/airflow/example_dags/example_dynamic_task_mapping.py
[2024-09-09T11:11:04.166+0000] {processor.py:925} INFO - DAG(s) 'example_dynamic_task_mapping' retrieved from /home/airflow/.local/lib/python3.12/site-packages/airflow/example_dags/example_dynamic_task_mapping.py
[2024-09-09T11:11:04.212+0000] {logging_mixin.py:190} INFO - [2024-09-09T11:11:04.212+0000] {dag.py:3229} INFO - Sync 1 DAGs
[2024-09-09T11:11:04.249+0000] {logging_mixin.py:190} INFO - [2024-09-09T11:11:04.248+0000] {dag.py:4156} INFO - Setting next_dagrun for example_dynamic_task_mapping to None, run_after=None
[2024-09-09T11:11:04.294+0000] {processor.py:208} INFO - Processing /home/airflow/.local/lib/python3.12/site-packages/airflow/example_dags/example_dynamic_task_mapping.py took 0.171 seconds
[2024-09-09T11:11:36.261+0000] {processor.py:186} INFO - Started process (PID=414) to work on /home/airflow/.local/lib/python3.12/site-packages/airflow/example_dags/example_dynamic_task_mapping.py
[2024-09-09T11:11:36.263+0000] {processor.py:914} INFO - Processing file /home/airflow/.local/lib/python3.12/site-packages/airflow/example_dags/example_dynamic_task_mapping.py for tasks to queue
[2024-09-09T11:11:36.269+0000] {logging_mixin.py:190} INFO - [2024-09-09T11:11:36.268+0000] {dagbag.py:587} INFO - Filling up the DagBag from /home/airflow/.local/lib/python3.12/site-packages/airflow/example_dags/example_dynamic_task_mapping.py
[2024-09-09T11:11:36.287+0000] {processor.py:925} INFO - DAG(s) 'example_dynamic_task_mapping' retrieved from /home/airflow/.local/lib/python3.12/site-packages/airflow/example_dags/example_dynamic_task_mapping.py
[2024-09-09T11:11:36.323+0000] {logging_mixin.py:190} INFO - [2024-09-09T11:11:36.323+0000] {dag.py:3229} INFO - Sync 1 DAGs
[2024-09-09T11:11:36.353+0000] {logging_mixin.py:190} INFO - [2024-09-09T11:11:36.353+0000] {dag.py:4156} INFO - Setting next_dagrun for example_dynamic_task_mapping to None, run_after=None
[2024-09-09T11:11:36.393+0000] {processor.py:208} INFO - Processing /home/airflow/.local/lib/python3.12/site-packages/airflow/example_dags/example_dynamic_task_mapping.py took 0.141 seconds
[2024-09-09T11:12:08.781+0000] {processor.py:186} INFO - Started process (PID=476) to work on /home/airflow/.local/lib/python3.12/site-packages/airflow/example_dags/example_dynamic_task_mapping.py
[2024-09-09T11:12:08.783+0000] {processor.py:914} INFO - Processing file /home/airflow/.local/lib/python3.12/site-packages/airflow/example_dags/example_dynamic_task_mapping.py for tasks to queue
[2024-09-09T11:12:08.788+0000] {logging_mixin.py:190} INFO - [2024-09-09T11:12:08.787+0000] {dagbag.py:587} INFO - Filling up the DagBag from /home/airflow/.local/lib/python3.12/site-packages/airflow/example_dags/example_dynamic_task_mapping.py
[2024-09-09T11:12:08.810+0000] {processor.py:925} INFO - DAG(s) 'example_dynamic_task_mapping' retrieved from /home/airflow/.local/lib/python3.12/site-packages/airflow/example_dags/example_dynamic_task_mapping.py
[2024-09-09T11:12:08.854+0000] {logging_mixin.py:190} INFO - [2024-09-09T11:12:08.853+0000] {dag.py:3229} INFO - Sync 1 DAGs
[2024-09-09T11:12:08.891+0000] {logging_mixin.py:190} INFO - [2024-09-09T11:12:08.891+0000] {dag.py:4156} INFO - Setting next_dagrun for example_dynamic_task_mapping to None, run_after=None
[2024-09-09T11:12:08.935+0000] {processor.py:208} INFO - Processing /home/airflow/.local/lib/python3.12/site-packages/airflow/example_dags/example_dynamic_task_mapping.py took 0.168 seconds
[2024-09-09T11:12:45.354+0000] {processor.py:186} INFO - Started process (PID=538) to work on /home/airflow/.local/lib/python3.12/site-packages/airflow/example_dags/example_dynamic_task_mapping.py
[2024-09-09T11:12:45.358+0000] {processor.py:914} INFO - Processing file /home/airflow/.local/lib/python3.12/site-packages/airflow/example_dags/example_dynamic_task_mapping.py for tasks to queue
[2024-09-09T11:12:45.371+0000] {logging_mixin.py:190} INFO - [2024-09-09T11:12:45.369+0000] {dagbag.py:587} INFO - Filling up the DagBag from /home/airflow/.local/lib/python3.12/site-packages/airflow/example_dags/example_dynamic_task_mapping.py
[2024-09-09T11:12:45.432+0000] {processor.py:925} INFO - DAG(s) 'example_dynamic_task_mapping' retrieved from /home/airflow/.local/lib/python3.12/site-packages/airflow/example_dags/example_dynamic_task_mapping.py
[2024-09-09T11:12:48.648+0000] {logging_mixin.py:190} INFO - [2024-09-09T11:12:48.636+0000] {dag.py:3229} INFO - Sync 1 DAGs
[2024-09-09T11:12:48.710+0000] {logging_mixin.py:190} INFO - [2024-09-09T11:12:48.709+0000] {dag.py:4156} INFO - Setting next_dagrun for example_dynamic_task_mapping to None, run_after=None
[2024-09-09T11:12:48.776+0000] {processor.py:208} INFO - Processing /home/airflow/.local/lib/python3.12/site-packages/airflow/example_dags/example_dynamic_task_mapping.py took 3.443 seconds
[2024-09-09T11:13:35.256+0000] {processor.py:186} INFO - Started process (PID=600) to work on /home/airflow/.local/lib/python3.12/site-packages/airflow/example_dags/example_dynamic_task_mapping.py
[2024-09-09T11:13:35.258+0000] {processor.py:914} INFO - Processing file /home/airflow/.local/lib/python3.12/site-packages/airflow/example_dags/example_dynamic_task_mapping.py for tasks to queue
[2024-09-09T11:13:35.264+0000] {logging_mixin.py:190} INFO - [2024-09-09T11:13:35.263+0000] {dagbag.py:587} INFO - Filling up the DagBag from /home/airflow/.local/lib/python3.12/site-packages/airflow/example_dags/example_dynamic_task_mapping.py
[2024-09-09T11:13:35.297+0000] {processor.py:925} INFO - DAG(s) 'example_dynamic_task_mapping' retrieved from /home/airflow/.local/lib/python3.12/site-packages/airflow/example_dags/example_dynamic_task_mapping.py
[2024-09-09T11:13:35.496+0000] {logging_mixin.py:190} INFO - [2024-09-09T11:13:35.495+0000] {dag.py:3229} INFO - Sync 1 DAGs
[2024-09-09T11:13:35.560+0000] {logging_mixin.py:190} INFO - [2024-09-09T11:13:35.559+0000] {dag.py:4156} INFO - Setting next_dagrun for example_dynamic_task_mapping to None, run_after=None
[2024-09-09T11:13:35.646+0000] {processor.py:208} INFO - Processing /home/airflow/.local/lib/python3.12/site-packages/airflow/example_dags/example_dynamic_task_mapping.py took 0.407 seconds
