[2024-09-09T11:00:56.614+0000] {processor.py:186} INFO - Started process (PID=115) to work on /home/airflow/.local/lib/python3.12/site-packages/airflow/example_dags/example_workday_timetable.py
[2024-09-09T11:00:56.616+0000] {processor.py:914} INFO - Processing file /home/airflow/.local/lib/python3.12/site-packages/airflow/example_dags/example_workday_timetable.py for tasks to queue
[2024-09-09T11:00:56.620+0000] {logging_mixin.py:190} INFO - [2024-09-09T11:00:56.620+0000] {dagbag.py:587} INFO - Filling up the DagBag from /home/airflow/.local/lib/python3.12/site-packages/airflow/example_dags/example_workday_timetable.py
[2024-09-09T11:00:56.632+0000] {processor.py:925} INFO - DAG(s) 'example_workday_timetable' retrieved from /home/airflow/.local/lib/python3.12/site-packages/airflow/example_dags/example_workday_timetable.py
[2024-09-09T11:00:56.833+0000] {logging_mixin.py:190} INFO - [2024-09-09T11:00:56.832+0000] {override.py:1900} INFO - Created Permission View: can delete on DAG:example_workday_timetable
[2024-09-09T11:00:56.853+0000] {logging_mixin.py:190} INFO - [2024-09-09T11:00:56.852+0000] {override.py:1900} INFO - Created Permission View: can edit on DAG:example_workday_timetable
[2024-09-09T11:00:56.866+0000] {logging_mixin.py:190} INFO - [2024-09-09T11:00:56.866+0000] {override.py:1900} INFO - Created Permission View: can read on DAG:example_workday_timetable
[2024-09-09T11:00:56.882+0000] {logging_mixin.py:190} INFO - [2024-09-09T11:00:56.881+0000] {override.py:1900} INFO - Created Permission View: can delete on DAG Run:example_workday_timetable
[2024-09-09T11:00:56.898+0000] {logging_mixin.py:190} INFO - [2024-09-09T11:00:56.897+0000] {override.py:1900} INFO - Created Permission View: can create on DAG Run:example_workday_timetable
[2024-09-09T11:00:56.911+0000] {logging_mixin.py:190} INFO - [2024-09-09T11:00:56.911+0000] {override.py:1900} INFO - Created Permission View: can read on DAG Run:example_workday_timetable
[2024-09-09T11:00:56.927+0000] {logging_mixin.py:190} INFO - [2024-09-09T11:00:56.926+0000] {override.py:1900} INFO - Created Permission View: menu access on DAG Run:example_workday_timetable
[2024-09-09T11:00:56.928+0000] {logging_mixin.py:190} INFO - [2024-09-09T11:00:56.928+0000] {dag.py:3229} INFO - Sync 1 DAGs
[2024-09-09T11:00:56.953+0000] {logging_mixin.py:190} INFO - [2024-09-09T11:00:56.952+0000] {dag.py:3252} INFO - Creating ORM DAG for example_workday_timetable
[2024-09-09T11:00:57.133+0000] {logging_mixin.py:190} INFO - [2024-09-09T11:00:57.132+0000] {dag.py:4156} INFO - Setting next_dagrun for example_workday_timetable to 2021-01-04 00:00:00+00:00, run_after=2021-01-05 00:00:00+00:00
[2024-09-09T11:00:57.171+0000] {processor.py:208} INFO - Processing /home/airflow/.local/lib/python3.12/site-packages/airflow/example_dags/example_workday_timetable.py took 0.568 seconds
[2024-09-09T11:09:00.322+0000] {processor.py:186} INFO - Started process (PID=104) to work on /home/airflow/.local/lib/python3.12/site-packages/airflow/example_dags/example_workday_timetable.py
[2024-09-09T11:09:00.323+0000] {processor.py:914} INFO - Processing file /home/airflow/.local/lib/python3.12/site-packages/airflow/example_dags/example_workday_timetable.py for tasks to queue
[2024-09-09T11:09:00.327+0000] {logging_mixin.py:190} INFO - [2024-09-09T11:09:00.327+0000] {dagbag.py:587} INFO - Filling up the DagBag from /home/airflow/.local/lib/python3.12/site-packages/airflow/example_dags/example_workday_timetable.py
[2024-09-09T11:09:00.335+0000] {processor.py:925} INFO - DAG(s) 'example_workday_timetable' retrieved from /home/airflow/.local/lib/python3.12/site-packages/airflow/example_dags/example_workday_timetable.py
[2024-09-09T11:09:00.367+0000] {logging_mixin.py:190} INFO - [2024-09-09T11:09:00.366+0000] {dag.py:3229} INFO - Sync 1 DAGs
[2024-09-09T11:09:00.508+0000] {logging_mixin.py:190} INFO - [2024-09-09T11:09:00.508+0000] {dag.py:4156} INFO - Setting next_dagrun for example_workday_timetable to 2021-01-04 00:00:00+00:00, run_after=2021-01-05 00:00:00+00:00
[2024-09-09T11:09:00.549+0000] {processor.py:208} INFO - Processing /home/airflow/.local/lib/python3.12/site-packages/airflow/example_dags/example_workday_timetable.py took 0.234 seconds
[2024-09-09T11:09:31.043+0000] {processor.py:186} INFO - Started process (PID=166) to work on /home/airflow/.local/lib/python3.12/site-packages/airflow/example_dags/example_workday_timetable.py
[2024-09-09T11:09:31.044+0000] {processor.py:914} INFO - Processing file /home/airflow/.local/lib/python3.12/site-packages/airflow/example_dags/example_workday_timetable.py for tasks to queue
[2024-09-09T11:09:31.049+0000] {logging_mixin.py:190} INFO - [2024-09-09T11:09:31.048+0000] {dagbag.py:587} INFO - Filling up the DagBag from /home/airflow/.local/lib/python3.12/site-packages/airflow/example_dags/example_workday_timetable.py
[2024-09-09T11:09:31.058+0000] {processor.py:925} INFO - DAG(s) 'example_workday_timetable' retrieved from /home/airflow/.local/lib/python3.12/site-packages/airflow/example_dags/example_workday_timetable.py
[2024-09-09T11:09:31.090+0000] {logging_mixin.py:190} INFO - [2024-09-09T11:09:31.089+0000] {dag.py:3229} INFO - Sync 1 DAGs
[2024-09-09T11:09:31.238+0000] {logging_mixin.py:190} INFO - [2024-09-09T11:09:31.237+0000] {dag.py:4156} INFO - Setting next_dagrun for example_workday_timetable to 2021-01-04 00:00:00+00:00, run_after=2021-01-05 00:00:00+00:00
[2024-09-09T11:09:31.275+0000] {processor.py:208} INFO - Processing /home/airflow/.local/lib/python3.12/site-packages/airflow/example_dags/example_workday_timetable.py took 0.241 seconds
[2024-09-09T11:10:01.872+0000] {processor.py:186} INFO - Started process (PID=229) to work on /home/airflow/.local/lib/python3.12/site-packages/airflow/example_dags/example_workday_timetable.py
[2024-09-09T11:10:01.874+0000] {processor.py:914} INFO - Processing file /home/airflow/.local/lib/python3.12/site-packages/airflow/example_dags/example_workday_timetable.py for tasks to queue
[2024-09-09T11:10:01.878+0000] {logging_mixin.py:190} INFO - [2024-09-09T11:10:01.878+0000] {dagbag.py:587} INFO - Filling up the DagBag from /home/airflow/.local/lib/python3.12/site-packages/airflow/example_dags/example_workday_timetable.py
[2024-09-09T11:10:01.888+0000] {processor.py:925} INFO - DAG(s) 'example_workday_timetable' retrieved from /home/airflow/.local/lib/python3.12/site-packages/airflow/example_dags/example_workday_timetable.py
[2024-09-09T11:10:01.919+0000] {logging_mixin.py:190} INFO - [2024-09-09T11:10:01.918+0000] {dag.py:3229} INFO - Sync 1 DAGs
[2024-09-09T11:10:02.074+0000] {logging_mixin.py:190} INFO - [2024-09-09T11:10:02.073+0000] {dag.py:4156} INFO - Setting next_dagrun for example_workday_timetable to 2021-01-04 00:00:00+00:00, run_after=2021-01-05 00:00:00+00:00
[2024-09-09T11:10:02.110+0000] {processor.py:208} INFO - Processing /home/airflow/.local/lib/python3.12/site-packages/airflow/example_dags/example_workday_timetable.py took 0.247 seconds
[2024-09-09T11:10:32.736+0000] {processor.py:186} INFO - Started process (PID=291) to work on /home/airflow/.local/lib/python3.12/site-packages/airflow/example_dags/example_workday_timetable.py
[2024-09-09T11:10:32.738+0000] {processor.py:914} INFO - Processing file /home/airflow/.local/lib/python3.12/site-packages/airflow/example_dags/example_workday_timetable.py for tasks to queue
[2024-09-09T11:10:32.743+0000] {logging_mixin.py:190} INFO - [2024-09-09T11:10:32.742+0000] {dagbag.py:587} INFO - Filling up the DagBag from /home/airflow/.local/lib/python3.12/site-packages/airflow/example_dags/example_workday_timetable.py
[2024-09-09T11:10:32.752+0000] {processor.py:925} INFO - DAG(s) 'example_workday_timetable' retrieved from /home/airflow/.local/lib/python3.12/site-packages/airflow/example_dags/example_workday_timetable.py
[2024-09-09T11:10:32.788+0000] {logging_mixin.py:190} INFO - [2024-09-09T11:10:32.787+0000] {dag.py:3229} INFO - Sync 1 DAGs
[2024-09-09T11:10:32.953+0000] {logging_mixin.py:190} INFO - [2024-09-09T11:10:32.952+0000] {dag.py:4156} INFO - Setting next_dagrun for example_workday_timetable to 2021-01-04 00:00:00+00:00, run_after=2021-01-05 00:00:00+00:00
[2024-09-09T11:10:32.993+0000] {processor.py:208} INFO - Processing /home/airflow/.local/lib/python3.12/site-packages/airflow/example_dags/example_workday_timetable.py took 0.267 seconds
[2024-09-09T11:11:04.696+0000] {processor.py:186} INFO - Started process (PID=354) to work on /home/airflow/.local/lib/python3.12/site-packages/airflow/example_dags/example_workday_timetable.py
[2024-09-09T11:11:04.699+0000] {processor.py:914} INFO - Processing file /home/airflow/.local/lib/python3.12/site-packages/airflow/example_dags/example_workday_timetable.py for tasks to queue
[2024-09-09T11:11:04.705+0000] {logging_mixin.py:190} INFO - [2024-09-09T11:11:04.704+0000] {dagbag.py:587} INFO - Filling up the DagBag from /home/airflow/.local/lib/python3.12/site-packages/airflow/example_dags/example_workday_timetable.py
[2024-09-09T11:11:04.719+0000] {processor.py:925} INFO - DAG(s) 'example_workday_timetable' retrieved from /home/airflow/.local/lib/python3.12/site-packages/airflow/example_dags/example_workday_timetable.py
[2024-09-09T11:11:04.765+0000] {logging_mixin.py:190} INFO - [2024-09-09T11:11:04.765+0000] {dag.py:3229} INFO - Sync 1 DAGs
[2024-09-09T11:11:04.987+0000] {logging_mixin.py:190} INFO - [2024-09-09T11:11:04.987+0000] {dag.py:4156} INFO - Setting next_dagrun for example_workday_timetable to 2021-01-04 00:00:00+00:00, run_after=2021-01-05 00:00:00+00:00
[2024-09-09T11:11:05.038+0000] {processor.py:208} INFO - Processing /home/airflow/.local/lib/python3.12/site-packages/airflow/example_dags/example_workday_timetable.py took 0.360 seconds
[2024-09-09T11:11:36.932+0000] {processor.py:186} INFO - Started process (PID=416) to work on /home/airflow/.local/lib/python3.12/site-packages/airflow/example_dags/example_workday_timetable.py
[2024-09-09T11:11:36.934+0000] {processor.py:914} INFO - Processing file /home/airflow/.local/lib/python3.12/site-packages/airflow/example_dags/example_workday_timetable.py for tasks to queue
[2024-09-09T11:11:36.939+0000] {logging_mixin.py:190} INFO - [2024-09-09T11:11:36.939+0000] {dagbag.py:587} INFO - Filling up the DagBag from /home/airflow/.local/lib/python3.12/site-packages/airflow/example_dags/example_workday_timetable.py
[2024-09-09T11:11:36.952+0000] {processor.py:925} INFO - DAG(s) 'example_workday_timetable' retrieved from /home/airflow/.local/lib/python3.12/site-packages/airflow/example_dags/example_workday_timetable.py
[2024-09-09T11:11:36.992+0000] {logging_mixin.py:190} INFO - [2024-09-09T11:11:36.992+0000] {dag.py:3229} INFO - Sync 1 DAGs
[2024-09-09T11:11:37.183+0000] {logging_mixin.py:190} INFO - [2024-09-09T11:11:37.182+0000] {dag.py:4156} INFO - Setting next_dagrun for example_workday_timetable to 2021-01-04 00:00:00+00:00, run_after=2021-01-05 00:00:00+00:00
[2024-09-09T11:11:37.225+0000] {processor.py:208} INFO - Processing /home/airflow/.local/lib/python3.12/site-packages/airflow/example_dags/example_workday_timetable.py took 0.310 seconds
[2024-09-09T11:12:09.194+0000] {processor.py:186} INFO - Started process (PID=478) to work on /home/airflow/.local/lib/python3.12/site-packages/airflow/example_dags/example_workday_timetable.py
[2024-09-09T11:12:09.196+0000] {processor.py:914} INFO - Processing file /home/airflow/.local/lib/python3.12/site-packages/airflow/example_dags/example_workday_timetable.py for tasks to queue
[2024-09-09T11:12:09.202+0000] {logging_mixin.py:190} INFO - [2024-09-09T11:12:09.201+0000] {dagbag.py:587} INFO - Filling up the DagBag from /home/airflow/.local/lib/python3.12/site-packages/airflow/example_dags/example_workday_timetable.py
[2024-09-09T11:12:09.214+0000] {processor.py:925} INFO - DAG(s) 'example_workday_timetable' retrieved from /home/airflow/.local/lib/python3.12/site-packages/airflow/example_dags/example_workday_timetable.py
[2024-09-09T11:12:09.256+0000] {logging_mixin.py:190} INFO - [2024-09-09T11:12:09.256+0000] {dag.py:3229} INFO - Sync 1 DAGs
[2024-09-09T11:12:09.418+0000] {logging_mixin.py:190} INFO - [2024-09-09T11:12:09.417+0000] {dag.py:4156} INFO - Setting next_dagrun for example_workday_timetable to 2021-01-04 00:00:00+00:00, run_after=2021-01-05 00:00:00+00:00
[2024-09-09T11:12:09.462+0000] {processor.py:208} INFO - Processing /home/airflow/.local/lib/python3.12/site-packages/airflow/example_dags/example_workday_timetable.py took 0.281 seconds
[2024-09-09T11:12:49.156+0000] {processor.py:186} INFO - Started process (PID=540) to work on /home/airflow/.local/lib/python3.12/site-packages/airflow/example_dags/example_workday_timetable.py
[2024-09-09T11:12:49.160+0000] {processor.py:914} INFO - Processing file /home/airflow/.local/lib/python3.12/site-packages/airflow/example_dags/example_workday_timetable.py for tasks to queue
[2024-09-09T11:12:49.168+0000] {logging_mixin.py:190} INFO - [2024-09-09T11:12:49.166+0000] {dagbag.py:587} INFO - Filling up the DagBag from /home/airflow/.local/lib/python3.12/site-packages/airflow/example_dags/example_workday_timetable.py
[2024-09-09T11:12:49.238+0000] {processor.py:925} INFO - DAG(s) 'example_workday_timetable' retrieved from /home/airflow/.local/lib/python3.12/site-packages/airflow/example_dags/example_workday_timetable.py
[2024-09-09T11:13:17.618+0000] {logging_mixin.py:190} INFO - [2024-09-09T11:13:17.613+0000] {dag.py:3229} INFO - Sync 1 DAGs
[2024-09-09T11:13:18.057+0000] {logging_mixin.py:190} INFO - [2024-09-09T11:13:18.056+0000] {dag.py:4156} INFO - Setting next_dagrun for example_workday_timetable to 2021-01-04 00:00:00+00:00, run_after=2021-01-05 00:00:00+00:00
[2024-09-09T11:13:18.135+0000] {processor.py:208} INFO - Processing /home/airflow/.local/lib/python3.12/site-packages/airflow/example_dags/example_workday_timetable.py took 29.027 seconds
