[2024-09-09T11:00:53.711+0000] {processor.py:186} INFO - Started process (PID=104) to work on /home/airflow/.local/lib/python3.12/site-packages/airflow/example_dags/example_xcomargs.py
[2024-09-09T11:00:53.713+0000] {processor.py:914} INFO - Processing file /home/airflow/.local/lib/python3.12/site-packages/airflow/example_dags/example_xcomargs.py for tasks to queue
[2024-09-09T11:00:53.717+0000] {logging_mixin.py:190} INFO - [2024-09-09T11:00:53.716+0000] {dagbag.py:587} INFO - Filling up the DagBag from /home/airflow/.local/lib/python3.12/site-packages/airflow/example_dags/example_xcomargs.py
[2024-09-09T11:00:53.739+0000] {processor.py:925} INFO - DAG(s) 'example_xcom_args', 'example_xcom_args_with_operators' retrieved from /home/airflow/.local/lib/python3.12/site-packages/airflow/example_dags/example_xcomargs.py
[2024-09-09T11:00:53.950+0000] {logging_mixin.py:190} INFO - [2024-09-09T11:00:53.948+0000] {override.py:1900} INFO - Created Permission View: can delete on DAG:example_xcom_args
[2024-09-09T11:00:53.975+0000] {logging_mixin.py:190} INFO - [2024-09-09T11:00:53.974+0000] {override.py:1900} INFO - Created Permission View: can edit on DAG:example_xcom_args
[2024-09-09T11:00:53.991+0000] {logging_mixin.py:190} INFO - [2024-09-09T11:00:53.990+0000] {override.py:1900} INFO - Created Permission View: can read on DAG:example_xcom_args
[2024-09-09T11:00:54.007+0000] {logging_mixin.py:190} INFO - [2024-09-09T11:00:54.006+0000] {override.py:1900} INFO - Created Permission View: can delete on DAG Run:example_xcom_args
[2024-09-09T11:00:54.028+0000] {logging_mixin.py:190} INFO - [2024-09-09T11:00:54.027+0000] {override.py:1900} INFO - Created Permission View: can create on DAG Run:example_xcom_args
[2024-09-09T11:00:54.044+0000] {logging_mixin.py:190} INFO - [2024-09-09T11:00:54.043+0000] {override.py:1900} INFO - Created Permission View: can read on DAG Run:example_xcom_args
[2024-09-09T11:00:54.060+0000] {logging_mixin.py:190} INFO - [2024-09-09T11:00:54.059+0000] {override.py:1900} INFO - Created Permission View: menu access on DAG Run:example_xcom_args
[2024-09-09T11:00:54.087+0000] {logging_mixin.py:190} INFO - [2024-09-09T11:00:54.087+0000] {override.py:1900} INFO - Created Permission View: can delete on DAG:example_xcom_args_with_operators
[2024-09-09T11:00:54.102+0000] {logging_mixin.py:190} INFO - [2024-09-09T11:00:54.101+0000] {override.py:1900} INFO - Created Permission View: can edit on DAG:example_xcom_args_with_operators
[2024-09-09T11:00:54.116+0000] {logging_mixin.py:190} INFO - [2024-09-09T11:00:54.116+0000] {override.py:1900} INFO - Created Permission View: can read on DAG:example_xcom_args_with_operators
[2024-09-09T11:00:54.132+0000] {logging_mixin.py:190} INFO - [2024-09-09T11:00:54.131+0000] {override.py:1900} INFO - Created Permission View: can delete on DAG Run:example_xcom_args_with_operators
[2024-09-09T11:00:54.145+0000] {logging_mixin.py:190} INFO - [2024-09-09T11:00:54.144+0000] {override.py:1900} INFO - Created Permission View: can create on DAG Run:example_xcom_args_with_operators
[2024-09-09T11:00:54.159+0000] {logging_mixin.py:190} INFO - [2024-09-09T11:00:54.159+0000] {override.py:1900} INFO - Created Permission View: can read on DAG Run:example_xcom_args_with_operators
[2024-09-09T11:00:54.182+0000] {logging_mixin.py:190} INFO - [2024-09-09T11:00:54.180+0000] {override.py:1900} INFO - Created Permission View: menu access on DAG Run:example_xcom_args_with_operators
[2024-09-09T11:00:54.184+0000] {logging_mixin.py:190} INFO - [2024-09-09T11:00:54.183+0000] {dag.py:3229} INFO - Sync 2 DAGs
[2024-09-09T11:00:54.217+0000] {logging_mixin.py:190} INFO - [2024-09-09T11:00:54.216+0000] {dag.py:3252} INFO - Creating ORM DAG for example_xcom_args
[2024-09-09T11:00:54.219+0000] {logging_mixin.py:190} INFO - [2024-09-09T11:00:54.218+0000] {dag.py:3252} INFO - Creating ORM DAG for example_xcom_args_with_operators
[2024-09-09T11:00:54.220+0000] {logging_mixin.py:190} INFO - [2024-09-09T11:00:54.220+0000] {dag.py:4156} INFO - Setting next_dagrun for example_xcom_args to None, run_after=None
[2024-09-09T11:00:54.222+0000] {logging_mixin.py:190} INFO - [2024-09-09T11:00:54.222+0000] {dag.py:4156} INFO - Setting next_dagrun for example_xcom_args_with_operators to None, run_after=None
[2024-09-09T11:00:54.273+0000] {processor.py:208} INFO - Processing /home/airflow/.local/lib/python3.12/site-packages/airflow/example_dags/example_xcomargs.py took 0.572 seconds
[2024-09-09T11:08:59.627+0000] {processor.py:186} INFO - Started process (PID=99) to work on /home/airflow/.local/lib/python3.12/site-packages/airflow/example_dags/example_xcomargs.py
[2024-09-09T11:08:59.629+0000] {processor.py:914} INFO - Processing file /home/airflow/.local/lib/python3.12/site-packages/airflow/example_dags/example_xcomargs.py for tasks to queue
[2024-09-09T11:08:59.632+0000] {logging_mixin.py:190} INFO - [2024-09-09T11:08:59.631+0000] {dagbag.py:587} INFO - Filling up the DagBag from /home/airflow/.local/lib/python3.12/site-packages/airflow/example_dags/example_xcomargs.py
[2024-09-09T11:08:59.644+0000] {processor.py:925} INFO - DAG(s) 'example_xcom_args', 'example_xcom_args_with_operators' retrieved from /home/airflow/.local/lib/python3.12/site-packages/airflow/example_dags/example_xcomargs.py
[2024-09-09T11:08:59.683+0000] {logging_mixin.py:190} INFO - [2024-09-09T11:08:59.682+0000] {dag.py:3229} INFO - Sync 2 DAGs
[2024-09-09T11:08:59.702+0000] {logging_mixin.py:190} INFO - [2024-09-09T11:08:59.701+0000] {dag.py:4156} INFO - Setting next_dagrun for example_xcom_args to None, run_after=None
[2024-09-09T11:08:59.707+0000] {logging_mixin.py:190} INFO - [2024-09-09T11:08:59.707+0000] {dag.py:4156} INFO - Setting next_dagrun for example_xcom_args_with_operators to None, run_after=None
[2024-09-09T11:08:59.731+0000] {processor.py:208} INFO - Processing /home/airflow/.local/lib/python3.12/site-packages/airflow/example_dags/example_xcomargs.py took 0.111 seconds
[2024-09-09T11:09:30.181+0000] {processor.py:186} INFO - Started process (PID=161) to work on /home/airflow/.local/lib/python3.12/site-packages/airflow/example_dags/example_xcomargs.py
[2024-09-09T11:09:30.183+0000] {processor.py:914} INFO - Processing file /home/airflow/.local/lib/python3.12/site-packages/airflow/example_dags/example_xcomargs.py for tasks to queue
[2024-09-09T11:09:30.187+0000] {logging_mixin.py:190} INFO - [2024-09-09T11:09:30.186+0000] {dagbag.py:587} INFO - Filling up the DagBag from /home/airflow/.local/lib/python3.12/site-packages/airflow/example_dags/example_xcomargs.py
[2024-09-09T11:09:30.202+0000] {processor.py:925} INFO - DAG(s) 'example_xcom_args_with_operators', 'example_xcom_args' retrieved from /home/airflow/.local/lib/python3.12/site-packages/airflow/example_dags/example_xcomargs.py
[2024-09-09T11:09:30.241+0000] {logging_mixin.py:190} INFO - [2024-09-09T11:09:30.241+0000] {dag.py:3229} INFO - Sync 2 DAGs
[2024-09-09T11:09:30.267+0000] {logging_mixin.py:190} INFO - [2024-09-09T11:09:30.266+0000] {dag.py:4156} INFO - Setting next_dagrun for example_xcom_args to None, run_after=None
[2024-09-09T11:09:30.277+0000] {logging_mixin.py:190} INFO - [2024-09-09T11:09:30.276+0000] {dag.py:4156} INFO - Setting next_dagrun for example_xcom_args_with_operators to None, run_after=None
[2024-09-09T11:09:30.314+0000] {processor.py:208} INFO - Processing /home/airflow/.local/lib/python3.12/site-packages/airflow/example_dags/example_xcomargs.py took 0.140 seconds
[2024-09-09T11:10:01.008+0000] {processor.py:186} INFO - Started process (PID=224) to work on /home/airflow/.local/lib/python3.12/site-packages/airflow/example_dags/example_xcomargs.py
[2024-09-09T11:10:01.010+0000] {processor.py:914} INFO - Processing file /home/airflow/.local/lib/python3.12/site-packages/airflow/example_dags/example_xcomargs.py for tasks to queue
[2024-09-09T11:10:01.013+0000] {logging_mixin.py:190} INFO - [2024-09-09T11:10:01.013+0000] {dagbag.py:587} INFO - Filling up the DagBag from /home/airflow/.local/lib/python3.12/site-packages/airflow/example_dags/example_xcomargs.py
[2024-09-09T11:10:01.032+0000] {processor.py:925} INFO - DAG(s) 'example_xcom_args', 'example_xcom_args_with_operators' retrieved from /home/airflow/.local/lib/python3.12/site-packages/airflow/example_dags/example_xcomargs.py
[2024-09-09T11:10:01.076+0000] {logging_mixin.py:190} INFO - [2024-09-09T11:10:01.075+0000] {dag.py:3229} INFO - Sync 2 DAGs
[2024-09-09T11:10:01.103+0000] {logging_mixin.py:190} INFO - [2024-09-09T11:10:01.102+0000] {dag.py:4156} INFO - Setting next_dagrun for example_xcom_args to None, run_after=None
[2024-09-09T11:10:01.111+0000] {logging_mixin.py:190} INFO - [2024-09-09T11:10:01.110+0000] {dag.py:4156} INFO - Setting next_dagrun for example_xcom_args_with_operators to None, run_after=None
[2024-09-09T11:10:01.147+0000] {processor.py:208} INFO - Processing /home/airflow/.local/lib/python3.12/site-packages/airflow/example_dags/example_xcomargs.py took 0.148 seconds
[2024-09-09T11:10:31.824+0000] {processor.py:186} INFO - Started process (PID=286) to work on /home/airflow/.local/lib/python3.12/site-packages/airflow/example_dags/example_xcomargs.py
[2024-09-09T11:10:31.826+0000] {processor.py:914} INFO - Processing file /home/airflow/.local/lib/python3.12/site-packages/airflow/example_dags/example_xcomargs.py for tasks to queue
[2024-09-09T11:10:31.831+0000] {logging_mixin.py:190} INFO - [2024-09-09T11:10:31.830+0000] {dagbag.py:587} INFO - Filling up the DagBag from /home/airflow/.local/lib/python3.12/site-packages/airflow/example_dags/example_xcomargs.py
[2024-09-09T11:10:31.847+0000] {processor.py:925} INFO - DAG(s) 'example_xcom_args_with_operators', 'example_xcom_args' retrieved from /home/airflow/.local/lib/python3.12/site-packages/airflow/example_dags/example_xcomargs.py
[2024-09-09T11:10:31.887+0000] {logging_mixin.py:190} INFO - [2024-09-09T11:10:31.887+0000] {dag.py:3229} INFO - Sync 2 DAGs
[2024-09-09T11:10:31.915+0000] {logging_mixin.py:190} INFO - [2024-09-09T11:10:31.915+0000] {dag.py:4156} INFO - Setting next_dagrun for example_xcom_args to None, run_after=None
[2024-09-09T11:10:31.922+0000] {logging_mixin.py:190} INFO - [2024-09-09T11:10:31.921+0000] {dag.py:4156} INFO - Setting next_dagrun for example_xcom_args_with_operators to None, run_after=None
[2024-09-09T11:10:31.953+0000] {processor.py:208} INFO - Processing /home/airflow/.local/lib/python3.12/site-packages/airflow/example_dags/example_xcomargs.py took 0.137 seconds
[2024-09-09T11:11:03.588+0000] {processor.py:186} INFO - Started process (PID=349) to work on /home/airflow/.local/lib/python3.12/site-packages/airflow/example_dags/example_xcomargs.py
[2024-09-09T11:11:03.591+0000] {processor.py:914} INFO - Processing file /home/airflow/.local/lib/python3.12/site-packages/airflow/example_dags/example_xcomargs.py for tasks to queue
[2024-09-09T11:11:03.598+0000] {logging_mixin.py:190} INFO - [2024-09-09T11:11:03.597+0000] {dagbag.py:587} INFO - Filling up the DagBag from /home/airflow/.local/lib/python3.12/site-packages/airflow/example_dags/example_xcomargs.py
[2024-09-09T11:11:03.624+0000] {processor.py:925} INFO - DAG(s) 'example_xcom_args_with_operators', 'example_xcom_args' retrieved from /home/airflow/.local/lib/python3.12/site-packages/airflow/example_dags/example_xcomargs.py
[2024-09-09T11:11:03.680+0000] {logging_mixin.py:190} INFO - [2024-09-09T11:11:03.679+0000] {dag.py:3229} INFO - Sync 2 DAGs
[2024-09-09T11:11:03.737+0000] {logging_mixin.py:190} INFO - [2024-09-09T11:11:03.736+0000] {dag.py:4156} INFO - Setting next_dagrun for example_xcom_args to None, run_after=None
[2024-09-09T11:11:03.750+0000] {logging_mixin.py:190} INFO - [2024-09-09T11:11:03.750+0000] {dag.py:4156} INFO - Setting next_dagrun for example_xcom_args_with_operators to None, run_after=None
[2024-09-09T11:11:03.795+0000] {processor.py:208} INFO - Processing /home/airflow/.local/lib/python3.12/site-packages/airflow/example_dags/example_xcomargs.py took 0.218 seconds
[2024-09-09T11:11:35.766+0000] {processor.py:186} INFO - Started process (PID=411) to work on /home/airflow/.local/lib/python3.12/site-packages/airflow/example_dags/example_xcomargs.py
[2024-09-09T11:11:35.768+0000] {processor.py:914} INFO - Processing file /home/airflow/.local/lib/python3.12/site-packages/airflow/example_dags/example_xcomargs.py for tasks to queue
[2024-09-09T11:11:35.772+0000] {logging_mixin.py:190} INFO - [2024-09-09T11:11:35.771+0000] {dagbag.py:587} INFO - Filling up the DagBag from /home/airflow/.local/lib/python3.12/site-packages/airflow/example_dags/example_xcomargs.py
[2024-09-09T11:11:35.799+0000] {processor.py:925} INFO - DAG(s) 'example_xcom_args_with_operators', 'example_xcom_args' retrieved from /home/airflow/.local/lib/python3.12/site-packages/airflow/example_dags/example_xcomargs.py
[2024-09-09T11:11:35.854+0000] {logging_mixin.py:190} INFO - [2024-09-09T11:11:35.853+0000] {dag.py:3229} INFO - Sync 2 DAGs
[2024-09-09T11:11:35.898+0000] {logging_mixin.py:190} INFO - [2024-09-09T11:11:35.897+0000] {dag.py:4156} INFO - Setting next_dagrun for example_xcom_args to None, run_after=None
[2024-09-09T11:11:35.908+0000] {logging_mixin.py:190} INFO - [2024-09-09T11:11:35.908+0000] {dag.py:4156} INFO - Setting next_dagrun for example_xcom_args_with_operators to None, run_after=None
[2024-09-09T11:11:35.944+0000] {processor.py:208} INFO - Processing /home/airflow/.local/lib/python3.12/site-packages/airflow/example_dags/example_xcomargs.py took 0.186 seconds
[2024-09-09T11:12:07.925+0000] {processor.py:186} INFO - Started process (PID=473) to work on /home/airflow/.local/lib/python3.12/site-packages/airflow/example_dags/example_xcomargs.py
[2024-09-09T11:12:07.927+0000] {processor.py:914} INFO - Processing file /home/airflow/.local/lib/python3.12/site-packages/airflow/example_dags/example_xcomargs.py for tasks to queue
[2024-09-09T11:12:07.932+0000] {logging_mixin.py:190} INFO - [2024-09-09T11:12:07.931+0000] {dagbag.py:587} INFO - Filling up the DagBag from /home/airflow/.local/lib/python3.12/site-packages/airflow/example_dags/example_xcomargs.py
[2024-09-09T11:12:07.955+0000] {processor.py:925} INFO - DAG(s) 'example_xcom_args_with_operators', 'example_xcom_args' retrieved from /home/airflow/.local/lib/python3.12/site-packages/airflow/example_dags/example_xcomargs.py
[2024-09-09T11:12:08.014+0000] {logging_mixin.py:190} INFO - [2024-09-09T11:12:08.013+0000] {dag.py:3229} INFO - Sync 2 DAGs
[2024-09-09T11:12:08.049+0000] {logging_mixin.py:190} INFO - [2024-09-09T11:12:08.049+0000] {dag.py:4156} INFO - Setting next_dagrun for example_xcom_args to None, run_after=None
[2024-09-09T11:12:08.060+0000] {logging_mixin.py:190} INFO - [2024-09-09T11:12:08.059+0000] {dag.py:4156} INFO - Setting next_dagrun for example_xcom_args_with_operators to None, run_after=None
[2024-09-09T11:12:08.102+0000] {processor.py:208} INFO - Processing /home/airflow/.local/lib/python3.12/site-packages/airflow/example_dags/example_xcomargs.py took 0.189 seconds
[2024-09-09T11:12:44.090+0000] {processor.py:186} INFO - Started process (PID=535) to work on /home/airflow/.local/lib/python3.12/site-packages/airflow/example_dags/example_xcomargs.py
[2024-09-09T11:12:44.093+0000] {processor.py:914} INFO - Processing file /home/airflow/.local/lib/python3.12/site-packages/airflow/example_dags/example_xcomargs.py for tasks to queue
[2024-09-09T11:12:44.100+0000] {logging_mixin.py:190} INFO - [2024-09-09T11:12:44.099+0000] {dagbag.py:587} INFO - Filling up the DagBag from /home/airflow/.local/lib/python3.12/site-packages/airflow/example_dags/example_xcomargs.py
[2024-09-09T11:12:44.141+0000] {processor.py:925} INFO - DAG(s) 'example_xcom_args', 'example_xcom_args_with_operators' retrieved from /home/airflow/.local/lib/python3.12/site-packages/airflow/example_dags/example_xcomargs.py
[2024-09-09T11:12:44.320+0000] {logging_mixin.py:190} INFO - [2024-09-09T11:12:44.320+0000] {dag.py:3229} INFO - Sync 2 DAGs
[2024-09-09T11:12:44.508+0000] {logging_mixin.py:190} INFO - [2024-09-09T11:12:44.507+0000] {dag.py:4156} INFO - Setting next_dagrun for example_xcom_args to None, run_after=None
[2024-09-09T11:12:44.537+0000] {logging_mixin.py:190} INFO - [2024-09-09T11:12:44.537+0000] {dag.py:4156} INFO - Setting next_dagrun for example_xcom_args_with_operators to None, run_after=None
[2024-09-09T11:12:44.719+0000] {processor.py:208} INFO - Processing /home/airflow/.local/lib/python3.12/site-packages/airflow/example_dags/example_xcomargs.py took 0.649 seconds
[2024-09-09T11:13:34.554+0000] {processor.py:186} INFO - Started process (PID=597) to work on /home/airflow/.local/lib/python3.12/site-packages/airflow/example_dags/example_xcomargs.py
[2024-09-09T11:13:34.562+0000] {processor.py:914} INFO - Processing file /home/airflow/.local/lib/python3.12/site-packages/airflow/example_dags/example_xcomargs.py for tasks to queue
[2024-09-09T11:13:34.569+0000] {logging_mixin.py:190} INFO - [2024-09-09T11:13:34.568+0000] {dagbag.py:587} INFO - Filling up the DagBag from /home/airflow/.local/lib/python3.12/site-packages/airflow/example_dags/example_xcomargs.py
[2024-09-09T11:13:34.620+0000] {processor.py:925} INFO - DAG(s) 'example_xcom_args', 'example_xcom_args_with_operators' retrieved from /home/airflow/.local/lib/python3.12/site-packages/airflow/example_dags/example_xcomargs.py
[2024-09-09T11:13:34.817+0000] {logging_mixin.py:190} INFO - [2024-09-09T11:13:34.816+0000] {dag.py:3229} INFO - Sync 2 DAGs
[2024-09-09T11:13:34.915+0000] {logging_mixin.py:190} INFO - [2024-09-09T11:13:34.914+0000] {dag.py:4156} INFO - Setting next_dagrun for example_xcom_args to None, run_after=None
[2024-09-09T11:13:34.941+0000] {logging_mixin.py:190} INFO - [2024-09-09T11:13:34.939+0000] {dag.py:4156} INFO - Setting next_dagrun for example_xcom_args_with_operators to None, run_after=None
[2024-09-09T11:13:35.055+0000] {processor.py:208} INFO - Processing /home/airflow/.local/lib/python3.12/site-packages/airflow/example_dags/example_xcomargs.py took 0.539 seconds
