[2024-09-09T11:00:52.640+0000] {processor.py:186} INFO - Started process (PID=101) to work on /home/airflow/.local/lib/python3.12/site-packages/airflow/example_dags/example_time_delta_sensor_async.py
[2024-09-09T11:00:52.641+0000] {processor.py:914} INFO - Processing file /home/airflow/.local/lib/python3.12/site-packages/airflow/example_dags/example_time_delta_sensor_async.py for tasks to queue
[2024-09-09T11:00:52.646+0000] {logging_mixin.py:190} INFO - [2024-09-09T11:00:52.645+0000] {dagbag.py:587} INFO - Filling up the DagBag from /home/airflow/.local/lib/python3.12/site-packages/airflow/example_dags/example_time_delta_sensor_async.py
[2024-09-09T11:00:52.663+0000] {processor.py:925} INFO - DAG(s) 'example_time_delta_sensor_async' retrieved from /home/airflow/.local/lib/python3.12/site-packages/airflow/example_dags/example_time_delta_sensor_async.py
[2024-09-09T11:00:52.898+0000] {logging_mixin.py:190} INFO - [2024-09-09T11:00:52.896+0000] {override.py:1900} INFO - Created Permission View: can delete on DAG:example_time_delta_sensor_async
[2024-09-09T11:00:52.920+0000] {logging_mixin.py:190} INFO - [2024-09-09T11:00:52.919+0000] {override.py:1900} INFO - Created Permission View: can edit on DAG:example_time_delta_sensor_async
[2024-09-09T11:00:52.937+0000] {logging_mixin.py:190} INFO - [2024-09-09T11:00:52.936+0000] {override.py:1900} INFO - Created Permission View: can read on DAG:example_time_delta_sensor_async
[2024-09-09T11:00:52.956+0000] {logging_mixin.py:190} INFO - [2024-09-09T11:00:52.955+0000] {override.py:1900} INFO - Created Permission View: can delete on DAG Run:example_time_delta_sensor_async
[2024-09-09T11:00:52.973+0000] {logging_mixin.py:190} INFO - [2024-09-09T11:00:52.972+0000] {override.py:1900} INFO - Created Permission View: can create on DAG Run:example_time_delta_sensor_async
[2024-09-09T11:00:52.998+0000] {logging_mixin.py:190} INFO - [2024-09-09T11:00:52.997+0000] {override.py:1900} INFO - Created Permission View: can read on DAG Run:example_time_delta_sensor_async
[2024-09-09T11:00:53.015+0000] {logging_mixin.py:190} INFO - [2024-09-09T11:00:53.014+0000] {override.py:1900} INFO - Created Permission View: menu access on DAG Run:example_time_delta_sensor_async
[2024-09-09T11:00:53.017+0000] {logging_mixin.py:190} INFO - [2024-09-09T11:00:53.016+0000] {dag.py:3229} INFO - Sync 1 DAGs
[2024-09-09T11:00:53.055+0000] {logging_mixin.py:190} INFO - [2024-09-09T11:00:53.055+0000] {dag.py:3252} INFO - Creating ORM DAG for example_time_delta_sensor_async
[2024-09-09T11:00:53.058+0000] {logging_mixin.py:190} INFO - [2024-09-09T11:00:53.057+0000] {dag.py:4156} INFO - Setting next_dagrun for example_time_delta_sensor_async to None, run_after=None
[2024-09-09T11:00:53.106+0000] {processor.py:208} INFO - Processing /home/airflow/.local/lib/python3.12/site-packages/airflow/example_dags/example_time_delta_sensor_async.py took 0.479 seconds
[2024-09-09T11:08:59.308+0000] {processor.py:186} INFO - Started process (PID=96) to work on /home/airflow/.local/lib/python3.12/site-packages/airflow/example_dags/example_time_delta_sensor_async.py
[2024-09-09T11:08:59.310+0000] {processor.py:914} INFO - Processing file /home/airflow/.local/lib/python3.12/site-packages/airflow/example_dags/example_time_delta_sensor_async.py for tasks to queue
[2024-09-09T11:08:59.313+0000] {logging_mixin.py:190} INFO - [2024-09-09T11:08:59.313+0000] {dagbag.py:587} INFO - Filling up the DagBag from /home/airflow/.local/lib/python3.12/site-packages/airflow/example_dags/example_time_delta_sensor_async.py
[2024-09-09T11:08:59.323+0000] {processor.py:925} INFO - DAG(s) 'example_time_delta_sensor_async' retrieved from /home/airflow/.local/lib/python3.12/site-packages/airflow/example_dags/example_time_delta_sensor_async.py
[2024-09-09T11:08:59.353+0000] {logging_mixin.py:190} INFO - [2024-09-09T11:08:59.353+0000] {dag.py:3229} INFO - Sync 1 DAGs
[2024-09-09T11:08:59.373+0000] {logging_mixin.py:190} INFO - [2024-09-09T11:08:59.373+0000] {dag.py:4156} INFO - Setting next_dagrun for example_time_delta_sensor_async to None, run_after=None
[2024-09-09T11:08:59.402+0000] {processor.py:208} INFO - Processing /home/airflow/.local/lib/python3.12/site-packages/airflow/example_dags/example_time_delta_sensor_async.py took 0.102 seconds
[2024-09-09T11:09:29.825+0000] {processor.py:186} INFO - Started process (PID=158) to work on /home/airflow/.local/lib/python3.12/site-packages/airflow/example_dags/example_time_delta_sensor_async.py
[2024-09-09T11:09:29.827+0000] {processor.py:914} INFO - Processing file /home/airflow/.local/lib/python3.12/site-packages/airflow/example_dags/example_time_delta_sensor_async.py for tasks to queue
[2024-09-09T11:09:29.831+0000] {logging_mixin.py:190} INFO - [2024-09-09T11:09:29.831+0000] {dagbag.py:587} INFO - Filling up the DagBag from /home/airflow/.local/lib/python3.12/site-packages/airflow/example_dags/example_time_delta_sensor_async.py
[2024-09-09T11:09:29.841+0000] {processor.py:925} INFO - DAG(s) 'example_time_delta_sensor_async' retrieved from /home/airflow/.local/lib/python3.12/site-packages/airflow/example_dags/example_time_delta_sensor_async.py
[2024-09-09T11:09:29.873+0000] {logging_mixin.py:190} INFO - [2024-09-09T11:09:29.872+0000] {dag.py:3229} INFO - Sync 1 DAGs
[2024-09-09T11:09:29.903+0000] {logging_mixin.py:190} INFO - [2024-09-09T11:09:29.902+0000] {dag.py:4156} INFO - Setting next_dagrun for example_time_delta_sensor_async to None, run_after=None
[2024-09-09T11:09:29.935+0000] {processor.py:208} INFO - Processing /home/airflow/.local/lib/python3.12/site-packages/airflow/example_dags/example_time_delta_sensor_async.py took 0.117 seconds
[2024-09-09T11:10:00.753+0000] {processor.py:186} INFO - Started process (PID=221) to work on /home/airflow/.local/lib/python3.12/site-packages/airflow/example_dags/example_time_delta_sensor_async.py
[2024-09-09T11:10:00.756+0000] {processor.py:914} INFO - Processing file /home/airflow/.local/lib/python3.12/site-packages/airflow/example_dags/example_time_delta_sensor_async.py for tasks to queue
[2024-09-09T11:10:00.760+0000] {logging_mixin.py:190} INFO - [2024-09-09T11:10:00.760+0000] {dagbag.py:587} INFO - Filling up the DagBag from /home/airflow/.local/lib/python3.12/site-packages/airflow/example_dags/example_time_delta_sensor_async.py
[2024-09-09T11:10:00.781+0000] {processor.py:925} INFO - DAG(s) 'example_time_delta_sensor_async' retrieved from /home/airflow/.local/lib/python3.12/site-packages/airflow/example_dags/example_time_delta_sensor_async.py
[2024-09-09T11:10:00.822+0000] {logging_mixin.py:190} INFO - [2024-09-09T11:10:00.822+0000] {dag.py:3229} INFO - Sync 1 DAGs
[2024-09-09T11:10:00.853+0000] {logging_mixin.py:190} INFO - [2024-09-09T11:10:00.853+0000] {dag.py:4156} INFO - Setting next_dagrun for example_time_delta_sensor_async to None, run_after=None
[2024-09-09T11:10:00.891+0000] {processor.py:208} INFO - Processing /home/airflow/.local/lib/python3.12/site-packages/airflow/example_dags/example_time_delta_sensor_async.py took 0.148 seconds
[2024-09-09T11:10:31.431+0000] {processor.py:186} INFO - Started process (PID=283) to work on /home/airflow/.local/lib/python3.12/site-packages/airflow/example_dags/example_time_delta_sensor_async.py
[2024-09-09T11:10:31.433+0000] {processor.py:914} INFO - Processing file /home/airflow/.local/lib/python3.12/site-packages/airflow/example_dags/example_time_delta_sensor_async.py for tasks to queue
[2024-09-09T11:10:31.438+0000] {logging_mixin.py:190} INFO - [2024-09-09T11:10:31.437+0000] {dagbag.py:587} INFO - Filling up the DagBag from /home/airflow/.local/lib/python3.12/site-packages/airflow/example_dags/example_time_delta_sensor_async.py
[2024-09-09T11:10:31.450+0000] {processor.py:925} INFO - DAG(s) 'example_time_delta_sensor_async' retrieved from /home/airflow/.local/lib/python3.12/site-packages/airflow/example_dags/example_time_delta_sensor_async.py
[2024-09-09T11:10:31.484+0000] {logging_mixin.py:190} INFO - [2024-09-09T11:10:31.483+0000] {dag.py:3229} INFO - Sync 1 DAGs
[2024-09-09T11:10:31.508+0000] {logging_mixin.py:190} INFO - [2024-09-09T11:10:31.507+0000] {dag.py:4156} INFO - Setting next_dagrun for example_time_delta_sensor_async to None, run_after=None
[2024-09-09T11:10:31.544+0000] {processor.py:208} INFO - Processing /home/airflow/.local/lib/python3.12/site-packages/airflow/example_dags/example_time_delta_sensor_async.py took 0.120 seconds
[2024-09-09T11:11:03.354+0000] {processor.py:186} INFO - Started process (PID=346) to work on /home/airflow/.local/lib/python3.12/site-packages/airflow/example_dags/example_time_delta_sensor_async.py
[2024-09-09T11:11:03.356+0000] {processor.py:914} INFO - Processing file /home/airflow/.local/lib/python3.12/site-packages/airflow/example_dags/example_time_delta_sensor_async.py for tasks to queue
[2024-09-09T11:11:03.360+0000] {logging_mixin.py:190} INFO - [2024-09-09T11:11:03.360+0000] {dagbag.py:587} INFO - Filling up the DagBag from /home/airflow/.local/lib/python3.12/site-packages/airflow/example_dags/example_time_delta_sensor_async.py
[2024-09-09T11:11:03.375+0000] {processor.py:925} INFO - DAG(s) 'example_time_delta_sensor_async' retrieved from /home/airflow/.local/lib/python3.12/site-packages/airflow/example_dags/example_time_delta_sensor_async.py
[2024-09-09T11:11:03.414+0000] {logging_mixin.py:190} INFO - [2024-09-09T11:11:03.414+0000] {dag.py:3229} INFO - Sync 1 DAGs
[2024-09-09T11:11:03.443+0000] {logging_mixin.py:190} INFO - [2024-09-09T11:11:03.443+0000] {dag.py:4156} INFO - Setting next_dagrun for example_time_delta_sensor_async to None, run_after=None
[2024-09-09T11:11:03.486+0000] {processor.py:208} INFO - Processing /home/airflow/.local/lib/python3.12/site-packages/airflow/example_dags/example_time_delta_sensor_async.py took 0.142 seconds
[2024-09-09T11:11:35.243+0000] {processor.py:186} INFO - Started process (PID=408) to work on /home/airflow/.local/lib/python3.12/site-packages/airflow/example_dags/example_time_delta_sensor_async.py
[2024-09-09T11:11:35.246+0000] {processor.py:914} INFO - Processing file /home/airflow/.local/lib/python3.12/site-packages/airflow/example_dags/example_time_delta_sensor_async.py for tasks to queue
[2024-09-09T11:11:35.252+0000] {logging_mixin.py:190} INFO - [2024-09-09T11:11:35.251+0000] {dagbag.py:587} INFO - Filling up the DagBag from /home/airflow/.local/lib/python3.12/site-packages/airflow/example_dags/example_time_delta_sensor_async.py
[2024-09-09T11:11:35.275+0000] {processor.py:925} INFO - DAG(s) 'example_time_delta_sensor_async' retrieved from /home/airflow/.local/lib/python3.12/site-packages/airflow/example_dags/example_time_delta_sensor_async.py
[2024-09-09T11:11:35.326+0000] {logging_mixin.py:190} INFO - [2024-09-09T11:11:35.325+0000] {dag.py:3229} INFO - Sync 1 DAGs
[2024-09-09T11:11:35.360+0000] {logging_mixin.py:190} INFO - [2024-09-09T11:11:35.359+0000] {dag.py:4156} INFO - Setting next_dagrun for example_time_delta_sensor_async to None, run_after=None
[2024-09-09T11:11:35.425+0000] {processor.py:208} INFO - Processing /home/airflow/.local/lib/python3.12/site-packages/airflow/example_dags/example_time_delta_sensor_async.py took 0.201 seconds
[2024-09-09T11:12:06.924+0000] {processor.py:186} INFO - Started process (PID=470) to work on /home/airflow/.local/lib/python3.12/site-packages/airflow/example_dags/example_time_delta_sensor_async.py
[2024-09-09T11:12:06.926+0000] {processor.py:914} INFO - Processing file /home/airflow/.local/lib/python3.12/site-packages/airflow/example_dags/example_time_delta_sensor_async.py for tasks to queue
[2024-09-09T11:12:06.932+0000] {logging_mixin.py:190} INFO - [2024-09-09T11:12:06.931+0000] {dagbag.py:587} INFO - Filling up the DagBag from /home/airflow/.local/lib/python3.12/site-packages/airflow/example_dags/example_time_delta_sensor_async.py
[2024-09-09T11:12:06.949+0000] {processor.py:925} INFO - DAG(s) 'example_time_delta_sensor_async' retrieved from /home/airflow/.local/lib/python3.12/site-packages/airflow/example_dags/example_time_delta_sensor_async.py
[2024-09-09T11:12:07.020+0000] {logging_mixin.py:190} INFO - [2024-09-09T11:12:07.019+0000] {dag.py:3229} INFO - Sync 1 DAGs
[2024-09-09T11:12:07.172+0000] {logging_mixin.py:190} INFO - [2024-09-09T11:12:07.171+0000] {dag.py:4156} INFO - Setting next_dagrun for example_time_delta_sensor_async to None, run_after=None
[2024-09-09T11:12:07.436+0000] {processor.py:208} INFO - Processing /home/airflow/.local/lib/python3.12/site-packages/airflow/example_dags/example_time_delta_sensor_async.py took 0.530 seconds
[2024-09-09T11:12:43.149+0000] {processor.py:186} INFO - Started process (PID=532) to work on /home/airflow/.local/lib/python3.12/site-packages/airflow/example_dags/example_time_delta_sensor_async.py
[2024-09-09T11:12:43.159+0000] {processor.py:914} INFO - Processing file /home/airflow/.local/lib/python3.12/site-packages/airflow/example_dags/example_time_delta_sensor_async.py for tasks to queue
[2024-09-09T11:12:43.166+0000] {logging_mixin.py:190} INFO - [2024-09-09T11:12:43.165+0000] {dagbag.py:587} INFO - Filling up the DagBag from /home/airflow/.local/lib/python3.12/site-packages/airflow/example_dags/example_time_delta_sensor_async.py
[2024-09-09T11:12:43.216+0000] {processor.py:925} INFO - DAG(s) 'example_time_delta_sensor_async' retrieved from /home/airflow/.local/lib/python3.12/site-packages/airflow/example_dags/example_time_delta_sensor_async.py
[2024-09-09T11:12:43.315+0000] {logging_mixin.py:190} INFO - [2024-09-09T11:12:43.314+0000] {dag.py:3229} INFO - Sync 1 DAGs
[2024-09-09T11:12:43.425+0000] {logging_mixin.py:190} INFO - [2024-09-09T11:12:43.424+0000] {dag.py:4156} INFO - Setting next_dagrun for example_time_delta_sensor_async to None, run_after=None
[2024-09-09T11:12:43.541+0000] {processor.py:208} INFO - Processing /home/airflow/.local/lib/python3.12/site-packages/airflow/example_dags/example_time_delta_sensor_async.py took 0.428 seconds
[2024-09-09T11:13:33.658+0000] {processor.py:186} INFO - Started process (PID=594) to work on /home/airflow/.local/lib/python3.12/site-packages/airflow/example_dags/example_time_delta_sensor_async.py
[2024-09-09T11:13:33.660+0000] {processor.py:914} INFO - Processing file /home/airflow/.local/lib/python3.12/site-packages/airflow/example_dags/example_time_delta_sensor_async.py for tasks to queue
[2024-09-09T11:13:33.665+0000] {logging_mixin.py:190} INFO - [2024-09-09T11:13:33.665+0000] {dagbag.py:587} INFO - Filling up the DagBag from /home/airflow/.local/lib/python3.12/site-packages/airflow/example_dags/example_time_delta_sensor_async.py
[2024-09-09T11:13:33.690+0000] {processor.py:925} INFO - DAG(s) 'example_time_delta_sensor_async' retrieved from /home/airflow/.local/lib/python3.12/site-packages/airflow/example_dags/example_time_delta_sensor_async.py
[2024-09-09T11:13:33.795+0000] {logging_mixin.py:190} INFO - [2024-09-09T11:13:33.794+0000] {dag.py:3229} INFO - Sync 1 DAGs
[2024-09-09T11:13:33.834+0000] {logging_mixin.py:190} INFO - [2024-09-09T11:13:33.834+0000] {dag.py:4156} INFO - Setting next_dagrun for example_time_delta_sensor_async to None, run_after=None
[2024-09-09T11:13:33.910+0000] {processor.py:208} INFO - Processing /home/airflow/.local/lib/python3.12/site-packages/airflow/example_dags/example_time_delta_sensor_async.py took 0.269 seconds
