[2024-09-09T11:00:52.549+0000] {processor.py:186} INFO - Started process (PID=100) to work on /home/airflow/.local/lib/python3.12/site-packages/airflow/example_dags/example_bash_decorator.py
[2024-09-09T11:00:52.552+0000] {processor.py:914} INFO - Processing file /home/airflow/.local/lib/python3.12/site-packages/airflow/example_dags/example_bash_decorator.py for tasks to queue
[2024-09-09T11:00:52.557+0000] {logging_mixin.py:190} INFO - [2024-09-09T11:00:52.556+0000] {dagbag.py:587} INFO - Filling up the DagBag from /home/airflow/.local/lib/python3.12/site-packages/airflow/example_dags/example_bash_decorator.py
[2024-09-09T11:00:52.586+0000] {processor.py:925} INFO - DAG(s) 'example_bash_decorator' retrieved from /home/airflow/.local/lib/python3.12/site-packages/airflow/example_dags/example_bash_decorator.py
[2024-09-09T11:00:52.825+0000] {logging_mixin.py:190} INFO - [2024-09-09T11:00:52.823+0000] {override.py:1900} INFO - Created Permission View: can delete on DAG:example_bash_decorator
[2024-09-09T11:00:52.848+0000] {logging_mixin.py:190} INFO - [2024-09-09T11:00:52.847+0000] {override.py:1900} INFO - Created Permission View: can edit on DAG:example_bash_decorator
[2024-09-09T11:00:52.863+0000] {logging_mixin.py:190} INFO - [2024-09-09T11:00:52.862+0000] {override.py:1900} INFO - Created Permission View: can read on DAG:example_bash_decorator
[2024-09-09T11:00:52.879+0000] {logging_mixin.py:190} INFO - [2024-09-09T11:00:52.878+0000] {override.py:1900} INFO - Created Permission View: can delete on DAG Run:example_bash_decorator
[2024-09-09T11:00:52.895+0000] {logging_mixin.py:190} INFO - [2024-09-09T11:00:52.895+0000] {override.py:1900} INFO - Created Permission View: can create on DAG Run:example_bash_decorator
[2024-09-09T11:00:52.913+0000] {logging_mixin.py:190} INFO - [2024-09-09T11:00:52.912+0000] {override.py:1900} INFO - Created Permission View: can read on DAG Run:example_bash_decorator
[2024-09-09T11:00:52.926+0000] {logging_mixin.py:190} INFO - [2024-09-09T11:00:52.925+0000] {override.py:1900} INFO - Created Permission View: menu access on DAG Run:example_bash_decorator
[2024-09-09T11:00:52.928+0000] {logging_mixin.py:190} INFO - [2024-09-09T11:00:52.927+0000] {dag.py:3229} INFO - Sync 1 DAGs
[2024-09-09T11:00:52.959+0000] {logging_mixin.py:190} INFO - [2024-09-09T11:00:52.958+0000] {dag.py:3252} INFO - Creating ORM DAG for example_bash_decorator
[2024-09-09T11:00:52.960+0000] {logging_mixin.py:190} INFO - [2024-09-09T11:00:52.960+0000] {dag.py:4156} INFO - Setting next_dagrun for example_bash_decorator to None, run_after=None
[2024-09-09T11:00:53.005+0000] {processor.py:208} INFO - Processing /home/airflow/.local/lib/python3.12/site-packages/airflow/example_dags/example_bash_decorator.py took 0.469 seconds
[2024-09-09T11:08:58.992+0000] {processor.py:186} INFO - Started process (PID=95) to work on /home/airflow/.local/lib/python3.12/site-packages/airflow/example_dags/example_bash_decorator.py
[2024-09-09T11:08:58.994+0000] {processor.py:914} INFO - Processing file /home/airflow/.local/lib/python3.12/site-packages/airflow/example_dags/example_bash_decorator.py for tasks to queue
[2024-09-09T11:08:58.998+0000] {logging_mixin.py:190} INFO - [2024-09-09T11:08:58.997+0000] {dagbag.py:587} INFO - Filling up the DagBag from /home/airflow/.local/lib/python3.12/site-packages/airflow/example_dags/example_bash_decorator.py
[2024-09-09T11:08:59.018+0000] {processor.py:925} INFO - DAG(s) 'example_bash_decorator' retrieved from /home/airflow/.local/lib/python3.12/site-packages/airflow/example_dags/example_bash_decorator.py
[2024-09-09T11:08:59.172+0000] {logging_mixin.py:190} INFO - [2024-09-09T11:08:59.171+0000] {dag.py:3229} INFO - Sync 1 DAGs
[2024-09-09T11:08:59.219+0000] {logging_mixin.py:190} INFO - [2024-09-09T11:08:59.218+0000] {dag.py:4156} INFO - Setting next_dagrun for example_bash_decorator to None, run_after=None
[2024-09-09T11:08:59.249+0000] {processor.py:208} INFO - Processing /home/airflow/.local/lib/python3.12/site-packages/airflow/example_dags/example_bash_decorator.py took 0.264 seconds
[2024-09-09T11:09:29.643+0000] {processor.py:186} INFO - Started process (PID=157) to work on /home/airflow/.local/lib/python3.12/site-packages/airflow/example_dags/example_bash_decorator.py
[2024-09-09T11:09:29.645+0000] {processor.py:914} INFO - Processing file /home/airflow/.local/lib/python3.12/site-packages/airflow/example_dags/example_bash_decorator.py for tasks to queue
[2024-09-09T11:09:29.648+0000] {logging_mixin.py:190} INFO - [2024-09-09T11:09:29.648+0000] {dagbag.py:587} INFO - Filling up the DagBag from /home/airflow/.local/lib/python3.12/site-packages/airflow/example_dags/example_bash_decorator.py
[2024-09-09T11:09:29.668+0000] {processor.py:925} INFO - DAG(s) 'example_bash_decorator' retrieved from /home/airflow/.local/lib/python3.12/site-packages/airflow/example_dags/example_bash_decorator.py
[2024-09-09T11:09:29.718+0000] {logging_mixin.py:190} INFO - [2024-09-09T11:09:29.718+0000] {dag.py:3229} INFO - Sync 1 DAGs
[2024-09-09T11:09:29.740+0000] {logging_mixin.py:190} INFO - [2024-09-09T11:09:29.740+0000] {dag.py:4156} INFO - Setting next_dagrun for example_bash_decorator to None, run_after=None
[2024-09-09T11:09:29.775+0000] {processor.py:208} INFO - Processing /home/airflow/.local/lib/python3.12/site-packages/airflow/example_dags/example_bash_decorator.py took 0.142 seconds
[2024-09-09T11:10:00.542+0000] {processor.py:186} INFO - Started process (PID=220) to work on /home/airflow/.local/lib/python3.12/site-packages/airflow/example_dags/example_bash_decorator.py
[2024-09-09T11:10:00.544+0000] {processor.py:914} INFO - Processing file /home/airflow/.local/lib/python3.12/site-packages/airflow/example_dags/example_bash_decorator.py for tasks to queue
[2024-09-09T11:10:00.549+0000] {logging_mixin.py:190} INFO - [2024-09-09T11:10:00.548+0000] {dagbag.py:587} INFO - Filling up the DagBag from /home/airflow/.local/lib/python3.12/site-packages/airflow/example_dags/example_bash_decorator.py
[2024-09-09T11:10:00.577+0000] {processor.py:925} INFO - DAG(s) 'example_bash_decorator' retrieved from /home/airflow/.local/lib/python3.12/site-packages/airflow/example_dags/example_bash_decorator.py
[2024-09-09T11:10:00.631+0000] {logging_mixin.py:190} INFO - [2024-09-09T11:10:00.630+0000] {dag.py:3229} INFO - Sync 1 DAGs
[2024-09-09T11:10:00.676+0000] {logging_mixin.py:190} INFO - [2024-09-09T11:10:00.675+0000] {dag.py:4156} INFO - Setting next_dagrun for example_bash_decorator to None, run_after=None
[2024-09-09T11:10:00.730+0000] {processor.py:208} INFO - Processing /home/airflow/.local/lib/python3.12/site-packages/airflow/example_dags/example_bash_decorator.py took 0.198 seconds
[2024-09-09T11:10:31.224+0000] {processor.py:186} INFO - Started process (PID=282) to work on /home/airflow/.local/lib/python3.12/site-packages/airflow/example_dags/example_bash_decorator.py
[2024-09-09T11:10:31.225+0000] {processor.py:914} INFO - Processing file /home/airflow/.local/lib/python3.12/site-packages/airflow/example_dags/example_bash_decorator.py for tasks to queue
[2024-09-09T11:10:31.230+0000] {logging_mixin.py:190} INFO - [2024-09-09T11:10:31.229+0000] {dagbag.py:587} INFO - Filling up the DagBag from /home/airflow/.local/lib/python3.12/site-packages/airflow/example_dags/example_bash_decorator.py
[2024-09-09T11:10:31.254+0000] {processor.py:925} INFO - DAG(s) 'example_bash_decorator' retrieved from /home/airflow/.local/lib/python3.12/site-packages/airflow/example_dags/example_bash_decorator.py
[2024-09-09T11:10:31.292+0000] {logging_mixin.py:190} INFO - [2024-09-09T11:10:31.292+0000] {dag.py:3229} INFO - Sync 1 DAGs
[2024-09-09T11:10:31.322+0000] {logging_mixin.py:190} INFO - [2024-09-09T11:10:31.321+0000] {dag.py:4156} INFO - Setting next_dagrun for example_bash_decorator to None, run_after=None
[2024-09-09T11:10:31.359+0000] {processor.py:208} INFO - Processing /home/airflow/.local/lib/python3.12/site-packages/airflow/example_dags/example_bash_decorator.py took 0.143 seconds
[2024-09-09T11:11:03.115+0000] {processor.py:186} INFO - Started process (PID=345) to work on /home/airflow/.local/lib/python3.12/site-packages/airflow/example_dags/example_bash_decorator.py
[2024-09-09T11:11:03.117+0000] {processor.py:914} INFO - Processing file /home/airflow/.local/lib/python3.12/site-packages/airflow/example_dags/example_bash_decorator.py for tasks to queue
[2024-09-09T11:11:03.122+0000] {logging_mixin.py:190} INFO - [2024-09-09T11:11:03.121+0000] {dagbag.py:587} INFO - Filling up the DagBag from /home/airflow/.local/lib/python3.12/site-packages/airflow/example_dags/example_bash_decorator.py
[2024-09-09T11:11:03.153+0000] {processor.py:925} INFO - DAG(s) 'example_bash_decorator' retrieved from /home/airflow/.local/lib/python3.12/site-packages/airflow/example_dags/example_bash_decorator.py
[2024-09-09T11:11:03.195+0000] {logging_mixin.py:190} INFO - [2024-09-09T11:11:03.194+0000] {dag.py:3229} INFO - Sync 1 DAGs
[2024-09-09T11:11:03.223+0000] {logging_mixin.py:190} INFO - [2024-09-09T11:11:03.223+0000] {dag.py:4156} INFO - Setting next_dagrun for example_bash_decorator to None, run_after=None
[2024-09-09T11:11:03.267+0000] {processor.py:208} INFO - Processing /home/airflow/.local/lib/python3.12/site-packages/airflow/example_dags/example_bash_decorator.py took 0.162 seconds
[2024-09-09T11:11:35.082+0000] {processor.py:186} INFO - Started process (PID=407) to work on /home/airflow/.local/lib/python3.12/site-packages/airflow/example_dags/example_bash_decorator.py
[2024-09-09T11:11:35.085+0000] {processor.py:914} INFO - Processing file /home/airflow/.local/lib/python3.12/site-packages/airflow/example_dags/example_bash_decorator.py for tasks to queue
[2024-09-09T11:11:35.091+0000] {logging_mixin.py:190} INFO - [2024-09-09T11:11:35.090+0000] {dagbag.py:587} INFO - Filling up the DagBag from /home/airflow/.local/lib/python3.12/site-packages/airflow/example_dags/example_bash_decorator.py
[2024-09-09T11:11:35.135+0000] {processor.py:925} INFO - DAG(s) 'example_bash_decorator' retrieved from /home/airflow/.local/lib/python3.12/site-packages/airflow/example_dags/example_bash_decorator.py
[2024-09-09T11:11:35.211+0000] {logging_mixin.py:190} INFO - [2024-09-09T11:11:35.211+0000] {dag.py:3229} INFO - Sync 1 DAGs
[2024-09-09T11:11:35.273+0000] {logging_mixin.py:190} INFO - [2024-09-09T11:11:35.272+0000] {dag.py:4156} INFO - Setting next_dagrun for example_bash_decorator to None, run_after=None
[2024-09-09T11:11:35.397+0000] {processor.py:208} INFO - Processing /home/airflow/.local/lib/python3.12/site-packages/airflow/example_dags/example_bash_decorator.py took 0.333 seconds
[2024-09-09T11:12:06.641+0000] {processor.py:186} INFO - Started process (PID=469) to work on /home/airflow/.local/lib/python3.12/site-packages/airflow/example_dags/example_bash_decorator.py
[2024-09-09T11:12:06.644+0000] {processor.py:914} INFO - Processing file /home/airflow/.local/lib/python3.12/site-packages/airflow/example_dags/example_bash_decorator.py for tasks to queue
[2024-09-09T11:12:06.650+0000] {logging_mixin.py:190} INFO - [2024-09-09T11:12:06.649+0000] {dagbag.py:587} INFO - Filling up the DagBag from /home/airflow/.local/lib/python3.12/site-packages/airflow/example_dags/example_bash_decorator.py
[2024-09-09T11:12:06.693+0000] {processor.py:925} INFO - DAG(s) 'example_bash_decorator' retrieved from /home/airflow/.local/lib/python3.12/site-packages/airflow/example_dags/example_bash_decorator.py
[2024-09-09T11:12:06.752+0000] {logging_mixin.py:190} INFO - [2024-09-09T11:12:06.751+0000] {dag.py:3229} INFO - Sync 1 DAGs
[2024-09-09T11:12:06.793+0000] {logging_mixin.py:190} INFO - [2024-09-09T11:12:06.792+0000] {dag.py:4156} INFO - Setting next_dagrun for example_bash_decorator to None, run_after=None
[2024-09-09T11:12:06.842+0000] {processor.py:208} INFO - Processing /home/airflow/.local/lib/python3.12/site-packages/airflow/example_dags/example_bash_decorator.py took 0.213 seconds
[2024-09-09T11:12:42.657+0000] {processor.py:186} INFO - Started process (PID=531) to work on /home/airflow/.local/lib/python3.12/site-packages/airflow/example_dags/example_bash_decorator.py
[2024-09-09T11:12:42.661+0000] {processor.py:914} INFO - Processing file /home/airflow/.local/lib/python3.12/site-packages/airflow/example_dags/example_bash_decorator.py for tasks to queue
[2024-09-09T11:12:42.676+0000] {logging_mixin.py:190} INFO - [2024-09-09T11:12:42.675+0000] {dagbag.py:587} INFO - Filling up the DagBag from /home/airflow/.local/lib/python3.12/site-packages/airflow/example_dags/example_bash_decorator.py
[2024-09-09T11:12:42.863+0000] {processor.py:925} INFO - DAG(s) 'example_bash_decorator' retrieved from /home/airflow/.local/lib/python3.12/site-packages/airflow/example_dags/example_bash_decorator.py
[2024-09-09T11:12:43.002+0000] {logging_mixin.py:190} INFO - [2024-09-09T11:12:42.990+0000] {dag.py:3229} INFO - Sync 1 DAGs
[2024-09-09T11:12:43.094+0000] {logging_mixin.py:190} INFO - [2024-09-09T11:12:43.093+0000] {dag.py:4156} INFO - Setting next_dagrun for example_bash_decorator to None, run_after=None
[2024-09-09T11:12:43.207+0000] {processor.py:208} INFO - Processing /home/airflow/.local/lib/python3.12/site-packages/airflow/example_dags/example_bash_decorator.py took 0.567 seconds
[2024-09-09T11:13:33.278+0000] {processor.py:186} INFO - Started process (PID=593) to work on /home/airflow/.local/lib/python3.12/site-packages/airflow/example_dags/example_bash_decorator.py
[2024-09-09T11:13:33.280+0000] {processor.py:914} INFO - Processing file /home/airflow/.local/lib/python3.12/site-packages/airflow/example_dags/example_bash_decorator.py for tasks to queue
[2024-09-09T11:13:33.287+0000] {logging_mixin.py:190} INFO - [2024-09-09T11:13:33.286+0000] {dagbag.py:587} INFO - Filling up the DagBag from /home/airflow/.local/lib/python3.12/site-packages/airflow/example_dags/example_bash_decorator.py
[2024-09-09T11:13:33.353+0000] {processor.py:925} INFO - DAG(s) 'example_bash_decorator' retrieved from /home/airflow/.local/lib/python3.12/site-packages/airflow/example_dags/example_bash_decorator.py
[2024-09-09T11:13:33.434+0000] {logging_mixin.py:190} INFO - [2024-09-09T11:13:33.434+0000] {dag.py:3229} INFO - Sync 1 DAGs
[2024-09-09T11:13:33.480+0000] {logging_mixin.py:190} INFO - [2024-09-09T11:13:33.479+0000] {dag.py:4156} INFO - Setting next_dagrun for example_bash_decorator to None, run_after=None
[2024-09-09T11:13:33.546+0000] {processor.py:208} INFO - Processing /home/airflow/.local/lib/python3.12/site-packages/airflow/example_dags/example_bash_decorator.py took 0.285 seconds
