[2024-09-09T11:00:42.983+0000] {processor.py:186} INFO - Started process (PID=76) to work on /home/airflow/.local/lib/python3.12/site-packages/airflow/example_dags/example_python_decorator.py
[2024-09-09T11:00:42.985+0000] {processor.py:914} INFO - Processing file /home/airflow/.local/lib/python3.12/site-packages/airflow/example_dags/example_python_decorator.py for tasks to queue
[2024-09-09T11:00:42.991+0000] {logging_mixin.py:190} INFO - [2024-09-09T11:00:42.990+0000] {dagbag.py:587} INFO - Filling up the DagBag from /home/airflow/.local/lib/python3.12/site-packages/airflow/example_dags/example_python_decorator.py
[2024-09-09T11:00:43.053+0000] {processor.py:925} INFO - DAG(s) 'example_python_decorator' retrieved from /home/airflow/.local/lib/python3.12/site-packages/airflow/example_dags/example_python_decorator.py
[2024-09-09T11:00:43.354+0000] {logging_mixin.py:190} INFO - [2024-09-09T11:00:43.353+0000] {override.py:1900} INFO - Created Permission View: can delete on DAG:example_python_decorator
[2024-09-09T11:00:43.388+0000] {logging_mixin.py:190} INFO - [2024-09-09T11:00:43.388+0000] {override.py:1900} INFO - Created Permission View: can edit on DAG:example_python_decorator
[2024-09-09T11:00:43.420+0000] {logging_mixin.py:190} INFO - [2024-09-09T11:00:43.420+0000] {override.py:1900} INFO - Created Permission View: can read on DAG:example_python_decorator
[2024-09-09T11:00:43.460+0000] {logging_mixin.py:190} INFO - [2024-09-09T11:00:43.459+0000] {override.py:1900} INFO - Created Permission View: can delete on DAG Run:example_python_decorator
[2024-09-09T11:00:43.484+0000] {logging_mixin.py:190} INFO - [2024-09-09T11:00:43.483+0000] {override.py:1900} INFO - Created Permission View: can create on DAG Run:example_python_decorator
[2024-09-09T11:00:43.512+0000] {logging_mixin.py:190} INFO - [2024-09-09T11:00:43.511+0000] {override.py:1900} INFO - Created Permission View: can read on DAG Run:example_python_decorator
[2024-09-09T11:00:43.536+0000] {logging_mixin.py:190} INFO - [2024-09-09T11:00:43.535+0000] {override.py:1900} INFO - Created Permission View: menu access on DAG Run:example_python_decorator
[2024-09-09T11:00:43.538+0000] {logging_mixin.py:190} INFO - [2024-09-09T11:00:43.537+0000] {dag.py:3229} INFO - Sync 1 DAGs
[2024-09-09T11:00:43.575+0000] {logging_mixin.py:190} INFO - [2024-09-09T11:00:43.574+0000] {dag.py:3252} INFO - Creating ORM DAG for example_python_decorator
[2024-09-09T11:00:43.577+0000] {logging_mixin.py:190} INFO - [2024-09-09T11:00:43.576+0000] {dag.py:4156} INFO - Setting next_dagrun for example_python_decorator to None, run_after=None
[2024-09-09T11:00:43.632+0000] {processor.py:208} INFO - Processing /home/airflow/.local/lib/python3.12/site-packages/airflow/example_dags/example_python_decorator.py took 0.661 seconds
[2024-09-09T11:01:15.307+0000] {processor.py:186} INFO - Started process (PID=138) to work on /home/airflow/.local/lib/python3.12/site-packages/airflow/example_dags/example_python_decorator.py
[2024-09-09T11:01:15.309+0000] {processor.py:914} INFO - Processing file /home/airflow/.local/lib/python3.12/site-packages/airflow/example_dags/example_python_decorator.py for tasks to queue
[2024-09-09T11:01:15.314+0000] {logging_mixin.py:190} INFO - [2024-09-09T11:01:15.313+0000] {dagbag.py:587} INFO - Filling up the DagBag from /home/airflow/.local/lib/python3.12/site-packages/airflow/example_dags/example_python_decorator.py
[2024-09-09T11:01:15.371+0000] {processor.py:925} INFO - DAG(s) 'example_python_decorator' retrieved from /home/airflow/.local/lib/python3.12/site-packages/airflow/example_dags/example_python_decorator.py
[2024-09-09T11:01:15.657+0000] {logging_mixin.py:190} INFO - [2024-09-09T11:01:15.643+0000] {dag.py:3229} INFO - Sync 1 DAGs
[2024-09-09T11:01:15.870+0000] {logging_mixin.py:190} INFO - [2024-09-09T11:01:15.869+0000] {dag.py:4156} INFO - Setting next_dagrun for example_python_decorator to None, run_after=None
[2024-09-09T11:01:15.940+0000] {processor.py:208} INFO - Processing /home/airflow/.local/lib/python3.12/site-packages/airflow/example_dags/example_python_decorator.py took 0.649 seconds
[2024-09-09T11:08:55.094+0000] {processor.py:186} INFO - Started process (PID=71) to work on /home/airflow/.local/lib/python3.12/site-packages/airflow/example_dags/example_python_decorator.py
[2024-09-09T11:08:55.095+0000] {processor.py:914} INFO - Processing file /home/airflow/.local/lib/python3.12/site-packages/airflow/example_dags/example_python_decorator.py for tasks to queue
[2024-09-09T11:08:55.099+0000] {logging_mixin.py:190} INFO - [2024-09-09T11:08:55.099+0000] {dagbag.py:587} INFO - Filling up the DagBag from /home/airflow/.local/lib/python3.12/site-packages/airflow/example_dags/example_python_decorator.py
[2024-09-09T11:08:55.148+0000] {processor.py:925} INFO - DAG(s) 'example_python_decorator' retrieved from /home/airflow/.local/lib/python3.12/site-packages/airflow/example_dags/example_python_decorator.py
[2024-09-09T11:08:55.535+0000] {logging_mixin.py:190} INFO - [2024-09-09T11:08:55.534+0000] {dag.py:3229} INFO - Sync 1 DAGs
[2024-09-09T11:08:55.570+0000] {logging_mixin.py:190} INFO - [2024-09-09T11:08:55.569+0000] {dag.py:4156} INFO - Setting next_dagrun for example_python_decorator to None, run_after=None
[2024-09-09T11:08:55.618+0000] {processor.py:208} INFO - Processing /home/airflow/.local/lib/python3.12/site-packages/airflow/example_dags/example_python_decorator.py took 0.534 seconds
[2024-09-09T11:09:26.348+0000] {processor.py:186} INFO - Started process (PID=133) to work on /home/airflow/.local/lib/python3.12/site-packages/airflow/example_dags/example_python_decorator.py
[2024-09-09T11:09:26.352+0000] {processor.py:914} INFO - Processing file /home/airflow/.local/lib/python3.12/site-packages/airflow/example_dags/example_python_decorator.py for tasks to queue
[2024-09-09T11:09:26.358+0000] {logging_mixin.py:190} INFO - [2024-09-09T11:09:26.357+0000] {dagbag.py:587} INFO - Filling up the DagBag from /home/airflow/.local/lib/python3.12/site-packages/airflow/example_dags/example_python_decorator.py
[2024-09-09T11:09:26.392+0000] {processor.py:925} INFO - DAG(s) 'example_python_decorator' retrieved from /home/airflow/.local/lib/python3.12/site-packages/airflow/example_dags/example_python_decorator.py
[2024-09-09T11:09:26.441+0000] {logging_mixin.py:190} INFO - [2024-09-09T11:09:26.440+0000] {dag.py:3229} INFO - Sync 1 DAGs
[2024-09-09T11:09:26.470+0000] {logging_mixin.py:190} INFO - [2024-09-09T11:09:26.469+0000] {dag.py:4156} INFO - Setting next_dagrun for example_python_decorator to None, run_after=None
[2024-09-09T11:09:26.510+0000] {processor.py:208} INFO - Processing /home/airflow/.local/lib/python3.12/site-packages/airflow/example_dags/example_python_decorator.py took 0.175 seconds
[2024-09-09T11:09:57.115+0000] {processor.py:186} INFO - Started process (PID=196) to work on /home/airflow/.local/lib/python3.12/site-packages/airflow/example_dags/example_python_decorator.py
[2024-09-09T11:09:57.117+0000] {processor.py:914} INFO - Processing file /home/airflow/.local/lib/python3.12/site-packages/airflow/example_dags/example_python_decorator.py for tasks to queue
[2024-09-09T11:09:57.121+0000] {logging_mixin.py:190} INFO - [2024-09-09T11:09:57.120+0000] {dagbag.py:587} INFO - Filling up the DagBag from /home/airflow/.local/lib/python3.12/site-packages/airflow/example_dags/example_python_decorator.py
[2024-09-09T11:09:57.144+0000] {processor.py:925} INFO - DAG(s) 'example_python_decorator' retrieved from /home/airflow/.local/lib/python3.12/site-packages/airflow/example_dags/example_python_decorator.py
[2024-09-09T11:09:57.184+0000] {logging_mixin.py:190} INFO - [2024-09-09T11:09:57.183+0000] {dag.py:3229} INFO - Sync 1 DAGs
[2024-09-09T11:09:57.206+0000] {logging_mixin.py:190} INFO - [2024-09-09T11:09:57.206+0000] {dag.py:4156} INFO - Setting next_dagrun for example_python_decorator to None, run_after=None
[2024-09-09T11:09:57.240+0000] {processor.py:208} INFO - Processing /home/airflow/.local/lib/python3.12/site-packages/airflow/example_dags/example_python_decorator.py took 0.133 seconds
[2024-09-09T11:10:27.783+0000] {processor.py:186} INFO - Started process (PID=258) to work on /home/airflow/.local/lib/python3.12/site-packages/airflow/example_dags/example_python_decorator.py
[2024-09-09T11:10:27.784+0000] {processor.py:914} INFO - Processing file /home/airflow/.local/lib/python3.12/site-packages/airflow/example_dags/example_python_decorator.py for tasks to queue
[2024-09-09T11:10:27.790+0000] {logging_mixin.py:190} INFO - [2024-09-09T11:10:27.789+0000] {dagbag.py:587} INFO - Filling up the DagBag from /home/airflow/.local/lib/python3.12/site-packages/airflow/example_dags/example_python_decorator.py
[2024-09-09T11:10:27.815+0000] {processor.py:925} INFO - DAG(s) 'example_python_decorator' retrieved from /home/airflow/.local/lib/python3.12/site-packages/airflow/example_dags/example_python_decorator.py
[2024-09-09T11:10:27.855+0000] {logging_mixin.py:190} INFO - [2024-09-09T11:10:27.855+0000] {dag.py:3229} INFO - Sync 1 DAGs
[2024-09-09T11:10:27.881+0000] {logging_mixin.py:190} INFO - [2024-09-09T11:10:27.881+0000] {dag.py:4156} INFO - Setting next_dagrun for example_python_decorator to None, run_after=None
[2024-09-09T11:10:27.917+0000] {processor.py:208} INFO - Processing /home/airflow/.local/lib/python3.12/site-packages/airflow/example_dags/example_python_decorator.py took 0.146 seconds
[2024-09-09T11:10:58.969+0000] {processor.py:186} INFO - Started process (PID=321) to work on /home/airflow/.local/lib/python3.12/site-packages/airflow/example_dags/example_python_decorator.py
[2024-09-09T11:10:58.971+0000] {processor.py:914} INFO - Processing file /home/airflow/.local/lib/python3.12/site-packages/airflow/example_dags/example_python_decorator.py for tasks to queue
[2024-09-09T11:10:58.975+0000] {logging_mixin.py:190} INFO - [2024-09-09T11:10:58.975+0000] {dagbag.py:587} INFO - Filling up the DagBag from /home/airflow/.local/lib/python3.12/site-packages/airflow/example_dags/example_python_decorator.py
[2024-09-09T11:10:59.004+0000] {processor.py:925} INFO - DAG(s) 'example_python_decorator' retrieved from /home/airflow/.local/lib/python3.12/site-packages/airflow/example_dags/example_python_decorator.py
[2024-09-09T11:10:59.060+0000] {logging_mixin.py:190} INFO - [2024-09-09T11:10:59.060+0000] {dag.py:3229} INFO - Sync 1 DAGs
[2024-09-09T11:10:59.097+0000] {logging_mixin.py:190} INFO - [2024-09-09T11:10:59.097+0000] {dag.py:4156} INFO - Setting next_dagrun for example_python_decorator to None, run_after=None
[2024-09-09T11:10:59.141+0000] {processor.py:208} INFO - Processing /home/airflow/.local/lib/python3.12/site-packages/airflow/example_dags/example_python_decorator.py took 0.185 seconds
[2024-09-09T11:11:29.379+0000] {processor.py:186} INFO - Started process (PID=383) to work on /home/airflow/.local/lib/python3.12/site-packages/airflow/example_dags/example_python_decorator.py
[2024-09-09T11:11:29.380+0000] {processor.py:914} INFO - Processing file /home/airflow/.local/lib/python3.12/site-packages/airflow/example_dags/example_python_decorator.py for tasks to queue
[2024-09-09T11:11:29.385+0000] {logging_mixin.py:190} INFO - [2024-09-09T11:11:29.384+0000] {dagbag.py:587} INFO - Filling up the DagBag from /home/airflow/.local/lib/python3.12/site-packages/airflow/example_dags/example_python_decorator.py
[2024-09-09T11:11:29.418+0000] {processor.py:925} INFO - DAG(s) 'example_python_decorator' retrieved from /home/airflow/.local/lib/python3.12/site-packages/airflow/example_dags/example_python_decorator.py
[2024-09-09T11:11:29.462+0000] {logging_mixin.py:190} INFO - [2024-09-09T11:11:29.462+0000] {dag.py:3229} INFO - Sync 1 DAGs
[2024-09-09T11:11:29.493+0000] {logging_mixin.py:190} INFO - [2024-09-09T11:11:29.492+0000] {dag.py:4156} INFO - Setting next_dagrun for example_python_decorator to None, run_after=None
[2024-09-09T11:11:29.536+0000] {processor.py:208} INFO - Processing /home/airflow/.local/lib/python3.12/site-packages/airflow/example_dags/example_python_decorator.py took 0.167 seconds
[2024-09-09T11:12:00.228+0000] {processor.py:186} INFO - Started process (PID=445) to work on /home/airflow/.local/lib/python3.12/site-packages/airflow/example_dags/example_python_decorator.py
[2024-09-09T11:12:00.230+0000] {processor.py:914} INFO - Processing file /home/airflow/.local/lib/python3.12/site-packages/airflow/example_dags/example_python_decorator.py for tasks to queue
[2024-09-09T11:12:00.236+0000] {logging_mixin.py:190} INFO - [2024-09-09T11:12:00.235+0000] {dagbag.py:587} INFO - Filling up the DagBag from /home/airflow/.local/lib/python3.12/site-packages/airflow/example_dags/example_python_decorator.py
[2024-09-09T11:12:00.275+0000] {processor.py:925} INFO - DAG(s) 'example_python_decorator' retrieved from /home/airflow/.local/lib/python3.12/site-packages/airflow/example_dags/example_python_decorator.py
[2024-09-09T11:12:00.324+0000] {logging_mixin.py:190} INFO - [2024-09-09T11:12:00.323+0000] {dag.py:3229} INFO - Sync 1 DAGs
[2024-09-09T11:12:00.359+0000] {logging_mixin.py:190} INFO - [2024-09-09T11:12:00.359+0000] {dag.py:4156} INFO - Setting next_dagrun for example_python_decorator to None, run_after=None
[2024-09-09T11:12:00.410+0000] {processor.py:208} INFO - Processing /home/airflow/.local/lib/python3.12/site-packages/airflow/example_dags/example_python_decorator.py took 0.197 seconds
[2024-09-09T11:12:31.332+0000] {processor.py:186} INFO - Started process (PID=507) to work on /home/airflow/.local/lib/python3.12/site-packages/airflow/example_dags/example_python_decorator.py
[2024-09-09T11:12:31.335+0000] {processor.py:914} INFO - Processing file /home/airflow/.local/lib/python3.12/site-packages/airflow/example_dags/example_python_decorator.py for tasks to queue
[2024-09-09T11:12:31.342+0000] {logging_mixin.py:190} INFO - [2024-09-09T11:12:31.341+0000] {dagbag.py:587} INFO - Filling up the DagBag from /home/airflow/.local/lib/python3.12/site-packages/airflow/example_dags/example_python_decorator.py
[2024-09-09T11:12:31.383+0000] {processor.py:925} INFO - DAG(s) 'example_python_decorator' retrieved from /home/airflow/.local/lib/python3.12/site-packages/airflow/example_dags/example_python_decorator.py
[2024-09-09T11:12:31.452+0000] {logging_mixin.py:190} INFO - [2024-09-09T11:12:31.452+0000] {dag.py:3229} INFO - Sync 1 DAGs
[2024-09-09T11:12:31.505+0000] {logging_mixin.py:190} INFO - [2024-09-09T11:12:31.504+0000] {dag.py:4156} INFO - Setting next_dagrun for example_python_decorator to None, run_after=None
[2024-09-09T11:12:31.596+0000] {processor.py:208} INFO - Processing /home/airflow/.local/lib/python3.12/site-packages/airflow/example_dags/example_python_decorator.py took 0.279 seconds
[2024-09-09T11:13:24.555+0000] {processor.py:186} INFO - Started process (PID=569) to work on /home/airflow/.local/lib/python3.12/site-packages/airflow/example_dags/example_python_decorator.py
[2024-09-09T11:13:24.558+0000] {processor.py:914} INFO - Processing file /home/airflow/.local/lib/python3.12/site-packages/airflow/example_dags/example_python_decorator.py for tasks to queue
[2024-09-09T11:13:24.576+0000] {logging_mixin.py:190} INFO - [2024-09-09T11:13:24.575+0000] {dagbag.py:587} INFO - Filling up the DagBag from /home/airflow/.local/lib/python3.12/site-packages/airflow/example_dags/example_python_decorator.py
[2024-09-09T11:13:24.652+0000] {processor.py:925} INFO - DAG(s) 'example_python_decorator' retrieved from /home/airflow/.local/lib/python3.12/site-packages/airflow/example_dags/example_python_decorator.py
[2024-09-09T11:13:24.752+0000] {logging_mixin.py:190} INFO - [2024-09-09T11:13:24.751+0000] {dag.py:3229} INFO - Sync 1 DAGs
[2024-09-09T11:13:24.810+0000] {logging_mixin.py:190} INFO - [2024-09-09T11:13:24.810+0000] {dag.py:4156} INFO - Setting next_dagrun for example_python_decorator to None, run_after=None
[2024-09-09T11:13:24.881+0000] {processor.py:208} INFO - Processing /home/airflow/.local/lib/python3.12/site-packages/airflow/example_dags/example_python_decorator.py took 0.346 seconds
