[2024-09-09T11:00:53.217+0000] {processor.py:186} INFO - Started process (PID=103) to work on /home/airflow/.local/lib/python3.12/site-packages/airflow/example_dags/example_branch_labels.py
[2024-09-09T11:00:53.220+0000] {processor.py:914} INFO - Processing file /home/airflow/.local/lib/python3.12/site-packages/airflow/example_dags/example_branch_labels.py for tasks to queue
[2024-09-09T11:00:53.225+0000] {logging_mixin.py:190} INFO - [2024-09-09T11:00:53.224+0000] {dagbag.py:587} INFO - Filling up the DagBag from /home/airflow/.local/lib/python3.12/site-packages/airflow/example_dags/example_branch_labels.py
[2024-09-09T11:00:53.245+0000] {processor.py:925} INFO - DAG(s) 'example_branch_labels' retrieved from /home/airflow/.local/lib/python3.12/site-packages/airflow/example_dags/example_branch_labels.py
[2024-09-09T11:00:53.524+0000] {logging_mixin.py:190} INFO - [2024-09-09T11:00:53.522+0000] {override.py:1900} INFO - Created Permission View: can delete on DAG:example_branch_labels
[2024-09-09T11:00:53.547+0000] {logging_mixin.py:190} INFO - [2024-09-09T11:00:53.547+0000] {override.py:1900} INFO - Created Permission View: can edit on DAG:example_branch_labels
[2024-09-09T11:00:53.563+0000] {logging_mixin.py:190} INFO - [2024-09-09T11:00:53.562+0000] {override.py:1900} INFO - Created Permission View: can read on DAG:example_branch_labels
[2024-09-09T11:00:53.581+0000] {logging_mixin.py:190} INFO - [2024-09-09T11:00:53.581+0000] {override.py:1900} INFO - Created Permission View: can delete on DAG Run:example_branch_labels
[2024-09-09T11:00:53.596+0000] {logging_mixin.py:190} INFO - [2024-09-09T11:00:53.596+0000] {override.py:1900} INFO - Created Permission View: can create on DAG Run:example_branch_labels
[2024-09-09T11:00:53.611+0000] {logging_mixin.py:190} INFO - [2024-09-09T11:00:53.610+0000] {override.py:1900} INFO - Created Permission View: can read on DAG Run:example_branch_labels
[2024-09-09T11:00:53.627+0000] {logging_mixin.py:190} INFO - [2024-09-09T11:00:53.626+0000] {override.py:1900} INFO - Created Permission View: menu access on DAG Run:example_branch_labels
[2024-09-09T11:00:53.628+0000] {logging_mixin.py:190} INFO - [2024-09-09T11:00:53.628+0000] {dag.py:3229} INFO - Sync 1 DAGs
[2024-09-09T11:00:53.656+0000] {logging_mixin.py:190} INFO - [2024-09-09T11:00:53.656+0000] {dag.py:3252} INFO - Creating ORM DAG for example_branch_labels
[2024-09-09T11:00:53.682+0000] {logging_mixin.py:190} INFO - [2024-09-09T11:00:53.681+0000] {dag.py:4156} INFO - Setting next_dagrun for example_branch_labels to 2024-09-08 00:00:00+00:00, run_after=2024-09-09 00:00:00+00:00
[2024-09-09T11:00:53.719+0000] {processor.py:208} INFO - Processing /home/airflow/.local/lib/python3.12/site-packages/airflow/example_dags/example_branch_labels.py took 0.518 seconds
[2024-09-09T11:08:59.449+0000] {processor.py:186} INFO - Started process (PID=98) to work on /home/airflow/.local/lib/python3.12/site-packages/airflow/example_dags/example_branch_labels.py
[2024-09-09T11:08:59.451+0000] {processor.py:914} INFO - Processing file /home/airflow/.local/lib/python3.12/site-packages/airflow/example_dags/example_branch_labels.py for tasks to queue
[2024-09-09T11:08:59.454+0000] {logging_mixin.py:190} INFO - [2024-09-09T11:08:59.453+0000] {dagbag.py:587} INFO - Filling up the DagBag from /home/airflow/.local/lib/python3.12/site-packages/airflow/example_dags/example_branch_labels.py
[2024-09-09T11:08:59.468+0000] {processor.py:925} INFO - DAG(s) 'example_branch_labels' retrieved from /home/airflow/.local/lib/python3.12/site-packages/airflow/example_dags/example_branch_labels.py
[2024-09-09T11:08:59.504+0000] {logging_mixin.py:190} INFO - [2024-09-09T11:08:59.504+0000] {dag.py:3229} INFO - Sync 1 DAGs
[2024-09-09T11:08:59.544+0000] {logging_mixin.py:190} INFO - [2024-09-09T11:08:59.543+0000] {dag.py:4156} INFO - Setting next_dagrun for example_branch_labels to 2024-09-08 00:00:00+00:00, run_after=2024-09-09 00:00:00+00:00
[2024-09-09T11:08:59.576+0000] {processor.py:208} INFO - Processing /home/airflow/.local/lib/python3.12/site-packages/airflow/example_dags/example_branch_labels.py took 0.133 seconds
[2024-09-09T11:09:30.003+0000] {processor.py:186} INFO - Started process (PID=160) to work on /home/airflow/.local/lib/python3.12/site-packages/airflow/example_dags/example_branch_labels.py
[2024-09-09T11:09:30.005+0000] {processor.py:914} INFO - Processing file /home/airflow/.local/lib/python3.12/site-packages/airflow/example_dags/example_branch_labels.py for tasks to queue
[2024-09-09T11:09:30.009+0000] {logging_mixin.py:190} INFO - [2024-09-09T11:09:30.009+0000] {dagbag.py:587} INFO - Filling up the DagBag from /home/airflow/.local/lib/python3.12/site-packages/airflow/example_dags/example_branch_labels.py
[2024-09-09T11:09:30.029+0000] {processor.py:925} INFO - DAG(s) 'example_branch_labels' retrieved from /home/airflow/.local/lib/python3.12/site-packages/airflow/example_dags/example_branch_labels.py
[2024-09-09T11:09:30.064+0000] {logging_mixin.py:190} INFO - [2024-09-09T11:09:30.064+0000] {dag.py:3229} INFO - Sync 1 DAGs
[2024-09-09T11:09:30.103+0000] {logging_mixin.py:190} INFO - [2024-09-09T11:09:30.103+0000] {dag.py:4156} INFO - Setting next_dagrun for example_branch_labels to 2024-09-08 00:00:00+00:00, run_after=2024-09-09 00:00:00+00:00
[2024-09-09T11:09:30.153+0000] {processor.py:208} INFO - Processing /home/airflow/.local/lib/python3.12/site-packages/airflow/example_dags/example_branch_labels.py took 0.159 seconds
[2024-09-09T11:10:00.961+0000] {processor.py:186} INFO - Started process (PID=223) to work on /home/airflow/.local/lib/python3.12/site-packages/airflow/example_dags/example_branch_labels.py
[2024-09-09T11:10:00.963+0000] {processor.py:914} INFO - Processing file /home/airflow/.local/lib/python3.12/site-packages/airflow/example_dags/example_branch_labels.py for tasks to queue
[2024-09-09T11:10:00.967+0000] {logging_mixin.py:190} INFO - [2024-09-09T11:10:00.966+0000] {dagbag.py:587} INFO - Filling up the DagBag from /home/airflow/.local/lib/python3.12/site-packages/airflow/example_dags/example_branch_labels.py
[2024-09-09T11:10:00.986+0000] {processor.py:925} INFO - DAG(s) 'example_branch_labels' retrieved from /home/airflow/.local/lib/python3.12/site-packages/airflow/example_dags/example_branch_labels.py
[2024-09-09T11:10:01.022+0000] {logging_mixin.py:190} INFO - [2024-09-09T11:10:01.022+0000] {dag.py:3229} INFO - Sync 1 DAGs
[2024-09-09T11:10:01.071+0000] {logging_mixin.py:190} INFO - [2024-09-09T11:10:01.070+0000] {dag.py:4156} INFO - Setting next_dagrun for example_branch_labels to 2024-09-08 00:00:00+00:00, run_after=2024-09-09 00:00:00+00:00
[2024-09-09T11:10:01.106+0000] {processor.py:208} INFO - Processing /home/airflow/.local/lib/python3.12/site-packages/airflow/example_dags/example_branch_labels.py took 0.155 seconds
[2024-09-09T11:10:31.615+0000] {processor.py:186} INFO - Started process (PID=285) to work on /home/airflow/.local/lib/python3.12/site-packages/airflow/example_dags/example_branch_labels.py
[2024-09-09T11:10:31.617+0000] {processor.py:914} INFO - Processing file /home/airflow/.local/lib/python3.12/site-packages/airflow/example_dags/example_branch_labels.py for tasks to queue
[2024-09-09T11:10:31.621+0000] {logging_mixin.py:190} INFO - [2024-09-09T11:10:31.621+0000] {dagbag.py:587} INFO - Filling up the DagBag from /home/airflow/.local/lib/python3.12/site-packages/airflow/example_dags/example_branch_labels.py
[2024-09-09T11:10:31.639+0000] {processor.py:925} INFO - DAG(s) 'example_branch_labels' retrieved from /home/airflow/.local/lib/python3.12/site-packages/airflow/example_dags/example_branch_labels.py
[2024-09-09T11:10:31.672+0000] {logging_mixin.py:190} INFO - [2024-09-09T11:10:31.671+0000] {dag.py:3229} INFO - Sync 1 DAGs
[2024-09-09T11:10:31.719+0000] {logging_mixin.py:190} INFO - [2024-09-09T11:10:31.719+0000] {dag.py:4156} INFO - Setting next_dagrun for example_branch_labels to 2024-09-08 00:00:00+00:00, run_after=2024-09-09 00:00:00+00:00
[2024-09-09T11:10:31.762+0000] {processor.py:208} INFO - Processing /home/airflow/.local/lib/python3.12/site-packages/airflow/example_dags/example_branch_labels.py took 0.157 seconds
[2024-09-09T11:11:03.552+0000] {processor.py:186} INFO - Started process (PID=348) to work on /home/airflow/.local/lib/python3.12/site-packages/airflow/example_dags/example_branch_labels.py
[2024-09-09T11:11:03.554+0000] {processor.py:914} INFO - Processing file /home/airflow/.local/lib/python3.12/site-packages/airflow/example_dags/example_branch_labels.py for tasks to queue
[2024-09-09T11:11:03.559+0000] {logging_mixin.py:190} INFO - [2024-09-09T11:11:03.558+0000] {dagbag.py:587} INFO - Filling up the DagBag from /home/airflow/.local/lib/python3.12/site-packages/airflow/example_dags/example_branch_labels.py
[2024-09-09T11:11:03.580+0000] {processor.py:925} INFO - DAG(s) 'example_branch_labels' retrieved from /home/airflow/.local/lib/python3.12/site-packages/airflow/example_dags/example_branch_labels.py
[2024-09-09T11:11:03.630+0000] {logging_mixin.py:190} INFO - [2024-09-09T11:11:03.630+0000] {dag.py:3229} INFO - Sync 1 DAGs
[2024-09-09T11:11:03.700+0000] {logging_mixin.py:190} INFO - [2024-09-09T11:11:03.699+0000] {dag.py:4156} INFO - Setting next_dagrun for example_branch_labels to 2024-09-08 00:00:00+00:00, run_after=2024-09-09 00:00:00+00:00
[2024-09-09T11:11:03.755+0000] {processor.py:208} INFO - Processing /home/airflow/.local/lib/python3.12/site-packages/airflow/example_dags/example_branch_labels.py took 0.213 seconds
[2024-09-09T11:11:35.766+0000] {processor.py:186} INFO - Started process (PID=410) to work on /home/airflow/.local/lib/python3.12/site-packages/airflow/example_dags/example_branch_labels.py
[2024-09-09T11:11:35.768+0000] {processor.py:914} INFO - Processing file /home/airflow/.local/lib/python3.12/site-packages/airflow/example_dags/example_branch_labels.py for tasks to queue
[2024-09-09T11:11:35.772+0000] {logging_mixin.py:190} INFO - [2024-09-09T11:11:35.772+0000] {dagbag.py:587} INFO - Filling up the DagBag from /home/airflow/.local/lib/python3.12/site-packages/airflow/example_dags/example_branch_labels.py
[2024-09-09T11:11:35.800+0000] {processor.py:925} INFO - DAG(s) 'example_branch_labels' retrieved from /home/airflow/.local/lib/python3.12/site-packages/airflow/example_dags/example_branch_labels.py
[2024-09-09T11:11:35.846+0000] {logging_mixin.py:190} INFO - [2024-09-09T11:11:35.845+0000] {dag.py:3229} INFO - Sync 1 DAGs
[2024-09-09T11:11:35.908+0000] {logging_mixin.py:190} INFO - [2024-09-09T11:11:35.908+0000] {dag.py:4156} INFO - Setting next_dagrun for example_branch_labels to 2024-09-08 00:00:00+00:00, run_after=2024-09-09 00:00:00+00:00
[2024-09-09T11:11:35.949+0000] {processor.py:208} INFO - Processing /home/airflow/.local/lib/python3.12/site-packages/airflow/example_dags/example_branch_labels.py took 0.191 seconds
[2024-09-09T11:12:07.580+0000] {processor.py:186} INFO - Started process (PID=472) to work on /home/airflow/.local/lib/python3.12/site-packages/airflow/example_dags/example_branch_labels.py
[2024-09-09T11:12:07.582+0000] {processor.py:914} INFO - Processing file /home/airflow/.local/lib/python3.12/site-packages/airflow/example_dags/example_branch_labels.py for tasks to queue
[2024-09-09T11:12:07.591+0000] {logging_mixin.py:190} INFO - [2024-09-09T11:12:07.589+0000] {dagbag.py:587} INFO - Filling up the DagBag from /home/airflow/.local/lib/python3.12/site-packages/airflow/example_dags/example_branch_labels.py
[2024-09-09T11:12:07.619+0000] {processor.py:925} INFO - DAG(s) 'example_branch_labels' retrieved from /home/airflow/.local/lib/python3.12/site-packages/airflow/example_dags/example_branch_labels.py
[2024-09-09T11:12:07.677+0000] {logging_mixin.py:190} INFO - [2024-09-09T11:12:07.676+0000] {dag.py:3229} INFO - Sync 1 DAGs
[2024-09-09T11:12:07.761+0000] {logging_mixin.py:190} INFO - [2024-09-09T11:12:07.761+0000] {dag.py:4156} INFO - Setting next_dagrun for example_branch_labels to 2024-09-08 00:00:00+00:00, run_after=2024-09-09 00:00:00+00:00
[2024-09-09T11:12:07.815+0000] {processor.py:208} INFO - Processing /home/airflow/.local/lib/python3.12/site-packages/airflow/example_dags/example_branch_labels.py took 0.248 seconds
[2024-09-09T11:12:43.781+0000] {processor.py:186} INFO - Started process (PID=534) to work on /home/airflow/.local/lib/python3.12/site-packages/airflow/example_dags/example_branch_labels.py
[2024-09-09T11:12:43.793+0000] {processor.py:914} INFO - Processing file /home/airflow/.local/lib/python3.12/site-packages/airflow/example_dags/example_branch_labels.py for tasks to queue
[2024-09-09T11:12:43.801+0000] {logging_mixin.py:190} INFO - [2024-09-09T11:12:43.799+0000] {dagbag.py:587} INFO - Filling up the DagBag from /home/airflow/.local/lib/python3.12/site-packages/airflow/example_dags/example_branch_labels.py
[2024-09-09T11:12:43.862+0000] {processor.py:925} INFO - DAG(s) 'example_branch_labels' retrieved from /home/airflow/.local/lib/python3.12/site-packages/airflow/example_dags/example_branch_labels.py
[2024-09-09T11:12:43.983+0000] {logging_mixin.py:190} INFO - [2024-09-09T11:12:43.982+0000] {dag.py:3229} INFO - Sync 1 DAGs
[2024-09-09T11:12:44.133+0000] {logging_mixin.py:190} INFO - [2024-09-09T11:12:44.132+0000] {dag.py:4156} INFO - Setting next_dagrun for example_branch_labels to 2024-09-08 00:00:00+00:00, run_after=2024-09-09 00:00:00+00:00
[2024-09-09T11:12:44.337+0000] {processor.py:208} INFO - Processing /home/airflow/.local/lib/python3.12/site-packages/airflow/example_dags/example_branch_labels.py took 0.586 seconds
[2024-09-09T11:13:34.045+0000] {processor.py:186} INFO - Started process (PID=596) to work on /home/airflow/.local/lib/python3.12/site-packages/airflow/example_dags/example_branch_labels.py
[2024-09-09T11:13:34.047+0000] {processor.py:914} INFO - Processing file /home/airflow/.local/lib/python3.12/site-packages/airflow/example_dags/example_branch_labels.py for tasks to queue
[2024-09-09T11:13:34.054+0000] {logging_mixin.py:190} INFO - [2024-09-09T11:13:34.053+0000] {dagbag.py:587} INFO - Filling up the DagBag from /home/airflow/.local/lib/python3.12/site-packages/airflow/example_dags/example_branch_labels.py
[2024-09-09T11:13:34.084+0000] {processor.py:925} INFO - DAG(s) 'example_branch_labels' retrieved from /home/airflow/.local/lib/python3.12/site-packages/airflow/example_dags/example_branch_labels.py
[2024-09-09T11:13:34.172+0000] {logging_mixin.py:190} INFO - [2024-09-09T11:13:34.171+0000] {dag.py:3229} INFO - Sync 1 DAGs
[2024-09-09T11:13:34.280+0000] {logging_mixin.py:190} INFO - [2024-09-09T11:13:34.280+0000] {dag.py:4156} INFO - Setting next_dagrun for example_branch_labels to 2024-09-08 00:00:00+00:00, run_after=2024-09-09 00:00:00+00:00
[2024-09-09T11:13:34.357+0000] {processor.py:208} INFO - Processing /home/airflow/.local/lib/python3.12/site-packages/airflow/example_dags/example_branch_labels.py took 0.327 seconds
