[2024-09-09T11:00:59.387+0000] {processor.py:186} INFO - Started process (PID=124) to work on /home/airflow/.local/lib/python3.12/site-packages/airflow/example_dags/example_branch_operator.py
[2024-09-09T11:00:59.392+0000] {processor.py:914} INFO - Processing file /home/airflow/.local/lib/python3.12/site-packages/airflow/example_dags/example_branch_operator.py for tasks to queue
[2024-09-09T11:00:59.413+0000] {logging_mixin.py:190} INFO - [2024-09-09T11:00:59.410+0000] {dagbag.py:587} INFO - Filling up the DagBag from /home/airflow/.local/lib/python3.12/site-packages/airflow/example_dags/example_branch_operator.py
[2024-09-09T11:00:59.502+0000] {processor.py:925} INFO - DAG(s) 'example_branch_operator' retrieved from /home/airflow/.local/lib/python3.12/site-packages/airflow/example_dags/example_branch_operator.py
[2024-09-09T11:00:59.977+0000] {logging_mixin.py:190} INFO - [2024-09-09T11:00:59.975+0000] {override.py:1900} INFO - Created Permission View: can delete on DAG:example_branch_operator
[2024-09-09T11:01:00.038+0000] {logging_mixin.py:190} INFO - [2024-09-09T11:01:00.037+0000] {override.py:1900} INFO - Created Permission View: can edit on DAG:example_branch_operator
[2024-09-09T11:01:00.073+0000] {logging_mixin.py:190} INFO - [2024-09-09T11:01:00.072+0000] {override.py:1900} INFO - Created Permission View: can read on DAG:example_branch_operator
[2024-09-09T11:01:00.111+0000] {logging_mixin.py:190} INFO - [2024-09-09T11:01:00.110+0000] {override.py:1900} INFO - Created Permission View: can delete on DAG Run:example_branch_operator
[2024-09-09T11:01:00.143+0000] {logging_mixin.py:190} INFO - [2024-09-09T11:01:00.143+0000] {override.py:1900} INFO - Created Permission View: can create on DAG Run:example_branch_operator
[2024-09-09T11:01:00.178+0000] {logging_mixin.py:190} INFO - [2024-09-09T11:01:00.176+0000] {override.py:1900} INFO - Created Permission View: can read on DAG Run:example_branch_operator
[2024-09-09T11:01:00.207+0000] {logging_mixin.py:190} INFO - [2024-09-09T11:01:00.206+0000] {override.py:1900} INFO - Created Permission View: menu access on DAG Run:example_branch_operator
[2024-09-09T11:01:00.209+0000] {logging_mixin.py:190} INFO - [2024-09-09T11:01:00.209+0000] {dag.py:3229} INFO - Sync 1 DAGs
[2024-09-09T11:01:00.263+0000] {logging_mixin.py:190} INFO - [2024-09-09T11:01:00.262+0000] {dag.py:3252} INFO - Creating ORM DAG for example_branch_operator
[2024-09-09T11:01:00.310+0000] {logging_mixin.py:190} INFO - [2024-09-09T11:01:00.309+0000] {dag.py:4156} INFO - Setting next_dagrun for example_branch_operator to 2024-09-08 00:00:00+00:00, run_after=2024-09-09 00:00:00+00:00
[2024-09-09T11:01:00.370+0000] {processor.py:208} INFO - Processing /home/airflow/.local/lib/python3.12/site-packages/airflow/example_dags/example_branch_operator.py took 1.001 seconds
[2024-09-09T11:09:01.647+0000] {processor.py:186} INFO - Started process (PID=113) to work on /home/airflow/.local/lib/python3.12/site-packages/airflow/example_dags/example_branch_operator.py
[2024-09-09T11:09:01.649+0000] {processor.py:914} INFO - Processing file /home/airflow/.local/lib/python3.12/site-packages/airflow/example_dags/example_branch_operator.py for tasks to queue
[2024-09-09T11:09:01.653+0000] {logging_mixin.py:190} INFO - [2024-09-09T11:09:01.652+0000] {dagbag.py:587} INFO - Filling up the DagBag from /home/airflow/.local/lib/python3.12/site-packages/airflow/example_dags/example_branch_operator.py
[2024-09-09T11:09:01.683+0000] {processor.py:925} INFO - DAG(s) 'example_branch_operator' retrieved from /home/airflow/.local/lib/python3.12/site-packages/airflow/example_dags/example_branch_operator.py
[2024-09-09T11:09:01.907+0000] {logging_mixin.py:190} INFO - [2024-09-09T11:09:01.906+0000] {dag.py:3229} INFO - Sync 1 DAGs
[2024-09-09T11:09:01.945+0000] {logging_mixin.py:190} INFO - [2024-09-09T11:09:01.944+0000] {dag.py:4156} INFO - Setting next_dagrun for example_branch_operator to 2024-09-08 00:00:00+00:00, run_after=2024-09-09 00:00:00+00:00
[2024-09-09T11:09:01.980+0000] {processor.py:208} INFO - Processing /home/airflow/.local/lib/python3.12/site-packages/airflow/example_dags/example_branch_operator.py took 0.341 seconds
[2024-09-09T11:09:32.560+0000] {processor.py:186} INFO - Started process (PID=176) to work on /home/airflow/.local/lib/python3.12/site-packages/airflow/example_dags/example_branch_operator.py
[2024-09-09T11:09:32.562+0000] {processor.py:914} INFO - Processing file /home/airflow/.local/lib/python3.12/site-packages/airflow/example_dags/example_branch_operator.py for tasks to queue
[2024-09-09T11:09:32.566+0000] {logging_mixin.py:190} INFO - [2024-09-09T11:09:32.566+0000] {dagbag.py:587} INFO - Filling up the DagBag from /home/airflow/.local/lib/python3.12/site-packages/airflow/example_dags/example_branch_operator.py
[2024-09-09T11:09:32.594+0000] {processor.py:925} INFO - DAG(s) 'example_branch_operator' retrieved from /home/airflow/.local/lib/python3.12/site-packages/airflow/example_dags/example_branch_operator.py
[2024-09-09T11:09:32.645+0000] {logging_mixin.py:190} INFO - [2024-09-09T11:09:32.644+0000] {dag.py:3229} INFO - Sync 1 DAGs
[2024-09-09T11:09:32.688+0000] {logging_mixin.py:190} INFO - [2024-09-09T11:09:32.688+0000] {dag.py:4156} INFO - Setting next_dagrun for example_branch_operator to 2024-09-08 00:00:00+00:00, run_after=2024-09-09 00:00:00+00:00
[2024-09-09T11:09:32.721+0000] {processor.py:208} INFO - Processing /home/airflow/.local/lib/python3.12/site-packages/airflow/example_dags/example_branch_operator.py took 0.170 seconds
[2024-09-09T11:10:03.199+0000] {processor.py:186} INFO - Started process (PID=238) to work on /home/airflow/.local/lib/python3.12/site-packages/airflow/example_dags/example_branch_operator.py
[2024-09-09T11:10:03.200+0000] {processor.py:914} INFO - Processing file /home/airflow/.local/lib/python3.12/site-packages/airflow/example_dags/example_branch_operator.py for tasks to queue
[2024-09-09T11:10:03.206+0000] {logging_mixin.py:190} INFO - [2024-09-09T11:10:03.205+0000] {dagbag.py:587} INFO - Filling up the DagBag from /home/airflow/.local/lib/python3.12/site-packages/airflow/example_dags/example_branch_operator.py
[2024-09-09T11:10:03.238+0000] {processor.py:925} INFO - DAG(s) 'example_branch_operator' retrieved from /home/airflow/.local/lib/python3.12/site-packages/airflow/example_dags/example_branch_operator.py
[2024-09-09T11:10:03.302+0000] {logging_mixin.py:190} INFO - [2024-09-09T11:10:03.301+0000] {dag.py:3229} INFO - Sync 1 DAGs
[2024-09-09T11:10:03.413+0000] {logging_mixin.py:190} INFO - [2024-09-09T11:10:03.412+0000] {dag.py:4156} INFO - Setting next_dagrun for example_branch_operator to 2024-09-08 00:00:00+00:00, run_after=2024-09-09 00:00:00+00:00
[2024-09-09T11:10:03.460+0000] {processor.py:208} INFO - Processing /home/airflow/.local/lib/python3.12/site-packages/airflow/example_dags/example_branch_operator.py took 0.270 seconds
[2024-09-09T11:10:34.051+0000] {processor.py:186} INFO - Started process (PID=300) to work on /home/airflow/.local/lib/python3.12/site-packages/airflow/example_dags/example_branch_operator.py
[2024-09-09T11:10:34.053+0000] {processor.py:914} INFO - Processing file /home/airflow/.local/lib/python3.12/site-packages/airflow/example_dags/example_branch_operator.py for tasks to queue
[2024-09-09T11:10:34.057+0000] {logging_mixin.py:190} INFO - [2024-09-09T11:10:34.056+0000] {dagbag.py:587} INFO - Filling up the DagBag from /home/airflow/.local/lib/python3.12/site-packages/airflow/example_dags/example_branch_operator.py
[2024-09-09T11:10:34.099+0000] {processor.py:925} INFO - DAG(s) 'example_branch_operator' retrieved from /home/airflow/.local/lib/python3.12/site-packages/airflow/example_dags/example_branch_operator.py
[2024-09-09T11:10:34.172+0000] {logging_mixin.py:190} INFO - [2024-09-09T11:10:34.171+0000] {dag.py:3229} INFO - Sync 1 DAGs
[2024-09-09T11:10:34.244+0000] {logging_mixin.py:190} INFO - [2024-09-09T11:10:34.243+0000] {dag.py:4156} INFO - Setting next_dagrun for example_branch_operator to 2024-09-08 00:00:00+00:00, run_after=2024-09-09 00:00:00+00:00
[2024-09-09T11:10:34.287+0000] {processor.py:208} INFO - Processing /home/airflow/.local/lib/python3.12/site-packages/airflow/example_dags/example_branch_operator.py took 0.247 seconds
[2024-09-09T11:11:06.635+0000] {processor.py:186} INFO - Started process (PID=363) to work on /home/airflow/.local/lib/python3.12/site-packages/airflow/example_dags/example_branch_operator.py
[2024-09-09T11:11:06.637+0000] {processor.py:914} INFO - Processing file /home/airflow/.local/lib/python3.12/site-packages/airflow/example_dags/example_branch_operator.py for tasks to queue
[2024-09-09T11:11:06.642+0000] {logging_mixin.py:190} INFO - [2024-09-09T11:11:06.641+0000] {dagbag.py:587} INFO - Filling up the DagBag from /home/airflow/.local/lib/python3.12/site-packages/airflow/example_dags/example_branch_operator.py
[2024-09-09T11:11:06.686+0000] {processor.py:925} INFO - DAG(s) 'example_branch_operator' retrieved from /home/airflow/.local/lib/python3.12/site-packages/airflow/example_dags/example_branch_operator.py
[2024-09-09T11:11:06.766+0000] {logging_mixin.py:190} INFO - [2024-09-09T11:11:06.765+0000] {dag.py:3229} INFO - Sync 1 DAGs
[2024-09-09T11:11:06.837+0000] {logging_mixin.py:190} INFO - [2024-09-09T11:11:06.836+0000] {dag.py:4156} INFO - Setting next_dagrun for example_branch_operator to 2024-09-08 00:00:00+00:00, run_after=2024-09-09 00:00:00+00:00
[2024-09-09T11:11:06.883+0000] {processor.py:208} INFO - Processing /home/airflow/.local/lib/python3.12/site-packages/airflow/example_dags/example_branch_operator.py took 0.261 seconds
[2024-09-09T11:11:38.296+0000] {processor.py:186} INFO - Started process (PID=425) to work on /home/airflow/.local/lib/python3.12/site-packages/airflow/example_dags/example_branch_operator.py
[2024-09-09T11:11:38.298+0000] {processor.py:914} INFO - Processing file /home/airflow/.local/lib/python3.12/site-packages/airflow/example_dags/example_branch_operator.py for tasks to queue
[2024-09-09T11:11:38.304+0000] {logging_mixin.py:190} INFO - [2024-09-09T11:11:38.303+0000] {dagbag.py:587} INFO - Filling up the DagBag from /home/airflow/.local/lib/python3.12/site-packages/airflow/example_dags/example_branch_operator.py
[2024-09-09T11:11:38.341+0000] {processor.py:925} INFO - DAG(s) 'example_branch_operator' retrieved from /home/airflow/.local/lib/python3.12/site-packages/airflow/example_dags/example_branch_operator.py
[2024-09-09T11:11:38.402+0000] {logging_mixin.py:190} INFO - [2024-09-09T11:11:38.401+0000] {dag.py:3229} INFO - Sync 1 DAGs
[2024-09-09T11:11:38.452+0000] {logging_mixin.py:190} INFO - [2024-09-09T11:11:38.451+0000] {dag.py:4156} INFO - Setting next_dagrun for example_branch_operator to 2024-09-08 00:00:00+00:00, run_after=2024-09-09 00:00:00+00:00
[2024-09-09T11:11:38.492+0000] {processor.py:208} INFO - Processing /home/airflow/.local/lib/python3.12/site-packages/airflow/example_dags/example_branch_operator.py took 0.208 seconds
[2024-09-09T11:12:11.064+0000] {processor.py:186} INFO - Started process (PID=487) to work on /home/airflow/.local/lib/python3.12/site-packages/airflow/example_dags/example_branch_operator.py
[2024-09-09T11:12:11.066+0000] {processor.py:914} INFO - Processing file /home/airflow/.local/lib/python3.12/site-packages/airflow/example_dags/example_branch_operator.py for tasks to queue
[2024-09-09T11:12:11.072+0000] {logging_mixin.py:190} INFO - [2024-09-09T11:12:11.071+0000] {dagbag.py:587} INFO - Filling up the DagBag from /home/airflow/.local/lib/python3.12/site-packages/airflow/example_dags/example_branch_operator.py
[2024-09-09T11:12:11.110+0000] {processor.py:925} INFO - DAG(s) 'example_branch_operator' retrieved from /home/airflow/.local/lib/python3.12/site-packages/airflow/example_dags/example_branch_operator.py
[2024-09-09T11:12:11.166+0000] {logging_mixin.py:190} INFO - [2024-09-09T11:12:11.166+0000] {dag.py:3229} INFO - Sync 1 DAGs
[2024-09-09T11:12:11.217+0000] {logging_mixin.py:190} INFO - [2024-09-09T11:12:11.216+0000] {dag.py:4156} INFO - Setting next_dagrun for example_branch_operator to 2024-09-08 00:00:00+00:00, run_after=2024-09-09 00:00:00+00:00
[2024-09-09T11:12:11.264+0000] {processor.py:208} INFO - Processing /home/airflow/.local/lib/python3.12/site-packages/airflow/example_dags/example_branch_operator.py took 0.216 seconds
[2024-09-09T11:13:21.870+0000] {processor.py:186} INFO - Started process (PID=555) to work on /home/airflow/.local/lib/python3.12/site-packages/airflow/example_dags/example_branch_operator.py
[2024-09-09T11:13:21.872+0000] {processor.py:914} INFO - Processing file /home/airflow/.local/lib/python3.12/site-packages/airflow/example_dags/example_branch_operator.py for tasks to queue
[2024-09-09T11:13:21.878+0000] {logging_mixin.py:190} INFO - [2024-09-09T11:13:21.877+0000] {dagbag.py:587} INFO - Filling up the DagBag from /home/airflow/.local/lib/python3.12/site-packages/airflow/example_dags/example_branch_operator.py
[2024-09-09T11:13:21.947+0000] {processor.py:925} INFO - DAG(s) 'example_branch_operator' retrieved from /home/airflow/.local/lib/python3.12/site-packages/airflow/example_dags/example_branch_operator.py
[2024-09-09T11:13:22.033+0000] {logging_mixin.py:190} INFO - [2024-09-09T11:13:22.032+0000] {dag.py:3229} INFO - Sync 1 DAGs
[2024-09-09T11:13:22.106+0000] {logging_mixin.py:190} INFO - [2024-09-09T11:13:22.105+0000] {dag.py:4156} INFO - Setting next_dagrun for example_branch_operator to 2024-09-08 00:00:00+00:00, run_after=2024-09-09 00:00:00+00:00
[2024-09-09T11:13:22.162+0000] {processor.py:208} INFO - Processing /home/airflow/.local/lib/python3.12/site-packages/airflow/example_dags/example_branch_operator.py took 0.303 seconds
