[2024-09-09T11:00:56.850+0000] {processor.py:186} INFO - Started process (PID=116) to work on /home/airflow/.local/lib/python3.12/site-packages/airflow/example_dags/example_setup_teardown_taskflow.py
[2024-09-09T11:00:56.852+0000] {processor.py:914} INFO - Processing file /home/airflow/.local/lib/python3.12/site-packages/airflow/example_dags/example_setup_teardown_taskflow.py for tasks to queue
[2024-09-09T11:00:56.856+0000] {logging_mixin.py:190} INFO - [2024-09-09T11:00:56.856+0000] {dagbag.py:587} INFO - Filling up the DagBag from /home/airflow/.local/lib/python3.12/site-packages/airflow/example_dags/example_setup_teardown_taskflow.py
[2024-09-09T11:00:56.876+0000] {processor.py:925} INFO - DAG(s) 'example_setup_teardown_taskflow' retrieved from /home/airflow/.local/lib/python3.12/site-packages/airflow/example_dags/example_setup_teardown_taskflow.py
[2024-09-09T11:00:57.082+0000] {logging_mixin.py:190} INFO - [2024-09-09T11:00:57.081+0000] {override.py:1900} INFO - Created Permission View: can delete on DAG:example_setup_teardown_taskflow
[2024-09-09T11:00:57.108+0000] {logging_mixin.py:190} INFO - [2024-09-09T11:00:57.108+0000] {override.py:1900} INFO - Created Permission View: can edit on DAG:example_setup_teardown_taskflow
[2024-09-09T11:00:57.125+0000] {logging_mixin.py:190} INFO - [2024-09-09T11:00:57.124+0000] {override.py:1900} INFO - Created Permission View: can read on DAG:example_setup_teardown_taskflow
[2024-09-09T11:00:57.143+0000] {logging_mixin.py:190} INFO - [2024-09-09T11:00:57.142+0000] {override.py:1900} INFO - Created Permission View: can delete on DAG Run:example_setup_teardown_taskflow
[2024-09-09T11:00:57.157+0000] {logging_mixin.py:190} INFO - [2024-09-09T11:00:57.156+0000] {override.py:1900} INFO - Created Permission View: can create on DAG Run:example_setup_teardown_taskflow
[2024-09-09T11:00:57.173+0000] {logging_mixin.py:190} INFO - [2024-09-09T11:00:57.172+0000] {override.py:1900} INFO - Created Permission View: can read on DAG Run:example_setup_teardown_taskflow
[2024-09-09T11:00:57.192+0000] {logging_mixin.py:190} INFO - [2024-09-09T11:00:57.191+0000] {override.py:1900} INFO - Created Permission View: menu access on DAG Run:example_setup_teardown_taskflow
[2024-09-09T11:00:57.193+0000] {logging_mixin.py:190} INFO - [2024-09-09T11:00:57.192+0000] {dag.py:3229} INFO - Sync 1 DAGs
[2024-09-09T11:00:57.226+0000] {logging_mixin.py:190} INFO - [2024-09-09T11:00:57.226+0000] {dag.py:3252} INFO - Creating ORM DAG for example_setup_teardown_taskflow
[2024-09-09T11:00:57.228+0000] {logging_mixin.py:190} INFO - [2024-09-09T11:00:57.228+0000] {dag.py:4156} INFO - Setting next_dagrun for example_setup_teardown_taskflow to None, run_after=None
[2024-09-09T11:00:57.260+0000] {processor.py:208} INFO - Processing /home/airflow/.local/lib/python3.12/site-packages/airflow/example_dags/example_setup_teardown_taskflow.py took 0.421 seconds
[2024-09-09T11:09:00.613+0000] {processor.py:186} INFO - Started process (PID=105) to work on /home/airflow/.local/lib/python3.12/site-packages/airflow/example_dags/example_setup_teardown_taskflow.py
[2024-09-09T11:09:00.615+0000] {processor.py:914} INFO - Processing file /home/airflow/.local/lib/python3.12/site-packages/airflow/example_dags/example_setup_teardown_taskflow.py for tasks to queue
[2024-09-09T11:09:00.619+0000] {logging_mixin.py:190} INFO - [2024-09-09T11:09:00.619+0000] {dagbag.py:587} INFO - Filling up the DagBag from /home/airflow/.local/lib/python3.12/site-packages/airflow/example_dags/example_setup_teardown_taskflow.py
[2024-09-09T11:09:00.632+0000] {processor.py:925} INFO - DAG(s) 'example_setup_teardown_taskflow' retrieved from /home/airflow/.local/lib/python3.12/site-packages/airflow/example_dags/example_setup_teardown_taskflow.py
[2024-09-09T11:09:00.670+0000] {logging_mixin.py:190} INFO - [2024-09-09T11:09:00.669+0000] {dag.py:3229} INFO - Sync 1 DAGs
[2024-09-09T11:09:00.691+0000] {logging_mixin.py:190} INFO - [2024-09-09T11:09:00.691+0000] {dag.py:4156} INFO - Setting next_dagrun for example_setup_teardown_taskflow to None, run_after=None
[2024-09-09T11:09:00.722+0000] {processor.py:208} INFO - Processing /home/airflow/.local/lib/python3.12/site-packages/airflow/example_dags/example_setup_teardown_taskflow.py took 0.116 seconds
[2024-09-09T11:09:31.202+0000] {processor.py:186} INFO - Started process (PID=167) to work on /home/airflow/.local/lib/python3.12/site-packages/airflow/example_dags/example_setup_teardown_taskflow.py
[2024-09-09T11:09:31.203+0000] {processor.py:914} INFO - Processing file /home/airflow/.local/lib/python3.12/site-packages/airflow/example_dags/example_setup_teardown_taskflow.py for tasks to queue
[2024-09-09T11:09:31.207+0000] {logging_mixin.py:190} INFO - [2024-09-09T11:09:31.207+0000] {dagbag.py:587} INFO - Filling up the DagBag from /home/airflow/.local/lib/python3.12/site-packages/airflow/example_dags/example_setup_teardown_taskflow.py
[2024-09-09T11:09:31.222+0000] {processor.py:925} INFO - DAG(s) 'example_setup_teardown_taskflow' retrieved from /home/airflow/.local/lib/python3.12/site-packages/airflow/example_dags/example_setup_teardown_taskflow.py
[2024-09-09T11:09:31.262+0000] {logging_mixin.py:190} INFO - [2024-09-09T11:09:31.261+0000] {dag.py:3229} INFO - Sync 1 DAGs
[2024-09-09T11:09:31.291+0000] {logging_mixin.py:190} INFO - [2024-09-09T11:09:31.290+0000] {dag.py:4156} INFO - Setting next_dagrun for example_setup_teardown_taskflow to None, run_after=None
[2024-09-09T11:09:31.330+0000] {processor.py:208} INFO - Processing /home/airflow/.local/lib/python3.12/site-packages/airflow/example_dags/example_setup_teardown_taskflow.py took 0.135 seconds
[2024-09-09T11:10:02.095+0000] {processor.py:186} INFO - Started process (PID=230) to work on /home/airflow/.local/lib/python3.12/site-packages/airflow/example_dags/example_setup_teardown_taskflow.py
[2024-09-09T11:10:02.097+0000] {processor.py:914} INFO - Processing file /home/airflow/.local/lib/python3.12/site-packages/airflow/example_dags/example_setup_teardown_taskflow.py for tasks to queue
[2024-09-09T11:10:02.101+0000] {logging_mixin.py:190} INFO - [2024-09-09T11:10:02.100+0000] {dagbag.py:587} INFO - Filling up the DagBag from /home/airflow/.local/lib/python3.12/site-packages/airflow/example_dags/example_setup_teardown_taskflow.py
[2024-09-09T11:10:02.119+0000] {processor.py:925} INFO - DAG(s) 'example_setup_teardown_taskflow' retrieved from /home/airflow/.local/lib/python3.12/site-packages/airflow/example_dags/example_setup_teardown_taskflow.py
[2024-09-09T11:10:02.157+0000] {logging_mixin.py:190} INFO - [2024-09-09T11:10:02.157+0000] {dag.py:3229} INFO - Sync 1 DAGs
[2024-09-09T11:10:02.188+0000] {logging_mixin.py:190} INFO - [2024-09-09T11:10:02.188+0000] {dag.py:4156} INFO - Setting next_dagrun for example_setup_teardown_taskflow to None, run_after=None
[2024-09-09T11:10:02.226+0000] {processor.py:208} INFO - Processing /home/airflow/.local/lib/python3.12/site-packages/airflow/example_dags/example_setup_teardown_taskflow.py took 0.141 seconds
[2024-09-09T11:10:32.827+0000] {processor.py:186} INFO - Started process (PID=292) to work on /home/airflow/.local/lib/python3.12/site-packages/airflow/example_dags/example_setup_teardown_taskflow.py
[2024-09-09T11:10:32.828+0000] {processor.py:914} INFO - Processing file /home/airflow/.local/lib/python3.12/site-packages/airflow/example_dags/example_setup_teardown_taskflow.py for tasks to queue
[2024-09-09T11:10:32.833+0000] {logging_mixin.py:190} INFO - [2024-09-09T11:10:32.832+0000] {dagbag.py:587} INFO - Filling up the DagBag from /home/airflow/.local/lib/python3.12/site-packages/airflow/example_dags/example_setup_teardown_taskflow.py
[2024-09-09T11:10:32.851+0000] {processor.py:925} INFO - DAG(s) 'example_setup_teardown_taskflow' retrieved from /home/airflow/.local/lib/python3.12/site-packages/airflow/example_dags/example_setup_teardown_taskflow.py
[2024-09-09T11:10:32.892+0000] {logging_mixin.py:190} INFO - [2024-09-09T11:10:32.892+0000] {dag.py:3229} INFO - Sync 1 DAGs
[2024-09-09T11:10:32.924+0000] {logging_mixin.py:190} INFO - [2024-09-09T11:10:32.924+0000] {dag.py:4156} INFO - Setting next_dagrun for example_setup_teardown_taskflow to None, run_after=None
[2024-09-09T11:10:32.963+0000] {processor.py:208} INFO - Processing /home/airflow/.local/lib/python3.12/site-packages/airflow/example_dags/example_setup_teardown_taskflow.py took 0.145 seconds
[2024-09-09T11:11:05.085+0000] {processor.py:186} INFO - Started process (PID=355) to work on /home/airflow/.local/lib/python3.12/site-packages/airflow/example_dags/example_setup_teardown_taskflow.py
[2024-09-09T11:11:05.088+0000] {processor.py:914} INFO - Processing file /home/airflow/.local/lib/python3.12/site-packages/airflow/example_dags/example_setup_teardown_taskflow.py for tasks to queue
[2024-09-09T11:11:05.094+0000] {logging_mixin.py:190} INFO - [2024-09-09T11:11:05.093+0000] {dagbag.py:587} INFO - Filling up the DagBag from /home/airflow/.local/lib/python3.12/site-packages/airflow/example_dags/example_setup_teardown_taskflow.py
[2024-09-09T11:11:05.125+0000] {processor.py:925} INFO - DAG(s) 'example_setup_teardown_taskflow' retrieved from /home/airflow/.local/lib/python3.12/site-packages/airflow/example_dags/example_setup_teardown_taskflow.py
[2024-09-09T11:11:05.187+0000] {logging_mixin.py:190} INFO - [2024-09-09T11:11:05.186+0000] {dag.py:3229} INFO - Sync 1 DAGs
[2024-09-09T11:11:05.239+0000] {logging_mixin.py:190} INFO - [2024-09-09T11:11:05.238+0000] {dag.py:4156} INFO - Setting next_dagrun for example_setup_teardown_taskflow to None, run_after=None
[2024-09-09T11:11:05.288+0000] {processor.py:208} INFO - Processing /home/airflow/.local/lib/python3.12/site-packages/airflow/example_dags/example_setup_teardown_taskflow.py took 0.220 seconds
[2024-09-09T11:11:37.009+0000] {processor.py:186} INFO - Started process (PID=417) to work on /home/airflow/.local/lib/python3.12/site-packages/airflow/example_dags/example_setup_teardown_taskflow.py
[2024-09-09T11:11:37.011+0000] {processor.py:914} INFO - Processing file /home/airflow/.local/lib/python3.12/site-packages/airflow/example_dags/example_setup_teardown_taskflow.py for tasks to queue
[2024-09-09T11:11:37.014+0000] {logging_mixin.py:190} INFO - [2024-09-09T11:11:37.014+0000] {dagbag.py:587} INFO - Filling up the DagBag from /home/airflow/.local/lib/python3.12/site-packages/airflow/example_dags/example_setup_teardown_taskflow.py
[2024-09-09T11:11:37.039+0000] {processor.py:925} INFO - DAG(s) 'example_setup_teardown_taskflow' retrieved from /home/airflow/.local/lib/python3.12/site-packages/airflow/example_dags/example_setup_teardown_taskflow.py
[2024-09-09T11:11:37.082+0000] {logging_mixin.py:190} INFO - [2024-09-09T11:11:37.082+0000] {dag.py:3229} INFO - Sync 1 DAGs
[2024-09-09T11:11:37.111+0000] {logging_mixin.py:190} INFO - [2024-09-09T11:11:37.111+0000] {dag.py:4156} INFO - Setting next_dagrun for example_setup_teardown_taskflow to None, run_after=None
[2024-09-09T11:11:37.149+0000] {processor.py:208} INFO - Processing /home/airflow/.local/lib/python3.12/site-packages/airflow/example_dags/example_setup_teardown_taskflow.py took 0.150 seconds
[2024-09-09T11:12:09.546+0000] {processor.py:186} INFO - Started process (PID=479) to work on /home/airflow/.local/lib/python3.12/site-packages/airflow/example_dags/example_setup_teardown_taskflow.py
[2024-09-09T11:12:09.548+0000] {processor.py:914} INFO - Processing file /home/airflow/.local/lib/python3.12/site-packages/airflow/example_dags/example_setup_teardown_taskflow.py for tasks to queue
[2024-09-09T11:12:09.552+0000] {logging_mixin.py:190} INFO - [2024-09-09T11:12:09.551+0000] {dagbag.py:587} INFO - Filling up the DagBag from /home/airflow/.local/lib/python3.12/site-packages/airflow/example_dags/example_setup_teardown_taskflow.py
[2024-09-09T11:12:09.572+0000] {processor.py:925} INFO - DAG(s) 'example_setup_teardown_taskflow' retrieved from /home/airflow/.local/lib/python3.12/site-packages/airflow/example_dags/example_setup_teardown_taskflow.py
[2024-09-09T11:12:09.611+0000] {logging_mixin.py:190} INFO - [2024-09-09T11:12:09.611+0000] {dag.py:3229} INFO - Sync 1 DAGs
[2024-09-09T11:12:09.643+0000] {logging_mixin.py:190} INFO - [2024-09-09T11:12:09.643+0000] {dag.py:4156} INFO - Setting next_dagrun for example_setup_teardown_taskflow to None, run_after=None
[2024-09-09T11:12:09.682+0000] {processor.py:208} INFO - Processing /home/airflow/.local/lib/python3.12/site-packages/airflow/example_dags/example_setup_teardown_taskflow.py took 0.145 seconds
[2024-09-09T11:13:17.776+0000] {processor.py:186} INFO - Started process (PID=541) to work on /home/airflow/.local/lib/python3.12/site-packages/airflow/example_dags/example_setup_teardown_taskflow.py
[2024-09-09T11:13:17.780+0000] {processor.py:914} INFO - Processing file /home/airflow/.local/lib/python3.12/site-packages/airflow/example_dags/example_setup_teardown_taskflow.py for tasks to queue
[2024-09-09T11:13:17.788+0000] {logging_mixin.py:190} INFO - [2024-09-09T11:13:17.787+0000] {dagbag.py:587} INFO - Filling up the DagBag from /home/airflow/.local/lib/python3.12/site-packages/airflow/example_dags/example_setup_teardown_taskflow.py
[2024-09-09T11:13:17.858+0000] {processor.py:925} INFO - DAG(s) 'example_setup_teardown_taskflow' retrieved from /home/airflow/.local/lib/python3.12/site-packages/airflow/example_dags/example_setup_teardown_taskflow.py
[2024-09-09T11:13:19.213+0000] {logging_mixin.py:190} INFO - [2024-09-09T11:13:19.213+0000] {dag.py:3229} INFO - Sync 1 DAGs
[2024-09-09T11:13:19.293+0000] {logging_mixin.py:190} INFO - [2024-09-09T11:13:19.292+0000] {dag.py:4156} INFO - Setting next_dagrun for example_setup_teardown_taskflow to None, run_after=None
[2024-09-09T11:13:19.455+0000] {processor.py:208} INFO - Processing /home/airflow/.local/lib/python3.12/site-packages/airflow/example_dags/example_setup_teardown_taskflow.py took 1.709 seconds
