[2024-09-09T11:00:48.613+0000] {processor.py:186} INFO - Started process (PID=93) to work on /home/airflow/.local/lib/python3.12/site-packages/airflow/example_dags/example_dataset_alias.py
[2024-09-09T11:00:48.615+0000] {processor.py:914} INFO - Processing file /home/airflow/.local/lib/python3.12/site-packages/airflow/example_dags/example_dataset_alias.py for tasks to queue
[2024-09-09T11:00:48.619+0000] {logging_mixin.py:190} INFO - [2024-09-09T11:00:48.619+0000] {dagbag.py:587} INFO - Filling up the DagBag from /home/airflow/.local/lib/python3.12/site-packages/airflow/example_dags/example_dataset_alias.py
[2024-09-09T11:00:50.310+0000] {processor.py:925} INFO - DAG(s) 'dataset_alias_example_alias_consumer', 'dataset_alias_example_alias_producer', 'dataset_s3_bucket_consumer', 'dataset_s3_bucket_producer' retrieved from /home/airflow/.local/lib/python3.12/site-packages/airflow/example_dags/example_dataset_alias.py
[2024-09-09T11:00:50.617+0000] {logging_mixin.py:190} INFO - [2024-09-09T11:00:50.615+0000] {override.py:1900} INFO - Created Permission View: can delete on DAG:dataset_alias_example_alias_consumer
[2024-09-09T11:00:50.639+0000] {logging_mixin.py:190} INFO - [2024-09-09T11:00:50.639+0000] {override.py:1900} INFO - Created Permission View: can edit on DAG:dataset_alias_example_alias_consumer
[2024-09-09T11:00:50.657+0000] {logging_mixin.py:190} INFO - [2024-09-09T11:00:50.657+0000] {override.py:1900} INFO - Created Permission View: can read on DAG:dataset_alias_example_alias_consumer
[2024-09-09T11:00:50.674+0000] {logging_mixin.py:190} INFO - [2024-09-09T11:00:50.674+0000] {override.py:1900} INFO - Created Permission View: can delete on DAG Run:dataset_alias_example_alias_consumer
[2024-09-09T11:00:50.690+0000] {logging_mixin.py:190} INFO - [2024-09-09T11:00:50.690+0000] {override.py:1900} INFO - Created Permission View: can create on DAG Run:dataset_alias_example_alias_consumer
[2024-09-09T11:00:50.707+0000] {logging_mixin.py:190} INFO - [2024-09-09T11:00:50.706+0000] {override.py:1900} INFO - Created Permission View: can read on DAG Run:dataset_alias_example_alias_consumer
[2024-09-09T11:00:50.724+0000] {logging_mixin.py:190} INFO - [2024-09-09T11:00:50.723+0000] {override.py:1900} INFO - Created Permission View: menu access on DAG Run:dataset_alias_example_alias_consumer
[2024-09-09T11:00:50.758+0000] {logging_mixin.py:190} INFO - [2024-09-09T11:00:50.757+0000] {override.py:1900} INFO - Created Permission View: can delete on DAG:dataset_alias_example_alias_producer
[2024-09-09T11:00:50.773+0000] {logging_mixin.py:190} INFO - [2024-09-09T11:00:50.772+0000] {override.py:1900} INFO - Created Permission View: can edit on DAG:dataset_alias_example_alias_producer
[2024-09-09T11:00:50.788+0000] {logging_mixin.py:190} INFO - [2024-09-09T11:00:50.788+0000] {override.py:1900} INFO - Created Permission View: can read on DAG:dataset_alias_example_alias_producer
[2024-09-09T11:00:50.807+0000] {logging_mixin.py:190} INFO - [2024-09-09T11:00:50.806+0000] {override.py:1900} INFO - Created Permission View: can delete on DAG Run:dataset_alias_example_alias_producer
[2024-09-09T11:00:50.824+0000] {logging_mixin.py:190} INFO - [2024-09-09T11:00:50.824+0000] {override.py:1900} INFO - Created Permission View: can create on DAG Run:dataset_alias_example_alias_producer
[2024-09-09T11:00:50.840+0000] {logging_mixin.py:190} INFO - [2024-09-09T11:00:50.840+0000] {override.py:1900} INFO - Created Permission View: can read on DAG Run:dataset_alias_example_alias_producer
[2024-09-09T11:00:50.858+0000] {logging_mixin.py:190} INFO - [2024-09-09T11:00:50.857+0000] {override.py:1900} INFO - Created Permission View: menu access on DAG Run:dataset_alias_example_alias_producer
[2024-09-09T11:00:50.889+0000] {logging_mixin.py:190} INFO - [2024-09-09T11:00:50.888+0000] {override.py:1900} INFO - Created Permission View: can delete on DAG:dataset_s3_bucket_consumer
[2024-09-09T11:00:50.906+0000] {logging_mixin.py:190} INFO - [2024-09-09T11:00:50.906+0000] {override.py:1900} INFO - Created Permission View: can edit on DAG:dataset_s3_bucket_consumer
[2024-09-09T11:00:50.922+0000] {logging_mixin.py:190} INFO - [2024-09-09T11:00:50.922+0000] {override.py:1900} INFO - Created Permission View: can read on DAG:dataset_s3_bucket_consumer
[2024-09-09T11:00:50.945+0000] {logging_mixin.py:190} INFO - [2024-09-09T11:00:50.945+0000] {override.py:1900} INFO - Created Permission View: can delete on DAG Run:dataset_s3_bucket_consumer
[2024-09-09T11:00:50.961+0000] {logging_mixin.py:190} INFO - [2024-09-09T11:00:50.961+0000] {override.py:1900} INFO - Created Permission View: can create on DAG Run:dataset_s3_bucket_consumer
[2024-09-09T11:00:50.978+0000] {logging_mixin.py:190} INFO - [2024-09-09T11:00:50.977+0000] {override.py:1900} INFO - Created Permission View: can read on DAG Run:dataset_s3_bucket_consumer
[2024-09-09T11:00:50.996+0000] {logging_mixin.py:190} INFO - [2024-09-09T11:00:50.995+0000] {override.py:1900} INFO - Created Permission View: menu access on DAG Run:dataset_s3_bucket_consumer
[2024-09-09T11:00:51.029+0000] {logging_mixin.py:190} INFO - [2024-09-09T11:00:51.029+0000] {override.py:1900} INFO - Created Permission View: can delete on DAG:dataset_s3_bucket_producer
[2024-09-09T11:00:51.048+0000] {logging_mixin.py:190} INFO - [2024-09-09T11:00:51.047+0000] {override.py:1900} INFO - Created Permission View: can edit on DAG:dataset_s3_bucket_producer
[2024-09-09T11:00:51.066+0000] {logging_mixin.py:190} INFO - [2024-09-09T11:00:51.066+0000] {override.py:1900} INFO - Created Permission View: can read on DAG:dataset_s3_bucket_producer
[2024-09-09T11:00:51.084+0000] {logging_mixin.py:190} INFO - [2024-09-09T11:00:51.084+0000] {override.py:1900} INFO - Created Permission View: can delete on DAG Run:dataset_s3_bucket_producer
[2024-09-09T11:00:51.100+0000] {logging_mixin.py:190} INFO - [2024-09-09T11:00:51.100+0000] {override.py:1900} INFO - Created Permission View: can create on DAG Run:dataset_s3_bucket_producer
[2024-09-09T11:00:51.117+0000] {logging_mixin.py:190} INFO - [2024-09-09T11:00:51.116+0000] {override.py:1900} INFO - Created Permission View: can read on DAG Run:dataset_s3_bucket_producer
[2024-09-09T11:00:51.132+0000] {logging_mixin.py:190} INFO - [2024-09-09T11:00:51.131+0000] {override.py:1900} INFO - Created Permission View: menu access on DAG Run:dataset_s3_bucket_producer
[2024-09-09T11:00:51.133+0000] {logging_mixin.py:190} INFO - [2024-09-09T11:00:51.133+0000] {dag.py:3229} INFO - Sync 4 DAGs
[2024-09-09T11:00:51.159+0000] {logging_mixin.py:190} INFO - [2024-09-09T11:00:51.158+0000] {dag.py:3252} INFO - Creating ORM DAG for dataset_s3_bucket_consumer
[2024-09-09T11:00:51.161+0000] {logging_mixin.py:190} INFO - [2024-09-09T11:00:51.160+0000] {dag.py:3252} INFO - Creating ORM DAG for dataset_alias_example_alias_producer
[2024-09-09T11:00:51.163+0000] {logging_mixin.py:190} INFO - [2024-09-09T11:00:51.162+0000] {dag.py:3252} INFO - Creating ORM DAG for dataset_alias_example_alias_consumer
[2024-09-09T11:00:51.164+0000] {logging_mixin.py:190} INFO - [2024-09-09T11:00:51.164+0000] {dag.py:3252} INFO - Creating ORM DAG for dataset_s3_bucket_producer
[2024-09-09T11:00:51.182+0000] {logging_mixin.py:190} INFO - [2024-09-09T11:00:51.182+0000] {dag.py:4156} INFO - Setting next_dagrun for dataset_alias_example_alias_consumer to None, run_after=None
[2024-09-09T11:00:51.184+0000] {logging_mixin.py:190} INFO - [2024-09-09T11:00:51.184+0000] {dag.py:4156} INFO - Setting next_dagrun for dataset_alias_example_alias_producer to None, run_after=None
[2024-09-09T11:00:51.185+0000] {logging_mixin.py:190} INFO - [2024-09-09T11:00:51.185+0000] {dag.py:4156} INFO - Setting next_dagrun for dataset_s3_bucket_consumer to None, run_after=None
[2024-09-09T11:00:51.187+0000] {logging_mixin.py:190} INFO - [2024-09-09T11:00:51.187+0000] {dag.py:4156} INFO - Setting next_dagrun for dataset_s3_bucket_producer to None, run_after=None
[2024-09-09T11:00:51.252+0000] {processor.py:208} INFO - Processing /home/airflow/.local/lib/python3.12/site-packages/airflow/example_dags/example_dataset_alias.py took 2.648 seconds
[2024-09-09T11:08:57.917+0000] {processor.py:186} INFO - Started process (PID=88) to work on /home/airflow/.local/lib/python3.12/site-packages/airflow/example_dags/example_dataset_alias.py
[2024-09-09T11:08:57.919+0000] {processor.py:914} INFO - Processing file /home/airflow/.local/lib/python3.12/site-packages/airflow/example_dags/example_dataset_alias.py for tasks to queue
[2024-09-09T11:08:57.923+0000] {logging_mixin.py:190} INFO - [2024-09-09T11:08:57.923+0000] {dagbag.py:587} INFO - Filling up the DagBag from /home/airflow/.local/lib/python3.12/site-packages/airflow/example_dags/example_dataset_alias.py
[2024-09-09T11:08:58.434+0000] {processor.py:925} INFO - DAG(s) 'dataset_alias_example_alias_producer', 'dataset_s3_bucket_consumer', 'dataset_alias_example_alias_consumer', 'dataset_s3_bucket_producer' retrieved from /home/airflow/.local/lib/python3.12/site-packages/airflow/example_dags/example_dataset_alias.py
[2024-09-09T11:08:58.478+0000] {logging_mixin.py:190} INFO - [2024-09-09T11:08:58.477+0000] {dag.py:3229} INFO - Sync 4 DAGs
[2024-09-09T11:08:58.518+0000] {logging_mixin.py:190} INFO - [2024-09-09T11:08:58.518+0000] {dag.py:4156} INFO - Setting next_dagrun for dataset_alias_example_alias_consumer to None, run_after=None
[2024-09-09T11:08:58.523+0000] {logging_mixin.py:190} INFO - [2024-09-09T11:08:58.522+0000] {dag.py:4156} INFO - Setting next_dagrun for dataset_alias_example_alias_producer to None, run_after=None
[2024-09-09T11:08:58.525+0000] {logging_mixin.py:190} INFO - [2024-09-09T11:08:58.525+0000] {dag.py:4156} INFO - Setting next_dagrun for dataset_s3_bucket_consumer to None, run_after=None
[2024-09-09T11:08:58.527+0000] {logging_mixin.py:190} INFO - [2024-09-09T11:08:58.527+0000] {dag.py:4156} INFO - Setting next_dagrun for dataset_s3_bucket_producer to None, run_after=None
[2024-09-09T11:08:58.564+0000] {processor.py:208} INFO - Processing /home/airflow/.local/lib/python3.12/site-packages/airflow/example_dags/example_dataset_alias.py took 0.658 seconds
[2024-09-09T11:09:28.663+0000] {processor.py:186} INFO - Started process (PID=150) to work on /home/airflow/.local/lib/python3.12/site-packages/airflow/example_dags/example_dataset_alias.py
[2024-09-09T11:09:28.665+0000] {processor.py:914} INFO - Processing file /home/airflow/.local/lib/python3.12/site-packages/airflow/example_dags/example_dataset_alias.py for tasks to queue
[2024-09-09T11:09:28.669+0000] {logging_mixin.py:190} INFO - [2024-09-09T11:09:28.669+0000] {dagbag.py:587} INFO - Filling up the DagBag from /home/airflow/.local/lib/python3.12/site-packages/airflow/example_dags/example_dataset_alias.py
[2024-09-09T11:09:28.963+0000] {processor.py:925} INFO - DAG(s) 'dataset_alias_example_alias_producer', 'dataset_alias_example_alias_consumer', 'dataset_s3_bucket_consumer', 'dataset_s3_bucket_producer' retrieved from /home/airflow/.local/lib/python3.12/site-packages/airflow/example_dags/example_dataset_alias.py
[2024-09-09T11:09:29.011+0000] {logging_mixin.py:190} INFO - [2024-09-09T11:09:29.011+0000] {dag.py:3229} INFO - Sync 4 DAGs
[2024-09-09T11:09:29.051+0000] {logging_mixin.py:190} INFO - [2024-09-09T11:09:29.051+0000] {dag.py:4156} INFO - Setting next_dagrun for dataset_alias_example_alias_consumer to None, run_after=None
[2024-09-09T11:09:29.056+0000] {logging_mixin.py:190} INFO - [2024-09-09T11:09:29.056+0000] {dag.py:4156} INFO - Setting next_dagrun for dataset_alias_example_alias_producer to None, run_after=None
[2024-09-09T11:09:29.059+0000] {logging_mixin.py:190} INFO - [2024-09-09T11:09:29.059+0000] {dag.py:4156} INFO - Setting next_dagrun for dataset_s3_bucket_consumer to None, run_after=None
[2024-09-09T11:09:29.062+0000] {logging_mixin.py:190} INFO - [2024-09-09T11:09:29.062+0000] {dag.py:4156} INFO - Setting next_dagrun for dataset_s3_bucket_producer to None, run_after=None
[2024-09-09T11:09:29.116+0000] {processor.py:208} INFO - Processing /home/airflow/.local/lib/python3.12/site-packages/airflow/example_dags/example_dataset_alias.py took 0.462 seconds
[2024-09-09T11:09:59.256+0000] {processor.py:186} INFO - Started process (PID=213) to work on /home/airflow/.local/lib/python3.12/site-packages/airflow/example_dags/example_dataset_alias.py
[2024-09-09T11:09:59.257+0000] {processor.py:914} INFO - Processing file /home/airflow/.local/lib/python3.12/site-packages/airflow/example_dags/example_dataset_alias.py for tasks to queue
[2024-09-09T11:09:59.261+0000] {logging_mixin.py:190} INFO - [2024-09-09T11:09:59.261+0000] {dagbag.py:587} INFO - Filling up the DagBag from /home/airflow/.local/lib/python3.12/site-packages/airflow/example_dags/example_dataset_alias.py
[2024-09-09T11:09:59.677+0000] {processor.py:925} INFO - DAG(s) 'dataset_alias_example_alias_producer', 'dataset_s3_bucket_producer', 'dataset_s3_bucket_consumer', 'dataset_alias_example_alias_consumer' retrieved from /home/airflow/.local/lib/python3.12/site-packages/airflow/example_dags/example_dataset_alias.py
[2024-09-09T11:09:59.737+0000] {logging_mixin.py:190} INFO - [2024-09-09T11:09:59.736+0000] {dag.py:3229} INFO - Sync 4 DAGs
[2024-09-09T11:09:59.797+0000] {logging_mixin.py:190} INFO - [2024-09-09T11:09:59.797+0000] {dag.py:4156} INFO - Setting next_dagrun for dataset_alias_example_alias_consumer to None, run_after=None
[2024-09-09T11:09:59.804+0000] {logging_mixin.py:190} INFO - [2024-09-09T11:09:59.803+0000] {dag.py:4156} INFO - Setting next_dagrun for dataset_alias_example_alias_producer to None, run_after=None
[2024-09-09T11:09:59.807+0000] {logging_mixin.py:190} INFO - [2024-09-09T11:09:59.807+0000] {dag.py:4156} INFO - Setting next_dagrun for dataset_s3_bucket_consumer to None, run_after=None
[2024-09-09T11:09:59.810+0000] {logging_mixin.py:190} INFO - [2024-09-09T11:09:59.810+0000] {dag.py:4156} INFO - Setting next_dagrun for dataset_s3_bucket_producer to None, run_after=None
[2024-09-09T11:09:59.855+0000] {processor.py:208} INFO - Processing /home/airflow/.local/lib/python3.12/site-packages/airflow/example_dags/example_dataset_alias.py took 0.610 seconds
[2024-09-09T11:10:30.071+0000] {processor.py:186} INFO - Started process (PID=276) to work on /home/airflow/.local/lib/python3.12/site-packages/airflow/example_dags/example_dataset_alias.py
[2024-09-09T11:10:30.073+0000] {processor.py:914} INFO - Processing file /home/airflow/.local/lib/python3.12/site-packages/airflow/example_dags/example_dataset_alias.py for tasks to queue
[2024-09-09T11:10:30.078+0000] {logging_mixin.py:190} INFO - [2024-09-09T11:10:30.078+0000] {dagbag.py:587} INFO - Filling up the DagBag from /home/airflow/.local/lib/python3.12/site-packages/airflow/example_dags/example_dataset_alias.py
[2024-09-09T11:10:30.337+0000] {processor.py:925} INFO - DAG(s) 'dataset_s3_bucket_producer', 'dataset_alias_example_alias_producer', 'dataset_alias_example_alias_consumer', 'dataset_s3_bucket_consumer' retrieved from /home/airflow/.local/lib/python3.12/site-packages/airflow/example_dags/example_dataset_alias.py
[2024-09-09T11:10:30.372+0000] {logging_mixin.py:190} INFO - [2024-09-09T11:10:30.372+0000] {dag.py:3229} INFO - Sync 4 DAGs
[2024-09-09T11:10:30.409+0000] {logging_mixin.py:190} INFO - [2024-09-09T11:10:30.408+0000] {dag.py:4156} INFO - Setting next_dagrun for dataset_alias_example_alias_consumer to None, run_after=None
[2024-09-09T11:10:30.415+0000] {logging_mixin.py:190} INFO - [2024-09-09T11:10:30.415+0000] {dag.py:4156} INFO - Setting next_dagrun for dataset_alias_example_alias_producer to None, run_after=None
[2024-09-09T11:10:30.418+0000] {logging_mixin.py:190} INFO - [2024-09-09T11:10:30.418+0000] {dag.py:4156} INFO - Setting next_dagrun for dataset_s3_bucket_consumer to None, run_after=None
[2024-09-09T11:10:30.421+0000] {logging_mixin.py:190} INFO - [2024-09-09T11:10:30.421+0000] {dag.py:4156} INFO - Setting next_dagrun for dataset_s3_bucket_producer to None, run_after=None
[2024-09-09T11:10:30.464+0000] {processor.py:208} INFO - Processing /home/airflow/.local/lib/python3.12/site-packages/airflow/example_dags/example_dataset_alias.py took 0.405 seconds
[2024-09-09T11:11:01.857+0000] {processor.py:186} INFO - Started process (PID=338) to work on /home/airflow/.local/lib/python3.12/site-packages/airflow/example_dags/example_dataset_alias.py
[2024-09-09T11:11:01.858+0000] {processor.py:914} INFO - Processing file /home/airflow/.local/lib/python3.12/site-packages/airflow/example_dags/example_dataset_alias.py for tasks to queue
[2024-09-09T11:11:01.862+0000] {logging_mixin.py:190} INFO - [2024-09-09T11:11:01.862+0000] {dagbag.py:587} INFO - Filling up the DagBag from /home/airflow/.local/lib/python3.12/site-packages/airflow/example_dags/example_dataset_alias.py
[2024-09-09T11:11:02.315+0000] {processor.py:925} INFO - DAG(s) 'dataset_alias_example_alias_producer', 'dataset_s3_bucket_consumer', 'dataset_s3_bucket_producer', 'dataset_alias_example_alias_consumer' retrieved from /home/airflow/.local/lib/python3.12/site-packages/airflow/example_dags/example_dataset_alias.py
[2024-09-09T11:11:02.365+0000] {logging_mixin.py:190} INFO - [2024-09-09T11:11:02.364+0000] {dag.py:3229} INFO - Sync 4 DAGs
[2024-09-09T11:11:02.416+0000] {logging_mixin.py:190} INFO - [2024-09-09T11:11:02.416+0000] {dag.py:4156} INFO - Setting next_dagrun for dataset_alias_example_alias_consumer to None, run_after=None
[2024-09-09T11:11:02.424+0000] {logging_mixin.py:190} INFO - [2024-09-09T11:11:02.424+0000] {dag.py:4156} INFO - Setting next_dagrun for dataset_alias_example_alias_producer to None, run_after=None
[2024-09-09T11:11:02.428+0000] {logging_mixin.py:190} INFO - [2024-09-09T11:11:02.427+0000] {dag.py:4156} INFO - Setting next_dagrun for dataset_s3_bucket_consumer to None, run_after=None
[2024-09-09T11:11:02.431+0000] {logging_mixin.py:190} INFO - [2024-09-09T11:11:02.431+0000] {dag.py:4156} INFO - Setting next_dagrun for dataset_s3_bucket_producer to None, run_after=None
[2024-09-09T11:11:02.478+0000] {processor.py:208} INFO - Processing /home/airflow/.local/lib/python3.12/site-packages/airflow/example_dags/example_dataset_alias.py took 0.630 seconds
[2024-09-09T11:11:32.853+0000] {processor.py:186} INFO - Started process (PID=400) to work on /home/airflow/.local/lib/python3.12/site-packages/airflow/example_dags/example_dataset_alias.py
[2024-09-09T11:11:32.857+0000] {processor.py:914} INFO - Processing file /home/airflow/.local/lib/python3.12/site-packages/airflow/example_dags/example_dataset_alias.py for tasks to queue
[2024-09-09T11:11:32.867+0000] {logging_mixin.py:190} INFO - [2024-09-09T11:11:32.865+0000] {dagbag.py:587} INFO - Filling up the DagBag from /home/airflow/.local/lib/python3.12/site-packages/airflow/example_dags/example_dataset_alias.py
[2024-09-09T11:11:33.949+0000] {processor.py:925} INFO - DAG(s) 'dataset_s3_bucket_consumer', 'dataset_alias_example_alias_producer', 'dataset_alias_example_alias_consumer', 'dataset_s3_bucket_producer' retrieved from /home/airflow/.local/lib/python3.12/site-packages/airflow/example_dags/example_dataset_alias.py
[2024-09-09T11:11:34.030+0000] {logging_mixin.py:190} INFO - [2024-09-09T11:11:34.029+0000] {dag.py:3229} INFO - Sync 4 DAGs
[2024-09-09T11:11:34.130+0000] {logging_mixin.py:190} INFO - [2024-09-09T11:11:34.130+0000] {dag.py:4156} INFO - Setting next_dagrun for dataset_alias_example_alias_consumer to None, run_after=None
[2024-09-09T11:11:34.146+0000] {logging_mixin.py:190} INFO - [2024-09-09T11:11:34.145+0000] {dag.py:4156} INFO - Setting next_dagrun for dataset_alias_example_alias_producer to None, run_after=None
[2024-09-09T11:11:34.151+0000] {logging_mixin.py:190} INFO - [2024-09-09T11:11:34.150+0000] {dag.py:4156} INFO - Setting next_dagrun for dataset_s3_bucket_consumer to None, run_after=None
[2024-09-09T11:11:34.156+0000] {logging_mixin.py:190} INFO - [2024-09-09T11:11:34.155+0000] {dag.py:4156} INFO - Setting next_dagrun for dataset_s3_bucket_producer to None, run_after=None
[2024-09-09T11:11:34.227+0000] {processor.py:208} INFO - Processing /home/airflow/.local/lib/python3.12/site-packages/airflow/example_dags/example_dataset_alias.py took 1.395 seconds
[2024-09-09T11:12:04.430+0000] {processor.py:186} INFO - Started process (PID=462) to work on /home/airflow/.local/lib/python3.12/site-packages/airflow/example_dags/example_dataset_alias.py
[2024-09-09T11:12:04.435+0000] {processor.py:914} INFO - Processing file /home/airflow/.local/lib/python3.12/site-packages/airflow/example_dags/example_dataset_alias.py for tasks to queue
[2024-09-09T11:12:04.449+0000] {logging_mixin.py:190} INFO - [2024-09-09T11:12:04.447+0000] {dagbag.py:587} INFO - Filling up the DagBag from /home/airflow/.local/lib/python3.12/site-packages/airflow/example_dags/example_dataset_alias.py
[2024-09-09T11:12:05.488+0000] {processor.py:925} INFO - DAG(s) 'dataset_s3_bucket_consumer', 'dataset_s3_bucket_producer', 'dataset_alias_example_alias_consumer', 'dataset_alias_example_alias_producer' retrieved from /home/airflow/.local/lib/python3.12/site-packages/airflow/example_dags/example_dataset_alias.py
[2024-09-09T11:12:05.559+0000] {logging_mixin.py:190} INFO - [2024-09-09T11:12:05.558+0000] {dag.py:3229} INFO - Sync 4 DAGs
[2024-09-09T11:12:05.636+0000] {logging_mixin.py:190} INFO - [2024-09-09T11:12:05.635+0000] {dag.py:4156} INFO - Setting next_dagrun for dataset_alias_example_alias_consumer to None, run_after=None
[2024-09-09T11:12:05.645+0000] {logging_mixin.py:190} INFO - [2024-09-09T11:12:05.644+0000] {dag.py:4156} INFO - Setting next_dagrun for dataset_alias_example_alias_producer to None, run_after=None
[2024-09-09T11:12:05.651+0000] {logging_mixin.py:190} INFO - [2024-09-09T11:12:05.651+0000] {dag.py:4156} INFO - Setting next_dagrun for dataset_s3_bucket_consumer to None, run_after=None
[2024-09-09T11:12:05.656+0000] {logging_mixin.py:190} INFO - [2024-09-09T11:12:05.655+0000] {dag.py:4156} INFO - Setting next_dagrun for dataset_s3_bucket_producer to None, run_after=None
[2024-09-09T11:12:05.739+0000] {processor.py:208} INFO - Processing /home/airflow/.local/lib/python3.12/site-packages/airflow/example_dags/example_dataset_alias.py took 1.348 seconds
[2024-09-09T11:12:37.306+0000] {processor.py:186} INFO - Started process (PID=524) to work on /home/airflow/.local/lib/python3.12/site-packages/airflow/example_dags/example_dataset_alias.py
[2024-09-09T11:12:37.313+0000] {processor.py:914} INFO - Processing file /home/airflow/.local/lib/python3.12/site-packages/airflow/example_dags/example_dataset_alias.py for tasks to queue
[2024-09-09T11:12:37.321+0000] {logging_mixin.py:190} INFO - [2024-09-09T11:12:37.320+0000] {dagbag.py:587} INFO - Filling up the DagBag from /home/airflow/.local/lib/python3.12/site-packages/airflow/example_dags/example_dataset_alias.py
[2024-09-09T11:12:39.807+0000] {processor.py:925} INFO - DAG(s) 'dataset_s3_bucket_consumer', 'dataset_alias_example_alias_producer', 'dataset_s3_bucket_producer', 'dataset_alias_example_alias_consumer' retrieved from /home/airflow/.local/lib/python3.12/site-packages/airflow/example_dags/example_dataset_alias.py
[2024-09-09T11:12:39.911+0000] {logging_mixin.py:190} INFO - [2024-09-09T11:12:39.910+0000] {dag.py:3229} INFO - Sync 4 DAGs
[2024-09-09T11:12:40.130+0000] {logging_mixin.py:190} INFO - [2024-09-09T11:12:40.129+0000] {dag.py:4156} INFO - Setting next_dagrun for dataset_alias_example_alias_consumer to None, run_after=None
[2024-09-09T11:12:40.145+0000] {logging_mixin.py:190} INFO - [2024-09-09T11:12:40.144+0000] {dag.py:4156} INFO - Setting next_dagrun for dataset_alias_example_alias_producer to None, run_after=None
[2024-09-09T11:12:40.151+0000] {logging_mixin.py:190} INFO - [2024-09-09T11:12:40.150+0000] {dag.py:4156} INFO - Setting next_dagrun for dataset_s3_bucket_consumer to None, run_after=None
[2024-09-09T11:12:40.169+0000] {logging_mixin.py:190} INFO - [2024-09-09T11:12:40.169+0000] {dag.py:4156} INFO - Setting next_dagrun for dataset_s3_bucket_producer to None, run_after=None
[2024-09-09T11:12:40.316+0000] {processor.py:208} INFO - Processing /home/airflow/.local/lib/python3.12/site-packages/airflow/example_dags/example_dataset_alias.py took 3.044 seconds
[2024-09-09T11:13:28.463+0000] {processor.py:186} INFO - Started process (PID=586) to work on /home/airflow/.local/lib/python3.12/site-packages/airflow/example_dags/example_dataset_alias.py
[2024-09-09T11:13:28.466+0000] {processor.py:914} INFO - Processing file /home/airflow/.local/lib/python3.12/site-packages/airflow/example_dags/example_dataset_alias.py for tasks to queue
[2024-09-09T11:13:28.476+0000] {logging_mixin.py:190} INFO - [2024-09-09T11:13:28.474+0000] {dagbag.py:587} INFO - Filling up the DagBag from /home/airflow/.local/lib/python3.12/site-packages/airflow/example_dags/example_dataset_alias.py
[2024-09-09T11:13:31.310+0000] {processor.py:925} INFO - DAG(s) 'dataset_s3_bucket_consumer', 'dataset_alias_example_alias_consumer', 'dataset_alias_example_alias_producer', 'dataset_s3_bucket_producer' retrieved from /home/airflow/.local/lib/python3.12/site-packages/airflow/example_dags/example_dataset_alias.py
[2024-09-09T11:13:31.383+0000] {logging_mixin.py:190} INFO - [2024-09-09T11:13:31.382+0000] {dag.py:3229} INFO - Sync 4 DAGs
[2024-09-09T11:13:31.466+0000] {logging_mixin.py:190} INFO - [2024-09-09T11:13:31.465+0000] {dag.py:4156} INFO - Setting next_dagrun for dataset_alias_example_alias_consumer to None, run_after=None
[2024-09-09T11:13:31.478+0000] {logging_mixin.py:190} INFO - [2024-09-09T11:13:31.478+0000] {dag.py:4156} INFO - Setting next_dagrun for dataset_alias_example_alias_producer to None, run_after=None
[2024-09-09T11:13:31.483+0000] {logging_mixin.py:190} INFO - [2024-09-09T11:13:31.483+0000] {dag.py:4156} INFO - Setting next_dagrun for dataset_s3_bucket_consumer to None, run_after=None
[2024-09-09T11:13:31.489+0000] {logging_mixin.py:190} INFO - [2024-09-09T11:13:31.488+0000] {dag.py:4156} INFO - Setting next_dagrun for dataset_s3_bucket_producer to None, run_after=None
[2024-09-09T11:13:31.567+0000] {processor.py:208} INFO - Processing /home/airflow/.local/lib/python3.12/site-packages/airflow/example_dags/example_dataset_alias.py took 3.123 seconds
