[2024-09-09T11:00:58.277+0000] {processor.py:186} INFO - Started process (PID=120) to work on /home/airflow/.local/lib/python3.12/site-packages/airflow/example_dags/example_complex.py
[2024-09-09T11:00:58.279+0000] {processor.py:914} INFO - Processing file /home/airflow/.local/lib/python3.12/site-packages/airflow/example_dags/example_complex.py for tasks to queue
[2024-09-09T11:00:58.284+0000] {logging_mixin.py:190} INFO - [2024-09-09T11:00:58.283+0000] {dagbag.py:587} INFO - Filling up the DagBag from /home/airflow/.local/lib/python3.12/site-packages/airflow/example_dags/example_complex.py
[2024-09-09T11:00:58.309+0000] {processor.py:925} INFO - DAG(s) 'example_complex' retrieved from /home/airflow/.local/lib/python3.12/site-packages/airflow/example_dags/example_complex.py
[2024-09-09T11:00:58.564+0000] {logging_mixin.py:190} INFO - [2024-09-09T11:00:58.562+0000] {override.py:1900} INFO - Created Permission View: can delete on DAG:example_complex
[2024-09-09T11:00:58.587+0000] {logging_mixin.py:190} INFO - [2024-09-09T11:00:58.586+0000] {override.py:1900} INFO - Created Permission View: can edit on DAG:example_complex
[2024-09-09T11:00:58.602+0000] {logging_mixin.py:190} INFO - [2024-09-09T11:00:58.601+0000] {override.py:1900} INFO - Created Permission View: can read on DAG:example_complex
[2024-09-09T11:00:58.618+0000] {logging_mixin.py:190} INFO - [2024-09-09T11:00:58.618+0000] {override.py:1900} INFO - Created Permission View: can delete on DAG Run:example_complex
[2024-09-09T11:00:58.634+0000] {logging_mixin.py:190} INFO - [2024-09-09T11:00:58.633+0000] {override.py:1900} INFO - Created Permission View: can create on DAG Run:example_complex
[2024-09-09T11:00:58.651+0000] {logging_mixin.py:190} INFO - [2024-09-09T11:00:58.651+0000] {override.py:1900} INFO - Created Permission View: can read on DAG Run:example_complex
[2024-09-09T11:00:58.668+0000] {logging_mixin.py:190} INFO - [2024-09-09T11:00:58.667+0000] {override.py:1900} INFO - Created Permission View: menu access on DAG Run:example_complex
[2024-09-09T11:00:58.669+0000] {logging_mixin.py:190} INFO - [2024-09-09T11:00:58.669+0000] {dag.py:3229} INFO - Sync 1 DAGs
[2024-09-09T11:00:58.697+0000] {logging_mixin.py:190} INFO - [2024-09-09T11:00:58.697+0000] {dag.py:3252} INFO - Creating ORM DAG for example_complex
[2024-09-09T11:00:58.699+0000] {logging_mixin.py:190} INFO - [2024-09-09T11:00:58.699+0000] {dag.py:4156} INFO - Setting next_dagrun for example_complex to None, run_after=None
[2024-09-09T11:00:58.736+0000] {processor.py:208} INFO - Processing /home/airflow/.local/lib/python3.12/site-packages/airflow/example_dags/example_complex.py took 0.468 seconds
[2024-09-09T11:09:01.196+0000] {processor.py:186} INFO - Started process (PID=109) to work on /home/airflow/.local/lib/python3.12/site-packages/airflow/example_dags/example_complex.py
[2024-09-09T11:09:01.198+0000] {processor.py:914} INFO - Processing file /home/airflow/.local/lib/python3.12/site-packages/airflow/example_dags/example_complex.py for tasks to queue
[2024-09-09T11:09:01.202+0000] {logging_mixin.py:190} INFO - [2024-09-09T11:09:01.201+0000] {dagbag.py:587} INFO - Filling up the DagBag from /home/airflow/.local/lib/python3.12/site-packages/airflow/example_dags/example_complex.py
[2024-09-09T11:09:01.224+0000] {processor.py:925} INFO - DAG(s) 'example_complex' retrieved from /home/airflow/.local/lib/python3.12/site-packages/airflow/example_dags/example_complex.py
[2024-09-09T11:09:01.276+0000] {logging_mixin.py:190} INFO - [2024-09-09T11:09:01.276+0000] {dag.py:3229} INFO - Sync 1 DAGs
[2024-09-09T11:09:01.303+0000] {logging_mixin.py:190} INFO - [2024-09-09T11:09:01.303+0000] {dag.py:4156} INFO - Setting next_dagrun for example_complex to None, run_after=None
[2024-09-09T11:09:01.336+0000] {processor.py:208} INFO - Processing /home/airflow/.local/lib/python3.12/site-packages/airflow/example_dags/example_complex.py took 0.148 seconds
[2024-09-09T11:09:31.582+0000] {processor.py:186} INFO - Started process (PID=171) to work on /home/airflow/.local/lib/python3.12/site-packages/airflow/example_dags/example_complex.py
[2024-09-09T11:09:31.584+0000] {processor.py:914} INFO - Processing file /home/airflow/.local/lib/python3.12/site-packages/airflow/example_dags/example_complex.py for tasks to queue
[2024-09-09T11:09:31.591+0000] {logging_mixin.py:190} INFO - [2024-09-09T11:09:31.590+0000] {dagbag.py:587} INFO - Filling up the DagBag from /home/airflow/.local/lib/python3.12/site-packages/airflow/example_dags/example_complex.py
[2024-09-09T11:09:31.628+0000] {processor.py:925} INFO - DAG(s) 'example_complex' retrieved from /home/airflow/.local/lib/python3.12/site-packages/airflow/example_dags/example_complex.py
[2024-09-09T11:09:31.695+0000] {logging_mixin.py:190} INFO - [2024-09-09T11:09:31.694+0000] {dag.py:3229} INFO - Sync 1 DAGs
[2024-09-09T11:09:31.719+0000] {logging_mixin.py:190} INFO - [2024-09-09T11:09:31.719+0000] {dag.py:4156} INFO - Setting next_dagrun for example_complex to None, run_after=None
[2024-09-09T11:09:31.753+0000] {processor.py:208} INFO - Processing /home/airflow/.local/lib/python3.12/site-packages/airflow/example_dags/example_complex.py took 0.191 seconds
[2024-09-09T11:10:02.471+0000] {processor.py:186} INFO - Started process (PID=234) to work on /home/airflow/.local/lib/python3.12/site-packages/airflow/example_dags/example_complex.py
[2024-09-09T11:10:02.473+0000] {processor.py:914} INFO - Processing file /home/airflow/.local/lib/python3.12/site-packages/airflow/example_dags/example_complex.py for tasks to queue
[2024-09-09T11:10:02.477+0000] {logging_mixin.py:190} INFO - [2024-09-09T11:10:02.476+0000] {dagbag.py:587} INFO - Filling up the DagBag from /home/airflow/.local/lib/python3.12/site-packages/airflow/example_dags/example_complex.py
[2024-09-09T11:10:02.497+0000] {processor.py:925} INFO - DAG(s) 'example_complex' retrieved from /home/airflow/.local/lib/python3.12/site-packages/airflow/example_dags/example_complex.py
[2024-09-09T11:10:02.559+0000] {logging_mixin.py:190} INFO - [2024-09-09T11:10:02.558+0000] {dag.py:3229} INFO - Sync 1 DAGs
[2024-09-09T11:10:02.586+0000] {logging_mixin.py:190} INFO - [2024-09-09T11:10:02.586+0000] {dag.py:4156} INFO - Setting next_dagrun for example_complex to None, run_after=None
[2024-09-09T11:10:02.627+0000] {processor.py:208} INFO - Processing /home/airflow/.local/lib/python3.12/site-packages/airflow/example_dags/example_complex.py took 0.163 seconds
[2024-09-09T11:10:33.236+0000] {processor.py:186} INFO - Started process (PID=295) to work on /home/airflow/.local/lib/python3.12/site-packages/airflow/example_dags/example_complex.py
[2024-09-09T11:10:33.237+0000] {processor.py:914} INFO - Processing file /home/airflow/.local/lib/python3.12/site-packages/airflow/example_dags/example_complex.py for tasks to queue
[2024-09-09T11:10:33.243+0000] {logging_mixin.py:190} INFO - [2024-09-09T11:10:33.242+0000] {dagbag.py:587} INFO - Filling up the DagBag from /home/airflow/.local/lib/python3.12/site-packages/airflow/example_dags/example_complex.py
[2024-09-09T11:10:33.276+0000] {processor.py:925} INFO - DAG(s) 'example_complex' retrieved from /home/airflow/.local/lib/python3.12/site-packages/airflow/example_dags/example_complex.py
[2024-09-09T11:10:33.344+0000] {logging_mixin.py:190} INFO - [2024-09-09T11:10:33.344+0000] {dag.py:3229} INFO - Sync 1 DAGs
[2024-09-09T11:10:33.374+0000] {logging_mixin.py:190} INFO - [2024-09-09T11:10:33.374+0000] {dag.py:4156} INFO - Setting next_dagrun for example_complex to None, run_after=None
[2024-09-09T11:10:33.411+0000] {processor.py:208} INFO - Processing /home/airflow/.local/lib/python3.12/site-packages/airflow/example_dags/example_complex.py took 0.183 seconds
[2024-09-09T11:11:05.458+0000] {processor.py:186} INFO - Started process (PID=358) to work on /home/airflow/.local/lib/python3.12/site-packages/airflow/example_dags/example_complex.py
[2024-09-09T11:11:05.460+0000] {processor.py:914} INFO - Processing file /home/airflow/.local/lib/python3.12/site-packages/airflow/example_dags/example_complex.py for tasks to queue
[2024-09-09T11:11:05.466+0000] {logging_mixin.py:190} INFO - [2024-09-09T11:11:05.465+0000] {dagbag.py:587} INFO - Filling up the DagBag from /home/airflow/.local/lib/python3.12/site-packages/airflow/example_dags/example_complex.py
[2024-09-09T11:11:05.495+0000] {processor.py:925} INFO - DAG(s) 'example_complex' retrieved from /home/airflow/.local/lib/python3.12/site-packages/airflow/example_dags/example_complex.py
[2024-09-09T11:11:05.609+0000] {logging_mixin.py:190} INFO - [2024-09-09T11:11:05.609+0000] {dag.py:3229} INFO - Sync 1 DAGs
[2024-09-09T11:11:05.649+0000] {logging_mixin.py:190} INFO - [2024-09-09T11:11:05.649+0000] {dag.py:4156} INFO - Setting next_dagrun for example_complex to None, run_after=None
[2024-09-09T11:11:05.696+0000] {processor.py:208} INFO - Processing /home/airflow/.local/lib/python3.12/site-packages/airflow/example_dags/example_complex.py took 0.258 seconds
[2024-09-09T11:11:37.450+0000] {processor.py:186} INFO - Started process (PID=420) to work on /home/airflow/.local/lib/python3.12/site-packages/airflow/example_dags/example_complex.py
[2024-09-09T11:11:37.453+0000] {processor.py:914} INFO - Processing file /home/airflow/.local/lib/python3.12/site-packages/airflow/example_dags/example_complex.py for tasks to queue
[2024-09-09T11:11:37.459+0000] {logging_mixin.py:190} INFO - [2024-09-09T11:11:37.458+0000] {dagbag.py:587} INFO - Filling up the DagBag from /home/airflow/.local/lib/python3.12/site-packages/airflow/example_dags/example_complex.py
[2024-09-09T11:11:37.495+0000] {processor.py:925} INFO - DAG(s) 'example_complex' retrieved from /home/airflow/.local/lib/python3.12/site-packages/airflow/example_dags/example_complex.py
[2024-09-09T11:11:37.587+0000] {logging_mixin.py:190} INFO - [2024-09-09T11:11:37.587+0000] {dag.py:3229} INFO - Sync 1 DAGs
[2024-09-09T11:11:37.622+0000] {logging_mixin.py:190} INFO - [2024-09-09T11:11:37.622+0000] {dag.py:4156} INFO - Setting next_dagrun for example_complex to None, run_after=None
[2024-09-09T11:11:37.669+0000] {processor.py:208} INFO - Processing /home/airflow/.local/lib/python3.12/site-packages/airflow/example_dags/example_complex.py took 0.232 seconds
[2024-09-09T11:12:09.968+0000] {processor.py:186} INFO - Started process (PID=482) to work on /home/airflow/.local/lib/python3.12/site-packages/airflow/example_dags/example_complex.py
[2024-09-09T11:12:09.969+0000] {processor.py:914} INFO - Processing file /home/airflow/.local/lib/python3.12/site-packages/airflow/example_dags/example_complex.py for tasks to queue
[2024-09-09T11:12:09.975+0000] {logging_mixin.py:190} INFO - [2024-09-09T11:12:09.974+0000] {dagbag.py:587} INFO - Filling up the DagBag from /home/airflow/.local/lib/python3.12/site-packages/airflow/example_dags/example_complex.py
[2024-09-09T11:12:10.003+0000] {processor.py:925} INFO - DAG(s) 'example_complex' retrieved from /home/airflow/.local/lib/python3.12/site-packages/airflow/example_dags/example_complex.py
[2024-09-09T11:12:10.069+0000] {logging_mixin.py:190} INFO - [2024-09-09T11:12:10.069+0000] {dag.py:3229} INFO - Sync 1 DAGs
[2024-09-09T11:12:10.100+0000] {logging_mixin.py:190} INFO - [2024-09-09T11:12:10.100+0000] {dag.py:4156} INFO - Setting next_dagrun for example_complex to None, run_after=None
[2024-09-09T11:12:10.140+0000] {processor.py:208} INFO - Processing /home/airflow/.local/lib/python3.12/site-packages/airflow/example_dags/example_complex.py took 0.181 seconds
[2024-09-09T11:13:20.831+0000] {processor.py:186} INFO - Started process (PID=551) to work on /home/airflow/.local/lib/python3.12/site-packages/airflow/example_dags/example_complex.py
[2024-09-09T11:13:20.834+0000] {processor.py:914} INFO - Processing file /home/airflow/.local/lib/python3.12/site-packages/airflow/example_dags/example_complex.py for tasks to queue
[2024-09-09T11:13:20.840+0000] {logging_mixin.py:190} INFO - [2024-09-09T11:13:20.839+0000] {dagbag.py:587} INFO - Filling up the DagBag from /home/airflow/.local/lib/python3.12/site-packages/airflow/example_dags/example_complex.py
[2024-09-09T11:13:20.875+0000] {processor.py:925} INFO - DAG(s) 'example_complex' retrieved from /home/airflow/.local/lib/python3.12/site-packages/airflow/example_dags/example_complex.py
[2024-09-09T11:13:20.950+0000] {logging_mixin.py:190} INFO - [2024-09-09T11:13:20.949+0000] {dag.py:3229} INFO - Sync 1 DAGs
[2024-09-09T11:13:21.000+0000] {logging_mixin.py:190} INFO - [2024-09-09T11:13:21.000+0000] {dag.py:4156} INFO - Setting next_dagrun for example_complex to None, run_after=None
[2024-09-09T11:13:21.062+0000] {processor.py:208} INFO - Processing /home/airflow/.local/lib/python3.12/site-packages/airflow/example_dags/example_complex.py took 0.244 seconds
