[2024-09-09T11:00:45.312+0000] {processor.py:186} INFO - Started process (PID=82) to work on /home/airflow/.local/lib/python3.12/site-packages/airflow/example_dags/example_sensors.py
[2024-09-09T11:00:45.314+0000] {processor.py:914} INFO - Processing file /home/airflow/.local/lib/python3.12/site-packages/airflow/example_dags/example_sensors.py for tasks to queue
[2024-09-09T11:00:45.320+0000] {logging_mixin.py:190} INFO - [2024-09-09T11:00:45.319+0000] {dagbag.py:587} INFO - Filling up the DagBag from /home/airflow/.local/lib/python3.12/site-packages/airflow/example_dags/example_sensors.py
[2024-09-09T11:00:45.358+0000] {processor.py:925} INFO - DAG(s) 'example_sensors' retrieved from /home/airflow/.local/lib/python3.12/site-packages/airflow/example_dags/example_sensors.py
[2024-09-09T11:00:45.644+0000] {logging_mixin.py:190} INFO - [2024-09-09T11:00:45.643+0000] {override.py:1900} INFO - Created Permission View: can delete on DAG:example_sensors
[2024-09-09T11:00:45.678+0000] {logging_mixin.py:190} INFO - [2024-09-09T11:00:45.677+0000] {override.py:1900} INFO - Created Permission View: can edit on DAG:example_sensors
[2024-09-09T11:00:45.693+0000] {logging_mixin.py:190} INFO - [2024-09-09T11:00:45.693+0000] {override.py:1900} INFO - Created Permission View: can read on DAG:example_sensors
[2024-09-09T11:00:45.711+0000] {logging_mixin.py:190} INFO - [2024-09-09T11:00:45.711+0000] {override.py:1900} INFO - Created Permission View: can delete on DAG Run:example_sensors
[2024-09-09T11:00:45.726+0000] {logging_mixin.py:190} INFO - [2024-09-09T11:00:45.725+0000] {override.py:1900} INFO - Created Permission View: can create on DAG Run:example_sensors
[2024-09-09T11:00:45.744+0000] {logging_mixin.py:190} INFO - [2024-09-09T11:00:45.743+0000] {override.py:1900} INFO - Created Permission View: can read on DAG Run:example_sensors
[2024-09-09T11:00:45.760+0000] {logging_mixin.py:190} INFO - [2024-09-09T11:00:45.759+0000] {override.py:1900} INFO - Created Permission View: menu access on DAG Run:example_sensors
[2024-09-09T11:00:45.762+0000] {logging_mixin.py:190} INFO - [2024-09-09T11:00:45.761+0000] {dag.py:3229} INFO - Sync 1 DAGs
[2024-09-09T11:00:45.788+0000] {logging_mixin.py:190} INFO - [2024-09-09T11:00:45.787+0000] {dag.py:3252} INFO - Creating ORM DAG for example_sensors
[2024-09-09T11:00:45.790+0000] {logging_mixin.py:190} INFO - [2024-09-09T11:00:45.790+0000] {dag.py:4156} INFO - Setting next_dagrun for example_sensors to None, run_after=None
[2024-09-09T11:00:45.823+0000] {processor.py:208} INFO - Processing /home/airflow/.local/lib/python3.12/site-packages/airflow/example_dags/example_sensors.py took 0.522 seconds
[2024-09-09T11:08:56.265+0000] {processor.py:186} INFO - Started process (PID=77) to work on /home/airflow/.local/lib/python3.12/site-packages/airflow/example_dags/example_sensors.py
[2024-09-09T11:08:56.268+0000] {processor.py:914} INFO - Processing file /home/airflow/.local/lib/python3.12/site-packages/airflow/example_dags/example_sensors.py for tasks to queue
[2024-09-09T11:08:56.273+0000] {logging_mixin.py:190} INFO - [2024-09-09T11:08:56.272+0000] {dagbag.py:587} INFO - Filling up the DagBag from /home/airflow/.local/lib/python3.12/site-packages/airflow/example_dags/example_sensors.py
[2024-09-09T11:08:56.299+0000] {processor.py:925} INFO - DAG(s) 'example_sensors' retrieved from /home/airflow/.local/lib/python3.12/site-packages/airflow/example_dags/example_sensors.py
[2024-09-09T11:08:56.376+0000] {logging_mixin.py:190} INFO - [2024-09-09T11:08:56.376+0000] {dag.py:3229} INFO - Sync 1 DAGs
[2024-09-09T11:08:56.416+0000] {logging_mixin.py:190} INFO - [2024-09-09T11:08:56.415+0000] {dag.py:4156} INFO - Setting next_dagrun for example_sensors to None, run_after=None
[2024-09-09T11:08:56.455+0000] {processor.py:208} INFO - Processing /home/airflow/.local/lib/python3.12/site-packages/airflow/example_dags/example_sensors.py took 0.202 seconds
[2024-09-09T11:09:27.119+0000] {processor.py:186} INFO - Started process (PID=139) to work on /home/airflow/.local/lib/python3.12/site-packages/airflow/example_dags/example_sensors.py
[2024-09-09T11:09:27.120+0000] {processor.py:914} INFO - Processing file /home/airflow/.local/lib/python3.12/site-packages/airflow/example_dags/example_sensors.py for tasks to queue
[2024-09-09T11:09:27.124+0000] {logging_mixin.py:190} INFO - [2024-09-09T11:09:27.123+0000] {dagbag.py:587} INFO - Filling up the DagBag from /home/airflow/.local/lib/python3.12/site-packages/airflow/example_dags/example_sensors.py
[2024-09-09T11:09:27.146+0000] {processor.py:925} INFO - DAG(s) 'example_sensors' retrieved from /home/airflow/.local/lib/python3.12/site-packages/airflow/example_dags/example_sensors.py
[2024-09-09T11:09:27.187+0000] {logging_mixin.py:190} INFO - [2024-09-09T11:09:27.187+0000] {dag.py:3229} INFO - Sync 1 DAGs
[2024-09-09T11:09:27.215+0000] {logging_mixin.py:190} INFO - [2024-09-09T11:09:27.214+0000] {dag.py:4156} INFO - Setting next_dagrun for example_sensors to None, run_after=None
[2024-09-09T11:09:27.249+0000] {processor.py:208} INFO - Processing /home/airflow/.local/lib/python3.12/site-packages/airflow/example_dags/example_sensors.py took 0.138 seconds
[2024-09-09T11:09:57.840+0000] {processor.py:186} INFO - Started process (PID=202) to work on /home/airflow/.local/lib/python3.12/site-packages/airflow/example_dags/example_sensors.py
[2024-09-09T11:09:57.842+0000] {processor.py:914} INFO - Processing file /home/airflow/.local/lib/python3.12/site-packages/airflow/example_dags/example_sensors.py for tasks to queue
[2024-09-09T11:09:57.847+0000] {logging_mixin.py:190} INFO - [2024-09-09T11:09:57.846+0000] {dagbag.py:587} INFO - Filling up the DagBag from /home/airflow/.local/lib/python3.12/site-packages/airflow/example_dags/example_sensors.py
[2024-09-09T11:09:57.871+0000] {processor.py:925} INFO - DAG(s) 'example_sensors' retrieved from /home/airflow/.local/lib/python3.12/site-packages/airflow/example_dags/example_sensors.py
[2024-09-09T11:09:57.927+0000] {logging_mixin.py:190} INFO - [2024-09-09T11:09:57.926+0000] {dag.py:3229} INFO - Sync 1 DAGs
[2024-09-09T11:09:57.961+0000] {logging_mixin.py:190} INFO - [2024-09-09T11:09:57.960+0000] {dag.py:4156} INFO - Setting next_dagrun for example_sensors to None, run_after=None
[2024-09-09T11:09:57.999+0000] {processor.py:208} INFO - Processing /home/airflow/.local/lib/python3.12/site-packages/airflow/example_dags/example_sensors.py took 0.169 seconds
[2024-09-09T11:10:28.443+0000] {processor.py:186} INFO - Started process (PID=264) to work on /home/airflow/.local/lib/python3.12/site-packages/airflow/example_dags/example_sensors.py
[2024-09-09T11:10:28.444+0000] {processor.py:914} INFO - Processing file /home/airflow/.local/lib/python3.12/site-packages/airflow/example_dags/example_sensors.py for tasks to queue
[2024-09-09T11:10:28.448+0000] {logging_mixin.py:190} INFO - [2024-09-09T11:10:28.448+0000] {dagbag.py:587} INFO - Filling up the DagBag from /home/airflow/.local/lib/python3.12/site-packages/airflow/example_dags/example_sensors.py
[2024-09-09T11:10:28.468+0000] {processor.py:925} INFO - DAG(s) 'example_sensors' retrieved from /home/airflow/.local/lib/python3.12/site-packages/airflow/example_dags/example_sensors.py
[2024-09-09T11:10:28.519+0000] {logging_mixin.py:190} INFO - [2024-09-09T11:10:28.519+0000] {dag.py:3229} INFO - Sync 1 DAGs
[2024-09-09T11:10:28.548+0000] {logging_mixin.py:190} INFO - [2024-09-09T11:10:28.548+0000] {dag.py:4156} INFO - Setting next_dagrun for example_sensors to None, run_after=None
[2024-09-09T11:10:28.588+0000] {processor.py:208} INFO - Processing /home/airflow/.local/lib/python3.12/site-packages/airflow/example_dags/example_sensors.py took 0.155 seconds
[2024-09-09T11:11:00.039+0000] {processor.py:186} INFO - Started process (PID=327) to work on /home/airflow/.local/lib/python3.12/site-packages/airflow/example_dags/example_sensors.py
[2024-09-09T11:11:00.041+0000] {processor.py:914} INFO - Processing file /home/airflow/.local/lib/python3.12/site-packages/airflow/example_dags/example_sensors.py for tasks to queue
[2024-09-09T11:11:00.045+0000] {logging_mixin.py:190} INFO - [2024-09-09T11:11:00.044+0000] {dagbag.py:587} INFO - Filling up the DagBag from /home/airflow/.local/lib/python3.12/site-packages/airflow/example_dags/example_sensors.py
[2024-09-09T11:11:00.067+0000] {processor.py:925} INFO - DAG(s) 'example_sensors' retrieved from /home/airflow/.local/lib/python3.12/site-packages/airflow/example_dags/example_sensors.py
[2024-09-09T11:11:00.122+0000] {logging_mixin.py:190} INFO - [2024-09-09T11:11:00.122+0000] {dag.py:3229} INFO - Sync 1 DAGs
[2024-09-09T11:11:00.155+0000] {logging_mixin.py:190} INFO - [2024-09-09T11:11:00.155+0000] {dag.py:4156} INFO - Setting next_dagrun for example_sensors to None, run_after=None
[2024-09-09T11:11:00.204+0000] {processor.py:208} INFO - Processing /home/airflow/.local/lib/python3.12/site-packages/airflow/example_dags/example_sensors.py took 0.177 seconds
[2024-09-09T11:11:30.393+0000] {processor.py:186} INFO - Started process (PID=389) to work on /home/airflow/.local/lib/python3.12/site-packages/airflow/example_dags/example_sensors.py
[2024-09-09T11:11:30.395+0000] {processor.py:914} INFO - Processing file /home/airflow/.local/lib/python3.12/site-packages/airflow/example_dags/example_sensors.py for tasks to queue
[2024-09-09T11:11:30.399+0000] {logging_mixin.py:190} INFO - [2024-09-09T11:11:30.399+0000] {dagbag.py:587} INFO - Filling up the DagBag from /home/airflow/.local/lib/python3.12/site-packages/airflow/example_dags/example_sensors.py
[2024-09-09T11:11:30.421+0000] {processor.py:925} INFO - DAG(s) 'example_sensors' retrieved from /home/airflow/.local/lib/python3.12/site-packages/airflow/example_dags/example_sensors.py
[2024-09-09T11:11:30.474+0000] {logging_mixin.py:190} INFO - [2024-09-09T11:11:30.473+0000] {dag.py:3229} INFO - Sync 1 DAGs
[2024-09-09T11:11:30.500+0000] {logging_mixin.py:190} INFO - [2024-09-09T11:11:30.500+0000] {dag.py:4156} INFO - Setting next_dagrun for example_sensors to None, run_after=None
[2024-09-09T11:11:30.540+0000] {processor.py:208} INFO - Processing /home/airflow/.local/lib/python3.12/site-packages/airflow/example_dags/example_sensors.py took 0.156 seconds
[2024-09-09T11:12:01.266+0000] {processor.py:186} INFO - Started process (PID=451) to work on /home/airflow/.local/lib/python3.12/site-packages/airflow/example_dags/example_sensors.py
[2024-09-09T11:12:01.268+0000] {processor.py:914} INFO - Processing file /home/airflow/.local/lib/python3.12/site-packages/airflow/example_dags/example_sensors.py for tasks to queue
[2024-09-09T11:12:01.274+0000] {logging_mixin.py:190} INFO - [2024-09-09T11:12:01.273+0000] {dagbag.py:587} INFO - Filling up the DagBag from /home/airflow/.local/lib/python3.12/site-packages/airflow/example_dags/example_sensors.py
[2024-09-09T11:12:01.305+0000] {processor.py:925} INFO - DAG(s) 'example_sensors' retrieved from /home/airflow/.local/lib/python3.12/site-packages/airflow/example_dags/example_sensors.py
[2024-09-09T11:12:01.400+0000] {logging_mixin.py:190} INFO - [2024-09-09T11:12:01.399+0000] {dag.py:3229} INFO - Sync 1 DAGs
[2024-09-09T11:12:01.447+0000] {logging_mixin.py:190} INFO - [2024-09-09T11:12:01.446+0000] {dag.py:4156} INFO - Setting next_dagrun for example_sensors to None, run_after=None
[2024-09-09T11:12:01.511+0000] {processor.py:208} INFO - Processing /home/airflow/.local/lib/python3.12/site-packages/airflow/example_dags/example_sensors.py took 0.257 seconds
[2024-09-09T11:12:33.799+0000] {processor.py:186} INFO - Started process (PID=513) to work on /home/airflow/.local/lib/python3.12/site-packages/airflow/example_dags/example_sensors.py
[2024-09-09T11:12:33.803+0000] {processor.py:914} INFO - Processing file /home/airflow/.local/lib/python3.12/site-packages/airflow/example_dags/example_sensors.py for tasks to queue
[2024-09-09T11:12:33.811+0000] {logging_mixin.py:190} INFO - [2024-09-09T11:12:33.810+0000] {dagbag.py:587} INFO - Filling up the DagBag from /home/airflow/.local/lib/python3.12/site-packages/airflow/example_dags/example_sensors.py
[2024-09-09T11:12:33.861+0000] {processor.py:925} INFO - DAG(s) 'example_sensors' retrieved from /home/airflow/.local/lib/python3.12/site-packages/airflow/example_dags/example_sensors.py
[2024-09-09T11:12:33.940+0000] {logging_mixin.py:190} INFO - [2024-09-09T11:12:33.939+0000] {dag.py:3229} INFO - Sync 1 DAGs
[2024-09-09T11:12:33.980+0000] {logging_mixin.py:190} INFO - [2024-09-09T11:12:33.979+0000] {dag.py:4156} INFO - Setting next_dagrun for example_sensors to None, run_after=None
[2024-09-09T11:12:34.046+0000] {processor.py:208} INFO - Processing /home/airflow/.local/lib/python3.12/site-packages/airflow/example_dags/example_sensors.py took 0.266 seconds
[2024-09-09T11:13:26.199+0000] {processor.py:186} INFO - Started process (PID=575) to work on /home/airflow/.local/lib/python3.12/site-packages/airflow/example_dags/example_sensors.py
[2024-09-09T11:13:26.201+0000] {processor.py:914} INFO - Processing file /home/airflow/.local/lib/python3.12/site-packages/airflow/example_dags/example_sensors.py for tasks to queue
[2024-09-09T11:13:26.206+0000] {logging_mixin.py:190} INFO - [2024-09-09T11:13:26.205+0000] {dagbag.py:587} INFO - Filling up the DagBag from /home/airflow/.local/lib/python3.12/site-packages/airflow/example_dags/example_sensors.py
[2024-09-09T11:13:26.240+0000] {processor.py:925} INFO - DAG(s) 'example_sensors' retrieved from /home/airflow/.local/lib/python3.12/site-packages/airflow/example_dags/example_sensors.py
[2024-09-09T11:13:26.336+0000] {logging_mixin.py:190} INFO - [2024-09-09T11:13:26.336+0000] {dag.py:3229} INFO - Sync 1 DAGs
[2024-09-09T11:13:26.410+0000] {logging_mixin.py:190} INFO - [2024-09-09T11:13:26.410+0000] {dag.py:4156} INFO - Setting next_dagrun for example_sensors to None, run_after=None
[2024-09-09T11:13:26.483+0000] {processor.py:208} INFO - Processing /home/airflow/.local/lib/python3.12/site-packages/airflow/example_dags/example_sensors.py took 0.300 seconds
