[2024-09-09T11:00:48.093+0000] {processor.py:186} INFO - Started process (PID=91) to work on /home/airflow/.local/lib/python3.12/site-packages/airflow/example_dags/example_task_group_decorator.py
[2024-09-09T11:00:48.095+0000] {processor.py:914} INFO - Processing file /home/airflow/.local/lib/python3.12/site-packages/airflow/example_dags/example_task_group_decorator.py for tasks to queue
[2024-09-09T11:00:48.099+0000] {logging_mixin.py:190} INFO - [2024-09-09T11:00:48.099+0000] {dagbag.py:587} INFO - Filling up the DagBag from /home/airflow/.local/lib/python3.12/site-packages/airflow/example_dags/example_task_group_decorator.py
[2024-09-09T11:00:48.140+0000] {processor.py:925} INFO - DAG(s) 'example_task_group_decorator' retrieved from /home/airflow/.local/lib/python3.12/site-packages/airflow/example_dags/example_task_group_decorator.py
[2024-09-09T11:00:48.378+0000] {logging_mixin.py:190} INFO - [2024-09-09T11:00:48.377+0000] {override.py:1900} INFO - Created Permission View: can delete on DAG:example_task_group_decorator
[2024-09-09T11:00:48.401+0000] {logging_mixin.py:190} INFO - [2024-09-09T11:00:48.401+0000] {override.py:1900} INFO - Created Permission View: can edit on DAG:example_task_group_decorator
[2024-09-09T11:00:48.415+0000] {logging_mixin.py:190} INFO - [2024-09-09T11:00:48.415+0000] {override.py:1900} INFO - Created Permission View: can read on DAG:example_task_group_decorator
[2024-09-09T11:00:48.433+0000] {logging_mixin.py:190} INFO - [2024-09-09T11:00:48.433+0000] {override.py:1900} INFO - Created Permission View: can delete on DAG Run:example_task_group_decorator
[2024-09-09T11:00:48.449+0000] {logging_mixin.py:190} INFO - [2024-09-09T11:00:48.448+0000] {override.py:1900} INFO - Created Permission View: can create on DAG Run:example_task_group_decorator
[2024-09-09T11:00:48.463+0000] {logging_mixin.py:190} INFO - [2024-09-09T11:00:48.463+0000] {override.py:1900} INFO - Created Permission View: can read on DAG Run:example_task_group_decorator
[2024-09-09T11:00:48.479+0000] {logging_mixin.py:190} INFO - [2024-09-09T11:00:48.478+0000] {override.py:1900} INFO - Created Permission View: menu access on DAG Run:example_task_group_decorator
[2024-09-09T11:00:48.480+0000] {logging_mixin.py:190} INFO - [2024-09-09T11:00:48.480+0000] {dag.py:3229} INFO - Sync 1 DAGs
[2024-09-09T11:00:48.508+0000] {logging_mixin.py:190} INFO - [2024-09-09T11:00:48.507+0000] {dag.py:3252} INFO - Creating ORM DAG for example_task_group_decorator
[2024-09-09T11:00:48.510+0000] {logging_mixin.py:190} INFO - [2024-09-09T11:00:48.509+0000] {dag.py:4156} INFO - Setting next_dagrun for example_task_group_decorator to None, run_after=None
[2024-09-09T11:00:48.542+0000] {processor.py:208} INFO - Processing /home/airflow/.local/lib/python3.12/site-packages/airflow/example_dags/example_task_group_decorator.py took 0.458 seconds
[2024-09-09T11:08:57.670+0000] {processor.py:186} INFO - Started process (PID=86) to work on /home/airflow/.local/lib/python3.12/site-packages/airflow/example_dags/example_task_group_decorator.py
[2024-09-09T11:08:57.672+0000] {processor.py:914} INFO - Processing file /home/airflow/.local/lib/python3.12/site-packages/airflow/example_dags/example_task_group_decorator.py for tasks to queue
[2024-09-09T11:08:57.677+0000] {logging_mixin.py:190} INFO - [2024-09-09T11:08:57.676+0000] {dagbag.py:587} INFO - Filling up the DagBag from /home/airflow/.local/lib/python3.12/site-packages/airflow/example_dags/example_task_group_decorator.py
[2024-09-09T11:08:57.707+0000] {processor.py:925} INFO - DAG(s) 'example_task_group_decorator' retrieved from /home/airflow/.local/lib/python3.12/site-packages/airflow/example_dags/example_task_group_decorator.py
[2024-09-09T11:08:57.767+0000] {logging_mixin.py:190} INFO - [2024-09-09T11:08:57.766+0000] {dag.py:3229} INFO - Sync 1 DAGs
[2024-09-09T11:08:57.801+0000] {logging_mixin.py:190} INFO - [2024-09-09T11:08:57.801+0000] {dag.py:4156} INFO - Setting next_dagrun for example_task_group_decorator to None, run_after=None
[2024-09-09T11:08:57.848+0000] {processor.py:208} INFO - Processing /home/airflow/.local/lib/python3.12/site-packages/airflow/example_dags/example_task_group_decorator.py took 0.191 seconds
[2024-09-09T11:09:28.457+0000] {processor.py:186} INFO - Started process (PID=148) to work on /home/airflow/.local/lib/python3.12/site-packages/airflow/example_dags/example_task_group_decorator.py
[2024-09-09T11:09:28.459+0000] {processor.py:914} INFO - Processing file /home/airflow/.local/lib/python3.12/site-packages/airflow/example_dags/example_task_group_decorator.py for tasks to queue
[2024-09-09T11:09:28.464+0000] {logging_mixin.py:190} INFO - [2024-09-09T11:09:28.463+0000] {dagbag.py:587} INFO - Filling up the DagBag from /home/airflow/.local/lib/python3.12/site-packages/airflow/example_dags/example_task_group_decorator.py
[2024-09-09T11:09:28.499+0000] {processor.py:925} INFO - DAG(s) 'example_task_group_decorator' retrieved from /home/airflow/.local/lib/python3.12/site-packages/airflow/example_dags/example_task_group_decorator.py
[2024-09-09T11:09:28.542+0000] {logging_mixin.py:190} INFO - [2024-09-09T11:09:28.542+0000] {dag.py:3229} INFO - Sync 1 DAGs
[2024-09-09T11:09:28.568+0000] {logging_mixin.py:190} INFO - [2024-09-09T11:09:28.567+0000] {dag.py:4156} INFO - Setting next_dagrun for example_task_group_decorator to None, run_after=None
[2024-09-09T11:09:28.603+0000] {processor.py:208} INFO - Processing /home/airflow/.local/lib/python3.12/site-packages/airflow/example_dags/example_task_group_decorator.py took 0.155 seconds
[2024-09-09T11:09:59.010+0000] {processor.py:186} INFO - Started process (PID=211) to work on /home/airflow/.local/lib/python3.12/site-packages/airflow/example_dags/example_task_group_decorator.py
[2024-09-09T11:09:59.012+0000] {processor.py:914} INFO - Processing file /home/airflow/.local/lib/python3.12/site-packages/airflow/example_dags/example_task_group_decorator.py for tasks to queue
[2024-09-09T11:09:59.016+0000] {logging_mixin.py:190} INFO - [2024-09-09T11:09:59.016+0000] {dagbag.py:587} INFO - Filling up the DagBag from /home/airflow/.local/lib/python3.12/site-packages/airflow/example_dags/example_task_group_decorator.py
[2024-09-09T11:09:59.048+0000] {processor.py:925} INFO - DAG(s) 'example_task_group_decorator' retrieved from /home/airflow/.local/lib/python3.12/site-packages/airflow/example_dags/example_task_group_decorator.py
[2024-09-09T11:09:59.096+0000] {logging_mixin.py:190} INFO - [2024-09-09T11:09:59.095+0000] {dag.py:3229} INFO - Sync 1 DAGs
[2024-09-09T11:09:59.126+0000] {logging_mixin.py:190} INFO - [2024-09-09T11:09:59.125+0000] {dag.py:4156} INFO - Setting next_dagrun for example_task_group_decorator to None, run_after=None
[2024-09-09T11:09:59.169+0000] {processor.py:208} INFO - Processing /home/airflow/.local/lib/python3.12/site-packages/airflow/example_dags/example_task_group_decorator.py took 0.167 seconds
[2024-09-09T11:10:29.503+0000] {processor.py:186} INFO - Started process (PID=273) to work on /home/airflow/.local/lib/python3.12/site-packages/airflow/example_dags/example_task_group_decorator.py
[2024-09-09T11:10:29.504+0000] {processor.py:914} INFO - Processing file /home/airflow/.local/lib/python3.12/site-packages/airflow/example_dags/example_task_group_decorator.py for tasks to queue
[2024-09-09T11:10:29.508+0000] {logging_mixin.py:190} INFO - [2024-09-09T11:10:29.507+0000] {dagbag.py:587} INFO - Filling up the DagBag from /home/airflow/.local/lib/python3.12/site-packages/airflow/example_dags/example_task_group_decorator.py
[2024-09-09T11:10:29.534+0000] {processor.py:925} INFO - DAG(s) 'example_task_group_decorator' retrieved from /home/airflow/.local/lib/python3.12/site-packages/airflow/example_dags/example_task_group_decorator.py
[2024-09-09T11:10:29.579+0000] {logging_mixin.py:190} INFO - [2024-09-09T11:10:29.578+0000] {dag.py:3229} INFO - Sync 1 DAGs
[2024-09-09T11:10:29.602+0000] {logging_mixin.py:190} INFO - [2024-09-09T11:10:29.602+0000] {dag.py:4156} INFO - Setting next_dagrun for example_task_group_decorator to None, run_after=None
[2024-09-09T11:10:29.636+0000] {processor.py:208} INFO - Processing /home/airflow/.local/lib/python3.12/site-packages/airflow/example_dags/example_task_group_decorator.py took 0.142 seconds
[2024-09-09T11:11:01.470+0000] {processor.py:186} INFO - Started process (PID=336) to work on /home/airflow/.local/lib/python3.12/site-packages/airflow/example_dags/example_task_group_decorator.py
[2024-09-09T11:11:01.473+0000] {processor.py:914} INFO - Processing file /home/airflow/.local/lib/python3.12/site-packages/airflow/example_dags/example_task_group_decorator.py for tasks to queue
[2024-09-09T11:11:01.478+0000] {logging_mixin.py:190} INFO - [2024-09-09T11:11:01.478+0000] {dagbag.py:587} INFO - Filling up the DagBag from /home/airflow/.local/lib/python3.12/site-packages/airflow/example_dags/example_task_group_decorator.py
[2024-09-09T11:11:01.537+0000] {processor.py:925} INFO - DAG(s) 'example_task_group_decorator' retrieved from /home/airflow/.local/lib/python3.12/site-packages/airflow/example_dags/example_task_group_decorator.py
[2024-09-09T11:11:01.629+0000] {logging_mixin.py:190} INFO - [2024-09-09T11:11:01.628+0000] {dag.py:3229} INFO - Sync 1 DAGs
[2024-09-09T11:11:01.699+0000] {logging_mixin.py:190} INFO - [2024-09-09T11:11:01.698+0000] {dag.py:4156} INFO - Setting next_dagrun for example_task_group_decorator to None, run_after=None
[2024-09-09T11:11:01.754+0000] {processor.py:208} INFO - Processing /home/airflow/.local/lib/python3.12/site-packages/airflow/example_dags/example_task_group_decorator.py took 0.297 seconds
[2024-09-09T11:11:32.428+0000] {processor.py:186} INFO - Started process (PID=398) to work on /home/airflow/.local/lib/python3.12/site-packages/airflow/example_dags/example_task_group_decorator.py
[2024-09-09T11:11:32.431+0000] {processor.py:914} INFO - Processing file /home/airflow/.local/lib/python3.12/site-packages/airflow/example_dags/example_task_group_decorator.py for tasks to queue
[2024-09-09T11:11:32.438+0000] {logging_mixin.py:190} INFO - [2024-09-09T11:11:32.436+0000] {dagbag.py:587} INFO - Filling up the DagBag from /home/airflow/.local/lib/python3.12/site-packages/airflow/example_dags/example_task_group_decorator.py
[2024-09-09T11:11:32.501+0000] {processor.py:925} INFO - DAG(s) 'example_task_group_decorator' retrieved from /home/airflow/.local/lib/python3.12/site-packages/airflow/example_dags/example_task_group_decorator.py
[2024-09-09T11:11:32.592+0000] {logging_mixin.py:190} INFO - [2024-09-09T11:11:32.591+0000] {dag.py:3229} INFO - Sync 1 DAGs
[2024-09-09T11:11:32.651+0000] {logging_mixin.py:190} INFO - [2024-09-09T11:11:32.650+0000] {dag.py:4156} INFO - Setting next_dagrun for example_task_group_decorator to None, run_after=None
[2024-09-09T11:11:32.723+0000] {processor.py:208} INFO - Processing /home/airflow/.local/lib/python3.12/site-packages/airflow/example_dags/example_task_group_decorator.py took 0.309 seconds
[2024-09-09T11:12:03.578+0000] {processor.py:186} INFO - Started process (PID=460) to work on /home/airflow/.local/lib/python3.12/site-packages/airflow/example_dags/example_task_group_decorator.py
[2024-09-09T11:12:03.580+0000] {processor.py:914} INFO - Processing file /home/airflow/.local/lib/python3.12/site-packages/airflow/example_dags/example_task_group_decorator.py for tasks to queue
[2024-09-09T11:12:03.587+0000] {logging_mixin.py:190} INFO - [2024-09-09T11:12:03.587+0000] {dagbag.py:587} INFO - Filling up the DagBag from /home/airflow/.local/lib/python3.12/site-packages/airflow/example_dags/example_task_group_decorator.py
[2024-09-09T11:12:03.631+0000] {processor.py:925} INFO - DAG(s) 'example_task_group_decorator' retrieved from /home/airflow/.local/lib/python3.12/site-packages/airflow/example_dags/example_task_group_decorator.py
[2024-09-09T11:12:03.714+0000] {logging_mixin.py:190} INFO - [2024-09-09T11:12:03.713+0000] {dag.py:3229} INFO - Sync 1 DAGs
[2024-09-09T11:12:03.757+0000] {logging_mixin.py:190} INFO - [2024-09-09T11:12:03.757+0000] {dag.py:4156} INFO - Setting next_dagrun for example_task_group_decorator to None, run_after=None
[2024-09-09T11:12:03.830+0000] {processor.py:208} INFO - Processing /home/airflow/.local/lib/python3.12/site-packages/airflow/example_dags/example_task_group_decorator.py took 0.266 seconds
[2024-09-09T11:12:36.499+0000] {processor.py:186} INFO - Started process (PID=522) to work on /home/airflow/.local/lib/python3.12/site-packages/airflow/example_dags/example_task_group_decorator.py
[2024-09-09T11:12:36.503+0000] {processor.py:914} INFO - Processing file /home/airflow/.local/lib/python3.12/site-packages/airflow/example_dags/example_task_group_decorator.py for tasks to queue
[2024-09-09T11:12:36.512+0000] {logging_mixin.py:190} INFO - [2024-09-09T11:12:36.511+0000] {dagbag.py:587} INFO - Filling up the DagBag from /home/airflow/.local/lib/python3.12/site-packages/airflow/example_dags/example_task_group_decorator.py
[2024-09-09T11:12:36.598+0000] {processor.py:925} INFO - DAG(s) 'example_task_group_decorator' retrieved from /home/airflow/.local/lib/python3.12/site-packages/airflow/example_dags/example_task_group_decorator.py
[2024-09-09T11:12:36.767+0000] {logging_mixin.py:190} INFO - [2024-09-09T11:12:36.766+0000] {dag.py:3229} INFO - Sync 1 DAGs
[2024-09-09T11:12:36.868+0000] {logging_mixin.py:190} INFO - [2024-09-09T11:12:36.867+0000] {dag.py:4156} INFO - Setting next_dagrun for example_task_group_decorator to None, run_after=None
[2024-09-09T11:12:37.063+0000] {processor.py:208} INFO - Processing /home/airflow/.local/lib/python3.12/site-packages/airflow/example_dags/example_task_group_decorator.py took 0.587 seconds
[2024-09-09T11:13:27.912+0000] {processor.py:186} INFO - Started process (PID=584) to work on /home/airflow/.local/lib/python3.12/site-packages/airflow/example_dags/example_task_group_decorator.py
[2024-09-09T11:13:27.914+0000] {processor.py:914} INFO - Processing file /home/airflow/.local/lib/python3.12/site-packages/airflow/example_dags/example_task_group_decorator.py for tasks to queue
[2024-09-09T11:13:27.920+0000] {logging_mixin.py:190} INFO - [2024-09-09T11:13:27.919+0000] {dagbag.py:587} INFO - Filling up the DagBag from /home/airflow/.local/lib/python3.12/site-packages/airflow/example_dags/example_task_group_decorator.py
[2024-09-09T11:13:27.973+0000] {processor.py:925} INFO - DAG(s) 'example_task_group_decorator' retrieved from /home/airflow/.local/lib/python3.12/site-packages/airflow/example_dags/example_task_group_decorator.py
[2024-09-09T11:13:28.093+0000] {logging_mixin.py:190} INFO - [2024-09-09T11:13:28.092+0000] {dag.py:3229} INFO - Sync 1 DAGs
[2024-09-09T11:13:28.163+0000] {logging_mixin.py:190} INFO - [2024-09-09T11:13:28.162+0000] {dag.py:4156} INFO - Setting next_dagrun for example_task_group_decorator to None, run_after=None
[2024-09-09T11:13:28.283+0000] {processor.py:208} INFO - Processing /home/airflow/.local/lib/python3.12/site-packages/airflow/example_dags/example_task_group_decorator.py took 0.384 seconds
