[2024-09-09T11:00:57.335+0000] {processor.py:186} INFO - Started process (PID=118) to work on /home/airflow/.local/lib/python3.12/site-packages/airflow/example_dags/example_outlet_event_extra.py
[2024-09-09T11:00:57.337+0000] {processor.py:914} INFO - Processing file /home/airflow/.local/lib/python3.12/site-packages/airflow/example_dags/example_outlet_event_extra.py for tasks to queue
[2024-09-09T11:00:57.343+0000] {logging_mixin.py:190} INFO - [2024-09-09T11:00:57.342+0000] {dagbag.py:587} INFO - Filling up the DagBag from /home/airflow/.local/lib/python3.12/site-packages/airflow/example_dags/example_outlet_event_extra.py
[2024-09-09T11:00:57.610+0000] {processor.py:925} INFO - DAG(s) 'dataset_with_extra_by_yield', 'dataset_with_extra_by_context', 'dataset_with_extra_from_classic_operator' retrieved from /home/airflow/.local/lib/python3.12/site-packages/airflow/example_dags/example_outlet_event_extra.py
[2024-09-09T11:00:57.802+0000] {logging_mixin.py:190} INFO - [2024-09-09T11:00:57.801+0000] {override.py:1900} INFO - Created Permission View: can delete on DAG:dataset_with_extra_by_yield
[2024-09-09T11:00:57.826+0000] {logging_mixin.py:190} INFO - [2024-09-09T11:00:57.825+0000] {override.py:1900} INFO - Created Permission View: can edit on DAG:dataset_with_extra_by_yield
[2024-09-09T11:00:57.845+0000] {logging_mixin.py:190} INFO - [2024-09-09T11:00:57.844+0000] {override.py:1900} INFO - Created Permission View: can read on DAG:dataset_with_extra_by_yield
[2024-09-09T11:00:57.865+0000] {logging_mixin.py:190} INFO - [2024-09-09T11:00:57.865+0000] {override.py:1900} INFO - Created Permission View: can delete on DAG Run:dataset_with_extra_by_yield
[2024-09-09T11:00:57.881+0000] {logging_mixin.py:190} INFO - [2024-09-09T11:00:57.880+0000] {override.py:1900} INFO - Created Permission View: can create on DAG Run:dataset_with_extra_by_yield
[2024-09-09T11:00:57.896+0000] {logging_mixin.py:190} INFO - [2024-09-09T11:00:57.895+0000] {override.py:1900} INFO - Created Permission View: can read on DAG Run:dataset_with_extra_by_yield
[2024-09-09T11:00:57.911+0000] {logging_mixin.py:190} INFO - [2024-09-09T11:00:57.911+0000] {override.py:1900} INFO - Created Permission View: menu access on DAG Run:dataset_with_extra_by_yield
[2024-09-09T11:00:57.936+0000] {logging_mixin.py:190} INFO - [2024-09-09T11:00:57.936+0000] {override.py:1900} INFO - Created Permission View: can delete on DAG:dataset_with_extra_by_context
[2024-09-09T11:00:57.950+0000] {logging_mixin.py:190} INFO - [2024-09-09T11:00:57.950+0000] {override.py:1900} INFO - Created Permission View: can edit on DAG:dataset_with_extra_by_context
[2024-09-09T11:00:57.965+0000] {logging_mixin.py:190} INFO - [2024-09-09T11:00:57.964+0000] {override.py:1900} INFO - Created Permission View: can read on DAG:dataset_with_extra_by_context
[2024-09-09T11:00:57.982+0000] {logging_mixin.py:190} INFO - [2024-09-09T11:00:57.981+0000] {override.py:1900} INFO - Created Permission View: can delete on DAG Run:dataset_with_extra_by_context
[2024-09-09T11:00:57.998+0000] {logging_mixin.py:190} INFO - [2024-09-09T11:00:57.997+0000] {override.py:1900} INFO - Created Permission View: can create on DAG Run:dataset_with_extra_by_context
[2024-09-09T11:00:58.013+0000] {logging_mixin.py:190} INFO - [2024-09-09T11:00:58.012+0000] {override.py:1900} INFO - Created Permission View: can read on DAG Run:dataset_with_extra_by_context
[2024-09-09T11:00:58.027+0000] {logging_mixin.py:190} INFO - [2024-09-09T11:00:58.026+0000] {override.py:1900} INFO - Created Permission View: menu access on DAG Run:dataset_with_extra_by_context
[2024-09-09T11:00:58.053+0000] {logging_mixin.py:190} INFO - [2024-09-09T11:00:58.053+0000] {override.py:1900} INFO - Created Permission View: can delete on DAG:dataset_with_extra_from_classic_operator
[2024-09-09T11:00:58.066+0000] {logging_mixin.py:190} INFO - [2024-09-09T11:00:58.066+0000] {override.py:1900} INFO - Created Permission View: can edit on DAG:dataset_with_extra_from_classic_operator
[2024-09-09T11:00:58.083+0000] {logging_mixin.py:190} INFO - [2024-09-09T11:00:58.082+0000] {override.py:1900} INFO - Created Permission View: can read on DAG:dataset_with_extra_from_classic_operator
[2024-09-09T11:00:58.098+0000] {logging_mixin.py:190} INFO - [2024-09-09T11:00:58.098+0000] {override.py:1900} INFO - Created Permission View: can delete on DAG Run:dataset_with_extra_from_classic_operator
[2024-09-09T11:00:58.114+0000] {logging_mixin.py:190} INFO - [2024-09-09T11:00:58.114+0000] {override.py:1900} INFO - Created Permission View: can create on DAG Run:dataset_with_extra_from_classic_operator
[2024-09-09T11:00:58.132+0000] {logging_mixin.py:190} INFO - [2024-09-09T11:00:58.131+0000] {override.py:1900} INFO - Created Permission View: can read on DAG Run:dataset_with_extra_from_classic_operator
[2024-09-09T11:00:58.148+0000] {logging_mixin.py:190} INFO - [2024-09-09T11:00:58.148+0000] {override.py:1900} INFO - Created Permission View: menu access on DAG Run:dataset_with_extra_from_classic_operator
[2024-09-09T11:00:58.150+0000] {logging_mixin.py:190} INFO - [2024-09-09T11:00:58.149+0000] {dag.py:3229} INFO - Sync 3 DAGs
[2024-09-09T11:00:58.181+0000] {logging_mixin.py:190} INFO - [2024-09-09T11:00:58.180+0000] {dag.py:3252} INFO - Creating ORM DAG for dataset_with_extra_from_classic_operator
[2024-09-09T11:00:58.183+0000] {logging_mixin.py:190} INFO - [2024-09-09T11:00:58.182+0000] {dag.py:3252} INFO - Creating ORM DAG for dataset_with_extra_by_context
[2024-09-09T11:00:58.185+0000] {logging_mixin.py:190} INFO - [2024-09-09T11:00:58.184+0000] {dag.py:3252} INFO - Creating ORM DAG for dataset_with_extra_by_yield
[2024-09-09T11:00:58.211+0000] {logging_mixin.py:190} INFO - [2024-09-09T11:00:58.211+0000] {dag.py:4156} INFO - Setting next_dagrun for dataset_with_extra_by_context to 2024-09-08 00:00:00+00:00, run_after=2024-09-09 00:00:00+00:00
[2024-09-09T11:00:58.215+0000] {logging_mixin.py:190} INFO - [2024-09-09T11:00:58.215+0000] {dag.py:4156} INFO - Setting next_dagrun for dataset_with_extra_by_yield to 2024-09-08 00:00:00+00:00, run_after=2024-09-09 00:00:00+00:00
[2024-09-09T11:00:58.221+0000] {logging_mixin.py:190} INFO - [2024-09-09T11:00:58.220+0000] {dag.py:4156} INFO - Setting next_dagrun for dataset_with_extra_from_classic_operator to 2024-09-08 00:00:00+00:00, run_after=2024-09-09 00:00:00+00:00
[2024-09-09T11:00:58.278+0000] {processor.py:208} INFO - Processing /home/airflow/.local/lib/python3.12/site-packages/airflow/example_dags/example_outlet_event_extra.py took 0.952 seconds
[2024-09-09T11:09:00.800+0000] {processor.py:186} INFO - Started process (PID=107) to work on /home/airflow/.local/lib/python3.12/site-packages/airflow/example_dags/example_outlet_event_extra.py
[2024-09-09T11:09:00.802+0000] {processor.py:914} INFO - Processing file /home/airflow/.local/lib/python3.12/site-packages/airflow/example_dags/example_outlet_event_extra.py for tasks to queue
[2024-09-09T11:09:00.806+0000] {logging_mixin.py:190} INFO - [2024-09-09T11:09:00.805+0000] {dagbag.py:587} INFO - Filling up the DagBag from /home/airflow/.local/lib/python3.12/site-packages/airflow/example_dags/example_outlet_event_extra.py
[2024-09-09T11:09:01.088+0000] {processor.py:925} INFO - DAG(s) 'dataset_with_extra_by_context', 'dataset_with_extra_by_yield', 'dataset_with_extra_from_classic_operator' retrieved from /home/airflow/.local/lib/python3.12/site-packages/airflow/example_dags/example_outlet_event_extra.py
[2024-09-09T11:09:01.134+0000] {logging_mixin.py:190} INFO - [2024-09-09T11:09:01.134+0000] {dag.py:3229} INFO - Sync 3 DAGs
[2024-09-09T11:09:01.177+0000] {logging_mixin.py:190} INFO - [2024-09-09T11:09:01.177+0000] {dag.py:4156} INFO - Setting next_dagrun for dataset_with_extra_by_context to 2024-09-08 00:00:00+00:00, run_after=2024-09-09 00:00:00+00:00
[2024-09-09T11:09:01.185+0000] {logging_mixin.py:190} INFO - [2024-09-09T11:09:01.185+0000] {dag.py:4156} INFO - Setting next_dagrun for dataset_with_extra_by_yield to 2024-09-08 00:00:00+00:00, run_after=2024-09-09 00:00:00+00:00
[2024-09-09T11:09:01.190+0000] {logging_mixin.py:190} INFO - [2024-09-09T11:09:01.190+0000] {dag.py:4156} INFO - Setting next_dagrun for dataset_with_extra_from_classic_operator to 2024-09-08 00:00:00+00:00, run_after=2024-09-09 00:00:00+00:00
[2024-09-09T11:09:01.232+0000] {processor.py:208} INFO - Processing /home/airflow/.local/lib/python3.12/site-packages/airflow/example_dags/example_outlet_event_extra.py took 0.440 seconds
[2024-09-09T11:09:31.530+0000] {processor.py:186} INFO - Started process (PID=170) to work on /home/airflow/.local/lib/python3.12/site-packages/airflow/example_dags/example_outlet_event_extra.py
[2024-09-09T11:09:31.532+0000] {processor.py:914} INFO - Processing file /home/airflow/.local/lib/python3.12/site-packages/airflow/example_dags/example_outlet_event_extra.py for tasks to queue
[2024-09-09T11:09:31.536+0000] {logging_mixin.py:190} INFO - [2024-09-09T11:09:31.535+0000] {dagbag.py:587} INFO - Filling up the DagBag from /home/airflow/.local/lib/python3.12/site-packages/airflow/example_dags/example_outlet_event_extra.py
[2024-09-09T11:09:31.821+0000] {processor.py:925} INFO - DAG(s) 'dataset_with_extra_from_classic_operator', 'dataset_with_extra_by_yield', 'dataset_with_extra_by_context' retrieved from /home/airflow/.local/lib/python3.12/site-packages/airflow/example_dags/example_outlet_event_extra.py
[2024-09-09T11:09:31.863+0000] {logging_mixin.py:190} INFO - [2024-09-09T11:09:31.863+0000] {dag.py:3229} INFO - Sync 3 DAGs
[2024-09-09T11:09:31.908+0000] {logging_mixin.py:190} INFO - [2024-09-09T11:09:31.908+0000] {dag.py:4156} INFO - Setting next_dagrun for dataset_with_extra_by_context to 2024-09-08 00:00:00+00:00, run_after=2024-09-09 00:00:00+00:00
[2024-09-09T11:09:31.916+0000] {logging_mixin.py:190} INFO - [2024-09-09T11:09:31.916+0000] {dag.py:4156} INFO - Setting next_dagrun for dataset_with_extra_by_yield to 2024-09-08 00:00:00+00:00, run_after=2024-09-09 00:00:00+00:00
[2024-09-09T11:09:31.920+0000] {logging_mixin.py:190} INFO - [2024-09-09T11:09:31.920+0000] {dag.py:4156} INFO - Setting next_dagrun for dataset_with_extra_from_classic_operator to 2024-09-08 00:00:00+00:00, run_after=2024-09-09 00:00:00+00:00
[2024-09-09T11:09:31.958+0000] {processor.py:208} INFO - Processing /home/airflow/.local/lib/python3.12/site-packages/airflow/example_dags/example_outlet_event_extra.py took 0.437 seconds
[2024-09-09T11:10:02.374+0000] {processor.py:186} INFO - Started process (PID=233) to work on /home/airflow/.local/lib/python3.12/site-packages/airflow/example_dags/example_outlet_event_extra.py
[2024-09-09T11:10:02.376+0000] {processor.py:914} INFO - Processing file /home/airflow/.local/lib/python3.12/site-packages/airflow/example_dags/example_outlet_event_extra.py for tasks to queue
[2024-09-09T11:10:02.380+0000] {logging_mixin.py:190} INFO - [2024-09-09T11:10:02.379+0000] {dagbag.py:587} INFO - Filling up the DagBag from /home/airflow/.local/lib/python3.12/site-packages/airflow/example_dags/example_outlet_event_extra.py
[2024-09-09T11:10:02.636+0000] {processor.py:925} INFO - DAG(s) 'dataset_with_extra_by_context', 'dataset_with_extra_from_classic_operator', 'dataset_with_extra_by_yield' retrieved from /home/airflow/.local/lib/python3.12/site-packages/airflow/example_dags/example_outlet_event_extra.py
[2024-09-09T11:10:02.693+0000] {logging_mixin.py:190} INFO - [2024-09-09T11:10:02.693+0000] {dag.py:3229} INFO - Sync 3 DAGs
[2024-09-09T11:10:02.741+0000] {logging_mixin.py:190} INFO - [2024-09-09T11:10:02.741+0000] {dag.py:4156} INFO - Setting next_dagrun for dataset_with_extra_by_context to 2024-09-08 00:00:00+00:00, run_after=2024-09-09 00:00:00+00:00
[2024-09-09T11:10:02.753+0000] {logging_mixin.py:190} INFO - [2024-09-09T11:10:02.752+0000] {dag.py:4156} INFO - Setting next_dagrun for dataset_with_extra_by_yield to 2024-09-08 00:00:00+00:00, run_after=2024-09-09 00:00:00+00:00
[2024-09-09T11:10:02.759+0000] {logging_mixin.py:190} INFO - [2024-09-09T11:10:02.759+0000] {dag.py:4156} INFO - Setting next_dagrun for dataset_with_extra_from_classic_operator to 2024-09-08 00:00:00+00:00, run_after=2024-09-09 00:00:00+00:00
[2024-09-09T11:10:02.814+0000] {processor.py:208} INFO - Processing /home/airflow/.local/lib/python3.12/site-packages/airflow/example_dags/example_outlet_event_extra.py took 0.453 seconds
[2024-09-09T11:10:33.268+0000] {processor.py:186} INFO - Started process (PID=296) to work on /home/airflow/.local/lib/python3.12/site-packages/airflow/example_dags/example_outlet_event_extra.py
[2024-09-09T11:10:33.270+0000] {processor.py:914} INFO - Processing file /home/airflow/.local/lib/python3.12/site-packages/airflow/example_dags/example_outlet_event_extra.py for tasks to queue
[2024-09-09T11:10:33.275+0000] {logging_mixin.py:190} INFO - [2024-09-09T11:10:33.274+0000] {dagbag.py:587} INFO - Filling up the DagBag from /home/airflow/.local/lib/python3.12/site-packages/airflow/example_dags/example_outlet_event_extra.py
[2024-09-09T11:10:33.574+0000] {processor.py:925} INFO - DAG(s) 'dataset_with_extra_by_yield', 'dataset_with_extra_by_context', 'dataset_with_extra_from_classic_operator' retrieved from /home/airflow/.local/lib/python3.12/site-packages/airflow/example_dags/example_outlet_event_extra.py
[2024-09-09T11:10:33.631+0000] {logging_mixin.py:190} INFO - [2024-09-09T11:10:33.630+0000] {dag.py:3229} INFO - Sync 3 DAGs
[2024-09-09T11:10:33.696+0000] {logging_mixin.py:190} INFO - [2024-09-09T11:10:33.695+0000] {dag.py:4156} INFO - Setting next_dagrun for dataset_with_extra_by_context to 2024-09-08 00:00:00+00:00, run_after=2024-09-09 00:00:00+00:00
[2024-09-09T11:10:33.710+0000] {logging_mixin.py:190} INFO - [2024-09-09T11:10:33.710+0000] {dag.py:4156} INFO - Setting next_dagrun for dataset_with_extra_by_yield to 2024-09-08 00:00:00+00:00, run_after=2024-09-09 00:00:00+00:00
[2024-09-09T11:10:33.717+0000] {logging_mixin.py:190} INFO - [2024-09-09T11:10:33.717+0000] {dag.py:4156} INFO - Setting next_dagrun for dataset_with_extra_from_classic_operator to 2024-09-08 00:00:00+00:00, run_after=2024-09-09 00:00:00+00:00
[2024-09-09T11:10:33.773+0000] {processor.py:208} INFO - Processing /home/airflow/.local/lib/python3.12/site-packages/airflow/example_dags/example_outlet_event_extra.py took 0.517 seconds
[2024-09-09T11:11:05.636+0000] {processor.py:186} INFO - Started process (PID=359) to work on /home/airflow/.local/lib/python3.12/site-packages/airflow/example_dags/example_outlet_event_extra.py
[2024-09-09T11:11:05.638+0000] {processor.py:914} INFO - Processing file /home/airflow/.local/lib/python3.12/site-packages/airflow/example_dags/example_outlet_event_extra.py for tasks to queue
[2024-09-09T11:11:05.644+0000] {logging_mixin.py:190} INFO - [2024-09-09T11:11:05.643+0000] {dagbag.py:587} INFO - Filling up the DagBag from /home/airflow/.local/lib/python3.12/site-packages/airflow/example_dags/example_outlet_event_extra.py
[2024-09-09T11:11:05.988+0000] {processor.py:925} INFO - DAG(s) 'dataset_with_extra_by_yield', 'dataset_with_extra_from_classic_operator', 'dataset_with_extra_by_context' retrieved from /home/airflow/.local/lib/python3.12/site-packages/airflow/example_dags/example_outlet_event_extra.py
[2024-09-09T11:11:06.060+0000] {logging_mixin.py:190} INFO - [2024-09-09T11:11:06.060+0000] {dag.py:3229} INFO - Sync 3 DAGs
[2024-09-09T11:11:06.120+0000] {logging_mixin.py:190} INFO - [2024-09-09T11:11:06.120+0000] {dag.py:4156} INFO - Setting next_dagrun for dataset_with_extra_by_context to 2024-09-08 00:00:00+00:00, run_after=2024-09-09 00:00:00+00:00
[2024-09-09T11:11:06.133+0000] {logging_mixin.py:190} INFO - [2024-09-09T11:11:06.132+0000] {dag.py:4156} INFO - Setting next_dagrun for dataset_with_extra_by_yield to 2024-09-08 00:00:00+00:00, run_after=2024-09-09 00:00:00+00:00
[2024-09-09T11:11:06.142+0000] {logging_mixin.py:190} INFO - [2024-09-09T11:11:06.141+0000] {dag.py:4156} INFO - Setting next_dagrun for dataset_with_extra_from_classic_operator to 2024-09-08 00:00:00+00:00, run_after=2024-09-09 00:00:00+00:00
[2024-09-09T11:11:06.195+0000] {processor.py:208} INFO - Processing /home/airflow/.local/lib/python3.12/site-packages/airflow/example_dags/example_outlet_event_extra.py took 0.570 seconds
[2024-09-09T11:11:37.754+0000] {processor.py:186} INFO - Started process (PID=422) to work on /home/airflow/.local/lib/python3.12/site-packages/airflow/example_dags/example_outlet_event_extra.py
[2024-09-09T11:11:37.756+0000] {processor.py:914} INFO - Processing file /home/airflow/.local/lib/python3.12/site-packages/airflow/example_dags/example_outlet_event_extra.py for tasks to queue
[2024-09-09T11:11:37.761+0000] {logging_mixin.py:190} INFO - [2024-09-09T11:11:37.761+0000] {dagbag.py:587} INFO - Filling up the DagBag from /home/airflow/.local/lib/python3.12/site-packages/airflow/example_dags/example_outlet_event_extra.py
[2024-09-09T11:11:38.098+0000] {processor.py:925} INFO - DAG(s) 'dataset_with_extra_by_yield', 'dataset_with_extra_from_classic_operator', 'dataset_with_extra_by_context' retrieved from /home/airflow/.local/lib/python3.12/site-packages/airflow/example_dags/example_outlet_event_extra.py
[2024-09-09T11:11:38.147+0000] {logging_mixin.py:190} INFO - [2024-09-09T11:11:38.147+0000] {dag.py:3229} INFO - Sync 3 DAGs
[2024-09-09T11:11:38.208+0000] {logging_mixin.py:190} INFO - [2024-09-09T11:11:38.208+0000] {dag.py:4156} INFO - Setting next_dagrun for dataset_with_extra_by_context to 2024-09-08 00:00:00+00:00, run_after=2024-09-09 00:00:00+00:00
[2024-09-09T11:11:38.219+0000] {logging_mixin.py:190} INFO - [2024-09-09T11:11:38.219+0000] {dag.py:4156} INFO - Setting next_dagrun for dataset_with_extra_by_yield to 2024-09-08 00:00:00+00:00, run_after=2024-09-09 00:00:00+00:00
[2024-09-09T11:11:38.224+0000] {logging_mixin.py:190} INFO - [2024-09-09T11:11:38.224+0000] {dag.py:4156} INFO - Setting next_dagrun for dataset_with_extra_from_classic_operator to 2024-09-08 00:00:00+00:00, run_after=2024-09-09 00:00:00+00:00
[2024-09-09T11:11:38.269+0000] {processor.py:208} INFO - Processing /home/airflow/.local/lib/python3.12/site-packages/airflow/example_dags/example_outlet_event_extra.py took 0.525 seconds
[2024-09-09T11:12:10.468+0000] {processor.py:186} INFO - Started process (PID=485) to work on /home/airflow/.local/lib/python3.12/site-packages/airflow/example_dags/example_outlet_event_extra.py
[2024-09-09T11:12:10.470+0000] {processor.py:914} INFO - Processing file /home/airflow/.local/lib/python3.12/site-packages/airflow/example_dags/example_outlet_event_extra.py for tasks to queue
[2024-09-09T11:12:10.476+0000] {logging_mixin.py:190} INFO - [2024-09-09T11:12:10.476+0000] {dagbag.py:587} INFO - Filling up the DagBag from /home/airflow/.local/lib/python3.12/site-packages/airflow/example_dags/example_outlet_event_extra.py
[2024-09-09T11:12:10.754+0000] {processor.py:925} INFO - DAG(s) 'dataset_with_extra_from_classic_operator', 'dataset_with_extra_by_yield', 'dataset_with_extra_by_context' retrieved from /home/airflow/.local/lib/python3.12/site-packages/airflow/example_dags/example_outlet_event_extra.py
[2024-09-09T11:12:10.883+0000] {logging_mixin.py:190} INFO - [2024-09-09T11:12:10.882+0000] {dag.py:3229} INFO - Sync 3 DAGs
[2024-09-09T11:12:10.932+0000] {logging_mixin.py:190} INFO - [2024-09-09T11:12:10.931+0000] {dag.py:4156} INFO - Setting next_dagrun for dataset_with_extra_by_context to 2024-09-08 00:00:00+00:00, run_after=2024-09-09 00:00:00+00:00
[2024-09-09T11:12:10.941+0000] {logging_mixin.py:190} INFO - [2024-09-09T11:12:10.941+0000] {dag.py:4156} INFO - Setting next_dagrun for dataset_with_extra_by_yield to 2024-09-08 00:00:00+00:00, run_after=2024-09-09 00:00:00+00:00
[2024-09-09T11:12:10.946+0000] {logging_mixin.py:190} INFO - [2024-09-09T11:12:10.946+0000] {dag.py:4156} INFO - Setting next_dagrun for dataset_with_extra_from_classic_operator to 2024-09-08 00:00:00+00:00, run_after=2024-09-09 00:00:00+00:00
[2024-09-09T11:12:10.988+0000] {processor.py:208} INFO - Processing /home/airflow/.local/lib/python3.12/site-packages/airflow/example_dags/example_outlet_event_extra.py took 0.529 seconds
[2024-09-09T11:13:19.680+0000] {processor.py:186} INFO - Started process (PID=543) to work on /home/airflow/.local/lib/python3.12/site-packages/airflow/example_dags/example_outlet_event_extra.py
[2024-09-09T11:13:19.684+0000] {processor.py:914} INFO - Processing file /home/airflow/.local/lib/python3.12/site-packages/airflow/example_dags/example_outlet_event_extra.py for tasks to queue
[2024-09-09T11:13:19.699+0000] {logging_mixin.py:190} INFO - [2024-09-09T11:13:19.697+0000] {dagbag.py:587} INFO - Filling up the DagBag from /home/airflow/.local/lib/python3.12/site-packages/airflow/example_dags/example_outlet_event_extra.py
[2024-09-09T11:13:20.886+0000] {processor.py:925} INFO - DAG(s) 'dataset_with_extra_by_context', 'dataset_with_extra_by_yield', 'dataset_with_extra_from_classic_operator' retrieved from /home/airflow/.local/lib/python3.12/site-packages/airflow/example_dags/example_outlet_event_extra.py
[2024-09-09T11:13:20.950+0000] {logging_mixin.py:190} INFO - [2024-09-09T11:13:20.950+0000] {dag.py:3229} INFO - Sync 3 DAGs
[2024-09-09T11:13:21.048+0000] {logging_mixin.py:190} INFO - [2024-09-09T11:13:21.047+0000] {dag.py:4156} INFO - Setting next_dagrun for dataset_with_extra_by_context to 2024-09-08 00:00:00+00:00, run_after=2024-09-09 00:00:00+00:00
[2024-09-09T11:13:21.064+0000] {logging_mixin.py:190} INFO - [2024-09-09T11:13:21.064+0000] {dag.py:4156} INFO - Setting next_dagrun for dataset_with_extra_by_yield to 2024-09-08 00:00:00+00:00, run_after=2024-09-09 00:00:00+00:00
[2024-09-09T11:13:21.073+0000] {logging_mixin.py:190} INFO - [2024-09-09T11:13:21.073+0000] {dag.py:4156} INFO - Setting next_dagrun for dataset_with_extra_from_classic_operator to 2024-09-08 00:00:00+00:00, run_after=2024-09-09 00:00:00+00:00
[2024-09-09T11:13:21.141+0000] {processor.py:208} INFO - Processing /home/airflow/.local/lib/python3.12/site-packages/airflow/example_dags/example_outlet_event_extra.py took 1.483 seconds
