[2024-09-09T11:00:51.028+0000] {processor.py:186} INFO - Started process (PID=96) to work on /home/airflow/.local/lib/python3.12/site-packages/airflow/example_dags/example_branch_python_dop_operator_3.py
[2024-09-09T11:00:51.030+0000] {processor.py:914} INFO - Processing file /home/airflow/.local/lib/python3.12/site-packages/airflow/example_dags/example_branch_python_dop_operator_3.py for tasks to queue
[2024-09-09T11:00:51.037+0000] {logging_mixin.py:190} INFO - [2024-09-09T11:00:51.036+0000] {dagbag.py:587} INFO - Filling up the DagBag from /home/airflow/.local/lib/python3.12/site-packages/airflow/example_dags/example_branch_python_dop_operator_3.py
[2024-09-09T11:00:51.062+0000] {processor.py:925} INFO - DAG(s) 'example_branch_dop_operator_v3' retrieved from /home/airflow/.local/lib/python3.12/site-packages/airflow/example_dags/example_branch_python_dop_operator_3.py
[2024-09-09T11:00:51.275+0000] {logging_mixin.py:190} INFO - [2024-09-09T11:00:51.273+0000] {override.py:1900} INFO - Created Permission View: can delete on DAG:example_branch_dop_operator_v3
[2024-09-09T11:00:51.299+0000] {logging_mixin.py:190} INFO - [2024-09-09T11:00:51.298+0000] {override.py:1900} INFO - Created Permission View: can edit on DAG:example_branch_dop_operator_v3
[2024-09-09T11:00:51.315+0000] {logging_mixin.py:190} INFO - [2024-09-09T11:00:51.315+0000] {override.py:1900} INFO - Created Permission View: can read on DAG:example_branch_dop_operator_v3
[2024-09-09T11:00:51.333+0000] {logging_mixin.py:190} INFO - [2024-09-09T11:00:51.333+0000] {override.py:1900} INFO - Created Permission View: can delete on DAG Run:example_branch_dop_operator_v3
[2024-09-09T11:00:51.355+0000] {logging_mixin.py:190} INFO - [2024-09-09T11:00:51.354+0000] {override.py:1900} INFO - Created Permission View: can create on DAG Run:example_branch_dop_operator_v3
[2024-09-09T11:00:51.383+0000] {logging_mixin.py:190} INFO - [2024-09-09T11:00:51.382+0000] {override.py:1900} INFO - Created Permission View: can read on DAG Run:example_branch_dop_operator_v3
[2024-09-09T11:00:51.408+0000] {logging_mixin.py:190} INFO - [2024-09-09T11:00:51.408+0000] {override.py:1900} INFO - Created Permission View: menu access on DAG Run:example_branch_dop_operator_v3
[2024-09-09T11:00:51.410+0000] {logging_mixin.py:190} INFO - [2024-09-09T11:00:51.409+0000] {dag.py:3229} INFO - Sync 1 DAGs
[2024-09-09T11:00:51.446+0000] {logging_mixin.py:190} INFO - [2024-09-09T11:00:51.444+0000] {dag.py:3252} INFO - Creating ORM DAG for example_branch_dop_operator_v3
[2024-09-09T11:00:51.483+0000] {logging_mixin.py:190} INFO - [2024-09-09T11:00:51.482+0000] {dag.py:4156} INFO - Setting next_dagrun for example_branch_dop_operator_v3 to 2024-09-09 10:59:00+00:00, run_after=2024-09-09 11:00:00+00:00
[2024-09-09T11:00:51.534+0000] {processor.py:208} INFO - Processing /home/airflow/.local/lib/python3.12/site-packages/airflow/example_dags/example_branch_python_dop_operator_3.py took 0.517 seconds
[2024-09-09T11:08:58.622+0000] {processor.py:186} INFO - Started process (PID=91) to work on /home/airflow/.local/lib/python3.12/site-packages/airflow/example_dags/example_branch_python_dop_operator_3.py
[2024-09-09T11:08:58.624+0000] {processor.py:914} INFO - Processing file /home/airflow/.local/lib/python3.12/site-packages/airflow/example_dags/example_branch_python_dop_operator_3.py for tasks to queue
[2024-09-09T11:08:58.628+0000] {logging_mixin.py:190} INFO - [2024-09-09T11:08:58.627+0000] {dagbag.py:587} INFO - Filling up the DagBag from /home/airflow/.local/lib/python3.12/site-packages/airflow/example_dags/example_branch_python_dop_operator_3.py
[2024-09-09T11:08:58.643+0000] {processor.py:925} INFO - DAG(s) 'example_branch_dop_operator_v3' retrieved from /home/airflow/.local/lib/python3.12/site-packages/airflow/example_dags/example_branch_python_dop_operator_3.py
[2024-09-09T11:08:58.676+0000] {logging_mixin.py:190} INFO - [2024-09-09T11:08:58.675+0000] {dag.py:3229} INFO - Sync 1 DAGs
[2024-09-09T11:08:58.717+0000] {logging_mixin.py:190} INFO - [2024-09-09T11:08:58.717+0000] {dag.py:4156} INFO - Setting next_dagrun for example_branch_dop_operator_v3 to 2024-09-09 11:07:00+00:00, run_after=2024-09-09 11:08:00+00:00
[2024-09-09T11:08:58.746+0000] {processor.py:208} INFO - Processing /home/airflow/.local/lib/python3.12/site-packages/airflow/example_dags/example_branch_python_dop_operator_3.py took 0.130 seconds
[2024-09-09T11:09:29.176+0000] {processor.py:186} INFO - Started process (PID=153) to work on /home/airflow/.local/lib/python3.12/site-packages/airflow/example_dags/example_branch_python_dop_operator_3.py
[2024-09-09T11:09:29.178+0000] {processor.py:914} INFO - Processing file /home/airflow/.local/lib/python3.12/site-packages/airflow/example_dags/example_branch_python_dop_operator_3.py for tasks to queue
[2024-09-09T11:09:29.182+0000] {logging_mixin.py:190} INFO - [2024-09-09T11:09:29.182+0000] {dagbag.py:587} INFO - Filling up the DagBag from /home/airflow/.local/lib/python3.12/site-packages/airflow/example_dags/example_branch_python_dop_operator_3.py
[2024-09-09T11:09:29.201+0000] {processor.py:925} INFO - DAG(s) 'example_branch_dop_operator_v3' retrieved from /home/airflow/.local/lib/python3.12/site-packages/airflow/example_dags/example_branch_python_dop_operator_3.py
[2024-09-09T11:09:29.237+0000] {logging_mixin.py:190} INFO - [2024-09-09T11:09:29.236+0000] {dag.py:3229} INFO - Sync 1 DAGs
[2024-09-09T11:09:29.286+0000] {logging_mixin.py:190} INFO - [2024-09-09T11:09:29.286+0000] {dag.py:4156} INFO - Setting next_dagrun for example_branch_dop_operator_v3 to 2024-09-09 11:08:00+00:00, run_after=2024-09-09 11:09:00+00:00
[2024-09-09T11:09:29.322+0000] {processor.py:208} INFO - Processing /home/airflow/.local/lib/python3.12/site-packages/airflow/example_dags/example_branch_python_dop_operator_3.py took 0.155 seconds
[2024-09-09T11:09:59.935+0000] {processor.py:186} INFO - Started process (PID=216) to work on /home/airflow/.local/lib/python3.12/site-packages/airflow/example_dags/example_branch_python_dop_operator_3.py
[2024-09-09T11:09:59.936+0000] {processor.py:914} INFO - Processing file /home/airflow/.local/lib/python3.12/site-packages/airflow/example_dags/example_branch_python_dop_operator_3.py for tasks to queue
[2024-09-09T11:09:59.940+0000] {logging_mixin.py:190} INFO - [2024-09-09T11:09:59.940+0000] {dagbag.py:587} INFO - Filling up the DagBag from /home/airflow/.local/lib/python3.12/site-packages/airflow/example_dags/example_branch_python_dop_operator_3.py
[2024-09-09T11:09:59.959+0000] {processor.py:925} INFO - DAG(s) 'example_branch_dop_operator_v3' retrieved from /home/airflow/.local/lib/python3.12/site-packages/airflow/example_dags/example_branch_python_dop_operator_3.py
[2024-09-09T11:10:00.000+0000] {logging_mixin.py:190} INFO - [2024-09-09T11:10:00.000+0000] {dag.py:3229} INFO - Sync 1 DAGs
[2024-09-09T11:10:00.095+0000] {logging_mixin.py:190} INFO - [2024-09-09T11:10:00.095+0000] {dag.py:4156} INFO - Setting next_dagrun for example_branch_dop_operator_v3 to 2024-09-09 11:09:00+00:00, run_after=2024-09-09 11:10:00+00:00
[2024-09-09T11:10:00.138+0000] {processor.py:208} INFO - Processing /home/airflow/.local/lib/python3.12/site-packages/airflow/example_dags/example_branch_python_dop_operator_3.py took 0.217 seconds
[2024-09-09T11:10:30.541+0000] {processor.py:186} INFO - Started process (PID=278) to work on /home/airflow/.local/lib/python3.12/site-packages/airflow/example_dags/example_branch_python_dop_operator_3.py
[2024-09-09T11:10:30.543+0000] {processor.py:914} INFO - Processing file /home/airflow/.local/lib/python3.12/site-packages/airflow/example_dags/example_branch_python_dop_operator_3.py for tasks to queue
[2024-09-09T11:10:30.547+0000] {logging_mixin.py:190} INFO - [2024-09-09T11:10:30.546+0000] {dagbag.py:587} INFO - Filling up the DagBag from /home/airflow/.local/lib/python3.12/site-packages/airflow/example_dags/example_branch_python_dop_operator_3.py
[2024-09-09T11:10:30.567+0000] {processor.py:925} INFO - DAG(s) 'example_branch_dop_operator_v3' retrieved from /home/airflow/.local/lib/python3.12/site-packages/airflow/example_dags/example_branch_python_dop_operator_3.py
[2024-09-09T11:10:30.602+0000] {logging_mixin.py:190} INFO - [2024-09-09T11:10:30.601+0000] {dag.py:3229} INFO - Sync 1 DAGs
[2024-09-09T11:10:30.651+0000] {logging_mixin.py:190} INFO - [2024-09-09T11:10:30.651+0000] {dag.py:4156} INFO - Setting next_dagrun for example_branch_dop_operator_v3 to 2024-09-09 11:09:00+00:00, run_after=2024-09-09 11:10:00+00:00
[2024-09-09T11:10:30.687+0000] {processor.py:208} INFO - Processing /home/airflow/.local/lib/python3.12/site-packages/airflow/example_dags/example_branch_python_dop_operator_3.py took 0.154 seconds
[2024-09-09T11:11:02.560+0000] {processor.py:186} INFO - Started process (PID=341) to work on /home/airflow/.local/lib/python3.12/site-packages/airflow/example_dags/example_branch_python_dop_operator_3.py
[2024-09-09T11:11:02.562+0000] {processor.py:914} INFO - Processing file /home/airflow/.local/lib/python3.12/site-packages/airflow/example_dags/example_branch_python_dop_operator_3.py for tasks to queue
[2024-09-09T11:11:02.567+0000] {logging_mixin.py:190} INFO - [2024-09-09T11:11:02.566+0000] {dagbag.py:587} INFO - Filling up the DagBag from /home/airflow/.local/lib/python3.12/site-packages/airflow/example_dags/example_branch_python_dop_operator_3.py
[2024-09-09T11:11:02.590+0000] {processor.py:925} INFO - DAG(s) 'example_branch_dop_operator_v3' retrieved from /home/airflow/.local/lib/python3.12/site-packages/airflow/example_dags/example_branch_python_dop_operator_3.py
[2024-09-09T11:11:02.631+0000] {logging_mixin.py:190} INFO - [2024-09-09T11:11:02.631+0000] {dag.py:3229} INFO - Sync 1 DAGs
[2024-09-09T11:11:02.703+0000] {logging_mixin.py:190} INFO - [2024-09-09T11:11:02.703+0000] {dag.py:4156} INFO - Setting next_dagrun for example_branch_dop_operator_v3 to 2024-09-09 11:10:00+00:00, run_after=2024-09-09 11:11:00+00:00
[2024-09-09T11:11:02.744+0000] {processor.py:208} INFO - Processing /home/airflow/.local/lib/python3.12/site-packages/airflow/example_dags/example_branch_python_dop_operator_3.py took 0.197 seconds
[2024-09-09T11:11:34.323+0000] {processor.py:186} INFO - Started process (PID=403) to work on /home/airflow/.local/lib/python3.12/site-packages/airflow/example_dags/example_branch_python_dop_operator_3.py
[2024-09-09T11:11:34.325+0000] {processor.py:914} INFO - Processing file /home/airflow/.local/lib/python3.12/site-packages/airflow/example_dags/example_branch_python_dop_operator_3.py for tasks to queue
[2024-09-09T11:11:34.330+0000] {logging_mixin.py:190} INFO - [2024-09-09T11:11:34.330+0000] {dagbag.py:587} INFO - Filling up the DagBag from /home/airflow/.local/lib/python3.12/site-packages/airflow/example_dags/example_branch_python_dop_operator_3.py
[2024-09-09T11:11:34.352+0000] {processor.py:925} INFO - DAG(s) 'example_branch_dop_operator_v3' retrieved from /home/airflow/.local/lib/python3.12/site-packages/airflow/example_dags/example_branch_python_dop_operator_3.py
[2024-09-09T11:11:34.401+0000] {logging_mixin.py:190} INFO - [2024-09-09T11:11:34.401+0000] {dag.py:3229} INFO - Sync 1 DAGs
[2024-09-09T11:11:34.510+0000] {logging_mixin.py:190} INFO - [2024-09-09T11:11:34.509+0000] {dag.py:4156} INFO - Setting next_dagrun for example_branch_dop_operator_v3 to 2024-09-09 11:10:00+00:00, run_after=2024-09-09 11:11:00+00:00
[2024-09-09T11:11:34.580+0000] {processor.py:208} INFO - Processing /home/airflow/.local/lib/python3.12/site-packages/airflow/example_dags/example_branch_python_dop_operator_3.py took 0.270 seconds
[2024-09-09T11:12:05.779+0000] {processor.py:186} INFO - Started process (PID=465) to work on /home/airflow/.local/lib/python3.12/site-packages/airflow/example_dags/example_branch_python_dop_operator_3.py
[2024-09-09T11:12:05.782+0000] {processor.py:914} INFO - Processing file /home/airflow/.local/lib/python3.12/site-packages/airflow/example_dags/example_branch_python_dop_operator_3.py for tasks to queue
[2024-09-09T11:12:05.789+0000] {logging_mixin.py:190} INFO - [2024-09-09T11:12:05.788+0000] {dagbag.py:587} INFO - Filling up the DagBag from /home/airflow/.local/lib/python3.12/site-packages/airflow/example_dags/example_branch_python_dop_operator_3.py
[2024-09-09T11:12:05.839+0000] {processor.py:925} INFO - DAG(s) 'example_branch_dop_operator_v3' retrieved from /home/airflow/.local/lib/python3.12/site-packages/airflow/example_dags/example_branch_python_dop_operator_3.py
[2024-09-09T11:12:05.923+0000] {logging_mixin.py:190} INFO - [2024-09-09T11:12:05.922+0000] {dag.py:3229} INFO - Sync 1 DAGs
[2024-09-09T11:12:06.020+0000] {logging_mixin.py:190} INFO - [2024-09-09T11:12:06.020+0000] {dag.py:4156} INFO - Setting next_dagrun for example_branch_dop_operator_v3 to 2024-09-09 11:11:00+00:00, run_after=2024-09-09 11:12:00+00:00
[2024-09-09T11:12:06.080+0000] {processor.py:208} INFO - Processing /home/airflow/.local/lib/python3.12/site-packages/airflow/example_dags/example_branch_python_dop_operator_3.py took 0.319 seconds
[2024-09-09T11:12:40.323+0000] {processor.py:186} INFO - Started process (PID=527) to work on /home/airflow/.local/lib/python3.12/site-packages/airflow/example_dags/example_branch_python_dop_operator_3.py
[2024-09-09T11:12:40.336+0000] {processor.py:914} INFO - Processing file /home/airflow/.local/lib/python3.12/site-packages/airflow/example_dags/example_branch_python_dop_operator_3.py for tasks to queue
[2024-09-09T11:12:40.372+0000] {logging_mixin.py:190} INFO - [2024-09-09T11:12:40.369+0000] {dagbag.py:587} INFO - Filling up the DagBag from /home/airflow/.local/lib/python3.12/site-packages/airflow/example_dags/example_branch_python_dop_operator_3.py
[2024-09-09T11:12:40.748+0000] {processor.py:925} INFO - DAG(s) 'example_branch_dop_operator_v3' retrieved from /home/airflow/.local/lib/python3.12/site-packages/airflow/example_dags/example_branch_python_dop_operator_3.py
[2024-09-09T11:12:40.967+0000] {logging_mixin.py:190} INFO - [2024-09-09T11:12:40.966+0000] {dag.py:3229} INFO - Sync 1 DAGs
[2024-09-09T11:12:41.268+0000] {logging_mixin.py:190} INFO - [2024-09-09T11:12:41.267+0000] {dag.py:4156} INFO - Setting next_dagrun for example_branch_dop_operator_v3 to 2024-09-09 11:11:00+00:00, run_after=2024-09-09 11:12:00+00:00
[2024-09-09T11:12:41.446+0000] {processor.py:208} INFO - Processing /home/airflow/.local/lib/python3.12/site-packages/airflow/example_dags/example_branch_python_dop_operator_3.py took 1.150 seconds
[2024-09-09T11:13:31.707+0000] {processor.py:186} INFO - Started process (PID=589) to work on /home/airflow/.local/lib/python3.12/site-packages/airflow/example_dags/example_branch_python_dop_operator_3.py
[2024-09-09T11:13:31.709+0000] {processor.py:914} INFO - Processing file /home/airflow/.local/lib/python3.12/site-packages/airflow/example_dags/example_branch_python_dop_operator_3.py for tasks to queue
[2024-09-09T11:13:31.715+0000] {logging_mixin.py:190} INFO - [2024-09-09T11:13:31.715+0000] {dagbag.py:587} INFO - Filling up the DagBag from /home/airflow/.local/lib/python3.12/site-packages/airflow/example_dags/example_branch_python_dop_operator_3.py
[2024-09-09T11:13:31.758+0000] {processor.py:925} INFO - DAG(s) 'example_branch_dop_operator_v3' retrieved from /home/airflow/.local/lib/python3.12/site-packages/airflow/example_dags/example_branch_python_dop_operator_3.py
[2024-09-09T11:13:32.326+0000] {logging_mixin.py:190} INFO - [2024-09-09T11:13:32.323+0000] {dag.py:3229} INFO - Sync 1 DAGs
[2024-09-09T11:13:32.420+0000] {logging_mixin.py:190} INFO - [2024-09-09T11:13:32.419+0000] {dag.py:4156} INFO - Setting next_dagrun for example_branch_dop_operator_v3 to 2024-09-09 11:12:00+00:00, run_after=2024-09-09 11:13:00+00:00
[2024-09-09T11:13:32.488+0000] {processor.py:208} INFO - Processing /home/airflow/.local/lib/python3.12/site-packages/airflow/example_dags/example_branch_python_dop_operator_3.py took 0.799 seconds
