[2024-09-09T11:00:44.877+0000] {processor.py:186} INFO - Started process (PID=81) to work on /home/airflow/.local/lib/python3.12/site-packages/airflow/example_dags/example_short_circuit_decorator.py
[2024-09-09T11:00:44.879+0000] {processor.py:914} INFO - Processing file /home/airflow/.local/lib/python3.12/site-packages/airflow/example_dags/example_short_circuit_decorator.py for tasks to queue
[2024-09-09T11:00:44.883+0000] {logging_mixin.py:190} INFO - [2024-09-09T11:00:44.883+0000] {dagbag.py:587} INFO - Filling up the DagBag from /home/airflow/.local/lib/python3.12/site-packages/airflow/example_dags/example_short_circuit_decorator.py
[2024-09-09T11:00:44.904+0000] {processor.py:925} INFO - DAG(s) 'example_short_circuit_decorator' retrieved from /home/airflow/.local/lib/python3.12/site-packages/airflow/example_dags/example_short_circuit_decorator.py
[2024-09-09T11:00:45.183+0000] {logging_mixin.py:190} INFO - [2024-09-09T11:00:45.182+0000] {override.py:1900} INFO - Created Permission View: can delete on DAG:example_short_circuit_decorator
[2024-09-09T11:00:45.207+0000] {logging_mixin.py:190} INFO - [2024-09-09T11:00:45.206+0000] {override.py:1900} INFO - Created Permission View: can edit on DAG:example_short_circuit_decorator
[2024-09-09T11:00:45.238+0000] {logging_mixin.py:190} INFO - [2024-09-09T11:00:45.237+0000] {override.py:1900} INFO - Created Permission View: can read on DAG:example_short_circuit_decorator
[2024-09-09T11:00:45.258+0000] {logging_mixin.py:190} INFO - [2024-09-09T11:00:45.257+0000] {override.py:1900} INFO - Created Permission View: can delete on DAG Run:example_short_circuit_decorator
[2024-09-09T11:00:45.278+0000] {logging_mixin.py:190} INFO - [2024-09-09T11:00:45.277+0000] {override.py:1900} INFO - Created Permission View: can create on DAG Run:example_short_circuit_decorator
[2024-09-09T11:00:45.300+0000] {logging_mixin.py:190} INFO - [2024-09-09T11:00:45.299+0000] {override.py:1900} INFO - Created Permission View: can read on DAG Run:example_short_circuit_decorator
[2024-09-09T11:00:45.319+0000] {logging_mixin.py:190} INFO - [2024-09-09T11:00:45.318+0000] {override.py:1900} INFO - Created Permission View: menu access on DAG Run:example_short_circuit_decorator
[2024-09-09T11:00:45.321+0000] {logging_mixin.py:190} INFO - [2024-09-09T11:00:45.320+0000] {dag.py:3229} INFO - Sync 1 DAGs
[2024-09-09T11:00:45.352+0000] {logging_mixin.py:190} INFO - [2024-09-09T11:00:45.352+0000] {dag.py:3252} INFO - Creating ORM DAG for example_short_circuit_decorator
[2024-09-09T11:00:45.355+0000] {logging_mixin.py:190} INFO - [2024-09-09T11:00:45.355+0000] {dag.py:4156} INFO - Setting next_dagrun for example_short_circuit_decorator to None, run_after=None
[2024-09-09T11:00:45.397+0000] {processor.py:208} INFO - Processing /home/airflow/.local/lib/python3.12/site-packages/airflow/example_dags/example_short_circuit_decorator.py took 0.533 seconds
[2024-09-09T11:08:56.037+0000] {processor.py:186} INFO - Started process (PID=76) to work on /home/airflow/.local/lib/python3.12/site-packages/airflow/example_dags/example_short_circuit_decorator.py
[2024-09-09T11:08:56.039+0000] {processor.py:914} INFO - Processing file /home/airflow/.local/lib/python3.12/site-packages/airflow/example_dags/example_short_circuit_decorator.py for tasks to queue
[2024-09-09T11:08:56.044+0000] {logging_mixin.py:190} INFO - [2024-09-09T11:08:56.044+0000] {dagbag.py:587} INFO - Filling up the DagBag from /home/airflow/.local/lib/python3.12/site-packages/airflow/example_dags/example_short_circuit_decorator.py
[2024-09-09T11:08:56.062+0000] {processor.py:925} INFO - DAG(s) 'example_short_circuit_decorator' retrieved from /home/airflow/.local/lib/python3.12/site-packages/airflow/example_dags/example_short_circuit_decorator.py
[2024-09-09T11:08:56.128+0000] {logging_mixin.py:190} INFO - [2024-09-09T11:08:56.127+0000] {dag.py:3229} INFO - Sync 1 DAGs
[2024-09-09T11:08:56.157+0000] {logging_mixin.py:190} INFO - [2024-09-09T11:08:56.156+0000] {dag.py:4156} INFO - Setting next_dagrun for example_short_circuit_decorator to None, run_after=None
[2024-09-09T11:08:56.198+0000] {processor.py:208} INFO - Processing /home/airflow/.local/lib/python3.12/site-packages/airflow/example_dags/example_short_circuit_decorator.py took 0.175 seconds
[2024-09-09T11:09:27.064+0000] {processor.py:186} INFO - Started process (PID=138) to work on /home/airflow/.local/lib/python3.12/site-packages/airflow/example_dags/example_short_circuit_decorator.py
[2024-09-09T11:09:27.066+0000] {processor.py:914} INFO - Processing file /home/airflow/.local/lib/python3.12/site-packages/airflow/example_dags/example_short_circuit_decorator.py for tasks to queue
[2024-09-09T11:09:27.070+0000] {logging_mixin.py:190} INFO - [2024-09-09T11:09:27.069+0000] {dagbag.py:587} INFO - Filling up the DagBag from /home/airflow/.local/lib/python3.12/site-packages/airflow/example_dags/example_short_circuit_decorator.py
[2024-09-09T11:09:27.085+0000] {processor.py:925} INFO - DAG(s) 'example_short_circuit_decorator' retrieved from /home/airflow/.local/lib/python3.12/site-packages/airflow/example_dags/example_short_circuit_decorator.py
[2024-09-09T11:09:27.122+0000] {logging_mixin.py:190} INFO - [2024-09-09T11:09:27.122+0000] {dag.py:3229} INFO - Sync 1 DAGs
[2024-09-09T11:09:27.153+0000] {logging_mixin.py:190} INFO - [2024-09-09T11:09:27.153+0000] {dag.py:4156} INFO - Setting next_dagrun for example_short_circuit_decorator to None, run_after=None
[2024-09-09T11:09:27.184+0000] {processor.py:208} INFO - Processing /home/airflow/.local/lib/python3.12/site-packages/airflow/example_dags/example_short_circuit_decorator.py took 0.128 seconds
[2024-09-09T11:09:57.766+0000] {processor.py:186} INFO - Started process (PID=201) to work on /home/airflow/.local/lib/python3.12/site-packages/airflow/example_dags/example_short_circuit_decorator.py
[2024-09-09T11:09:57.768+0000] {processor.py:914} INFO - Processing file /home/airflow/.local/lib/python3.12/site-packages/airflow/example_dags/example_short_circuit_decorator.py for tasks to queue
[2024-09-09T11:09:57.772+0000] {logging_mixin.py:190} INFO - [2024-09-09T11:09:57.771+0000] {dagbag.py:587} INFO - Filling up the DagBag from /home/airflow/.local/lib/python3.12/site-packages/airflow/example_dags/example_short_circuit_decorator.py
[2024-09-09T11:09:57.791+0000] {processor.py:925} INFO - DAG(s) 'example_short_circuit_decorator' retrieved from /home/airflow/.local/lib/python3.12/site-packages/airflow/example_dags/example_short_circuit_decorator.py
[2024-09-09T11:09:57.839+0000] {logging_mixin.py:190} INFO - [2024-09-09T11:09:57.838+0000] {dag.py:3229} INFO - Sync 1 DAGs
[2024-09-09T11:09:57.872+0000] {logging_mixin.py:190} INFO - [2024-09-09T11:09:57.871+0000] {dag.py:4156} INFO - Setting next_dagrun for example_short_circuit_decorator to None, run_after=None
[2024-09-09T11:09:57.910+0000] {processor.py:208} INFO - Processing /home/airflow/.local/lib/python3.12/site-packages/airflow/example_dags/example_short_circuit_decorator.py took 0.153 seconds
[2024-09-09T11:10:28.364+0000] {processor.py:186} INFO - Started process (PID=263) to work on /home/airflow/.local/lib/python3.12/site-packages/airflow/example_dags/example_short_circuit_decorator.py
[2024-09-09T11:10:28.366+0000] {processor.py:914} INFO - Processing file /home/airflow/.local/lib/python3.12/site-packages/airflow/example_dags/example_short_circuit_decorator.py for tasks to queue
[2024-09-09T11:10:28.370+0000] {logging_mixin.py:190} INFO - [2024-09-09T11:10:28.369+0000] {dagbag.py:587} INFO - Filling up the DagBag from /home/airflow/.local/lib/python3.12/site-packages/airflow/example_dags/example_short_circuit_decorator.py
[2024-09-09T11:10:28.389+0000] {processor.py:925} INFO - DAG(s) 'example_short_circuit_decorator' retrieved from /home/airflow/.local/lib/python3.12/site-packages/airflow/example_dags/example_short_circuit_decorator.py
[2024-09-09T11:10:28.437+0000] {logging_mixin.py:190} INFO - [2024-09-09T11:10:28.436+0000] {dag.py:3229} INFO - Sync 1 DAGs
[2024-09-09T11:10:28.466+0000] {logging_mixin.py:190} INFO - [2024-09-09T11:10:28.465+0000] {dag.py:4156} INFO - Setting next_dagrun for example_short_circuit_decorator to None, run_after=None
[2024-09-09T11:10:28.504+0000] {processor.py:208} INFO - Processing /home/airflow/.local/lib/python3.12/site-packages/airflow/example_dags/example_short_circuit_decorator.py took 0.150 seconds
[2024-09-09T11:11:00.033+0000] {processor.py:186} INFO - Started process (PID=326) to work on /home/airflow/.local/lib/python3.12/site-packages/airflow/example_dags/example_short_circuit_decorator.py
[2024-09-09T11:11:00.035+0000] {processor.py:914} INFO - Processing file /home/airflow/.local/lib/python3.12/site-packages/airflow/example_dags/example_short_circuit_decorator.py for tasks to queue
[2024-09-09T11:11:00.039+0000] {logging_mixin.py:190} INFO - [2024-09-09T11:11:00.038+0000] {dagbag.py:587} INFO - Filling up the DagBag from /home/airflow/.local/lib/python3.12/site-packages/airflow/example_dags/example_short_circuit_decorator.py
[2024-09-09T11:11:00.060+0000] {processor.py:925} INFO - DAG(s) 'example_short_circuit_decorator' retrieved from /home/airflow/.local/lib/python3.12/site-packages/airflow/example_dags/example_short_circuit_decorator.py
[2024-09-09T11:11:00.107+0000] {logging_mixin.py:190} INFO - [2024-09-09T11:11:00.106+0000] {dag.py:3229} INFO - Sync 1 DAGs
[2024-09-09T11:11:00.136+0000] {logging_mixin.py:190} INFO - [2024-09-09T11:11:00.136+0000] {dag.py:4156} INFO - Setting next_dagrun for example_short_circuit_decorator to None, run_after=None
[2024-09-09T11:11:00.183+0000] {processor.py:208} INFO - Processing /home/airflow/.local/lib/python3.12/site-packages/airflow/example_dags/example_short_circuit_decorator.py took 0.159 seconds
[2024-09-09T11:11:30.388+0000] {processor.py:186} INFO - Started process (PID=388) to work on /home/airflow/.local/lib/python3.12/site-packages/airflow/example_dags/example_short_circuit_decorator.py
[2024-09-09T11:11:30.390+0000] {processor.py:914} INFO - Processing file /home/airflow/.local/lib/python3.12/site-packages/airflow/example_dags/example_short_circuit_decorator.py for tasks to queue
[2024-09-09T11:11:30.394+0000] {logging_mixin.py:190} INFO - [2024-09-09T11:11:30.393+0000] {dagbag.py:587} INFO - Filling up the DagBag from /home/airflow/.local/lib/python3.12/site-packages/airflow/example_dags/example_short_circuit_decorator.py
[2024-09-09T11:11:30.415+0000] {processor.py:925} INFO - DAG(s) 'example_short_circuit_decorator' retrieved from /home/airflow/.local/lib/python3.12/site-packages/airflow/example_dags/example_short_circuit_decorator.py
[2024-09-09T11:11:30.460+0000] {logging_mixin.py:190} INFO - [2024-09-09T11:11:30.460+0000] {dag.py:3229} INFO - Sync 1 DAGs
[2024-09-09T11:11:30.490+0000] {logging_mixin.py:190} INFO - [2024-09-09T11:11:30.489+0000] {dag.py:4156} INFO - Setting next_dagrun for example_short_circuit_decorator to None, run_after=None
[2024-09-09T11:11:30.528+0000] {processor.py:208} INFO - Processing /home/airflow/.local/lib/python3.12/site-packages/airflow/example_dags/example_short_circuit_decorator.py took 0.150 seconds
[2024-09-09T11:12:01.264+0000] {processor.py:186} INFO - Started process (PID=450) to work on /home/airflow/.local/lib/python3.12/site-packages/airflow/example_dags/example_short_circuit_decorator.py
[2024-09-09T11:12:01.266+0000] {processor.py:914} INFO - Processing file /home/airflow/.local/lib/python3.12/site-packages/airflow/example_dags/example_short_circuit_decorator.py for tasks to queue
[2024-09-09T11:12:01.271+0000] {logging_mixin.py:190} INFO - [2024-09-09T11:12:01.270+0000] {dagbag.py:587} INFO - Filling up the DagBag from /home/airflow/.local/lib/python3.12/site-packages/airflow/example_dags/example_short_circuit_decorator.py
[2024-09-09T11:12:01.303+0000] {processor.py:925} INFO - DAG(s) 'example_short_circuit_decorator' retrieved from /home/airflow/.local/lib/python3.12/site-packages/airflow/example_dags/example_short_circuit_decorator.py
[2024-09-09T11:12:01.385+0000] {logging_mixin.py:190} INFO - [2024-09-09T11:12:01.383+0000] {dag.py:3229} INFO - Sync 1 DAGs
[2024-09-09T11:12:01.430+0000] {logging_mixin.py:190} INFO - [2024-09-09T11:12:01.429+0000] {dag.py:4156} INFO - Setting next_dagrun for example_short_circuit_decorator to None, run_after=None
[2024-09-09T11:12:01.481+0000] {processor.py:208} INFO - Processing /home/airflow/.local/lib/python3.12/site-packages/airflow/example_dags/example_short_circuit_decorator.py took 0.229 seconds
[2024-09-09T11:12:33.496+0000] {processor.py:186} INFO - Started process (PID=512) to work on /home/airflow/.local/lib/python3.12/site-packages/airflow/example_dags/example_short_circuit_decorator.py
[2024-09-09T11:12:33.499+0000] {processor.py:914} INFO - Processing file /home/airflow/.local/lib/python3.12/site-packages/airflow/example_dags/example_short_circuit_decorator.py for tasks to queue
[2024-09-09T11:12:33.514+0000] {logging_mixin.py:190} INFO - [2024-09-09T11:12:33.513+0000] {dagbag.py:587} INFO - Filling up the DagBag from /home/airflow/.local/lib/python3.12/site-packages/airflow/example_dags/example_short_circuit_decorator.py
[2024-09-09T11:12:33.555+0000] {processor.py:925} INFO - DAG(s) 'example_short_circuit_decorator' retrieved from /home/airflow/.local/lib/python3.12/site-packages/airflow/example_dags/example_short_circuit_decorator.py
[2024-09-09T11:12:33.665+0000] {logging_mixin.py:190} INFO - [2024-09-09T11:12:33.664+0000] {dag.py:3229} INFO - Sync 1 DAGs
[2024-09-09T11:12:33.728+0000] {logging_mixin.py:190} INFO - [2024-09-09T11:12:33.727+0000] {dag.py:4156} INFO - Setting next_dagrun for example_short_circuit_decorator to None, run_after=None
[2024-09-09T11:12:33.799+0000] {processor.py:208} INFO - Processing /home/airflow/.local/lib/python3.12/site-packages/airflow/example_dags/example_short_circuit_decorator.py took 0.330 seconds
[2024-09-09T11:13:25.842+0000] {processor.py:186} INFO - Started process (PID=574) to work on /home/airflow/.local/lib/python3.12/site-packages/airflow/example_dags/example_short_circuit_decorator.py
[2024-09-09T11:13:25.844+0000] {processor.py:914} INFO - Processing file /home/airflow/.local/lib/python3.12/site-packages/airflow/example_dags/example_short_circuit_decorator.py for tasks to queue
[2024-09-09T11:13:25.848+0000] {logging_mixin.py:190} INFO - [2024-09-09T11:13:25.847+0000] {dagbag.py:587} INFO - Filling up the DagBag from /home/airflow/.local/lib/python3.12/site-packages/airflow/example_dags/example_short_circuit_decorator.py
[2024-09-09T11:13:25.876+0000] {processor.py:925} INFO - DAG(s) 'example_short_circuit_decorator' retrieved from /home/airflow/.local/lib/python3.12/site-packages/airflow/example_dags/example_short_circuit_decorator.py
[2024-09-09T11:13:25.954+0000] {logging_mixin.py:190} INFO - [2024-09-09T11:13:25.954+0000] {dag.py:3229} INFO - Sync 1 DAGs
[2024-09-09T11:13:26.019+0000] {logging_mixin.py:190} INFO - [2024-09-09T11:13:26.018+0000] {dag.py:4156} INFO - Setting next_dagrun for example_short_circuit_decorator to None, run_after=None
[2024-09-09T11:13:26.086+0000] {processor.py:208} INFO - Processing /home/airflow/.local/lib/python3.12/site-packages/airflow/example_dags/example_short_circuit_decorator.py took 0.255 seconds
