[2024-09-09T11:00:54.350+0000] {processor.py:186} INFO - Started process (PID=106) to work on /home/airflow/.local/lib/python3.12/site-packages/airflow/example_dags/example_datasets.py
[2024-09-09T11:00:54.351+0000] {processor.py:914} INFO - Processing file /home/airflow/.local/lib/python3.12/site-packages/airflow/example_dags/example_datasets.py for tasks to queue
[2024-09-09T11:00:54.355+0000] {logging_mixin.py:190} INFO - [2024-09-09T11:00:54.355+0000] {dagbag.py:587} INFO - Filling up the DagBag from /home/airflow/.local/lib/python3.12/site-packages/airflow/example_dags/example_datasets.py
[2024-09-09T11:00:54.633+0000] {processor.py:925} INFO - DAG(s) 'dataset_consumes_1', 'consume_1_or_both_2_and_3_with_dataset_expressions', 'consume_1_or_2_with_dataset_expressions', 'dataset_produces_2', 'consume_1_and_2_with_dataset_expressions', 'dataset_consumes_1_never_scheduled', 'dataset_produces_1', 'dataset_consumes_1_and_2', 'conditional_dataset_and_time_based_timetable', 'dataset_consumes_unknown_never_scheduled' retrieved from /home/airflow/.local/lib/python3.12/site-packages/airflow/example_dags/example_datasets.py
[2024-09-09T11:00:54.810+0000] {logging_mixin.py:190} INFO - [2024-09-09T11:00:54.808+0000] {override.py:1900} INFO - Created Permission View: can delete on DAG:dataset_consumes_1
[2024-09-09T11:00:54.834+0000] {logging_mixin.py:190} INFO - [2024-09-09T11:00:54.833+0000] {override.py:1900} INFO - Created Permission View: can edit on DAG:dataset_consumes_1
[2024-09-09T11:00:54.848+0000] {logging_mixin.py:190} INFO - [2024-09-09T11:00:54.848+0000] {override.py:1900} INFO - Created Permission View: can read on DAG:dataset_consumes_1
[2024-09-09T11:00:54.868+0000] {logging_mixin.py:190} INFO - [2024-09-09T11:00:54.867+0000] {override.py:1900} INFO - Created Permission View: can delete on DAG Run:dataset_consumes_1
[2024-09-09T11:00:54.885+0000] {logging_mixin.py:190} INFO - [2024-09-09T11:00:54.884+0000] {override.py:1900} INFO - Created Permission View: can create on DAG Run:dataset_consumes_1
[2024-09-09T11:00:54.900+0000] {logging_mixin.py:190} INFO - [2024-09-09T11:00:54.900+0000] {override.py:1900} INFO - Created Permission View: can read on DAG Run:dataset_consumes_1
[2024-09-09T11:00:54.917+0000] {logging_mixin.py:190} INFO - [2024-09-09T11:00:54.916+0000] {override.py:1900} INFO - Created Permission View: menu access on DAG Run:dataset_consumes_1
[2024-09-09T11:00:54.953+0000] {logging_mixin.py:190} INFO - [2024-09-09T11:00:54.952+0000] {override.py:1900} INFO - Created Permission View: can delete on DAG:consume_1_or_both_2_and_3_with_dataset_expressions
[2024-09-09T11:00:54.971+0000] {logging_mixin.py:190} INFO - [2024-09-09T11:00:54.970+0000] {override.py:1900} INFO - Created Permission View: can edit on DAG:consume_1_or_both_2_and_3_with_dataset_expressions
[2024-09-09T11:00:54.989+0000] {logging_mixin.py:190} INFO - [2024-09-09T11:00:54.988+0000] {override.py:1900} INFO - Created Permission View: can read on DAG:consume_1_or_both_2_and_3_with_dataset_expressions
[2024-09-09T11:00:55.009+0000] {logging_mixin.py:190} INFO - [2024-09-09T11:00:55.008+0000] {override.py:1900} INFO - Created Permission View: can delete on DAG Run:consume_1_or_both_2_and_3_with_dataset_expressions
[2024-09-09T11:00:55.026+0000] {logging_mixin.py:190} INFO - [2024-09-09T11:00:55.025+0000] {override.py:1900} INFO - Created Permission View: can create on DAG Run:consume_1_or_both_2_and_3_with_dataset_expressions
[2024-09-09T11:00:55.042+0000] {logging_mixin.py:190} INFO - [2024-09-09T11:00:55.042+0000] {override.py:1900} INFO - Created Permission View: can read on DAG Run:consume_1_or_both_2_and_3_with_dataset_expressions
[2024-09-09T11:00:55.062+0000] {logging_mixin.py:190} INFO - [2024-09-09T11:00:55.061+0000] {override.py:1900} INFO - Created Permission View: menu access on DAG Run:consume_1_or_both_2_and_3_with_dataset_expressions
[2024-09-09T11:00:55.090+0000] {logging_mixin.py:190} INFO - [2024-09-09T11:00:55.090+0000] {override.py:1900} INFO - Created Permission View: can delete on DAG:consume_1_or_2_with_dataset_expressions
[2024-09-09T11:00:55.108+0000] {logging_mixin.py:190} INFO - [2024-09-09T11:00:55.107+0000] {override.py:1900} INFO - Created Permission View: can edit on DAG:consume_1_or_2_with_dataset_expressions
[2024-09-09T11:00:55.125+0000] {logging_mixin.py:190} INFO - [2024-09-09T11:00:55.124+0000] {override.py:1900} INFO - Created Permission View: can read on DAG:consume_1_or_2_with_dataset_expressions
[2024-09-09T11:00:55.146+0000] {logging_mixin.py:190} INFO - [2024-09-09T11:00:55.146+0000] {override.py:1900} INFO - Created Permission View: can delete on DAG Run:consume_1_or_2_with_dataset_expressions
[2024-09-09T11:00:55.165+0000] {logging_mixin.py:190} INFO - [2024-09-09T11:00:55.164+0000] {override.py:1900} INFO - Created Permission View: can create on DAG Run:consume_1_or_2_with_dataset_expressions
[2024-09-09T11:00:55.183+0000] {logging_mixin.py:190} INFO - [2024-09-09T11:00:55.182+0000] {override.py:1900} INFO - Created Permission View: can read on DAG Run:consume_1_or_2_with_dataset_expressions
[2024-09-09T11:00:55.200+0000] {logging_mixin.py:190} INFO - [2024-09-09T11:00:55.199+0000] {override.py:1900} INFO - Created Permission View: menu access on DAG Run:consume_1_or_2_with_dataset_expressions
[2024-09-09T11:00:55.235+0000] {logging_mixin.py:190} INFO - [2024-09-09T11:00:55.234+0000] {override.py:1900} INFO - Created Permission View: can delete on DAG:dataset_produces_2
[2024-09-09T11:00:55.253+0000] {logging_mixin.py:190} INFO - [2024-09-09T11:00:55.252+0000] {override.py:1900} INFO - Created Permission View: can edit on DAG:dataset_produces_2
[2024-09-09T11:00:55.269+0000] {logging_mixin.py:190} INFO - [2024-09-09T11:00:55.268+0000] {override.py:1900} INFO - Created Permission View: can read on DAG:dataset_produces_2
[2024-09-09T11:00:55.291+0000] {logging_mixin.py:190} INFO - [2024-09-09T11:00:55.291+0000] {override.py:1900} INFO - Created Permission View: can delete on DAG Run:dataset_produces_2
[2024-09-09T11:00:55.313+0000] {logging_mixin.py:190} INFO - [2024-09-09T11:00:55.313+0000] {override.py:1900} INFO - Created Permission View: can create on DAG Run:dataset_produces_2
[2024-09-09T11:00:55.337+0000] {logging_mixin.py:190} INFO - [2024-09-09T11:00:55.336+0000] {override.py:1900} INFO - Created Permission View: can read on DAG Run:dataset_produces_2
[2024-09-09T11:00:55.355+0000] {logging_mixin.py:190} INFO - [2024-09-09T11:00:55.354+0000] {override.py:1900} INFO - Created Permission View: menu access on DAG Run:dataset_produces_2
[2024-09-09T11:00:55.393+0000] {logging_mixin.py:190} INFO - [2024-09-09T11:00:55.391+0000] {override.py:1900} INFO - Created Permission View: can delete on DAG:consume_1_and_2_with_dataset_expressions
[2024-09-09T11:00:55.412+0000] {logging_mixin.py:190} INFO - [2024-09-09T11:00:55.411+0000] {override.py:1900} INFO - Created Permission View: can edit on DAG:consume_1_and_2_with_dataset_expressions
[2024-09-09T11:00:55.431+0000] {logging_mixin.py:190} INFO - [2024-09-09T11:00:55.430+0000] {override.py:1900} INFO - Created Permission View: can read on DAG:consume_1_and_2_with_dataset_expressions
[2024-09-09T11:00:55.450+0000] {logging_mixin.py:190} INFO - [2024-09-09T11:00:55.449+0000] {override.py:1900} INFO - Created Permission View: can delete on DAG Run:consume_1_and_2_with_dataset_expressions
[2024-09-09T11:00:55.468+0000] {logging_mixin.py:190} INFO - [2024-09-09T11:00:55.467+0000] {override.py:1900} INFO - Created Permission View: can create on DAG Run:consume_1_and_2_with_dataset_expressions
[2024-09-09T11:00:55.485+0000] {logging_mixin.py:190} INFO - [2024-09-09T11:00:55.485+0000] {override.py:1900} INFO - Created Permission View: can read on DAG Run:consume_1_and_2_with_dataset_expressions
[2024-09-09T11:00:55.504+0000] {logging_mixin.py:190} INFO - [2024-09-09T11:00:55.503+0000] {override.py:1900} INFO - Created Permission View: menu access on DAG Run:consume_1_and_2_with_dataset_expressions
[2024-09-09T11:00:55.543+0000] {logging_mixin.py:190} INFO - [2024-09-09T11:00:55.542+0000] {override.py:1900} INFO - Created Permission View: can delete on DAG:dataset_consumes_1_never_scheduled
[2024-09-09T11:00:55.566+0000] {logging_mixin.py:190} INFO - [2024-09-09T11:00:55.565+0000] {override.py:1900} INFO - Created Permission View: can edit on DAG:dataset_consumes_1_never_scheduled
[2024-09-09T11:00:55.586+0000] {logging_mixin.py:190} INFO - [2024-09-09T11:00:55.585+0000] {override.py:1900} INFO - Created Permission View: can read on DAG:dataset_consumes_1_never_scheduled
[2024-09-09T11:00:55.606+0000] {logging_mixin.py:190} INFO - [2024-09-09T11:00:55.605+0000] {override.py:1900} INFO - Created Permission View: can delete on DAG Run:dataset_consumes_1_never_scheduled
[2024-09-09T11:00:55.623+0000] {logging_mixin.py:190} INFO - [2024-09-09T11:00:55.622+0000] {override.py:1900} INFO - Created Permission View: can create on DAG Run:dataset_consumes_1_never_scheduled
[2024-09-09T11:00:55.640+0000] {logging_mixin.py:190} INFO - [2024-09-09T11:00:55.640+0000] {override.py:1900} INFO - Created Permission View: can read on DAG Run:dataset_consumes_1_never_scheduled
[2024-09-09T11:00:55.659+0000] {logging_mixin.py:190} INFO - [2024-09-09T11:00:55.658+0000] {override.py:1900} INFO - Created Permission View: menu access on DAG Run:dataset_consumes_1_never_scheduled
[2024-09-09T11:00:55.691+0000] {logging_mixin.py:190} INFO - [2024-09-09T11:00:55.690+0000] {override.py:1900} INFO - Created Permission View: can delete on DAG:dataset_produces_1
[2024-09-09T11:00:55.720+0000] {logging_mixin.py:190} INFO - [2024-09-09T11:00:55.720+0000] {override.py:1900} INFO - Created Permission View: can edit on DAG:dataset_produces_1
[2024-09-09T11:00:55.737+0000] {logging_mixin.py:190} INFO - [2024-09-09T11:00:55.736+0000] {override.py:1900} INFO - Created Permission View: can read on DAG:dataset_produces_1
[2024-09-09T11:00:55.758+0000] {logging_mixin.py:190} INFO - [2024-09-09T11:00:55.757+0000] {override.py:1900} INFO - Created Permission View: can delete on DAG Run:dataset_produces_1
[2024-09-09T11:00:55.783+0000] {logging_mixin.py:190} INFO - [2024-09-09T11:00:55.782+0000] {override.py:1900} INFO - Created Permission View: can create on DAG Run:dataset_produces_1
[2024-09-09T11:00:55.801+0000] {logging_mixin.py:190} INFO - [2024-09-09T11:00:55.800+0000] {override.py:1900} INFO - Created Permission View: can read on DAG Run:dataset_produces_1
[2024-09-09T11:00:55.816+0000] {logging_mixin.py:190} INFO - [2024-09-09T11:00:55.815+0000] {override.py:1900} INFO - Created Permission View: menu access on DAG Run:dataset_produces_1
[2024-09-09T11:00:55.845+0000] {logging_mixin.py:190} INFO - [2024-09-09T11:00:55.845+0000] {override.py:1900} INFO - Created Permission View: can delete on DAG:dataset_consumes_1_and_2
[2024-09-09T11:00:55.863+0000] {logging_mixin.py:190} INFO - [2024-09-09T11:00:55.862+0000] {override.py:1900} INFO - Created Permission View: can edit on DAG:dataset_consumes_1_and_2
[2024-09-09T11:00:55.880+0000] {logging_mixin.py:190} INFO - [2024-09-09T11:00:55.880+0000] {override.py:1900} INFO - Created Permission View: can read on DAG:dataset_consumes_1_and_2
[2024-09-09T11:00:55.900+0000] {logging_mixin.py:190} INFO - [2024-09-09T11:00:55.899+0000] {override.py:1900} INFO - Created Permission View: can delete on DAG Run:dataset_consumes_1_and_2
[2024-09-09T11:00:55.918+0000] {logging_mixin.py:190} INFO - [2024-09-09T11:00:55.917+0000] {override.py:1900} INFO - Created Permission View: can create on DAG Run:dataset_consumes_1_and_2
[2024-09-09T11:00:55.938+0000] {logging_mixin.py:190} INFO - [2024-09-09T11:00:55.937+0000] {override.py:1900} INFO - Created Permission View: can read on DAG Run:dataset_consumes_1_and_2
[2024-09-09T11:00:55.955+0000] {logging_mixin.py:190} INFO - [2024-09-09T11:00:55.954+0000] {override.py:1900} INFO - Created Permission View: menu access on DAG Run:dataset_consumes_1_and_2
[2024-09-09T11:00:55.992+0000] {logging_mixin.py:190} INFO - [2024-09-09T11:00:55.991+0000] {override.py:1900} INFO - Created Permission View: can delete on DAG:conditional_dataset_and_time_based_timetable
[2024-09-09T11:00:56.021+0000] {logging_mixin.py:190} INFO - [2024-09-09T11:00:56.020+0000] {override.py:1900} INFO - Created Permission View: can edit on DAG:conditional_dataset_and_time_based_timetable
[2024-09-09T11:00:56.059+0000] {logging_mixin.py:190} INFO - [2024-09-09T11:00:56.058+0000] {override.py:1900} INFO - Created Permission View: can read on DAG:conditional_dataset_and_time_based_timetable
[2024-09-09T11:00:56.084+0000] {logging_mixin.py:190} INFO - [2024-09-09T11:00:56.083+0000] {override.py:1900} INFO - Created Permission View: can delete on DAG Run:conditional_dataset_and_time_based_timetable
[2024-09-09T11:00:56.107+0000] {logging_mixin.py:190} INFO - [2024-09-09T11:00:56.107+0000] {override.py:1900} INFO - Created Permission View: can create on DAG Run:conditional_dataset_and_time_based_timetable
[2024-09-09T11:00:56.128+0000] {logging_mixin.py:190} INFO - [2024-09-09T11:00:56.127+0000] {override.py:1900} INFO - Created Permission View: can read on DAG Run:conditional_dataset_and_time_based_timetable
[2024-09-09T11:00:56.146+0000] {logging_mixin.py:190} INFO - [2024-09-09T11:00:56.145+0000] {override.py:1900} INFO - Created Permission View: menu access on DAG Run:conditional_dataset_and_time_based_timetable
[2024-09-09T11:00:56.178+0000] {logging_mixin.py:190} INFO - [2024-09-09T11:00:56.177+0000] {override.py:1900} INFO - Created Permission View: can delete on DAG:dataset_consumes_unknown_never_scheduled
[2024-09-09T11:00:56.195+0000] {logging_mixin.py:190} INFO - [2024-09-09T11:00:56.195+0000] {override.py:1900} INFO - Created Permission View: can edit on DAG:dataset_consumes_unknown_never_scheduled
[2024-09-09T11:00:56.213+0000] {logging_mixin.py:190} INFO - [2024-09-09T11:00:56.212+0000] {override.py:1900} INFO - Created Permission View: can read on DAG:dataset_consumes_unknown_never_scheduled
[2024-09-09T11:00:56.233+0000] {logging_mixin.py:190} INFO - [2024-09-09T11:00:56.232+0000] {override.py:1900} INFO - Created Permission View: can delete on DAG Run:dataset_consumes_unknown_never_scheduled
[2024-09-09T11:00:56.251+0000] {logging_mixin.py:190} INFO - [2024-09-09T11:00:56.250+0000] {override.py:1900} INFO - Created Permission View: can create on DAG Run:dataset_consumes_unknown_never_scheduled
[2024-09-09T11:00:56.268+0000] {logging_mixin.py:190} INFO - [2024-09-09T11:00:56.268+0000] {override.py:1900} INFO - Created Permission View: can read on DAG Run:dataset_consumes_unknown_never_scheduled
[2024-09-09T11:00:56.286+0000] {logging_mixin.py:190} INFO - [2024-09-09T11:00:56.285+0000] {override.py:1900} INFO - Created Permission View: menu access on DAG Run:dataset_consumes_unknown_never_scheduled
[2024-09-09T11:00:56.288+0000] {logging_mixin.py:190} INFO - [2024-09-09T11:00:56.287+0000] {dag.py:3229} INFO - Sync 10 DAGs
[2024-09-09T11:00:56.342+0000] {logging_mixin.py:190} INFO - [2024-09-09T11:00:56.341+0000] {dag.py:3252} INFO - Creating ORM DAG for dataset_consumes_1
[2024-09-09T11:00:56.344+0000] {logging_mixin.py:190} INFO - [2024-09-09T11:00:56.344+0000] {dag.py:3252} INFO - Creating ORM DAG for dataset_consumes_1_and_2
[2024-09-09T11:00:56.347+0000] {logging_mixin.py:190} INFO - [2024-09-09T11:00:56.346+0000] {dag.py:3252} INFO - Creating ORM DAG for conditional_dataset_and_time_based_timetable
[2024-09-09T11:00:56.350+0000] {logging_mixin.py:190} INFO - [2024-09-09T11:00:56.349+0000] {dag.py:3252} INFO - Creating ORM DAG for dataset_consumes_unknown_never_scheduled
[2024-09-09T11:00:56.354+0000] {logging_mixin.py:190} INFO - [2024-09-09T11:00:56.354+0000] {dag.py:3252} INFO - Creating ORM DAG for consume_1_and_2_with_dataset_expressions
[2024-09-09T11:00:56.357+0000] {logging_mixin.py:190} INFO - [2024-09-09T11:00:56.356+0000] {dag.py:3252} INFO - Creating ORM DAG for consume_1_or_2_with_dataset_expressions
[2024-09-09T11:00:56.359+0000] {logging_mixin.py:190} INFO - [2024-09-09T11:00:56.359+0000] {dag.py:3252} INFO - Creating ORM DAG for dataset_consumes_1_never_scheduled
[2024-09-09T11:00:56.362+0000] {logging_mixin.py:190} INFO - [2024-09-09T11:00:56.362+0000] {dag.py:3252} INFO - Creating ORM DAG for dataset_produces_1
[2024-09-09T11:00:56.366+0000] {logging_mixin.py:190} INFO - [2024-09-09T11:00:56.365+0000] {dag.py:3252} INFO - Creating ORM DAG for dataset_produces_2
[2024-09-09T11:00:56.369+0000] {logging_mixin.py:190} INFO - [2024-09-09T11:00:56.368+0000] {dag.py:3252} INFO - Creating ORM DAG for consume_1_or_both_2_and_3_with_dataset_expressions
[2024-09-09T11:00:56.405+0000] {logging_mixin.py:190} INFO - [2024-09-09T11:00:56.405+0000] {dag.py:4156} INFO - Setting next_dagrun for conditional_dataset_and_time_based_timetable to 2024-09-04 01:00:00+00:00, run_after=2024-09-04 01:00:00+00:00
[2024-09-09T11:00:56.408+0000] {logging_mixin.py:190} INFO - [2024-09-09T11:00:56.407+0000] {dag.py:4156} INFO - Setting next_dagrun for consume_1_and_2_with_dataset_expressions to None, run_after=None
[2024-09-09T11:00:56.410+0000] {logging_mixin.py:190} INFO - [2024-09-09T11:00:56.409+0000] {dag.py:4156} INFO - Setting next_dagrun for consume_1_or_2_with_dataset_expressions to None, run_after=None
[2024-09-09T11:00:56.411+0000] {logging_mixin.py:190} INFO - [2024-09-09T11:00:56.411+0000] {dag.py:4156} INFO - Setting next_dagrun for consume_1_or_both_2_and_3_with_dataset_expressions to None, run_after=None
[2024-09-09T11:00:56.413+0000] {logging_mixin.py:190} INFO - [2024-09-09T11:00:56.412+0000] {dag.py:4156} INFO - Setting next_dagrun for dataset_consumes_1 to None, run_after=None
[2024-09-09T11:00:56.415+0000] {logging_mixin.py:190} INFO - [2024-09-09T11:00:56.415+0000] {dag.py:4156} INFO - Setting next_dagrun for dataset_consumes_1_and_2 to None, run_after=None
[2024-09-09T11:00:56.419+0000] {logging_mixin.py:190} INFO - [2024-09-09T11:00:56.418+0000] {dag.py:4156} INFO - Setting next_dagrun for dataset_consumes_1_never_scheduled to None, run_after=None
[2024-09-09T11:00:56.422+0000] {logging_mixin.py:190} INFO - [2024-09-09T11:00:56.421+0000] {dag.py:4156} INFO - Setting next_dagrun for dataset_consumes_unknown_never_scheduled to None, run_after=None
[2024-09-09T11:00:56.429+0000] {logging_mixin.py:190} INFO - [2024-09-09T11:00:56.428+0000] {dag.py:4156} INFO - Setting next_dagrun for dataset_produces_1 to 2024-09-08 00:00:00+00:00, run_after=2024-09-09 00:00:00+00:00
[2024-09-09T11:00:56.431+0000] {logging_mixin.py:190} INFO - [2024-09-09T11:00:56.430+0000] {dag.py:4156} INFO - Setting next_dagrun for dataset_produces_2 to None, run_after=None
[2024-09-09T11:00:56.531+0000] {processor.py:208} INFO - Processing /home/airflow/.local/lib/python3.12/site-packages/airflow/example_dags/example_datasets.py took 2.190 seconds
[2024-09-09T11:08:59.795+0000] {processor.py:186} INFO - Started process (PID=101) to work on /home/airflow/.local/lib/python3.12/site-packages/airflow/example_dags/example_datasets.py
[2024-09-09T11:08:59.796+0000] {processor.py:914} INFO - Processing file /home/airflow/.local/lib/python3.12/site-packages/airflow/example_dags/example_datasets.py for tasks to queue
[2024-09-09T11:08:59.800+0000] {logging_mixin.py:190} INFO - [2024-09-09T11:08:59.799+0000] {dagbag.py:587} INFO - Filling up the DagBag from /home/airflow/.local/lib/python3.12/site-packages/airflow/example_dags/example_datasets.py
[2024-09-09T11:09:00.028+0000] {processor.py:925} INFO - DAG(s) 'dataset_produces_1', 'dataset_produces_2', 'consume_1_or_2_with_dataset_expressions', 'dataset_consumes_1', 'dataset_consumes_unknown_never_scheduled', 'conditional_dataset_and_time_based_timetable', 'dataset_consumes_1_and_2', 'consume_1_and_2_with_dataset_expressions', 'dataset_consumes_1_never_scheduled', 'consume_1_or_both_2_and_3_with_dataset_expressions' retrieved from /home/airflow/.local/lib/python3.12/site-packages/airflow/example_dags/example_datasets.py
[2024-09-09T11:09:00.101+0000] {logging_mixin.py:190} INFO - [2024-09-09T11:09:00.101+0000] {dag.py:3229} INFO - Sync 10 DAGs
[2024-09-09T11:09:00.144+0000] {logging_mixin.py:190} INFO - [2024-09-09T11:09:00.144+0000] {dag.py:4156} INFO - Setting next_dagrun for conditional_dataset_and_time_based_timetable to 2024-09-04 01:00:00+00:00, run_after=2024-09-04 01:00:00+00:00
[2024-09-09T11:09:00.151+0000] {logging_mixin.py:190} INFO - [2024-09-09T11:09:00.150+0000] {dag.py:4156} INFO - Setting next_dagrun for consume_1_and_2_with_dataset_expressions to None, run_after=None
[2024-09-09T11:09:00.153+0000] {logging_mixin.py:190} INFO - [2024-09-09T11:09:00.153+0000] {dag.py:4156} INFO - Setting next_dagrun for consume_1_or_2_with_dataset_expressions to None, run_after=None
[2024-09-09T11:09:00.156+0000] {logging_mixin.py:190} INFO - [2024-09-09T11:09:00.156+0000] {dag.py:4156} INFO - Setting next_dagrun for consume_1_or_both_2_and_3_with_dataset_expressions to None, run_after=None
[2024-09-09T11:09:00.159+0000] {logging_mixin.py:190} INFO - [2024-09-09T11:09:00.159+0000] {dag.py:4156} INFO - Setting next_dagrun for dataset_consumes_1 to None, run_after=None
[2024-09-09T11:09:00.162+0000] {logging_mixin.py:190} INFO - [2024-09-09T11:09:00.161+0000] {dag.py:4156} INFO - Setting next_dagrun for dataset_consumes_1_and_2 to None, run_after=None
[2024-09-09T11:09:00.165+0000] {logging_mixin.py:190} INFO - [2024-09-09T11:09:00.164+0000] {dag.py:4156} INFO - Setting next_dagrun for dataset_consumes_1_never_scheduled to None, run_after=None
[2024-09-09T11:09:00.167+0000] {logging_mixin.py:190} INFO - [2024-09-09T11:09:00.167+0000] {dag.py:4156} INFO - Setting next_dagrun for dataset_consumes_unknown_never_scheduled to None, run_after=None
[2024-09-09T11:09:00.172+0000] {logging_mixin.py:190} INFO - [2024-09-09T11:09:00.172+0000] {dag.py:4156} INFO - Setting next_dagrun for dataset_produces_1 to 2024-09-08 00:00:00+00:00, run_after=2024-09-09 00:00:00+00:00
[2024-09-09T11:09:00.176+0000] {logging_mixin.py:190} INFO - [2024-09-09T11:09:00.175+0000] {dag.py:4156} INFO - Setting next_dagrun for dataset_produces_2 to None, run_after=None
[2024-09-09T11:09:00.266+0000] {processor.py:208} INFO - Processing /home/airflow/.local/lib/python3.12/site-packages/airflow/example_dags/example_datasets.py took 0.478 seconds
[2024-09-09T11:09:30.376+0000] {processor.py:186} INFO - Started process (PID=163) to work on /home/airflow/.local/lib/python3.12/site-packages/airflow/example_dags/example_datasets.py
[2024-09-09T11:09:30.378+0000] {processor.py:914} INFO - Processing file /home/airflow/.local/lib/python3.12/site-packages/airflow/example_dags/example_datasets.py for tasks to queue
[2024-09-09T11:09:30.381+0000] {logging_mixin.py:190} INFO - [2024-09-09T11:09:30.381+0000] {dagbag.py:587} INFO - Filling up the DagBag from /home/airflow/.local/lib/python3.12/site-packages/airflow/example_dags/example_datasets.py
[2024-09-09T11:09:30.659+0000] {processor.py:925} INFO - DAG(s) 'dataset_consumes_1_and_2', 'dataset_consumes_unknown_never_scheduled', 'consume_1_and_2_with_dataset_expressions', 'dataset_produces_2', 'dataset_consumes_1', 'conditional_dataset_and_time_based_timetable', 'dataset_produces_1', 'consume_1_or_2_with_dataset_expressions', 'consume_1_or_both_2_and_3_with_dataset_expressions', 'dataset_consumes_1_never_scheduled' retrieved from /home/airflow/.local/lib/python3.12/site-packages/airflow/example_dags/example_datasets.py
[2024-09-09T11:09:30.755+0000] {logging_mixin.py:190} INFO - [2024-09-09T11:09:30.755+0000] {dag.py:3229} INFO - Sync 10 DAGs
[2024-09-09T11:09:30.809+0000] {logging_mixin.py:190} INFO - [2024-09-09T11:09:30.809+0000] {dag.py:4156} INFO - Setting next_dagrun for conditional_dataset_and_time_based_timetable to 2024-09-04 01:00:00+00:00, run_after=2024-09-04 01:00:00+00:00
[2024-09-09T11:09:30.819+0000] {logging_mixin.py:190} INFO - [2024-09-09T11:09:30.818+0000] {dag.py:4156} INFO - Setting next_dagrun for consume_1_and_2_with_dataset_expressions to None, run_after=None
[2024-09-09T11:09:30.822+0000] {logging_mixin.py:190} INFO - [2024-09-09T11:09:30.822+0000] {dag.py:4156} INFO - Setting next_dagrun for consume_1_or_2_with_dataset_expressions to None, run_after=None
[2024-09-09T11:09:30.826+0000] {logging_mixin.py:190} INFO - [2024-09-09T11:09:30.825+0000] {dag.py:4156} INFO - Setting next_dagrun for consume_1_or_both_2_and_3_with_dataset_expressions to None, run_after=None
[2024-09-09T11:09:30.830+0000] {logging_mixin.py:190} INFO - [2024-09-09T11:09:30.829+0000] {dag.py:4156} INFO - Setting next_dagrun for dataset_consumes_1 to None, run_after=None
[2024-09-09T11:09:30.834+0000] {logging_mixin.py:190} INFO - [2024-09-09T11:09:30.833+0000] {dag.py:4156} INFO - Setting next_dagrun for dataset_consumes_1_and_2 to None, run_after=None
[2024-09-09T11:09:30.838+0000] {logging_mixin.py:190} INFO - [2024-09-09T11:09:30.838+0000] {dag.py:4156} INFO - Setting next_dagrun for dataset_consumes_1_never_scheduled to None, run_after=None
[2024-09-09T11:09:30.842+0000] {logging_mixin.py:190} INFO - [2024-09-09T11:09:30.841+0000] {dag.py:4156} INFO - Setting next_dagrun for dataset_consumes_unknown_never_scheduled to None, run_after=None
[2024-09-09T11:09:30.850+0000] {logging_mixin.py:190} INFO - [2024-09-09T11:09:30.849+0000] {dag.py:4156} INFO - Setting next_dagrun for dataset_produces_1 to 2024-09-08 00:00:00+00:00, run_after=2024-09-09 00:00:00+00:00
[2024-09-09T11:09:30.853+0000] {logging_mixin.py:190} INFO - [2024-09-09T11:09:30.852+0000] {dag.py:4156} INFO - Setting next_dagrun for dataset_produces_2 to None, run_after=None
[2024-09-09T11:09:30.953+0000] {processor.py:208} INFO - Processing /home/airflow/.local/lib/python3.12/site-packages/airflow/example_dags/example_datasets.py took 0.585 seconds
[2024-09-09T11:10:01.230+0000] {processor.py:186} INFO - Started process (PID=226) to work on /home/airflow/.local/lib/python3.12/site-packages/airflow/example_dags/example_datasets.py
[2024-09-09T11:10:01.232+0000] {processor.py:914} INFO - Processing file /home/airflow/.local/lib/python3.12/site-packages/airflow/example_dags/example_datasets.py for tasks to queue
[2024-09-09T11:10:01.236+0000] {logging_mixin.py:190} INFO - [2024-09-09T11:10:01.235+0000] {dagbag.py:587} INFO - Filling up the DagBag from /home/airflow/.local/lib/python3.12/site-packages/airflow/example_dags/example_datasets.py
[2024-09-09T11:10:01.534+0000] {processor.py:925} INFO - DAG(s) 'dataset_consumes_1', 'dataset_consumes_unknown_never_scheduled', 'consume_1_and_2_with_dataset_expressions', 'dataset_consumes_1_never_scheduled', 'consume_1_or_2_with_dataset_expressions', 'consume_1_or_both_2_and_3_with_dataset_expressions', 'conditional_dataset_and_time_based_timetable', 'dataset_consumes_1_and_2', 'dataset_produces_2', 'dataset_produces_1' retrieved from /home/airflow/.local/lib/python3.12/site-packages/airflow/example_dags/example_datasets.py
[2024-09-09T11:10:01.630+0000] {logging_mixin.py:190} INFO - [2024-09-09T11:10:01.630+0000] {dag.py:3229} INFO - Sync 10 DAGs
[2024-09-09T11:10:01.684+0000] {logging_mixin.py:190} INFO - [2024-09-09T11:10:01.683+0000] {dag.py:4156} INFO - Setting next_dagrun for conditional_dataset_and_time_based_timetable to 2024-09-04 01:00:00+00:00, run_after=2024-09-04 01:00:00+00:00
[2024-09-09T11:10:01.691+0000] {logging_mixin.py:190} INFO - [2024-09-09T11:10:01.690+0000] {dag.py:4156} INFO - Setting next_dagrun for consume_1_and_2_with_dataset_expressions to None, run_after=None
[2024-09-09T11:10:01.694+0000] {logging_mixin.py:190} INFO - [2024-09-09T11:10:01.693+0000] {dag.py:4156} INFO - Setting next_dagrun for consume_1_or_2_with_dataset_expressions to None, run_after=None
[2024-09-09T11:10:01.697+0000] {logging_mixin.py:190} INFO - [2024-09-09T11:10:01.697+0000] {dag.py:4156} INFO - Setting next_dagrun for consume_1_or_both_2_and_3_with_dataset_expressions to None, run_after=None
[2024-09-09T11:10:01.701+0000] {logging_mixin.py:190} INFO - [2024-09-09T11:10:01.700+0000] {dag.py:4156} INFO - Setting next_dagrun for dataset_consumes_1 to None, run_after=None
[2024-09-09T11:10:01.705+0000] {logging_mixin.py:190} INFO - [2024-09-09T11:10:01.704+0000] {dag.py:4156} INFO - Setting next_dagrun for dataset_consumes_1_and_2 to None, run_after=None
[2024-09-09T11:10:01.709+0000] {logging_mixin.py:190} INFO - [2024-09-09T11:10:01.708+0000] {dag.py:4156} INFO - Setting next_dagrun for dataset_consumes_1_never_scheduled to None, run_after=None
[2024-09-09T11:10:01.712+0000] {logging_mixin.py:190} INFO - [2024-09-09T11:10:01.711+0000] {dag.py:4156} INFO - Setting next_dagrun for dataset_consumes_unknown_never_scheduled to None, run_after=None
[2024-09-09T11:10:01.717+0000] {logging_mixin.py:190} INFO - [2024-09-09T11:10:01.717+0000] {dag.py:4156} INFO - Setting next_dagrun for dataset_produces_1 to 2024-09-08 00:00:00+00:00, run_after=2024-09-09 00:00:00+00:00
[2024-09-09T11:10:01.720+0000] {logging_mixin.py:190} INFO - [2024-09-09T11:10:01.720+0000] {dag.py:4156} INFO - Setting next_dagrun for dataset_produces_2 to None, run_after=None
[2024-09-09T11:10:01.805+0000] {processor.py:208} INFO - Processing /home/airflow/.local/lib/python3.12/site-packages/airflow/example_dags/example_datasets.py took 0.586 seconds
[2024-09-09T11:10:32.205+0000] {processor.py:186} INFO - Started process (PID=289) to work on /home/airflow/.local/lib/python3.12/site-packages/airflow/example_dags/example_datasets.py
[2024-09-09T11:10:32.206+0000] {processor.py:914} INFO - Processing file /home/airflow/.local/lib/python3.12/site-packages/airflow/example_dags/example_datasets.py for tasks to queue
[2024-09-09T11:10:32.211+0000] {logging_mixin.py:190} INFO - [2024-09-09T11:10:32.210+0000] {dagbag.py:587} INFO - Filling up the DagBag from /home/airflow/.local/lib/python3.12/site-packages/airflow/example_dags/example_datasets.py
[2024-09-09T11:10:32.497+0000] {processor.py:925} INFO - DAG(s) 'dataset_produces_1', 'conditional_dataset_and_time_based_timetable', 'dataset_produces_2', 'consume_1_or_both_2_and_3_with_dataset_expressions', 'dataset_consumes_1_never_scheduled', 'dataset_consumes_1_and_2', 'dataset_consumes_unknown_never_scheduled', 'consume_1_and_2_with_dataset_expressions', 'dataset_consumes_1', 'consume_1_or_2_with_dataset_expressions' retrieved from /home/airflow/.local/lib/python3.12/site-packages/airflow/example_dags/example_datasets.py
[2024-09-09T11:10:32.592+0000] {logging_mixin.py:190} INFO - [2024-09-09T11:10:32.591+0000] {dag.py:3229} INFO - Sync 10 DAGs
[2024-09-09T11:10:32.642+0000] {logging_mixin.py:190} INFO - [2024-09-09T11:10:32.642+0000] {dag.py:4156} INFO - Setting next_dagrun for conditional_dataset_and_time_based_timetable to 2024-09-04 01:00:00+00:00, run_after=2024-09-04 01:00:00+00:00
[2024-09-09T11:10:32.650+0000] {logging_mixin.py:190} INFO - [2024-09-09T11:10:32.649+0000] {dag.py:4156} INFO - Setting next_dagrun for consume_1_and_2_with_dataset_expressions to None, run_after=None
[2024-09-09T11:10:32.653+0000] {logging_mixin.py:190} INFO - [2024-09-09T11:10:32.653+0000] {dag.py:4156} INFO - Setting next_dagrun for consume_1_or_2_with_dataset_expressions to None, run_after=None
[2024-09-09T11:10:32.656+0000] {logging_mixin.py:190} INFO - [2024-09-09T11:10:32.656+0000] {dag.py:4156} INFO - Setting next_dagrun for consume_1_or_both_2_and_3_with_dataset_expressions to None, run_after=None
[2024-09-09T11:10:32.659+0000] {logging_mixin.py:190} INFO - [2024-09-09T11:10:32.659+0000] {dag.py:4156} INFO - Setting next_dagrun for dataset_consumes_1 to None, run_after=None
[2024-09-09T11:10:32.663+0000] {logging_mixin.py:190} INFO - [2024-09-09T11:10:32.663+0000] {dag.py:4156} INFO - Setting next_dagrun for dataset_consumes_1_and_2 to None, run_after=None
[2024-09-09T11:10:32.666+0000] {logging_mixin.py:190} INFO - [2024-09-09T11:10:32.666+0000] {dag.py:4156} INFO - Setting next_dagrun for dataset_consumes_1_never_scheduled to None, run_after=None
[2024-09-09T11:10:32.669+0000] {logging_mixin.py:190} INFO - [2024-09-09T11:10:32.669+0000] {dag.py:4156} INFO - Setting next_dagrun for dataset_consumes_unknown_never_scheduled to None, run_after=None
[2024-09-09T11:10:32.675+0000] {logging_mixin.py:190} INFO - [2024-09-09T11:10:32.674+0000] {dag.py:4156} INFO - Setting next_dagrun for dataset_produces_1 to 2024-09-08 00:00:00+00:00, run_after=2024-09-09 00:00:00+00:00
[2024-09-09T11:10:32.678+0000] {logging_mixin.py:190} INFO - [2024-09-09T11:10:32.678+0000] {dag.py:4156} INFO - Setting next_dagrun for dataset_produces_2 to None, run_after=None
[2024-09-09T11:10:32.758+0000] {processor.py:208} INFO - Processing /home/airflow/.local/lib/python3.12/site-packages/airflow/example_dags/example_datasets.py took 0.562 seconds
[2024-09-09T11:11:03.890+0000] {processor.py:186} INFO - Started process (PID=351) to work on /home/airflow/.local/lib/python3.12/site-packages/airflow/example_dags/example_datasets.py
[2024-09-09T11:11:03.893+0000] {processor.py:914} INFO - Processing file /home/airflow/.local/lib/python3.12/site-packages/airflow/example_dags/example_datasets.py for tasks to queue
[2024-09-09T11:11:03.901+0000] {logging_mixin.py:190} INFO - [2024-09-09T11:11:03.899+0000] {dagbag.py:587} INFO - Filling up the DagBag from /home/airflow/.local/lib/python3.12/site-packages/airflow/example_dags/example_datasets.py
[2024-09-09T11:11:04.275+0000] {processor.py:925} INFO - DAG(s) 'dataset_consumes_1_and_2', 'dataset_produces_2', 'dataset_consumes_1', 'consume_1_or_both_2_and_3_with_dataset_expressions', 'consume_1_and_2_with_dataset_expressions', 'conditional_dataset_and_time_based_timetable', 'dataset_consumes_1_never_scheduled', 'dataset_consumes_unknown_never_scheduled', 'dataset_produces_1', 'consume_1_or_2_with_dataset_expressions' retrieved from /home/airflow/.local/lib/python3.12/site-packages/airflow/example_dags/example_datasets.py
[2024-09-09T11:11:04.387+0000] {logging_mixin.py:190} INFO - [2024-09-09T11:11:04.387+0000] {dag.py:3229} INFO - Sync 10 DAGs
[2024-09-09T11:11:04.454+0000] {logging_mixin.py:190} INFO - [2024-09-09T11:11:04.453+0000] {dag.py:4156} INFO - Setting next_dagrun for conditional_dataset_and_time_based_timetable to 2024-09-04 01:00:00+00:00, run_after=2024-09-04 01:00:00+00:00
[2024-09-09T11:11:04.463+0000] {logging_mixin.py:190} INFO - [2024-09-09T11:11:04.463+0000] {dag.py:4156} INFO - Setting next_dagrun for consume_1_and_2_with_dataset_expressions to None, run_after=None
[2024-09-09T11:11:04.468+0000] {logging_mixin.py:190} INFO - [2024-09-09T11:11:04.467+0000] {dag.py:4156} INFO - Setting next_dagrun for consume_1_or_2_with_dataset_expressions to None, run_after=None
[2024-09-09T11:11:04.471+0000] {logging_mixin.py:190} INFO - [2024-09-09T11:11:04.471+0000] {dag.py:4156} INFO - Setting next_dagrun for consume_1_or_both_2_and_3_with_dataset_expressions to None, run_after=None
[2024-09-09T11:11:04.475+0000] {logging_mixin.py:190} INFO - [2024-09-09T11:11:04.475+0000] {dag.py:4156} INFO - Setting next_dagrun for dataset_consumes_1 to None, run_after=None
[2024-09-09T11:11:04.479+0000] {logging_mixin.py:190} INFO - [2024-09-09T11:11:04.479+0000] {dag.py:4156} INFO - Setting next_dagrun for dataset_consumes_1_and_2 to None, run_after=None
[2024-09-09T11:11:04.483+0000] {logging_mixin.py:190} INFO - [2024-09-09T11:11:04.483+0000] {dag.py:4156} INFO - Setting next_dagrun for dataset_consumes_1_never_scheduled to None, run_after=None
[2024-09-09T11:11:04.487+0000] {logging_mixin.py:190} INFO - [2024-09-09T11:11:04.486+0000] {dag.py:4156} INFO - Setting next_dagrun for dataset_consumes_unknown_never_scheduled to None, run_after=None
[2024-09-09T11:11:04.493+0000] {logging_mixin.py:190} INFO - [2024-09-09T11:11:04.493+0000] {dag.py:4156} INFO - Setting next_dagrun for dataset_produces_1 to 2024-09-08 00:00:00+00:00, run_after=2024-09-09 00:00:00+00:00
[2024-09-09T11:11:04.497+0000] {logging_mixin.py:190} INFO - [2024-09-09T11:11:04.496+0000] {dag.py:4156} INFO - Setting next_dagrun for dataset_produces_2 to None, run_after=None
[2024-09-09T11:11:04.591+0000] {processor.py:208} INFO - Processing /home/airflow/.local/lib/python3.12/site-packages/airflow/example_dags/example_datasets.py took 0.715 seconds
[2024-09-09T11:11:36.257+0000] {processor.py:186} INFO - Started process (PID=413) to work on /home/airflow/.local/lib/python3.12/site-packages/airflow/example_dags/example_datasets.py
[2024-09-09T11:11:36.259+0000] {processor.py:914} INFO - Processing file /home/airflow/.local/lib/python3.12/site-packages/airflow/example_dags/example_datasets.py for tasks to queue
[2024-09-09T11:11:36.263+0000] {logging_mixin.py:190} INFO - [2024-09-09T11:11:36.262+0000] {dagbag.py:587} INFO - Filling up the DagBag from /home/airflow/.local/lib/python3.12/site-packages/airflow/example_dags/example_datasets.py
[2024-09-09T11:11:36.588+0000] {processor.py:925} INFO - DAG(s) 'dataset_consumes_1', 'dataset_consumes_1_and_2', 'dataset_consumes_1_never_scheduled', 'dataset_consumes_unknown_never_scheduled', 'dataset_produces_2', 'consume_1_or_both_2_and_3_with_dataset_expressions', 'conditional_dataset_and_time_based_timetable', 'consume_1_or_2_with_dataset_expressions', 'consume_1_and_2_with_dataset_expressions', 'dataset_produces_1' retrieved from /home/airflow/.local/lib/python3.12/site-packages/airflow/example_dags/example_datasets.py
[2024-09-09T11:11:36.685+0000] {logging_mixin.py:190} INFO - [2024-09-09T11:11:36.684+0000] {dag.py:3229} INFO - Sync 10 DAGs
[2024-09-09T11:11:36.736+0000] {logging_mixin.py:190} INFO - [2024-09-09T11:11:36.735+0000] {dag.py:4156} INFO - Setting next_dagrun for conditional_dataset_and_time_based_timetable to 2024-09-04 01:00:00+00:00, run_after=2024-09-04 01:00:00+00:00
[2024-09-09T11:11:36.742+0000] {logging_mixin.py:190} INFO - [2024-09-09T11:11:36.742+0000] {dag.py:4156} INFO - Setting next_dagrun for consume_1_and_2_with_dataset_expressions to None, run_after=None
[2024-09-09T11:11:36.746+0000] {logging_mixin.py:190} INFO - [2024-09-09T11:11:36.745+0000] {dag.py:4156} INFO - Setting next_dagrun for consume_1_or_2_with_dataset_expressions to None, run_after=None
[2024-09-09T11:11:36.749+0000] {logging_mixin.py:190} INFO - [2024-09-09T11:11:36.749+0000] {dag.py:4156} INFO - Setting next_dagrun for consume_1_or_both_2_and_3_with_dataset_expressions to None, run_after=None
[2024-09-09T11:11:36.753+0000] {logging_mixin.py:190} INFO - [2024-09-09T11:11:36.752+0000] {dag.py:4156} INFO - Setting next_dagrun for dataset_consumes_1 to None, run_after=None
[2024-09-09T11:11:36.756+0000] {logging_mixin.py:190} INFO - [2024-09-09T11:11:36.756+0000] {dag.py:4156} INFO - Setting next_dagrun for dataset_consumes_1_and_2 to None, run_after=None
[2024-09-09T11:11:36.760+0000] {logging_mixin.py:190} INFO - [2024-09-09T11:11:36.759+0000] {dag.py:4156} INFO - Setting next_dagrun for dataset_consumes_1_never_scheduled to None, run_after=None
[2024-09-09T11:11:36.763+0000] {logging_mixin.py:190} INFO - [2024-09-09T11:11:36.762+0000] {dag.py:4156} INFO - Setting next_dagrun for dataset_consumes_unknown_never_scheduled to None, run_after=None
[2024-09-09T11:11:36.768+0000] {logging_mixin.py:190} INFO - [2024-09-09T11:11:36.768+0000] {dag.py:4156} INFO - Setting next_dagrun for dataset_produces_1 to 2024-09-08 00:00:00+00:00, run_after=2024-09-09 00:00:00+00:00
[2024-09-09T11:11:36.772+0000] {logging_mixin.py:190} INFO - [2024-09-09T11:11:36.771+0000] {dag.py:4156} INFO - Setting next_dagrun for dataset_produces_2 to None, run_after=None
[2024-09-09T11:11:36.855+0000] {processor.py:208} INFO - Processing /home/airflow/.local/lib/python3.12/site-packages/airflow/example_dags/example_datasets.py took 0.607 seconds
[2024-09-09T11:12:08.217+0000] {processor.py:186} INFO - Started process (PID=475) to work on /home/airflow/.local/lib/python3.12/site-packages/airflow/example_dags/example_datasets.py
[2024-09-09T11:12:08.219+0000] {processor.py:914} INFO - Processing file /home/airflow/.local/lib/python3.12/site-packages/airflow/example_dags/example_datasets.py for tasks to queue
[2024-09-09T11:12:08.228+0000] {logging_mixin.py:190} INFO - [2024-09-09T11:12:08.227+0000] {dagbag.py:587} INFO - Filling up the DagBag from /home/airflow/.local/lib/python3.12/site-packages/airflow/example_dags/example_datasets.py
[2024-09-09T11:12:08.833+0000] {processor.py:925} INFO - DAG(s) 'dataset_consumes_1_never_scheduled', 'dataset_consumes_1', 'dataset_consumes_unknown_never_scheduled', 'consume_1_or_2_with_dataset_expressions', 'dataset_produces_2', 'consume_1_and_2_with_dataset_expressions', 'dataset_produces_1', 'consume_1_or_both_2_and_3_with_dataset_expressions', 'dataset_consumes_1_and_2', 'conditional_dataset_and_time_based_timetable' retrieved from /home/airflow/.local/lib/python3.12/site-packages/airflow/example_dags/example_datasets.py
[2024-09-09T11:12:08.935+0000] {logging_mixin.py:190} INFO - [2024-09-09T11:12:08.935+0000] {dag.py:3229} INFO - Sync 10 DAGs
[2024-09-09T11:12:09.001+0000] {logging_mixin.py:190} INFO - [2024-09-09T11:12:09.001+0000] {dag.py:4156} INFO - Setting next_dagrun for conditional_dataset_and_time_based_timetable to 2024-09-04 01:00:00+00:00, run_after=2024-09-04 01:00:00+00:00
[2024-09-09T11:12:09.010+0000] {logging_mixin.py:190} INFO - [2024-09-09T11:12:09.010+0000] {dag.py:4156} INFO - Setting next_dagrun for consume_1_and_2_with_dataset_expressions to None, run_after=None
[2024-09-09T11:12:09.013+0000] {logging_mixin.py:190} INFO - [2024-09-09T11:12:09.013+0000] {dag.py:4156} INFO - Setting next_dagrun for consume_1_or_2_with_dataset_expressions to None, run_after=None
[2024-09-09T11:12:09.017+0000] {logging_mixin.py:190} INFO - [2024-09-09T11:12:09.016+0000] {dag.py:4156} INFO - Setting next_dagrun for consume_1_or_both_2_and_3_with_dataset_expressions to None, run_after=None
[2024-09-09T11:12:09.020+0000] {logging_mixin.py:190} INFO - [2024-09-09T11:12:09.020+0000] {dag.py:4156} INFO - Setting next_dagrun for dataset_consumes_1 to None, run_after=None
[2024-09-09T11:12:09.024+0000] {logging_mixin.py:190} INFO - [2024-09-09T11:12:09.024+0000] {dag.py:4156} INFO - Setting next_dagrun for dataset_consumes_1_and_2 to None, run_after=None
[2024-09-09T11:12:09.027+0000] {logging_mixin.py:190} INFO - [2024-09-09T11:12:09.027+0000] {dag.py:4156} INFO - Setting next_dagrun for dataset_consumes_1_never_scheduled to None, run_after=None
[2024-09-09T11:12:09.030+0000] {logging_mixin.py:190} INFO - [2024-09-09T11:12:09.030+0000] {dag.py:4156} INFO - Setting next_dagrun for dataset_consumes_unknown_never_scheduled to None, run_after=None
[2024-09-09T11:12:09.036+0000] {logging_mixin.py:190} INFO - [2024-09-09T11:12:09.035+0000] {dag.py:4156} INFO - Setting next_dagrun for dataset_produces_1 to 2024-09-08 00:00:00+00:00, run_after=2024-09-09 00:00:00+00:00
[2024-09-09T11:12:09.040+0000] {logging_mixin.py:190} INFO - [2024-09-09T11:12:09.039+0000] {dag.py:4156} INFO - Setting next_dagrun for dataset_produces_2 to None, run_after=None
[2024-09-09T11:12:09.119+0000] {processor.py:208} INFO - Processing /home/airflow/.local/lib/python3.12/site-packages/airflow/example_dags/example_datasets.py took 0.919 seconds
[2024-09-09T11:12:44.863+0000] {processor.py:186} INFO - Started process (PID=537) to work on /home/airflow/.local/lib/python3.12/site-packages/airflow/example_dags/example_datasets.py
[2024-09-09T11:12:44.866+0000] {processor.py:914} INFO - Processing file /home/airflow/.local/lib/python3.12/site-packages/airflow/example_dags/example_datasets.py for tasks to queue
[2024-09-09T11:12:44.873+0000] {logging_mixin.py:190} INFO - [2024-09-09T11:12:44.872+0000] {dagbag.py:587} INFO - Filling up the DagBag from /home/airflow/.local/lib/python3.12/site-packages/airflow/example_dags/example_datasets.py
[2024-09-09T11:12:46.573+0000] {processor.py:925} INFO - DAG(s) 'consume_1_or_both_2_and_3_with_dataset_expressions', 'dataset_consumes_unknown_never_scheduled', 'consume_1_and_2_with_dataset_expressions', 'dataset_consumes_1_and_2', 'conditional_dataset_and_time_based_timetable', 'consume_1_or_2_with_dataset_expressions', 'dataset_produces_1', 'dataset_consumes_1', 'dataset_consumes_1_never_scheduled', 'dataset_produces_2' retrieved from /home/airflow/.local/lib/python3.12/site-packages/airflow/example_dags/example_datasets.py
[2024-09-09T11:12:48.744+0000] {logging_mixin.py:190} INFO - [2024-09-09T11:12:48.743+0000] {dag.py:3229} INFO - Sync 10 DAGs
[2024-09-09T11:12:48.860+0000] {logging_mixin.py:190} INFO - [2024-09-09T11:12:48.859+0000] {dag.py:4156} INFO - Setting next_dagrun for conditional_dataset_and_time_based_timetable to 2024-09-04 01:00:00+00:00, run_after=2024-09-04 01:00:00+00:00
[2024-09-09T11:12:48.873+0000] {logging_mixin.py:190} INFO - [2024-09-09T11:12:48.872+0000] {dag.py:4156} INFO - Setting next_dagrun for consume_1_and_2_with_dataset_expressions to None, run_after=None
[2024-09-09T11:12:48.878+0000] {logging_mixin.py:190} INFO - [2024-09-09T11:12:48.877+0000] {dag.py:4156} INFO - Setting next_dagrun for consume_1_or_2_with_dataset_expressions to None, run_after=None
[2024-09-09T11:12:48.883+0000] {logging_mixin.py:190} INFO - [2024-09-09T11:12:48.882+0000] {dag.py:4156} INFO - Setting next_dagrun for consume_1_or_both_2_and_3_with_dataset_expressions to None, run_after=None
[2024-09-09T11:12:48.888+0000] {logging_mixin.py:190} INFO - [2024-09-09T11:12:48.888+0000] {dag.py:4156} INFO - Setting next_dagrun for dataset_consumes_1 to None, run_after=None
[2024-09-09T11:12:48.892+0000] {logging_mixin.py:190} INFO - [2024-09-09T11:12:48.892+0000] {dag.py:4156} INFO - Setting next_dagrun for dataset_consumes_1_and_2 to None, run_after=None
[2024-09-09T11:12:48.896+0000] {logging_mixin.py:190} INFO - [2024-09-09T11:12:48.896+0000] {dag.py:4156} INFO - Setting next_dagrun for dataset_consumes_1_never_scheduled to None, run_after=None
[2024-09-09T11:12:48.900+0000] {logging_mixin.py:190} INFO - [2024-09-09T11:12:48.900+0000] {dag.py:4156} INFO - Setting next_dagrun for dataset_consumes_unknown_never_scheduled to None, run_after=None
[2024-09-09T11:12:48.907+0000] {logging_mixin.py:190} INFO - [2024-09-09T11:12:48.907+0000] {dag.py:4156} INFO - Setting next_dagrun for dataset_produces_1 to 2024-09-08 00:00:00+00:00, run_after=2024-09-09 00:00:00+00:00
[2024-09-09T11:12:48.912+0000] {logging_mixin.py:190} INFO - [2024-09-09T11:12:48.911+0000] {dag.py:4156} INFO - Setting next_dagrun for dataset_produces_2 to None, run_after=None
[2024-09-09T11:12:49.029+0000] {processor.py:208} INFO - Processing /home/airflow/.local/lib/python3.12/site-packages/airflow/example_dags/example_datasets.py took 4.182 seconds
[2024-09-09T11:13:35.183+0000] {processor.py:186} INFO - Started process (PID=599) to work on /home/airflow/.local/lib/python3.12/site-packages/airflow/example_dags/example_datasets.py
[2024-09-09T11:13:35.187+0000] {processor.py:914} INFO - Processing file /home/airflow/.local/lib/python3.12/site-packages/airflow/example_dags/example_datasets.py for tasks to queue
[2024-09-09T11:13:35.194+0000] {logging_mixin.py:190} INFO - [2024-09-09T11:13:35.193+0000] {dagbag.py:587} INFO - Filling up the DagBag from /home/airflow/.local/lib/python3.12/site-packages/airflow/example_dags/example_datasets.py
[2024-09-09T11:13:36.364+0000] {processor.py:925} INFO - DAG(s) 'dataset_produces_1', 'dataset_consumes_1_never_scheduled', 'conditional_dataset_and_time_based_timetable', 'dataset_produces_2', 'dataset_consumes_1_and_2', 'dataset_consumes_1', 'consume_1_or_both_2_and_3_with_dataset_expressions', 'dataset_consumes_unknown_never_scheduled', 'consume_1_and_2_with_dataset_expressions', 'consume_1_or_2_with_dataset_expressions' retrieved from /home/airflow/.local/lib/python3.12/site-packages/airflow/example_dags/example_datasets.py
[2024-09-09T11:13:39.542+0000] {logging_mixin.py:190} INFO - [2024-09-09T11:13:39.529+0000] {dag.py:3229} INFO - Sync 10 DAGs
[2024-09-09T11:13:39.655+0000] {logging_mixin.py:190} INFO - [2024-09-09T11:13:39.654+0000] {dag.py:4156} INFO - Setting next_dagrun for conditional_dataset_and_time_based_timetable to 2024-09-04 01:00:00+00:00, run_after=2024-09-04 01:00:00+00:00
[2024-09-09T11:13:39.669+0000] {logging_mixin.py:190} INFO - [2024-09-09T11:13:39.668+0000] {dag.py:4156} INFO - Setting next_dagrun for consume_1_and_2_with_dataset_expressions to None, run_after=None
[2024-09-09T11:13:39.674+0000] {logging_mixin.py:190} INFO - [2024-09-09T11:13:39.674+0000] {dag.py:4156} INFO - Setting next_dagrun for consume_1_or_2_with_dataset_expressions to None, run_after=None
[2024-09-09T11:13:39.680+0000] {logging_mixin.py:190} INFO - [2024-09-09T11:13:39.679+0000] {dag.py:4156} INFO - Setting next_dagrun for consume_1_or_both_2_and_3_with_dataset_expressions to None, run_after=None
[2024-09-09T11:13:39.684+0000] {logging_mixin.py:190} INFO - [2024-09-09T11:13:39.683+0000] {dag.py:4156} INFO - Setting next_dagrun for dataset_consumes_1 to None, run_after=None
[2024-09-09T11:13:39.689+0000] {logging_mixin.py:190} INFO - [2024-09-09T11:13:39.689+0000] {dag.py:4156} INFO - Setting next_dagrun for dataset_consumes_1_and_2 to None, run_after=None
[2024-09-09T11:13:39.693+0000] {logging_mixin.py:190} INFO - [2024-09-09T11:13:39.693+0000] {dag.py:4156} INFO - Setting next_dagrun for dataset_consumes_1_never_scheduled to None, run_after=None
[2024-09-09T11:13:39.698+0000] {logging_mixin.py:190} INFO - [2024-09-09T11:13:39.697+0000] {dag.py:4156} INFO - Setting next_dagrun for dataset_consumes_unknown_never_scheduled to None, run_after=None
[2024-09-09T11:13:39.710+0000] {logging_mixin.py:190} INFO - [2024-09-09T11:13:39.710+0000] {dag.py:4156} INFO - Setting next_dagrun for dataset_produces_1 to 2024-09-08 00:00:00+00:00, run_after=2024-09-09 00:00:00+00:00
[2024-09-09T11:13:39.715+0000] {logging_mixin.py:190} INFO - [2024-09-09T11:13:39.715+0000] {dag.py:4156} INFO - Setting next_dagrun for dataset_produces_2 to None, run_after=None
[2024-09-09T11:13:39.866+0000] {processor.py:208} INFO - Processing /home/airflow/.local/lib/python3.12/site-packages/airflow/example_dags/example_datasets.py took 4.717 seconds
