[2024-09-09T11:00:53.792+0000] {processor.py:186} INFO - Started process (PID=105) to work on /home/airflow/.local/lib/python3.12/site-packages/airflow/example_dags/example_params_ui_tutorial.py
[2024-09-09T11:00:53.793+0000] {processor.py:914} INFO - Processing file /home/airflow/.local/lib/python3.12/site-packages/airflow/example_dags/example_params_ui_tutorial.py for tasks to queue
[2024-09-09T11:00:53.799+0000] {logging_mixin.py:190} INFO - [2024-09-09T11:00:53.798+0000] {dagbag.py:587} INFO - Filling up the DagBag from /home/airflow/.local/lib/python3.12/site-packages/airflow/example_dags/example_params_ui_tutorial.py
[2024-09-09T11:00:53.816+0000] {processor.py:925} INFO - DAG(s) 'example_params_ui_tutorial' retrieved from /home/airflow/.local/lib/python3.12/site-packages/airflow/example_dags/example_params_ui_tutorial.py
[2024-09-09T11:00:54.072+0000] {logging_mixin.py:190} INFO - [2024-09-09T11:00:54.070+0000] {override.py:1900} INFO - Created Permission View: can delete on DAG:example_params_ui_tutorial
[2024-09-09T11:00:54.092+0000] {logging_mixin.py:190} INFO - [2024-09-09T11:00:54.092+0000] {override.py:1900} INFO - Created Permission View: can edit on DAG:example_params_ui_tutorial
[2024-09-09T11:00:54.106+0000] {logging_mixin.py:190} INFO - [2024-09-09T11:00:54.105+0000] {override.py:1900} INFO - Created Permission View: can read on DAG:example_params_ui_tutorial
[2024-09-09T11:00:54.121+0000] {logging_mixin.py:190} INFO - [2024-09-09T11:00:54.120+0000] {override.py:1900} INFO - Created Permission View: can delete on DAG Run:example_params_ui_tutorial
[2024-09-09T11:00:54.134+0000] {logging_mixin.py:190} INFO - [2024-09-09T11:00:54.133+0000] {override.py:1900} INFO - Created Permission View: can create on DAG Run:example_params_ui_tutorial
[2024-09-09T11:00:54.147+0000] {logging_mixin.py:190} INFO - [2024-09-09T11:00:54.146+0000] {override.py:1900} INFO - Created Permission View: can read on DAG Run:example_params_ui_tutorial
[2024-09-09T11:00:54.162+0000] {logging_mixin.py:190} INFO - [2024-09-09T11:00:54.162+0000] {override.py:1900} INFO - Created Permission View: menu access on DAG Run:example_params_ui_tutorial
[2024-09-09T11:00:54.164+0000] {logging_mixin.py:190} INFO - [2024-09-09T11:00:54.164+0000] {dag.py:3229} INFO - Sync 1 DAGs
[2024-09-09T11:00:54.203+0000] {logging_mixin.py:190} INFO - [2024-09-09T11:00:54.202+0000] {dag.py:3252} INFO - Creating ORM DAG for example_params_ui_tutorial
[2024-09-09T11:00:54.204+0000] {logging_mixin.py:190} INFO - [2024-09-09T11:00:54.204+0000] {dag.py:4156} INFO - Setting next_dagrun for example_params_ui_tutorial to None, run_after=None
[2024-09-09T11:00:54.259+0000] {processor.py:208} INFO - Processing /home/airflow/.local/lib/python3.12/site-packages/airflow/example_dags/example_params_ui_tutorial.py took 0.477 seconds
[2024-09-09T11:08:59.790+0000] {processor.py:186} INFO - Started process (PID=100) to work on /home/airflow/.local/lib/python3.12/site-packages/airflow/example_dags/example_params_ui_tutorial.py
[2024-09-09T11:08:59.792+0000] {processor.py:914} INFO - Processing file /home/airflow/.local/lib/python3.12/site-packages/airflow/example_dags/example_params_ui_tutorial.py for tasks to queue
[2024-09-09T11:08:59.795+0000] {logging_mixin.py:190} INFO - [2024-09-09T11:08:59.794+0000] {dagbag.py:587} INFO - Filling up the DagBag from /home/airflow/.local/lib/python3.12/site-packages/airflow/example_dags/example_params_ui_tutorial.py
[2024-09-09T11:08:59.806+0000] {processor.py:925} INFO - DAG(s) 'example_params_ui_tutorial' retrieved from /home/airflow/.local/lib/python3.12/site-packages/airflow/example_dags/example_params_ui_tutorial.py
[2024-09-09T11:08:59.880+0000] {logging_mixin.py:190} INFO - [2024-09-09T11:08:59.880+0000] {dag.py:3229} INFO - Sync 1 DAGs
[2024-09-09T11:08:59.903+0000] {logging_mixin.py:190} INFO - [2024-09-09T11:08:59.903+0000] {dag.py:4156} INFO - Setting next_dagrun for example_params_ui_tutorial to None, run_after=None
[2024-09-09T11:08:59.935+0000] {processor.py:208} INFO - Processing /home/airflow/.local/lib/python3.12/site-packages/airflow/example_dags/example_params_ui_tutorial.py took 0.153 seconds
[2024-09-09T11:09:30.214+0000] {processor.py:186} INFO - Started process (PID=162) to work on /home/airflow/.local/lib/python3.12/site-packages/airflow/example_dags/example_params_ui_tutorial.py
[2024-09-09T11:09:30.216+0000] {processor.py:914} INFO - Processing file /home/airflow/.local/lib/python3.12/site-packages/airflow/example_dags/example_params_ui_tutorial.py for tasks to queue
[2024-09-09T11:09:30.220+0000] {logging_mixin.py:190} INFO - [2024-09-09T11:09:30.220+0000] {dagbag.py:587} INFO - Filling up the DagBag from /home/airflow/.local/lib/python3.12/site-packages/airflow/example_dags/example_params_ui_tutorial.py
[2024-09-09T11:09:30.235+0000] {processor.py:925} INFO - DAG(s) 'example_params_ui_tutorial' retrieved from /home/airflow/.local/lib/python3.12/site-packages/airflow/example_dags/example_params_ui_tutorial.py
[2024-09-09T11:09:30.325+0000] {logging_mixin.py:190} INFO - [2024-09-09T11:09:30.325+0000] {dag.py:3229} INFO - Sync 1 DAGs
[2024-09-09T11:09:30.357+0000] {logging_mixin.py:190} INFO - [2024-09-09T11:09:30.357+0000] {dag.py:4156} INFO - Setting next_dagrun for example_params_ui_tutorial to None, run_after=None
[2024-09-09T11:09:30.394+0000] {processor.py:208} INFO - Processing /home/airflow/.local/lib/python3.12/site-packages/airflow/example_dags/example_params_ui_tutorial.py took 0.189 seconds
[2024-09-09T11:10:01.177+0000] {processor.py:186} INFO - Started process (PID=225) to work on /home/airflow/.local/lib/python3.12/site-packages/airflow/example_dags/example_params_ui_tutorial.py
[2024-09-09T11:10:01.178+0000] {processor.py:914} INFO - Processing file /home/airflow/.local/lib/python3.12/site-packages/airflow/example_dags/example_params_ui_tutorial.py for tasks to queue
[2024-09-09T11:10:01.183+0000] {logging_mixin.py:190} INFO - [2024-09-09T11:10:01.182+0000] {dagbag.py:587} INFO - Filling up the DagBag from /home/airflow/.local/lib/python3.12/site-packages/airflow/example_dags/example_params_ui_tutorial.py
[2024-09-09T11:10:01.199+0000] {processor.py:925} INFO - DAG(s) 'example_params_ui_tutorial' retrieved from /home/airflow/.local/lib/python3.12/site-packages/airflow/example_dags/example_params_ui_tutorial.py
[2024-09-09T11:10:01.285+0000] {logging_mixin.py:190} INFO - [2024-09-09T11:10:01.284+0000] {dag.py:3229} INFO - Sync 1 DAGs
[2024-09-09T11:10:01.311+0000] {logging_mixin.py:190} INFO - [2024-09-09T11:10:01.310+0000] {dag.py:4156} INFO - Setting next_dagrun for example_params_ui_tutorial to None, run_after=None
[2024-09-09T11:10:01.348+0000] {processor.py:208} INFO - Processing /home/airflow/.local/lib/python3.12/site-packages/airflow/example_dags/example_params_ui_tutorial.py took 0.182 seconds
[2024-09-09T11:10:32.023+0000] {processor.py:186} INFO - Started process (PID=287) to work on /home/airflow/.local/lib/python3.12/site-packages/airflow/example_dags/example_params_ui_tutorial.py
[2024-09-09T11:10:32.025+0000] {processor.py:914} INFO - Processing file /home/airflow/.local/lib/python3.12/site-packages/airflow/example_dags/example_params_ui_tutorial.py for tasks to queue
[2024-09-09T11:10:32.028+0000] {logging_mixin.py:190} INFO - [2024-09-09T11:10:32.028+0000] {dagbag.py:587} INFO - Filling up the DagBag from /home/airflow/.local/lib/python3.12/site-packages/airflow/example_dags/example_params_ui_tutorial.py
[2024-09-09T11:10:32.044+0000] {processor.py:925} INFO - DAG(s) 'example_params_ui_tutorial' retrieved from /home/airflow/.local/lib/python3.12/site-packages/airflow/example_dags/example_params_ui_tutorial.py
[2024-09-09T11:10:32.127+0000] {logging_mixin.py:190} INFO - [2024-09-09T11:10:32.127+0000] {dag.py:3229} INFO - Sync 1 DAGs
[2024-09-09T11:10:32.152+0000] {logging_mixin.py:190} INFO - [2024-09-09T11:10:32.151+0000] {dag.py:4156} INFO - Setting next_dagrun for example_params_ui_tutorial to None, run_after=None
[2024-09-09T11:10:32.188+0000] {processor.py:208} INFO - Processing /home/airflow/.local/lib/python3.12/site-packages/airflow/example_dags/example_params_ui_tutorial.py took 0.173 seconds
[2024-09-09T11:11:03.853+0000] {processor.py:186} INFO - Started process (PID=350) to work on /home/airflow/.local/lib/python3.12/site-packages/airflow/example_dags/example_params_ui_tutorial.py
[2024-09-09T11:11:03.854+0000] {processor.py:914} INFO - Processing file /home/airflow/.local/lib/python3.12/site-packages/airflow/example_dags/example_params_ui_tutorial.py for tasks to queue
[2024-09-09T11:11:03.859+0000] {logging_mixin.py:190} INFO - [2024-09-09T11:11:03.858+0000] {dagbag.py:587} INFO - Filling up the DagBag from /home/airflow/.local/lib/python3.12/site-packages/airflow/example_dags/example_params_ui_tutorial.py
[2024-09-09T11:11:03.879+0000] {processor.py:925} INFO - DAG(s) 'example_params_ui_tutorial' retrieved from /home/airflow/.local/lib/python3.12/site-packages/airflow/example_dags/example_params_ui_tutorial.py
[2024-09-09T11:11:03.983+0000] {logging_mixin.py:190} INFO - [2024-09-09T11:11:03.982+0000] {dag.py:3229} INFO - Sync 1 DAGs
[2024-09-09T11:11:04.018+0000] {logging_mixin.py:190} INFO - [2024-09-09T11:11:04.018+0000] {dag.py:4156} INFO - Setting next_dagrun for example_params_ui_tutorial to None, run_after=None
[2024-09-09T11:11:04.059+0000] {processor.py:208} INFO - Processing /home/airflow/.local/lib/python3.12/site-packages/airflow/example_dags/example_params_ui_tutorial.py took 0.216 seconds
[2024-09-09T11:11:36.023+0000] {processor.py:186} INFO - Started process (PID=412) to work on /home/airflow/.local/lib/python3.12/site-packages/airflow/example_dags/example_params_ui_tutorial.py
[2024-09-09T11:11:36.026+0000] {processor.py:914} INFO - Processing file /home/airflow/.local/lib/python3.12/site-packages/airflow/example_dags/example_params_ui_tutorial.py for tasks to queue
[2024-09-09T11:11:36.031+0000] {logging_mixin.py:190} INFO - [2024-09-09T11:11:36.030+0000] {dagbag.py:587} INFO - Filling up the DagBag from /home/airflow/.local/lib/python3.12/site-packages/airflow/example_dags/example_params_ui_tutorial.py
[2024-09-09T11:11:36.046+0000] {processor.py:925} INFO - DAG(s) 'example_params_ui_tutorial' retrieved from /home/airflow/.local/lib/python3.12/site-packages/airflow/example_dags/example_params_ui_tutorial.py
[2024-09-09T11:11:36.125+0000] {logging_mixin.py:190} INFO - [2024-09-09T11:11:36.124+0000] {dag.py:3229} INFO - Sync 1 DAGs
[2024-09-09T11:11:36.156+0000] {logging_mixin.py:190} INFO - [2024-09-09T11:11:36.156+0000] {dag.py:4156} INFO - Setting next_dagrun for example_params_ui_tutorial to None, run_after=None
[2024-09-09T11:11:36.188+0000] {processor.py:208} INFO - Processing /home/airflow/.local/lib/python3.12/site-packages/airflow/example_dags/example_params_ui_tutorial.py took 0.174 seconds
[2024-09-09T11:12:08.211+0000] {processor.py:186} INFO - Started process (PID=474) to work on /home/airflow/.local/lib/python3.12/site-packages/airflow/example_dags/example_params_ui_tutorial.py
[2024-09-09T11:12:08.214+0000] {processor.py:914} INFO - Processing file /home/airflow/.local/lib/python3.12/site-packages/airflow/example_dags/example_params_ui_tutorial.py for tasks to queue
[2024-09-09T11:12:08.220+0000] {logging_mixin.py:190} INFO - [2024-09-09T11:12:08.219+0000] {dagbag.py:587} INFO - Filling up the DagBag from /home/airflow/.local/lib/python3.12/site-packages/airflow/example_dags/example_params_ui_tutorial.py
[2024-09-09T11:12:08.264+0000] {processor.py:925} INFO - DAG(s) 'example_params_ui_tutorial' retrieved from /home/airflow/.local/lib/python3.12/site-packages/airflow/example_dags/example_params_ui_tutorial.py
[2024-09-09T11:12:08.419+0000] {logging_mixin.py:190} INFO - [2024-09-09T11:12:08.418+0000] {dag.py:3229} INFO - Sync 1 DAGs
[2024-09-09T11:12:08.494+0000] {logging_mixin.py:190} INFO - [2024-09-09T11:12:08.493+0000] {dag.py:4156} INFO - Setting next_dagrun for example_params_ui_tutorial to None, run_after=None
[2024-09-09T11:12:08.701+0000] {processor.py:208} INFO - Processing /home/airflow/.local/lib/python3.12/site-packages/airflow/example_dags/example_params_ui_tutorial.py took 0.508 seconds
[2024-09-09T11:12:44.702+0000] {processor.py:186} INFO - Started process (PID=536) to work on /home/airflow/.local/lib/python3.12/site-packages/airflow/example_dags/example_params_ui_tutorial.py
[2024-09-09T11:12:44.710+0000] {processor.py:914} INFO - Processing file /home/airflow/.local/lib/python3.12/site-packages/airflow/example_dags/example_params_ui_tutorial.py for tasks to queue
[2024-09-09T11:12:44.720+0000] {logging_mixin.py:190} INFO - [2024-09-09T11:12:44.718+0000] {dagbag.py:587} INFO - Filling up the DagBag from /home/airflow/.local/lib/python3.12/site-packages/airflow/example_dags/example_params_ui_tutorial.py
[2024-09-09T11:12:44.779+0000] {processor.py:925} INFO - DAG(s) 'example_params_ui_tutorial' retrieved from /home/airflow/.local/lib/python3.12/site-packages/airflow/example_dags/example_params_ui_tutorial.py
[2024-09-09T11:12:45.068+0000] {logging_mixin.py:190} INFO - [2024-09-09T11:12:45.068+0000] {dag.py:3229} INFO - Sync 1 DAGs
[2024-09-09T11:12:45.146+0000] {logging_mixin.py:190} INFO - [2024-09-09T11:12:45.145+0000] {dag.py:4156} INFO - Setting next_dagrun for example_params_ui_tutorial to None, run_after=None
[2024-09-09T11:12:45.219+0000] {processor.py:208} INFO - Processing /home/airflow/.local/lib/python3.12/site-packages/airflow/example_dags/example_params_ui_tutorial.py took 0.575 seconds
[2024-09-09T11:13:34.575+0000] {processor.py:186} INFO - Started process (PID=598) to work on /home/airflow/.local/lib/python3.12/site-packages/airflow/example_dags/example_params_ui_tutorial.py
[2024-09-09T11:13:34.590+0000] {processor.py:914} INFO - Processing file /home/airflow/.local/lib/python3.12/site-packages/airflow/example_dags/example_params_ui_tutorial.py for tasks to queue
[2024-09-09T11:13:34.599+0000] {logging_mixin.py:190} INFO - [2024-09-09T11:13:34.598+0000] {dagbag.py:587} INFO - Filling up the DagBag from /home/airflow/.local/lib/python3.12/site-packages/airflow/example_dags/example_params_ui_tutorial.py
[2024-09-09T11:13:34.679+0000] {processor.py:925} INFO - DAG(s) 'example_params_ui_tutorial' retrieved from /home/airflow/.local/lib/python3.12/site-packages/airflow/example_dags/example_params_ui_tutorial.py
[2024-09-09T11:13:34.973+0000] {logging_mixin.py:190} INFO - [2024-09-09T11:13:34.972+0000] {dag.py:3229} INFO - Sync 1 DAGs
[2024-09-09T11:13:35.047+0000] {logging_mixin.py:190} INFO - [2024-09-09T11:13:35.046+0000] {dag.py:4156} INFO - Setting next_dagrun for example_params_ui_tutorial to None, run_after=None
[2024-09-09T11:13:35.126+0000] {processor.py:208} INFO - Processing /home/airflow/.local/lib/python3.12/site-packages/airflow/example_dags/example_params_ui_tutorial.py took 0.603 seconds
