[2024-09-09T11:00:40.629+0000] {processor.py:186} INFO - Started process (PID=72) to work on /home/airflow/.local/lib/python3.12/site-packages/airflow/example_dags/example_trigger_target_dag.py
[2024-09-09T11:00:40.632+0000] {processor.py:914} INFO - Processing file /home/airflow/.local/lib/python3.12/site-packages/airflow/example_dags/example_trigger_target_dag.py for tasks to queue
[2024-09-09T11:00:40.641+0000] {logging_mixin.py:190} INFO - [2024-09-09T11:00:40.639+0000] {dagbag.py:587} INFO - Filling up the DagBag from /home/airflow/.local/lib/python3.12/site-packages/airflow/example_dags/example_trigger_target_dag.py
[2024-09-09T11:00:40.716+0000] {processor.py:925} INFO - DAG(s) 'example_trigger_target_dag' retrieved from /home/airflow/.local/lib/python3.12/site-packages/airflow/example_dags/example_trigger_target_dag.py
[2024-09-09T11:00:41.892+0000] {logging_mixin.py:190} INFO - [2024-09-09T11:00:41.890+0000] {override.py:1900} INFO - Created Permission View: can delete on DAG:example_trigger_target_dag
[2024-09-09T11:00:41.944+0000] {logging_mixin.py:190} INFO - [2024-09-09T11:00:41.943+0000] {override.py:1900} INFO - Created Permission View: can edit on DAG:example_trigger_target_dag
[2024-09-09T11:00:41.981+0000] {logging_mixin.py:190} INFO - [2024-09-09T11:00:41.977+0000] {override.py:1900} INFO - Created Permission View: can read on DAG:example_trigger_target_dag
[2024-09-09T11:00:42.027+0000] {logging_mixin.py:190} INFO - [2024-09-09T11:00:42.026+0000] {override.py:1900} INFO - Created Permission View: can delete on DAG Run:example_trigger_target_dag
[2024-09-09T11:00:42.052+0000] {logging_mixin.py:190} INFO - [2024-09-09T11:00:42.052+0000] {override.py:1900} INFO - Created Permission View: can create on DAG Run:example_trigger_target_dag
[2024-09-09T11:00:42.076+0000] {logging_mixin.py:190} INFO - [2024-09-09T11:00:42.075+0000] {override.py:1900} INFO - Created Permission View: can read on DAG Run:example_trigger_target_dag
[2024-09-09T11:00:42.101+0000] {logging_mixin.py:190} INFO - [2024-09-09T11:00:42.100+0000] {override.py:1900} INFO - Created Permission View: menu access on DAG Run:example_trigger_target_dag
[2024-09-09T11:00:42.103+0000] {logging_mixin.py:190} INFO - [2024-09-09T11:00:42.102+0000] {dag.py:3229} INFO - Sync 1 DAGs
[2024-09-09T11:00:42.151+0000] {logging_mixin.py:190} INFO - [2024-09-09T11:00:42.151+0000] {dag.py:3252} INFO - Creating ORM DAG for example_trigger_target_dag
[2024-09-09T11:00:42.155+0000] {logging_mixin.py:190} INFO - [2024-09-09T11:00:42.154+0000] {dag.py:4156} INFO - Setting next_dagrun for example_trigger_target_dag to None, run_after=None
[2024-09-09T11:00:42.222+0000] {processor.py:208} INFO - Processing /home/airflow/.local/lib/python3.12/site-packages/airflow/example_dags/example_trigger_target_dag.py took 1.617 seconds
[2024-09-09T11:01:13.205+0000] {processor.py:186} INFO - Started process (PID=134) to work on /home/airflow/.local/lib/python3.12/site-packages/airflow/example_dags/example_trigger_target_dag.py
[2024-09-09T11:01:13.226+0000] {processor.py:914} INFO - Processing file /home/airflow/.local/lib/python3.12/site-packages/airflow/example_dags/example_trigger_target_dag.py for tasks to queue
[2024-09-09T11:01:13.239+0000] {logging_mixin.py:190} INFO - [2024-09-09T11:01:13.238+0000] {dagbag.py:587} INFO - Filling up the DagBag from /home/airflow/.local/lib/python3.12/site-packages/airflow/example_dags/example_trigger_target_dag.py
[2024-09-09T11:01:13.285+0000] {processor.py:925} INFO - DAG(s) 'example_trigger_target_dag' retrieved from /home/airflow/.local/lib/python3.12/site-packages/airflow/example_dags/example_trigger_target_dag.py
[2024-09-09T11:01:13.692+0000] {logging_mixin.py:190} INFO - [2024-09-09T11:01:13.691+0000] {dag.py:3229} INFO - Sync 1 DAGs
[2024-09-09T11:01:13.753+0000] {logging_mixin.py:190} INFO - [2024-09-09T11:01:13.753+0000] {dag.py:4156} INFO - Setting next_dagrun for example_trigger_target_dag to None, run_after=None
[2024-09-09T11:01:13.886+0000] {processor.py:208} INFO - Processing /home/airflow/.local/lib/python3.12/site-packages/airflow/example_dags/example_trigger_target_dag.py took 0.702 seconds
[2024-09-09T11:08:54.454+0000] {processor.py:186} INFO - Started process (PID=67) to work on /home/airflow/.local/lib/python3.12/site-packages/airflow/example_dags/example_trigger_target_dag.py
[2024-09-09T11:08:54.460+0000] {processor.py:914} INFO - Processing file /home/airflow/.local/lib/python3.12/site-packages/airflow/example_dags/example_trigger_target_dag.py for tasks to queue
[2024-09-09T11:08:54.472+0000] {logging_mixin.py:190} INFO - [2024-09-09T11:08:54.471+0000] {dagbag.py:587} INFO - Filling up the DagBag from /home/airflow/.local/lib/python3.12/site-packages/airflow/example_dags/example_trigger_target_dag.py
[2024-09-09T11:08:54.506+0000] {processor.py:925} INFO - DAG(s) 'example_trigger_target_dag' retrieved from /home/airflow/.local/lib/python3.12/site-packages/airflow/example_dags/example_trigger_target_dag.py
[2024-09-09T11:08:54.612+0000] {logging_mixin.py:190} INFO - [2024-09-09T11:08:54.611+0000] {dag.py:3229} INFO - Sync 1 DAGs
[2024-09-09T11:08:54.678+0000] {logging_mixin.py:190} INFO - [2024-09-09T11:08:54.676+0000] {dag.py:4156} INFO - Setting next_dagrun for example_trigger_target_dag to None, run_after=None
[2024-09-09T11:08:54.745+0000] {processor.py:208} INFO - Processing /home/airflow/.local/lib/python3.12/site-packages/airflow/example_dags/example_trigger_target_dag.py took 0.318 seconds
[2024-09-09T11:09:25.726+0000] {processor.py:186} INFO - Started process (PID=129) to work on /home/airflow/.local/lib/python3.12/site-packages/airflow/example_dags/example_trigger_target_dag.py
[2024-09-09T11:09:25.729+0000] {processor.py:914} INFO - Processing file /home/airflow/.local/lib/python3.12/site-packages/airflow/example_dags/example_trigger_target_dag.py for tasks to queue
[2024-09-09T11:09:25.733+0000] {logging_mixin.py:190} INFO - [2024-09-09T11:09:25.732+0000] {dagbag.py:587} INFO - Filling up the DagBag from /home/airflow/.local/lib/python3.12/site-packages/airflow/example_dags/example_trigger_target_dag.py
[2024-09-09T11:09:25.745+0000] {processor.py:925} INFO - DAG(s) 'example_trigger_target_dag' retrieved from /home/airflow/.local/lib/python3.12/site-packages/airflow/example_dags/example_trigger_target_dag.py
[2024-09-09T11:09:25.789+0000] {logging_mixin.py:190} INFO - [2024-09-09T11:09:25.788+0000] {dag.py:3229} INFO - Sync 1 DAGs
[2024-09-09T11:09:25.822+0000] {logging_mixin.py:190} INFO - [2024-09-09T11:09:25.822+0000] {dag.py:4156} INFO - Setting next_dagrun for example_trigger_target_dag to None, run_after=None
[2024-09-09T11:09:25.884+0000] {processor.py:208} INFO - Processing /home/airflow/.local/lib/python3.12/site-packages/airflow/example_dags/example_trigger_target_dag.py took 0.173 seconds
[2024-09-09T11:09:56.683+0000] {processor.py:186} INFO - Started process (PID=192) to work on /home/airflow/.local/lib/python3.12/site-packages/airflow/example_dags/example_trigger_target_dag.py
[2024-09-09T11:09:56.687+0000] {processor.py:914} INFO - Processing file /home/airflow/.local/lib/python3.12/site-packages/airflow/example_dags/example_trigger_target_dag.py for tasks to queue
[2024-09-09T11:09:56.693+0000] {logging_mixin.py:190} INFO - [2024-09-09T11:09:56.692+0000] {dagbag.py:587} INFO - Filling up the DagBag from /home/airflow/.local/lib/python3.12/site-packages/airflow/example_dags/example_trigger_target_dag.py
[2024-09-09T11:09:56.713+0000] {processor.py:925} INFO - DAG(s) 'example_trigger_target_dag' retrieved from /home/airflow/.local/lib/python3.12/site-packages/airflow/example_dags/example_trigger_target_dag.py
[2024-09-09T11:09:56.765+0000] {logging_mixin.py:190} INFO - [2024-09-09T11:09:56.764+0000] {dag.py:3229} INFO - Sync 1 DAGs
[2024-09-09T11:09:56.804+0000] {logging_mixin.py:190} INFO - [2024-09-09T11:09:56.803+0000] {dag.py:4156} INFO - Setting next_dagrun for example_trigger_target_dag to None, run_after=None
[2024-09-09T11:09:56.841+0000] {processor.py:208} INFO - Processing /home/airflow/.local/lib/python3.12/site-packages/airflow/example_dags/example_trigger_target_dag.py took 0.182 seconds
[2024-09-09T11:10:27.410+0000] {processor.py:186} INFO - Started process (PID=254) to work on /home/airflow/.local/lib/python3.12/site-packages/airflow/example_dags/example_trigger_target_dag.py
[2024-09-09T11:10:27.412+0000] {processor.py:914} INFO - Processing file /home/airflow/.local/lib/python3.12/site-packages/airflow/example_dags/example_trigger_target_dag.py for tasks to queue
[2024-09-09T11:10:27.417+0000] {logging_mixin.py:190} INFO - [2024-09-09T11:10:27.417+0000] {dagbag.py:587} INFO - Filling up the DagBag from /home/airflow/.local/lib/python3.12/site-packages/airflow/example_dags/example_trigger_target_dag.py
[2024-09-09T11:10:27.429+0000] {processor.py:925} INFO - DAG(s) 'example_trigger_target_dag' retrieved from /home/airflow/.local/lib/python3.12/site-packages/airflow/example_dags/example_trigger_target_dag.py
[2024-09-09T11:10:27.463+0000] {logging_mixin.py:190} INFO - [2024-09-09T11:10:27.463+0000] {dag.py:3229} INFO - Sync 1 DAGs
[2024-09-09T11:10:27.489+0000] {logging_mixin.py:190} INFO - [2024-09-09T11:10:27.489+0000] {dag.py:4156} INFO - Setting next_dagrun for example_trigger_target_dag to None, run_after=None
[2024-09-09T11:10:27.523+0000] {processor.py:208} INFO - Processing /home/airflow/.local/lib/python3.12/site-packages/airflow/example_dags/example_trigger_target_dag.py took 0.123 seconds
[2024-09-09T11:10:58.542+0000] {processor.py:186} INFO - Started process (PID=317) to work on /home/airflow/.local/lib/python3.12/site-packages/airflow/example_dags/example_trigger_target_dag.py
[2024-09-09T11:10:58.543+0000] {processor.py:914} INFO - Processing file /home/airflow/.local/lib/python3.12/site-packages/airflow/example_dags/example_trigger_target_dag.py for tasks to queue
[2024-09-09T11:10:58.548+0000] {logging_mixin.py:190} INFO - [2024-09-09T11:10:58.547+0000] {dagbag.py:587} INFO - Filling up the DagBag from /home/airflow/.local/lib/python3.12/site-packages/airflow/example_dags/example_trigger_target_dag.py
[2024-09-09T11:10:58.562+0000] {processor.py:925} INFO - DAG(s) 'example_trigger_target_dag' retrieved from /home/airflow/.local/lib/python3.12/site-packages/airflow/example_dags/example_trigger_target_dag.py
[2024-09-09T11:10:58.600+0000] {logging_mixin.py:190} INFO - [2024-09-09T11:10:58.599+0000] {dag.py:3229} INFO - Sync 1 DAGs
[2024-09-09T11:10:58.630+0000] {logging_mixin.py:190} INFO - [2024-09-09T11:10:58.630+0000] {dag.py:4156} INFO - Setting next_dagrun for example_trigger_target_dag to None, run_after=None
[2024-09-09T11:10:58.672+0000] {processor.py:208} INFO - Processing /home/airflow/.local/lib/python3.12/site-packages/airflow/example_dags/example_trigger_target_dag.py took 0.145 seconds
[2024-09-09T11:11:28.964+0000] {processor.py:186} INFO - Started process (PID=379) to work on /home/airflow/.local/lib/python3.12/site-packages/airflow/example_dags/example_trigger_target_dag.py
[2024-09-09T11:11:28.966+0000] {processor.py:914} INFO - Processing file /home/airflow/.local/lib/python3.12/site-packages/airflow/example_dags/example_trigger_target_dag.py for tasks to queue
[2024-09-09T11:11:28.972+0000] {logging_mixin.py:190} INFO - [2024-09-09T11:11:28.970+0000] {dagbag.py:587} INFO - Filling up the DagBag from /home/airflow/.local/lib/python3.12/site-packages/airflow/example_dags/example_trigger_target_dag.py
[2024-09-09T11:11:28.998+0000] {processor.py:925} INFO - DAG(s) 'example_trigger_target_dag' retrieved from /home/airflow/.local/lib/python3.12/site-packages/airflow/example_dags/example_trigger_target_dag.py
[2024-09-09T11:11:29.028+0000] {logging_mixin.py:190} INFO - [2024-09-09T11:11:29.028+0000] {dag.py:3229} INFO - Sync 1 DAGs
[2024-09-09T11:11:29.072+0000] {logging_mixin.py:190} INFO - [2024-09-09T11:11:29.071+0000] {dag.py:4156} INFO - Setting next_dagrun for example_trigger_target_dag to None, run_after=None
[2024-09-09T11:11:29.111+0000] {processor.py:208} INFO - Processing /home/airflow/.local/lib/python3.12/site-packages/airflow/example_dags/example_trigger_target_dag.py took 0.157 seconds
[2024-09-09T11:11:59.674+0000] {processor.py:186} INFO - Started process (PID=441) to work on /home/airflow/.local/lib/python3.12/site-packages/airflow/example_dags/example_trigger_target_dag.py
[2024-09-09T11:11:59.676+0000] {processor.py:914} INFO - Processing file /home/airflow/.local/lib/python3.12/site-packages/airflow/example_dags/example_trigger_target_dag.py for tasks to queue
[2024-09-09T11:11:59.681+0000] {logging_mixin.py:190} INFO - [2024-09-09T11:11:59.680+0000] {dagbag.py:587} INFO - Filling up the DagBag from /home/airflow/.local/lib/python3.12/site-packages/airflow/example_dags/example_trigger_target_dag.py
[2024-09-09T11:11:59.706+0000] {processor.py:925} INFO - DAG(s) 'example_trigger_target_dag' retrieved from /home/airflow/.local/lib/python3.12/site-packages/airflow/example_dags/example_trigger_target_dag.py
[2024-09-09T11:11:59.754+0000] {logging_mixin.py:190} INFO - [2024-09-09T11:11:59.754+0000] {dag.py:3229} INFO - Sync 1 DAGs
[2024-09-09T11:11:59.793+0000] {logging_mixin.py:190} INFO - [2024-09-09T11:11:59.793+0000] {dag.py:4156} INFO - Setting next_dagrun for example_trigger_target_dag to None, run_after=None
[2024-09-09T11:11:59.836+0000] {processor.py:208} INFO - Processing /home/airflow/.local/lib/python3.12/site-packages/airflow/example_dags/example_trigger_target_dag.py took 0.178 seconds
[2024-09-09T11:12:30.448+0000] {processor.py:186} INFO - Started process (PID=503) to work on /home/airflow/.local/lib/python3.12/site-packages/airflow/example_dags/example_trigger_target_dag.py
[2024-09-09T11:12:30.452+0000] {processor.py:914} INFO - Processing file /home/airflow/.local/lib/python3.12/site-packages/airflow/example_dags/example_trigger_target_dag.py for tasks to queue
[2024-09-09T11:12:30.459+0000] {logging_mixin.py:190} INFO - [2024-09-09T11:12:30.458+0000] {dagbag.py:587} INFO - Filling up the DagBag from /home/airflow/.local/lib/python3.12/site-packages/airflow/example_dags/example_trigger_target_dag.py
[2024-09-09T11:12:30.488+0000] {processor.py:925} INFO - DAG(s) 'example_trigger_target_dag' retrieved from /home/airflow/.local/lib/python3.12/site-packages/airflow/example_dags/example_trigger_target_dag.py
[2024-09-09T11:12:30.607+0000] {logging_mixin.py:190} INFO - [2024-09-09T11:12:30.606+0000] {dag.py:3229} INFO - Sync 1 DAGs
[2024-09-09T11:12:30.708+0000] {logging_mixin.py:190} INFO - [2024-09-09T11:12:30.707+0000] {dag.py:4156} INFO - Setting next_dagrun for example_trigger_target_dag to None, run_after=None
[2024-09-09T11:12:30.835+0000] {processor.py:208} INFO - Processing /home/airflow/.local/lib/python3.12/site-packages/airflow/example_dags/example_trigger_target_dag.py took 0.416 seconds
[2024-09-09T11:13:23.290+0000] {processor.py:186} INFO - Started process (PID=565) to work on /home/airflow/.local/lib/python3.12/site-packages/airflow/example_dags/example_trigger_target_dag.py
[2024-09-09T11:13:23.293+0000] {processor.py:914} INFO - Processing file /home/airflow/.local/lib/python3.12/site-packages/airflow/example_dags/example_trigger_target_dag.py for tasks to queue
[2024-09-09T11:13:23.299+0000] {logging_mixin.py:190} INFO - [2024-09-09T11:13:23.298+0000] {dagbag.py:587} INFO - Filling up the DagBag from /home/airflow/.local/lib/python3.12/site-packages/airflow/example_dags/example_trigger_target_dag.py
[2024-09-09T11:13:23.320+0000] {processor.py:925} INFO - DAG(s) 'example_trigger_target_dag' retrieved from /home/airflow/.local/lib/python3.12/site-packages/airflow/example_dags/example_trigger_target_dag.py
[2024-09-09T11:13:23.374+0000] {logging_mixin.py:190} INFO - [2024-09-09T11:13:23.374+0000] {dag.py:3229} INFO - Sync 1 DAGs
[2024-09-09T11:13:23.437+0000] {logging_mixin.py:190} INFO - [2024-09-09T11:13:23.436+0000] {dag.py:4156} INFO - Setting next_dagrun for example_trigger_target_dag to None, run_after=None
[2024-09-09T11:13:23.493+0000] {processor.py:208} INFO - Processing /home/airflow/.local/lib/python3.12/site-packages/airflow/example_dags/example_trigger_target_dag.py took 0.218 seconds
