[2024-09-09T11:00:46.644+0000] {processor.py:186} INFO - Started process (PID=86) to work on /home/airflow/.local/lib/python3.12/site-packages/airflow/example_dags/example_branch_operator_decorator.py
[2024-09-09T11:00:46.647+0000] {processor.py:914} INFO - Processing file /home/airflow/.local/lib/python3.12/site-packages/airflow/example_dags/example_branch_operator_decorator.py for tasks to queue
[2024-09-09T11:00:46.653+0000] {logging_mixin.py:190} INFO - [2024-09-09T11:00:46.652+0000] {dagbag.py:587} INFO - Filling up the DagBag from /home/airflow/.local/lib/python3.12/site-packages/airflow/example_dags/example_branch_operator_decorator.py
[2024-09-09T11:00:46.708+0000] {processor.py:925} INFO - DAG(s) 'example_branch_python_operator_decorator' retrieved from /home/airflow/.local/lib/python3.12/site-packages/airflow/example_dags/example_branch_operator_decorator.py
[2024-09-09T11:00:46.959+0000] {logging_mixin.py:190} INFO - [2024-09-09T11:00:46.958+0000] {override.py:1900} INFO - Created Permission View: can delete on DAG:example_branch_python_operator_decorator
[2024-09-09T11:00:46.983+0000] {logging_mixin.py:190} INFO - [2024-09-09T11:00:46.982+0000] {override.py:1900} INFO - Created Permission View: can edit on DAG:example_branch_python_operator_decorator
[2024-09-09T11:00:47.000+0000] {logging_mixin.py:190} INFO - [2024-09-09T11:00:46.999+0000] {override.py:1900} INFO - Created Permission View: can read on DAG:example_branch_python_operator_decorator
[2024-09-09T11:00:47.018+0000] {logging_mixin.py:190} INFO - [2024-09-09T11:00:47.017+0000] {override.py:1900} INFO - Created Permission View: can delete on DAG Run:example_branch_python_operator_decorator
[2024-09-09T11:00:47.033+0000] {logging_mixin.py:190} INFO - [2024-09-09T11:00:47.033+0000] {override.py:1900} INFO - Created Permission View: can create on DAG Run:example_branch_python_operator_decorator
[2024-09-09T11:00:47.049+0000] {logging_mixin.py:190} INFO - [2024-09-09T11:00:47.049+0000] {override.py:1900} INFO - Created Permission View: can read on DAG Run:example_branch_python_operator_decorator
[2024-09-09T11:00:47.066+0000] {logging_mixin.py:190} INFO - [2024-09-09T11:00:47.065+0000] {override.py:1900} INFO - Created Permission View: menu access on DAG Run:example_branch_python_operator_decorator
[2024-09-09T11:00:47.068+0000] {logging_mixin.py:190} INFO - [2024-09-09T11:00:47.067+0000] {dag.py:3229} INFO - Sync 1 DAGs
[2024-09-09T11:00:47.099+0000] {logging_mixin.py:190} INFO - [2024-09-09T11:00:47.099+0000] {dag.py:3252} INFO - Creating ORM DAG for example_branch_python_operator_decorator
[2024-09-09T11:00:47.124+0000] {logging_mixin.py:190} INFO - [2024-09-09T11:00:47.123+0000] {dag.py:4156} INFO - Setting next_dagrun for example_branch_python_operator_decorator to 2024-09-08 00:00:00+00:00, run_after=2024-09-09 00:00:00+00:00
[2024-09-09T11:00:47.162+0000] {processor.py:208} INFO - Processing /home/airflow/.local/lib/python3.12/site-packages/airflow/example_dags/example_branch_operator_decorator.py took 0.530 seconds
[2024-09-09T11:08:56.964+0000] {processor.py:186} INFO - Started process (PID=81) to work on /home/airflow/.local/lib/python3.12/site-packages/airflow/example_dags/example_branch_operator_decorator.py
[2024-09-09T11:08:56.966+0000] {processor.py:914} INFO - Processing file /home/airflow/.local/lib/python3.12/site-packages/airflow/example_dags/example_branch_operator_decorator.py for tasks to queue
[2024-09-09T11:08:56.970+0000] {logging_mixin.py:190} INFO - [2024-09-09T11:08:56.969+0000] {dagbag.py:587} INFO - Filling up the DagBag from /home/airflow/.local/lib/python3.12/site-packages/airflow/example_dags/example_branch_operator_decorator.py
[2024-09-09T11:08:57.015+0000] {processor.py:925} INFO - DAG(s) 'example_branch_python_operator_decorator' retrieved from /home/airflow/.local/lib/python3.12/site-packages/airflow/example_dags/example_branch_operator_decorator.py
[2024-09-09T11:08:57.297+0000] {logging_mixin.py:190} INFO - [2024-09-09T11:08:57.296+0000] {dag.py:3229} INFO - Sync 1 DAGs
[2024-09-09T11:08:57.334+0000] {logging_mixin.py:190} INFO - [2024-09-09T11:08:57.334+0000] {dag.py:4156} INFO - Setting next_dagrun for example_branch_python_operator_decorator to 2024-09-08 00:00:00+00:00, run_after=2024-09-09 00:00:00+00:00
[2024-09-09T11:08:57.369+0000] {processor.py:208} INFO - Processing /home/airflow/.local/lib/python3.12/site-packages/airflow/example_dags/example_branch_operator_decorator.py took 0.415 seconds
[2024-09-09T11:09:27.625+0000] {processor.py:186} INFO - Started process (PID=143) to work on /home/airflow/.local/lib/python3.12/site-packages/airflow/example_dags/example_branch_operator_decorator.py
[2024-09-09T11:09:27.627+0000] {processor.py:914} INFO - Processing file /home/airflow/.local/lib/python3.12/site-packages/airflow/example_dags/example_branch_operator_decorator.py for tasks to queue
[2024-09-09T11:09:27.632+0000] {logging_mixin.py:190} INFO - [2024-09-09T11:09:27.631+0000] {dagbag.py:587} INFO - Filling up the DagBag from /home/airflow/.local/lib/python3.12/site-packages/airflow/example_dags/example_branch_operator_decorator.py
[2024-09-09T11:09:27.696+0000] {processor.py:925} INFO - DAG(s) 'example_branch_python_operator_decorator' retrieved from /home/airflow/.local/lib/python3.12/site-packages/airflow/example_dags/example_branch_operator_decorator.py
[2024-09-09T11:09:27.771+0000] {logging_mixin.py:190} INFO - [2024-09-09T11:09:27.771+0000] {dag.py:3229} INFO - Sync 1 DAGs
[2024-09-09T11:09:27.876+0000] {logging_mixin.py:190} INFO - [2024-09-09T11:09:27.875+0000] {dag.py:4156} INFO - Setting next_dagrun for example_branch_python_operator_decorator to 2024-09-08 00:00:00+00:00, run_after=2024-09-09 00:00:00+00:00
[2024-09-09T11:09:27.928+0000] {processor.py:208} INFO - Processing /home/airflow/.local/lib/python3.12/site-packages/airflow/example_dags/example_branch_operator_decorator.py took 0.317 seconds
[2024-09-09T11:09:58.290+0000] {processor.py:186} INFO - Started process (PID=206) to work on /home/airflow/.local/lib/python3.12/site-packages/airflow/example_dags/example_branch_operator_decorator.py
[2024-09-09T11:09:58.291+0000] {processor.py:914} INFO - Processing file /home/airflow/.local/lib/python3.12/site-packages/airflow/example_dags/example_branch_operator_decorator.py for tasks to queue
[2024-09-09T11:09:58.296+0000] {logging_mixin.py:190} INFO - [2024-09-09T11:09:58.295+0000] {dagbag.py:587} INFO - Filling up the DagBag from /home/airflow/.local/lib/python3.12/site-packages/airflow/example_dags/example_branch_operator_decorator.py
[2024-09-09T11:09:58.334+0000] {processor.py:925} INFO - DAG(s) 'example_branch_python_operator_decorator' retrieved from /home/airflow/.local/lib/python3.12/site-packages/airflow/example_dags/example_branch_operator_decorator.py
[2024-09-09T11:09:58.391+0000] {logging_mixin.py:190} INFO - [2024-09-09T11:09:58.391+0000] {dag.py:3229} INFO - Sync 1 DAGs
[2024-09-09T11:09:58.443+0000] {logging_mixin.py:190} INFO - [2024-09-09T11:09:58.442+0000] {dag.py:4156} INFO - Setting next_dagrun for example_branch_python_operator_decorator to 2024-09-08 00:00:00+00:00, run_after=2024-09-09 00:00:00+00:00
[2024-09-09T11:09:58.482+0000] {processor.py:208} INFO - Processing /home/airflow/.local/lib/python3.12/site-packages/airflow/example_dags/example_branch_operator_decorator.py took 0.201 seconds
[2024-09-09T11:10:28.856+0000] {processor.py:186} INFO - Started process (PID=268) to work on /home/airflow/.local/lib/python3.12/site-packages/airflow/example_dags/example_branch_operator_decorator.py
[2024-09-09T11:10:28.857+0000] {processor.py:914} INFO - Processing file /home/airflow/.local/lib/python3.12/site-packages/airflow/example_dags/example_branch_operator_decorator.py for tasks to queue
[2024-09-09T11:10:28.862+0000] {logging_mixin.py:190} INFO - [2024-09-09T11:10:28.862+0000] {dagbag.py:587} INFO - Filling up the DagBag from /home/airflow/.local/lib/python3.12/site-packages/airflow/example_dags/example_branch_operator_decorator.py
[2024-09-09T11:10:28.905+0000] {processor.py:925} INFO - DAG(s) 'example_branch_python_operator_decorator' retrieved from /home/airflow/.local/lib/python3.12/site-packages/airflow/example_dags/example_branch_operator_decorator.py
[2024-09-09T11:10:28.960+0000] {logging_mixin.py:190} INFO - [2024-09-09T11:10:28.959+0000] {dag.py:3229} INFO - Sync 1 DAGs
[2024-09-09T11:10:29.003+0000] {logging_mixin.py:190} INFO - [2024-09-09T11:10:29.002+0000] {dag.py:4156} INFO - Setting next_dagrun for example_branch_python_operator_decorator to 2024-09-08 00:00:00+00:00, run_after=2024-09-09 00:00:00+00:00
[2024-09-09T11:10:29.041+0000] {processor.py:208} INFO - Processing /home/airflow/.local/lib/python3.12/site-packages/airflow/example_dags/example_branch_operator_decorator.py took 0.194 seconds
[2024-09-09T11:11:00.756+0000] {processor.py:186} INFO - Started process (PID=331) to work on /home/airflow/.local/lib/python3.12/site-packages/airflow/example_dags/example_branch_operator_decorator.py
[2024-09-09T11:11:00.758+0000] {processor.py:914} INFO - Processing file /home/airflow/.local/lib/python3.12/site-packages/airflow/example_dags/example_branch_operator_decorator.py for tasks to queue
[2024-09-09T11:11:00.763+0000] {logging_mixin.py:190} INFO - [2024-09-09T11:11:00.763+0000] {dagbag.py:587} INFO - Filling up the DagBag from /home/airflow/.local/lib/python3.12/site-packages/airflow/example_dags/example_branch_operator_decorator.py
[2024-09-09T11:11:00.820+0000] {processor.py:925} INFO - DAG(s) 'example_branch_python_operator_decorator' retrieved from /home/airflow/.local/lib/python3.12/site-packages/airflow/example_dags/example_branch_operator_decorator.py
[2024-09-09T11:11:00.880+0000] {logging_mixin.py:190} INFO - [2024-09-09T11:11:00.880+0000] {dag.py:3229} INFO - Sync 1 DAGs
[2024-09-09T11:11:00.939+0000] {logging_mixin.py:190} INFO - [2024-09-09T11:11:00.938+0000] {dag.py:4156} INFO - Setting next_dagrun for example_branch_python_operator_decorator to 2024-09-08 00:00:00+00:00, run_after=2024-09-09 00:00:00+00:00
[2024-09-09T11:11:00.986+0000] {processor.py:208} INFO - Processing /home/airflow/.local/lib/python3.12/site-packages/airflow/example_dags/example_branch_operator_decorator.py took 0.241 seconds
[2024-09-09T11:11:31.348+0000] {processor.py:186} INFO - Started process (PID=393) to work on /home/airflow/.local/lib/python3.12/site-packages/airflow/example_dags/example_branch_operator_decorator.py
[2024-09-09T11:11:31.350+0000] {processor.py:914} INFO - Processing file /home/airflow/.local/lib/python3.12/site-packages/airflow/example_dags/example_branch_operator_decorator.py for tasks to queue
[2024-09-09T11:11:31.354+0000] {logging_mixin.py:190} INFO - [2024-09-09T11:11:31.353+0000] {dagbag.py:587} INFO - Filling up the DagBag from /home/airflow/.local/lib/python3.12/site-packages/airflow/example_dags/example_branch_operator_decorator.py
[2024-09-09T11:11:31.430+0000] {processor.py:925} INFO - DAG(s) 'example_branch_python_operator_decorator' retrieved from /home/airflow/.local/lib/python3.12/site-packages/airflow/example_dags/example_branch_operator_decorator.py
[2024-09-09T11:11:31.562+0000] {logging_mixin.py:190} INFO - [2024-09-09T11:11:31.561+0000] {dag.py:3229} INFO - Sync 1 DAGs
[2024-09-09T11:11:31.673+0000] {logging_mixin.py:190} INFO - [2024-09-09T11:11:31.671+0000] {dag.py:4156} INFO - Setting next_dagrun for example_branch_python_operator_decorator to 2024-09-08 00:00:00+00:00, run_after=2024-09-09 00:00:00+00:00
[2024-09-09T11:11:31.735+0000] {processor.py:208} INFO - Processing /home/airflow/.local/lib/python3.12/site-packages/airflow/example_dags/example_branch_operator_decorator.py took 0.398 seconds
[2024-09-09T11:12:02.443+0000] {processor.py:186} INFO - Started process (PID=455) to work on /home/airflow/.local/lib/python3.12/site-packages/airflow/example_dags/example_branch_operator_decorator.py
[2024-09-09T11:12:02.446+0000] {processor.py:914} INFO - Processing file /home/airflow/.local/lib/python3.12/site-packages/airflow/example_dags/example_branch_operator_decorator.py for tasks to queue
[2024-09-09T11:12:02.453+0000] {logging_mixin.py:190} INFO - [2024-09-09T11:12:02.452+0000] {dagbag.py:587} INFO - Filling up the DagBag from /home/airflow/.local/lib/python3.12/site-packages/airflow/example_dags/example_branch_operator_decorator.py
[2024-09-09T11:12:02.524+0000] {processor.py:925} INFO - DAG(s) 'example_branch_python_operator_decorator' retrieved from /home/airflow/.local/lib/python3.12/site-packages/airflow/example_dags/example_branch_operator_decorator.py
[2024-09-09T11:12:02.617+0000] {logging_mixin.py:190} INFO - [2024-09-09T11:12:02.617+0000] {dag.py:3229} INFO - Sync 1 DAGs
[2024-09-09T11:12:02.707+0000] {logging_mixin.py:190} INFO - [2024-09-09T11:12:02.706+0000] {dag.py:4156} INFO - Setting next_dagrun for example_branch_python_operator_decorator to 2024-09-08 00:00:00+00:00, run_after=2024-09-09 00:00:00+00:00
[2024-09-09T11:12:02.778+0000] {processor.py:208} INFO - Processing /home/airflow/.local/lib/python3.12/site-packages/airflow/example_dags/example_branch_operator_decorator.py took 0.356 seconds
[2024-09-09T11:12:34.701+0000] {processor.py:186} INFO - Started process (PID=517) to work on /home/airflow/.local/lib/python3.12/site-packages/airflow/example_dags/example_branch_operator_decorator.py
[2024-09-09T11:12:34.710+0000] {processor.py:914} INFO - Processing file /home/airflow/.local/lib/python3.12/site-packages/airflow/example_dags/example_branch_operator_decorator.py for tasks to queue
[2024-09-09T11:12:34.717+0000] {logging_mixin.py:190} INFO - [2024-09-09T11:12:34.715+0000] {dagbag.py:587} INFO - Filling up the DagBag from /home/airflow/.local/lib/python3.12/site-packages/airflow/example_dags/example_branch_operator_decorator.py
[2024-09-09T11:12:34.843+0000] {processor.py:925} INFO - DAG(s) 'example_branch_python_operator_decorator' retrieved from /home/airflow/.local/lib/python3.12/site-packages/airflow/example_dags/example_branch_operator_decorator.py
[2024-09-09T11:12:35.015+0000] {logging_mixin.py:190} INFO - [2024-09-09T11:12:35.014+0000] {dag.py:3229} INFO - Sync 1 DAGs
[2024-09-09T11:12:35.113+0000] {logging_mixin.py:190} INFO - [2024-09-09T11:12:35.112+0000] {dag.py:4156} INFO - Setting next_dagrun for example_branch_python_operator_decorator to 2024-09-08 00:00:00+00:00, run_after=2024-09-09 00:00:00+00:00
[2024-09-09T11:12:35.255+0000] {processor.py:208} INFO - Processing /home/airflow/.local/lib/python3.12/site-packages/airflow/example_dags/example_branch_operator_decorator.py took 0.567 seconds
[2024-09-09T11:13:26.972+0000] {processor.py:186} INFO - Started process (PID=579) to work on /home/airflow/.local/lib/python3.12/site-packages/airflow/example_dags/example_branch_operator_decorator.py
[2024-09-09T11:13:26.975+0000] {processor.py:914} INFO - Processing file /home/airflow/.local/lib/python3.12/site-packages/airflow/example_dags/example_branch_operator_decorator.py for tasks to queue
[2024-09-09T11:13:26.981+0000] {logging_mixin.py:190} INFO - [2024-09-09T11:13:26.980+0000] {dagbag.py:587} INFO - Filling up the DagBag from /home/airflow/.local/lib/python3.12/site-packages/airflow/example_dags/example_branch_operator_decorator.py
[2024-09-09T11:13:27.062+0000] {processor.py:925} INFO - DAG(s) 'example_branch_python_operator_decorator' retrieved from /home/airflow/.local/lib/python3.12/site-packages/airflow/example_dags/example_branch_operator_decorator.py
[2024-09-09T11:13:27.169+0000] {logging_mixin.py:190} INFO - [2024-09-09T11:13:27.169+0000] {dag.py:3229} INFO - Sync 1 DAGs
[2024-09-09T11:13:27.284+0000] {logging_mixin.py:190} INFO - [2024-09-09T11:13:27.283+0000] {dag.py:4156} INFO - Setting next_dagrun for example_branch_python_operator_decorator to 2024-09-08 00:00:00+00:00, run_after=2024-09-09 00:00:00+00:00
[2024-09-09T11:13:27.358+0000] {processor.py:208} INFO - Processing /home/airflow/.local/lib/python3.12/site-packages/airflow/example_dags/example_branch_operator_decorator.py took 0.399 seconds
