[2024-09-09T11:00:58.983+0000] {processor.py:186} INFO - Started process (PID=123) to work on /home/airflow/.local/lib/python3.12/site-packages/airflow/example_dags/example_latest_only.py
[2024-09-09T11:00:58.985+0000] {processor.py:914} INFO - Processing file /home/airflow/.local/lib/python3.12/site-packages/airflow/example_dags/example_latest_only.py for tasks to queue
[2024-09-09T11:00:58.992+0000] {logging_mixin.py:190} INFO - [2024-09-09T11:00:58.991+0000] {dagbag.py:587} INFO - Filling up the DagBag from /home/airflow/.local/lib/python3.12/site-packages/airflow/example_dags/example_latest_only.py
[2024-09-09T11:00:59.006+0000] {processor.py:925} INFO - DAG(s) 'latest_only' retrieved from /home/airflow/.local/lib/python3.12/site-packages/airflow/example_dags/example_latest_only.py
[2024-09-09T11:00:59.251+0000] {logging_mixin.py:190} INFO - [2024-09-09T11:00:59.250+0000] {override.py:1900} INFO - Created Permission View: can delete on DAG:latest_only
[2024-09-09T11:00:59.273+0000] {logging_mixin.py:190} INFO - [2024-09-09T11:00:59.272+0000] {override.py:1900} INFO - Created Permission View: can edit on DAG:latest_only
[2024-09-09T11:00:59.288+0000] {logging_mixin.py:190} INFO - [2024-09-09T11:00:59.287+0000] {override.py:1900} INFO - Created Permission View: can read on DAG:latest_only
[2024-09-09T11:00:59.307+0000] {logging_mixin.py:190} INFO - [2024-09-09T11:00:59.306+0000] {override.py:1900} INFO - Created Permission View: can delete on DAG Run:latest_only
[2024-09-09T11:00:59.322+0000] {logging_mixin.py:190} INFO - [2024-09-09T11:00:59.321+0000] {override.py:1900} INFO - Created Permission View: can create on DAG Run:latest_only
[2024-09-09T11:00:59.339+0000] {logging_mixin.py:190} INFO - [2024-09-09T11:00:59.338+0000] {override.py:1900} INFO - Created Permission View: can read on DAG Run:latest_only
[2024-09-09T11:00:59.356+0000] {logging_mixin.py:190} INFO - [2024-09-09T11:00:59.355+0000] {override.py:1900} INFO - Created Permission View: menu access on DAG Run:latest_only
[2024-09-09T11:00:59.358+0000] {logging_mixin.py:190} INFO - [2024-09-09T11:00:59.357+0000] {dag.py:3229} INFO - Sync 1 DAGs
[2024-09-09T11:00:59.431+0000] {logging_mixin.py:190} INFO - [2024-09-09T11:00:59.430+0000] {dag.py:3252} INFO - Creating ORM DAG for latest_only
[2024-09-09T11:00:59.487+0000] {logging_mixin.py:190} INFO - [2024-09-09T11:00:59.486+0000] {dag.py:4156} INFO - Setting next_dagrun for latest_only to 2024-09-09 04:00:00+00:00, run_after=2024-09-09 08:00:00+00:00
[2024-09-09T11:00:59.539+0000] {processor.py:208} INFO - Processing /home/airflow/.local/lib/python3.12/site-packages/airflow/example_dags/example_latest_only.py took 0.568 seconds
[2024-09-09T11:09:01.480+0000] {processor.py:186} INFO - Started process (PID=112) to work on /home/airflow/.local/lib/python3.12/site-packages/airflow/example_dags/example_latest_only.py
[2024-09-09T11:09:01.481+0000] {processor.py:914} INFO - Processing file /home/airflow/.local/lib/python3.12/site-packages/airflow/example_dags/example_latest_only.py for tasks to queue
[2024-09-09T11:09:01.485+0000] {logging_mixin.py:190} INFO - [2024-09-09T11:09:01.484+0000] {dagbag.py:587} INFO - Filling up the DagBag from /home/airflow/.local/lib/python3.12/site-packages/airflow/example_dags/example_latest_only.py
[2024-09-09T11:09:01.495+0000] {processor.py:925} INFO - DAG(s) 'latest_only' retrieved from /home/airflow/.local/lib/python3.12/site-packages/airflow/example_dags/example_latest_only.py
[2024-09-09T11:09:01.527+0000] {logging_mixin.py:190} INFO - [2024-09-09T11:09:01.526+0000] {dag.py:3229} INFO - Sync 1 DAGs
[2024-09-09T11:09:01.564+0000] {logging_mixin.py:190} INFO - [2024-09-09T11:09:01.563+0000] {dag.py:4156} INFO - Setting next_dagrun for latest_only to 2024-09-09 04:00:00+00:00, run_after=2024-09-09 08:00:00+00:00
[2024-09-09T11:09:01.595+0000] {processor.py:208} INFO - Processing /home/airflow/.local/lib/python3.12/site-packages/airflow/example_dags/example_latest_only.py took 0.122 seconds
[2024-09-09T11:09:32.334+0000] {processor.py:186} INFO - Started process (PID=174) to work on /home/airflow/.local/lib/python3.12/site-packages/airflow/example_dags/example_latest_only.py
[2024-09-09T11:09:32.335+0000] {processor.py:914} INFO - Processing file /home/airflow/.local/lib/python3.12/site-packages/airflow/example_dags/example_latest_only.py for tasks to queue
[2024-09-09T11:09:32.339+0000] {logging_mixin.py:190} INFO - [2024-09-09T11:09:32.338+0000] {dagbag.py:587} INFO - Filling up the DagBag from /home/airflow/.local/lib/python3.12/site-packages/airflow/example_dags/example_latest_only.py
[2024-09-09T11:09:32.349+0000] {processor.py:925} INFO - DAG(s) 'latest_only' retrieved from /home/airflow/.local/lib/python3.12/site-packages/airflow/example_dags/example_latest_only.py
[2024-09-09T11:09:32.381+0000] {logging_mixin.py:190} INFO - [2024-09-09T11:09:32.380+0000] {dag.py:3229} INFO - Sync 1 DAGs
[2024-09-09T11:09:32.435+0000] {logging_mixin.py:190} INFO - [2024-09-09T11:09:32.434+0000] {dag.py:4156} INFO - Setting next_dagrun for latest_only to 2024-09-09 04:00:00+00:00, run_after=2024-09-09 08:00:00+00:00
[2024-09-09T11:09:32.480+0000] {processor.py:208} INFO - Processing /home/airflow/.local/lib/python3.12/site-packages/airflow/example_dags/example_latest_only.py took 0.154 seconds
[2024-09-09T11:10:02.999+0000] {processor.py:186} INFO - Started process (PID=237) to work on /home/airflow/.local/lib/python3.12/site-packages/airflow/example_dags/example_latest_only.py
[2024-09-09T11:10:03.001+0000] {processor.py:914} INFO - Processing file /home/airflow/.local/lib/python3.12/site-packages/airflow/example_dags/example_latest_only.py for tasks to queue
[2024-09-09T11:10:03.006+0000] {logging_mixin.py:190} INFO - [2024-09-09T11:10:03.005+0000] {dagbag.py:587} INFO - Filling up the DagBag from /home/airflow/.local/lib/python3.12/site-packages/airflow/example_dags/example_latest_only.py
[2024-09-09T11:10:03.021+0000] {processor.py:925} INFO - DAG(s) 'latest_only' retrieved from /home/airflow/.local/lib/python3.12/site-packages/airflow/example_dags/example_latest_only.py
[2024-09-09T11:10:03.055+0000] {logging_mixin.py:190} INFO - [2024-09-09T11:10:03.055+0000] {dag.py:3229} INFO - Sync 1 DAGs
[2024-09-09T11:10:03.094+0000] {logging_mixin.py:190} INFO - [2024-09-09T11:10:03.094+0000] {dag.py:4156} INFO - Setting next_dagrun for latest_only to 2024-09-09 04:00:00+00:00, run_after=2024-09-09 08:00:00+00:00
[2024-09-09T11:10:03.129+0000] {processor.py:208} INFO - Processing /home/airflow/.local/lib/python3.12/site-packages/airflow/example_dags/example_latest_only.py took 0.139 seconds
[2024-09-09T11:10:33.800+0000] {processor.py:186} INFO - Started process (PID=298) to work on /home/airflow/.local/lib/python3.12/site-packages/airflow/example_dags/example_latest_only.py
[2024-09-09T11:10:33.803+0000] {processor.py:914} INFO - Processing file /home/airflow/.local/lib/python3.12/site-packages/airflow/example_dags/example_latest_only.py for tasks to queue
[2024-09-09T11:10:33.809+0000] {logging_mixin.py:190} INFO - [2024-09-09T11:10:33.808+0000] {dagbag.py:587} INFO - Filling up the DagBag from /home/airflow/.local/lib/python3.12/site-packages/airflow/example_dags/example_latest_only.py
[2024-09-09T11:10:33.825+0000] {processor.py:925} INFO - DAG(s) 'latest_only' retrieved from /home/airflow/.local/lib/python3.12/site-packages/airflow/example_dags/example_latest_only.py
[2024-09-09T11:10:33.866+0000] {logging_mixin.py:190} INFO - [2024-09-09T11:10:33.866+0000] {dag.py:3229} INFO - Sync 1 DAGs
[2024-09-09T11:10:33.920+0000] {logging_mixin.py:190} INFO - [2024-09-09T11:10:33.919+0000] {dag.py:4156} INFO - Setting next_dagrun for latest_only to 2024-09-09 04:00:00+00:00, run_after=2024-09-09 08:00:00+00:00
[2024-09-09T11:10:33.973+0000] {processor.py:208} INFO - Processing /home/airflow/.local/lib/python3.12/site-packages/airflow/example_dags/example_latest_only.py took 0.185 seconds
[2024-09-09T11:11:06.316+0000] {processor.py:186} INFO - Started process (PID=362) to work on /home/airflow/.local/lib/python3.12/site-packages/airflow/example_dags/example_latest_only.py
[2024-09-09T11:11:06.318+0000] {processor.py:914} INFO - Processing file /home/airflow/.local/lib/python3.12/site-packages/airflow/example_dags/example_latest_only.py for tasks to queue
[2024-09-09T11:11:06.325+0000] {logging_mixin.py:190} INFO - [2024-09-09T11:11:06.324+0000] {dagbag.py:587} INFO - Filling up the DagBag from /home/airflow/.local/lib/python3.12/site-packages/airflow/example_dags/example_latest_only.py
[2024-09-09T11:11:06.346+0000] {processor.py:925} INFO - DAG(s) 'latest_only' retrieved from /home/airflow/.local/lib/python3.12/site-packages/airflow/example_dags/example_latest_only.py
[2024-09-09T11:11:06.415+0000] {logging_mixin.py:190} INFO - [2024-09-09T11:11:06.415+0000] {dag.py:3229} INFO - Sync 1 DAGs
[2024-09-09T11:11:06.491+0000] {logging_mixin.py:190} INFO - [2024-09-09T11:11:06.490+0000] {dag.py:4156} INFO - Setting next_dagrun for latest_only to 2024-09-09 04:00:00+00:00, run_after=2024-09-09 08:00:00+00:00
[2024-09-09T11:11:06.546+0000] {processor.py:208} INFO - Processing /home/airflow/.local/lib/python3.12/site-packages/airflow/example_dags/example_latest_only.py took 0.245 seconds
[2024-09-09T11:11:38.079+0000] {processor.py:186} INFO - Started process (PID=424) to work on /home/airflow/.local/lib/python3.12/site-packages/airflow/example_dags/example_latest_only.py
[2024-09-09T11:11:38.081+0000] {processor.py:914} INFO - Processing file /home/airflow/.local/lib/python3.12/site-packages/airflow/example_dags/example_latest_only.py for tasks to queue
[2024-09-09T11:11:38.087+0000] {logging_mixin.py:190} INFO - [2024-09-09T11:11:38.087+0000] {dagbag.py:587} INFO - Filling up the DagBag from /home/airflow/.local/lib/python3.12/site-packages/airflow/example_dags/example_latest_only.py
[2024-09-09T11:11:38.104+0000] {processor.py:925} INFO - DAG(s) 'latest_only' retrieved from /home/airflow/.local/lib/python3.12/site-packages/airflow/example_dags/example_latest_only.py
[2024-09-09T11:11:38.140+0000] {logging_mixin.py:190} INFO - [2024-09-09T11:11:38.139+0000] {dag.py:3229} INFO - Sync 1 DAGs
[2024-09-09T11:11:38.195+0000] {logging_mixin.py:190} INFO - [2024-09-09T11:11:38.194+0000] {dag.py:4156} INFO - Setting next_dagrun for latest_only to 2024-09-09 04:00:00+00:00, run_after=2024-09-09 08:00:00+00:00
[2024-09-09T11:11:38.231+0000] {processor.py:208} INFO - Processing /home/airflow/.local/lib/python3.12/site-packages/airflow/example_dags/example_latest_only.py took 0.166 seconds
[2024-09-09T11:12:10.915+0000] {processor.py:186} INFO - Started process (PID=486) to work on /home/airflow/.local/lib/python3.12/site-packages/airflow/example_dags/example_latest_only.py
[2024-09-09T11:12:10.916+0000] {processor.py:914} INFO - Processing file /home/airflow/.local/lib/python3.12/site-packages/airflow/example_dags/example_latest_only.py for tasks to queue
[2024-09-09T11:12:10.920+0000] {logging_mixin.py:190} INFO - [2024-09-09T11:12:10.919+0000] {dagbag.py:587} INFO - Filling up the DagBag from /home/airflow/.local/lib/python3.12/site-packages/airflow/example_dags/example_latest_only.py
[2024-09-09T11:12:10.930+0000] {processor.py:925} INFO - DAG(s) 'latest_only' retrieved from /home/airflow/.local/lib/python3.12/site-packages/airflow/example_dags/example_latest_only.py
[2024-09-09T11:12:10.964+0000] {logging_mixin.py:190} INFO - [2024-09-09T11:12:10.963+0000] {dag.py:3229} INFO - Sync 1 DAGs
[2024-09-09T11:12:11.009+0000] {logging_mixin.py:190} INFO - [2024-09-09T11:12:11.008+0000] {dag.py:4156} INFO - Setting next_dagrun for latest_only to 2024-09-09 04:00:00+00:00, run_after=2024-09-09 08:00:00+00:00
[2024-09-09T11:12:11.050+0000] {processor.py:208} INFO - Processing /home/airflow/.local/lib/python3.12/site-packages/airflow/example_dags/example_latest_only.py took 0.144 seconds
[2024-09-09T11:13:21.519+0000] {processor.py:186} INFO - Started process (PID=554) to work on /home/airflow/.local/lib/python3.12/site-packages/airflow/example_dags/example_latest_only.py
[2024-09-09T11:13:21.522+0000] {processor.py:914} INFO - Processing file /home/airflow/.local/lib/python3.12/site-packages/airflow/example_dags/example_latest_only.py for tasks to queue
[2024-09-09T11:13:21.527+0000] {logging_mixin.py:190} INFO - [2024-09-09T11:13:21.526+0000] {dagbag.py:587} INFO - Filling up the DagBag from /home/airflow/.local/lib/python3.12/site-packages/airflow/example_dags/example_latest_only.py
[2024-09-09T11:13:21.543+0000] {processor.py:925} INFO - DAG(s) 'latest_only' retrieved from /home/airflow/.local/lib/python3.12/site-packages/airflow/example_dags/example_latest_only.py
[2024-09-09T11:13:21.592+0000] {logging_mixin.py:190} INFO - [2024-09-09T11:13:21.591+0000] {dag.py:3229} INFO - Sync 1 DAGs
[2024-09-09T11:13:21.690+0000] {logging_mixin.py:190} INFO - [2024-09-09T11:13:21.690+0000] {dag.py:4156} INFO - Setting next_dagrun for latest_only to 2024-09-09 04:00:00+00:00, run_after=2024-09-09 08:00:00+00:00
[2024-09-09T11:13:21.777+0000] {processor.py:208} INFO - Processing /home/airflow/.local/lib/python3.12/site-packages/airflow/example_dags/example_latest_only.py took 0.269 seconds
