[2024-09-09T11:00:42.770+0000] {processor.py:186} INFO - Started process (PID=75) to work on /home/airflow/.local/lib/python3.12/site-packages/airflow/example_dags/example_bash_operator.py
[2024-09-09T11:00:42.773+0000] {processor.py:914} INFO - Processing file /home/airflow/.local/lib/python3.12/site-packages/airflow/example_dags/example_bash_operator.py for tasks to queue
[2024-09-09T11:00:42.780+0000] {logging_mixin.py:190} INFO - [2024-09-09T11:00:42.779+0000] {dagbag.py:587} INFO - Filling up the DagBag from /home/airflow/.local/lib/python3.12/site-packages/airflow/example_dags/example_bash_operator.py
[2024-09-09T11:00:42.831+0000] {processor.py:925} INFO - DAG(s) 'example_bash_operator' retrieved from /home/airflow/.local/lib/python3.12/site-packages/airflow/example_dags/example_bash_operator.py
[2024-09-09T11:00:43.139+0000] {logging_mixin.py:190} INFO - [2024-09-09T11:00:43.138+0000] {override.py:1900} INFO - Created Permission View: can delete on DAG:example_bash_operator
[2024-09-09T11:00:43.167+0000] {logging_mixin.py:190} INFO - [2024-09-09T11:00:43.166+0000] {override.py:1900} INFO - Created Permission View: can edit on DAG:example_bash_operator
[2024-09-09T11:00:43.188+0000] {logging_mixin.py:190} INFO - [2024-09-09T11:00:43.188+0000] {override.py:1900} INFO - Created Permission View: can read on DAG:example_bash_operator
[2024-09-09T11:00:43.208+0000] {logging_mixin.py:190} INFO - [2024-09-09T11:00:43.208+0000] {override.py:1900} INFO - Created Permission View: can delete on DAG Run:example_bash_operator
[2024-09-09T11:00:43.230+0000] {logging_mixin.py:190} INFO - [2024-09-09T11:00:43.229+0000] {override.py:1900} INFO - Created Permission View: can create on DAG Run:example_bash_operator
[2024-09-09T11:00:43.250+0000] {logging_mixin.py:190} INFO - [2024-09-09T11:00:43.249+0000] {override.py:1900} INFO - Created Permission View: can read on DAG Run:example_bash_operator
[2024-09-09T11:00:43.272+0000] {logging_mixin.py:190} INFO - [2024-09-09T11:00:43.271+0000] {override.py:1900} INFO - Created Permission View: menu access on DAG Run:example_bash_operator
[2024-09-09T11:00:43.275+0000] {logging_mixin.py:190} INFO - [2024-09-09T11:00:43.274+0000] {dag.py:3229} INFO - Sync 1 DAGs
[2024-09-09T11:00:43.309+0000] {logging_mixin.py:190} INFO - [2024-09-09T11:00:43.308+0000] {dag.py:3252} INFO - Creating ORM DAG for example_bash_operator
[2024-09-09T11:00:43.356+0000] {logging_mixin.py:190} INFO - [2024-09-09T11:00:43.356+0000] {dag.py:4156} INFO - Setting next_dagrun for example_bash_operator to 2024-09-08 00:00:00+00:00, run_after=2024-09-09 00:00:00+00:00
[2024-09-09T11:00:43.425+0000] {processor.py:208} INFO - Processing /home/airflow/.local/lib/python3.12/site-packages/airflow/example_dags/example_bash_operator.py took 0.670 seconds
[2024-09-09T11:01:14.325+0000] {processor.py:186} INFO - Started process (PID=137) to work on /home/airflow/.local/lib/python3.12/site-packages/airflow/example_dags/example_bash_operator.py
[2024-09-09T11:01:14.328+0000] {processor.py:914} INFO - Processing file /home/airflow/.local/lib/python3.12/site-packages/airflow/example_dags/example_bash_operator.py for tasks to queue
[2024-09-09T11:01:14.337+0000] {logging_mixin.py:190} INFO - [2024-09-09T11:01:14.335+0000] {dagbag.py:587} INFO - Filling up the DagBag from /home/airflow/.local/lib/python3.12/site-packages/airflow/example_dags/example_bash_operator.py
[2024-09-09T11:01:14.391+0000] {processor.py:925} INFO - DAG(s) 'example_bash_operator' retrieved from /home/airflow/.local/lib/python3.12/site-packages/airflow/example_dags/example_bash_operator.py
[2024-09-09T11:01:15.064+0000] {logging_mixin.py:190} INFO - [2024-09-09T11:01:15.063+0000] {dag.py:3229} INFO - Sync 1 DAGs
[2024-09-09T11:01:15.151+0000] {logging_mixin.py:190} INFO - [2024-09-09T11:01:15.150+0000] {dag.py:4156} INFO - Setting next_dagrun for example_bash_operator to 2024-09-08 00:00:00+00:00, run_after=2024-09-09 00:00:00+00:00
[2024-09-09T11:01:15.201+0000] {processor.py:208} INFO - Processing /home/airflow/.local/lib/python3.12/site-packages/airflow/example_dags/example_bash_operator.py took 0.923 seconds
[2024-09-09T11:08:55.093+0000] {processor.py:186} INFO - Started process (PID=70) to work on /home/airflow/.local/lib/python3.12/site-packages/airflow/example_dags/example_bash_operator.py
[2024-09-09T11:08:55.095+0000] {processor.py:914} INFO - Processing file /home/airflow/.local/lib/python3.12/site-packages/airflow/example_dags/example_bash_operator.py for tasks to queue
[2024-09-09T11:08:55.099+0000] {logging_mixin.py:190} INFO - [2024-09-09T11:08:55.099+0000] {dagbag.py:587} INFO - Filling up the DagBag from /home/airflow/.local/lib/python3.12/site-packages/airflow/example_dags/example_bash_operator.py
[2024-09-09T11:08:55.151+0000] {processor.py:925} INFO - DAG(s) 'example_bash_operator' retrieved from /home/airflow/.local/lib/python3.12/site-packages/airflow/example_dags/example_bash_operator.py
[2024-09-09T11:08:55.224+0000] {logging_mixin.py:190} INFO - [2024-09-09T11:08:55.224+0000] {dag.py:3229} INFO - Sync 1 DAGs
[2024-09-09T11:08:55.292+0000] {logging_mixin.py:190} INFO - [2024-09-09T11:08:55.291+0000] {dag.py:4156} INFO - Setting next_dagrun for example_bash_operator to 2024-09-08 00:00:00+00:00, run_after=2024-09-09 00:00:00+00:00
[2024-09-09T11:08:55.338+0000] {processor.py:208} INFO - Processing /home/airflow/.local/lib/python3.12/site-packages/airflow/example_dags/example_bash_operator.py took 0.256 seconds
[2024-09-09T11:09:26.339+0000] {processor.py:186} INFO - Started process (PID=132) to work on /home/airflow/.local/lib/python3.12/site-packages/airflow/example_dags/example_bash_operator.py
[2024-09-09T11:09:26.340+0000] {processor.py:914} INFO - Processing file /home/airflow/.local/lib/python3.12/site-packages/airflow/example_dags/example_bash_operator.py for tasks to queue
[2024-09-09T11:09:26.345+0000] {logging_mixin.py:190} INFO - [2024-09-09T11:09:26.344+0000] {dagbag.py:587} INFO - Filling up the DagBag from /home/airflow/.local/lib/python3.12/site-packages/airflow/example_dags/example_bash_operator.py
[2024-09-09T11:09:26.382+0000] {processor.py:925} INFO - DAG(s) 'example_bash_operator' retrieved from /home/airflow/.local/lib/python3.12/site-packages/airflow/example_dags/example_bash_operator.py
[2024-09-09T11:09:26.447+0000] {logging_mixin.py:190} INFO - [2024-09-09T11:09:26.447+0000] {dag.py:3229} INFO - Sync 1 DAGs
[2024-09-09T11:09:26.524+0000] {logging_mixin.py:190} INFO - [2024-09-09T11:09:26.523+0000] {dag.py:4156} INFO - Setting next_dagrun for example_bash_operator to 2024-09-08 00:00:00+00:00, run_after=2024-09-09 00:00:00+00:00
[2024-09-09T11:09:26.565+0000] {processor.py:208} INFO - Processing /home/airflow/.local/lib/python3.12/site-packages/airflow/example_dags/example_bash_operator.py took 0.235 seconds
[2024-09-09T11:09:57.113+0000] {processor.py:186} INFO - Started process (PID=195) to work on /home/airflow/.local/lib/python3.12/site-packages/airflow/example_dags/example_bash_operator.py
[2024-09-09T11:09:57.115+0000] {processor.py:914} INFO - Processing file /home/airflow/.local/lib/python3.12/site-packages/airflow/example_dags/example_bash_operator.py for tasks to queue
[2024-09-09T11:09:57.118+0000] {logging_mixin.py:190} INFO - [2024-09-09T11:09:57.118+0000] {dagbag.py:587} INFO - Filling up the DagBag from /home/airflow/.local/lib/python3.12/site-packages/airflow/example_dags/example_bash_operator.py
[2024-09-09T11:09:57.147+0000] {processor.py:925} INFO - DAG(s) 'example_bash_operator' retrieved from /home/airflow/.local/lib/python3.12/site-packages/airflow/example_dags/example_bash_operator.py
[2024-09-09T11:09:57.205+0000] {logging_mixin.py:190} INFO - [2024-09-09T11:09:57.204+0000] {dag.py:3229} INFO - Sync 1 DAGs
[2024-09-09T11:09:57.268+0000] {logging_mixin.py:190} INFO - [2024-09-09T11:09:57.267+0000] {dag.py:4156} INFO - Setting next_dagrun for example_bash_operator to 2024-09-08 00:00:00+00:00, run_after=2024-09-09 00:00:00+00:00
[2024-09-09T11:09:57.305+0000] {processor.py:208} INFO - Processing /home/airflow/.local/lib/python3.12/site-packages/airflow/example_dags/example_bash_operator.py took 0.203 seconds
[2024-09-09T11:10:27.782+0000] {processor.py:186} INFO - Started process (PID=257) to work on /home/airflow/.local/lib/python3.12/site-packages/airflow/example_dags/example_bash_operator.py
[2024-09-09T11:10:27.784+0000] {processor.py:914} INFO - Processing file /home/airflow/.local/lib/python3.12/site-packages/airflow/example_dags/example_bash_operator.py for tasks to queue
[2024-09-09T11:10:27.790+0000] {logging_mixin.py:190} INFO - [2024-09-09T11:10:27.790+0000] {dagbag.py:587} INFO - Filling up the DagBag from /home/airflow/.local/lib/python3.12/site-packages/airflow/example_dags/example_bash_operator.py
[2024-09-09T11:10:27.818+0000] {processor.py:925} INFO - DAG(s) 'example_bash_operator' retrieved from /home/airflow/.local/lib/python3.12/site-packages/airflow/example_dags/example_bash_operator.py
[2024-09-09T11:10:27.866+0000] {logging_mixin.py:190} INFO - [2024-09-09T11:10:27.865+0000] {dag.py:3229} INFO - Sync 1 DAGs
[2024-09-09T11:10:27.905+0000] {logging_mixin.py:190} INFO - [2024-09-09T11:10:27.905+0000] {dag.py:4156} INFO - Setting next_dagrun for example_bash_operator to 2024-09-08 00:00:00+00:00, run_after=2024-09-09 00:00:00+00:00
[2024-09-09T11:10:27.943+0000] {processor.py:208} INFO - Processing /home/airflow/.local/lib/python3.12/site-packages/airflow/example_dags/example_bash_operator.py took 0.174 seconds
[2024-09-09T11:10:58.967+0000] {processor.py:186} INFO - Started process (PID=320) to work on /home/airflow/.local/lib/python3.12/site-packages/airflow/example_dags/example_bash_operator.py
[2024-09-09T11:10:58.969+0000] {processor.py:914} INFO - Processing file /home/airflow/.local/lib/python3.12/site-packages/airflow/example_dags/example_bash_operator.py for tasks to queue
[2024-09-09T11:10:58.974+0000] {logging_mixin.py:190} INFO - [2024-09-09T11:10:58.973+0000] {dagbag.py:587} INFO - Filling up the DagBag from /home/airflow/.local/lib/python3.12/site-packages/airflow/example_dags/example_bash_operator.py
[2024-09-09T11:10:59.001+0000] {processor.py:925} INFO - DAG(s) 'example_bash_operator' retrieved from /home/airflow/.local/lib/python3.12/site-packages/airflow/example_dags/example_bash_operator.py
[2024-09-09T11:10:59.066+0000] {logging_mixin.py:190} INFO - [2024-09-09T11:10:59.065+0000] {dag.py:3229} INFO - Sync 1 DAGs
[2024-09-09T11:10:59.122+0000] {logging_mixin.py:190} INFO - [2024-09-09T11:10:59.122+0000] {dag.py:4156} INFO - Setting next_dagrun for example_bash_operator to 2024-09-08 00:00:00+00:00, run_after=2024-09-09 00:00:00+00:00
[2024-09-09T11:10:59.167+0000] {processor.py:208} INFO - Processing /home/airflow/.local/lib/python3.12/site-packages/airflow/example_dags/example_bash_operator.py took 0.213 seconds
[2024-09-09T11:11:29.372+0000] {processor.py:186} INFO - Started process (PID=382) to work on /home/airflow/.local/lib/python3.12/site-packages/airflow/example_dags/example_bash_operator.py
[2024-09-09T11:11:29.373+0000] {processor.py:914} INFO - Processing file /home/airflow/.local/lib/python3.12/site-packages/airflow/example_dags/example_bash_operator.py for tasks to queue
[2024-09-09T11:11:29.378+0000] {logging_mixin.py:190} INFO - [2024-09-09T11:11:29.378+0000] {dagbag.py:587} INFO - Filling up the DagBag from /home/airflow/.local/lib/python3.12/site-packages/airflow/example_dags/example_bash_operator.py
[2024-09-09T11:11:29.407+0000] {processor.py:925} INFO - DAG(s) 'example_bash_operator' retrieved from /home/airflow/.local/lib/python3.12/site-packages/airflow/example_dags/example_bash_operator.py
[2024-09-09T11:11:29.464+0000] {logging_mixin.py:190} INFO - [2024-09-09T11:11:29.463+0000] {dag.py:3229} INFO - Sync 1 DAGs
[2024-09-09T11:11:29.516+0000] {logging_mixin.py:190} INFO - [2024-09-09T11:11:29.516+0000] {dag.py:4156} INFO - Setting next_dagrun for example_bash_operator to 2024-09-08 00:00:00+00:00, run_after=2024-09-09 00:00:00+00:00
[2024-09-09T11:11:29.563+0000] {processor.py:208} INFO - Processing /home/airflow/.local/lib/python3.12/site-packages/airflow/example_dags/example_bash_operator.py took 0.202 seconds
[2024-09-09T11:12:00.218+0000] {processor.py:186} INFO - Started process (PID=444) to work on /home/airflow/.local/lib/python3.12/site-packages/airflow/example_dags/example_bash_operator.py
[2024-09-09T11:12:00.220+0000] {processor.py:914} INFO - Processing file /home/airflow/.local/lib/python3.12/site-packages/airflow/example_dags/example_bash_operator.py for tasks to queue
[2024-09-09T11:12:00.226+0000] {logging_mixin.py:190} INFO - [2024-09-09T11:12:00.225+0000] {dagbag.py:587} INFO - Filling up the DagBag from /home/airflow/.local/lib/python3.12/site-packages/airflow/example_dags/example_bash_operator.py
[2024-09-09T11:12:00.257+0000] {processor.py:925} INFO - DAG(s) 'example_bash_operator' retrieved from /home/airflow/.local/lib/python3.12/site-packages/airflow/example_dags/example_bash_operator.py
[2024-09-09T11:12:00.315+0000] {logging_mixin.py:190} INFO - [2024-09-09T11:12:00.315+0000] {dag.py:3229} INFO - Sync 1 DAGs
[2024-09-09T11:12:00.365+0000] {logging_mixin.py:190} INFO - [2024-09-09T11:12:00.365+0000] {dag.py:4156} INFO - Setting next_dagrun for example_bash_operator to 2024-09-08 00:00:00+00:00, run_after=2024-09-09 00:00:00+00:00
[2024-09-09T11:12:00.412+0000] {processor.py:208} INFO - Processing /home/airflow/.local/lib/python3.12/site-packages/airflow/example_dags/example_bash_operator.py took 0.203 seconds
[2024-09-09T11:12:31.325+0000] {processor.py:186} INFO - Started process (PID=506) to work on /home/airflow/.local/lib/python3.12/site-packages/airflow/example_dags/example_bash_operator.py
[2024-09-09T11:12:31.328+0000] {processor.py:914} INFO - Processing file /home/airflow/.local/lib/python3.12/site-packages/airflow/example_dags/example_bash_operator.py for tasks to queue
[2024-09-09T11:12:31.335+0000] {logging_mixin.py:190} INFO - [2024-09-09T11:12:31.334+0000] {dagbag.py:587} INFO - Filling up the DagBag from /home/airflow/.local/lib/python3.12/site-packages/airflow/example_dags/example_bash_operator.py
[2024-09-09T11:12:31.370+0000] {processor.py:925} INFO - DAG(s) 'example_bash_operator' retrieved from /home/airflow/.local/lib/python3.12/site-packages/airflow/example_dags/example_bash_operator.py
[2024-09-09T11:12:31.462+0000] {logging_mixin.py:190} INFO - [2024-09-09T11:12:31.462+0000] {dag.py:3229} INFO - Sync 1 DAGs
[2024-09-09T11:12:31.567+0000] {logging_mixin.py:190} INFO - [2024-09-09T11:12:31.566+0000] {dag.py:4156} INFO - Setting next_dagrun for example_bash_operator to 2024-09-08 00:00:00+00:00, run_after=2024-09-09 00:00:00+00:00
[2024-09-09T11:12:31.651+0000] {processor.py:208} INFO - Processing /home/airflow/.local/lib/python3.12/site-packages/airflow/example_dags/example_bash_operator.py took 0.341 seconds
[2024-09-09T11:13:23.920+0000] {processor.py:186} INFO - Started process (PID=568) to work on /home/airflow/.local/lib/python3.12/site-packages/airflow/example_dags/example_bash_operator.py
[2024-09-09T11:13:23.923+0000] {processor.py:914} INFO - Processing file /home/airflow/.local/lib/python3.12/site-packages/airflow/example_dags/example_bash_operator.py for tasks to queue
[2024-09-09T11:13:23.931+0000] {logging_mixin.py:190} INFO - [2024-09-09T11:13:23.928+0000] {dagbag.py:587} INFO - Filling up the DagBag from /home/airflow/.local/lib/python3.12/site-packages/airflow/example_dags/example_bash_operator.py
[2024-09-09T11:13:24.122+0000] {processor.py:925} INFO - DAG(s) 'example_bash_operator' retrieved from /home/airflow/.local/lib/python3.12/site-packages/airflow/example_dags/example_bash_operator.py
[2024-09-09T11:13:24.229+0000] {logging_mixin.py:190} INFO - [2024-09-09T11:13:24.229+0000] {dag.py:3229} INFO - Sync 1 DAGs
[2024-09-09T11:13:24.308+0000] {logging_mixin.py:190} INFO - [2024-09-09T11:13:24.305+0000] {dag.py:4156} INFO - Setting next_dagrun for example_bash_operator to 2024-09-08 00:00:00+00:00, run_after=2024-09-09 00:00:00+00:00
[2024-09-09T11:13:24.374+0000] {processor.py:208} INFO - Processing /home/airflow/.local/lib/python3.12/site-packages/airflow/example_dags/example_bash_operator.py took 0.469 seconds
