[2024-09-09T11:00:49.443+0000] {processor.py:186} INFO - Started process (PID=95) to work on /home/airflow/.local/lib/python3.12/site-packages/airflow/example_dags/example_inlet_event_extra.py
[2024-09-09T11:00:49.445+0000] {processor.py:914} INFO - Processing file /home/airflow/.local/lib/python3.12/site-packages/airflow/example_dags/example_inlet_event_extra.py for tasks to queue
[2024-09-09T11:00:49.451+0000] {logging_mixin.py:190} INFO - [2024-09-09T11:00:49.450+0000] {dagbag.py:587} INFO - Filling up the DagBag from /home/airflow/.local/lib/python3.12/site-packages/airflow/example_dags/example_inlet_event_extra.py
[2024-09-09T11:00:50.281+0000] {processor.py:925} INFO - DAG(s) 'read_dataset_event', 'read_dataset_event_from_classic' retrieved from /home/airflow/.local/lib/python3.12/site-packages/airflow/example_dags/example_inlet_event_extra.py
[2024-09-09T11:00:50.609+0000] {logging_mixin.py:190} INFO - [2024-09-09T11:00:50.608+0000] {override.py:1900} INFO - Created Permission View: can delete on DAG:read_dataset_event
[2024-09-09T11:00:50.632+0000] {logging_mixin.py:190} INFO - [2024-09-09T11:00:50.632+0000] {override.py:1900} INFO - Created Permission View: can edit on DAG:read_dataset_event
[2024-09-09T11:00:50.647+0000] {logging_mixin.py:190} INFO - [2024-09-09T11:00:50.647+0000] {override.py:1900} INFO - Created Permission View: can read on DAG:read_dataset_event
[2024-09-09T11:00:50.667+0000] {logging_mixin.py:190} INFO - [2024-09-09T11:00:50.666+0000] {override.py:1900} INFO - Created Permission View: can delete on DAG Run:read_dataset_event
[2024-09-09T11:00:50.682+0000] {logging_mixin.py:190} INFO - [2024-09-09T11:00:50.682+0000] {override.py:1900} INFO - Created Permission View: can create on DAG Run:read_dataset_event
[2024-09-09T11:00:50.696+0000] {logging_mixin.py:190} INFO - [2024-09-09T11:00:50.695+0000] {override.py:1900} INFO - Created Permission View: can read on DAG Run:read_dataset_event
[2024-09-09T11:00:50.713+0000] {logging_mixin.py:190} INFO - [2024-09-09T11:00:50.712+0000] {override.py:1900} INFO - Created Permission View: menu access on DAG Run:read_dataset_event
[2024-09-09T11:00:50.741+0000] {logging_mixin.py:190} INFO - [2024-09-09T11:00:50.740+0000] {override.py:1900} INFO - Created Permission View: can delete on DAG:read_dataset_event_from_classic
[2024-09-09T11:00:50.756+0000] {logging_mixin.py:190} INFO - [2024-09-09T11:00:50.756+0000] {override.py:1900} INFO - Created Permission View: can edit on DAG:read_dataset_event_from_classic
[2024-09-09T11:00:50.771+0000] {logging_mixin.py:190} INFO - [2024-09-09T11:00:50.771+0000] {override.py:1900} INFO - Created Permission View: can read on DAG:read_dataset_event_from_classic
[2024-09-09T11:00:50.790+0000] {logging_mixin.py:190} INFO - [2024-09-09T11:00:50.789+0000] {override.py:1900} INFO - Created Permission View: can delete on DAG Run:read_dataset_event_from_classic
[2024-09-09T11:00:50.807+0000] {logging_mixin.py:190} INFO - [2024-09-09T11:00:50.806+0000] {override.py:1900} INFO - Created Permission View: can create on DAG Run:read_dataset_event_from_classic
[2024-09-09T11:00:50.827+0000] {logging_mixin.py:190} INFO - [2024-09-09T11:00:50.826+0000] {override.py:1900} INFO - Created Permission View: can read on DAG Run:read_dataset_event_from_classic
[2024-09-09T11:00:50.843+0000] {logging_mixin.py:190} INFO - [2024-09-09T11:00:50.842+0000] {override.py:1900} INFO - Created Permission View: menu access on DAG Run:read_dataset_event_from_classic
[2024-09-09T11:00:50.846+0000] {logging_mixin.py:190} INFO - [2024-09-09T11:00:50.845+0000] {dag.py:3229} INFO - Sync 2 DAGs
[2024-09-09T11:00:50.875+0000] {logging_mixin.py:190} INFO - [2024-09-09T11:00:50.874+0000] {dag.py:3252} INFO - Creating ORM DAG for read_dataset_event_from_classic
[2024-09-09T11:00:50.877+0000] {logging_mixin.py:190} INFO - [2024-09-09T11:00:50.877+0000] {dag.py:3252} INFO - Creating ORM DAG for read_dataset_event
[2024-09-09T11:00:50.902+0000] {logging_mixin.py:190} INFO - [2024-09-09T11:00:50.901+0000] {dag.py:4156} INFO - Setting next_dagrun for read_dataset_event to 2024-09-08 00:00:00+00:00, run_after=2024-09-09 00:00:00+00:00
[2024-09-09T11:00:50.908+0000] {logging_mixin.py:190} INFO - [2024-09-09T11:00:50.907+0000] {dag.py:4156} INFO - Setting next_dagrun for read_dataset_event_from_classic to 2024-09-08 00:00:00+00:00, run_after=2024-09-09 00:00:00+00:00
[2024-09-09T11:00:50.946+0000] {processor.py:208} INFO - Processing /home/airflow/.local/lib/python3.12/site-packages/airflow/example_dags/example_inlet_event_extra.py took 1.516 seconds
[2024-09-09T11:08:58.296+0000] {processor.py:186} INFO - Started process (PID=90) to work on /home/airflow/.local/lib/python3.12/site-packages/airflow/example_dags/example_inlet_event_extra.py
[2024-09-09T11:08:58.297+0000] {processor.py:914} INFO - Processing file /home/airflow/.local/lib/python3.12/site-packages/airflow/example_dags/example_inlet_event_extra.py for tasks to queue
[2024-09-09T11:08:58.302+0000] {logging_mixin.py:190} INFO - [2024-09-09T11:08:58.301+0000] {dagbag.py:587} INFO - Filling up the DagBag from /home/airflow/.local/lib/python3.12/site-packages/airflow/example_dags/example_inlet_event_extra.py
[2024-09-09T11:08:58.508+0000] {processor.py:925} INFO - DAG(s) 'read_dataset_event', 'read_dataset_event_from_classic' retrieved from /home/airflow/.local/lib/python3.12/site-packages/airflow/example_dags/example_inlet_event_extra.py
[2024-09-09T11:08:58.540+0000] {logging_mixin.py:190} INFO - [2024-09-09T11:08:58.540+0000] {dag.py:3229} INFO - Sync 2 DAGs
[2024-09-09T11:08:58.581+0000] {logging_mixin.py:190} INFO - [2024-09-09T11:08:58.580+0000] {dag.py:4156} INFO - Setting next_dagrun for read_dataset_event to 2024-09-08 00:00:00+00:00, run_after=2024-09-09 00:00:00+00:00
[2024-09-09T11:08:58.590+0000] {logging_mixin.py:190} INFO - [2024-09-09T11:08:58.589+0000] {dag.py:4156} INFO - Setting next_dagrun for read_dataset_event_from_classic to 2024-09-08 00:00:00+00:00, run_after=2024-09-09 00:00:00+00:00
[2024-09-09T11:08:58.618+0000] {processor.py:208} INFO - Processing /home/airflow/.local/lib/python3.12/site-packages/airflow/example_dags/example_inlet_event_extra.py took 0.330 seconds
[2024-09-09T11:09:29.006+0000] {processor.py:186} INFO - Started process (PID=152) to work on /home/airflow/.local/lib/python3.12/site-packages/airflow/example_dags/example_inlet_event_extra.py
[2024-09-09T11:09:29.008+0000] {processor.py:914} INFO - Processing file /home/airflow/.local/lib/python3.12/site-packages/airflow/example_dags/example_inlet_event_extra.py for tasks to queue
[2024-09-09T11:09:29.012+0000] {logging_mixin.py:190} INFO - [2024-09-09T11:09:29.011+0000] {dagbag.py:587} INFO - Filling up the DagBag from /home/airflow/.local/lib/python3.12/site-packages/airflow/example_dags/example_inlet_event_extra.py
[2024-09-09T11:09:29.258+0000] {processor.py:925} INFO - DAG(s) 'read_dataset_event', 'read_dataset_event_from_classic' retrieved from /home/airflow/.local/lib/python3.12/site-packages/airflow/example_dags/example_inlet_event_extra.py
[2024-09-09T11:09:29.300+0000] {logging_mixin.py:190} INFO - [2024-09-09T11:09:29.299+0000] {dag.py:3229} INFO - Sync 2 DAGs
[2024-09-09T11:09:29.346+0000] {logging_mixin.py:190} INFO - [2024-09-09T11:09:29.345+0000] {dag.py:4156} INFO - Setting next_dagrun for read_dataset_event to 2024-09-08 00:00:00+00:00, run_after=2024-09-09 00:00:00+00:00
[2024-09-09T11:09:29.358+0000] {logging_mixin.py:190} INFO - [2024-09-09T11:09:29.358+0000] {dag.py:4156} INFO - Setting next_dagrun for read_dataset_event_from_classic to 2024-09-08 00:00:00+00:00, run_after=2024-09-09 00:00:00+00:00
[2024-09-09T11:09:29.389+0000] {processor.py:208} INFO - Processing /home/airflow/.local/lib/python3.12/site-packages/airflow/example_dags/example_inlet_event_extra.py took 0.390 seconds
[2024-09-09T11:09:59.743+0000] {processor.py:186} INFO - Started process (PID=215) to work on /home/airflow/.local/lib/python3.12/site-packages/airflow/example_dags/example_inlet_event_extra.py
[2024-09-09T11:09:59.745+0000] {processor.py:914} INFO - Processing file /home/airflow/.local/lib/python3.12/site-packages/airflow/example_dags/example_inlet_event_extra.py for tasks to queue
[2024-09-09T11:09:59.750+0000] {logging_mixin.py:190} INFO - [2024-09-09T11:09:59.749+0000] {dagbag.py:587} INFO - Filling up the DagBag from /home/airflow/.local/lib/python3.12/site-packages/airflow/example_dags/example_inlet_event_extra.py
[2024-09-09T11:10:00.075+0000] {processor.py:925} INFO - DAG(s) 'read_dataset_event', 'read_dataset_event_from_classic' retrieved from /home/airflow/.local/lib/python3.12/site-packages/airflow/example_dags/example_inlet_event_extra.py
[2024-09-09T11:10:00.129+0000] {logging_mixin.py:190} INFO - [2024-09-09T11:10:00.129+0000] {dag.py:3229} INFO - Sync 2 DAGs
[2024-09-09T11:10:00.200+0000] {logging_mixin.py:190} INFO - [2024-09-09T11:10:00.199+0000] {dag.py:4156} INFO - Setting next_dagrun for read_dataset_event to 2024-09-08 00:00:00+00:00, run_after=2024-09-09 00:00:00+00:00
[2024-09-09T11:10:00.218+0000] {logging_mixin.py:190} INFO - [2024-09-09T11:10:00.218+0000] {dag.py:4156} INFO - Setting next_dagrun for read_dataset_event_from_classic to 2024-09-08 00:00:00+00:00, run_after=2024-09-09 00:00:00+00:00
[2024-09-09T11:10:00.256+0000] {processor.py:208} INFO - Processing /home/airflow/.local/lib/python3.12/site-packages/airflow/example_dags/example_inlet_event_extra.py took 0.523 seconds
[2024-09-09T11:10:30.543+0000] {processor.py:186} INFO - Started process (PID=277) to work on /home/airflow/.local/lib/python3.12/site-packages/airflow/example_dags/example_inlet_event_extra.py
[2024-09-09T11:10:30.545+0000] {processor.py:914} INFO - Processing file /home/airflow/.local/lib/python3.12/site-packages/airflow/example_dags/example_inlet_event_extra.py for tasks to queue
[2024-09-09T11:10:30.550+0000] {logging_mixin.py:190} INFO - [2024-09-09T11:10:30.549+0000] {dagbag.py:587} INFO - Filling up the DagBag from /home/airflow/.local/lib/python3.12/site-packages/airflow/example_dags/example_inlet_event_extra.py
[2024-09-09T11:10:30.829+0000] {processor.py:925} INFO - DAG(s) 'read_dataset_event', 'read_dataset_event_from_classic' retrieved from /home/airflow/.local/lib/python3.12/site-packages/airflow/example_dags/example_inlet_event_extra.py
[2024-09-09T11:10:30.872+0000] {logging_mixin.py:190} INFO - [2024-09-09T11:10:30.872+0000] {dag.py:3229} INFO - Sync 2 DAGs
[2024-09-09T11:10:30.924+0000] {logging_mixin.py:190} INFO - [2024-09-09T11:10:30.923+0000] {dag.py:4156} INFO - Setting next_dagrun for read_dataset_event to 2024-09-08 00:00:00+00:00, run_after=2024-09-09 00:00:00+00:00
[2024-09-09T11:10:30.935+0000] {logging_mixin.py:190} INFO - [2024-09-09T11:10:30.935+0000] {dag.py:4156} INFO - Setting next_dagrun for read_dataset_event_from_classic to 2024-09-08 00:00:00+00:00, run_after=2024-09-09 00:00:00+00:00
[2024-09-09T11:10:30.972+0000] {processor.py:208} INFO - Processing /home/airflow/.local/lib/python3.12/site-packages/airflow/example_dags/example_inlet_event_extra.py took 0.442 seconds
[2024-09-09T11:11:02.102+0000] {processor.py:186} INFO - Started process (PID=340) to work on /home/airflow/.local/lib/python3.12/site-packages/airflow/example_dags/example_inlet_event_extra.py
[2024-09-09T11:11:02.104+0000] {processor.py:914} INFO - Processing file /home/airflow/.local/lib/python3.12/site-packages/airflow/example_dags/example_inlet_event_extra.py for tasks to queue
[2024-09-09T11:11:02.110+0000] {logging_mixin.py:190} INFO - [2024-09-09T11:11:02.109+0000] {dagbag.py:587} INFO - Filling up the DagBag from /home/airflow/.local/lib/python3.12/site-packages/airflow/example_dags/example_inlet_event_extra.py
[2024-09-09T11:11:02.380+0000] {processor.py:925} INFO - DAG(s) 'read_dataset_event', 'read_dataset_event_from_classic' retrieved from /home/airflow/.local/lib/python3.12/site-packages/airflow/example_dags/example_inlet_event_extra.py
[2024-09-09T11:11:02.425+0000] {logging_mixin.py:190} INFO - [2024-09-09T11:11:02.424+0000] {dag.py:3229} INFO - Sync 2 DAGs
[2024-09-09T11:11:02.489+0000] {logging_mixin.py:190} INFO - [2024-09-09T11:11:02.488+0000] {dag.py:4156} INFO - Setting next_dagrun for read_dataset_event to 2024-09-08 00:00:00+00:00, run_after=2024-09-09 00:00:00+00:00
[2024-09-09T11:11:02.504+0000] {logging_mixin.py:190} INFO - [2024-09-09T11:11:02.504+0000] {dag.py:4156} INFO - Setting next_dagrun for read_dataset_event_from_classic to 2024-09-08 00:00:00+00:00, run_after=2024-09-09 00:00:00+00:00
[2024-09-09T11:11:02.547+0000] {processor.py:208} INFO - Processing /home/airflow/.local/lib/python3.12/site-packages/airflow/example_dags/example_inlet_event_extra.py took 0.459 seconds
[2024-09-09T11:11:33.753+0000] {processor.py:186} INFO - Started process (PID=402) to work on /home/airflow/.local/lib/python3.12/site-packages/airflow/example_dags/example_inlet_event_extra.py
[2024-09-09T11:11:33.756+0000] {processor.py:914} INFO - Processing file /home/airflow/.local/lib/python3.12/site-packages/airflow/example_dags/example_inlet_event_extra.py for tasks to queue
[2024-09-09T11:11:33.762+0000] {logging_mixin.py:190} INFO - [2024-09-09T11:11:33.762+0000] {dagbag.py:587} INFO - Filling up the DagBag from /home/airflow/.local/lib/python3.12/site-packages/airflow/example_dags/example_inlet_event_extra.py
[2024-09-09T11:11:34.310+0000] {processor.py:925} INFO - DAG(s) 'read_dataset_event', 'read_dataset_event_from_classic' retrieved from /home/airflow/.local/lib/python3.12/site-packages/airflow/example_dags/example_inlet_event_extra.py
[2024-09-09T11:11:34.363+0000] {logging_mixin.py:190} INFO - [2024-09-09T11:11:34.363+0000] {dag.py:3229} INFO - Sync 2 DAGs
[2024-09-09T11:11:34.432+0000] {logging_mixin.py:190} INFO - [2024-09-09T11:11:34.431+0000] {dag.py:4156} INFO - Setting next_dagrun for read_dataset_event to 2024-09-08 00:00:00+00:00, run_after=2024-09-09 00:00:00+00:00
[2024-09-09T11:11:34.454+0000] {logging_mixin.py:190} INFO - [2024-09-09T11:11:34.453+0000] {dag.py:4156} INFO - Setting next_dagrun for read_dataset_event_from_classic to 2024-09-08 00:00:00+00:00, run_after=2024-09-09 00:00:00+00:00
[2024-09-09T11:11:34.523+0000] {processor.py:208} INFO - Processing /home/airflow/.local/lib/python3.12/site-packages/airflow/example_dags/example_inlet_event_extra.py took 0.787 seconds
[2024-09-09T11:12:04.931+0000] {processor.py:186} INFO - Started process (PID=464) to work on /home/airflow/.local/lib/python3.12/site-packages/airflow/example_dags/example_inlet_event_extra.py
[2024-09-09T11:12:04.933+0000] {processor.py:914} INFO - Processing file /home/airflow/.local/lib/python3.12/site-packages/airflow/example_dags/example_inlet_event_extra.py for tasks to queue
[2024-09-09T11:12:04.939+0000] {logging_mixin.py:190} INFO - [2024-09-09T11:12:04.939+0000] {dagbag.py:587} INFO - Filling up the DagBag from /home/airflow/.local/lib/python3.12/site-packages/airflow/example_dags/example_inlet_event_extra.py
[2024-09-09T11:12:05.441+0000] {processor.py:925} INFO - DAG(s) 'read_dataset_event_from_classic', 'read_dataset_event' retrieved from /home/airflow/.local/lib/python3.12/site-packages/airflow/example_dags/example_inlet_event_extra.py
[2024-09-09T11:12:05.506+0000] {logging_mixin.py:190} INFO - [2024-09-09T11:12:05.506+0000] {dag.py:3229} INFO - Sync 2 DAGs
[2024-09-09T11:12:05.594+0000] {logging_mixin.py:190} INFO - [2024-09-09T11:12:05.593+0000] {dag.py:4156} INFO - Setting next_dagrun for read_dataset_event to 2024-09-08 00:00:00+00:00, run_after=2024-09-09 00:00:00+00:00
[2024-09-09T11:12:05.609+0000] {logging_mixin.py:190} INFO - [2024-09-09T11:12:05.609+0000] {dag.py:4156} INFO - Setting next_dagrun for read_dataset_event_from_classic to 2024-09-08 00:00:00+00:00, run_after=2024-09-09 00:00:00+00:00
[2024-09-09T11:12:05.662+0000] {processor.py:208} INFO - Processing /home/airflow/.local/lib/python3.12/site-packages/airflow/example_dags/example_inlet_event_extra.py took 0.750 seconds
[2024-09-09T11:12:38.643+0000] {processor.py:186} INFO - Started process (PID=526) to work on /home/airflow/.local/lib/python3.12/site-packages/airflow/example_dags/example_inlet_event_extra.py
[2024-09-09T11:12:38.647+0000] {processor.py:914} INFO - Processing file /home/airflow/.local/lib/python3.12/site-packages/airflow/example_dags/example_inlet_event_extra.py for tasks to queue
[2024-09-09T11:12:38.658+0000] {logging_mixin.py:190} INFO - [2024-09-09T11:12:38.655+0000] {dagbag.py:587} INFO - Filling up the DagBag from /home/airflow/.local/lib/python3.12/site-packages/airflow/example_dags/example_inlet_event_extra.py
[2024-09-09T11:12:39.693+0000] {processor.py:925} INFO - DAG(s) 'read_dataset_event', 'read_dataset_event_from_classic' retrieved from /home/airflow/.local/lib/python3.12/site-packages/airflow/example_dags/example_inlet_event_extra.py
[2024-09-09T11:12:39.815+0000] {logging_mixin.py:190} INFO - [2024-09-09T11:12:39.813+0000] {dag.py:3229} INFO - Sync 2 DAGs
[2024-09-09T11:12:39.965+0000] {logging_mixin.py:190} INFO - [2024-09-09T11:12:39.964+0000] {dag.py:4156} INFO - Setting next_dagrun for read_dataset_event to 2024-09-08 00:00:00+00:00, run_after=2024-09-09 00:00:00+00:00
[2024-09-09T11:12:40.019+0000] {logging_mixin.py:190} INFO - [2024-09-09T11:12:40.018+0000] {dag.py:4156} INFO - Setting next_dagrun for read_dataset_event_from_classic to 2024-09-08 00:00:00+00:00, run_after=2024-09-09 00:00:00+00:00
[2024-09-09T11:12:40.159+0000] {processor.py:208} INFO - Processing /home/airflow/.local/lib/python3.12/site-packages/airflow/example_dags/example_inlet_event_extra.py took 1.548 seconds
[2024-09-09T11:13:29.300+0000] {processor.py:186} INFO - Started process (PID=588) to work on /home/airflow/.local/lib/python3.12/site-packages/airflow/example_dags/example_inlet_event_extra.py
[2024-09-09T11:13:29.305+0000] {processor.py:914} INFO - Processing file /home/airflow/.local/lib/python3.12/site-packages/airflow/example_dags/example_inlet_event_extra.py for tasks to queue
[2024-09-09T11:13:29.312+0000] {logging_mixin.py:190} INFO - [2024-09-09T11:13:29.311+0000] {dagbag.py:587} INFO - Filling up the DagBag from /home/airflow/.local/lib/python3.12/site-packages/airflow/example_dags/example_inlet_event_extra.py
[2024-09-09T11:13:30.563+0000] {processor.py:925} INFO - DAG(s) 'read_dataset_event_from_classic', 'read_dataset_event' retrieved from /home/airflow/.local/lib/python3.12/site-packages/airflow/example_dags/example_inlet_event_extra.py
[2024-09-09T11:13:31.327+0000] {logging_mixin.py:190} INFO - [2024-09-09T11:13:31.325+0000] {dag.py:3229} INFO - Sync 2 DAGs
[2024-09-09T11:13:31.419+0000] {logging_mixin.py:190} INFO - [2024-09-09T11:13:31.418+0000] {dag.py:4156} INFO - Setting next_dagrun for read_dataset_event to 2024-09-08 00:00:00+00:00, run_after=2024-09-09 00:00:00+00:00
[2024-09-09T11:13:31.440+0000] {logging_mixin.py:190} INFO - [2024-09-09T11:13:31.439+0000] {dag.py:4156} INFO - Setting next_dagrun for read_dataset_event_from_classic to 2024-09-08 00:00:00+00:00, run_after=2024-09-09 00:00:00+00:00
[2024-09-09T11:13:31.524+0000] {processor.py:208} INFO - Processing /home/airflow/.local/lib/python3.12/site-packages/airflow/example_dags/example_inlet_event_extra.py took 2.255 seconds
