[2024-09-09T11:00:57.257+0000] {processor.py:186} INFO - Started process (PID=117) to work on /home/airflow/.local/lib/python3.12/site-packages/airflow/example_dags/example_latest_only_with_trigger.py
[2024-09-09T11:00:57.259+0000] {processor.py:914} INFO - Processing file /home/airflow/.local/lib/python3.12/site-packages/airflow/example_dags/example_latest_only_with_trigger.py for tasks to queue
[2024-09-09T11:00:57.265+0000] {logging_mixin.py:190} INFO - [2024-09-09T11:00:57.264+0000] {dagbag.py:587} INFO - Filling up the DagBag from /home/airflow/.local/lib/python3.12/site-packages/airflow/example_dags/example_latest_only_with_trigger.py
[2024-09-09T11:00:57.280+0000] {processor.py:925} INFO - DAG(s) 'latest_only_with_trigger' retrieved from /home/airflow/.local/lib/python3.12/site-packages/airflow/example_dags/example_latest_only_with_trigger.py
[2024-09-09T11:00:57.493+0000] {logging_mixin.py:190} INFO - [2024-09-09T11:00:57.490+0000] {override.py:1900} INFO - Created Permission View: can delete on DAG:latest_only_with_trigger
[2024-09-09T11:00:57.517+0000] {logging_mixin.py:190} INFO - [2024-09-09T11:00:57.516+0000] {override.py:1900} INFO - Created Permission View: can edit on DAG:latest_only_with_trigger
[2024-09-09T11:00:57.535+0000] {logging_mixin.py:190} INFO - [2024-09-09T11:00:57.534+0000] {override.py:1900} INFO - Created Permission View: can read on DAG:latest_only_with_trigger
[2024-09-09T11:00:57.554+0000] {logging_mixin.py:190} INFO - [2024-09-09T11:00:57.553+0000] {override.py:1900} INFO - Created Permission View: can delete on DAG Run:latest_only_with_trigger
[2024-09-09T11:00:57.571+0000] {logging_mixin.py:190} INFO - [2024-09-09T11:00:57.570+0000] {override.py:1900} INFO - Created Permission View: can create on DAG Run:latest_only_with_trigger
[2024-09-09T11:00:57.588+0000] {logging_mixin.py:190} INFO - [2024-09-09T11:00:57.588+0000] {override.py:1900} INFO - Created Permission View: can read on DAG Run:latest_only_with_trigger
[2024-09-09T11:00:57.606+0000] {logging_mixin.py:190} INFO - [2024-09-09T11:00:57.605+0000] {override.py:1900} INFO - Created Permission View: menu access on DAG Run:latest_only_with_trigger
[2024-09-09T11:00:57.608+0000] {logging_mixin.py:190} INFO - [2024-09-09T11:00:57.607+0000] {dag.py:3229} INFO - Sync 1 DAGs
[2024-09-09T11:00:57.636+0000] {logging_mixin.py:190} INFO - [2024-09-09T11:00:57.635+0000] {dag.py:3252} INFO - Creating ORM DAG for latest_only_with_trigger
[2024-09-09T11:00:57.657+0000] {logging_mixin.py:190} INFO - [2024-09-09T11:00:57.656+0000] {dag.py:4156} INFO - Setting next_dagrun for latest_only_with_trigger to 2024-09-09 04:00:00+00:00, run_after=2024-09-09 08:00:00+00:00
[2024-09-09T11:00:57.687+0000] {processor.py:208} INFO - Processing /home/airflow/.local/lib/python3.12/site-packages/airflow/example_dags/example_latest_only_with_trigger.py took 0.440 seconds
[2024-09-09T11:09:00.796+0000] {processor.py:186} INFO - Started process (PID=106) to work on /home/airflow/.local/lib/python3.12/site-packages/airflow/example_dags/example_latest_only_with_trigger.py
[2024-09-09T11:09:00.797+0000] {processor.py:914} INFO - Processing file /home/airflow/.local/lib/python3.12/site-packages/airflow/example_dags/example_latest_only_with_trigger.py for tasks to queue
[2024-09-09T11:09:00.802+0000] {logging_mixin.py:190} INFO - [2024-09-09T11:09:00.802+0000] {dagbag.py:587} INFO - Filling up the DagBag from /home/airflow/.local/lib/python3.12/site-packages/airflow/example_dags/example_latest_only_with_trigger.py
[2024-09-09T11:09:00.814+0000] {processor.py:925} INFO - DAG(s) 'latest_only_with_trigger' retrieved from /home/airflow/.local/lib/python3.12/site-packages/airflow/example_dags/example_latest_only_with_trigger.py
[2024-09-09T11:09:00.851+0000] {logging_mixin.py:190} INFO - [2024-09-09T11:09:00.850+0000] {dag.py:3229} INFO - Sync 1 DAGs
[2024-09-09T11:09:00.899+0000] {logging_mixin.py:190} INFO - [2024-09-09T11:09:00.899+0000] {dag.py:4156} INFO - Setting next_dagrun for latest_only_with_trigger to 2024-09-09 04:00:00+00:00, run_after=2024-09-09 08:00:00+00:00
[2024-09-09T11:09:00.933+0000] {processor.py:208} INFO - Processing /home/airflow/.local/lib/python3.12/site-packages/airflow/example_dags/example_latest_only_with_trigger.py took 0.147 seconds
[2024-09-09T11:09:31.339+0000] {processor.py:186} INFO - Started process (PID=168) to work on /home/airflow/.local/lib/python3.12/site-packages/airflow/example_dags/example_latest_only_with_trigger.py
[2024-09-09T11:09:31.341+0000] {processor.py:914} INFO - Processing file /home/airflow/.local/lib/python3.12/site-packages/airflow/example_dags/example_latest_only_with_trigger.py for tasks to queue
[2024-09-09T11:09:31.344+0000] {logging_mixin.py:190} INFO - [2024-09-09T11:09:31.344+0000] {dagbag.py:587} INFO - Filling up the DagBag from /home/airflow/.local/lib/python3.12/site-packages/airflow/example_dags/example_latest_only_with_trigger.py
[2024-09-09T11:09:31.359+0000] {processor.py:925} INFO - DAG(s) 'latest_only_with_trigger' retrieved from /home/airflow/.local/lib/python3.12/site-packages/airflow/example_dags/example_latest_only_with_trigger.py
[2024-09-09T11:09:31.393+0000] {logging_mixin.py:190} INFO - [2024-09-09T11:09:31.392+0000] {dag.py:3229} INFO - Sync 1 DAGs
[2024-09-09T11:09:31.443+0000] {logging_mixin.py:190} INFO - [2024-09-09T11:09:31.443+0000] {dag.py:4156} INFO - Setting next_dagrun for latest_only_with_trigger to 2024-09-09 04:00:00+00:00, run_after=2024-09-09 08:00:00+00:00
[2024-09-09T11:09:31.475+0000] {processor.py:208} INFO - Processing /home/airflow/.local/lib/python3.12/site-packages/airflow/example_dags/example_latest_only_with_trigger.py took 0.145 seconds
[2024-09-09T11:10:02.173+0000] {processor.py:186} INFO - Started process (PID=231) to work on /home/airflow/.local/lib/python3.12/site-packages/airflow/example_dags/example_latest_only_with_trigger.py
[2024-09-09T11:10:02.175+0000] {processor.py:914} INFO - Processing file /home/airflow/.local/lib/python3.12/site-packages/airflow/example_dags/example_latest_only_with_trigger.py for tasks to queue
[2024-09-09T11:10:02.179+0000] {logging_mixin.py:190} INFO - [2024-09-09T11:10:02.178+0000] {dagbag.py:587} INFO - Filling up the DagBag from /home/airflow/.local/lib/python3.12/site-packages/airflow/example_dags/example_latest_only_with_trigger.py
[2024-09-09T11:10:02.195+0000] {processor.py:925} INFO - DAG(s) 'latest_only_with_trigger' retrieved from /home/airflow/.local/lib/python3.12/site-packages/airflow/example_dags/example_latest_only_with_trigger.py
[2024-09-09T11:10:02.233+0000] {logging_mixin.py:190} INFO - [2024-09-09T11:10:02.232+0000] {dag.py:3229} INFO - Sync 1 DAGs
[2024-09-09T11:10:02.275+0000] {logging_mixin.py:190} INFO - [2024-09-09T11:10:02.275+0000] {dag.py:4156} INFO - Setting next_dagrun for latest_only_with_trigger to 2024-09-09 04:00:00+00:00, run_after=2024-09-09 08:00:00+00:00
[2024-09-09T11:10:02.309+0000] {processor.py:208} INFO - Processing /home/airflow/.local/lib/python3.12/site-packages/airflow/example_dags/example_latest_only_with_trigger.py took 0.143 seconds
[2024-09-09T11:10:33.026+0000] {processor.py:186} INFO - Started process (PID=293) to work on /home/airflow/.local/lib/python3.12/site-packages/airflow/example_dags/example_latest_only_with_trigger.py
[2024-09-09T11:10:33.028+0000] {processor.py:914} INFO - Processing file /home/airflow/.local/lib/python3.12/site-packages/airflow/example_dags/example_latest_only_with_trigger.py for tasks to queue
[2024-09-09T11:10:33.033+0000] {logging_mixin.py:190} INFO - [2024-09-09T11:10:33.032+0000] {dagbag.py:587} INFO - Filling up the DagBag from /home/airflow/.local/lib/python3.12/site-packages/airflow/example_dags/example_latest_only_with_trigger.py
[2024-09-09T11:10:33.045+0000] {processor.py:925} INFO - DAG(s) 'latest_only_with_trigger' retrieved from /home/airflow/.local/lib/python3.12/site-packages/airflow/example_dags/example_latest_only_with_trigger.py
[2024-09-09T11:10:33.082+0000] {logging_mixin.py:190} INFO - [2024-09-09T11:10:33.082+0000] {dag.py:3229} INFO - Sync 1 DAGs
[2024-09-09T11:10:33.132+0000] {logging_mixin.py:190} INFO - [2024-09-09T11:10:33.131+0000] {dag.py:4156} INFO - Setting next_dagrun for latest_only_with_trigger to 2024-09-09 04:00:00+00:00, run_after=2024-09-09 08:00:00+00:00
[2024-09-09T11:10:33.170+0000] {processor.py:208} INFO - Processing /home/airflow/.local/lib/python3.12/site-packages/airflow/example_dags/example_latest_only_with_trigger.py took 0.154 seconds
[2024-09-09T11:11:05.152+0000] {processor.py:186} INFO - Started process (PID=356) to work on /home/airflow/.local/lib/python3.12/site-packages/airflow/example_dags/example_latest_only_with_trigger.py
[2024-09-09T11:11:05.155+0000] {processor.py:914} INFO - Processing file /home/airflow/.local/lib/python3.12/site-packages/airflow/example_dags/example_latest_only_with_trigger.py for tasks to queue
[2024-09-09T11:11:05.162+0000] {logging_mixin.py:190} INFO - [2024-09-09T11:11:05.161+0000] {dagbag.py:587} INFO - Filling up the DagBag from /home/airflow/.local/lib/python3.12/site-packages/airflow/example_dags/example_latest_only_with_trigger.py
[2024-09-09T11:11:05.184+0000] {processor.py:925} INFO - DAG(s) 'latest_only_with_trigger' retrieved from /home/airflow/.local/lib/python3.12/site-packages/airflow/example_dags/example_latest_only_with_trigger.py
[2024-09-09T11:11:05.242+0000] {logging_mixin.py:190} INFO - [2024-09-09T11:11:05.241+0000] {dag.py:3229} INFO - Sync 1 DAGs
[2024-09-09T11:11:05.304+0000] {logging_mixin.py:190} INFO - [2024-09-09T11:11:05.303+0000] {dag.py:4156} INFO - Setting next_dagrun for latest_only_with_trigger to 2024-09-09 04:00:00+00:00, run_after=2024-09-09 08:00:00+00:00
[2024-09-09T11:11:05.360+0000] {processor.py:208} INFO - Processing /home/airflow/.local/lib/python3.12/site-packages/airflow/example_dags/example_latest_only_with_trigger.py took 0.225 seconds
[2024-09-09T11:11:37.218+0000] {processor.py:186} INFO - Started process (PID=418) to work on /home/airflow/.local/lib/python3.12/site-packages/airflow/example_dags/example_latest_only_with_trigger.py
[2024-09-09T11:11:37.221+0000] {processor.py:914} INFO - Processing file /home/airflow/.local/lib/python3.12/site-packages/airflow/example_dags/example_latest_only_with_trigger.py for tasks to queue
[2024-09-09T11:11:37.225+0000] {logging_mixin.py:190} INFO - [2024-09-09T11:11:37.225+0000] {dagbag.py:587} INFO - Filling up the DagBag from /home/airflow/.local/lib/python3.12/site-packages/airflow/example_dags/example_latest_only_with_trigger.py
[2024-09-09T11:11:37.247+0000] {processor.py:925} INFO - DAG(s) 'latest_only_with_trigger' retrieved from /home/airflow/.local/lib/python3.12/site-packages/airflow/example_dags/example_latest_only_with_trigger.py
[2024-09-09T11:11:37.284+0000] {logging_mixin.py:190} INFO - [2024-09-09T11:11:37.284+0000] {dag.py:3229} INFO - Sync 1 DAGs
[2024-09-09T11:11:37.323+0000] {logging_mixin.py:190} INFO - [2024-09-09T11:11:37.323+0000] {dag.py:4156} INFO - Setting next_dagrun for latest_only_with_trigger to 2024-09-09 04:00:00+00:00, run_after=2024-09-09 08:00:00+00:00
[2024-09-09T11:11:37.358+0000] {processor.py:208} INFO - Processing /home/airflow/.local/lib/python3.12/site-packages/airflow/example_dags/example_latest_only_with_trigger.py took 0.150 seconds
[2024-09-09T11:12:09.755+0000] {processor.py:186} INFO - Started process (PID=480) to work on /home/airflow/.local/lib/python3.12/site-packages/airflow/example_dags/example_latest_only_with_trigger.py
[2024-09-09T11:12:09.757+0000] {processor.py:914} INFO - Processing file /home/airflow/.local/lib/python3.12/site-packages/airflow/example_dags/example_latest_only_with_trigger.py for tasks to queue
[2024-09-09T11:12:09.762+0000] {logging_mixin.py:190} INFO - [2024-09-09T11:12:09.761+0000] {dagbag.py:587} INFO - Filling up the DagBag from /home/airflow/.local/lib/python3.12/site-packages/airflow/example_dags/example_latest_only_with_trigger.py
[2024-09-09T11:12:09.781+0000] {processor.py:925} INFO - DAG(s) 'latest_only_with_trigger' retrieved from /home/airflow/.local/lib/python3.12/site-packages/airflow/example_dags/example_latest_only_with_trigger.py
[2024-09-09T11:12:09.820+0000] {logging_mixin.py:190} INFO - [2024-09-09T11:12:09.819+0000] {dag.py:3229} INFO - Sync 1 DAGs
[2024-09-09T11:12:09.868+0000] {logging_mixin.py:190} INFO - [2024-09-09T11:12:09.868+0000] {dag.py:4156} INFO - Setting next_dagrun for latest_only_with_trigger to 2024-09-09 04:00:00+00:00, run_after=2024-09-09 08:00:00+00:00
[2024-09-09T11:12:09.907+0000] {processor.py:208} INFO - Processing /home/airflow/.local/lib/python3.12/site-packages/airflow/example_dags/example_latest_only_with_trigger.py took 0.163 seconds
[2024-09-09T11:13:18.259+0000] {processor.py:186} INFO - Started process (PID=542) to work on /home/airflow/.local/lib/python3.12/site-packages/airflow/example_dags/example_latest_only_with_trigger.py
[2024-09-09T11:13:18.264+0000] {processor.py:914} INFO - Processing file /home/airflow/.local/lib/python3.12/site-packages/airflow/example_dags/example_latest_only_with_trigger.py for tasks to queue
[2024-09-09T11:13:18.274+0000] {logging_mixin.py:190} INFO - [2024-09-09T11:13:18.271+0000] {dagbag.py:587} INFO - Filling up the DagBag from /home/airflow/.local/lib/python3.12/site-packages/airflow/example_dags/example_latest_only_with_trigger.py
[2024-09-09T11:13:18.317+0000] {processor.py:925} INFO - DAG(s) 'latest_only_with_trigger' retrieved from /home/airflow/.local/lib/python3.12/site-packages/airflow/example_dags/example_latest_only_with_trigger.py
[2024-09-09T11:13:19.203+0000] {logging_mixin.py:190} INFO - [2024-09-09T11:13:19.197+0000] {dag.py:3229} INFO - Sync 1 DAGs
[2024-09-09T11:13:19.409+0000] {logging_mixin.py:190} INFO - [2024-09-09T11:13:19.408+0000] {dag.py:4156} INFO - Setting next_dagrun for latest_only_with_trigger to 2024-09-09 04:00:00+00:00, run_after=2024-09-09 08:00:00+00:00
[2024-09-09T11:13:19.490+0000] {processor.py:208} INFO - Processing /home/airflow/.local/lib/python3.12/site-packages/airflow/example_dags/example_latest_only_with_trigger.py took 1.255 seconds
