[2024-09-09T11:00:53.094+0000] {processor.py:186} INFO - Started process (PID=102) to work on /home/airflow/.local/lib/python3.12/site-packages/airflow/example_dags/example_python_operator.py
[2024-09-09T11:00:53.097+0000] {processor.py:914} INFO - Processing file /home/airflow/.local/lib/python3.12/site-packages/airflow/example_dags/example_python_operator.py for tasks to queue
[2024-09-09T11:00:53.103+0000] {logging_mixin.py:190} INFO - [2024-09-09T11:00:53.102+0000] {dagbag.py:587} INFO - Filling up the DagBag from /home/airflow/.local/lib/python3.12/site-packages/airflow/example_dags/example_python_operator.py
[2024-09-09T11:00:53.144+0000] {processor.py:925} INFO - DAG(s) 'example_python_operator' retrieved from /home/airflow/.local/lib/python3.12/site-packages/airflow/example_dags/example_python_operator.py
[2024-09-09T11:00:53.455+0000] {logging_mixin.py:190} INFO - [2024-09-09T11:00:53.454+0000] {override.py:1900} INFO - Created Permission View: can delete on DAG:example_python_operator
[2024-09-09T11:00:53.482+0000] {logging_mixin.py:190} INFO - [2024-09-09T11:00:53.482+0000] {override.py:1900} INFO - Created Permission View: can edit on DAG:example_python_operator
[2024-09-09T11:00:53.499+0000] {logging_mixin.py:190} INFO - [2024-09-09T11:00:53.498+0000] {override.py:1900} INFO - Created Permission View: can read on DAG:example_python_operator
[2024-09-09T11:00:53.518+0000] {logging_mixin.py:190} INFO - [2024-09-09T11:00:53.517+0000] {override.py:1900} INFO - Created Permission View: can delete on DAG Run:example_python_operator
[2024-09-09T11:00:53.539+0000] {logging_mixin.py:190} INFO - [2024-09-09T11:00:53.538+0000] {override.py:1900} INFO - Created Permission View: can create on DAG Run:example_python_operator
[2024-09-09T11:00:53.557+0000] {logging_mixin.py:190} INFO - [2024-09-09T11:00:53.556+0000] {override.py:1900} INFO - Created Permission View: can read on DAG Run:example_python_operator
[2024-09-09T11:00:53.572+0000] {logging_mixin.py:190} INFO - [2024-09-09T11:00:53.571+0000] {override.py:1900} INFO - Created Permission View: menu access on DAG Run:example_python_operator
[2024-09-09T11:00:53.573+0000] {logging_mixin.py:190} INFO - [2024-09-09T11:00:53.573+0000] {dag.py:3229} INFO - Sync 1 DAGs
[2024-09-09T11:00:53.599+0000] {logging_mixin.py:190} INFO - [2024-09-09T11:00:53.598+0000] {dag.py:3252} INFO - Creating ORM DAG for example_python_operator
[2024-09-09T11:00:53.601+0000] {logging_mixin.py:190} INFO - [2024-09-09T11:00:53.601+0000] {dag.py:4156} INFO - Setting next_dagrun for example_python_operator to None, run_after=None
[2024-09-09T11:00:53.639+0000] {processor.py:208} INFO - Processing /home/airflow/.local/lib/python3.12/site-packages/airflow/example_dags/example_python_operator.py took 0.560 seconds
[2024-09-09T11:08:59.310+0000] {processor.py:186} INFO - Started process (PID=97) to work on /home/airflow/.local/lib/python3.12/site-packages/airflow/example_dags/example_python_operator.py
[2024-09-09T11:08:59.312+0000] {processor.py:914} INFO - Processing file /home/airflow/.local/lib/python3.12/site-packages/airflow/example_dags/example_python_operator.py for tasks to queue
[2024-09-09T11:08:59.315+0000] {logging_mixin.py:190} INFO - [2024-09-09T11:08:59.314+0000] {dagbag.py:587} INFO - Filling up the DagBag from /home/airflow/.local/lib/python3.12/site-packages/airflow/example_dags/example_python_operator.py
[2024-09-09T11:08:59.331+0000] {processor.py:925} INFO - DAG(s) 'example_python_operator' retrieved from /home/airflow/.local/lib/python3.12/site-packages/airflow/example_dags/example_python_operator.py
[2024-09-09T11:08:59.504+0000] {logging_mixin.py:190} INFO - [2024-09-09T11:08:59.504+0000] {dag.py:3229} INFO - Sync 1 DAGs
[2024-09-09T11:08:59.523+0000] {logging_mixin.py:190} INFO - [2024-09-09T11:08:59.522+0000] {dag.py:4156} INFO - Setting next_dagrun for example_python_operator to None, run_after=None
[2024-09-09T11:08:59.558+0000] {processor.py:208} INFO - Processing /home/airflow/.local/lib/python3.12/site-packages/airflow/example_dags/example_python_operator.py took 0.255 seconds
[2024-09-09T11:09:29.996+0000] {processor.py:186} INFO - Started process (PID=159) to work on /home/airflow/.local/lib/python3.12/site-packages/airflow/example_dags/example_python_operator.py
[2024-09-09T11:09:29.998+0000] {processor.py:914} INFO - Processing file /home/airflow/.local/lib/python3.12/site-packages/airflow/example_dags/example_python_operator.py for tasks to queue
[2024-09-09T11:09:30.002+0000] {logging_mixin.py:190} INFO - [2024-09-09T11:09:30.001+0000] {dagbag.py:587} INFO - Filling up the DagBag from /home/airflow/.local/lib/python3.12/site-packages/airflow/example_dags/example_python_operator.py
[2024-09-09T11:09:30.020+0000] {processor.py:925} INFO - DAG(s) 'example_python_operator' retrieved from /home/airflow/.local/lib/python3.12/site-packages/airflow/example_dags/example_python_operator.py
[2024-09-09T11:09:30.055+0000] {logging_mixin.py:190} INFO - [2024-09-09T11:09:30.054+0000] {dag.py:3229} INFO - Sync 1 DAGs
[2024-09-09T11:09:30.079+0000] {logging_mixin.py:190} INFO - [2024-09-09T11:09:30.078+0000] {dag.py:4156} INFO - Setting next_dagrun for example_python_operator to None, run_after=None
[2024-09-09T11:09:30.110+0000] {processor.py:208} INFO - Processing /home/airflow/.local/lib/python3.12/site-packages/airflow/example_dags/example_python_operator.py took 0.122 seconds
[2024-09-09T11:10:00.809+0000] {processor.py:186} INFO - Started process (PID=222) to work on /home/airflow/.local/lib/python3.12/site-packages/airflow/example_dags/example_python_operator.py
[2024-09-09T11:10:00.811+0000] {processor.py:914} INFO - Processing file /home/airflow/.local/lib/python3.12/site-packages/airflow/example_dags/example_python_operator.py for tasks to queue
[2024-09-09T11:10:00.815+0000] {logging_mixin.py:190} INFO - [2024-09-09T11:10:00.815+0000] {dagbag.py:587} INFO - Filling up the DagBag from /home/airflow/.local/lib/python3.12/site-packages/airflow/example_dags/example_python_operator.py
[2024-09-09T11:10:00.837+0000] {processor.py:925} INFO - DAG(s) 'example_python_operator' retrieved from /home/airflow/.local/lib/python3.12/site-packages/airflow/example_dags/example_python_operator.py
[2024-09-09T11:10:00.876+0000] {logging_mixin.py:190} INFO - [2024-09-09T11:10:00.875+0000] {dag.py:3229} INFO - Sync 1 DAGs
[2024-09-09T11:10:00.902+0000] {logging_mixin.py:190} INFO - [2024-09-09T11:10:00.902+0000] {dag.py:4156} INFO - Setting next_dagrun for example_python_operator to None, run_after=None
[2024-09-09T11:10:00.941+0000] {processor.py:208} INFO - Processing /home/airflow/.local/lib/python3.12/site-packages/airflow/example_dags/example_python_operator.py took 0.141 seconds
[2024-09-09T11:10:31.612+0000] {processor.py:186} INFO - Started process (PID=284) to work on /home/airflow/.local/lib/python3.12/site-packages/airflow/example_dags/example_python_operator.py
[2024-09-09T11:10:31.614+0000] {processor.py:914} INFO - Processing file /home/airflow/.local/lib/python3.12/site-packages/airflow/example_dags/example_python_operator.py for tasks to queue
[2024-09-09T11:10:31.617+0000] {logging_mixin.py:190} INFO - [2024-09-09T11:10:31.617+0000] {dagbag.py:587} INFO - Filling up the DagBag from /home/airflow/.local/lib/python3.12/site-packages/airflow/example_dags/example_python_operator.py
[2024-09-09T11:10:31.637+0000] {processor.py:925} INFO - DAG(s) 'example_python_operator' retrieved from /home/airflow/.local/lib/python3.12/site-packages/airflow/example_dags/example_python_operator.py
[2024-09-09T11:10:31.683+0000] {logging_mixin.py:190} INFO - [2024-09-09T11:10:31.682+0000] {dag.py:3229} INFO - Sync 1 DAGs
[2024-09-09T11:10:31.711+0000] {logging_mixin.py:190} INFO - [2024-09-09T11:10:31.711+0000] {dag.py:4156} INFO - Setting next_dagrun for example_python_operator to None, run_after=None
[2024-09-09T11:10:31.748+0000] {processor.py:208} INFO - Processing /home/airflow/.local/lib/python3.12/site-packages/airflow/example_dags/example_python_operator.py took 0.146 seconds
[2024-09-09T11:11:03.356+0000] {processor.py:186} INFO - Started process (PID=347) to work on /home/airflow/.local/lib/python3.12/site-packages/airflow/example_dags/example_python_operator.py
[2024-09-09T11:11:03.358+0000] {processor.py:914} INFO - Processing file /home/airflow/.local/lib/python3.12/site-packages/airflow/example_dags/example_python_operator.py for tasks to queue
[2024-09-09T11:11:03.362+0000] {logging_mixin.py:190} INFO - [2024-09-09T11:11:03.362+0000] {dagbag.py:587} INFO - Filling up the DagBag from /home/airflow/.local/lib/python3.12/site-packages/airflow/example_dags/example_python_operator.py
[2024-09-09T11:11:03.387+0000] {processor.py:925} INFO - DAG(s) 'example_python_operator' retrieved from /home/airflow/.local/lib/python3.12/site-packages/airflow/example_dags/example_python_operator.py
[2024-09-09T11:11:03.432+0000] {logging_mixin.py:190} INFO - [2024-09-09T11:11:03.431+0000] {dag.py:3229} INFO - Sync 1 DAGs
[2024-09-09T11:11:03.463+0000] {logging_mixin.py:190} INFO - [2024-09-09T11:11:03.462+0000] {dag.py:4156} INFO - Setting next_dagrun for example_python_operator to None, run_after=None
[2024-09-09T11:11:03.507+0000] {processor.py:208} INFO - Processing /home/airflow/.local/lib/python3.12/site-packages/airflow/example_dags/example_python_operator.py took 0.162 seconds
[2024-09-09T11:11:35.517+0000] {processor.py:186} INFO - Started process (PID=409) to work on /home/airflow/.local/lib/python3.12/site-packages/airflow/example_dags/example_python_operator.py
[2024-09-09T11:11:35.520+0000] {processor.py:914} INFO - Processing file /home/airflow/.local/lib/python3.12/site-packages/airflow/example_dags/example_python_operator.py for tasks to queue
[2024-09-09T11:11:35.528+0000] {logging_mixin.py:190} INFO - [2024-09-09T11:11:35.527+0000] {dagbag.py:587} INFO - Filling up the DagBag from /home/airflow/.local/lib/python3.12/site-packages/airflow/example_dags/example_python_operator.py
[2024-09-09T11:11:35.554+0000] {processor.py:925} INFO - DAG(s) 'example_python_operator' retrieved from /home/airflow/.local/lib/python3.12/site-packages/airflow/example_dags/example_python_operator.py
[2024-09-09T11:11:35.602+0000] {logging_mixin.py:190} INFO - [2024-09-09T11:11:35.601+0000] {dag.py:3229} INFO - Sync 1 DAGs
[2024-09-09T11:11:35.639+0000] {logging_mixin.py:190} INFO - [2024-09-09T11:11:35.639+0000] {dag.py:4156} INFO - Setting next_dagrun for example_python_operator to None, run_after=None
[2024-09-09T11:11:35.683+0000] {processor.py:208} INFO - Processing /home/airflow/.local/lib/python3.12/site-packages/airflow/example_dags/example_python_operator.py took 0.181 seconds
[2024-09-09T11:12:06.944+0000] {processor.py:186} INFO - Started process (PID=471) to work on /home/airflow/.local/lib/python3.12/site-packages/airflow/example_dags/example_python_operator.py
[2024-09-09T11:12:06.947+0000] {processor.py:914} INFO - Processing file /home/airflow/.local/lib/python3.12/site-packages/airflow/example_dags/example_python_operator.py for tasks to queue
[2024-09-09T11:12:06.952+0000] {logging_mixin.py:190} INFO - [2024-09-09T11:12:06.951+0000] {dagbag.py:587} INFO - Filling up the DagBag from /home/airflow/.local/lib/python3.12/site-packages/airflow/example_dags/example_python_operator.py
[2024-09-09T11:12:06.996+0000] {processor.py:925} INFO - DAG(s) 'example_python_operator' retrieved from /home/airflow/.local/lib/python3.12/site-packages/airflow/example_dags/example_python_operator.py
[2024-09-09T11:12:07.231+0000] {logging_mixin.py:190} INFO - [2024-09-09T11:12:07.230+0000] {dag.py:3229} INFO - Sync 1 DAGs
[2024-09-09T11:12:07.301+0000] {logging_mixin.py:190} INFO - [2024-09-09T11:12:07.300+0000] {dag.py:4156} INFO - Setting next_dagrun for example_python_operator to None, run_after=None
[2024-09-09T11:12:07.433+0000] {processor.py:208} INFO - Processing /home/airflow/.local/lib/python3.12/site-packages/airflow/example_dags/example_python_operator.py took 0.502 seconds
[2024-09-09T11:12:43.389+0000] {processor.py:186} INFO - Started process (PID=533) to work on /home/airflow/.local/lib/python3.12/site-packages/airflow/example_dags/example_python_operator.py
[2024-09-09T11:12:43.393+0000] {processor.py:914} INFO - Processing file /home/airflow/.local/lib/python3.12/site-packages/airflow/example_dags/example_python_operator.py for tasks to queue
[2024-09-09T11:12:43.411+0000] {logging_mixin.py:190} INFO - [2024-09-09T11:12:43.410+0000] {dagbag.py:587} INFO - Filling up the DagBag from /home/airflow/.local/lib/python3.12/site-packages/airflow/example_dags/example_python_operator.py
[2024-09-09T11:12:43.509+0000] {processor.py:925} INFO - DAG(s) 'example_python_operator' retrieved from /home/airflow/.local/lib/python3.12/site-packages/airflow/example_dags/example_python_operator.py
[2024-09-09T11:12:43.643+0000] {logging_mixin.py:190} INFO - [2024-09-09T11:12:43.642+0000] {dag.py:3229} INFO - Sync 1 DAGs
[2024-09-09T11:12:43.744+0000] {logging_mixin.py:190} INFO - [2024-09-09T11:12:43.744+0000] {dag.py:4156} INFO - Setting next_dagrun for example_python_operator to None, run_after=None
[2024-09-09T11:12:43.906+0000] {processor.py:208} INFO - Processing /home/airflow/.local/lib/python3.12/site-packages/airflow/example_dags/example_python_operator.py took 0.547 seconds
[2024-09-09T11:13:33.658+0000] {processor.py:186} INFO - Started process (PID=595) to work on /home/airflow/.local/lib/python3.12/site-packages/airflow/example_dags/example_python_operator.py
[2024-09-09T11:13:33.660+0000] {processor.py:914} INFO - Processing file /home/airflow/.local/lib/python3.12/site-packages/airflow/example_dags/example_python_operator.py for tasks to queue
[2024-09-09T11:13:33.665+0000] {logging_mixin.py:190} INFO - [2024-09-09T11:13:33.664+0000] {dagbag.py:587} INFO - Filling up the DagBag from /home/airflow/.local/lib/python3.12/site-packages/airflow/example_dags/example_python_operator.py
[2024-09-09T11:13:33.733+0000] {processor.py:925} INFO - DAG(s) 'example_python_operator' retrieved from /home/airflow/.local/lib/python3.12/site-packages/airflow/example_dags/example_python_operator.py
[2024-09-09T11:13:33.797+0000] {logging_mixin.py:190} INFO - [2024-09-09T11:13:33.797+0000] {dag.py:3229} INFO - Sync 1 DAGs
[2024-09-09T11:13:33.841+0000] {logging_mixin.py:190} INFO - [2024-09-09T11:13:33.840+0000] {dag.py:4156} INFO - Setting next_dagrun for example_python_operator to None, run_after=None
[2024-09-09T11:13:33.924+0000] {processor.py:208} INFO - Processing /home/airflow/.local/lib/python3.12/site-packages/airflow/example_dags/example_python_operator.py took 0.280 seconds
