[2024-09-09T11:01:01.257+0000] {processor.py:186} INFO - Started process (PID=128) to work on /home/airflow/.local/lib/python3.12/site-packages/airflow/example_dags/example_external_task_marker_dag.py
[2024-09-09T11:01:01.259+0000] {processor.py:914} INFO - Processing file /home/airflow/.local/lib/python3.12/site-packages/airflow/example_dags/example_external_task_marker_dag.py for tasks to queue
[2024-09-09T11:01:01.265+0000] {logging_mixin.py:190} INFO - [2024-09-09T11:01:01.264+0000] {dagbag.py:587} INFO - Filling up the DagBag from /home/airflow/.local/lib/python3.12/site-packages/airflow/example_dags/example_external_task_marker_dag.py
[2024-09-09T11:01:01.281+0000] {processor.py:925} INFO - DAG(s) 'example_external_task_marker_parent', 'example_external_task_marker_child' retrieved from /home/airflow/.local/lib/python3.12/site-packages/airflow/example_dags/example_external_task_marker_dag.py
[2024-09-09T11:01:01.519+0000] {logging_mixin.py:190} INFO - [2024-09-09T11:01:01.517+0000] {override.py:1900} INFO - Created Permission View: can delete on DAG:example_external_task_marker_parent
[2024-09-09T11:01:01.553+0000] {logging_mixin.py:190} INFO - [2024-09-09T11:01:01.552+0000] {override.py:1900} INFO - Created Permission View: can edit on DAG:example_external_task_marker_parent
[2024-09-09T11:01:01.576+0000] {logging_mixin.py:190} INFO - [2024-09-09T11:01:01.575+0000] {override.py:1900} INFO - Created Permission View: can read on DAG:example_external_task_marker_parent
[2024-09-09T11:01:01.594+0000] {logging_mixin.py:190} INFO - [2024-09-09T11:01:01.593+0000] {override.py:1900} INFO - Created Permission View: can delete on DAG Run:example_external_task_marker_parent
[2024-09-09T11:01:01.612+0000] {logging_mixin.py:190} INFO - [2024-09-09T11:01:01.611+0000] {override.py:1900} INFO - Created Permission View: can create on DAG Run:example_external_task_marker_parent
[2024-09-09T11:01:01.631+0000] {logging_mixin.py:190} INFO - [2024-09-09T11:01:01.630+0000] {override.py:1900} INFO - Created Permission View: can read on DAG Run:example_external_task_marker_parent
[2024-09-09T11:01:01.648+0000] {logging_mixin.py:190} INFO - [2024-09-09T11:01:01.648+0000] {override.py:1900} INFO - Created Permission View: menu access on DAG Run:example_external_task_marker_parent
[2024-09-09T11:01:01.682+0000] {logging_mixin.py:190} INFO - [2024-09-09T11:01:01.681+0000] {override.py:1900} INFO - Created Permission View: can delete on DAG:example_external_task_marker_child
[2024-09-09T11:01:01.703+0000] {logging_mixin.py:190} INFO - [2024-09-09T11:01:01.702+0000] {override.py:1900} INFO - Created Permission View: can edit on DAG:example_external_task_marker_child
[2024-09-09T11:01:01.721+0000] {logging_mixin.py:190} INFO - [2024-09-09T11:01:01.719+0000] {override.py:1900} INFO - Created Permission View: can read on DAG:example_external_task_marker_child
[2024-09-09T11:01:01.740+0000] {logging_mixin.py:190} INFO - [2024-09-09T11:01:01.739+0000] {override.py:1900} INFO - Created Permission View: can delete on DAG Run:example_external_task_marker_child
[2024-09-09T11:01:01.760+0000] {logging_mixin.py:190} INFO - [2024-09-09T11:01:01.759+0000] {override.py:1900} INFO - Created Permission View: can create on DAG Run:example_external_task_marker_child
[2024-09-09T11:01:01.780+0000] {logging_mixin.py:190} INFO - [2024-09-09T11:01:01.779+0000] {override.py:1900} INFO - Created Permission View: can read on DAG Run:example_external_task_marker_child
[2024-09-09T11:01:01.803+0000] {logging_mixin.py:190} INFO - [2024-09-09T11:01:01.802+0000] {override.py:1900} INFO - Created Permission View: menu access on DAG Run:example_external_task_marker_child
[2024-09-09T11:01:01.804+0000] {logging_mixin.py:190} INFO - [2024-09-09T11:01:01.804+0000] {dag.py:3229} INFO - Sync 2 DAGs
[2024-09-09T11:01:01.835+0000] {logging_mixin.py:190} INFO - [2024-09-09T11:01:01.834+0000] {dag.py:3252} INFO - Creating ORM DAG for example_external_task_marker_parent
[2024-09-09T11:01:01.836+0000] {logging_mixin.py:190} INFO - [2024-09-09T11:01:01.836+0000] {dag.py:3252} INFO - Creating ORM DAG for example_external_task_marker_child
[2024-09-09T11:01:01.839+0000] {logging_mixin.py:190} INFO - [2024-09-09T11:01:01.838+0000] {dag.py:4156} INFO - Setting next_dagrun for example_external_task_marker_child to None, run_after=None
[2024-09-09T11:01:01.841+0000] {logging_mixin.py:190} INFO - [2024-09-09T11:01:01.840+0000] {dag.py:4156} INFO - Setting next_dagrun for example_external_task_marker_parent to None, run_after=None
[2024-09-09T11:01:01.879+0000] {processor.py:208} INFO - Processing /home/airflow/.local/lib/python3.12/site-packages/airflow/example_dags/example_external_task_marker_dag.py took 0.633 seconds
[2024-09-09T11:09:02.081+0000] {processor.py:186} INFO - Started process (PID=117) to work on /home/airflow/.local/lib/python3.12/site-packages/airflow/example_dags/example_external_task_marker_dag.py
[2024-09-09T11:09:02.083+0000] {processor.py:914} INFO - Processing file /home/airflow/.local/lib/python3.12/site-packages/airflow/example_dags/example_external_task_marker_dag.py for tasks to queue
[2024-09-09T11:09:02.087+0000] {logging_mixin.py:190} INFO - [2024-09-09T11:09:02.086+0000] {dagbag.py:587} INFO - Filling up the DagBag from /home/airflow/.local/lib/python3.12/site-packages/airflow/example_dags/example_external_task_marker_dag.py
[2024-09-09T11:09:02.102+0000] {processor.py:925} INFO - DAG(s) 'example_external_task_marker_parent', 'example_external_task_marker_child' retrieved from /home/airflow/.local/lib/python3.12/site-packages/airflow/example_dags/example_external_task_marker_dag.py
[2024-09-09T11:09:02.140+0000] {logging_mixin.py:190} INFO - [2024-09-09T11:09:02.140+0000] {dag.py:3229} INFO - Sync 2 DAGs
[2024-09-09T11:09:02.165+0000] {logging_mixin.py:190} INFO - [2024-09-09T11:09:02.165+0000] {dag.py:4156} INFO - Setting next_dagrun for example_external_task_marker_child to None, run_after=None
[2024-09-09T11:09:02.173+0000] {logging_mixin.py:190} INFO - [2024-09-09T11:09:02.173+0000] {dag.py:4156} INFO - Setting next_dagrun for example_external_task_marker_parent to None, run_after=None
[2024-09-09T11:09:02.208+0000] {processor.py:208} INFO - Processing /home/airflow/.local/lib/python3.12/site-packages/airflow/example_dags/example_external_task_marker_dag.py took 0.138 seconds
[2024-09-09T11:09:33.008+0000] {processor.py:186} INFO - Started process (PID=179) to work on /home/airflow/.local/lib/python3.12/site-packages/airflow/example_dags/example_external_task_marker_dag.py
[2024-09-09T11:09:33.010+0000] {processor.py:914} INFO - Processing file /home/airflow/.local/lib/python3.12/site-packages/airflow/example_dags/example_external_task_marker_dag.py for tasks to queue
[2024-09-09T11:09:33.014+0000] {logging_mixin.py:190} INFO - [2024-09-09T11:09:33.013+0000] {dagbag.py:587} INFO - Filling up the DagBag from /home/airflow/.local/lib/python3.12/site-packages/airflow/example_dags/example_external_task_marker_dag.py
[2024-09-09T11:09:33.025+0000] {processor.py:925} INFO - DAG(s) 'example_external_task_marker_parent', 'example_external_task_marker_child' retrieved from /home/airflow/.local/lib/python3.12/site-packages/airflow/example_dags/example_external_task_marker_dag.py
[2024-09-09T11:09:33.065+0000] {logging_mixin.py:190} INFO - [2024-09-09T11:09:33.064+0000] {dag.py:3229} INFO - Sync 2 DAGs
[2024-09-09T11:09:33.100+0000] {logging_mixin.py:190} INFO - [2024-09-09T11:09:33.100+0000] {dag.py:4156} INFO - Setting next_dagrun for example_external_task_marker_child to None, run_after=None
[2024-09-09T11:09:33.108+0000] {logging_mixin.py:190} INFO - [2024-09-09T11:09:33.107+0000] {dag.py:4156} INFO - Setting next_dagrun for example_external_task_marker_parent to None, run_after=None
[2024-09-09T11:09:33.144+0000] {processor.py:208} INFO - Processing /home/airflow/.local/lib/python3.12/site-packages/airflow/example_dags/example_external_task_marker_dag.py took 0.147 seconds
[2024-09-09T11:10:03.723+0000] {processor.py:186} INFO - Started process (PID=242) to work on /home/airflow/.local/lib/python3.12/site-packages/airflow/example_dags/example_external_task_marker_dag.py
[2024-09-09T11:10:03.725+0000] {processor.py:914} INFO - Processing file /home/airflow/.local/lib/python3.12/site-packages/airflow/example_dags/example_external_task_marker_dag.py for tasks to queue
[2024-09-09T11:10:03.729+0000] {logging_mixin.py:190} INFO - [2024-09-09T11:10:03.728+0000] {dagbag.py:587} INFO - Filling up the DagBag from /home/airflow/.local/lib/python3.12/site-packages/airflow/example_dags/example_external_task_marker_dag.py
[2024-09-09T11:10:03.744+0000] {processor.py:925} INFO - DAG(s) 'example_external_task_marker_parent', 'example_external_task_marker_child' retrieved from /home/airflow/.local/lib/python3.12/site-packages/airflow/example_dags/example_external_task_marker_dag.py
[2024-09-09T11:10:03.784+0000] {logging_mixin.py:190} INFO - [2024-09-09T11:10:03.783+0000] {dag.py:3229} INFO - Sync 2 DAGs
[2024-09-09T11:10:03.816+0000] {logging_mixin.py:190} INFO - [2024-09-09T11:10:03.815+0000] {dag.py:4156} INFO - Setting next_dagrun for example_external_task_marker_child to None, run_after=None
[2024-09-09T11:10:03.824+0000] {logging_mixin.py:190} INFO - [2024-09-09T11:10:03.824+0000] {dag.py:4156} INFO - Setting next_dagrun for example_external_task_marker_parent to None, run_after=None
[2024-09-09T11:10:03.857+0000] {processor.py:208} INFO - Processing /home/airflow/.local/lib/python3.12/site-packages/airflow/example_dags/example_external_task_marker_dag.py took 0.142 seconds
[2024-09-09T11:10:34.842+0000] {processor.py:186} INFO - Started process (PID=304) to work on /home/airflow/.local/lib/python3.12/site-packages/airflow/example_dags/example_external_task_marker_dag.py
[2024-09-09T11:10:34.844+0000] {processor.py:914} INFO - Processing file /home/airflow/.local/lib/python3.12/site-packages/airflow/example_dags/example_external_task_marker_dag.py for tasks to queue
[2024-09-09T11:10:34.851+0000] {logging_mixin.py:190} INFO - [2024-09-09T11:10:34.848+0000] {dagbag.py:587} INFO - Filling up the DagBag from /home/airflow/.local/lib/python3.12/site-packages/airflow/example_dags/example_external_task_marker_dag.py
[2024-09-09T11:10:34.876+0000] {processor.py:925} INFO - DAG(s) 'example_external_task_marker_parent', 'example_external_task_marker_child' retrieved from /home/airflow/.local/lib/python3.12/site-packages/airflow/example_dags/example_external_task_marker_dag.py
[2024-09-09T11:10:34.935+0000] {logging_mixin.py:190} INFO - [2024-09-09T11:10:34.934+0000] {dag.py:3229} INFO - Sync 2 DAGs
[2024-09-09T11:10:34.975+0000] {logging_mixin.py:190} INFO - [2024-09-09T11:10:34.974+0000] {dag.py:4156} INFO - Setting next_dagrun for example_external_task_marker_child to None, run_after=None
[2024-09-09T11:10:34.984+0000] {logging_mixin.py:190} INFO - [2024-09-09T11:10:34.984+0000] {dag.py:4156} INFO - Setting next_dagrun for example_external_task_marker_parent to None, run_after=None
[2024-09-09T11:10:35.023+0000] {processor.py:208} INFO - Processing /home/airflow/.local/lib/python3.12/site-packages/airflow/example_dags/example_external_task_marker_dag.py took 0.193 seconds
[2024-09-09T11:11:07.210+0000] {processor.py:186} INFO - Started process (PID=367) to work on /home/airflow/.local/lib/python3.12/site-packages/airflow/example_dags/example_external_task_marker_dag.py
[2024-09-09T11:11:07.212+0000] {processor.py:914} INFO - Processing file /home/airflow/.local/lib/python3.12/site-packages/airflow/example_dags/example_external_task_marker_dag.py for tasks to queue
[2024-09-09T11:11:07.218+0000] {logging_mixin.py:190} INFO - [2024-09-09T11:11:07.217+0000] {dagbag.py:587} INFO - Filling up the DagBag from /home/airflow/.local/lib/python3.12/site-packages/airflow/example_dags/example_external_task_marker_dag.py
[2024-09-09T11:11:07.235+0000] {processor.py:925} INFO - DAG(s) 'example_external_task_marker_parent', 'example_external_task_marker_child' retrieved from /home/airflow/.local/lib/python3.12/site-packages/airflow/example_dags/example_external_task_marker_dag.py
[2024-09-09T11:11:07.291+0000] {logging_mixin.py:190} INFO - [2024-09-09T11:11:07.291+0000] {dag.py:3229} INFO - Sync 2 DAGs
[2024-09-09T11:11:07.330+0000] {logging_mixin.py:190} INFO - [2024-09-09T11:11:07.329+0000] {dag.py:4156} INFO - Setting next_dagrun for example_external_task_marker_child to None, run_after=None
[2024-09-09T11:11:07.339+0000] {logging_mixin.py:190} INFO - [2024-09-09T11:11:07.339+0000] {dag.py:4156} INFO - Setting next_dagrun for example_external_task_marker_parent to None, run_after=None
[2024-09-09T11:11:07.382+0000] {processor.py:208} INFO - Processing /home/airflow/.local/lib/python3.12/site-packages/airflow/example_dags/example_external_task_marker_dag.py took 0.185 seconds
[2024-09-09T11:11:38.812+0000] {processor.py:186} INFO - Started process (PID=429) to work on /home/airflow/.local/lib/python3.12/site-packages/airflow/example_dags/example_external_task_marker_dag.py
[2024-09-09T11:11:38.813+0000] {processor.py:914} INFO - Processing file /home/airflow/.local/lib/python3.12/site-packages/airflow/example_dags/example_external_task_marker_dag.py for tasks to queue
[2024-09-09T11:11:38.819+0000] {logging_mixin.py:190} INFO - [2024-09-09T11:11:38.818+0000] {dagbag.py:587} INFO - Filling up the DagBag from /home/airflow/.local/lib/python3.12/site-packages/airflow/example_dags/example_external_task_marker_dag.py
[2024-09-09T11:11:38.834+0000] {processor.py:925} INFO - DAG(s) 'example_external_task_marker_parent', 'example_external_task_marker_child' retrieved from /home/airflow/.local/lib/python3.12/site-packages/airflow/example_dags/example_external_task_marker_dag.py
[2024-09-09T11:11:38.877+0000] {logging_mixin.py:190} INFO - [2024-09-09T11:11:38.876+0000] {dag.py:3229} INFO - Sync 2 DAGs
[2024-09-09T11:11:38.910+0000] {logging_mixin.py:190} INFO - [2024-09-09T11:11:38.909+0000] {dag.py:4156} INFO - Setting next_dagrun for example_external_task_marker_child to None, run_after=None
[2024-09-09T11:11:38.919+0000] {logging_mixin.py:190} INFO - [2024-09-09T11:11:38.918+0000] {dag.py:4156} INFO - Setting next_dagrun for example_external_task_marker_parent to None, run_after=None
[2024-09-09T11:11:38.955+0000] {processor.py:208} INFO - Processing /home/airflow/.local/lib/python3.12/site-packages/airflow/example_dags/example_external_task_marker_dag.py took 0.158 seconds
[2024-09-09T11:12:11.527+0000] {processor.py:186} INFO - Started process (PID=491) to work on /home/airflow/.local/lib/python3.12/site-packages/airflow/example_dags/example_external_task_marker_dag.py
[2024-09-09T11:12:11.529+0000] {processor.py:914} INFO - Processing file /home/airflow/.local/lib/python3.12/site-packages/airflow/example_dags/example_external_task_marker_dag.py for tasks to queue
[2024-09-09T11:12:11.535+0000] {logging_mixin.py:190} INFO - [2024-09-09T11:12:11.534+0000] {dagbag.py:587} INFO - Filling up the DagBag from /home/airflow/.local/lib/python3.12/site-packages/airflow/example_dags/example_external_task_marker_dag.py
[2024-09-09T11:12:11.558+0000] {processor.py:925} INFO - DAG(s) 'example_external_task_marker_parent', 'example_external_task_marker_child' retrieved from /home/airflow/.local/lib/python3.12/site-packages/airflow/example_dags/example_external_task_marker_dag.py
[2024-09-09T11:12:11.613+0000] {logging_mixin.py:190} INFO - [2024-09-09T11:12:11.613+0000] {dag.py:3229} INFO - Sync 2 DAGs
[2024-09-09T11:12:11.647+0000] {logging_mixin.py:190} INFO - [2024-09-09T11:12:11.646+0000] {dag.py:4156} INFO - Setting next_dagrun for example_external_task_marker_child to None, run_after=None
[2024-09-09T11:12:11.655+0000] {logging_mixin.py:190} INFO - [2024-09-09T11:12:11.655+0000] {dag.py:4156} INFO - Setting next_dagrun for example_external_task_marker_parent to None, run_after=None
[2024-09-09T11:12:11.692+0000] {processor.py:208} INFO - Processing /home/airflow/.local/lib/python3.12/site-packages/airflow/example_dags/example_external_task_marker_dag.py took 0.179 seconds
[2024-09-09T11:13:22.543+0000] {processor.py:186} INFO - Started process (PID=559) to work on /home/airflow/.local/lib/python3.12/site-packages/airflow/example_dags/example_external_task_marker_dag.py
[2024-09-09T11:13:22.545+0000] {processor.py:914} INFO - Processing file /home/airflow/.local/lib/python3.12/site-packages/airflow/example_dags/example_external_task_marker_dag.py for tasks to queue
[2024-09-09T11:13:22.551+0000] {logging_mixin.py:190} INFO - [2024-09-09T11:13:22.550+0000] {dagbag.py:587} INFO - Filling up the DagBag from /home/airflow/.local/lib/python3.12/site-packages/airflow/example_dags/example_external_task_marker_dag.py
[2024-09-09T11:13:22.571+0000] {processor.py:925} INFO - DAG(s) 'example_external_task_marker_child', 'example_external_task_marker_parent' retrieved from /home/airflow/.local/lib/python3.12/site-packages/airflow/example_dags/example_external_task_marker_dag.py
[2024-09-09T11:13:22.656+0000] {logging_mixin.py:190} INFO - [2024-09-09T11:13:22.656+0000] {dag.py:3229} INFO - Sync 2 DAGs
[2024-09-09T11:13:22.711+0000] {logging_mixin.py:190} INFO - [2024-09-09T11:13:22.710+0000] {dag.py:4156} INFO - Setting next_dagrun for example_external_task_marker_child to None, run_after=None
[2024-09-09T11:13:22.724+0000] {logging_mixin.py:190} INFO - [2024-09-09T11:13:22.724+0000] {dag.py:4156} INFO - Setting next_dagrun for example_external_task_marker_parent to None, run_after=None
[2024-09-09T11:13:22.781+0000] {processor.py:208} INFO - Processing /home/airflow/.local/lib/python3.12/site-packages/airflow/example_dags/example_external_task_marker_dag.py took 0.251 seconds
