[2024-09-09T11:00:46.034+0000] {processor.py:186} INFO - Started process (PID=85) to work on /home/airflow/.local/lib/python3.12/site-packages/airflow/example_dags/example_subdag_operator.py
[2024-09-09T11:00:46.036+0000] {processor.py:914} INFO - Processing file /home/airflow/.local/lib/python3.12/site-packages/airflow/example_dags/example_subdag_operator.py for tasks to queue
[2024-09-09T11:00:46.043+0000] {logging_mixin.py:190} INFO - [2024-09-09T11:00:46.042+0000] {dagbag.py:587} INFO - Filling up the DagBag from /home/airflow/.local/lib/python3.12/site-packages/airflow/example_dags/example_subdag_operator.py
[2024-09-09T11:00:46.110+0000] {processor.py:925} INFO - DAG(s) 'example_subdag_operator.section-1', 'example_subdag_operator.section-2', 'example_subdag_operator' retrieved from /home/airflow/.local/lib/python3.12/site-packages/airflow/example_dags/example_subdag_operator.py
[2024-09-09T11:00:46.546+0000] {logging_mixin.py:190} INFO - [2024-09-09T11:00:46.545+0000] {override.py:1900} INFO - Created Permission View: can delete on DAG:example_subdag_operator
[2024-09-09T11:00:46.572+0000] {logging_mixin.py:190} INFO - [2024-09-09T11:00:46.571+0000] {override.py:1900} INFO - Created Permission View: can edit on DAG:example_subdag_operator
[2024-09-09T11:00:46.593+0000] {logging_mixin.py:190} INFO - [2024-09-09T11:00:46.592+0000] {override.py:1900} INFO - Created Permission View: can read on DAG:example_subdag_operator
[2024-09-09T11:00:46.613+0000] {logging_mixin.py:190} INFO - [2024-09-09T11:00:46.612+0000] {override.py:1900} INFO - Created Permission View: can delete on DAG Run:example_subdag_operator
[2024-09-09T11:00:46.637+0000] {logging_mixin.py:190} INFO - [2024-09-09T11:00:46.636+0000] {override.py:1900} INFO - Created Permission View: can create on DAG Run:example_subdag_operator
[2024-09-09T11:00:46.661+0000] {logging_mixin.py:190} INFO - [2024-09-09T11:00:46.660+0000] {override.py:1900} INFO - Created Permission View: can read on DAG Run:example_subdag_operator
[2024-09-09T11:00:46.680+0000] {logging_mixin.py:190} INFO - [2024-09-09T11:00:46.678+0000] {override.py:1900} INFO - Created Permission View: menu access on DAG Run:example_subdag_operator
[2024-09-09T11:00:46.681+0000] {logging_mixin.py:190} INFO - [2024-09-09T11:00:46.681+0000] {dag.py:3229} INFO - Sync 3 DAGs
[2024-09-09T11:00:46.710+0000] {logging_mixin.py:190} INFO - [2024-09-09T11:00:46.710+0000] {dag.py:3252} INFO - Creating ORM DAG for example_subdag_operator.section-1
[2024-09-09T11:00:46.712+0000] {logging_mixin.py:190} INFO - [2024-09-09T11:00:46.712+0000] {dag.py:3252} INFO - Creating ORM DAG for example_subdag_operator
[2024-09-09T11:00:46.714+0000] {logging_mixin.py:190} INFO - [2024-09-09T11:00:46.714+0000] {dag.py:3252} INFO - Creating ORM DAG for example_subdag_operator.section-2
[2024-09-09T11:00:46.732+0000] {logging_mixin.py:190} INFO - [2024-09-09T11:00:46.731+0000] {dag.py:4156} INFO - Setting next_dagrun for example_subdag_operator to 2022-01-01 00:00:00+00:00, run_after=2022-01-01 00:00:00+00:00
[2024-09-09T11:00:46.733+0000] {logging_mixin.py:190} INFO - [2024-09-09T11:00:46.733+0000] {dag.py:4156} INFO - Setting next_dagrun for example_subdag_operator.section-1 to None, run_after=None
[2024-09-09T11:00:46.735+0000] {logging_mixin.py:190} INFO - [2024-09-09T11:00:46.735+0000] {dag.py:4156} INFO - Setting next_dagrun for example_subdag_operator.section-2 to None, run_after=None
[2024-09-09T11:00:46.750+0000] {logging_mixin.py:190} INFO - [2024-09-09T11:00:46.749+0000] {dag.py:3229} INFO - Sync 2 DAGs
[2024-09-09T11:00:46.761+0000] {logging_mixin.py:190} INFO - [2024-09-09T11:00:46.761+0000] {dag.py:4156} INFO - Setting next_dagrun for example_subdag_operator.section-1 to None, run_after=None
[2024-09-09T11:00:46.768+0000] {logging_mixin.py:190} INFO - [2024-09-09T11:00:46.767+0000] {dag.py:4156} INFO - Setting next_dagrun for example_subdag_operator.section-2 to None, run_after=None
[2024-09-09T11:00:46.791+0000] {processor.py:208} INFO - Processing /home/airflow/.local/lib/python3.12/site-packages/airflow/example_dags/example_subdag_operator.py took 0.770 seconds
[2024-09-09T11:08:56.849+0000] {processor.py:186} INFO - Started process (PID=80) to work on /home/airflow/.local/lib/python3.12/site-packages/airflow/example_dags/example_subdag_operator.py
[2024-09-09T11:08:56.851+0000] {processor.py:914} INFO - Processing file /home/airflow/.local/lib/python3.12/site-packages/airflow/example_dags/example_subdag_operator.py for tasks to queue
[2024-09-09T11:08:56.856+0000] {logging_mixin.py:190} INFO - [2024-09-09T11:08:56.855+0000] {dagbag.py:587} INFO - Filling up the DagBag from /home/airflow/.local/lib/python3.12/site-packages/airflow/example_dags/example_subdag_operator.py
[2024-09-09T11:08:56.914+0000] {processor.py:925} INFO - DAG(s) 'example_subdag_operator.section-1', 'example_subdag_operator.section-2', 'example_subdag_operator' retrieved from /home/airflow/.local/lib/python3.12/site-packages/airflow/example_dags/example_subdag_operator.py
[2024-09-09T11:08:56.956+0000] {logging_mixin.py:190} INFO - [2024-09-09T11:08:56.955+0000] {dag.py:3229} INFO - Sync 3 DAGs
[2024-09-09T11:08:57.004+0000] {logging_mixin.py:190} INFO - [2024-09-09T11:08:57.003+0000] {dag.py:4156} INFO - Setting next_dagrun for example_subdag_operator to 2022-01-01 00:00:00+00:00, run_after=2022-01-01 00:00:00+00:00
[2024-09-09T11:08:57.013+0000] {logging_mixin.py:190} INFO - [2024-09-09T11:08:57.013+0000] {dag.py:4156} INFO - Setting next_dagrun for example_subdag_operator.section-1 to None, run_after=None
[2024-09-09T11:08:57.017+0000] {logging_mixin.py:190} INFO - [2024-09-09T11:08:57.016+0000] {dag.py:4156} INFO - Setting next_dagrun for example_subdag_operator.section-2 to None, run_after=None
[2024-09-09T11:08:57.035+0000] {logging_mixin.py:190} INFO - [2024-09-09T11:08:57.035+0000] {dag.py:3229} INFO - Sync 2 DAGs
[2024-09-09T11:08:57.046+0000] {logging_mixin.py:190} INFO - [2024-09-09T11:08:57.046+0000] {dag.py:4156} INFO - Setting next_dagrun for example_subdag_operator.section-1 to None, run_after=None
[2024-09-09T11:08:57.048+0000] {logging_mixin.py:190} INFO - [2024-09-09T11:08:57.047+0000] {dag.py:4156} INFO - Setting next_dagrun for example_subdag_operator.section-2 to None, run_after=None
[2024-09-09T11:08:57.070+0000] {processor.py:208} INFO - Processing /home/airflow/.local/lib/python3.12/site-packages/airflow/example_dags/example_subdag_operator.py took 0.229 seconds
[2024-09-09T11:09:27.562+0000] {processor.py:186} INFO - Started process (PID=142) to work on /home/airflow/.local/lib/python3.12/site-packages/airflow/example_dags/example_subdag_operator.py
[2024-09-09T11:09:27.564+0000] {processor.py:914} INFO - Processing file /home/airflow/.local/lib/python3.12/site-packages/airflow/example_dags/example_subdag_operator.py for tasks to queue
[2024-09-09T11:09:27.570+0000] {logging_mixin.py:190} INFO - [2024-09-09T11:09:27.569+0000] {dagbag.py:587} INFO - Filling up the DagBag from /home/airflow/.local/lib/python3.12/site-packages/airflow/example_dags/example_subdag_operator.py
[2024-09-09T11:09:27.633+0000] {processor.py:925} INFO - DAG(s) 'example_subdag_operator.section-1', 'example_subdag_operator.section-2', 'example_subdag_operator' retrieved from /home/airflow/.local/lib/python3.12/site-packages/airflow/example_dags/example_subdag_operator.py
[2024-09-09T11:09:27.677+0000] {logging_mixin.py:190} INFO - [2024-09-09T11:09:27.677+0000] {dag.py:3229} INFO - Sync 3 DAGs
[2024-09-09T11:09:27.744+0000] {logging_mixin.py:190} INFO - [2024-09-09T11:09:27.743+0000] {dag.py:4156} INFO - Setting next_dagrun for example_subdag_operator to 2022-01-01 00:00:00+00:00, run_after=2022-01-01 00:00:00+00:00
[2024-09-09T11:09:27.755+0000] {logging_mixin.py:190} INFO - [2024-09-09T11:09:27.754+0000] {dag.py:4156} INFO - Setting next_dagrun for example_subdag_operator.section-1 to None, run_after=None
[2024-09-09T11:09:27.758+0000] {logging_mixin.py:190} INFO - [2024-09-09T11:09:27.758+0000] {dag.py:4156} INFO - Setting next_dagrun for example_subdag_operator.section-2 to None, run_after=None
[2024-09-09T11:09:27.778+0000] {logging_mixin.py:190} INFO - [2024-09-09T11:09:27.777+0000] {dag.py:3229} INFO - Sync 2 DAGs
[2024-09-09T11:09:27.794+0000] {logging_mixin.py:190} INFO - [2024-09-09T11:09:27.793+0000] {dag.py:4156} INFO - Setting next_dagrun for example_subdag_operator.section-1 to None, run_after=None
[2024-09-09T11:09:27.796+0000] {logging_mixin.py:190} INFO - [2024-09-09T11:09:27.795+0000] {dag.py:4156} INFO - Setting next_dagrun for example_subdag_operator.section-2 to None, run_after=None
[2024-09-09T11:09:27.859+0000] {processor.py:208} INFO - Processing /home/airflow/.local/lib/python3.12/site-packages/airflow/example_dags/example_subdag_operator.py took 0.308 seconds
[2024-09-09T11:09:58.226+0000] {processor.py:186} INFO - Started process (PID=205) to work on /home/airflow/.local/lib/python3.12/site-packages/airflow/example_dags/example_subdag_operator.py
[2024-09-09T11:09:58.229+0000] {processor.py:914} INFO - Processing file /home/airflow/.local/lib/python3.12/site-packages/airflow/example_dags/example_subdag_operator.py for tasks to queue
[2024-09-09T11:09:58.233+0000] {logging_mixin.py:190} INFO - [2024-09-09T11:09:58.232+0000] {dagbag.py:587} INFO - Filling up the DagBag from /home/airflow/.local/lib/python3.12/site-packages/airflow/example_dags/example_subdag_operator.py
[2024-09-09T11:09:58.282+0000] {processor.py:925} INFO - DAG(s) 'example_subdag_operator.section-1', 'example_subdag_operator.section-2', 'example_subdag_operator' retrieved from /home/airflow/.local/lib/python3.12/site-packages/airflow/example_dags/example_subdag_operator.py
[2024-09-09T11:09:58.317+0000] {logging_mixin.py:190} INFO - [2024-09-09T11:09:58.317+0000] {dag.py:3229} INFO - Sync 3 DAGs
[2024-09-09T11:09:58.373+0000] {logging_mixin.py:190} INFO - [2024-09-09T11:09:58.372+0000] {dag.py:4156} INFO - Setting next_dagrun for example_subdag_operator to 2022-01-01 00:00:00+00:00, run_after=2022-01-01 00:00:00+00:00
[2024-09-09T11:09:58.380+0000] {logging_mixin.py:190} INFO - [2024-09-09T11:09:58.380+0000] {dag.py:4156} INFO - Setting next_dagrun for example_subdag_operator.section-1 to None, run_after=None
[2024-09-09T11:09:58.383+0000] {logging_mixin.py:190} INFO - [2024-09-09T11:09:58.383+0000] {dag.py:4156} INFO - Setting next_dagrun for example_subdag_operator.section-2 to None, run_after=None
[2024-09-09T11:09:58.397+0000] {logging_mixin.py:190} INFO - [2024-09-09T11:09:58.396+0000] {dag.py:3229} INFO - Sync 2 DAGs
[2024-09-09T11:09:58.408+0000] {logging_mixin.py:190} INFO - [2024-09-09T11:09:58.408+0000] {dag.py:4156} INFO - Setting next_dagrun for example_subdag_operator.section-1 to None, run_after=None
[2024-09-09T11:09:58.409+0000] {logging_mixin.py:190} INFO - [2024-09-09T11:09:58.409+0000] {dag.py:4156} INFO - Setting next_dagrun for example_subdag_operator.section-2 to None, run_after=None
[2024-09-09T11:09:58.434+0000] {processor.py:208} INFO - Processing /home/airflow/.local/lib/python3.12/site-packages/airflow/example_dags/example_subdag_operator.py took 0.219 seconds
[2024-09-09T11:10:28.796+0000] {processor.py:186} INFO - Started process (PID=267) to work on /home/airflow/.local/lib/python3.12/site-packages/airflow/example_dags/example_subdag_operator.py
[2024-09-09T11:10:28.798+0000] {processor.py:914} INFO - Processing file /home/airflow/.local/lib/python3.12/site-packages/airflow/example_dags/example_subdag_operator.py for tasks to queue
[2024-09-09T11:10:28.802+0000] {logging_mixin.py:190} INFO - [2024-09-09T11:10:28.801+0000] {dagbag.py:587} INFO - Filling up the DagBag from /home/airflow/.local/lib/python3.12/site-packages/airflow/example_dags/example_subdag_operator.py
[2024-09-09T11:10:28.854+0000] {processor.py:925} INFO - DAG(s) 'example_subdag_operator.section-1', 'example_subdag_operator.section-2', 'example_subdag_operator' retrieved from /home/airflow/.local/lib/python3.12/site-packages/airflow/example_dags/example_subdag_operator.py
[2024-09-09T11:10:28.888+0000] {logging_mixin.py:190} INFO - [2024-09-09T11:10:28.888+0000] {dag.py:3229} INFO - Sync 3 DAGs
[2024-09-09T11:10:28.940+0000] {logging_mixin.py:190} INFO - [2024-09-09T11:10:28.940+0000] {dag.py:4156} INFO - Setting next_dagrun for example_subdag_operator to 2022-01-01 00:00:00+00:00, run_after=2022-01-01 00:00:00+00:00
[2024-09-09T11:10:28.949+0000] {logging_mixin.py:190} INFO - [2024-09-09T11:10:28.949+0000] {dag.py:4156} INFO - Setting next_dagrun for example_subdag_operator.section-1 to None, run_after=None
[2024-09-09T11:10:28.952+0000] {logging_mixin.py:190} INFO - [2024-09-09T11:10:28.952+0000] {dag.py:4156} INFO - Setting next_dagrun for example_subdag_operator.section-2 to None, run_after=None
[2024-09-09T11:10:28.968+0000] {logging_mixin.py:190} INFO - [2024-09-09T11:10:28.968+0000] {dag.py:3229} INFO - Sync 2 DAGs
[2024-09-09T11:10:28.980+0000] {logging_mixin.py:190} INFO - [2024-09-09T11:10:28.979+0000] {dag.py:4156} INFO - Setting next_dagrun for example_subdag_operator.section-1 to None, run_after=None
[2024-09-09T11:10:28.981+0000] {logging_mixin.py:190} INFO - [2024-09-09T11:10:28.980+0000] {dag.py:4156} INFO - Setting next_dagrun for example_subdag_operator.section-2 to None, run_after=None
[2024-09-09T11:10:29.003+0000] {processor.py:208} INFO - Processing /home/airflow/.local/lib/python3.12/site-packages/airflow/example_dags/example_subdag_operator.py took 0.218 seconds
[2024-09-09T11:11:00.513+0000] {processor.py:186} INFO - Started process (PID=330) to work on /home/airflow/.local/lib/python3.12/site-packages/airflow/example_dags/example_subdag_operator.py
[2024-09-09T11:11:00.515+0000] {processor.py:914} INFO - Processing file /home/airflow/.local/lib/python3.12/site-packages/airflow/example_dags/example_subdag_operator.py for tasks to queue
[2024-09-09T11:11:00.520+0000] {logging_mixin.py:190} INFO - [2024-09-09T11:11:00.519+0000] {dagbag.py:587} INFO - Filling up the DagBag from /home/airflow/.local/lib/python3.12/site-packages/airflow/example_dags/example_subdag_operator.py
[2024-09-09T11:11:00.581+0000] {processor.py:925} INFO - DAG(s) 'example_subdag_operator.section-1', 'example_subdag_operator.section-2', 'example_subdag_operator' retrieved from /home/airflow/.local/lib/python3.12/site-packages/airflow/example_dags/example_subdag_operator.py
[2024-09-09T11:11:00.631+0000] {logging_mixin.py:190} INFO - [2024-09-09T11:11:00.631+0000] {dag.py:3229} INFO - Sync 3 DAGs
[2024-09-09T11:11:00.706+0000] {logging_mixin.py:190} INFO - [2024-09-09T11:11:00.705+0000] {dag.py:4156} INFO - Setting next_dagrun for example_subdag_operator to 2022-01-01 00:00:00+00:00, run_after=2022-01-01 00:00:00+00:00
[2024-09-09T11:11:00.716+0000] {logging_mixin.py:190} INFO - [2024-09-09T11:11:00.716+0000] {dag.py:4156} INFO - Setting next_dagrun for example_subdag_operator.section-1 to None, run_after=None
[2024-09-09T11:11:00.721+0000] {logging_mixin.py:190} INFO - [2024-09-09T11:11:00.720+0000] {dag.py:4156} INFO - Setting next_dagrun for example_subdag_operator.section-2 to None, run_after=None
[2024-09-09T11:11:00.743+0000] {logging_mixin.py:190} INFO - [2024-09-09T11:11:00.742+0000] {dag.py:3229} INFO - Sync 2 DAGs
[2024-09-09T11:11:00.757+0000] {logging_mixin.py:190} INFO - [2024-09-09T11:11:00.756+0000] {dag.py:4156} INFO - Setting next_dagrun for example_subdag_operator.section-1 to None, run_after=None
[2024-09-09T11:11:00.758+0000] {logging_mixin.py:190} INFO - [2024-09-09T11:11:00.758+0000] {dag.py:4156} INFO - Setting next_dagrun for example_subdag_operator.section-2 to None, run_after=None
[2024-09-09T11:11:00.786+0000] {processor.py:208} INFO - Processing /home/airflow/.local/lib/python3.12/site-packages/airflow/example_dags/example_subdag_operator.py took 0.286 seconds
[2024-09-09T11:11:31.019+0000] {processor.py:186} INFO - Started process (PID=392) to work on /home/airflow/.local/lib/python3.12/site-packages/airflow/example_dags/example_subdag_operator.py
[2024-09-09T11:11:31.021+0000] {processor.py:914} INFO - Processing file /home/airflow/.local/lib/python3.12/site-packages/airflow/example_dags/example_subdag_operator.py for tasks to queue
[2024-09-09T11:11:31.025+0000] {logging_mixin.py:190} INFO - [2024-09-09T11:11:31.024+0000] {dagbag.py:587} INFO - Filling up the DagBag from /home/airflow/.local/lib/python3.12/site-packages/airflow/example_dags/example_subdag_operator.py
[2024-09-09T11:11:31.074+0000] {processor.py:925} INFO - DAG(s) 'example_subdag_operator.section-1', 'example_subdag_operator.section-2', 'example_subdag_operator' retrieved from /home/airflow/.local/lib/python3.12/site-packages/airflow/example_dags/example_subdag_operator.py
[2024-09-09T11:11:31.103+0000] {logging_mixin.py:190} INFO - [2024-09-09T11:11:31.103+0000] {dag.py:3229} INFO - Sync 3 DAGs
[2024-09-09T11:11:31.180+0000] {logging_mixin.py:190} INFO - [2024-09-09T11:11:31.179+0000] {dag.py:4156} INFO - Setting next_dagrun for example_subdag_operator to 2022-01-01 00:00:00+00:00, run_after=2022-01-01 00:00:00+00:00
[2024-09-09T11:11:31.199+0000] {logging_mixin.py:190} INFO - [2024-09-09T11:11:31.198+0000] {dag.py:4156} INFO - Setting next_dagrun for example_subdag_operator.section-1 to None, run_after=None
[2024-09-09T11:11:31.205+0000] {logging_mixin.py:190} INFO - [2024-09-09T11:11:31.204+0000] {dag.py:4156} INFO - Setting next_dagrun for example_subdag_operator.section-2 to None, run_after=None
[2024-09-09T11:11:31.223+0000] {logging_mixin.py:190} INFO - [2024-09-09T11:11:31.223+0000] {dag.py:3229} INFO - Sync 2 DAGs
[2024-09-09T11:11:31.235+0000] {logging_mixin.py:190} INFO - [2024-09-09T11:11:31.235+0000] {dag.py:4156} INFO - Setting next_dagrun for example_subdag_operator.section-1 to None, run_after=None
[2024-09-09T11:11:31.237+0000] {logging_mixin.py:190} INFO - [2024-09-09T11:11:31.236+0000] {dag.py:4156} INFO - Setting next_dagrun for example_subdag_operator.section-2 to None, run_after=None
[2024-09-09T11:11:31.260+0000] {processor.py:208} INFO - Processing /home/airflow/.local/lib/python3.12/site-packages/airflow/example_dags/example_subdag_operator.py took 0.251 seconds
[2024-09-09T11:12:01.998+0000] {processor.py:186} INFO - Started process (PID=454) to work on /home/airflow/.local/lib/python3.12/site-packages/airflow/example_dags/example_subdag_operator.py
[2024-09-09T11:12:02.007+0000] {processor.py:914} INFO - Processing file /home/airflow/.local/lib/python3.12/site-packages/airflow/example_dags/example_subdag_operator.py for tasks to queue
[2024-09-09T11:12:02.017+0000] {logging_mixin.py:190} INFO - [2024-09-09T11:12:02.015+0000] {dagbag.py:587} INFO - Filling up the DagBag from /home/airflow/.local/lib/python3.12/site-packages/airflow/example_dags/example_subdag_operator.py
[2024-09-09T11:12:02.082+0000] {processor.py:925} INFO - DAG(s) 'example_subdag_operator.section-1', 'example_subdag_operator.section-2', 'example_subdag_operator' retrieved from /home/airflow/.local/lib/python3.12/site-packages/airflow/example_dags/example_subdag_operator.py
[2024-09-09T11:12:02.111+0000] {logging_mixin.py:190} INFO - [2024-09-09T11:12:02.111+0000] {dag.py:3229} INFO - Sync 3 DAGs
[2024-09-09T11:12:02.181+0000] {logging_mixin.py:190} INFO - [2024-09-09T11:12:02.180+0000] {dag.py:4156} INFO - Setting next_dagrun for example_subdag_operator to 2022-01-01 00:00:00+00:00, run_after=2022-01-01 00:00:00+00:00
[2024-09-09T11:12:02.198+0000] {logging_mixin.py:190} INFO - [2024-09-09T11:12:02.197+0000] {dag.py:4156} INFO - Setting next_dagrun for example_subdag_operator.section-1 to None, run_after=None
[2024-09-09T11:12:02.212+0000] {logging_mixin.py:190} INFO - [2024-09-09T11:12:02.211+0000] {dag.py:4156} INFO - Setting next_dagrun for example_subdag_operator.section-2 to None, run_after=None
[2024-09-09T11:12:02.239+0000] {logging_mixin.py:190} INFO - [2024-09-09T11:12:02.239+0000] {dag.py:3229} INFO - Sync 2 DAGs
[2024-09-09T11:12:02.257+0000] {logging_mixin.py:190} INFO - [2024-09-09T11:12:02.257+0000] {dag.py:4156} INFO - Setting next_dagrun for example_subdag_operator.section-1 to None, run_after=None
[2024-09-09T11:12:02.261+0000] {logging_mixin.py:190} INFO - [2024-09-09T11:12:02.258+0000] {dag.py:4156} INFO - Setting next_dagrun for example_subdag_operator.section-2 to None, run_after=None
[2024-09-09T11:12:02.311+0000] {processor.py:208} INFO - Processing /home/airflow/.local/lib/python3.12/site-packages/airflow/example_dags/example_subdag_operator.py took 0.339 seconds
[2024-09-09T11:12:34.526+0000] {processor.py:186} INFO - Started process (PID=516) to work on /home/airflow/.local/lib/python3.12/site-packages/airflow/example_dags/example_subdag_operator.py
[2024-09-09T11:12:34.544+0000] {processor.py:914} INFO - Processing file /home/airflow/.local/lib/python3.12/site-packages/airflow/example_dags/example_subdag_operator.py for tasks to queue
[2024-09-09T11:12:34.552+0000] {logging_mixin.py:190} INFO - [2024-09-09T11:12:34.551+0000] {dagbag.py:587} INFO - Filling up the DagBag from /home/airflow/.local/lib/python3.12/site-packages/airflow/example_dags/example_subdag_operator.py
[2024-09-09T11:12:34.662+0000] {processor.py:925} INFO - DAG(s) 'example_subdag_operator.section-1', 'example_subdag_operator.section-2', 'example_subdag_operator' retrieved from /home/airflow/.local/lib/python3.12/site-packages/airflow/example_dags/example_subdag_operator.py
[2024-09-09T11:12:34.703+0000] {logging_mixin.py:190} INFO - [2024-09-09T11:12:34.702+0000] {dag.py:3229} INFO - Sync 3 DAGs
[2024-09-09T11:12:34.820+0000] {logging_mixin.py:190} INFO - [2024-09-09T11:12:34.813+0000] {dag.py:4156} INFO - Setting next_dagrun for example_subdag_operator to 2022-01-01 00:00:00+00:00, run_after=2022-01-01 00:00:00+00:00
[2024-09-09T11:12:34.859+0000] {logging_mixin.py:190} INFO - [2024-09-09T11:12:34.858+0000] {dag.py:4156} INFO - Setting next_dagrun for example_subdag_operator.section-1 to None, run_after=None
[2024-09-09T11:12:34.864+0000] {logging_mixin.py:190} INFO - [2024-09-09T11:12:34.864+0000] {dag.py:4156} INFO - Setting next_dagrun for example_subdag_operator.section-2 to None, run_after=None
[2024-09-09T11:12:34.894+0000] {logging_mixin.py:190} INFO - [2024-09-09T11:12:34.893+0000] {dag.py:3229} INFO - Sync 2 DAGs
[2024-09-09T11:12:34.914+0000] {logging_mixin.py:190} INFO - [2024-09-09T11:12:34.913+0000] {dag.py:4156} INFO - Setting next_dagrun for example_subdag_operator.section-1 to None, run_after=None
[2024-09-09T11:12:34.917+0000] {logging_mixin.py:190} INFO - [2024-09-09T11:12:34.916+0000] {dag.py:4156} INFO - Setting next_dagrun for example_subdag_operator.section-2 to None, run_after=None
[2024-09-09T11:12:35.017+0000] {processor.py:208} INFO - Processing /home/airflow/.local/lib/python3.12/site-packages/airflow/example_dags/example_subdag_operator.py took 0.514 seconds
[2024-09-09T11:13:26.639+0000] {processor.py:186} INFO - Started process (PID=578) to work on /home/airflow/.local/lib/python3.12/site-packages/airflow/example_dags/example_subdag_operator.py
[2024-09-09T11:13:26.642+0000] {processor.py:914} INFO - Processing file /home/airflow/.local/lib/python3.12/site-packages/airflow/example_dags/example_subdag_operator.py for tasks to queue
[2024-09-09T11:13:26.654+0000] {logging_mixin.py:190} INFO - [2024-09-09T11:13:26.653+0000] {dagbag.py:587} INFO - Filling up the DagBag from /home/airflow/.local/lib/python3.12/site-packages/airflow/example_dags/example_subdag_operator.py
[2024-09-09T11:13:26.748+0000] {processor.py:925} INFO - DAG(s) 'example_subdag_operator.section-1', 'example_subdag_operator.section-2', 'example_subdag_operator' retrieved from /home/airflow/.local/lib/python3.12/site-packages/airflow/example_dags/example_subdag_operator.py
[2024-09-09T11:13:26.797+0000] {logging_mixin.py:190} INFO - [2024-09-09T11:13:26.796+0000] {dag.py:3229} INFO - Sync 3 DAGs
[2024-09-09T11:13:26.895+0000] {logging_mixin.py:190} INFO - [2024-09-09T11:13:26.893+0000] {dag.py:4156} INFO - Setting next_dagrun for example_subdag_operator to 2022-01-01 00:00:00+00:00, run_after=2022-01-01 00:00:00+00:00
[2024-09-09T11:13:26.911+0000] {logging_mixin.py:190} INFO - [2024-09-09T11:13:26.911+0000] {dag.py:4156} INFO - Setting next_dagrun for example_subdag_operator.section-1 to None, run_after=None
[2024-09-09T11:13:26.917+0000] {logging_mixin.py:190} INFO - [2024-09-09T11:13:26.916+0000] {dag.py:4156} INFO - Setting next_dagrun for example_subdag_operator.section-2 to None, run_after=None
[2024-09-09T11:13:26.943+0000] {logging_mixin.py:190} INFO - [2024-09-09T11:13:26.942+0000] {dag.py:3229} INFO - Sync 2 DAGs
[2024-09-09T11:13:26.959+0000] {logging_mixin.py:190} INFO - [2024-09-09T11:13:26.959+0000] {dag.py:4156} INFO - Setting next_dagrun for example_subdag_operator.section-1 to None, run_after=None
[2024-09-09T11:13:26.961+0000] {logging_mixin.py:190} INFO - [2024-09-09T11:13:26.961+0000] {dag.py:4156} INFO - Setting next_dagrun for example_subdag_operator.section-2 to None, run_after=None
[2024-09-09T11:13:26.998+0000] {processor.py:208} INFO - Processing /home/airflow/.local/lib/python3.12/site-packages/airflow/example_dags/example_subdag_operator.py took 0.379 seconds
