[2024-09-09T11:00:51.642+0000] {processor.py:186} INFO - Started process (PID=98) to work on /home/airflow/.local/lib/python3.12/site-packages/airflow/example_dags/example_branch_datetime_operator.py
[2024-09-09T11:00:51.647+0000] {processor.py:914} INFO - Processing file /home/airflow/.local/lib/python3.12/site-packages/airflow/example_dags/example_branch_datetime_operator.py for tasks to queue
[2024-09-09T11:00:51.654+0000] {logging_mixin.py:190} INFO - [2024-09-09T11:00:51.653+0000] {dagbag.py:587} INFO - Filling up the DagBag from /home/airflow/.local/lib/python3.12/site-packages/airflow/example_dags/example_branch_datetime_operator.py
[2024-09-09T11:00:51.695+0000] {processor.py:925} INFO - DAG(s) 'example_branch_datetime_operator_2', 'example_branch_datetime_operator_3', 'example_branch_datetime_operator' retrieved from /home/airflow/.local/lib/python3.12/site-packages/airflow/example_dags/example_branch_datetime_operator.py
[2024-09-09T11:00:51.969+0000] {logging_mixin.py:190} INFO - [2024-09-09T11:00:51.968+0000] {override.py:1900} INFO - Created Permission View: can delete on DAG:example_branch_datetime_operator_2
[2024-09-09T11:00:51.992+0000] {logging_mixin.py:190} INFO - [2024-09-09T11:00:51.991+0000] {override.py:1900} INFO - Created Permission View: can edit on DAG:example_branch_datetime_operator_2
[2024-09-09T11:00:52.006+0000] {logging_mixin.py:190} INFO - [2024-09-09T11:00:52.005+0000] {override.py:1900} INFO - Created Permission View: can read on DAG:example_branch_datetime_operator_2
[2024-09-09T11:00:52.027+0000] {logging_mixin.py:190} INFO - [2024-09-09T11:00:52.026+0000] {override.py:1900} INFO - Created Permission View: can delete on DAG Run:example_branch_datetime_operator_2
[2024-09-09T11:00:52.048+0000] {logging_mixin.py:190} INFO - [2024-09-09T11:00:52.047+0000] {override.py:1900} INFO - Created Permission View: can create on DAG Run:example_branch_datetime_operator_2
[2024-09-09T11:00:52.068+0000] {logging_mixin.py:190} INFO - [2024-09-09T11:00:52.066+0000] {override.py:1900} INFO - Created Permission View: can read on DAG Run:example_branch_datetime_operator_2
[2024-09-09T11:00:52.087+0000] {logging_mixin.py:190} INFO - [2024-09-09T11:00:52.086+0000] {override.py:1900} INFO - Created Permission View: menu access on DAG Run:example_branch_datetime_operator_2
[2024-09-09T11:00:52.123+0000] {logging_mixin.py:190} INFO - [2024-09-09T11:00:52.122+0000] {override.py:1900} INFO - Created Permission View: can delete on DAG:example_branch_datetime_operator_3
[2024-09-09T11:00:52.144+0000] {logging_mixin.py:190} INFO - [2024-09-09T11:00:52.143+0000] {override.py:1900} INFO - Created Permission View: can edit on DAG:example_branch_datetime_operator_3
[2024-09-09T11:00:52.160+0000] {logging_mixin.py:190} INFO - [2024-09-09T11:00:52.159+0000] {override.py:1900} INFO - Created Permission View: can read on DAG:example_branch_datetime_operator_3
[2024-09-09T11:00:52.184+0000] {logging_mixin.py:190} INFO - [2024-09-09T11:00:52.184+0000] {override.py:1900} INFO - Created Permission View: can delete on DAG Run:example_branch_datetime_operator_3
[2024-09-09T11:00:52.200+0000] {logging_mixin.py:190} INFO - [2024-09-09T11:00:52.199+0000] {override.py:1900} INFO - Created Permission View: can create on DAG Run:example_branch_datetime_operator_3
[2024-09-09T11:00:52.214+0000] {logging_mixin.py:190} INFO - [2024-09-09T11:00:52.213+0000] {override.py:1900} INFO - Created Permission View: can read on DAG Run:example_branch_datetime_operator_3
[2024-09-09T11:00:52.230+0000] {logging_mixin.py:190} INFO - [2024-09-09T11:00:52.230+0000] {override.py:1900} INFO - Created Permission View: menu access on DAG Run:example_branch_datetime_operator_3
[2024-09-09T11:00:52.280+0000] {logging_mixin.py:190} INFO - [2024-09-09T11:00:52.279+0000] {override.py:1900} INFO - Created Permission View: can delete on DAG:example_branch_datetime_operator
[2024-09-09T11:00:52.296+0000] {logging_mixin.py:190} INFO - [2024-09-09T11:00:52.295+0000] {override.py:1900} INFO - Created Permission View: can edit on DAG:example_branch_datetime_operator
[2024-09-09T11:00:52.314+0000] {logging_mixin.py:190} INFO - [2024-09-09T11:00:52.313+0000] {override.py:1900} INFO - Created Permission View: can read on DAG:example_branch_datetime_operator
[2024-09-09T11:00:52.332+0000] {logging_mixin.py:190} INFO - [2024-09-09T11:00:52.331+0000] {override.py:1900} INFO - Created Permission View: can delete on DAG Run:example_branch_datetime_operator
[2024-09-09T11:00:52.348+0000] {logging_mixin.py:190} INFO - [2024-09-09T11:00:52.348+0000] {override.py:1900} INFO - Created Permission View: can create on DAG Run:example_branch_datetime_operator
[2024-09-09T11:00:52.373+0000] {logging_mixin.py:190} INFO - [2024-09-09T11:00:52.372+0000] {override.py:1900} INFO - Created Permission View: can read on DAG Run:example_branch_datetime_operator
[2024-09-09T11:00:52.388+0000] {logging_mixin.py:190} INFO - [2024-09-09T11:00:52.388+0000] {override.py:1900} INFO - Created Permission View: menu access on DAG Run:example_branch_datetime_operator
[2024-09-09T11:00:52.390+0000] {logging_mixin.py:190} INFO - [2024-09-09T11:00:52.389+0000] {dag.py:3229} INFO - Sync 3 DAGs
[2024-09-09T11:00:52.443+0000] {logging_mixin.py:190} INFO - [2024-09-09T11:00:52.442+0000] {dag.py:3252} INFO - Creating ORM DAG for example_branch_datetime_operator_3
[2024-09-09T11:00:52.447+0000] {logging_mixin.py:190} INFO - [2024-09-09T11:00:52.446+0000] {dag.py:3252} INFO - Creating ORM DAG for example_branch_datetime_operator_2
[2024-09-09T11:00:52.452+0000] {logging_mixin.py:190} INFO - [2024-09-09T11:00:52.451+0000] {dag.py:3252} INFO - Creating ORM DAG for example_branch_datetime_operator
[2024-09-09T11:00:52.485+0000] {logging_mixin.py:190} INFO - [2024-09-09T11:00:52.485+0000] {dag.py:4156} INFO - Setting next_dagrun for example_branch_datetime_operator to 2024-09-08 00:00:00+00:00, run_after=2024-09-09 00:00:00+00:00
[2024-09-09T11:00:52.490+0000] {logging_mixin.py:190} INFO - [2024-09-09T11:00:52.489+0000] {dag.py:4156} INFO - Setting next_dagrun for example_branch_datetime_operator_2 to 2024-09-08 00:00:00+00:00, run_after=2024-09-09 00:00:00+00:00
[2024-09-09T11:00:52.493+0000] {logging_mixin.py:190} INFO - [2024-09-09T11:00:52.493+0000] {dag.py:4156} INFO - Setting next_dagrun for example_branch_datetime_operator_3 to 2024-09-08 00:00:00+00:00, run_after=2024-09-09 00:00:00+00:00
[2024-09-09T11:00:52.538+0000] {processor.py:208} INFO - Processing /home/airflow/.local/lib/python3.12/site-packages/airflow/example_dags/example_branch_datetime_operator.py took 0.918 seconds
[2024-09-09T11:08:58.801+0000] {processor.py:186} INFO - Started process (PID=93) to work on /home/airflow/.local/lib/python3.12/site-packages/airflow/example_dags/example_branch_datetime_operator.py
[2024-09-09T11:08:58.803+0000] {processor.py:914} INFO - Processing file /home/airflow/.local/lib/python3.12/site-packages/airflow/example_dags/example_branch_datetime_operator.py for tasks to queue
[2024-09-09T11:08:58.807+0000] {logging_mixin.py:190} INFO - [2024-09-09T11:08:58.806+0000] {dagbag.py:587} INFO - Filling up the DagBag from /home/airflow/.local/lib/python3.12/site-packages/airflow/example_dags/example_branch_datetime_operator.py
[2024-09-09T11:08:58.824+0000] {processor.py:925} INFO - DAG(s) 'example_branch_datetime_operator', 'example_branch_datetime_operator_2', 'example_branch_datetime_operator_3' retrieved from /home/airflow/.local/lib/python3.12/site-packages/airflow/example_dags/example_branch_datetime_operator.py
[2024-09-09T11:08:58.865+0000] {logging_mixin.py:190} INFO - [2024-09-09T11:08:58.865+0000] {dag.py:3229} INFO - Sync 3 DAGs
[2024-09-09T11:08:58.903+0000] {logging_mixin.py:190} INFO - [2024-09-09T11:08:58.903+0000] {dag.py:4156} INFO - Setting next_dagrun for example_branch_datetime_operator to 2024-09-08 00:00:00+00:00, run_after=2024-09-09 00:00:00+00:00
[2024-09-09T11:08:58.912+0000] {logging_mixin.py:190} INFO - [2024-09-09T11:08:58.911+0000] {dag.py:4156} INFO - Setting next_dagrun for example_branch_datetime_operator_2 to 2024-09-08 00:00:00+00:00, run_after=2024-09-09 00:00:00+00:00
[2024-09-09T11:08:58.916+0000] {logging_mixin.py:190} INFO - [2024-09-09T11:08:58.916+0000] {dag.py:4156} INFO - Setting next_dagrun for example_branch_datetime_operator_3 to 2024-09-08 00:00:00+00:00, run_after=2024-09-09 00:00:00+00:00
[2024-09-09T11:08:58.949+0000] {processor.py:208} INFO - Processing /home/airflow/.local/lib/python3.12/site-packages/airflow/example_dags/example_branch_datetime_operator.py took 0.157 seconds
[2024-09-09T11:09:29.578+0000] {processor.py:186} INFO - Started process (PID=156) to work on /home/airflow/.local/lib/python3.12/site-packages/airflow/example_dags/example_branch_datetime_operator.py
[2024-09-09T11:09:29.580+0000] {processor.py:914} INFO - Processing file /home/airflow/.local/lib/python3.12/site-packages/airflow/example_dags/example_branch_datetime_operator.py for tasks to queue
[2024-09-09T11:09:29.584+0000] {logging_mixin.py:190} INFO - [2024-09-09T11:09:29.584+0000] {dagbag.py:587} INFO - Filling up the DagBag from /home/airflow/.local/lib/python3.12/site-packages/airflow/example_dags/example_branch_datetime_operator.py
[2024-09-09T11:09:29.607+0000] {processor.py:925} INFO - DAG(s) 'example_branch_datetime_operator_2', 'example_branch_datetime_operator_3', 'example_branch_datetime_operator' retrieved from /home/airflow/.local/lib/python3.12/site-packages/airflow/example_dags/example_branch_datetime_operator.py
[2024-09-09T11:09:29.653+0000] {logging_mixin.py:190} INFO - [2024-09-09T11:09:29.653+0000] {dag.py:3229} INFO - Sync 3 DAGs
[2024-09-09T11:09:29.709+0000] {logging_mixin.py:190} INFO - [2024-09-09T11:09:29.708+0000] {dag.py:4156} INFO - Setting next_dagrun for example_branch_datetime_operator to 2024-09-08 00:00:00+00:00, run_after=2024-09-09 00:00:00+00:00
[2024-09-09T11:09:29.719+0000] {logging_mixin.py:190} INFO - [2024-09-09T11:09:29.719+0000] {dag.py:4156} INFO - Setting next_dagrun for example_branch_datetime_operator_2 to 2024-09-08 00:00:00+00:00, run_after=2024-09-09 00:00:00+00:00
[2024-09-09T11:09:29.724+0000] {logging_mixin.py:190} INFO - [2024-09-09T11:09:29.724+0000] {dag.py:4156} INFO - Setting next_dagrun for example_branch_datetime_operator_3 to 2024-09-08 00:00:00+00:00, run_after=2024-09-09 00:00:00+00:00
[2024-09-09T11:09:29.755+0000] {processor.py:208} INFO - Processing /home/airflow/.local/lib/python3.12/site-packages/airflow/example_dags/example_branch_datetime_operator.py took 0.186 seconds
[2024-09-09T11:10:00.452+0000] {processor.py:186} INFO - Started process (PID=219) to work on /home/airflow/.local/lib/python3.12/site-packages/airflow/example_dags/example_branch_datetime_operator.py
[2024-09-09T11:10:00.455+0000] {processor.py:914} INFO - Processing file /home/airflow/.local/lib/python3.12/site-packages/airflow/example_dags/example_branch_datetime_operator.py for tasks to queue
[2024-09-09T11:10:00.459+0000] {logging_mixin.py:190} INFO - [2024-09-09T11:10:00.459+0000] {dagbag.py:587} INFO - Filling up the DagBag from /home/airflow/.local/lib/python3.12/site-packages/airflow/example_dags/example_branch_datetime_operator.py
[2024-09-09T11:10:00.485+0000] {processor.py:925} INFO - DAG(s) 'example_branch_datetime_operator_3', 'example_branch_datetime_operator', 'example_branch_datetime_operator_2' retrieved from /home/airflow/.local/lib/python3.12/site-packages/airflow/example_dags/example_branch_datetime_operator.py
[2024-09-09T11:10:00.554+0000] {logging_mixin.py:190} INFO - [2024-09-09T11:10:00.553+0000] {dag.py:3229} INFO - Sync 3 DAGs
[2024-09-09T11:10:00.603+0000] {logging_mixin.py:190} INFO - [2024-09-09T11:10:00.602+0000] {dag.py:4156} INFO - Setting next_dagrun for example_branch_datetime_operator to 2024-09-08 00:00:00+00:00, run_after=2024-09-09 00:00:00+00:00
[2024-09-09T11:10:00.614+0000] {logging_mixin.py:190} INFO - [2024-09-09T11:10:00.614+0000] {dag.py:4156} INFO - Setting next_dagrun for example_branch_datetime_operator_2 to 2024-09-08 00:00:00+00:00, run_after=2024-09-09 00:00:00+00:00
[2024-09-09T11:10:00.621+0000] {logging_mixin.py:190} INFO - [2024-09-09T11:10:00.620+0000] {dag.py:4156} INFO - Setting next_dagrun for example_branch_datetime_operator_3 to 2024-09-08 00:00:00+00:00, run_after=2024-09-09 00:00:00+00:00
[2024-09-09T11:10:00.672+0000] {processor.py:208} INFO - Processing /home/airflow/.local/lib/python3.12/site-packages/airflow/example_dags/example_branch_datetime_operator.py took 0.229 seconds
[2024-09-09T11:10:30.973+0000] {processor.py:186} INFO - Started process (PID=280) to work on /home/airflow/.local/lib/python3.12/site-packages/airflow/example_dags/example_branch_datetime_operator.py
[2024-09-09T11:10:30.975+0000] {processor.py:914} INFO - Processing file /home/airflow/.local/lib/python3.12/site-packages/airflow/example_dags/example_branch_datetime_operator.py for tasks to queue
[2024-09-09T11:10:30.979+0000] {logging_mixin.py:190} INFO - [2024-09-09T11:10:30.979+0000] {dagbag.py:587} INFO - Filling up the DagBag from /home/airflow/.local/lib/python3.12/site-packages/airflow/example_dags/example_branch_datetime_operator.py
[2024-09-09T11:10:31.008+0000] {processor.py:925} INFO - DAG(s) 'example_branch_datetime_operator_3', 'example_branch_datetime_operator', 'example_branch_datetime_operator_2' retrieved from /home/airflow/.local/lib/python3.12/site-packages/airflow/example_dags/example_branch_datetime_operator.py
[2024-09-09T11:10:31.063+0000] {logging_mixin.py:190} INFO - [2024-09-09T11:10:31.063+0000] {dag.py:3229} INFO - Sync 3 DAGs
[2024-09-09T11:10:31.108+0000] {logging_mixin.py:190} INFO - [2024-09-09T11:10:31.108+0000] {dag.py:4156} INFO - Setting next_dagrun for example_branch_datetime_operator to 2024-09-08 00:00:00+00:00, run_after=2024-09-09 00:00:00+00:00
[2024-09-09T11:10:31.117+0000] {logging_mixin.py:190} INFO - [2024-09-09T11:10:31.117+0000] {dag.py:4156} INFO - Setting next_dagrun for example_branch_datetime_operator_2 to 2024-09-08 00:00:00+00:00, run_after=2024-09-09 00:00:00+00:00
[2024-09-09T11:10:31.123+0000] {logging_mixin.py:190} INFO - [2024-09-09T11:10:31.122+0000] {dag.py:4156} INFO - Setting next_dagrun for example_branch_datetime_operator_3 to 2024-09-08 00:00:00+00:00, run_after=2024-09-09 00:00:00+00:00
[2024-09-09T11:10:31.153+0000] {processor.py:208} INFO - Processing /home/airflow/.local/lib/python3.12/site-packages/airflow/example_dags/example_branch_datetime_operator.py took 0.192 seconds
[2024-09-09T11:11:02.825+0000] {processor.py:186} INFO - Started process (PID=343) to work on /home/airflow/.local/lib/python3.12/site-packages/airflow/example_dags/example_branch_datetime_operator.py
[2024-09-09T11:11:02.827+0000] {processor.py:914} INFO - Processing file /home/airflow/.local/lib/python3.12/site-packages/airflow/example_dags/example_branch_datetime_operator.py for tasks to queue
[2024-09-09T11:11:02.833+0000] {logging_mixin.py:190} INFO - [2024-09-09T11:11:02.832+0000] {dagbag.py:587} INFO - Filling up the DagBag from /home/airflow/.local/lib/python3.12/site-packages/airflow/example_dags/example_branch_datetime_operator.py
[2024-09-09T11:11:02.866+0000] {processor.py:925} INFO - DAG(s) 'example_branch_datetime_operator', 'example_branch_datetime_operator_3', 'example_branch_datetime_operator_2' retrieved from /home/airflow/.local/lib/python3.12/site-packages/airflow/example_dags/example_branch_datetime_operator.py
[2024-09-09T11:11:02.922+0000] {logging_mixin.py:190} INFO - [2024-09-09T11:11:02.922+0000] {dag.py:3229} INFO - Sync 3 DAGs
[2024-09-09T11:11:02.992+0000] {logging_mixin.py:190} INFO - [2024-09-09T11:11:02.992+0000] {dag.py:4156} INFO - Setting next_dagrun for example_branch_datetime_operator to 2024-09-08 00:00:00+00:00, run_after=2024-09-09 00:00:00+00:00
[2024-09-09T11:11:03.004+0000] {logging_mixin.py:190} INFO - [2024-09-09T11:11:03.004+0000] {dag.py:4156} INFO - Setting next_dagrun for example_branch_datetime_operator_2 to 2024-09-08 00:00:00+00:00, run_after=2024-09-09 00:00:00+00:00
[2024-09-09T11:11:03.011+0000] {logging_mixin.py:190} INFO - [2024-09-09T11:11:03.010+0000] {dag.py:4156} INFO - Setting next_dagrun for example_branch_datetime_operator_3 to 2024-09-08 00:00:00+00:00, run_after=2024-09-09 00:00:00+00:00
[2024-09-09T11:11:03.051+0000] {processor.py:208} INFO - Processing /home/airflow/.local/lib/python3.12/site-packages/airflow/example_dags/example_branch_datetime_operator.py took 0.240 seconds
[2024-09-09T11:11:34.704+0000] {processor.py:186} INFO - Started process (PID=405) to work on /home/airflow/.local/lib/python3.12/site-packages/airflow/example_dags/example_branch_datetime_operator.py
[2024-09-09T11:11:34.706+0000] {processor.py:914} INFO - Processing file /home/airflow/.local/lib/python3.12/site-packages/airflow/example_dags/example_branch_datetime_operator.py for tasks to queue
[2024-09-09T11:11:34.711+0000] {logging_mixin.py:190} INFO - [2024-09-09T11:11:34.711+0000] {dagbag.py:587} INFO - Filling up the DagBag from /home/airflow/.local/lib/python3.12/site-packages/airflow/example_dags/example_branch_datetime_operator.py
[2024-09-09T11:11:34.739+0000] {processor.py:925} INFO - DAG(s) 'example_branch_datetime_operator', 'example_branch_datetime_operator_3', 'example_branch_datetime_operator_2' retrieved from /home/airflow/.local/lib/python3.12/site-packages/airflow/example_dags/example_branch_datetime_operator.py
[2024-09-09T11:11:34.799+0000] {logging_mixin.py:190} INFO - [2024-09-09T11:11:34.797+0000] {dag.py:3229} INFO - Sync 3 DAGs
[2024-09-09T11:11:34.902+0000] {logging_mixin.py:190} INFO - [2024-09-09T11:11:34.901+0000] {dag.py:4156} INFO - Setting next_dagrun for example_branch_datetime_operator to 2024-09-08 00:00:00+00:00, run_after=2024-09-09 00:00:00+00:00
[2024-09-09T11:11:34.926+0000] {logging_mixin.py:190} INFO - [2024-09-09T11:11:34.925+0000] {dag.py:4156} INFO - Setting next_dagrun for example_branch_datetime_operator_2 to 2024-09-08 00:00:00+00:00, run_after=2024-09-09 00:00:00+00:00
[2024-09-09T11:11:34.935+0000] {logging_mixin.py:190} INFO - [2024-09-09T11:11:34.934+0000] {dag.py:4156} INFO - Setting next_dagrun for example_branch_datetime_operator_3 to 2024-09-08 00:00:00+00:00, run_after=2024-09-09 00:00:00+00:00
[2024-09-09T11:11:34.990+0000] {processor.py:208} INFO - Processing /home/airflow/.local/lib/python3.12/site-packages/airflow/example_dags/example_branch_datetime_operator.py took 0.296 seconds
[2024-09-09T11:12:06.217+0000] {processor.py:186} INFO - Started process (PID=467) to work on /home/airflow/.local/lib/python3.12/site-packages/airflow/example_dags/example_branch_datetime_operator.py
[2024-09-09T11:12:06.219+0000] {processor.py:914} INFO - Processing file /home/airflow/.local/lib/python3.12/site-packages/airflow/example_dags/example_branch_datetime_operator.py for tasks to queue
[2024-09-09T11:12:06.226+0000] {logging_mixin.py:190} INFO - [2024-09-09T11:12:06.225+0000] {dagbag.py:587} INFO - Filling up the DagBag from /home/airflow/.local/lib/python3.12/site-packages/airflow/example_dags/example_branch_datetime_operator.py
[2024-09-09T11:12:06.294+0000] {processor.py:925} INFO - DAG(s) 'example_branch_datetime_operator_3', 'example_branch_datetime_operator_2', 'example_branch_datetime_operator' retrieved from /home/airflow/.local/lib/python3.12/site-packages/airflow/example_dags/example_branch_datetime_operator.py
[2024-09-09T11:12:06.365+0000] {logging_mixin.py:190} INFO - [2024-09-09T11:12:06.365+0000] {dag.py:3229} INFO - Sync 3 DAGs
[2024-09-09T11:12:06.460+0000] {logging_mixin.py:190} INFO - [2024-09-09T11:12:06.459+0000] {dag.py:4156} INFO - Setting next_dagrun for example_branch_datetime_operator to 2024-09-08 00:00:00+00:00, run_after=2024-09-09 00:00:00+00:00
[2024-09-09T11:12:06.482+0000] {logging_mixin.py:190} INFO - [2024-09-09T11:12:06.481+0000] {dag.py:4156} INFO - Setting next_dagrun for example_branch_datetime_operator_2 to 2024-09-08 00:00:00+00:00, run_after=2024-09-09 00:00:00+00:00
[2024-09-09T11:12:06.489+0000] {logging_mixin.py:190} INFO - [2024-09-09T11:12:06.488+0000] {dag.py:4156} INFO - Setting next_dagrun for example_branch_datetime_operator_3 to 2024-09-08 00:00:00+00:00, run_after=2024-09-09 00:00:00+00:00
[2024-09-09T11:12:06.539+0000] {processor.py:208} INFO - Processing /home/airflow/.local/lib/python3.12/site-packages/airflow/example_dags/example_branch_datetime_operator.py took 0.337 seconds
[2024-09-09T11:12:41.935+0000] {processor.py:186} INFO - Started process (PID=529) to work on /home/airflow/.local/lib/python3.12/site-packages/airflow/example_dags/example_branch_datetime_operator.py
[2024-09-09T11:12:41.949+0000] {processor.py:914} INFO - Processing file /home/airflow/.local/lib/python3.12/site-packages/airflow/example_dags/example_branch_datetime_operator.py for tasks to queue
[2024-09-09T11:12:41.957+0000] {logging_mixin.py:190} INFO - [2024-09-09T11:12:41.956+0000] {dagbag.py:587} INFO - Filling up the DagBag from /home/airflow/.local/lib/python3.12/site-packages/airflow/example_dags/example_branch_datetime_operator.py
[2024-09-09T11:12:42.013+0000] {processor.py:925} INFO - DAG(s) 'example_branch_datetime_operator_2', 'example_branch_datetime_operator', 'example_branch_datetime_operator_3' retrieved from /home/airflow/.local/lib/python3.12/site-packages/airflow/example_dags/example_branch_datetime_operator.py
[2024-09-09T11:12:42.165+0000] {logging_mixin.py:190} INFO - [2024-09-09T11:12:42.165+0000] {dag.py:3229} INFO - Sync 3 DAGs
[2024-09-09T11:12:42.328+0000] {logging_mixin.py:190} INFO - [2024-09-09T11:12:42.327+0000] {dag.py:4156} INFO - Setting next_dagrun for example_branch_datetime_operator to 2024-09-08 00:00:00+00:00, run_after=2024-09-09 00:00:00+00:00
[2024-09-09T11:12:42.356+0000] {logging_mixin.py:190} INFO - [2024-09-09T11:12:42.355+0000] {dag.py:4156} INFO - Setting next_dagrun for example_branch_datetime_operator_2 to 2024-09-08 00:00:00+00:00, run_after=2024-09-09 00:00:00+00:00
[2024-09-09T11:12:42.379+0000] {logging_mixin.py:190} INFO - [2024-09-09T11:12:42.378+0000] {dag.py:4156} INFO - Setting next_dagrun for example_branch_datetime_operator_3 to 2024-09-08 00:00:00+00:00, run_after=2024-09-09 00:00:00+00:00
[2024-09-09T11:12:42.512+0000] {processor.py:208} INFO - Processing /home/airflow/.local/lib/python3.12/site-packages/airflow/example_dags/example_branch_datetime_operator.py took 0.599 seconds
[2024-09-09T11:13:32.634+0000] {processor.py:186} INFO - Started process (PID=591) to work on /home/airflow/.local/lib/python3.12/site-packages/airflow/example_dags/example_branch_datetime_operator.py
[2024-09-09T11:13:32.639+0000] {processor.py:914} INFO - Processing file /home/airflow/.local/lib/python3.12/site-packages/airflow/example_dags/example_branch_datetime_operator.py for tasks to queue
[2024-09-09T11:13:32.650+0000] {logging_mixin.py:190} INFO - [2024-09-09T11:13:32.649+0000] {dagbag.py:587} INFO - Filling up the DagBag from /home/airflow/.local/lib/python3.12/site-packages/airflow/example_dags/example_branch_datetime_operator.py
[2024-09-09T11:13:32.709+0000] {processor.py:925} INFO - DAG(s) 'example_branch_datetime_operator', 'example_branch_datetime_operator_3', 'example_branch_datetime_operator_2' retrieved from /home/airflow/.local/lib/python3.12/site-packages/airflow/example_dags/example_branch_datetime_operator.py
[2024-09-09T11:13:32.840+0000] {logging_mixin.py:190} INFO - [2024-09-09T11:13:32.838+0000] {dag.py:3229} INFO - Sync 3 DAGs
[2024-09-09T11:13:32.985+0000] {logging_mixin.py:190} INFO - [2024-09-09T11:13:32.984+0000] {dag.py:4156} INFO - Setting next_dagrun for example_branch_datetime_operator to 2024-09-08 00:00:00+00:00, run_after=2024-09-09 00:00:00+00:00
[2024-09-09T11:13:33.002+0000] {logging_mixin.py:190} INFO - [2024-09-09T11:13:33.002+0000] {dag.py:4156} INFO - Setting next_dagrun for example_branch_datetime_operator_2 to 2024-09-08 00:00:00+00:00, run_after=2024-09-09 00:00:00+00:00
[2024-09-09T11:13:33.014+0000] {logging_mixin.py:190} INFO - [2024-09-09T11:13:33.014+0000] {dag.py:4156} INFO - Setting next_dagrun for example_branch_datetime_operator_3 to 2024-09-08 00:00:00+00:00, run_after=2024-09-09 00:00:00+00:00
[2024-09-09T11:13:33.122+0000] {processor.py:208} INFO - Processing /home/airflow/.local/lib/python3.12/site-packages/airflow/example_dags/example_branch_datetime_operator.py took 0.512 seconds
