[2024-09-09T11:00:47.552+0000] {processor.py:186} INFO - Started process (PID=89) to work on /home/airflow/.local/lib/python3.12/site-packages/airflow/example_dags/example_local_kubernetes_executor.py
[2024-09-09T11:00:47.554+0000] {processor.py:914} INFO - Processing file /home/airflow/.local/lib/python3.12/site-packages/airflow/example_dags/example_local_kubernetes_executor.py for tasks to queue
[2024-09-09T11:00:47.559+0000] {logging_mixin.py:190} INFO - [2024-09-09T11:00:47.558+0000] {dagbag.py:587} INFO - Filling up the DagBag from /home/airflow/.local/lib/python3.12/site-packages/airflow/example_dags/example_local_kubernetes_executor.py
[2024-09-09T11:00:47.580+0000] {processor.py:925} INFO - DAG(s) 'example_local_kubernetes_executor' retrieved from /home/airflow/.local/lib/python3.12/site-packages/airflow/example_dags/example_local_kubernetes_executor.py
[2024-09-09T11:00:47.844+0000] {logging_mixin.py:190} INFO - [2024-09-09T11:00:47.843+0000] {override.py:1900} INFO - Created Permission View: can delete on DAG:example_local_kubernetes_executor
[2024-09-09T11:00:47.868+0000] {logging_mixin.py:190} INFO - [2024-09-09T11:00:47.867+0000] {override.py:1900} INFO - Created Permission View: can edit on DAG:example_local_kubernetes_executor
[2024-09-09T11:00:47.884+0000] {logging_mixin.py:190} INFO - [2024-09-09T11:00:47.883+0000] {override.py:1900} INFO - Created Permission View: can read on DAG:example_local_kubernetes_executor
[2024-09-09T11:00:47.900+0000] {logging_mixin.py:190} INFO - [2024-09-09T11:00:47.900+0000] {override.py:1900} INFO - Created Permission View: can delete on DAG Run:example_local_kubernetes_executor
[2024-09-09T11:00:47.918+0000] {logging_mixin.py:190} INFO - [2024-09-09T11:00:47.918+0000] {override.py:1900} INFO - Created Permission View: can create on DAG Run:example_local_kubernetes_executor
[2024-09-09T11:00:47.936+0000] {logging_mixin.py:190} INFO - [2024-09-09T11:00:47.935+0000] {override.py:1900} INFO - Created Permission View: can read on DAG Run:example_local_kubernetes_executor
[2024-09-09T11:00:47.950+0000] {logging_mixin.py:190} INFO - [2024-09-09T11:00:47.949+0000] {override.py:1900} INFO - Created Permission View: menu access on DAG Run:example_local_kubernetes_executor
[2024-09-09T11:00:47.952+0000] {logging_mixin.py:190} INFO - [2024-09-09T11:00:47.951+0000] {dag.py:3229} INFO - Sync 1 DAGs
[2024-09-09T11:00:47.975+0000] {logging_mixin.py:190} INFO - [2024-09-09T11:00:47.975+0000] {dag.py:3252} INFO - Creating ORM DAG for example_local_kubernetes_executor
[2024-09-09T11:00:47.977+0000] {logging_mixin.py:190} INFO - [2024-09-09T11:00:47.977+0000] {dag.py:4156} INFO - Setting next_dagrun for example_local_kubernetes_executor to None, run_after=None
[2024-09-09T11:00:48.013+0000] {processor.py:208} INFO - Processing /home/airflow/.local/lib/python3.12/site-packages/airflow/example_dags/example_local_kubernetes_executor.py took 0.474 seconds
[2024-09-09T11:08:57.424+0000] {processor.py:186} INFO - Started process (PID=84) to work on /home/airflow/.local/lib/python3.12/site-packages/airflow/example_dags/example_local_kubernetes_executor.py
[2024-09-09T11:08:57.426+0000] {processor.py:914} INFO - Processing file /home/airflow/.local/lib/python3.12/site-packages/airflow/example_dags/example_local_kubernetes_executor.py for tasks to queue
[2024-09-09T11:08:57.430+0000] {logging_mixin.py:190} INFO - [2024-09-09T11:08:57.429+0000] {dagbag.py:587} INFO - Filling up the DagBag from /home/airflow/.local/lib/python3.12/site-packages/airflow/example_dags/example_local_kubernetes_executor.py
[2024-09-09T11:08:57.444+0000] {processor.py:925} INFO - DAG(s) 'example_local_kubernetes_executor' retrieved from /home/airflow/.local/lib/python3.12/site-packages/airflow/example_dags/example_local_kubernetes_executor.py
[2024-09-09T11:08:57.500+0000] {logging_mixin.py:190} INFO - [2024-09-09T11:08:57.500+0000] {dag.py:3229} INFO - Sync 1 DAGs
[2024-09-09T11:08:57.525+0000] {logging_mixin.py:190} INFO - [2024-09-09T11:08:57.525+0000] {dag.py:4156} INFO - Setting next_dagrun for example_local_kubernetes_executor to None, run_after=None
[2024-09-09T11:08:57.584+0000] {processor.py:208} INFO - Processing /home/airflow/.local/lib/python3.12/site-packages/airflow/example_dags/example_local_kubernetes_executor.py took 0.166 seconds
[2024-09-09T11:09:28.236+0000] {processor.py:186} INFO - Started process (PID=146) to work on /home/airflow/.local/lib/python3.12/site-packages/airflow/example_dags/example_local_kubernetes_executor.py
[2024-09-09T11:09:28.238+0000] {processor.py:914} INFO - Processing file /home/airflow/.local/lib/python3.12/site-packages/airflow/example_dags/example_local_kubernetes_executor.py for tasks to queue
[2024-09-09T11:09:28.243+0000] {logging_mixin.py:190} INFO - [2024-09-09T11:09:28.242+0000] {dagbag.py:587} INFO - Filling up the DagBag from /home/airflow/.local/lib/python3.12/site-packages/airflow/example_dags/example_local_kubernetes_executor.py
[2024-09-09T11:09:28.261+0000] {processor.py:925} INFO - DAG(s) 'example_local_kubernetes_executor' retrieved from /home/airflow/.local/lib/python3.12/site-packages/airflow/example_dags/example_local_kubernetes_executor.py
[2024-09-09T11:09:28.314+0000] {logging_mixin.py:190} INFO - [2024-09-09T11:09:28.313+0000] {dag.py:3229} INFO - Sync 1 DAGs
[2024-09-09T11:09:28.341+0000] {logging_mixin.py:190} INFO - [2024-09-09T11:09:28.341+0000] {dag.py:4156} INFO - Setting next_dagrun for example_local_kubernetes_executor to None, run_after=None
[2024-09-09T11:09:28.376+0000] {processor.py:208} INFO - Processing /home/airflow/.local/lib/python3.12/site-packages/airflow/example_dags/example_local_kubernetes_executor.py took 0.154 seconds
[2024-09-09T11:09:58.786+0000] {processor.py:186} INFO - Started process (PID=209) to work on /home/airflow/.local/lib/python3.12/site-packages/airflow/example_dags/example_local_kubernetes_executor.py
[2024-09-09T11:09:58.788+0000] {processor.py:914} INFO - Processing file /home/airflow/.local/lib/python3.12/site-packages/airflow/example_dags/example_local_kubernetes_executor.py for tasks to queue
[2024-09-09T11:09:58.792+0000] {logging_mixin.py:190} INFO - [2024-09-09T11:09:58.792+0000] {dagbag.py:587} INFO - Filling up the DagBag from /home/airflow/.local/lib/python3.12/site-packages/airflow/example_dags/example_local_kubernetes_executor.py
[2024-09-09T11:09:58.810+0000] {processor.py:925} INFO - DAG(s) 'example_local_kubernetes_executor' retrieved from /home/airflow/.local/lib/python3.12/site-packages/airflow/example_dags/example_local_kubernetes_executor.py
[2024-09-09T11:09:58.871+0000] {logging_mixin.py:190} INFO - [2024-09-09T11:09:58.870+0000] {dag.py:3229} INFO - Sync 1 DAGs
[2024-09-09T11:09:58.898+0000] {logging_mixin.py:190} INFO - [2024-09-09T11:09:58.898+0000] {dag.py:4156} INFO - Setting next_dagrun for example_local_kubernetes_executor to None, run_after=None
[2024-09-09T11:09:58.935+0000] {processor.py:208} INFO - Processing /home/airflow/.local/lib/python3.12/site-packages/airflow/example_dags/example_local_kubernetes_executor.py took 0.158 seconds
[2024-09-09T11:10:29.317+0000] {processor.py:186} INFO - Started process (PID=271) to work on /home/airflow/.local/lib/python3.12/site-packages/airflow/example_dags/example_local_kubernetes_executor.py
[2024-09-09T11:10:29.319+0000] {processor.py:914} INFO - Processing file /home/airflow/.local/lib/python3.12/site-packages/airflow/example_dags/example_local_kubernetes_executor.py for tasks to queue
[2024-09-09T11:10:29.323+0000] {logging_mixin.py:190} INFO - [2024-09-09T11:10:29.323+0000] {dagbag.py:587} INFO - Filling up the DagBag from /home/airflow/.local/lib/python3.12/site-packages/airflow/example_dags/example_local_kubernetes_executor.py
[2024-09-09T11:10:29.336+0000] {processor.py:925} INFO - DAG(s) 'example_local_kubernetes_executor' retrieved from /home/airflow/.local/lib/python3.12/site-packages/airflow/example_dags/example_local_kubernetes_executor.py
[2024-09-09T11:10:29.383+0000] {logging_mixin.py:190} INFO - [2024-09-09T11:10:29.383+0000] {dag.py:3229} INFO - Sync 1 DAGs
[2024-09-09T11:10:29.403+0000] {logging_mixin.py:190} INFO - [2024-09-09T11:10:29.403+0000] {dag.py:4156} INFO - Setting next_dagrun for example_local_kubernetes_executor to None, run_after=None
[2024-09-09T11:10:29.431+0000] {processor.py:208} INFO - Processing /home/airflow/.local/lib/python3.12/site-packages/airflow/example_dags/example_local_kubernetes_executor.py took 0.121 seconds
[2024-09-09T11:11:01.231+0000] {processor.py:186} INFO - Started process (PID=334) to work on /home/airflow/.local/lib/python3.12/site-packages/airflow/example_dags/example_local_kubernetes_executor.py
[2024-09-09T11:11:01.233+0000] {processor.py:914} INFO - Processing file /home/airflow/.local/lib/python3.12/site-packages/airflow/example_dags/example_local_kubernetes_executor.py for tasks to queue
[2024-09-09T11:11:01.241+0000] {logging_mixin.py:190} INFO - [2024-09-09T11:11:01.239+0000] {dagbag.py:587} INFO - Filling up the DagBag from /home/airflow/.local/lib/python3.12/site-packages/airflow/example_dags/example_local_kubernetes_executor.py
[2024-09-09T11:11:01.261+0000] {processor.py:925} INFO - DAG(s) 'example_local_kubernetes_executor' retrieved from /home/airflow/.local/lib/python3.12/site-packages/airflow/example_dags/example_local_kubernetes_executor.py
[2024-09-09T11:11:01.316+0000] {logging_mixin.py:190} INFO - [2024-09-09T11:11:01.316+0000] {dag.py:3229} INFO - Sync 1 DAGs
[2024-09-09T11:11:01.361+0000] {logging_mixin.py:190} INFO - [2024-09-09T11:11:01.361+0000] {dag.py:4156} INFO - Setting next_dagrun for example_local_kubernetes_executor to None, run_after=None
[2024-09-09T11:11:01.398+0000] {processor.py:208} INFO - Processing /home/airflow/.local/lib/python3.12/site-packages/airflow/example_dags/example_local_kubernetes_executor.py took 0.178 seconds
[2024-09-09T11:11:32.100+0000] {processor.py:186} INFO - Started process (PID=396) to work on /home/airflow/.local/lib/python3.12/site-packages/airflow/example_dags/example_local_kubernetes_executor.py
[2024-09-09T11:11:32.102+0000] {processor.py:914} INFO - Processing file /home/airflow/.local/lib/python3.12/site-packages/airflow/example_dags/example_local_kubernetes_executor.py for tasks to queue
[2024-09-09T11:11:32.107+0000] {logging_mixin.py:190} INFO - [2024-09-09T11:11:32.106+0000] {dagbag.py:587} INFO - Filling up the DagBag from /home/airflow/.local/lib/python3.12/site-packages/airflow/example_dags/example_local_kubernetes_executor.py
[2024-09-09T11:11:32.126+0000] {processor.py:925} INFO - DAG(s) 'example_local_kubernetes_executor' retrieved from /home/airflow/.local/lib/python3.12/site-packages/airflow/example_dags/example_local_kubernetes_executor.py
[2024-09-09T11:11:32.210+0000] {logging_mixin.py:190} INFO - [2024-09-09T11:11:32.208+0000] {dag.py:3229} INFO - Sync 1 DAGs
[2024-09-09T11:11:32.262+0000] {logging_mixin.py:190} INFO - [2024-09-09T11:11:32.261+0000] {dag.py:4156} INFO - Setting next_dagrun for example_local_kubernetes_executor to None, run_after=None
[2024-09-09T11:11:32.335+0000] {processor.py:208} INFO - Processing /home/airflow/.local/lib/python3.12/site-packages/airflow/example_dags/example_local_kubernetes_executor.py took 0.249 seconds
[2024-09-09T11:12:03.223+0000] {processor.py:186} INFO - Started process (PID=458) to work on /home/airflow/.local/lib/python3.12/site-packages/airflow/example_dags/example_local_kubernetes_executor.py
[2024-09-09T11:12:03.225+0000] {processor.py:914} INFO - Processing file /home/airflow/.local/lib/python3.12/site-packages/airflow/example_dags/example_local_kubernetes_executor.py for tasks to queue
[2024-09-09T11:12:03.232+0000] {logging_mixin.py:190} INFO - [2024-09-09T11:12:03.231+0000] {dagbag.py:587} INFO - Filling up the DagBag from /home/airflow/.local/lib/python3.12/site-packages/airflow/example_dags/example_local_kubernetes_executor.py
[2024-09-09T11:12:03.260+0000] {processor.py:925} INFO - DAG(s) 'example_local_kubernetes_executor' retrieved from /home/airflow/.local/lib/python3.12/site-packages/airflow/example_dags/example_local_kubernetes_executor.py
[2024-09-09T11:12:03.364+0000] {logging_mixin.py:190} INFO - [2024-09-09T11:12:03.363+0000] {dag.py:3229} INFO - Sync 1 DAGs
[2024-09-09T11:12:03.415+0000] {logging_mixin.py:190} INFO - [2024-09-09T11:12:03.414+0000] {dag.py:4156} INFO - Setting next_dagrun for example_local_kubernetes_executor to None, run_after=None
[2024-09-09T11:12:03.475+0000] {processor.py:208} INFO - Processing /home/airflow/.local/lib/python3.12/site-packages/airflow/example_dags/example_local_kubernetes_executor.py took 0.267 seconds
[2024-09-09T11:12:35.887+0000] {processor.py:186} INFO - Started process (PID=520) to work on /home/airflow/.local/lib/python3.12/site-packages/airflow/example_dags/example_local_kubernetes_executor.py
[2024-09-09T11:12:35.891+0000] {processor.py:914} INFO - Processing file /home/airflow/.local/lib/python3.12/site-packages/airflow/example_dags/example_local_kubernetes_executor.py for tasks to queue
[2024-09-09T11:12:35.898+0000] {logging_mixin.py:190} INFO - [2024-09-09T11:12:35.897+0000] {dagbag.py:587} INFO - Filling up the DagBag from /home/airflow/.local/lib/python3.12/site-packages/airflow/example_dags/example_local_kubernetes_executor.py
[2024-09-09T11:12:35.931+0000] {processor.py:925} INFO - DAG(s) 'example_local_kubernetes_executor' retrieved from /home/airflow/.local/lib/python3.12/site-packages/airflow/example_dags/example_local_kubernetes_executor.py
[2024-09-09T11:12:36.114+0000] {logging_mixin.py:190} INFO - [2024-09-09T11:12:36.113+0000] {dag.py:3229} INFO - Sync 1 DAGs
[2024-09-09T11:12:36.187+0000] {logging_mixin.py:190} INFO - [2024-09-09T11:12:36.186+0000] {dag.py:4156} INFO - Setting next_dagrun for example_local_kubernetes_executor to None, run_after=None
[2024-09-09T11:12:36.298+0000] {processor.py:208} INFO - Processing /home/airflow/.local/lib/python3.12/site-packages/airflow/example_dags/example_local_kubernetes_executor.py took 0.429 seconds
[2024-09-09T11:13:27.568+0000] {processor.py:186} INFO - Started process (PID=582) to work on /home/airflow/.local/lib/python3.12/site-packages/airflow/example_dags/example_local_kubernetes_executor.py
[2024-09-09T11:13:27.570+0000] {processor.py:914} INFO - Processing file /home/airflow/.local/lib/python3.12/site-packages/airflow/example_dags/example_local_kubernetes_executor.py for tasks to queue
[2024-09-09T11:13:27.580+0000] {logging_mixin.py:190} INFO - [2024-09-09T11:13:27.578+0000] {dagbag.py:587} INFO - Filling up the DagBag from /home/airflow/.local/lib/python3.12/site-packages/airflow/example_dags/example_local_kubernetes_executor.py
[2024-09-09T11:13:27.603+0000] {processor.py:925} INFO - DAG(s) 'example_local_kubernetes_executor' retrieved from /home/airflow/.local/lib/python3.12/site-packages/airflow/example_dags/example_local_kubernetes_executor.py
[2024-09-09T11:13:27.691+0000] {logging_mixin.py:190} INFO - [2024-09-09T11:13:27.690+0000] {dag.py:3229} INFO - Sync 1 DAGs
[2024-09-09T11:13:27.754+0000] {logging_mixin.py:190} INFO - [2024-09-09T11:13:27.753+0000] {dag.py:4156} INFO - Setting next_dagrun for example_local_kubernetes_executor to None, run_after=None
[2024-09-09T11:13:27.814+0000] {processor.py:208} INFO - Processing /home/airflow/.local/lib/python3.12/site-packages/airflow/example_dags/example_local_kubernetes_executor.py took 0.264 seconds
