[2024-09-09T11:00:48.338+0000] {processor.py:186} INFO - Started process (PID=92) to work on /home/airflow/.local/lib/python3.12/site-packages/airflow/example_dags/example_trigger_controller_dag.py
[2024-09-09T11:00:48.339+0000] {processor.py:914} INFO - Processing file /home/airflow/.local/lib/python3.12/site-packages/airflow/example_dags/example_trigger_controller_dag.py for tasks to queue
[2024-09-09T11:00:48.344+0000] {logging_mixin.py:190} INFO - [2024-09-09T11:00:48.343+0000] {dagbag.py:587} INFO - Filling up the DagBag from /home/airflow/.local/lib/python3.12/site-packages/airflow/example_dags/example_trigger_controller_dag.py
[2024-09-09T11:00:48.357+0000] {processor.py:925} INFO - DAG(s) 'example_trigger_controller_dag' retrieved from /home/airflow/.local/lib/python3.12/site-packages/airflow/example_dags/example_trigger_controller_dag.py
[2024-09-09T11:00:48.558+0000] {logging_mixin.py:190} INFO - [2024-09-09T11:00:48.557+0000] {override.py:1900} INFO - Created Permission View: can delete on DAG:example_trigger_controller_dag
[2024-09-09T11:00:48.584+0000] {logging_mixin.py:190} INFO - [2024-09-09T11:00:48.584+0000] {override.py:1900} INFO - Created Permission View: can edit on DAG:example_trigger_controller_dag
[2024-09-09T11:00:48.600+0000] {logging_mixin.py:190} INFO - [2024-09-09T11:00:48.600+0000] {override.py:1900} INFO - Created Permission View: can read on DAG:example_trigger_controller_dag
[2024-09-09T11:00:48.617+0000] {logging_mixin.py:190} INFO - [2024-09-09T11:00:48.616+0000] {override.py:1900} INFO - Created Permission View: can delete on DAG Run:example_trigger_controller_dag
[2024-09-09T11:00:48.631+0000] {logging_mixin.py:190} INFO - [2024-09-09T11:00:48.631+0000] {override.py:1900} INFO - Created Permission View: can create on DAG Run:example_trigger_controller_dag
[2024-09-09T11:00:48.646+0000] {logging_mixin.py:190} INFO - [2024-09-09T11:00:48.645+0000] {override.py:1900} INFO - Created Permission View: can read on DAG Run:example_trigger_controller_dag
[2024-09-09T11:00:48.662+0000] {logging_mixin.py:190} INFO - [2024-09-09T11:00:48.662+0000] {override.py:1900} INFO - Created Permission View: menu access on DAG Run:example_trigger_controller_dag
[2024-09-09T11:00:48.663+0000] {logging_mixin.py:190} INFO - [2024-09-09T11:00:48.663+0000] {dag.py:3229} INFO - Sync 1 DAGs
[2024-09-09T11:00:48.687+0000] {logging_mixin.py:190} INFO - [2024-09-09T11:00:48.686+0000] {dag.py:3252} INFO - Creating ORM DAG for example_trigger_controller_dag
[2024-09-09T11:00:48.705+0000] {logging_mixin.py:190} INFO - [2024-09-09T11:00:48.705+0000] {dag.py:4156} INFO - Setting next_dagrun for example_trigger_controller_dag to 2021-01-01 00:00:00+00:00, run_after=2021-01-01 00:00:00+00:00
[2024-09-09T11:00:48.740+0000] {processor.py:208} INFO - Processing /home/airflow/.local/lib/python3.12/site-packages/airflow/example_dags/example_trigger_controller_dag.py took 0.414 seconds
[2024-09-09T11:08:57.829+0000] {processor.py:186} INFO - Started process (PID=87) to work on /home/airflow/.local/lib/python3.12/site-packages/airflow/example_dags/example_trigger_controller_dag.py
[2024-09-09T11:08:57.831+0000] {processor.py:914} INFO - Processing file /home/airflow/.local/lib/python3.12/site-packages/airflow/example_dags/example_trigger_controller_dag.py for tasks to queue
[2024-09-09T11:08:57.835+0000] {logging_mixin.py:190} INFO - [2024-09-09T11:08:57.835+0000] {dagbag.py:587} INFO - Filling up the DagBag from /home/airflow/.local/lib/python3.12/site-packages/airflow/example_dags/example_trigger_controller_dag.py
[2024-09-09T11:08:57.849+0000] {processor.py:925} INFO - DAG(s) 'example_trigger_controller_dag' retrieved from /home/airflow/.local/lib/python3.12/site-packages/airflow/example_dags/example_trigger_controller_dag.py
[2024-09-09T11:08:57.893+0000] {logging_mixin.py:190} INFO - [2024-09-09T11:08:57.892+0000] {dag.py:3229} INFO - Sync 1 DAGs
[2024-09-09T11:08:57.942+0000] {logging_mixin.py:190} INFO - [2024-09-09T11:08:57.941+0000] {dag.py:4156} INFO - Setting next_dagrun for example_trigger_controller_dag to 2021-01-01 00:00:00+00:00, run_after=2021-01-01 00:00:00+00:00
[2024-09-09T11:08:57.988+0000] {processor.py:208} INFO - Processing /home/airflow/.local/lib/python3.12/site-packages/airflow/example_dags/example_trigger_controller_dag.py took 0.171 seconds
[2024-09-09T11:09:28.627+0000] {processor.py:186} INFO - Started process (PID=149) to work on /home/airflow/.local/lib/python3.12/site-packages/airflow/example_dags/example_trigger_controller_dag.py
[2024-09-09T11:09:28.628+0000] {processor.py:914} INFO - Processing file /home/airflow/.local/lib/python3.12/site-packages/airflow/example_dags/example_trigger_controller_dag.py for tasks to queue
[2024-09-09T11:09:28.632+0000] {logging_mixin.py:190} INFO - [2024-09-09T11:09:28.631+0000] {dagbag.py:587} INFO - Filling up the DagBag from /home/airflow/.local/lib/python3.12/site-packages/airflow/example_dags/example_trigger_controller_dag.py
[2024-09-09T11:09:28.641+0000] {processor.py:925} INFO - DAG(s) 'example_trigger_controller_dag' retrieved from /home/airflow/.local/lib/python3.12/site-packages/airflow/example_dags/example_trigger_controller_dag.py
[2024-09-09T11:09:28.671+0000] {logging_mixin.py:190} INFO - [2024-09-09T11:09:28.671+0000] {dag.py:3229} INFO - Sync 1 DAGs
[2024-09-09T11:09:28.709+0000] {logging_mixin.py:190} INFO - [2024-09-09T11:09:28.709+0000] {dag.py:4156} INFO - Setting next_dagrun for example_trigger_controller_dag to 2021-01-01 00:00:00+00:00, run_after=2021-01-01 00:00:00+00:00
[2024-09-09T11:09:28.742+0000] {processor.py:208} INFO - Processing /home/airflow/.local/lib/python3.12/site-packages/airflow/example_dags/example_trigger_controller_dag.py took 0.123 seconds
[2024-09-09T11:09:59.227+0000] {processor.py:186} INFO - Started process (PID=212) to work on /home/airflow/.local/lib/python3.12/site-packages/airflow/example_dags/example_trigger_controller_dag.py
[2024-09-09T11:09:59.229+0000] {processor.py:914} INFO - Processing file /home/airflow/.local/lib/python3.12/site-packages/airflow/example_dags/example_trigger_controller_dag.py for tasks to queue
[2024-09-09T11:09:59.235+0000] {logging_mixin.py:190} INFO - [2024-09-09T11:09:59.233+0000] {dagbag.py:587} INFO - Filling up the DagBag from /home/airflow/.local/lib/python3.12/site-packages/airflow/example_dags/example_trigger_controller_dag.py
[2024-09-09T11:09:59.251+0000] {processor.py:925} INFO - DAG(s) 'example_trigger_controller_dag' retrieved from /home/airflow/.local/lib/python3.12/site-packages/airflow/example_dags/example_trigger_controller_dag.py
[2024-09-09T11:09:59.289+0000] {logging_mixin.py:190} INFO - [2024-09-09T11:09:59.288+0000] {dag.py:3229} INFO - Sync 1 DAGs
[2024-09-09T11:09:59.341+0000] {logging_mixin.py:190} INFO - [2024-09-09T11:09:59.341+0000] {dag.py:4156} INFO - Setting next_dagrun for example_trigger_controller_dag to 2021-01-01 00:00:00+00:00, run_after=2021-01-01 00:00:00+00:00
[2024-09-09T11:09:59.393+0000] {processor.py:208} INFO - Processing /home/airflow/.local/lib/python3.12/site-packages/airflow/example_dags/example_trigger_controller_dag.py took 0.176 seconds
[2024-09-09T11:10:29.670+0000] {processor.py:186} INFO - Started process (PID=274) to work on /home/airflow/.local/lib/python3.12/site-packages/airflow/example_dags/example_trigger_controller_dag.py
[2024-09-09T11:10:29.671+0000] {processor.py:914} INFO - Processing file /home/airflow/.local/lib/python3.12/site-packages/airflow/example_dags/example_trigger_controller_dag.py for tasks to queue
[2024-09-09T11:10:29.674+0000] {logging_mixin.py:190} INFO - [2024-09-09T11:10:29.674+0000] {dagbag.py:587} INFO - Filling up the DagBag from /home/airflow/.local/lib/python3.12/site-packages/airflow/example_dags/example_trigger_controller_dag.py
[2024-09-09T11:10:29.684+0000] {processor.py:925} INFO - DAG(s) 'example_trigger_controller_dag' retrieved from /home/airflow/.local/lib/python3.12/site-packages/airflow/example_dags/example_trigger_controller_dag.py
[2024-09-09T11:10:29.712+0000] {logging_mixin.py:190} INFO - [2024-09-09T11:10:29.711+0000] {dag.py:3229} INFO - Sync 1 DAGs
[2024-09-09T11:10:29.746+0000] {logging_mixin.py:190} INFO - [2024-09-09T11:10:29.746+0000] {dag.py:4156} INFO - Setting next_dagrun for example_trigger_controller_dag to 2021-01-01 00:00:00+00:00, run_after=2021-01-01 00:00:00+00:00
[2024-09-09T11:10:29.778+0000] {processor.py:208} INFO - Processing /home/airflow/.local/lib/python3.12/site-packages/airflow/example_dags/example_trigger_controller_dag.py took 0.118 seconds
[2024-09-09T11:11:01.528+0000] {processor.py:186} INFO - Started process (PID=337) to work on /home/airflow/.local/lib/python3.12/site-packages/airflow/example_dags/example_trigger_controller_dag.py
[2024-09-09T11:11:01.530+0000] {processor.py:914} INFO - Processing file /home/airflow/.local/lib/python3.12/site-packages/airflow/example_dags/example_trigger_controller_dag.py for tasks to queue
[2024-09-09T11:11:01.536+0000] {logging_mixin.py:190} INFO - [2024-09-09T11:11:01.535+0000] {dagbag.py:587} INFO - Filling up the DagBag from /home/airflow/.local/lib/python3.12/site-packages/airflow/example_dags/example_trigger_controller_dag.py
[2024-09-09T11:11:01.557+0000] {processor.py:925} INFO - DAG(s) 'example_trigger_controller_dag' retrieved from /home/airflow/.local/lib/python3.12/site-packages/airflow/example_dags/example_trigger_controller_dag.py
[2024-09-09T11:11:01.624+0000] {logging_mixin.py:190} INFO - [2024-09-09T11:11:01.623+0000] {dag.py:3229} INFO - Sync 1 DAGs
[2024-09-09T11:11:01.716+0000] {logging_mixin.py:190} INFO - [2024-09-09T11:11:01.716+0000] {dag.py:4156} INFO - Setting next_dagrun for example_trigger_controller_dag to 2021-01-01 00:00:00+00:00, run_after=2021-01-01 00:00:00+00:00
[2024-09-09T11:11:01.767+0000] {processor.py:208} INFO - Processing /home/airflow/.local/lib/python3.12/site-packages/airflow/example_dags/example_trigger_controller_dag.py took 0.255 seconds
[2024-09-09T11:11:32.448+0000] {processor.py:186} INFO - Started process (PID=399) to work on /home/airflow/.local/lib/python3.12/site-packages/airflow/example_dags/example_trigger_controller_dag.py
[2024-09-09T11:11:32.450+0000] {processor.py:914} INFO - Processing file /home/airflow/.local/lib/python3.12/site-packages/airflow/example_dags/example_trigger_controller_dag.py for tasks to queue
[2024-09-09T11:11:32.456+0000] {logging_mixin.py:190} INFO - [2024-09-09T11:11:32.455+0000] {dagbag.py:587} INFO - Filling up the DagBag from /home/airflow/.local/lib/python3.12/site-packages/airflow/example_dags/example_trigger_controller_dag.py
[2024-09-09T11:11:32.476+0000] {processor.py:925} INFO - DAG(s) 'example_trigger_controller_dag' retrieved from /home/airflow/.local/lib/python3.12/site-packages/airflow/example_dags/example_trigger_controller_dag.py
[2024-09-09T11:11:32.546+0000] {logging_mixin.py:190} INFO - [2024-09-09T11:11:32.546+0000] {dag.py:3229} INFO - Sync 1 DAGs
[2024-09-09T11:11:32.643+0000] {logging_mixin.py:190} INFO - [2024-09-09T11:11:32.643+0000] {dag.py:4156} INFO - Setting next_dagrun for example_trigger_controller_dag to 2021-01-01 00:00:00+00:00, run_after=2021-01-01 00:00:00+00:00
[2024-09-09T11:11:32.711+0000] {processor.py:208} INFO - Processing /home/airflow/.local/lib/python3.12/site-packages/airflow/example_dags/example_trigger_controller_dag.py took 0.279 seconds
[2024-09-09T11:12:03.935+0000] {processor.py:186} INFO - Started process (PID=461) to work on /home/airflow/.local/lib/python3.12/site-packages/airflow/example_dags/example_trigger_controller_dag.py
[2024-09-09T11:12:03.939+0000] {processor.py:914} INFO - Processing file /home/airflow/.local/lib/python3.12/site-packages/airflow/example_dags/example_trigger_controller_dag.py for tasks to queue
[2024-09-09T11:12:03.944+0000] {logging_mixin.py:190} INFO - [2024-09-09T11:12:03.944+0000] {dagbag.py:587} INFO - Filling up the DagBag from /home/airflow/.local/lib/python3.12/site-packages/airflow/example_dags/example_trigger_controller_dag.py
[2024-09-09T11:12:03.965+0000] {processor.py:925} INFO - DAG(s) 'example_trigger_controller_dag' retrieved from /home/airflow/.local/lib/python3.12/site-packages/airflow/example_dags/example_trigger_controller_dag.py
[2024-09-09T11:12:04.038+0000] {logging_mixin.py:190} INFO - [2024-09-09T11:12:04.036+0000] {dag.py:3229} INFO - Sync 1 DAGs
[2024-09-09T11:12:04.155+0000] {logging_mixin.py:190} INFO - [2024-09-09T11:12:04.154+0000] {dag.py:4156} INFO - Setting next_dagrun for example_trigger_controller_dag to 2021-01-01 00:00:00+00:00, run_after=2021-01-01 00:00:00+00:00
[2024-09-09T11:12:04.244+0000] {processor.py:208} INFO - Processing /home/airflow/.local/lib/python3.12/site-packages/airflow/example_dags/example_trigger_controller_dag.py took 0.326 seconds
[2024-09-09T11:12:37.163+0000] {processor.py:186} INFO - Started process (PID=523) to work on /home/airflow/.local/lib/python3.12/site-packages/airflow/example_dags/example_trigger_controller_dag.py
[2024-09-09T11:12:37.166+0000] {processor.py:914} INFO - Processing file /home/airflow/.local/lib/python3.12/site-packages/airflow/example_dags/example_trigger_controller_dag.py for tasks to queue
[2024-09-09T11:12:37.184+0000] {logging_mixin.py:190} INFO - [2024-09-09T11:12:37.182+0000] {dagbag.py:587} INFO - Filling up the DagBag from /home/airflow/.local/lib/python3.12/site-packages/airflow/example_dags/example_trigger_controller_dag.py
[2024-09-09T11:12:37.234+0000] {processor.py:925} INFO - DAG(s) 'example_trigger_controller_dag' retrieved from /home/airflow/.local/lib/python3.12/site-packages/airflow/example_dags/example_trigger_controller_dag.py
[2024-09-09T11:12:37.333+0000] {logging_mixin.py:190} INFO - [2024-09-09T11:12:37.332+0000] {dag.py:3229} INFO - Sync 1 DAGs
[2024-09-09T11:12:37.522+0000] {logging_mixin.py:190} INFO - [2024-09-09T11:12:37.521+0000] {dag.py:4156} INFO - Setting next_dagrun for example_trigger_controller_dag to 2021-01-01 00:00:00+00:00, run_after=2021-01-01 00:00:00+00:00
[2024-09-09T11:12:37.621+0000] {processor.py:208} INFO - Processing /home/airflow/.local/lib/python3.12/site-packages/airflow/example_dags/example_trigger_controller_dag.py took 0.494 seconds
[2024-09-09T11:13:28.211+0000] {processor.py:186} INFO - Started process (PID=585) to work on /home/airflow/.local/lib/python3.12/site-packages/airflow/example_dags/example_trigger_controller_dag.py
[2024-09-09T11:13:28.215+0000] {processor.py:914} INFO - Processing file /home/airflow/.local/lib/python3.12/site-packages/airflow/example_dags/example_trigger_controller_dag.py for tasks to queue
[2024-09-09T11:13:28.222+0000] {logging_mixin.py:190} INFO - [2024-09-09T11:13:28.221+0000] {dagbag.py:587} INFO - Filling up the DagBag from /home/airflow/.local/lib/python3.12/site-packages/airflow/example_dags/example_trigger_controller_dag.py
[2024-09-09T11:13:28.291+0000] {processor.py:925} INFO - DAG(s) 'example_trigger_controller_dag' retrieved from /home/airflow/.local/lib/python3.12/site-packages/airflow/example_dags/example_trigger_controller_dag.py
[2024-09-09T11:13:28.404+0000] {logging_mixin.py:190} INFO - [2024-09-09T11:13:28.403+0000] {dag.py:3229} INFO - Sync 1 DAGs
[2024-09-09T11:13:28.505+0000] {logging_mixin.py:190} INFO - [2024-09-09T11:13:28.504+0000] {dag.py:4156} INFO - Setting next_dagrun for example_trigger_controller_dag to 2021-01-01 00:00:00+00:00, run_after=2021-01-01 00:00:00+00:00
[2024-09-09T11:13:28.579+0000] {processor.py:208} INFO - Processing /home/airflow/.local/lib/python3.12/site-packages/airflow/example_dags/example_trigger_controller_dag.py took 0.392 seconds
