[2024-09-09T11:00:47.247+0000] {processor.py:186} INFO - Started process (PID=88) to work on /home/airflow/.local/lib/python3.12/site-packages/airflow/example_dags/tutorial_taskflow_api.py
[2024-09-09T11:00:47.249+0000] {processor.py:914} INFO - Processing file /home/airflow/.local/lib/python3.12/site-packages/airflow/example_dags/tutorial_taskflow_api.py for tasks to queue
[2024-09-09T11:00:47.253+0000] {logging_mixin.py:190} INFO - [2024-09-09T11:00:47.252+0000] {dagbag.py:587} INFO - Filling up the DagBag from /home/airflow/.local/lib/python3.12/site-packages/airflow/example_dags/tutorial_taskflow_api.py
[2024-09-09T11:00:47.271+0000] {processor.py:925} INFO - DAG(s) 'tutorial_taskflow_api' retrieved from /home/airflow/.local/lib/python3.12/site-packages/airflow/example_dags/tutorial_taskflow_api.py
[2024-09-09T11:00:47.569+0000] {logging_mixin.py:190} INFO - [2024-09-09T11:00:47.568+0000] {override.py:1900} INFO - Created Permission View: can delete on DAG:tutorial_taskflow_api
[2024-09-09T11:00:47.595+0000] {logging_mixin.py:190} INFO - [2024-09-09T11:00:47.594+0000] {override.py:1900} INFO - Created Permission View: can edit on DAG:tutorial_taskflow_api
[2024-09-09T11:00:47.613+0000] {logging_mixin.py:190} INFO - [2024-09-09T11:00:47.612+0000] {override.py:1900} INFO - Created Permission View: can read on DAG:tutorial_taskflow_api
[2024-09-09T11:00:47.629+0000] {logging_mixin.py:190} INFO - [2024-09-09T11:00:47.629+0000] {override.py:1900} INFO - Created Permission View: can delete on DAG Run:tutorial_taskflow_api
[2024-09-09T11:00:47.644+0000] {logging_mixin.py:190} INFO - [2024-09-09T11:00:47.644+0000] {override.py:1900} INFO - Created Permission View: can create on DAG Run:tutorial_taskflow_api
[2024-09-09T11:00:47.659+0000] {logging_mixin.py:190} INFO - [2024-09-09T11:00:47.659+0000] {override.py:1900} INFO - Created Permission View: can read on DAG Run:tutorial_taskflow_api
[2024-09-09T11:00:47.675+0000] {logging_mixin.py:190} INFO - [2024-09-09T11:00:47.674+0000] {override.py:1900} INFO - Created Permission View: menu access on DAG Run:tutorial_taskflow_api
[2024-09-09T11:00:47.676+0000] {logging_mixin.py:190} INFO - [2024-09-09T11:00:47.676+0000] {dag.py:3229} INFO - Sync 1 DAGs
[2024-09-09T11:00:47.705+0000] {logging_mixin.py:190} INFO - [2024-09-09T11:00:47.705+0000] {dag.py:3252} INFO - Creating ORM DAG for tutorial_taskflow_api
[2024-09-09T11:00:47.708+0000] {logging_mixin.py:190} INFO - [2024-09-09T11:00:47.707+0000] {dag.py:4156} INFO - Setting next_dagrun for tutorial_taskflow_api to None, run_after=None
[2024-09-09T11:00:47.751+0000] {processor.py:208} INFO - Processing /home/airflow/.local/lib/python3.12/site-packages/airflow/example_dags/tutorial_taskflow_api.py took 0.518 seconds
[2024-09-09T11:08:57.392+0000] {processor.py:186} INFO - Started process (PID=83) to work on /home/airflow/.local/lib/python3.12/site-packages/airflow/example_dags/tutorial_taskflow_api.py
[2024-09-09T11:08:57.394+0000] {processor.py:914} INFO - Processing file /home/airflow/.local/lib/python3.12/site-packages/airflow/example_dags/tutorial_taskflow_api.py for tasks to queue
[2024-09-09T11:08:57.398+0000] {logging_mixin.py:190} INFO - [2024-09-09T11:08:57.397+0000] {dagbag.py:587} INFO - Filling up the DagBag from /home/airflow/.local/lib/python3.12/site-packages/airflow/example_dags/tutorial_taskflow_api.py
[2024-09-09T11:08:57.410+0000] {processor.py:925} INFO - DAG(s) 'tutorial_taskflow_api' retrieved from /home/airflow/.local/lib/python3.12/site-packages/airflow/example_dags/tutorial_taskflow_api.py
[2024-09-09T11:08:57.449+0000] {logging_mixin.py:190} INFO - [2024-09-09T11:08:57.448+0000] {dag.py:3229} INFO - Sync 1 DAGs
[2024-09-09T11:08:57.472+0000] {logging_mixin.py:190} INFO - [2024-09-09T11:08:57.471+0000] {dag.py:4156} INFO - Setting next_dagrun for tutorial_taskflow_api to None, run_after=None
[2024-09-09T11:08:57.503+0000] {processor.py:208} INFO - Processing /home/airflow/.local/lib/python3.12/site-packages/airflow/example_dags/tutorial_taskflow_api.py took 0.120 seconds
[2024-09-09T11:09:28.010+0000] {processor.py:186} INFO - Started process (PID=145) to work on /home/airflow/.local/lib/python3.12/site-packages/airflow/example_dags/tutorial_taskflow_api.py
[2024-09-09T11:09:28.012+0000] {processor.py:914} INFO - Processing file /home/airflow/.local/lib/python3.12/site-packages/airflow/example_dags/tutorial_taskflow_api.py for tasks to queue
[2024-09-09T11:09:28.017+0000] {logging_mixin.py:190} INFO - [2024-09-09T11:09:28.016+0000] {dagbag.py:587} INFO - Filling up the DagBag from /home/airflow/.local/lib/python3.12/site-packages/airflow/example_dags/tutorial_taskflow_api.py
[2024-09-09T11:09:28.034+0000] {processor.py:925} INFO - DAG(s) 'tutorial_taskflow_api' retrieved from /home/airflow/.local/lib/python3.12/site-packages/airflow/example_dags/tutorial_taskflow_api.py
[2024-09-09T11:09:28.084+0000] {logging_mixin.py:190} INFO - [2024-09-09T11:09:28.083+0000] {dag.py:3229} INFO - Sync 1 DAGs
[2024-09-09T11:09:28.108+0000] {logging_mixin.py:190} INFO - [2024-09-09T11:09:28.108+0000] {dag.py:4156} INFO - Setting next_dagrun for tutorial_taskflow_api to None, run_after=None
[2024-09-09T11:09:28.150+0000] {processor.py:208} INFO - Processing /home/airflow/.local/lib/python3.12/site-packages/airflow/example_dags/tutorial_taskflow_api.py took 0.153 seconds
[2024-09-09T11:09:58.557+0000] {processor.py:186} INFO - Started process (PID=208) to work on /home/airflow/.local/lib/python3.12/site-packages/airflow/example_dags/tutorial_taskflow_api.py
[2024-09-09T11:09:58.559+0000] {processor.py:914} INFO - Processing file /home/airflow/.local/lib/python3.12/site-packages/airflow/example_dags/tutorial_taskflow_api.py for tasks to queue
[2024-09-09T11:09:58.564+0000] {logging_mixin.py:190} INFO - [2024-09-09T11:09:58.563+0000] {dagbag.py:587} INFO - Filling up the DagBag from /home/airflow/.local/lib/python3.12/site-packages/airflow/example_dags/tutorial_taskflow_api.py
[2024-09-09T11:09:58.578+0000] {processor.py:925} INFO - DAG(s) 'tutorial_taskflow_api' retrieved from /home/airflow/.local/lib/python3.12/site-packages/airflow/example_dags/tutorial_taskflow_api.py
[2024-09-09T11:09:58.625+0000] {logging_mixin.py:190} INFO - [2024-09-09T11:09:58.624+0000] {dag.py:3229} INFO - Sync 1 DAGs
[2024-09-09T11:09:58.660+0000] {logging_mixin.py:190} INFO - [2024-09-09T11:09:58.660+0000] {dag.py:4156} INFO - Setting next_dagrun for tutorial_taskflow_api to None, run_after=None
[2024-09-09T11:09:58.701+0000] {processor.py:208} INFO - Processing /home/airflow/.local/lib/python3.12/site-packages/airflow/example_dags/tutorial_taskflow_api.py took 0.155 seconds
[2024-09-09T11:10:29.109+0000] {processor.py:186} INFO - Started process (PID=270) to work on /home/airflow/.local/lib/python3.12/site-packages/airflow/example_dags/tutorial_taskflow_api.py
[2024-09-09T11:10:29.110+0000] {processor.py:914} INFO - Processing file /home/airflow/.local/lib/python3.12/site-packages/airflow/example_dags/tutorial_taskflow_api.py for tasks to queue
[2024-09-09T11:10:29.114+0000] {logging_mixin.py:190} INFO - [2024-09-09T11:10:29.114+0000] {dagbag.py:587} INFO - Filling up the DagBag from /home/airflow/.local/lib/python3.12/site-packages/airflow/example_dags/tutorial_taskflow_api.py
[2024-09-09T11:10:29.127+0000] {processor.py:925} INFO - DAG(s) 'tutorial_taskflow_api' retrieved from /home/airflow/.local/lib/python3.12/site-packages/airflow/example_dags/tutorial_taskflow_api.py
[2024-09-09T11:10:29.164+0000] {logging_mixin.py:190} INFO - [2024-09-09T11:10:29.163+0000] {dag.py:3229} INFO - Sync 1 DAGs
[2024-09-09T11:10:29.208+0000] {logging_mixin.py:190} INFO - [2024-09-09T11:10:29.207+0000] {dag.py:4156} INFO - Setting next_dagrun for tutorial_taskflow_api to None, run_after=None
[2024-09-09T11:10:29.246+0000] {processor.py:208} INFO - Processing /home/airflow/.local/lib/python3.12/site-packages/airflow/example_dags/tutorial_taskflow_api.py took 0.147 seconds
[2024-09-09T11:11:01.057+0000] {processor.py:186} INFO - Started process (PID=333) to work on /home/airflow/.local/lib/python3.12/site-packages/airflow/example_dags/tutorial_taskflow_api.py
[2024-09-09T11:11:01.060+0000] {processor.py:914} INFO - Processing file /home/airflow/.local/lib/python3.12/site-packages/airflow/example_dags/tutorial_taskflow_api.py for tasks to queue
[2024-09-09T11:11:01.065+0000] {logging_mixin.py:190} INFO - [2024-09-09T11:11:01.064+0000] {dagbag.py:587} INFO - Filling up the DagBag from /home/airflow/.local/lib/python3.12/site-packages/airflow/example_dags/tutorial_taskflow_api.py
[2024-09-09T11:11:01.086+0000] {processor.py:925} INFO - DAG(s) 'tutorial_taskflow_api' retrieved from /home/airflow/.local/lib/python3.12/site-packages/airflow/example_dags/tutorial_taskflow_api.py
[2024-09-09T11:11:01.128+0000] {logging_mixin.py:190} INFO - [2024-09-09T11:11:01.127+0000] {dag.py:3229} INFO - Sync 1 DAGs
[2024-09-09T11:11:01.164+0000] {logging_mixin.py:190} INFO - [2024-09-09T11:11:01.163+0000] {dag.py:4156} INFO - Setting next_dagrun for tutorial_taskflow_api to None, run_after=None
[2024-09-09T11:11:01.210+0000] {processor.py:208} INFO - Processing /home/airflow/.local/lib/python3.12/site-packages/airflow/example_dags/tutorial_taskflow_api.py took 0.164 seconds
[2024-09-09T11:11:31.816+0000] {processor.py:186} INFO - Started process (PID=395) to work on /home/airflow/.local/lib/python3.12/site-packages/airflow/example_dags/tutorial_taskflow_api.py
[2024-09-09T11:11:31.819+0000] {processor.py:914} INFO - Processing file /home/airflow/.local/lib/python3.12/site-packages/airflow/example_dags/tutorial_taskflow_api.py for tasks to queue
[2024-09-09T11:11:31.824+0000] {logging_mixin.py:190} INFO - [2024-09-09T11:11:31.823+0000] {dagbag.py:587} INFO - Filling up the DagBag from /home/airflow/.local/lib/python3.12/site-packages/airflow/example_dags/tutorial_taskflow_api.py
[2024-09-09T11:11:31.844+0000] {processor.py:925} INFO - DAG(s) 'tutorial_taskflow_api' retrieved from /home/airflow/.local/lib/python3.12/site-packages/airflow/example_dags/tutorial_taskflow_api.py
[2024-09-09T11:11:31.886+0000] {logging_mixin.py:190} INFO - [2024-09-09T11:11:31.885+0000] {dag.py:3229} INFO - Sync 1 DAGs
[2024-09-09T11:11:31.929+0000] {logging_mixin.py:190} INFO - [2024-09-09T11:11:31.928+0000] {dag.py:4156} INFO - Setting next_dagrun for tutorial_taskflow_api to None, run_after=None
[2024-09-09T11:11:31.991+0000] {processor.py:208} INFO - Processing /home/airflow/.local/lib/python3.12/site-packages/airflow/example_dags/tutorial_taskflow_api.py took 0.187 seconds
[2024-09-09T11:12:02.888+0000] {processor.py:186} INFO - Started process (PID=457) to work on /home/airflow/.local/lib/python3.12/site-packages/airflow/example_dags/tutorial_taskflow_api.py
[2024-09-09T11:12:02.890+0000] {processor.py:914} INFO - Processing file /home/airflow/.local/lib/python3.12/site-packages/airflow/example_dags/tutorial_taskflow_api.py for tasks to queue
[2024-09-09T11:12:02.897+0000] {logging_mixin.py:190} INFO - [2024-09-09T11:12:02.896+0000] {dagbag.py:587} INFO - Filling up the DagBag from /home/airflow/.local/lib/python3.12/site-packages/airflow/example_dags/tutorial_taskflow_api.py
[2024-09-09T11:12:02.922+0000] {processor.py:925} INFO - DAG(s) 'tutorial_taskflow_api' retrieved from /home/airflow/.local/lib/python3.12/site-packages/airflow/example_dags/tutorial_taskflow_api.py
[2024-09-09T11:12:02.974+0000] {logging_mixin.py:190} INFO - [2024-09-09T11:12:02.973+0000] {dag.py:3229} INFO - Sync 1 DAGs
[2024-09-09T11:12:03.032+0000] {logging_mixin.py:190} INFO - [2024-09-09T11:12:03.032+0000] {dag.py:4156} INFO - Setting next_dagrun for tutorial_taskflow_api to None, run_after=None
[2024-09-09T11:12:03.111+0000] {processor.py:208} INFO - Processing /home/airflow/.local/lib/python3.12/site-packages/airflow/example_dags/tutorial_taskflow_api.py took 0.244 seconds
[2024-09-09T11:12:35.474+0000] {processor.py:186} INFO - Started process (PID=519) to work on /home/airflow/.local/lib/python3.12/site-packages/airflow/example_dags/tutorial_taskflow_api.py
[2024-09-09T11:12:35.482+0000] {processor.py:914} INFO - Processing file /home/airflow/.local/lib/python3.12/site-packages/airflow/example_dags/tutorial_taskflow_api.py for tasks to queue
[2024-09-09T11:12:35.492+0000] {logging_mixin.py:190} INFO - [2024-09-09T11:12:35.489+0000] {dagbag.py:587} INFO - Filling up the DagBag from /home/airflow/.local/lib/python3.12/site-packages/airflow/example_dags/tutorial_taskflow_api.py
[2024-09-09T11:12:35.539+0000] {processor.py:925} INFO - DAG(s) 'tutorial_taskflow_api' retrieved from /home/airflow/.local/lib/python3.12/site-packages/airflow/example_dags/tutorial_taskflow_api.py
[2024-09-09T11:12:35.636+0000] {logging_mixin.py:190} INFO - [2024-09-09T11:12:35.636+0000] {dag.py:3229} INFO - Sync 1 DAGs
[2024-09-09T11:12:35.732+0000] {logging_mixin.py:190} INFO - [2024-09-09T11:12:35.731+0000] {dag.py:4156} INFO - Setting next_dagrun for tutorial_taskflow_api to None, run_after=None
[2024-09-09T11:12:35.830+0000] {processor.py:208} INFO - Processing /home/airflow/.local/lib/python3.12/site-packages/airflow/example_dags/tutorial_taskflow_api.py took 0.385 seconds
[2024-09-09T11:13:27.475+0000] {processor.py:186} INFO - Started process (PID=581) to work on /home/airflow/.local/lib/python3.12/site-packages/airflow/example_dags/tutorial_taskflow_api.py
[2024-09-09T11:13:27.478+0000] {processor.py:914} INFO - Processing file /home/airflow/.local/lib/python3.12/site-packages/airflow/example_dags/tutorial_taskflow_api.py for tasks to queue
[2024-09-09T11:13:27.483+0000] {logging_mixin.py:190} INFO - [2024-09-09T11:13:27.482+0000] {dagbag.py:587} INFO - Filling up the DagBag from /home/airflow/.local/lib/python3.12/site-packages/airflow/example_dags/tutorial_taskflow_api.py
[2024-09-09T11:13:27.511+0000] {processor.py:925} INFO - DAG(s) 'tutorial_taskflow_api' retrieved from /home/airflow/.local/lib/python3.12/site-packages/airflow/example_dags/tutorial_taskflow_api.py
[2024-09-09T11:13:27.582+0000] {logging_mixin.py:190} INFO - [2024-09-09T11:13:27.581+0000] {dag.py:3229} INFO - Sync 1 DAGs
[2024-09-09T11:13:27.629+0000] {logging_mixin.py:190} INFO - [2024-09-09T11:13:27.629+0000] {dag.py:4156} INFO - Setting next_dagrun for tutorial_taskflow_api to None, run_after=None
[2024-09-09T11:13:27.693+0000] {processor.py:208} INFO - Processing /home/airflow/.local/lib/python3.12/site-packages/airflow/example_dags/tutorial_taskflow_api.py took 0.235 seconds
