[2024-09-09T11:00:45.896+0000] {processor.py:186} INFO - Started process (PID=84) to work on /home/airflow/.local/lib/python3.12/site-packages/airflow/example_dags/tutorial_taskflow_api_virtualenv.py
[2024-09-09T11:00:45.897+0000] {processor.py:914} INFO - Processing file /home/airflow/.local/lib/python3.12/site-packages/airflow/example_dags/tutorial_taskflow_api_virtualenv.py for tasks to queue
[2024-09-09T11:00:45.902+0000] {logging_mixin.py:190} INFO - [2024-09-09T11:00:45.901+0000] {dagbag.py:587} INFO - Filling up the DagBag from /home/airflow/.local/lib/python3.12/site-packages/airflow/example_dags/tutorial_taskflow_api_virtualenv.py
[2024-09-09T11:00:45.931+0000] {processor.py:925} INFO - DAG(s) 'tutorial_taskflow_api_virtualenv' retrieved from /home/airflow/.local/lib/python3.12/site-packages/airflow/example_dags/tutorial_taskflow_api_virtualenv.py
[2024-09-09T11:00:46.290+0000] {logging_mixin.py:190} INFO - [2024-09-09T11:00:46.288+0000] {override.py:1900} INFO - Created Permission View: can delete on DAG:tutorial_taskflow_api_virtualenv
[2024-09-09T11:00:46.345+0000] {logging_mixin.py:190} INFO - [2024-09-09T11:00:46.344+0000] {override.py:1900} INFO - Created Permission View: can edit on DAG:tutorial_taskflow_api_virtualenv
[2024-09-09T11:00:46.373+0000] {logging_mixin.py:190} INFO - [2024-09-09T11:00:46.372+0000] {override.py:1900} INFO - Created Permission View: can read on DAG:tutorial_taskflow_api_virtualenv
[2024-09-09T11:00:46.402+0000] {logging_mixin.py:190} INFO - [2024-09-09T11:00:46.401+0000] {override.py:1900} INFO - Created Permission View: can delete on DAG Run:tutorial_taskflow_api_virtualenv
[2024-09-09T11:00:46.434+0000] {logging_mixin.py:190} INFO - [2024-09-09T11:00:46.433+0000] {override.py:1900} INFO - Created Permission View: can create on DAG Run:tutorial_taskflow_api_virtualenv
[2024-09-09T11:00:46.457+0000] {logging_mixin.py:190} INFO - [2024-09-09T11:00:46.456+0000] {override.py:1900} INFO - Created Permission View: can read on DAG Run:tutorial_taskflow_api_virtualenv
[2024-09-09T11:00:46.476+0000] {logging_mixin.py:190} INFO - [2024-09-09T11:00:46.475+0000] {override.py:1900} INFO - Created Permission View: menu access on DAG Run:tutorial_taskflow_api_virtualenv
[2024-09-09T11:00:46.477+0000] {logging_mixin.py:190} INFO - [2024-09-09T11:00:46.477+0000] {dag.py:3229} INFO - Sync 1 DAGs
[2024-09-09T11:00:46.512+0000] {logging_mixin.py:190} INFO - [2024-09-09T11:00:46.512+0000] {dag.py:3252} INFO - Creating ORM DAG for tutorial_taskflow_api_virtualenv
[2024-09-09T11:00:46.515+0000] {logging_mixin.py:190} INFO - [2024-09-09T11:00:46.514+0000] {dag.py:4156} INFO - Setting next_dagrun for tutorial_taskflow_api_virtualenv to None, run_after=None
[2024-09-09T11:00:46.554+0000] {processor.py:208} INFO - Processing /home/airflow/.local/lib/python3.12/site-packages/airflow/example_dags/tutorial_taskflow_api_virtualenv.py took 0.668 seconds
[2024-09-09T11:08:56.536+0000] {processor.py:186} INFO - Started process (PID=79) to work on /home/airflow/.local/lib/python3.12/site-packages/airflow/example_dags/tutorial_taskflow_api_virtualenv.py
[2024-09-09T11:08:56.540+0000] {processor.py:914} INFO - Processing file /home/airflow/.local/lib/python3.12/site-packages/airflow/example_dags/tutorial_taskflow_api_virtualenv.py for tasks to queue
[2024-09-09T11:08:56.544+0000] {logging_mixin.py:190} INFO - [2024-09-09T11:08:56.543+0000] {dagbag.py:587} INFO - Filling up the DagBag from /home/airflow/.local/lib/python3.12/site-packages/airflow/example_dags/tutorial_taskflow_api_virtualenv.py
[2024-09-09T11:08:56.571+0000] {processor.py:925} INFO - DAG(s) 'tutorial_taskflow_api_virtualenv' retrieved from /home/airflow/.local/lib/python3.12/site-packages/airflow/example_dags/tutorial_taskflow_api_virtualenv.py
[2024-09-09T11:08:56.836+0000] {logging_mixin.py:190} INFO - [2024-09-09T11:08:56.835+0000] {dag.py:3229} INFO - Sync 1 DAGs
[2024-09-09T11:08:56.858+0000] {logging_mixin.py:190} INFO - [2024-09-09T11:08:56.858+0000] {dag.py:4156} INFO - Setting next_dagrun for tutorial_taskflow_api_virtualenv to None, run_after=None
[2024-09-09T11:08:56.899+0000] {processor.py:208} INFO - Processing /home/airflow/.local/lib/python3.12/site-packages/airflow/example_dags/tutorial_taskflow_api_virtualenv.py took 0.378 seconds
[2024-09-09T11:09:27.384+0000] {processor.py:186} INFO - Started process (PID=141) to work on /home/airflow/.local/lib/python3.12/site-packages/airflow/example_dags/tutorial_taskflow_api_virtualenv.py
[2024-09-09T11:09:27.387+0000] {processor.py:914} INFO - Processing file /home/airflow/.local/lib/python3.12/site-packages/airflow/example_dags/tutorial_taskflow_api_virtualenv.py for tasks to queue
[2024-09-09T11:09:27.405+0000] {logging_mixin.py:190} INFO - [2024-09-09T11:09:27.405+0000] {dagbag.py:587} INFO - Filling up the DagBag from /home/airflow/.local/lib/python3.12/site-packages/airflow/example_dags/tutorial_taskflow_api_virtualenv.py
[2024-09-09T11:09:27.447+0000] {processor.py:925} INFO - DAG(s) 'tutorial_taskflow_api_virtualenv' retrieved from /home/airflow/.local/lib/python3.12/site-packages/airflow/example_dags/tutorial_taskflow_api_virtualenv.py
[2024-09-09T11:09:27.485+0000] {logging_mixin.py:190} INFO - [2024-09-09T11:09:27.484+0000] {dag.py:3229} INFO - Sync 1 DAGs
[2024-09-09T11:09:27.509+0000] {logging_mixin.py:190} INFO - [2024-09-09T11:09:27.509+0000] {dag.py:4156} INFO - Setting next_dagrun for tutorial_taskflow_api_virtualenv to None, run_after=None
[2024-09-09T11:09:27.548+0000] {processor.py:208} INFO - Processing /home/airflow/.local/lib/python3.12/site-packages/airflow/example_dags/tutorial_taskflow_api_virtualenv.py took 0.201 seconds
[2024-09-09T11:09:58.073+0000] {processor.py:186} INFO - Started process (PID=204) to work on /home/airflow/.local/lib/python3.12/site-packages/airflow/example_dags/tutorial_taskflow_api_virtualenv.py
[2024-09-09T11:09:58.074+0000] {processor.py:914} INFO - Processing file /home/airflow/.local/lib/python3.12/site-packages/airflow/example_dags/tutorial_taskflow_api_virtualenv.py for tasks to queue
[2024-09-09T11:09:58.080+0000] {logging_mixin.py:190} INFO - [2024-09-09T11:09:58.079+0000] {dagbag.py:587} INFO - Filling up the DagBag from /home/airflow/.local/lib/python3.12/site-packages/airflow/example_dags/tutorial_taskflow_api_virtualenv.py
[2024-09-09T11:09:58.108+0000] {processor.py:925} INFO - DAG(s) 'tutorial_taskflow_api_virtualenv' retrieved from /home/airflow/.local/lib/python3.12/site-packages/airflow/example_dags/tutorial_taskflow_api_virtualenv.py
[2024-09-09T11:09:58.154+0000] {logging_mixin.py:190} INFO - [2024-09-09T11:09:58.153+0000] {dag.py:3229} INFO - Sync 1 DAGs
[2024-09-09T11:09:58.188+0000] {logging_mixin.py:190} INFO - [2024-09-09T11:09:58.187+0000] {dag.py:4156} INFO - Setting next_dagrun for tutorial_taskflow_api_virtualenv to None, run_after=None
[2024-09-09T11:09:58.225+0000] {processor.py:208} INFO - Processing /home/airflow/.local/lib/python3.12/site-packages/airflow/example_dags/tutorial_taskflow_api_virtualenv.py took 0.163 seconds
[2024-09-09T11:10:28.654+0000] {processor.py:186} INFO - Started process (PID=266) to work on /home/airflow/.local/lib/python3.12/site-packages/airflow/example_dags/tutorial_taskflow_api_virtualenv.py
[2024-09-09T11:10:28.655+0000] {processor.py:914} INFO - Processing file /home/airflow/.local/lib/python3.12/site-packages/airflow/example_dags/tutorial_taskflow_api_virtualenv.py for tasks to queue
[2024-09-09T11:10:28.660+0000] {logging_mixin.py:190} INFO - [2024-09-09T11:10:28.659+0000] {dagbag.py:587} INFO - Filling up the DagBag from /home/airflow/.local/lib/python3.12/site-packages/airflow/example_dags/tutorial_taskflow_api_virtualenv.py
[2024-09-09T11:10:28.682+0000] {processor.py:925} INFO - DAG(s) 'tutorial_taskflow_api_virtualenv' retrieved from /home/airflow/.local/lib/python3.12/site-packages/airflow/example_dags/tutorial_taskflow_api_virtualenv.py
[2024-09-09T11:10:28.719+0000] {logging_mixin.py:190} INFO - [2024-09-09T11:10:28.718+0000] {dag.py:3229} INFO - Sync 1 DAGs
[2024-09-09T11:10:28.747+0000] {logging_mixin.py:190} INFO - [2024-09-09T11:10:28.747+0000] {dag.py:4156} INFO - Setting next_dagrun for tutorial_taskflow_api_virtualenv to None, run_after=None
[2024-09-09T11:10:28.788+0000] {processor.py:208} INFO - Processing /home/airflow/.local/lib/python3.12/site-packages/airflow/example_dags/tutorial_taskflow_api_virtualenv.py took 0.144 seconds
[2024-09-09T11:11:00.508+0000] {processor.py:186} INFO - Started process (PID=329) to work on /home/airflow/.local/lib/python3.12/site-packages/airflow/example_dags/tutorial_taskflow_api_virtualenv.py
[2024-09-09T11:11:00.511+0000] {processor.py:914} INFO - Processing file /home/airflow/.local/lib/python3.12/site-packages/airflow/example_dags/tutorial_taskflow_api_virtualenv.py for tasks to queue
[2024-09-09T11:11:00.516+0000] {logging_mixin.py:190} INFO - [2024-09-09T11:11:00.516+0000] {dagbag.py:587} INFO - Filling up the DagBag from /home/airflow/.local/lib/python3.12/site-packages/airflow/example_dags/tutorial_taskflow_api_virtualenv.py
[2024-09-09T11:11:00.544+0000] {processor.py:925} INFO - DAG(s) 'tutorial_taskflow_api_virtualenv' retrieved from /home/airflow/.local/lib/python3.12/site-packages/airflow/example_dags/tutorial_taskflow_api_virtualenv.py
[2024-09-09T11:11:00.589+0000] {logging_mixin.py:190} INFO - [2024-09-09T11:11:00.588+0000] {dag.py:3229} INFO - Sync 1 DAGs
[2024-09-09T11:11:00.630+0000] {logging_mixin.py:190} INFO - [2024-09-09T11:11:00.629+0000] {dag.py:4156} INFO - Setting next_dagrun for tutorial_taskflow_api_virtualenv to None, run_after=None
[2024-09-09T11:11:00.673+0000] {processor.py:208} INFO - Processing /home/airflow/.local/lib/python3.12/site-packages/airflow/example_dags/tutorial_taskflow_api_virtualenv.py took 0.179 seconds
[2024-09-09T11:11:30.811+0000] {processor.py:186} INFO - Started process (PID=391) to work on /home/airflow/.local/lib/python3.12/site-packages/airflow/example_dags/tutorial_taskflow_api_virtualenv.py
[2024-09-09T11:11:30.813+0000] {processor.py:914} INFO - Processing file /home/airflow/.local/lib/python3.12/site-packages/airflow/example_dags/tutorial_taskflow_api_virtualenv.py for tasks to queue
[2024-09-09T11:11:30.817+0000] {logging_mixin.py:190} INFO - [2024-09-09T11:11:30.816+0000] {dagbag.py:587} INFO - Filling up the DagBag from /home/airflow/.local/lib/python3.12/site-packages/airflow/example_dags/tutorial_taskflow_api_virtualenv.py
[2024-09-09T11:11:30.840+0000] {processor.py:925} INFO - DAG(s) 'tutorial_taskflow_api_virtualenv' retrieved from /home/airflow/.local/lib/python3.12/site-packages/airflow/example_dags/tutorial_taskflow_api_virtualenv.py
[2024-09-09T11:11:30.875+0000] {logging_mixin.py:190} INFO - [2024-09-09T11:11:30.874+0000] {dag.py:3229} INFO - Sync 1 DAGs
[2024-09-09T11:11:30.915+0000] {logging_mixin.py:190} INFO - [2024-09-09T11:11:30.915+0000] {dag.py:4156} INFO - Setting next_dagrun for tutorial_taskflow_api_virtualenv to None, run_after=None
[2024-09-09T11:11:30.953+0000] {processor.py:208} INFO - Processing /home/airflow/.local/lib/python3.12/site-packages/airflow/example_dags/tutorial_taskflow_api_virtualenv.py took 0.152 seconds
[2024-09-09T11:12:01.673+0000] {processor.py:186} INFO - Started process (PID=453) to work on /home/airflow/.local/lib/python3.12/site-packages/airflow/example_dags/tutorial_taskflow_api_virtualenv.py
[2024-09-09T11:12:01.676+0000] {processor.py:914} INFO - Processing file /home/airflow/.local/lib/python3.12/site-packages/airflow/example_dags/tutorial_taskflow_api_virtualenv.py for tasks to queue
[2024-09-09T11:12:01.683+0000] {logging_mixin.py:190} INFO - [2024-09-09T11:12:01.682+0000] {dagbag.py:587} INFO - Filling up the DagBag from /home/airflow/.local/lib/python3.12/site-packages/airflow/example_dags/tutorial_taskflow_api_virtualenv.py
[2024-09-09T11:12:01.723+0000] {processor.py:925} INFO - DAG(s) 'tutorial_taskflow_api_virtualenv' retrieved from /home/airflow/.local/lib/python3.12/site-packages/airflow/example_dags/tutorial_taskflow_api_virtualenv.py
[2024-09-09T11:12:01.785+0000] {logging_mixin.py:190} INFO - [2024-09-09T11:12:01.784+0000] {dag.py:3229} INFO - Sync 1 DAGs
[2024-09-09T11:12:01.836+0000] {logging_mixin.py:190} INFO - [2024-09-09T11:12:01.835+0000] {dag.py:4156} INFO - Setting next_dagrun for tutorial_taskflow_api_virtualenv to None, run_after=None
[2024-09-09T11:12:01.903+0000] {processor.py:208} INFO - Processing /home/airflow/.local/lib/python3.12/site-packages/airflow/example_dags/tutorial_taskflow_api_virtualenv.py took 0.243 seconds
[2024-09-09T11:12:34.180+0000] {processor.py:186} INFO - Started process (PID=515) to work on /home/airflow/.local/lib/python3.12/site-packages/airflow/example_dags/tutorial_taskflow_api_virtualenv.py
[2024-09-09T11:12:34.183+0000] {processor.py:914} INFO - Processing file /home/airflow/.local/lib/python3.12/site-packages/airflow/example_dags/tutorial_taskflow_api_virtualenv.py for tasks to queue
[2024-09-09T11:12:34.191+0000] {logging_mixin.py:190} INFO - [2024-09-09T11:12:34.190+0000] {dagbag.py:587} INFO - Filling up the DagBag from /home/airflow/.local/lib/python3.12/site-packages/airflow/example_dags/tutorial_taskflow_api_virtualenv.py
[2024-09-09T11:12:34.250+0000] {processor.py:925} INFO - DAG(s) 'tutorial_taskflow_api_virtualenv' retrieved from /home/airflow/.local/lib/python3.12/site-packages/airflow/example_dags/tutorial_taskflow_api_virtualenv.py
[2024-09-09T11:12:34.388+0000] {logging_mixin.py:190} INFO - [2024-09-09T11:12:34.387+0000] {dag.py:3229} INFO - Sync 1 DAGs
[2024-09-09T11:12:34.503+0000] {logging_mixin.py:190} INFO - [2024-09-09T11:12:34.501+0000] {dag.py:4156} INFO - Setting next_dagrun for tutorial_taskflow_api_virtualenv to None, run_after=None
[2024-09-09T11:12:34.601+0000] {processor.py:208} INFO - Processing /home/airflow/.local/lib/python3.12/site-packages/airflow/example_dags/tutorial_taskflow_api_virtualenv.py took 0.450 seconds
[2024-09-09T11:13:26.600+0000] {processor.py:186} INFO - Started process (PID=577) to work on /home/airflow/.local/lib/python3.12/site-packages/airflow/example_dags/tutorial_taskflow_api_virtualenv.py
[2024-09-09T11:13:26.603+0000] {processor.py:914} INFO - Processing file /home/airflow/.local/lib/python3.12/site-packages/airflow/example_dags/tutorial_taskflow_api_virtualenv.py for tasks to queue
[2024-09-09T11:13:26.610+0000] {logging_mixin.py:190} INFO - [2024-09-09T11:13:26.608+0000] {dagbag.py:587} INFO - Filling up the DagBag from /home/airflow/.local/lib/python3.12/site-packages/airflow/example_dags/tutorial_taskflow_api_virtualenv.py
[2024-09-09T11:13:26.670+0000] {processor.py:925} INFO - DAG(s) 'tutorial_taskflow_api_virtualenv' retrieved from /home/airflow/.local/lib/python3.12/site-packages/airflow/example_dags/tutorial_taskflow_api_virtualenv.py
[2024-09-09T11:13:26.737+0000] {logging_mixin.py:190} INFO - [2024-09-09T11:13:26.736+0000] {dag.py:3229} INFO - Sync 1 DAGs
[2024-09-09T11:13:26.793+0000] {logging_mixin.py:190} INFO - [2024-09-09T11:13:26.792+0000] {dag.py:4156} INFO - Setting next_dagrun for tutorial_taskflow_api_virtualenv to None, run_after=None
[2024-09-09T11:13:26.863+0000] {processor.py:208} INFO - Processing /home/airflow/.local/lib/python3.12/site-packages/airflow/example_dags/tutorial_taskflow_api_virtualenv.py took 0.279 seconds
