[2024-09-09T11:00:51.327+0000] {processor.py:186} INFO - Started process (PID=97) to work on /home/airflow/.local/lib/python3.12/site-packages/airflow/example_dags/tutorial_dag.py
[2024-09-09T11:00:51.329+0000] {processor.py:914} INFO - Processing file /home/airflow/.local/lib/python3.12/site-packages/airflow/example_dags/tutorial_dag.py for tasks to queue
[2024-09-09T11:00:51.335+0000] {logging_mixin.py:190} INFO - [2024-09-09T11:00:51.335+0000] {dagbag.py:587} INFO - Filling up the DagBag from /home/airflow/.local/lib/python3.12/site-packages/airflow/example_dags/tutorial_dag.py
[2024-09-09T11:00:51.354+0000] {processor.py:925} INFO - DAG(s) 'tutorial_dag' retrieved from /home/airflow/.local/lib/python3.12/site-packages/airflow/example_dags/tutorial_dag.py
[2024-09-09T11:00:51.705+0000] {logging_mixin.py:190} INFO - [2024-09-09T11:00:51.703+0000] {override.py:1900} INFO - Created Permission View: can delete on DAG:tutorial_dag
[2024-09-09T11:00:51.738+0000] {logging_mixin.py:190} INFO - [2024-09-09T11:00:51.737+0000] {override.py:1900} INFO - Created Permission View: can edit on DAG:tutorial_dag
[2024-09-09T11:00:51.759+0000] {logging_mixin.py:190} INFO - [2024-09-09T11:00:51.758+0000] {override.py:1900} INFO - Created Permission View: can read on DAG:tutorial_dag
[2024-09-09T11:00:51.780+0000] {logging_mixin.py:190} INFO - [2024-09-09T11:00:51.780+0000] {override.py:1900} INFO - Created Permission View: can delete on DAG Run:tutorial_dag
[2024-09-09T11:00:51.797+0000] {logging_mixin.py:190} INFO - [2024-09-09T11:00:51.796+0000] {override.py:1900} INFO - Created Permission View: can create on DAG Run:tutorial_dag
[2024-09-09T11:00:51.820+0000] {logging_mixin.py:190} INFO - [2024-09-09T11:00:51.820+0000] {override.py:1900} INFO - Created Permission View: can read on DAG Run:tutorial_dag
[2024-09-09T11:00:51.836+0000] {logging_mixin.py:190} INFO - [2024-09-09T11:00:51.835+0000] {override.py:1900} INFO - Created Permission View: menu access on DAG Run:tutorial_dag
[2024-09-09T11:00:51.838+0000] {logging_mixin.py:190} INFO - [2024-09-09T11:00:51.837+0000] {dag.py:3229} INFO - Sync 1 DAGs
[2024-09-09T11:00:51.870+0000] {logging_mixin.py:190} INFO - [2024-09-09T11:00:51.869+0000] {dag.py:3252} INFO - Creating ORM DAG for tutorial_dag
[2024-09-09T11:00:51.872+0000] {logging_mixin.py:190} INFO - [2024-09-09T11:00:51.871+0000] {dag.py:4156} INFO - Setting next_dagrun for tutorial_dag to None, run_after=None
[2024-09-09T11:00:51.909+0000] {processor.py:208} INFO - Processing /home/airflow/.local/lib/python3.12/site-packages/airflow/example_dags/tutorial_dag.py took 0.592 seconds
[2024-09-09T11:08:58.678+0000] {processor.py:186} INFO - Started process (PID=92) to work on /home/airflow/.local/lib/python3.12/site-packages/airflow/example_dags/tutorial_dag.py
[2024-09-09T11:08:58.680+0000] {processor.py:914} INFO - Processing file /home/airflow/.local/lib/python3.12/site-packages/airflow/example_dags/tutorial_dag.py for tasks to queue
[2024-09-09T11:08:58.684+0000] {logging_mixin.py:190} INFO - [2024-09-09T11:08:58.683+0000] {dagbag.py:587} INFO - Filling up the DagBag from /home/airflow/.local/lib/python3.12/site-packages/airflow/example_dags/tutorial_dag.py
[2024-09-09T11:08:58.694+0000] {processor.py:925} INFO - DAG(s) 'tutorial_dag' retrieved from /home/airflow/.local/lib/python3.12/site-packages/airflow/example_dags/tutorial_dag.py
[2024-09-09T11:08:58.724+0000] {logging_mixin.py:190} INFO - [2024-09-09T11:08:58.723+0000] {dag.py:3229} INFO - Sync 1 DAGs
[2024-09-09T11:08:58.745+0000] {logging_mixin.py:190} INFO - [2024-09-09T11:08:58.744+0000] {dag.py:4156} INFO - Setting next_dagrun for tutorial_dag to None, run_after=None
[2024-09-09T11:08:58.778+0000] {processor.py:208} INFO - Processing /home/airflow/.local/lib/python3.12/site-packages/airflow/example_dags/tutorial_dag.py took 0.107 seconds
[2024-09-09T11:09:29.382+0000] {processor.py:186} INFO - Started process (PID=154) to work on /home/airflow/.local/lib/python3.12/site-packages/airflow/example_dags/tutorial_dag.py
[2024-09-09T11:09:29.384+0000] {processor.py:914} INFO - Processing file /home/airflow/.local/lib/python3.12/site-packages/airflow/example_dags/tutorial_dag.py for tasks to queue
[2024-09-09T11:09:29.388+0000] {logging_mixin.py:190} INFO - [2024-09-09T11:09:29.387+0000] {dagbag.py:587} INFO - Filling up the DagBag from /home/airflow/.local/lib/python3.12/site-packages/airflow/example_dags/tutorial_dag.py
[2024-09-09T11:09:29.400+0000] {processor.py:925} INFO - DAG(s) 'tutorial_dag' retrieved from /home/airflow/.local/lib/python3.12/site-packages/airflow/example_dags/tutorial_dag.py
[2024-09-09T11:09:29.443+0000] {logging_mixin.py:190} INFO - [2024-09-09T11:09:29.442+0000] {dag.py:3229} INFO - Sync 1 DAGs
[2024-09-09T11:09:29.475+0000] {logging_mixin.py:190} INFO - [2024-09-09T11:09:29.475+0000] {dag.py:4156} INFO - Setting next_dagrun for tutorial_dag to None, run_after=None
[2024-09-09T11:09:29.519+0000] {processor.py:208} INFO - Processing /home/airflow/.local/lib/python3.12/site-packages/airflow/example_dags/tutorial_dag.py took 0.145 seconds
[2024-09-09T11:10:00.225+0000] {processor.py:186} INFO - Started process (PID=217) to work on /home/airflow/.local/lib/python3.12/site-packages/airflow/example_dags/tutorial_dag.py
[2024-09-09T11:10:00.227+0000] {processor.py:914} INFO - Processing file /home/airflow/.local/lib/python3.12/site-packages/airflow/example_dags/tutorial_dag.py for tasks to queue
[2024-09-09T11:10:00.231+0000] {logging_mixin.py:190} INFO - [2024-09-09T11:10:00.231+0000] {dagbag.py:587} INFO - Filling up the DagBag from /home/airflow/.local/lib/python3.12/site-packages/airflow/example_dags/tutorial_dag.py
[2024-09-09T11:10:00.257+0000] {processor.py:925} INFO - DAG(s) 'tutorial_dag' retrieved from /home/airflow/.local/lib/python3.12/site-packages/airflow/example_dags/tutorial_dag.py
[2024-09-09T11:10:00.303+0000] {logging_mixin.py:190} INFO - [2024-09-09T11:10:00.302+0000] {dag.py:3229} INFO - Sync 1 DAGs
[2024-09-09T11:10:00.331+0000] {logging_mixin.py:190} INFO - [2024-09-09T11:10:00.330+0000] {dag.py:4156} INFO - Setting next_dagrun for tutorial_dag to None, run_after=None
[2024-09-09T11:10:00.378+0000] {processor.py:208} INFO - Processing /home/airflow/.local/lib/python3.12/site-packages/airflow/example_dags/tutorial_dag.py took 0.165 seconds
[2024-09-09T11:10:30.753+0000] {processor.py:186} INFO - Started process (PID=279) to work on /home/airflow/.local/lib/python3.12/site-packages/airflow/example_dags/tutorial_dag.py
[2024-09-09T11:10:30.755+0000] {processor.py:914} INFO - Processing file /home/airflow/.local/lib/python3.12/site-packages/airflow/example_dags/tutorial_dag.py for tasks to queue
[2024-09-09T11:10:30.760+0000] {logging_mixin.py:190} INFO - [2024-09-09T11:10:30.759+0000] {dagbag.py:587} INFO - Filling up the DagBag from /home/airflow/.local/lib/python3.12/site-packages/airflow/example_dags/tutorial_dag.py
[2024-09-09T11:10:30.786+0000] {processor.py:925} INFO - DAG(s) 'tutorial_dag' retrieved from /home/airflow/.local/lib/python3.12/site-packages/airflow/example_dags/tutorial_dag.py
[2024-09-09T11:10:30.836+0000] {logging_mixin.py:190} INFO - [2024-09-09T11:10:30.835+0000] {dag.py:3229} INFO - Sync 1 DAGs
[2024-09-09T11:10:30.863+0000] {logging_mixin.py:190} INFO - [2024-09-09T11:10:30.863+0000] {dag.py:4156} INFO - Setting next_dagrun for tutorial_dag to None, run_after=None
[2024-09-09T11:10:30.900+0000] {processor.py:208} INFO - Processing /home/airflow/.local/lib/python3.12/site-packages/airflow/example_dags/tutorial_dag.py took 0.154 seconds
[2024-09-09T11:11:02.631+0000] {processor.py:186} INFO - Started process (PID=342) to work on /home/airflow/.local/lib/python3.12/site-packages/airflow/example_dags/tutorial_dag.py
[2024-09-09T11:11:02.633+0000] {processor.py:914} INFO - Processing file /home/airflow/.local/lib/python3.12/site-packages/airflow/example_dags/tutorial_dag.py for tasks to queue
[2024-09-09T11:11:02.638+0000] {logging_mixin.py:190} INFO - [2024-09-09T11:11:02.638+0000] {dagbag.py:587} INFO - Filling up the DagBag from /home/airflow/.local/lib/python3.12/site-packages/airflow/example_dags/tutorial_dag.py
[2024-09-09T11:11:02.656+0000] {processor.py:925} INFO - DAG(s) 'tutorial_dag' retrieved from /home/airflow/.local/lib/python3.12/site-packages/airflow/example_dags/tutorial_dag.py
[2024-09-09T11:11:02.697+0000] {logging_mixin.py:190} INFO - [2024-09-09T11:11:02.697+0000] {dag.py:3229} INFO - Sync 1 DAGs
[2024-09-09T11:11:02.733+0000] {logging_mixin.py:190} INFO - [2024-09-09T11:11:02.732+0000] {dag.py:4156} INFO - Setting next_dagrun for tutorial_dag to None, run_after=None
[2024-09-09T11:11:02.773+0000] {processor.py:208} INFO - Processing /home/airflow/.local/lib/python3.12/site-packages/airflow/example_dags/tutorial_dag.py took 0.153 seconds
[2024-09-09T11:11:34.673+0000] {processor.py:186} INFO - Started process (PID=404) to work on /home/airflow/.local/lib/python3.12/site-packages/airflow/example_dags/tutorial_dag.py
[2024-09-09T11:11:34.675+0000] {processor.py:914} INFO - Processing file /home/airflow/.local/lib/python3.12/site-packages/airflow/example_dags/tutorial_dag.py for tasks to queue
[2024-09-09T11:11:34.680+0000] {logging_mixin.py:190} INFO - [2024-09-09T11:11:34.679+0000] {dagbag.py:587} INFO - Filling up the DagBag from /home/airflow/.local/lib/python3.12/site-packages/airflow/example_dags/tutorial_dag.py
[2024-09-09T11:11:34.697+0000] {processor.py:925} INFO - DAG(s) 'tutorial_dag' retrieved from /home/airflow/.local/lib/python3.12/site-packages/airflow/example_dags/tutorial_dag.py
[2024-09-09T11:11:34.741+0000] {logging_mixin.py:190} INFO - [2024-09-09T11:11:34.740+0000] {dag.py:3229} INFO - Sync 1 DAGs
[2024-09-09T11:11:34.779+0000] {logging_mixin.py:190} INFO - [2024-09-09T11:11:34.779+0000] {dag.py:4156} INFO - Setting next_dagrun for tutorial_dag to None, run_after=None
[2024-09-09T11:11:34.833+0000] {processor.py:208} INFO - Processing /home/airflow/.local/lib/python3.12/site-packages/airflow/example_dags/tutorial_dag.py took 0.172 seconds
[2024-09-09T11:12:05.894+0000] {processor.py:186} INFO - Started process (PID=466) to work on /home/airflow/.local/lib/python3.12/site-packages/airflow/example_dags/tutorial_dag.py
[2024-09-09T11:12:05.897+0000] {processor.py:914} INFO - Processing file /home/airflow/.local/lib/python3.12/site-packages/airflow/example_dags/tutorial_dag.py for tasks to queue
[2024-09-09T11:12:05.904+0000] {logging_mixin.py:190} INFO - [2024-09-09T11:12:05.903+0000] {dagbag.py:587} INFO - Filling up the DagBag from /home/airflow/.local/lib/python3.12/site-packages/airflow/example_dags/tutorial_dag.py
[2024-09-09T11:12:05.933+0000] {processor.py:925} INFO - DAG(s) 'tutorial_dag' retrieved from /home/airflow/.local/lib/python3.12/site-packages/airflow/example_dags/tutorial_dag.py
[2024-09-09T11:12:05.997+0000] {logging_mixin.py:190} INFO - [2024-09-09T11:12:05.997+0000] {dag.py:3229} INFO - Sync 1 DAGs
[2024-09-09T11:12:06.044+0000] {logging_mixin.py:190} INFO - [2024-09-09T11:12:06.044+0000] {dag.py:4156} INFO - Setting next_dagrun for tutorial_dag to None, run_after=None
[2024-09-09T11:12:06.113+0000] {processor.py:208} INFO - Processing /home/airflow/.local/lib/python3.12/site-packages/airflow/example_dags/tutorial_dag.py took 0.239 seconds
[2024-09-09T11:12:40.928+0000] {processor.py:186} INFO - Started process (PID=528) to work on /home/airflow/.local/lib/python3.12/site-packages/airflow/example_dags/tutorial_dag.py
[2024-09-09T11:12:40.959+0000] {processor.py:914} INFO - Processing file /home/airflow/.local/lib/python3.12/site-packages/airflow/example_dags/tutorial_dag.py for tasks to queue
[2024-09-09T11:12:40.977+0000] {logging_mixin.py:190} INFO - [2024-09-09T11:12:40.975+0000] {dagbag.py:587} INFO - Filling up the DagBag from /home/airflow/.local/lib/python3.12/site-packages/airflow/example_dags/tutorial_dag.py
[2024-09-09T11:12:41.071+0000] {processor.py:925} INFO - DAG(s) 'tutorial_dag' retrieved from /home/airflow/.local/lib/python3.12/site-packages/airflow/example_dags/tutorial_dag.py
[2024-09-09T11:12:41.207+0000] {logging_mixin.py:190} INFO - [2024-09-09T11:12:41.206+0000] {dag.py:3229} INFO - Sync 1 DAGs
[2024-09-09T11:12:41.324+0000] {logging_mixin.py:190} INFO - [2024-09-09T11:12:41.323+0000] {dag.py:4156} INFO - Setting next_dagrun for tutorial_dag to None, run_after=None
[2024-09-09T11:12:41.448+0000] {processor.py:208} INFO - Processing /home/airflow/.local/lib/python3.12/site-packages/airflow/example_dags/tutorial_dag.py took 0.562 seconds
[2024-09-09T11:13:32.353+0000] {processor.py:186} INFO - Started process (PID=590) to work on /home/airflow/.local/lib/python3.12/site-packages/airflow/example_dags/tutorial_dag.py
[2024-09-09T11:13:32.357+0000] {processor.py:914} INFO - Processing file /home/airflow/.local/lib/python3.12/site-packages/airflow/example_dags/tutorial_dag.py for tasks to queue
[2024-09-09T11:13:32.363+0000] {logging_mixin.py:190} INFO - [2024-09-09T11:13:32.361+0000] {dagbag.py:587} INFO - Filling up the DagBag from /home/airflow/.local/lib/python3.12/site-packages/airflow/example_dags/tutorial_dag.py
[2024-09-09T11:13:32.388+0000] {processor.py:925} INFO - DAG(s) 'tutorial_dag' retrieved from /home/airflow/.local/lib/python3.12/site-packages/airflow/example_dags/tutorial_dag.py
[2024-09-09T11:13:32.524+0000] {logging_mixin.py:190} INFO - [2024-09-09T11:13:32.523+0000] {dag.py:3229} INFO - Sync 1 DAGs
[2024-09-09T11:13:32.584+0000] {logging_mixin.py:190} INFO - [2024-09-09T11:13:32.581+0000] {dag.py:4156} INFO - Setting next_dagrun for tutorial_dag to None, run_after=None
[2024-09-09T11:13:32.691+0000] {processor.py:208} INFO - Processing /home/airflow/.local/lib/python3.12/site-packages/airflow/example_dags/tutorial_dag.py took 0.354 seconds
