[2024-09-09T11:00:51.987+0000] {processor.py:186} INFO - Started process (PID=99) to work on /home/airflow/.local/lib/python3.12/site-packages/airflow/example_dags/tutorial_objectstorage.py
[2024-09-09T11:00:51.989+0000] {processor.py:914} INFO - Processing file /home/airflow/.local/lib/python3.12/site-packages/airflow/example_dags/tutorial_objectstorage.py for tasks to queue
[2024-09-09T11:00:51.994+0000] {logging_mixin.py:190} INFO - [2024-09-09T11:00:51.993+0000] {dagbag.py:587} INFO - Filling up the DagBag from /home/airflow/.local/lib/python3.12/site-packages/airflow/example_dags/tutorial_objectstorage.py
[2024-09-09T11:00:52.018+0000] {processor.py:925} INFO - DAG(s) 'tutorial_objectstorage' retrieved from /home/airflow/.local/lib/python3.12/site-packages/airflow/example_dags/tutorial_objectstorage.py
[2024-09-09T11:00:52.266+0000] {logging_mixin.py:190} INFO - [2024-09-09T11:00:52.265+0000] {override.py:1900} INFO - Created Permission View: can delete on DAG:tutorial_objectstorage
[2024-09-09T11:00:52.290+0000] {logging_mixin.py:190} INFO - [2024-09-09T11:00:52.289+0000] {override.py:1900} INFO - Created Permission View: can edit on DAG:tutorial_objectstorage
[2024-09-09T11:00:52.309+0000] {logging_mixin.py:190} INFO - [2024-09-09T11:00:52.308+0000] {override.py:1900} INFO - Created Permission View: can read on DAG:tutorial_objectstorage
[2024-09-09T11:00:52.328+0000] {logging_mixin.py:190} INFO - [2024-09-09T11:00:52.327+0000] {override.py:1900} INFO - Created Permission View: can delete on DAG Run:tutorial_objectstorage
[2024-09-09T11:00:52.342+0000] {logging_mixin.py:190} INFO - [2024-09-09T11:00:52.341+0000] {override.py:1900} INFO - Created Permission View: can create on DAG Run:tutorial_objectstorage
[2024-09-09T11:00:52.360+0000] {logging_mixin.py:190} INFO - [2024-09-09T11:00:52.359+0000] {override.py:1900} INFO - Created Permission View: can read on DAG Run:tutorial_objectstorage
[2024-09-09T11:00:52.375+0000] {logging_mixin.py:190} INFO - [2024-09-09T11:00:52.375+0000] {override.py:1900} INFO - Created Permission View: menu access on DAG Run:tutorial_objectstorage
[2024-09-09T11:00:52.377+0000] {logging_mixin.py:190} INFO - [2024-09-09T11:00:52.376+0000] {dag.py:3229} INFO - Sync 1 DAGs
[2024-09-09T11:00:52.406+0000] {logging_mixin.py:190} INFO - [2024-09-09T11:00:52.405+0000] {dag.py:3252} INFO - Creating ORM DAG for tutorial_objectstorage
[2024-09-09T11:00:52.408+0000] {logging_mixin.py:190} INFO - [2024-09-09T11:00:52.408+0000] {dag.py:4156} INFO - Setting next_dagrun for tutorial_objectstorage to None, run_after=None
[2024-09-09T11:00:52.474+0000] {processor.py:208} INFO - Processing /home/airflow/.local/lib/python3.12/site-packages/airflow/example_dags/tutorial_objectstorage.py took 0.498 seconds
[2024-09-09T11:08:58.834+0000] {processor.py:186} INFO - Started process (PID=94) to work on /home/airflow/.local/lib/python3.12/site-packages/airflow/example_dags/tutorial_objectstorage.py
[2024-09-09T11:08:58.836+0000] {processor.py:914} INFO - Processing file /home/airflow/.local/lib/python3.12/site-packages/airflow/example_dags/tutorial_objectstorage.py for tasks to queue
[2024-09-09T11:08:58.839+0000] {logging_mixin.py:190} INFO - [2024-09-09T11:08:58.838+0000] {dagbag.py:587} INFO - Filling up the DagBag from /home/airflow/.local/lib/python3.12/site-packages/airflow/example_dags/tutorial_objectstorage.py
[2024-09-09T11:08:58.850+0000] {processor.py:925} INFO - DAG(s) 'tutorial_objectstorage' retrieved from /home/airflow/.local/lib/python3.12/site-packages/airflow/example_dags/tutorial_objectstorage.py
[2024-09-09T11:08:58.880+0000] {logging_mixin.py:190} INFO - [2024-09-09T11:08:58.880+0000] {dag.py:3229} INFO - Sync 1 DAGs
[2024-09-09T11:08:58.902+0000] {logging_mixin.py:190} INFO - [2024-09-09T11:08:58.902+0000] {dag.py:4156} INFO - Setting next_dagrun for tutorial_objectstorage to None, run_after=None
[2024-09-09T11:08:58.936+0000] {processor.py:208} INFO - Processing /home/airflow/.local/lib/python3.12/site-packages/airflow/example_dags/tutorial_objectstorage.py took 0.110 seconds
[2024-09-09T11:09:29.459+0000] {processor.py:186} INFO - Started process (PID=155) to work on /home/airflow/.local/lib/python3.12/site-packages/airflow/example_dags/tutorial_objectstorage.py
[2024-09-09T11:09:29.462+0000] {processor.py:914} INFO - Processing file /home/airflow/.local/lib/python3.12/site-packages/airflow/example_dags/tutorial_objectstorage.py for tasks to queue
[2024-09-09T11:09:29.467+0000] {logging_mixin.py:190} INFO - [2024-09-09T11:09:29.466+0000] {dagbag.py:587} INFO - Filling up the DagBag from /home/airflow/.local/lib/python3.12/site-packages/airflow/example_dags/tutorial_objectstorage.py
[2024-09-09T11:09:29.491+0000] {processor.py:925} INFO - DAG(s) 'tutorial_objectstorage' retrieved from /home/airflow/.local/lib/python3.12/site-packages/airflow/example_dags/tutorial_objectstorage.py
[2024-09-09T11:09:29.529+0000] {logging_mixin.py:190} INFO - [2024-09-09T11:09:29.528+0000] {dag.py:3229} INFO - Sync 1 DAGs
[2024-09-09T11:09:29.555+0000] {logging_mixin.py:190} INFO - [2024-09-09T11:09:29.554+0000] {dag.py:4156} INFO - Setting next_dagrun for tutorial_objectstorage to None, run_after=None
[2024-09-09T11:09:29.588+0000] {processor.py:208} INFO - Processing /home/airflow/.local/lib/python3.12/site-packages/airflow/example_dags/tutorial_objectstorage.py took 0.141 seconds
[2024-09-09T11:10:00.331+0000] {processor.py:186} INFO - Started process (PID=218) to work on /home/airflow/.local/lib/python3.12/site-packages/airflow/example_dags/tutorial_objectstorage.py
[2024-09-09T11:10:00.333+0000] {processor.py:914} INFO - Processing file /home/airflow/.local/lib/python3.12/site-packages/airflow/example_dags/tutorial_objectstorage.py for tasks to queue
[2024-09-09T11:10:00.340+0000] {logging_mixin.py:190} INFO - [2024-09-09T11:10:00.340+0000] {dagbag.py:587} INFO - Filling up the DagBag from /home/airflow/.local/lib/python3.12/site-packages/airflow/example_dags/tutorial_objectstorage.py
[2024-09-09T11:10:00.361+0000] {processor.py:925} INFO - DAG(s) 'tutorial_objectstorage' retrieved from /home/airflow/.local/lib/python3.12/site-packages/airflow/example_dags/tutorial_objectstorage.py
[2024-09-09T11:10:00.397+0000] {logging_mixin.py:190} INFO - [2024-09-09T11:10:00.396+0000] {dag.py:3229} INFO - Sync 1 DAGs
[2024-09-09T11:10:00.425+0000] {logging_mixin.py:190} INFO - [2024-09-09T11:10:00.425+0000] {dag.py:4156} INFO - Setting next_dagrun for tutorial_objectstorage to None, run_after=None
[2024-09-09T11:10:00.465+0000] {processor.py:208} INFO - Processing /home/airflow/.local/lib/python3.12/site-packages/airflow/example_dags/tutorial_objectstorage.py took 0.146 seconds
[2024-09-09T11:10:31.051+0000] {processor.py:186} INFO - Started process (PID=281) to work on /home/airflow/.local/lib/python3.12/site-packages/airflow/example_dags/tutorial_objectstorage.py
[2024-09-09T11:10:31.052+0000] {processor.py:914} INFO - Processing file /home/airflow/.local/lib/python3.12/site-packages/airflow/example_dags/tutorial_objectstorage.py for tasks to queue
[2024-09-09T11:10:31.056+0000] {logging_mixin.py:190} INFO - [2024-09-09T11:10:31.056+0000] {dagbag.py:587} INFO - Filling up the DagBag from /home/airflow/.local/lib/python3.12/site-packages/airflow/example_dags/tutorial_objectstorage.py
[2024-09-09T11:10:31.070+0000] {processor.py:925} INFO - DAG(s) 'tutorial_objectstorage' retrieved from /home/airflow/.local/lib/python3.12/site-packages/airflow/example_dags/tutorial_objectstorage.py
[2024-09-09T11:10:31.100+0000] {logging_mixin.py:190} INFO - [2024-09-09T11:10:31.100+0000] {dag.py:3229} INFO - Sync 1 DAGs
[2024-09-09T11:10:31.122+0000] {logging_mixin.py:190} INFO - [2024-09-09T11:10:31.122+0000] {dag.py:4156} INFO - Setting next_dagrun for tutorial_objectstorage to None, run_after=None
[2024-09-09T11:10:31.156+0000] {processor.py:208} INFO - Processing /home/airflow/.local/lib/python3.12/site-packages/airflow/example_dags/tutorial_objectstorage.py took 0.113 seconds
[2024-09-09T11:11:02.861+0000] {processor.py:186} INFO - Started process (PID=344) to work on /home/airflow/.local/lib/python3.12/site-packages/airflow/example_dags/tutorial_objectstorage.py
[2024-09-09T11:11:02.864+0000] {processor.py:914} INFO - Processing file /home/airflow/.local/lib/python3.12/site-packages/airflow/example_dags/tutorial_objectstorage.py for tasks to queue
[2024-09-09T11:11:02.870+0000] {logging_mixin.py:190} INFO - [2024-09-09T11:11:02.869+0000] {dagbag.py:587} INFO - Filling up the DagBag from /home/airflow/.local/lib/python3.12/site-packages/airflow/example_dags/tutorial_objectstorage.py
[2024-09-09T11:11:02.894+0000] {processor.py:925} INFO - DAG(s) 'tutorial_objectstorage' retrieved from /home/airflow/.local/lib/python3.12/site-packages/airflow/example_dags/tutorial_objectstorage.py
[2024-09-09T11:11:02.941+0000] {logging_mixin.py:190} INFO - [2024-09-09T11:11:02.941+0000] {dag.py:3229} INFO - Sync 1 DAGs
[2024-09-09T11:11:02.976+0000] {logging_mixin.py:190} INFO - [2024-09-09T11:11:02.976+0000] {dag.py:4156} INFO - Setting next_dagrun for tutorial_objectstorage to None, run_after=None
[2024-09-09T11:11:03.023+0000] {processor.py:208} INFO - Processing /home/airflow/.local/lib/python3.12/site-packages/airflow/example_dags/tutorial_objectstorage.py took 0.173 seconds
[2024-09-09T11:11:34.938+0000] {processor.py:186} INFO - Started process (PID=406) to work on /home/airflow/.local/lib/python3.12/site-packages/airflow/example_dags/tutorial_objectstorage.py
[2024-09-09T11:11:34.941+0000] {processor.py:914} INFO - Processing file /home/airflow/.local/lib/python3.12/site-packages/airflow/example_dags/tutorial_objectstorage.py for tasks to queue
[2024-09-09T11:11:34.948+0000] {logging_mixin.py:190} INFO - [2024-09-09T11:11:34.947+0000] {dagbag.py:587} INFO - Filling up the DagBag from /home/airflow/.local/lib/python3.12/site-packages/airflow/example_dags/tutorial_objectstorage.py
[2024-09-09T11:11:34.977+0000] {processor.py:925} INFO - DAG(s) 'tutorial_objectstorage' retrieved from /home/airflow/.local/lib/python3.12/site-packages/airflow/example_dags/tutorial_objectstorage.py
[2024-09-09T11:11:35.031+0000] {logging_mixin.py:190} INFO - [2024-09-09T11:11:35.030+0000] {dag.py:3229} INFO - Sync 1 DAGs
[2024-09-09T11:11:35.087+0000] {logging_mixin.py:190} INFO - [2024-09-09T11:11:35.086+0000] {dag.py:4156} INFO - Setting next_dagrun for tutorial_objectstorage to None, run_after=None
[2024-09-09T11:11:35.147+0000] {processor.py:208} INFO - Processing /home/airflow/.local/lib/python3.12/site-packages/airflow/example_dags/tutorial_objectstorage.py took 0.231 seconds
[2024-09-09T11:12:06.639+0000] {processor.py:186} INFO - Started process (PID=468) to work on /home/airflow/.local/lib/python3.12/site-packages/airflow/example_dags/tutorial_objectstorage.py
[2024-09-09T11:12:06.642+0000] {processor.py:914} INFO - Processing file /home/airflow/.local/lib/python3.12/site-packages/airflow/example_dags/tutorial_objectstorage.py for tasks to queue
[2024-09-09T11:12:06.648+0000] {logging_mixin.py:190} INFO - [2024-09-09T11:12:06.647+0000] {dagbag.py:587} INFO - Filling up the DagBag from /home/airflow/.local/lib/python3.12/site-packages/airflow/example_dags/tutorial_objectstorage.py
[2024-09-09T11:12:06.667+0000] {processor.py:925} INFO - DAG(s) 'tutorial_objectstorage' retrieved from /home/airflow/.local/lib/python3.12/site-packages/airflow/example_dags/tutorial_objectstorage.py
[2024-09-09T11:12:06.729+0000] {logging_mixin.py:190} INFO - [2024-09-09T11:12:06.728+0000] {dag.py:3229} INFO - Sync 1 DAGs
[2024-09-09T11:12:06.766+0000] {logging_mixin.py:190} INFO - [2024-09-09T11:12:06.766+0000] {dag.py:4156} INFO - Setting next_dagrun for tutorial_objectstorage to None, run_after=None
[2024-09-09T11:12:06.817+0000] {processor.py:208} INFO - Processing /home/airflow/.local/lib/python3.12/site-packages/airflow/example_dags/tutorial_objectstorage.py took 0.190 seconds
[2024-09-09T11:12:42.461+0000] {processor.py:186} INFO - Started process (PID=530) to work on /home/airflow/.local/lib/python3.12/site-packages/airflow/example_dags/tutorial_objectstorage.py
[2024-09-09T11:12:42.467+0000] {processor.py:914} INFO - Processing file /home/airflow/.local/lib/python3.12/site-packages/airflow/example_dags/tutorial_objectstorage.py for tasks to queue
[2024-09-09T11:12:42.495+0000] {logging_mixin.py:190} INFO - [2024-09-09T11:12:42.494+0000] {dagbag.py:587} INFO - Filling up the DagBag from /home/airflow/.local/lib/python3.12/site-packages/airflow/example_dags/tutorial_objectstorage.py
[2024-09-09T11:12:42.603+0000] {processor.py:925} INFO - DAG(s) 'tutorial_objectstorage' retrieved from /home/airflow/.local/lib/python3.12/site-packages/airflow/example_dags/tutorial_objectstorage.py
[2024-09-09T11:12:42.716+0000] {logging_mixin.py:190} INFO - [2024-09-09T11:12:42.715+0000] {dag.py:3229} INFO - Sync 1 DAGs
[2024-09-09T11:12:42.800+0000] {logging_mixin.py:190} INFO - [2024-09-09T11:12:42.799+0000] {dag.py:4156} INFO - Setting next_dagrun for tutorial_objectstorage to None, run_after=None
[2024-09-09T11:12:42.901+0000] {processor.py:208} INFO - Processing /home/airflow/.local/lib/python3.12/site-packages/airflow/example_dags/tutorial_objectstorage.py took 0.465 seconds
[2024-09-09T11:13:32.814+0000] {processor.py:186} INFO - Started process (PID=592) to work on /home/airflow/.local/lib/python3.12/site-packages/airflow/example_dags/tutorial_objectstorage.py
[2024-09-09T11:13:32.816+0000] {processor.py:914} INFO - Processing file /home/airflow/.local/lib/python3.12/site-packages/airflow/example_dags/tutorial_objectstorage.py for tasks to queue
[2024-09-09T11:13:32.823+0000] {logging_mixin.py:190} INFO - [2024-09-09T11:13:32.821+0000] {dagbag.py:587} INFO - Filling up the DagBag from /home/airflow/.local/lib/python3.12/site-packages/airflow/example_dags/tutorial_objectstorage.py
[2024-09-09T11:13:32.861+0000] {processor.py:925} INFO - DAG(s) 'tutorial_objectstorage' retrieved from /home/airflow/.local/lib/python3.12/site-packages/airflow/example_dags/tutorial_objectstorage.py
[2024-09-09T11:13:32.933+0000] {logging_mixin.py:190} INFO - [2024-09-09T11:13:32.933+0000] {dag.py:3229} INFO - Sync 1 DAGs
[2024-09-09T11:13:32.997+0000] {logging_mixin.py:190} INFO - [2024-09-09T11:13:32.996+0000] {dag.py:4156} INFO - Setting next_dagrun for tutorial_objectstorage to None, run_after=None
[2024-09-09T11:13:33.107+0000] {processor.py:208} INFO - Processing /home/airflow/.local/lib/python3.12/site-packages/airflow/example_dags/tutorial_objectstorage.py took 0.312 seconds
