[2024-09-09T14:33:51.776+0000] {local_task_job_runner.py:123} INFO - ::group::Pre task execution logs
[2024-09-09T14:33:51.829+0000] {taskinstance.py:2612} INFO - Dependencies all met for dep_context=non-requeueable deps ti=<TaskInstance: simple_example_dag.bash_task manual__2024-09-09T14:33:44.191026+00:00 [queued]>
[2024-09-09T14:33:51.857+0000] {taskinstance.py:2612} INFO - Dependencies all met for dep_context=requeueable deps ti=<TaskInstance: simple_example_dag.bash_task manual__2024-09-09T14:33:44.191026+00:00 [queued]>
[2024-09-09T14:33:51.859+0000] {taskinstance.py:2865} INFO - Starting attempt 1 of 4
[2024-09-09T14:33:51.909+0000] {taskinstance.py:2888} INFO - Executing <Task(BashOperator): bash_task> on 2024-09-09 14:33:44.191026+00:00
[2024-09-09T14:33:51.926+0000] {warnings.py:112} WARNING - /home/***/.local/lib/python3.12/site-packages/***/task/task_runner/standard_task_runner.py:70: DeprecationWarning: This process (pid=389) is multi-threaded, use of fork() may lead to deadlocks in the child.
  pid = os.fork()

[2024-09-09T14:33:51.930+0000] {standard_task_runner.py:72} INFO - Started process 390 to run task
[2024-09-09T14:33:51.932+0000] {standard_task_runner.py:104} INFO - Running: ['***', 'tasks', 'run', 'simple_example_dag', 'bash_task', 'manual__2024-09-09T14:33:44.191026+00:00', '--job-id', '55', '--raw', '--subdir', 'DAGS_FOLDER/first_dag.py', '--cfg-path', '/tmp/tmprg9ttvp9']
[2024-09-09T14:33:51.936+0000] {standard_task_runner.py:105} INFO - Job 55: Subtask bash_task
[2024-09-09T14:33:52.078+0000] {task_command.py:467} INFO - Running <TaskInstance: simple_example_dag.bash_task manual__2024-09-09T14:33:44.191026+00:00 [running]> on host 0a0201be4888
[2024-09-09T14:33:52.394+0000] {taskinstance.py:3131} INFO - Exporting env vars: AIRFLOW_CTX_DAG_OWNER='Denis' AIRFLOW_CTX_DAG_ID='simple_example_dag' AIRFLOW_CTX_TASK_ID='bash_task' AIRFLOW_CTX_EXECUTION_DATE='2024-09-09T14:33:44.191026+00:00' AIRFLOW_CTX_TRY_NUMBER='1' AIRFLOW_CTX_DAG_RUN_ID='manual__2024-09-09T14:33:44.191026+00:00'
[2024-09-09T14:33:52.397+0000] {taskinstance.py:731} INFO - ::endgroup::
[2024-09-09T14:33:52.474+0000] {subprocess.py:63} INFO - Tmp dir root location: /tmp
[2024-09-09T14:33:52.478+0000] {subprocess.py:75} INFO - Running command: ['/usr/bin/bash', '-c', 'echo "Processing Denis and role - Data Engineer"']
[2024-09-09T14:33:52.514+0000] {subprocess.py:86} INFO - Output:
[2024-09-09T14:33:52.561+0000] {subprocess.py:93} INFO - Processing Denis and role - Data Engineer
[2024-09-09T14:33:52.563+0000] {subprocess.py:97} INFO - Command exited with return code 0
[2024-09-09T14:33:52.657+0000] {taskinstance.py:340} INFO - ::group::Post task execution logs
[2024-09-09T14:33:52.659+0000] {taskinstance.py:352} INFO - Marking task as SUCCESS. dag_id=simple_example_dag, task_id=bash_task, run_id=manual__2024-09-09T14:33:44.191026+00:00, execution_date=20240909T143344, start_date=20240909T143351, end_date=20240909T143352
[2024-09-09T14:33:52.719+0000] {local_task_job_runner.py:266} INFO - Task exited with return code 0
[2024-09-09T14:33:52.774+0000] {taskinstance.py:3900} INFO - 0 downstream tasks scheduled from follow-on schedule check
[2024-09-09T14:33:52.779+0000] {local_task_job_runner.py:245} INFO - ::endgroup::
