[2024-09-15T12:38:10.442+0000] {local_task_job_runner.py:123} INFO - ::group::Pre task execution logs
[2024-09-15T12:38:10.617+0000] {taskinstance.py:2612} INFO - Dependencies all met for dep_context=non-requeueable deps ti=<TaskInstance: airbnb_model.data_analysis scheduled__2024-09-14T00:00:00+00:00 [queued]>
[2024-09-15T12:38:10.656+0000] {taskinstance.py:2612} INFO - Dependencies all met for dep_context=requeueable deps ti=<TaskInstance: airbnb_model.data_analysis scheduled__2024-09-14T00:00:00+00:00 [queued]>
[2024-09-15T12:38:10.659+0000] {taskinstance.py:2865} INFO - Starting attempt 3 of 6
[2024-09-15T12:38:10.723+0000] {taskinstance.py:2888} INFO - Executing <Task(SparkSubmitOperator): data_analysis> on 2024-09-14 00:00:00+00:00
[2024-09-15T12:38:10.769+0000] {standard_task_runner.py:104} INFO - Running: ['***', 'tasks', 'run', 'airbnb_model', 'data_analysis', 'scheduled__2024-09-14T00:00:00+00:00', '--job-id', '730', '--raw', '--subdir', 'DAGS_FOLDER/air_price_pred_dag.py', '--cfg-path', '/tmp/tmpnnlv0qax']
[2024-09-15T12:38:10.778+0000] {standard_task_runner.py:105} INFO - Job 730: Subtask data_analysis
[2024-09-15T12:38:10.784+0000] {logging_mixin.py:190} WARNING - /home/***/.local/lib/python3.12/site-packages/***/task/task_runner/standard_task_runner.py:70 DeprecationWarning: This process (pid=706) is multi-threaded, use of fork() may lead to deadlocks in the child.
[2024-09-15T12:38:10.787+0000] {standard_task_runner.py:72} INFO - Started process 720 to run task
[2024-09-15T12:38:11.005+0000] {task_command.py:467} INFO - Running <TaskInstance: airbnb_model.data_analysis scheduled__2024-09-14T00:00:00+00:00 [running]> on host fb744bf0dc86
[2024-09-15T12:38:11.850+0000] {taskinstance.py:3131} INFO - Exporting env vars: AIRFLOW_CTX_DAG_OWNER='Denis' AIRFLOW_CTX_DAG_ID='airbnb_model' AIRFLOW_CTX_TASK_ID='data_analysis' AIRFLOW_CTX_EXECUTION_DATE='2024-09-14T00:00:00+00:00' AIRFLOW_CTX_TRY_NUMBER='3' AIRFLOW_CTX_DAG_RUN_ID='scheduled__2024-09-14T00:00:00+00:00'
[2024-09-15T12:38:11.859+0000] {taskinstance.py:731} INFO - ::endgroup::
[2024-09-15T12:38:12.122+0000] {base.py:84} INFO - Retrieving connection 'spark_default'
[2024-09-15T12:38:12.128+0000] {spark_submit.py:403} INFO - Spark-Submit cmd: spark-submit --master spark://spark-master:7077 --conf spark.master=spark://spark-master:7077 --name arrow-spark --verbose --deploy-mode client /opt/***/dags/air_data_analysis.py
[2024-09-15T12:38:23.716+0000] {spark_submit.py:579} INFO - Using properties file: null
[2024-09-15T12:38:24.251+0000] {spark_submit.py:579} INFO - Parsed arguments:
[2024-09-15T12:38:24.253+0000] {spark_submit.py:579} INFO - master                  spark://spark-master:7077
[2024-09-15T12:38:24.254+0000] {spark_submit.py:579} INFO - remote                  null
[2024-09-15T12:38:24.256+0000] {spark_submit.py:579} INFO - deployMode              client
[2024-09-15T12:38:24.257+0000] {spark_submit.py:579} INFO - executorMemory          null
[2024-09-15T12:38:24.259+0000] {spark_submit.py:579} INFO - executorCores           null
[2024-09-15T12:38:24.260+0000] {spark_submit.py:579} INFO - totalExecutorCores      null
[2024-09-15T12:38:24.261+0000] {spark_submit.py:579} INFO - propertiesFile          null
[2024-09-15T12:38:24.262+0000] {spark_submit.py:579} INFO - driverMemory            null
[2024-09-15T12:38:24.264+0000] {spark_submit.py:579} INFO - driverCores             null
[2024-09-15T12:38:24.265+0000] {spark_submit.py:579} INFO - driverExtraClassPath    null
[2024-09-15T12:38:24.267+0000] {spark_submit.py:579} INFO - driverExtraLibraryPath  null
[2024-09-15T12:38:24.268+0000] {spark_submit.py:579} INFO - driverExtraJavaOptions  null
[2024-09-15T12:38:24.270+0000] {spark_submit.py:579} INFO - supervise               false
[2024-09-15T12:38:24.272+0000] {spark_submit.py:579} INFO - queue                   null
[2024-09-15T12:38:24.274+0000] {spark_submit.py:579} INFO - numExecutors            null
[2024-09-15T12:38:24.276+0000] {spark_submit.py:579} INFO - files                   null
[2024-09-15T12:38:24.278+0000] {spark_submit.py:579} INFO - pyFiles                 null
[2024-09-15T12:38:24.279+0000] {spark_submit.py:579} INFO - archives                null
[2024-09-15T12:38:24.280+0000] {spark_submit.py:579} INFO - mainClass               null
[2024-09-15T12:38:24.281+0000] {spark_submit.py:579} INFO - primaryResource         file:/opt/***/dags/air_data_analysis.py
[2024-09-15T12:38:24.283+0000] {spark_submit.py:579} INFO - name                    arrow-spark
[2024-09-15T12:38:24.284+0000] {spark_submit.py:579} INFO - childArgs               []
[2024-09-15T12:38:24.285+0000] {spark_submit.py:579} INFO - jars                    null
[2024-09-15T12:38:24.286+0000] {spark_submit.py:579} INFO - packages                null
[2024-09-15T12:38:24.288+0000] {spark_submit.py:579} INFO - packagesExclusions      null
[2024-09-15T12:38:24.289+0000] {spark_submit.py:579} INFO - repositories            null
[2024-09-15T12:38:24.291+0000] {spark_submit.py:579} INFO - verbose                 true
[2024-09-15T12:38:24.292+0000] {spark_submit.py:579} INFO - 
[2024-09-15T12:38:24.293+0000] {spark_submit.py:579} INFO - Spark properties used, including those specified through
[2024-09-15T12:38:24.294+0000] {spark_submit.py:579} INFO - --conf and those from the properties file null:
[2024-09-15T12:38:24.296+0000] {spark_submit.py:579} INFO - (spark.master,spark://spark-master:7077)
[2024-09-15T12:38:24.297+0000] {spark_submit.py:579} INFO - 
[2024-09-15T12:38:24.298+0000] {spark_submit.py:579} INFO - 
[2024-09-15T12:38:30.373+0000] {spark_submit.py:579} INFO - Main class:
[2024-09-15T12:38:30.375+0000] {spark_submit.py:579} INFO - org.apache.spark.deploy.PythonRunner
[2024-09-15T12:38:30.378+0000] {spark_submit.py:579} INFO - Arguments:
[2024-09-15T12:38:30.380+0000] {spark_submit.py:579} INFO - file:/opt/***/dags/air_data_analysis.py
[2024-09-15T12:38:30.382+0000] {spark_submit.py:579} INFO - null
[2024-09-15T12:38:30.391+0000] {spark_submit.py:579} INFO - Spark config:
[2024-09-15T12:38:30.394+0000] {spark_submit.py:579} INFO - (spark.app.name,arrow-spark)
[2024-09-15T12:38:30.398+0000] {spark_submit.py:579} INFO - (spark.app.submitTime,1726403910311)
[2024-09-15T12:38:30.409+0000] {spark_submit.py:579} INFO - (spark.master,spark://spark-master:7077)
[2024-09-15T12:38:30.417+0000] {spark_submit.py:579} INFO - (spark.submit.deployMode,client)
[2024-09-15T12:38:30.431+0000] {spark_submit.py:579} INFO - (spark.submit.pyFiles,)
[2024-09-15T12:38:30.434+0000] {spark_submit.py:579} INFO - Classpath elements:
[2024-09-15T12:38:30.435+0000] {spark_submit.py:579} INFO - 
[2024-09-15T12:38:30.438+0000] {spark_submit.py:579} INFO - 
[2024-09-15T12:38:30.459+0000] {spark_submit.py:579} INFO - 
[2024-09-15T12:38:35.139+0000] {spark_submit.py:579} INFO - 24/09/15 12:38:35 INFO SparkContext: Running Spark version 3.5.2
[2024-09-15T12:38:35.144+0000] {spark_submit.py:579} INFO - 24/09/15 12:38:35 INFO SparkContext: OS info Linux, 5.15.153.1-microsoft-standard-WSL2, amd64
[2024-09-15T12:38:35.145+0000] {spark_submit.py:579} INFO - 24/09/15 12:38:35 INFO SparkContext: Java version 17.0.12
[2024-09-15T12:38:35.342+0000] {spark_submit.py:579} INFO - 24/09/15 12:38:35 WARN NativeCodeLoader: Unable to load native-hadoop library for your platform... using builtin-java classes where applicable
[2024-09-15T12:38:35.668+0000] {spark_submit.py:579} INFO - 24/09/15 12:38:35 INFO ResourceUtils: ==============================================================
[2024-09-15T12:38:35.670+0000] {spark_submit.py:579} INFO - 24/09/15 12:38:35 INFO ResourceUtils: No custom resources configured for spark.driver.
[2024-09-15T12:38:35.672+0000] {spark_submit.py:579} INFO - 24/09/15 12:38:35 INFO ResourceUtils: ==============================================================
[2024-09-15T12:38:35.674+0000] {spark_submit.py:579} INFO - 24/09/15 12:38:35 INFO SparkContext: Submitted application: Airbnb_regr_model
[2024-09-15T12:38:35.777+0000] {spark_submit.py:579} INFO - 24/09/15 12:38:35 INFO ResourceProfile: Default ResourceProfile created, executor resources: Map(cores -> name: cores, amount: 1, script: , vendor: , memory -> name: memory, amount: 1024, script: , vendor: , offHeap -> name: offHeap, amount: 0, script: , vendor: ), task resources: Map(cpus -> name: cpus, amount: 1.0)
[2024-09-15T12:38:35.802+0000] {spark_submit.py:579} INFO - 24/09/15 12:38:35 INFO ResourceProfile: Limiting resource is cpu
[2024-09-15T12:38:35.804+0000] {spark_submit.py:579} INFO - 24/09/15 12:38:35 INFO ResourceProfileManager: Added ResourceProfile id: 0
[2024-09-15T12:38:36.017+0000] {spark_submit.py:579} INFO - 24/09/15 12:38:36 INFO SecurityManager: Changing view acls to: ***
[2024-09-15T12:38:36.019+0000] {spark_submit.py:579} INFO - 24/09/15 12:38:36 INFO SecurityManager: Changing modify acls to: ***
[2024-09-15T12:38:36.021+0000] {spark_submit.py:579} INFO - 24/09/15 12:38:36 INFO SecurityManager: Changing view acls groups to:
[2024-09-15T12:38:36.023+0000] {spark_submit.py:579} INFO - 24/09/15 12:38:36 INFO SecurityManager: Changing modify acls groups to:
[2024-09-15T12:38:36.024+0000] {spark_submit.py:579} INFO - 24/09/15 12:38:36 INFO SecurityManager: SecurityManager: authentication disabled; ui acls disabled; users with view permissions: ***; groups with view permissions: EMPTY; users with modify permissions: ***; groups with modify permissions: EMPTY
[2024-09-15T12:38:37.732+0000] {spark_submit.py:579} INFO - 24/09/15 12:38:37 INFO Utils: Successfully started service 'sparkDriver' on port 35899.
[2024-09-15T12:38:37.991+0000] {spark_submit.py:579} INFO - 24/09/15 12:38:37 INFO SparkEnv: Registering MapOutputTracker
[2024-09-15T12:38:38.115+0000] {spark_submit.py:579} INFO - 24/09/15 12:38:38 INFO SparkEnv: Registering BlockManagerMaster
[2024-09-15T12:38:38.176+0000] {spark_submit.py:579} INFO - 24/09/15 12:38:38 INFO BlockManagerMasterEndpoint: Using org.apache.spark.storage.DefaultTopologyMapper for getting topology information
[2024-09-15T12:38:38.178+0000] {spark_submit.py:579} INFO - 24/09/15 12:38:38 INFO BlockManagerMasterEndpoint: BlockManagerMasterEndpoint up
[2024-09-15T12:38:38.194+0000] {spark_submit.py:579} INFO - 24/09/15 12:38:38 INFO SparkEnv: Registering BlockManagerMasterHeartbeat
[2024-09-15T12:38:38.292+0000] {spark_submit.py:579} INFO - 24/09/15 12:38:38 INFO DiskBlockManager: Created local directory at /tmp/blockmgr-d6ac1bfc-a6fa-4a6c-adbd-ecc711420cd8
[2024-09-15T12:38:38.346+0000] {spark_submit.py:579} INFO - 24/09/15 12:38:38 INFO MemoryStore: MemoryStore started with capacity 434.4 MiB
[2024-09-15T12:38:38.400+0000] {spark_submit.py:579} INFO - 24/09/15 12:38:38 INFO SparkEnv: Registering OutputCommitCoordinator
[2024-09-15T12:38:40.203+0000] {spark_submit.py:579} INFO - 24/09/15 12:38:40 INFO JettyUtils: Start Jetty 0.0.0.0:4040 for SparkUI
[2024-09-15T12:38:40.550+0000] {spark_submit.py:579} INFO - 24/09/15 12:38:40 INFO Utils: Successfully started service 'SparkUI' on port 4040.
[2024-09-15T12:38:40.821+0000] {spark_submit.py:579} INFO - 24/09/15 12:38:40 INFO Executor: Starting executor ID driver on host fb744bf0dc86
[2024-09-15T12:38:40.823+0000] {spark_submit.py:579} INFO - 24/09/15 12:38:40 INFO Executor: OS info Linux, 5.15.153.1-microsoft-standard-WSL2, amd64
[2024-09-15T12:38:40.826+0000] {spark_submit.py:579} INFO - 24/09/15 12:38:40 INFO Executor: Java version 17.0.12
[2024-09-15T12:38:40.853+0000] {spark_submit.py:579} INFO - 24/09/15 12:38:40 INFO Executor: Starting executor with user classpath (userClassPathFirst = false): ''
[2024-09-15T12:38:40.857+0000] {spark_submit.py:579} INFO - 24/09/15 12:38:40 INFO Executor: Created or updated repl class loader org.apache.spark.util.MutableURLClassLoader@7432b5cc for default.
[2024-09-15T12:38:40.933+0000] {spark_submit.py:579} INFO - 24/09/15 12:38:40 INFO Utils: Successfully started service 'org.apache.spark.network.netty.NettyBlockTransferService' on port 45925.
[2024-09-15T12:38:40.935+0000] {spark_submit.py:579} INFO - 24/09/15 12:38:40 INFO NettyBlockTransferService: Server created on fb744bf0dc86:45925
[2024-09-15T12:38:40.939+0000] {spark_submit.py:579} INFO - 24/09/15 12:38:40 INFO BlockManager: Using org.apache.spark.storage.RandomBlockReplicationPolicy for block replication policy
[2024-09-15T12:38:40.957+0000] {spark_submit.py:579} INFO - 24/09/15 12:38:40 INFO BlockManagerMaster: Registering BlockManager BlockManagerId(driver, fb744bf0dc86, 45925, None)
[2024-09-15T12:38:40.967+0000] {spark_submit.py:579} INFO - 24/09/15 12:38:40 INFO BlockManagerMasterEndpoint: Registering block manager fb744bf0dc86:45925 with 434.4 MiB RAM, BlockManagerId(driver, fb744bf0dc86, 45925, None)
[2024-09-15T12:38:40.978+0000] {spark_submit.py:579} INFO - 24/09/15 12:38:40 INFO BlockManagerMaster: Registered BlockManager BlockManagerId(driver, fb744bf0dc86, 45925, None)
[2024-09-15T12:38:40.982+0000] {spark_submit.py:579} INFO - 24/09/15 12:38:40 INFO BlockManager: Initialized BlockManager: BlockManagerId(driver, fb744bf0dc86, 45925, None)
[2024-09-15T12:38:44.816+0000] {spark_submit.py:579} INFO - 24/09/15 12:38:44 INFO SharedState: Setting hive.metastore.warehouse.dir ('null') to the value of spark.sql.warehouse.dir.
[2024-09-15T12:38:44.848+0000] {spark_submit.py:579} INFO - 24/09/15 12:38:44 INFO SharedState: Warehouse path is 'file:/user/hive/warehouse'.
[2024-09-15T12:38:48.220+0000] {spark_submit.py:579} INFO - 24/09/15 12:38:48 INFO InMemoryFileIndex: It took 133 ms to list leaf files for 1 paths.
[2024-09-15T12:38:48.416+0000] {spark_submit.py:579} INFO - 24/09/15 12:38:48 INFO InMemoryFileIndex: It took 4 ms to list leaf files for 1 paths.
[2024-09-15T12:38:55.965+0000] {spark_submit.py:579} INFO - 24/09/15 12:38:55 INFO FileSourceStrategy: Pushed Filters:
[2024-09-15T12:38:55.971+0000] {spark_submit.py:579} INFO - 24/09/15 12:38:55 INFO FileSourceStrategy: Post-Scan Filters:
[2024-09-15T12:38:56.784+0000] {spark_submit.py:579} INFO - 24/09/15 12:38:56 INFO MemoryStore: Block broadcast_0 stored as values in memory (estimated size 200.2 KiB, free 434.2 MiB)
[2024-09-15T12:38:56.998+0000] {spark_submit.py:579} INFO - 24/09/15 12:38:56 INFO MemoryStore: Block broadcast_0_piece0 stored as bytes in memory (estimated size 34.5 KiB, free 434.2 MiB)
[2024-09-15T12:38:57.005+0000] {spark_submit.py:579} INFO - 24/09/15 12:38:57 INFO BlockManagerInfo: Added broadcast_0_piece0 in memory on fb744bf0dc86:45925 (size: 34.5 KiB, free: 434.4 MiB)
[2024-09-15T12:38:57.019+0000] {spark_submit.py:579} INFO - 24/09/15 12:38:57 INFO SparkContext: Created broadcast 0 from csv at NativeMethodAccessorImpl.java:0
[2024-09-15T12:38:57.050+0000] {spark_submit.py:579} INFO - 24/09/15 12:38:57 INFO FileSourceScanExec: Planning scan with bin packing, max size: 4194304 bytes, open cost is considered as scanning 4194304 bytes.
[2024-09-15T12:38:59.858+0000] {spark_submit.py:579} INFO - 24/09/15 12:38:59 INFO CodeGenerator: Code generated in 1275.611442 ms
[2024-09-15T12:39:00.088+0000] {spark_submit.py:579} INFO - 24/09/15 12:39:00 INFO SparkContext: Starting job: csv at NativeMethodAccessorImpl.java:0
[2024-09-15T12:39:00.173+0000] {spark_submit.py:579} INFO - 24/09/15 12:39:00 INFO DAGScheduler: Got job 0 (csv at NativeMethodAccessorImpl.java:0) with 1 output partitions
[2024-09-15T12:39:00.174+0000] {spark_submit.py:579} INFO - 24/09/15 12:39:00 INFO DAGScheduler: Final stage: ResultStage 0 (csv at NativeMethodAccessorImpl.java:0)
[2024-09-15T12:39:00.176+0000] {spark_submit.py:579} INFO - 24/09/15 12:39:00 INFO DAGScheduler: Parents of final stage: List()
[2024-09-15T12:39:00.179+0000] {spark_submit.py:579} INFO - 24/09/15 12:39:00 INFO DAGScheduler: Missing parents: List()
[2024-09-15T12:39:00.187+0000] {spark_submit.py:579} INFO - 24/09/15 12:39:00 INFO DAGScheduler: Submitting ResultStage 0 (MapPartitionsRDD[6] at csv at NativeMethodAccessorImpl.java:0), which has no missing parents
[2024-09-15T12:39:00.415+0000] {spark_submit.py:579} INFO - 24/09/15 12:39:00 INFO MemoryStore: Block broadcast_1 stored as values in memory (estimated size 19.1 KiB, free 434.2 MiB)
[2024-09-15T12:39:00.472+0000] {spark_submit.py:579} INFO - 24/09/15 12:39:00 INFO MemoryStore: Block broadcast_1_piece0 stored as bytes in memory (estimated size 8.3 KiB, free 434.1 MiB)
[2024-09-15T12:39:00.474+0000] {spark_submit.py:579} INFO - 24/09/15 12:39:00 INFO BlockManagerInfo: Added broadcast_1_piece0 in memory on fb744bf0dc86:45925 (size: 8.3 KiB, free: 434.4 MiB)
[2024-09-15T12:39:00.476+0000] {spark_submit.py:579} INFO - 24/09/15 12:39:00 INFO SparkContext: Created broadcast 1 from broadcast at DAGScheduler.scala:1585
[2024-09-15T12:39:00.550+0000] {spark_submit.py:579} INFO - 24/09/15 12:39:00 INFO DAGScheduler: Submitting 1 missing tasks from ResultStage 0 (MapPartitionsRDD[6] at csv at NativeMethodAccessorImpl.java:0) (first 15 tasks are for partitions Vector(0))
[2024-09-15T12:39:00.554+0000] {spark_submit.py:579} INFO - 24/09/15 12:39:00 INFO TaskSchedulerImpl: Adding task set 0.0 with 1 tasks resource profile 0
[2024-09-15T12:39:00.702+0000] {spark_submit.py:579} INFO - 24/09/15 12:39:00 INFO TaskSetManager: Starting task 0.0 in stage 0.0 (TID 0) (fb744bf0dc86, executor driver, partition 0, PROCESS_LOCAL, 9601 bytes)
[2024-09-15T12:39:00.745+0000] {spark_submit.py:579} INFO - 24/09/15 12:39:00 INFO Executor: Running task 0.0 in stage 0.0 (TID 0)
[2024-09-15T12:39:01.342+0000] {spark_submit.py:579} INFO - 24/09/15 12:39:01 INFO CodeGenerator: Code generated in 64.105989 ms
[2024-09-15T12:39:01.351+0000] {spark_submit.py:579} INFO - 24/09/15 12:39:01 INFO FileScanRDD: Reading File path: file:///opt/***/datasets/Airbnb.csv, range: 0-4194304, partition values: [empty row]
[2024-09-15T12:39:01.398+0000] {spark_submit.py:579} INFO - 24/09/15 12:39:01 INFO CodeGenerator: Code generated in 30.591447 ms
[2024-09-15T12:39:01.556+0000] {spark_submit.py:579} INFO - 24/09/15 12:39:01 INFO Executor: Finished task 0.0 in stage 0.0 (TID 0). 1851 bytes result sent to driver
[2024-09-15T12:39:01.583+0000] {spark_submit.py:579} INFO - 24/09/15 12:39:01 INFO TaskSetManager: Finished task 0.0 in stage 0.0 (TID 0) in 917 ms on fb744bf0dc86 (executor driver) (1/1)
[2024-09-15T12:39:01.588+0000] {spark_submit.py:579} INFO - 24/09/15 12:39:01 INFO TaskSchedulerImpl: Removed TaskSet 0.0, whose tasks have all completed, from pool
[2024-09-15T12:39:01.605+0000] {spark_submit.py:579} INFO - 24/09/15 12:39:01 INFO DAGScheduler: ResultStage 0 (csv at NativeMethodAccessorImpl.java:0) finished in 1.385 s
[2024-09-15T12:39:01.613+0000] {spark_submit.py:579} INFO - 24/09/15 12:39:01 INFO DAGScheduler: Job 0 is finished. Cancelling potential speculative or zombie tasks for this job
[2024-09-15T12:39:01.614+0000] {spark_submit.py:579} INFO - 24/09/15 12:39:01 INFO TaskSchedulerImpl: Killing all running tasks in stage 0: Stage finished
[2024-09-15T12:39:01.620+0000] {spark_submit.py:579} INFO - 24/09/15 12:39:01 INFO DAGScheduler: Job 0 finished: csv at NativeMethodAccessorImpl.java:0, took 1.530405 s
[2024-09-15T12:39:01.677+0000] {spark_submit.py:579} INFO - 24/09/15 12:39:01 INFO CodeGenerator: Code generated in 23.055355 ms
[2024-09-15T12:39:01.933+0000] {spark_submit.py:579} INFO - 24/09/15 12:39:01 INFO SparkContext: Starting job: csv at NativeMethodAccessorImpl.java:0
[2024-09-15T12:39:01.937+0000] {spark_submit.py:579} INFO - 24/09/15 12:39:01 INFO DAGScheduler: Got job 1 (csv at NativeMethodAccessorImpl.java:0) with 2 output partitions
[2024-09-15T12:39:01.938+0000] {spark_submit.py:579} INFO - 24/09/15 12:39:01 INFO DAGScheduler: Final stage: ResultStage 1 (csv at NativeMethodAccessorImpl.java:0)
[2024-09-15T12:39:01.940+0000] {spark_submit.py:579} INFO - 24/09/15 12:39:01 INFO DAGScheduler: Parents of final stage: List()
[2024-09-15T12:39:01.942+0000] {spark_submit.py:579} INFO - 24/09/15 12:39:01 INFO DAGScheduler: Missing parents: List()
[2024-09-15T12:39:01.943+0000] {spark_submit.py:579} INFO - 24/09/15 12:39:01 INFO DAGScheduler: Submitting ResultStage 1 (MapPartitionsRDD[10] at csv at NativeMethodAccessorImpl.java:0), which has no missing parents
[2024-09-15T12:39:01.957+0000] {spark_submit.py:579} INFO - 24/09/15 12:39:01 INFO MemoryStore: Block broadcast_2 stored as values in memory (estimated size 19.7 KiB, free 434.1 MiB)
[2024-09-15T12:39:01.963+0000] {spark_submit.py:579} INFO - 24/09/15 12:39:01 INFO MemoryStore: Block broadcast_2_piece0 stored as bytes in memory (estimated size 9.1 KiB, free 434.1 MiB)
[2024-09-15T12:39:01.967+0000] {spark_submit.py:579} INFO - 24/09/15 12:39:01 INFO BlockManagerInfo: Added broadcast_2_piece0 in memory on fb744bf0dc86:45925 (size: 9.1 KiB, free: 434.3 MiB)
[2024-09-15T12:39:01.969+0000] {spark_submit.py:579} INFO - 24/09/15 12:39:01 INFO SparkContext: Created broadcast 2 from broadcast at DAGScheduler.scala:1585
[2024-09-15T12:39:01.972+0000] {spark_submit.py:579} INFO - 24/09/15 12:39:01 INFO DAGScheduler: Submitting 2 missing tasks from ResultStage 1 (MapPartitionsRDD[10] at csv at NativeMethodAccessorImpl.java:0) (first 15 tasks are for partitions Vector(0, 1))
[2024-09-15T12:39:01.973+0000] {spark_submit.py:579} INFO - 24/09/15 12:39:01 INFO TaskSchedulerImpl: Adding task set 1.0 with 2 tasks resource profile 0
[2024-09-15T12:39:01.977+0000] {spark_submit.py:579} INFO - 24/09/15 12:39:01 INFO TaskSetManager: Starting task 0.0 in stage 1.0 (TID 1) (fb744bf0dc86, executor driver, partition 0, PROCESS_LOCAL, 9601 bytes)
[2024-09-15T12:39:01.978+0000] {spark_submit.py:579} INFO - 24/09/15 12:39:01 INFO TaskSetManager: Starting task 1.0 in stage 1.0 (TID 2) (fb744bf0dc86, executor driver, partition 1, PROCESS_LOCAL, 9601 bytes)
[2024-09-15T12:39:01.981+0000] {spark_submit.py:579} INFO - 24/09/15 12:39:01 INFO Executor: Running task 0.0 in stage 1.0 (TID 1)
[2024-09-15T12:39:01.983+0000] {spark_submit.py:579} INFO - 24/09/15 12:39:01 INFO Executor: Running task 1.0 in stage 1.0 (TID 2)
[2024-09-15T12:39:02.036+0000] {spark_submit.py:579} INFO - 24/09/15 12:39:02 INFO FileScanRDD: Reading File path: file:///opt/***/datasets/Airbnb.csv, range: 0-4194304, partition values: [empty row]
[2024-09-15T12:39:02.038+0000] {spark_submit.py:579} INFO - 24/09/15 12:39:02 INFO FileScanRDD: Reading File path: file:///opt/***/datasets/Airbnb.csv, range: 4194304-7081245, partition values: [empty row]
[2024-09-15T12:39:02.128+0000] {spark_submit.py:579} INFO - 24/09/15 12:39:02 INFO BlockManagerInfo: Removed broadcast_1_piece0 on fb744bf0dc86:45925 in memory (size: 8.3 KiB, free: 434.4 MiB)
[2024-09-15T12:39:03.645+0000] {spark_submit.py:579} INFO - 24/09/15 12:39:03 INFO Executor: Finished task 1.0 in stage 1.0 (TID 2). 1546 bytes result sent to driver
[2024-09-15T12:39:03.660+0000] {spark_submit.py:579} INFO - 24/09/15 12:39:03 INFO TaskSetManager: Finished task 1.0 in stage 1.0 (TID 2) in 1682 ms on fb744bf0dc86 (executor driver) (1/2)
[2024-09-15T12:39:04.070+0000] {spark_submit.py:579} INFO - 24/09/15 12:39:04 INFO Executor: Finished task 0.0 in stage 1.0 (TID 1). 1546 bytes result sent to driver
[2024-09-15T12:39:04.076+0000] {spark_submit.py:579} INFO - 24/09/15 12:39:04 INFO TaskSetManager: Finished task 0.0 in stage 1.0 (TID 1) in 2100 ms on fb744bf0dc86 (executor driver) (2/2)
[2024-09-15T12:39:04.078+0000] {spark_submit.py:579} INFO - 24/09/15 12:39:04 INFO TaskSchedulerImpl: Removed TaskSet 1.0, whose tasks have all completed, from pool
[2024-09-15T12:39:04.081+0000] {spark_submit.py:579} INFO - 24/09/15 12:39:04 INFO DAGScheduler: ResultStage 1 (csv at NativeMethodAccessorImpl.java:0) finished in 2.130 s
[2024-09-15T12:39:04.083+0000] {spark_submit.py:579} INFO - 24/09/15 12:39:04 INFO DAGScheduler: Job 1 is finished. Cancelling potential speculative or zombie tasks for this job
[2024-09-15T12:39:04.085+0000] {spark_submit.py:579} INFO - 24/09/15 12:39:04 INFO TaskSchedulerImpl: Killing all running tasks in stage 1: Stage finished
[2024-09-15T12:39:04.087+0000] {spark_submit.py:579} INFO - 24/09/15 12:39:04 INFO DAGScheduler: Job 1 finished: csv at NativeMethodAccessorImpl.java:0, took 2.149436 s
[2024-09-15T12:39:04.830+0000] {spark_submit.py:579} INFO - 24/09/15 12:39:04 INFO HiveConf: Found configuration file null
[2024-09-15T12:39:04.868+0000] {spark_submit.py:579} INFO - 24/09/15 12:39:04 INFO HiveUtils: Initializing HiveMetastoreConnection version 2.3.9 using Spark classes.
[2024-09-15T12:39:06.090+0000] {spark_submit.py:579} INFO - 24/09/15 12:39:06 INFO HiveClientImpl: Warehouse location for Hive client (version 2.3.9) is file:/user/hive/warehouse
[2024-09-15T12:39:06.241+0000] {spark_submit.py:579} INFO - 24/09/15 12:39:06 INFO metastore: Trying to connect to metastore with URI thrift://hive-metastore:9083
[2024-09-15T12:39:06.380+0000] {spark_submit.py:579} INFO - 24/09/15 12:39:06 INFO metastore: Opened a connection to metastore, current connections: 1
[2024-09-15T12:39:06.489+0000] {spark_submit.py:579} INFO - 24/09/15 12:39:06 INFO metastore: Connected to metastore.
[2024-09-15T12:39:10.576+0000] {spark_submit.py:579} INFO - 24/09/15 12:39:10 INFO FileSourceStrategy: Pushed Filters: IsNotNull(availability_365),GreaterThan(availability_365,15)
[2024-09-15T12:39:10.578+0000] {spark_submit.py:579} INFO - 24/09/15 12:39:10 INFO FileSourceStrategy: Post-Scan Filters: isnotnull(availability_365#36),atleastnnonnulls(8, neighbourhood_group#25, neighbourhood#26, room_type#29, price#30, minimum_nights#31, number_of_reviews#32, calculated_host_listings_count#35, availability_365#36),(availability_365#36 > 15)
[2024-09-15T12:39:11.483+0000] {spark_submit.py:579} INFO - 24/09/15 12:39:11 INFO CodeGenerator: Code generated in 260.352588 ms
[2024-09-15T12:39:11.504+0000] {spark_submit.py:579} INFO - 24/09/15 12:39:11 INFO MemoryStore: Block broadcast_3 stored as values in memory (estimated size 200.1 KiB, free 433.9 MiB)
[2024-09-15T12:39:11.852+0000] {spark_submit.py:579} INFO - 24/09/15 12:39:11 INFO MemoryStore: Block broadcast_3_piece0 stored as bytes in memory (estimated size 34.5 KiB, free 433.9 MiB)
[2024-09-15T12:39:11.854+0000] {spark_submit.py:579} INFO - 24/09/15 12:39:11 INFO BlockManagerInfo: Added broadcast_3_piece0 in memory on fb744bf0dc86:45925 (size: 34.5 KiB, free: 434.3 MiB)
[2024-09-15T12:39:11.857+0000] {spark_submit.py:579} INFO - 24/09/15 12:39:11 INFO SparkContext: Created broadcast 3 from saveAsTable at NativeMethodAccessorImpl.java:0
[2024-09-15T12:39:11.887+0000] {spark_submit.py:579} INFO - 24/09/15 12:39:11 INFO FileSourceScanExec: Planning scan with bin packing, max size: 4194304 bytes, open cost is considered as scanning 4194304 bytes.
[2024-09-15T12:39:12.441+0000] {spark_submit.py:579} INFO - 24/09/15 12:39:12 INFO BlockManagerInfo: Removed broadcast_2_piece0 on fb744bf0dc86:45925 in memory (size: 9.1 KiB, free: 434.3 MiB)
[2024-09-15T12:39:12.486+0000] {spark_submit.py:579} INFO - 24/09/15 12:39:12 INFO BlockManagerInfo: Removed broadcast_0_piece0 on fb744bf0dc86:45925 in memory (size: 34.5 KiB, free: 434.4 MiB)
[2024-09-15T12:39:13.179+0000] {spark_submit.py:579} INFO - 24/09/15 12:39:13 INFO DAGScheduler: Registering RDD 14 (saveAsTable at NativeMethodAccessorImpl.java:0) as input to shuffle 0
[2024-09-15T12:39:13.193+0000] {spark_submit.py:579} INFO - 24/09/15 12:39:13 INFO DAGScheduler: Got map stage job 2 (saveAsTable at NativeMethodAccessorImpl.java:0) with 2 output partitions
[2024-09-15T12:39:13.195+0000] {spark_submit.py:579} INFO - 24/09/15 12:39:13 INFO DAGScheduler: Final stage: ShuffleMapStage 2 (saveAsTable at NativeMethodAccessorImpl.java:0)
[2024-09-15T12:39:13.199+0000] {spark_submit.py:579} INFO - 24/09/15 12:39:13 INFO DAGScheduler: Parents of final stage: List()
[2024-09-15T12:39:13.201+0000] {spark_submit.py:579} INFO - 24/09/15 12:39:13 INFO DAGScheduler: Missing parents: List()
[2024-09-15T12:39:13.204+0000] {spark_submit.py:579} INFO - 24/09/15 12:39:13 INFO DAGScheduler: Submitting ShuffleMapStage 2 (MapPartitionsRDD[14] at saveAsTable at NativeMethodAccessorImpl.java:0), which has no missing parents
[2024-09-15T12:39:13.246+0000] {spark_submit.py:579} INFO - 24/09/15 12:39:13 INFO MemoryStore: Block broadcast_4 stored as values in memory (estimated size 55.7 KiB, free 434.1 MiB)
[2024-09-15T12:39:13.255+0000] {spark_submit.py:579} INFO - 24/09/15 12:39:13 INFO MemoryStore: Block broadcast_4_piece0 stored as bytes in memory (estimated size 23.8 KiB, free 434.1 MiB)
[2024-09-15T12:39:13.263+0000] {spark_submit.py:579} INFO - 24/09/15 12:39:13 INFO BlockManagerInfo: Added broadcast_4_piece0 in memory on fb744bf0dc86:45925 (size: 23.8 KiB, free: 434.3 MiB)
[2024-09-15T12:39:13.266+0000] {spark_submit.py:579} INFO - 24/09/15 12:39:13 INFO SparkContext: Created broadcast 4 from broadcast at DAGScheduler.scala:1585
[2024-09-15T12:39:13.273+0000] {spark_submit.py:579} INFO - 24/09/15 12:39:13 INFO DAGScheduler: Submitting 2 missing tasks from ShuffleMapStage 2 (MapPartitionsRDD[14] at saveAsTable at NativeMethodAccessorImpl.java:0) (first 15 tasks are for partitions Vector(0, 1))
[2024-09-15T12:39:13.274+0000] {spark_submit.py:579} INFO - 24/09/15 12:39:13 INFO TaskSchedulerImpl: Adding task set 2.0 with 2 tasks resource profile 0
[2024-09-15T12:39:13.281+0000] {spark_submit.py:579} INFO - 24/09/15 12:39:13 INFO TaskSetManager: Starting task 0.0 in stage 2.0 (TID 3) (fb744bf0dc86, executor driver, partition 0, PROCESS_LOCAL, 9590 bytes)
[2024-09-15T12:39:13.283+0000] {spark_submit.py:579} INFO - 24/09/15 12:39:13 INFO TaskSetManager: Starting task 1.0 in stage 2.0 (TID 4) (fb744bf0dc86, executor driver, partition 1, PROCESS_LOCAL, 9590 bytes)
[2024-09-15T12:39:13.286+0000] {spark_submit.py:579} INFO - 24/09/15 12:39:13 INFO Executor: Running task 0.0 in stage 2.0 (TID 3)
[2024-09-15T12:39:13.287+0000] {spark_submit.py:579} INFO - 24/09/15 12:39:13 INFO Executor: Running task 1.0 in stage 2.0 (TID 4)
[2024-09-15T12:39:13.505+0000] {spark_submit.py:579} INFO - 24/09/15 12:39:13 INFO CodeGenerator: Code generated in 135.967615 ms
[2024-09-15T12:39:13.568+0000] {spark_submit.py:579} INFO - 24/09/15 12:39:13 INFO CodeGenerator: Code generated in 36.302618 ms
[2024-09-15T12:39:13.656+0000] {spark_submit.py:579} INFO - 24/09/15 12:39:13 INFO CodeGenerator: Code generated in 30.66052 ms
[2024-09-15T12:39:13.716+0000] {spark_submit.py:579} INFO - 24/09/15 12:39:13 INFO CodeGenerator: Code generated in 29.231133 ms
[2024-09-15T12:39:13.758+0000] {spark_submit.py:579} INFO - 24/09/15 12:39:13 INFO FileScanRDD: Reading File path: file:///opt/***/datasets/Airbnb.csv, range: 4194304-7081245, partition values: [empty row]
[2024-09-15T12:39:13.759+0000] {spark_submit.py:579} INFO - 24/09/15 12:39:13 INFO FileScanRDD: Reading File path: file:///opt/***/datasets/Airbnb.csv, range: 0-4194304, partition values: [empty row]
[2024-09-15T12:39:13.805+0000] {spark_submit.py:579} INFO - 24/09/15 12:39:13 INFO CodeGenerator: Code generated in 27.804587 ms
[2024-09-15T12:39:13.888+0000] {spark_submit.py:579} INFO - 24/09/15 12:39:13 INFO CodeGenerator: Code generated in 13.2277 ms
[2024-09-15T12:39:16.679+0000] {spark_submit.py:579} INFO - 24/09/15 12:39:16 INFO Executor: Finished task 1.0 in stage 2.0 (TID 4). 2864 bytes result sent to driver
[2024-09-15T12:39:16.680+0000] {spark_submit.py:579} INFO - 24/09/15 12:39:16 INFO Executor: Finished task 0.0 in stage 2.0 (TID 3). 2864 bytes result sent to driver
[2024-09-15T12:39:16.686+0000] {spark_submit.py:579} INFO - 24/09/15 12:39:16 INFO TaskSetManager: Finished task 0.0 in stage 2.0 (TID 3) in 3408 ms on fb744bf0dc86 (executor driver) (1/2)
[2024-09-15T12:39:16.687+0000] {spark_submit.py:579} INFO - 24/09/15 12:39:16 INFO TaskSetManager: Finished task 1.0 in stage 2.0 (TID 4) in 3405 ms on fb744bf0dc86 (executor driver) (2/2)
[2024-09-15T12:39:16.689+0000] {spark_submit.py:579} INFO - 24/09/15 12:39:16 INFO TaskSchedulerImpl: Removed TaskSet 2.0, whose tasks have all completed, from pool
[2024-09-15T12:39:16.694+0000] {spark_submit.py:579} INFO - 24/09/15 12:39:16 INFO DAGScheduler: ShuffleMapStage 2 (saveAsTable at NativeMethodAccessorImpl.java:0) finished in 3.481 s
[2024-09-15T12:39:16.696+0000] {spark_submit.py:579} INFO - 24/09/15 12:39:16 INFO DAGScheduler: looking for newly runnable stages
[2024-09-15T12:39:16.697+0000] {spark_submit.py:579} INFO - 24/09/15 12:39:16 INFO DAGScheduler: running: Set()
[2024-09-15T12:39:16.698+0000] {spark_submit.py:579} INFO - 24/09/15 12:39:16 INFO DAGScheduler: waiting: Set()
[2024-09-15T12:39:16.699+0000] {spark_submit.py:579} INFO - 24/09/15 12:39:16 INFO DAGScheduler: failed: Set()
[2024-09-15T12:39:16.771+0000] {spark_submit.py:579} INFO - 24/09/15 12:39:16 INFO ShufflePartitionsUtil: For shuffle(0), advisory target size: 67108864, actual target size 1048576, minimum partition size: 1048576
[2024-09-15T12:39:16.948+0000] {spark_submit.py:579} INFO - 24/09/15 12:39:16 INFO ParquetUtils: Using default output committer for Parquet: org.apache.parquet.hadoop.ParquetOutputCommitter
[2024-09-15T12:39:16.981+0000] {spark_submit.py:579} INFO - 24/09/15 12:39:16 INFO FileOutputCommitter: File Output Committer Algorithm version is 1
[2024-09-15T12:39:16.982+0000] {spark_submit.py:579} INFO - 24/09/15 12:39:16 INFO FileOutputCommitter: FileOutputCommitter skip cleanup _temporary folders under output directory:false, ignore cleanup failures: false
[2024-09-15T12:39:16.984+0000] {spark_submit.py:579} INFO - 24/09/15 12:39:16 INFO SQLHadoopMapReduceCommitProtocol: Using user defined output committer class org.apache.parquet.hadoop.ParquetOutputCommitter
[2024-09-15T12:39:16.986+0000] {spark_submit.py:579} INFO - 24/09/15 12:39:16 INFO FileOutputCommitter: File Output Committer Algorithm version is 1
[2024-09-15T12:39:16.988+0000] {spark_submit.py:579} INFO - 24/09/15 12:39:16 INFO FileOutputCommitter: FileOutputCommitter skip cleanup _temporary folders under output directory:false, ignore cleanup failures: false
[2024-09-15T12:39:16.989+0000] {spark_submit.py:579} INFO - 24/09/15 12:39:16 INFO SQLHadoopMapReduceCommitProtocol: Using output committer class org.apache.parquet.hadoop.ParquetOutputCommitter
[2024-09-15T12:39:17.066+0000] {spark_submit.py:579} INFO - 24/09/15 12:39:17 INFO HashAggregateExec: spark.sql.codegen.aggregate.map.twolevel.enabled is set to true, but current version of codegened fast hashmap does not support this aggregate.
[2024-09-15T12:39:17.180+0000] {spark_submit.py:579} INFO - 24/09/15 12:39:17 INFO CodeGenerator: Code generated in 72.512828 ms
[2024-09-15T12:39:17.291+0000] {spark_submit.py:579} INFO - 24/09/15 12:39:17 INFO SparkContext: Starting job: saveAsTable at NativeMethodAccessorImpl.java:0
[2024-09-15T12:39:17.299+0000] {spark_submit.py:579} INFO - 24/09/15 12:39:17 INFO DAGScheduler: Got job 3 (saveAsTable at NativeMethodAccessorImpl.java:0) with 1 output partitions
[2024-09-15T12:39:17.301+0000] {spark_submit.py:579} INFO - 24/09/15 12:39:17 INFO DAGScheduler: Final stage: ResultStage 4 (saveAsTable at NativeMethodAccessorImpl.java:0)
[2024-09-15T12:39:17.307+0000] {spark_submit.py:579} INFO - 24/09/15 12:39:17 INFO DAGScheduler: Parents of final stage: List(ShuffleMapStage 3)
[2024-09-15T12:39:17.309+0000] {spark_submit.py:579} INFO - 24/09/15 12:39:17 INFO DAGScheduler: Missing parents: List()
[2024-09-15T12:39:17.311+0000] {spark_submit.py:579} INFO - 24/09/15 12:39:17 INFO DAGScheduler: Submitting ResultStage 4 (MapPartitionsRDD[17] at saveAsTable at NativeMethodAccessorImpl.java:0), which has no missing parents
[2024-09-15T12:39:17.426+0000] {spark_submit.py:579} INFO - 24/09/15 12:39:17 INFO MemoryStore: Block broadcast_5 stored as values in memory (estimated size 261.5 KiB, free 433.8 MiB)
[2024-09-15T12:39:17.432+0000] {spark_submit.py:579} INFO - 24/09/15 12:39:17 INFO MemoryStore: Block broadcast_5_piece0 stored as bytes in memory (estimated size 96.7 KiB, free 433.7 MiB)
[2024-09-15T12:39:17.434+0000] {spark_submit.py:579} INFO - 24/09/15 12:39:17 INFO BlockManagerInfo: Added broadcast_5_piece0 in memory on fb744bf0dc86:45925 (size: 96.7 KiB, free: 434.2 MiB)
[2024-09-15T12:39:17.437+0000] {spark_submit.py:579} INFO - 24/09/15 12:39:17 INFO SparkContext: Created broadcast 5 from broadcast at DAGScheduler.scala:1585
[2024-09-15T12:39:17.439+0000] {spark_submit.py:579} INFO - 24/09/15 12:39:17 INFO DAGScheduler: Submitting 1 missing tasks from ResultStage 4 (MapPartitionsRDD[17] at saveAsTable at NativeMethodAccessorImpl.java:0) (first 15 tasks are for partitions Vector(0))
[2024-09-15T12:39:17.441+0000] {spark_submit.py:579} INFO - 24/09/15 12:39:17 INFO TaskSchedulerImpl: Adding task set 4.0 with 1 tasks resource profile 0
[2024-09-15T12:39:17.459+0000] {spark_submit.py:579} INFO - 24/09/15 12:39:17 INFO TaskSetManager: Starting task 0.0 in stage 4.0 (TID 5) (fb744bf0dc86, executor driver, partition 0, NODE_LOCAL, 8999 bytes)
[2024-09-15T12:39:17.462+0000] {spark_submit.py:579} INFO - 24/09/15 12:39:17 INFO Executor: Running task 0.0 in stage 4.0 (TID 5)
[2024-09-15T12:39:17.640+0000] {spark_submit.py:579} INFO - 24/09/15 12:39:17 INFO ShuffleBlockFetcherIterator: Getting 2 (961.0 B) non-empty blocks including 2 (961.0 B) local and 0 (0.0 B) host-local and 0 (0.0 B) push-merged-local and 0 (0.0 B) remote blocks
[2024-09-15T12:39:17.651+0000] {spark_submit.py:579} INFO - 24/09/15 12:39:17 INFO ShuffleBlockFetcherIterator: Started 0 remote fetches in 39 ms
[2024-09-15T12:39:17.754+0000] {spark_submit.py:579} INFO - 24/09/15 12:39:17 INFO CodeGenerator: Code generated in 80.114982 ms
[2024-09-15T12:39:17.757+0000] {spark_submit.py:579} INFO - 24/09/15 12:39:17 INFO FileOutputCommitter: File Output Committer Algorithm version is 1
[2024-09-15T12:39:17.759+0000] {spark_submit.py:579} INFO - 24/09/15 12:39:17 INFO FileOutputCommitter: FileOutputCommitter skip cleanup _temporary folders under output directory:false, ignore cleanup failures: false
[2024-09-15T12:39:17.760+0000] {spark_submit.py:579} INFO - 24/09/15 12:39:17 INFO SQLHadoopMapReduceCommitProtocol: Using user defined output committer class org.apache.parquet.hadoop.ParquetOutputCommitter
[2024-09-15T12:39:17.762+0000] {spark_submit.py:579} INFO - 24/09/15 12:39:17 INFO FileOutputCommitter: File Output Committer Algorithm version is 1
[2024-09-15T12:39:17.763+0000] {spark_submit.py:579} INFO - 24/09/15 12:39:17 INFO FileOutputCommitter: FileOutputCommitter skip cleanup _temporary folders under output directory:false, ignore cleanup failures: false
[2024-09-15T12:39:17.765+0000] {spark_submit.py:579} INFO - 24/09/15 12:39:17 INFO SQLHadoopMapReduceCommitProtocol: Using output committer class org.apache.parquet.hadoop.ParquetOutputCommitter
[2024-09-15T12:39:17.773+0000] {spark_submit.py:579} INFO - 24/09/15 12:39:17 INFO CodecConfig: Compression: SNAPPY
[2024-09-15T12:39:17.778+0000] {spark_submit.py:579} INFO - 24/09/15 12:39:17 INFO CodecConfig: Compression: SNAPPY
[2024-09-15T12:39:17.827+0000] {spark_submit.py:579} INFO - 24/09/15 12:39:17 INFO ParquetOutputFormat: ParquetRecordWriter [block size: 134217728b, row group padding size: 8388608b, validating: false]
[2024-09-15T12:39:17.913+0000] {spark_submit.py:579} INFO - 24/09/15 12:39:17 INFO ParquetWriteSupport: Initialized Parquet WriteSupport with Catalyst schema:
[2024-09-15T12:39:17.915+0000] {spark_submit.py:579} INFO - {
[2024-09-15T12:39:17.916+0000] {spark_submit.py:579} INFO - "type" : "struct",
[2024-09-15T12:39:17.917+0000] {spark_submit.py:579} INFO - "fields" : [ {
[2024-09-15T12:39:17.919+0000] {spark_submit.py:579} INFO - "name" : "neighbourhood_group",
[2024-09-15T12:39:17.920+0000] {spark_submit.py:579} INFO - "type" : "string",
[2024-09-15T12:39:17.922+0000] {spark_submit.py:579} INFO - "nullable" : true,
[2024-09-15T12:39:17.924+0000] {spark_submit.py:579} INFO - "metadata" : { }
[2024-09-15T12:39:17.925+0000] {spark_submit.py:579} INFO - }, {
[2024-09-15T12:39:17.927+0000] {spark_submit.py:579} INFO - "name" : "average_price",
[2024-09-15T12:39:17.928+0000] {spark_submit.py:579} INFO - "type" : "double",
[2024-09-15T12:39:17.929+0000] {spark_submit.py:579} INFO - "nullable" : true,
[2024-09-15T12:39:17.931+0000] {spark_submit.py:579} INFO - "metadata" : { }
[2024-09-15T12:39:17.932+0000] {spark_submit.py:579} INFO - }, {
[2024-09-15T12:39:17.934+0000] {spark_submit.py:579} INFO - "name" : "min_price",
[2024-09-15T12:39:17.935+0000] {spark_submit.py:579} INFO - "type" : "integer",
[2024-09-15T12:39:17.936+0000] {spark_submit.py:579} INFO - "nullable" : true,
[2024-09-15T12:39:17.938+0000] {spark_submit.py:579} INFO - "metadata" : { }
[2024-09-15T12:39:17.940+0000] {spark_submit.py:579} INFO - }, {
[2024-09-15T12:39:17.941+0000] {spark_submit.py:579} INFO - "name" : "max_price",
[2024-09-15T12:39:17.942+0000] {spark_submit.py:579} INFO - "type" : "integer",
[2024-09-15T12:39:17.944+0000] {spark_submit.py:579} INFO - "nullable" : true,
[2024-09-15T12:39:17.946+0000] {spark_submit.py:579} INFO - "metadata" : { }
[2024-09-15T12:39:17.947+0000] {spark_submit.py:579} INFO - }, {
[2024-09-15T12:39:17.949+0000] {spark_submit.py:579} INFO - "name" : "count",
[2024-09-15T12:39:17.950+0000] {spark_submit.py:579} INFO - "type" : "long",
[2024-09-15T12:39:17.952+0000] {spark_submit.py:579} INFO - "nullable" : false,
[2024-09-15T12:39:17.953+0000] {spark_submit.py:579} INFO - "metadata" : { }
[2024-09-15T12:39:17.954+0000] {spark_submit.py:579} INFO - } ]
[2024-09-15T12:39:17.955+0000] {spark_submit.py:579} INFO - }
[2024-09-15T12:39:17.956+0000] {spark_submit.py:579} INFO - and corresponding Parquet message type:
[2024-09-15T12:39:17.957+0000] {spark_submit.py:579} INFO - message spark_schema {
[2024-09-15T12:39:17.958+0000] {spark_submit.py:579} INFO - optional binary neighbourhood_group (STRING);
[2024-09-15T12:39:17.959+0000] {spark_submit.py:579} INFO - optional double average_price;
[2024-09-15T12:39:17.960+0000] {spark_submit.py:579} INFO - optional int32 min_price;
[2024-09-15T12:39:17.961+0000] {spark_submit.py:579} INFO - optional int32 max_price;
[2024-09-15T12:39:17.962+0000] {spark_submit.py:579} INFO - required int64 count;
[2024-09-15T12:39:17.963+0000] {spark_submit.py:579} INFO - }
[2024-09-15T12:39:17.964+0000] {spark_submit.py:579} INFO - 
[2024-09-15T12:39:17.965+0000] {spark_submit.py:579} INFO - 
[2024-09-15T12:39:18.089+0000] {spark_submit.py:579} INFO - 24/09/15 12:39:18 INFO CodecPool: Got brand-new compressor [.snappy]
[2024-09-15T12:39:20.492+0000] {spark_submit.py:579} INFO - 24/09/15 12:39:20 INFO FileOutputCommitter: Saved output of task 'attempt_202409151239175916628436438294865_0004_m_000000_5' to hdfs://namenode:9000/user/hive/warehouse/price_distribution/_temporary/0/task_202409151239175916628436438294865_0004_m_000000
[2024-09-15T12:39:20.495+0000] {spark_submit.py:579} INFO - 24/09/15 12:39:20 INFO SparkHadoopMapRedUtil: attempt_202409151239175916628436438294865_0004_m_000000_5: Committed. Elapsed time: 31 ms.
[2024-09-15T12:39:20.515+0000] {spark_submit.py:579} INFO - 24/09/15 12:39:20 INFO Executor: Finished task 0.0 in stage 4.0 (TID 5). 6236 bytes result sent to driver
[2024-09-15T12:39:20.522+0000] {spark_submit.py:579} INFO - 24/09/15 12:39:20 INFO TaskSetManager: Finished task 0.0 in stage 4.0 (TID 5) in 3067 ms on fb744bf0dc86 (executor driver) (1/1)
[2024-09-15T12:39:20.524+0000] {spark_submit.py:579} INFO - 24/09/15 12:39:20 INFO TaskSchedulerImpl: Removed TaskSet 4.0, whose tasks have all completed, from pool
[2024-09-15T12:39:20.527+0000] {spark_submit.py:579} INFO - 24/09/15 12:39:20 INFO DAGScheduler: ResultStage 4 (saveAsTable at NativeMethodAccessorImpl.java:0) finished in 3.180 s
[2024-09-15T12:39:20.529+0000] {spark_submit.py:579} INFO - 24/09/15 12:39:20 INFO DAGScheduler: Job 3 is finished. Cancelling potential speculative or zombie tasks for this job
[2024-09-15T12:39:20.531+0000] {spark_submit.py:579} INFO - 24/09/15 12:39:20 INFO TaskSchedulerImpl: Killing all running tasks in stage 4: Stage finished
[2024-09-15T12:39:20.533+0000] {spark_submit.py:579} INFO - 24/09/15 12:39:20 INFO DAGScheduler: Job 3 finished: saveAsTable at NativeMethodAccessorImpl.java:0, took 3.238189 s
[2024-09-15T12:39:20.539+0000] {spark_submit.py:579} INFO - 24/09/15 12:39:20 INFO FileFormatWriter: Start to commit write Job 2d0e77ed-c1d7-4bef-9236-ad1fc853b9da.
[2024-09-15T12:39:20.629+0000] {spark_submit.py:579} INFO - 24/09/15 12:39:20 INFO FileFormatWriter: Write Job 2d0e77ed-c1d7-4bef-9236-ad1fc853b9da committed. Elapsed time: 86 ms.
[2024-09-15T12:39:20.637+0000] {spark_submit.py:579} INFO - 24/09/15 12:39:20 INFO FileFormatWriter: Finished processing stats for write job 2d0e77ed-c1d7-4bef-9236-ad1fc853b9da.
[2024-09-15T12:39:20.702+0000] {spark_submit.py:579} INFO - 24/09/15 12:39:20 INFO InMemoryFileIndex: It took 30 ms to list leaf files for 1 paths.
[2024-09-15T12:39:20.795+0000] {spark_submit.py:579} INFO - 24/09/15 12:39:20 INFO HiveExternalCatalog: Persisting file based data source table `spark_catalog`.`default`.`price_distribution` into Hive metastore in Hive compatible format.
[2024-09-15T12:39:20.949+0000] {spark_submit.py:579} INFO - 24/09/15 12:39:20 INFO SQLStdHiveAccessController: Created SQLStdHiveAccessController for session context : HiveAuthzSessionContext [sessionString=a56705d3-95de-46c6-89cc-5de1beef0eda, clientType=HIVECLI]
[2024-09-15T12:39:20.957+0000] {spark_submit.py:579} INFO - 24/09/15 12:39:20 WARN SessionState: METASTORE_FILTER_HOOK will be ignored, since hive.security.authorization.manager is set to instance of HiveAuthorizerFactory.
[2024-09-15T12:39:20.958+0000] {spark_submit.py:579} INFO - 24/09/15 12:39:20 INFO metastore: Mestastore configuration hive.metastore.filter.hook changed from org.apache.hadoop.hive.metastore.DefaultMetaStoreFilterHookImpl to org.apache.hadoop.hive.ql.security.authorization.plugin.AuthorizationMetaStoreFilterHook
[2024-09-15T12:39:20.970+0000] {spark_submit.py:579} INFO - 24/09/15 12:39:20 INFO metastore: Closed a connection to metastore, current connections: 0
[2024-09-15T12:39:20.974+0000] {spark_submit.py:579} INFO - 24/09/15 12:39:20 INFO metastore: Trying to connect to metastore with URI thrift://hive-metastore:9083
[2024-09-15T12:39:20.977+0000] {spark_submit.py:579} INFO - 24/09/15 12:39:20 INFO metastore: Opened a connection to metastore, current connections: 1
[2024-09-15T12:39:20.980+0000] {spark_submit.py:579} INFO - 24/09/15 12:39:20 INFO metastore: Connected to metastore.
[2024-09-15T12:39:21.277+0000] {spark_submit.py:579} INFO - 24/09/15 12:39:21 INFO metastore: Trying to connect to metastore with URI thrift://hive-metastore:9083
[2024-09-15T12:39:21.280+0000] {spark_submit.py:579} INFO - 24/09/15 12:39:21 INFO metastore: Opened a connection to metastore, current connections: 2
[2024-09-15T12:39:21.283+0000] {spark_submit.py:579} INFO - 24/09/15 12:39:21 INFO metastore: Connected to metastore.
[2024-09-15T12:39:22.329+0000] {spark_submit.py:579} INFO - Таблица price_distribution успешно загружена в Hive!
[2024-09-15T12:39:24.832+0000] {spark_submit.py:579} INFO - Успешно создана таблица processed_airbnb_data!
[2024-09-15T12:39:25.807+0000] {spark_submit.py:579} INFO - 24/09/15 12:39:25 INFO FileSourceStrategy: Pushed Filters: IsNotNull(availability_365),GreaterThan(availability_365,15)
[2024-09-15T12:39:25.809+0000] {spark_submit.py:579} INFO - 24/09/15 12:39:25 INFO FileSourceStrategy: Post-Scan Filters: isnotnull(availability_365#36),atleastnnonnulls(8, neighbourhood_group#25, neighbourhood#26, room_type#29, price#30, minimum_nights#31, number_of_reviews#32, calculated_host_listings_count#35, availability_365#36),(availability_365#36 > 15)
[2024-09-15T12:39:25.842+0000] {spark_submit.py:579} INFO - 24/09/15 12:39:25 INFO FileUtils: Creating directory if it doesn't exist: hdfs://namenode:9000/user/hive/warehouse/processed_airbnb_data/.hive-staging_hive_2024-09-15_12-39-25_672_8707772178144978601-1
[2024-09-15T12:39:26.254+0000] {spark_submit.py:579} INFO - 24/09/15 12:39:26 INFO FileOutputCommitter: File Output Committer Algorithm version is 1
[2024-09-15T12:39:26.256+0000] {spark_submit.py:579} INFO - 24/09/15 12:39:26 INFO FileOutputCommitter: FileOutputCommitter skip cleanup _temporary folders under output directory:false, ignore cleanup failures: false
[2024-09-15T12:39:26.257+0000] {spark_submit.py:579} INFO - 24/09/15 12:39:26 INFO SQLHadoopMapReduceCommitProtocol: Using output committer class org.apache.hadoop.mapreduce.lib.output.FileOutputCommitter
[2024-09-15T12:39:26.396+0000] {spark_submit.py:579} INFO - 24/09/15 12:39:26 INFO CodeGenerator: Code generated in 58.970455 ms
[2024-09-15T12:39:26.408+0000] {spark_submit.py:579} INFO - 24/09/15 12:39:26 INFO MemoryStore: Block broadcast_6 stored as values in memory (estimated size 200.1 KiB, free 433.5 MiB)
[2024-09-15T12:39:26.434+0000] {spark_submit.py:579} INFO - 24/09/15 12:39:26 INFO BlockManagerInfo: Removed broadcast_5_piece0 on fb744bf0dc86:45925 in memory (size: 96.7 KiB, free: 434.3 MiB)
[2024-09-15T12:39:26.446+0000] {spark_submit.py:579} INFO - 24/09/15 12:39:26 INFO MemoryStore: Block broadcast_6_piece0 stored as bytes in memory (estimated size 34.5 KiB, free 433.9 MiB)
[2024-09-15T12:39:26.449+0000] {spark_submit.py:579} INFO - 24/09/15 12:39:26 INFO BlockManagerInfo: Added broadcast_6_piece0 in memory on fb744bf0dc86:45925 (size: 34.5 KiB, free: 434.3 MiB)
[2024-09-15T12:39:26.452+0000] {spark_submit.py:579} INFO - 24/09/15 12:39:26 INFO SparkContext: Created broadcast 6 from insertInto at NativeMethodAccessorImpl.java:0
[2024-09-15T12:39:26.457+0000] {spark_submit.py:579} INFO - 24/09/15 12:39:26 INFO FileSourceScanExec: Planning scan with bin packing, max size: 4194304 bytes, open cost is considered as scanning 4194304 bytes.
[2024-09-15T12:39:26.485+0000] {spark_submit.py:579} INFO - 24/09/15 12:39:26 INFO SparkContext: Starting job: insertInto at NativeMethodAccessorImpl.java:0
[2024-09-15T12:39:26.491+0000] {spark_submit.py:579} INFO - 24/09/15 12:39:26 INFO DAGScheduler: Got job 4 (insertInto at NativeMethodAccessorImpl.java:0) with 2 output partitions
[2024-09-15T12:39:26.493+0000] {spark_submit.py:579} INFO - 24/09/15 12:39:26 INFO DAGScheduler: Final stage: ResultStage 5 (insertInto at NativeMethodAccessorImpl.java:0)
[2024-09-15T12:39:26.495+0000] {spark_submit.py:579} INFO - 24/09/15 12:39:26 INFO DAGScheduler: Parents of final stage: List()
[2024-09-15T12:39:26.497+0000] {spark_submit.py:579} INFO - 24/09/15 12:39:26 INFO DAGScheduler: Missing parents: List()
[2024-09-15T12:39:26.501+0000] {spark_submit.py:579} INFO - 24/09/15 12:39:26 INFO DAGScheduler: Submitting ResultStage 5 (MapPartitionsRDD[21] at insertInto at NativeMethodAccessorImpl.java:0), which has no missing parents
[2024-09-15T12:39:26.612+0000] {spark_submit.py:579} INFO - 24/09/15 12:39:26 INFO MemoryStore: Block broadcast_7 stored as values in memory (estimated size 324.7 KiB, free 433.5 MiB)
[2024-09-15T12:39:26.647+0000] {spark_submit.py:579} INFO - 24/09/15 12:39:26 INFO MemoryStore: Block broadcast_7_piece0 stored as bytes in memory (estimated size 116.3 KiB, free 433.4 MiB)
[2024-09-15T12:39:26.649+0000] {spark_submit.py:579} INFO - 24/09/15 12:39:26 INFO BlockManagerInfo: Added broadcast_7_piece0 in memory on fb744bf0dc86:45925 (size: 116.3 KiB, free: 434.2 MiB)
[2024-09-15T12:39:26.653+0000] {spark_submit.py:579} INFO - 24/09/15 12:39:26 INFO SparkContext: Created broadcast 7 from broadcast at DAGScheduler.scala:1585
[2024-09-15T12:39:26.656+0000] {spark_submit.py:579} INFO - 24/09/15 12:39:26 INFO DAGScheduler: Submitting 2 missing tasks from ResultStage 5 (MapPartitionsRDD[21] at insertInto at NativeMethodAccessorImpl.java:0) (first 15 tasks are for partitions Vector(0, 1))
[2024-09-15T12:39:26.658+0000] {spark_submit.py:579} INFO - 24/09/15 12:39:26 INFO TaskSchedulerImpl: Adding task set 5.0 with 2 tasks resource profile 0
[2024-09-15T12:39:26.682+0000] {spark_submit.py:579} INFO - 24/09/15 12:39:26 INFO TaskSetManager: Starting task 0.0 in stage 5.0 (TID 6) (fb744bf0dc86, executor driver, partition 0, PROCESS_LOCAL, 9601 bytes)
[2024-09-15T12:39:26.688+0000] {spark_submit.py:579} INFO - 24/09/15 12:39:26 INFO TaskSetManager: Starting task 1.0 in stage 5.0 (TID 7) (fb744bf0dc86, executor driver, partition 1, PROCESS_LOCAL, 9601 bytes)
[2024-09-15T12:39:26.691+0000] {spark_submit.py:579} INFO - 24/09/15 12:39:26 INFO Executor: Running task 0.0 in stage 5.0 (TID 6)
[2024-09-15T12:39:26.695+0000] {spark_submit.py:579} INFO - 24/09/15 12:39:26 INFO Executor: Running task 1.0 in stage 5.0 (TID 7)
[2024-09-15T12:39:26.958+0000] {spark_submit.py:579} INFO - 24/09/15 12:39:26 INFO CodeGenerator: Code generated in 93.489523 ms
[2024-09-15T12:39:26.968+0000] {spark_submit.py:579} INFO - 24/09/15 12:39:26 INFO FileOutputCommitter: File Output Committer Algorithm version is 1
[2024-09-15T12:39:26.971+0000] {spark_submit.py:579} INFO - 24/09/15 12:39:26 INFO FileOutputCommitter: FileOutputCommitter skip cleanup _temporary folders under output directory:false, ignore cleanup failures: false
[2024-09-15T12:39:26.973+0000] {spark_submit.py:579} INFO - 24/09/15 12:39:26 INFO FileOutputCommitter: File Output Committer Algorithm version is 1
[2024-09-15T12:39:26.976+0000] {spark_submit.py:579} INFO - 24/09/15 12:39:26 INFO FileOutputCommitter: FileOutputCommitter skip cleanup _temporary folders under output directory:false, ignore cleanup failures: false
[2024-09-15T12:39:26.985+0000] {spark_submit.py:579} INFO - 24/09/15 12:39:26 INFO SQLHadoopMapReduceCommitProtocol: Using output committer class org.apache.hadoop.mapreduce.lib.output.FileOutputCommitter
[2024-09-15T12:39:26.987+0000] {spark_submit.py:579} INFO - 24/09/15 12:39:26 INFO FileScanRDD: Reading File path: file:///opt/***/datasets/Airbnb.csv, range: 4194304-7081245, partition values: [empty row]
[2024-09-15T12:39:26.989+0000] {spark_submit.py:579} INFO - 24/09/15 12:39:26 INFO SQLHadoopMapReduceCommitProtocol: Using output committer class org.apache.hadoop.mapreduce.lib.output.FileOutputCommitter
[2024-09-15T12:39:28.120+0000] {spark_submit.py:579} INFO - 24/09/15 12:39:28 INFO FileScanRDD: Reading File path: file:///opt/***/datasets/Airbnb.csv, range: 0-4194304, partition values: [empty row]
[2024-09-15T12:39:29.805+0000] {spark_submit.py:579} INFO - 24/09/15 12:39:29 INFO FileOutputCommitter: Saved output of task 'attempt_202409151239265736350305130859340_0005_m_000001_7' to hdfs://namenode:9000/user/hive/warehouse/processed_airbnb_data/.hive-staging_hive_2024-09-15_12-39-25_672_8707772178144978601-1/-ext-10000/_temporary/0/task_202409151239265736350305130859340_0005_m_000001
[2024-09-15T12:39:29.806+0000] {spark_submit.py:579} INFO - 24/09/15 12:39:29 INFO SparkHadoopMapRedUtil: attempt_202409151239265736350305130859340_0005_m_000001_7: Committed. Elapsed time: 34 ms.
[2024-09-15T12:39:29.815+0000] {spark_submit.py:579} INFO - 24/09/15 12:39:29 INFO Executor: Finished task 1.0 in stage 5.0 (TID 7). 2583 bytes result sent to driver
[2024-09-15T12:39:29.825+0000] {spark_submit.py:579} INFO - 24/09/15 12:39:29 INFO TaskSetManager: Finished task 1.0 in stage 5.0 (TID 7) in 3161 ms on fb744bf0dc86 (executor driver) (1/2)
[2024-09-15T12:39:30.155+0000] {spark_submit.py:579} INFO - 24/09/15 12:39:30 INFO FileOutputCommitter: Saved output of task 'attempt_202409151239265736350305130859340_0005_m_000000_6' to hdfs://namenode:9000/user/hive/warehouse/processed_airbnb_data/.hive-staging_hive_2024-09-15_12-39-25_672_8707772178144978601-1/-ext-10000/_temporary/0/task_202409151239265736350305130859340_0005_m_000000
[2024-09-15T12:39:30.157+0000] {spark_submit.py:579} INFO - 24/09/15 12:39:30 INFO SparkHadoopMapRedUtil: attempt_202409151239265736350305130859340_0005_m_000000_6: Committed. Elapsed time: 20 ms.
[2024-09-15T12:39:30.162+0000] {spark_submit.py:579} INFO - 24/09/15 12:39:30 INFO Executor: Finished task 0.0 in stage 5.0 (TID 6). 2626 bytes result sent to driver
[2024-09-15T12:39:30.171+0000] {spark_submit.py:579} INFO - 24/09/15 12:39:30 INFO TaskSetManager: Finished task 0.0 in stage 5.0 (TID 6) in 3509 ms on fb744bf0dc86 (executor driver) (2/2)
[2024-09-15T12:39:30.173+0000] {spark_submit.py:579} INFO - 24/09/15 12:39:30 INFO TaskSchedulerImpl: Removed TaskSet 5.0, whose tasks have all completed, from pool
[2024-09-15T12:39:30.175+0000] {spark_submit.py:579} INFO - 24/09/15 12:39:30 INFO DAGScheduler: ResultStage 5 (insertInto at NativeMethodAccessorImpl.java:0) finished in 3.675 s
[2024-09-15T12:39:30.177+0000] {spark_submit.py:579} INFO - 24/09/15 12:39:30 INFO DAGScheduler: Job 4 is finished. Cancelling potential speculative or zombie tasks for this job
[2024-09-15T12:39:30.179+0000] {spark_submit.py:579} INFO - 24/09/15 12:39:30 INFO TaskSchedulerImpl: Killing all running tasks in stage 5: Stage finished
[2024-09-15T12:39:30.181+0000] {spark_submit.py:579} INFO - 24/09/15 12:39:30 INFO DAGScheduler: Job 4 finished: insertInto at NativeMethodAccessorImpl.java:0, took 3.691671 s
[2024-09-15T12:39:30.183+0000] {spark_submit.py:579} INFO - 24/09/15 12:39:30 INFO FileFormatWriter: Start to commit write Job 010e31a3-24c0-4d80-8bfe-e901cfdd99cf.
[2024-09-15T12:39:30.296+0000] {spark_submit.py:579} INFO - 24/09/15 12:39:30 INFO FileFormatWriter: Write Job 010e31a3-24c0-4d80-8bfe-e901cfdd99cf committed. Elapsed time: 113 ms.
[2024-09-15T12:39:30.297+0000] {spark_submit.py:579} INFO - 24/09/15 12:39:30 INFO FileFormatWriter: Finished processing stats for write job 010e31a3-24c0-4d80-8bfe-e901cfdd99cf.
[2024-09-15T12:39:30.537+0000] {spark_submit.py:579} INFO - 24/09/15 12:39:30 INFO FileUtils: Creating directory if it doesn't exist: hdfs://namenode:9000/user/hive/warehouse/processed_airbnb_data
[2024-09-15T12:39:32.945+0000] {spark_submit.py:579} INFO - 24/09/15 12:39:32 INFO FileSourceStrategy: Pushed Filters: IsNotNull(availability_365),IsNotNull(neighbourhood_group),GreaterThan(availability_365,15),EqualTo(neighbourhood_group,Staten Island),EqualTo(availability_365,1)
[2024-09-15T12:39:32.947+0000] {spark_submit.py:579} INFO - 24/09/15 12:39:32 INFO FileSourceStrategy: Post-Scan Filters: isnotnull(availability_365#36),isnotnull(neighbourhood_group#25),atleastnnonnulls(8, neighbourhood_group#25, neighbourhood#26, room_type#29, price#30, minimum_nights#31, number_of_reviews#32, calculated_host_listings_count#35, availability_365#36),(availability_365#36 > 15),(neighbourhood_group#25 = Staten Island),(availability_365#36 = 1)
[2024-09-15T12:39:32.995+0000] {spark_submit.py:579} INFO - 24/09/15 12:39:32 INFO BlockManagerInfo: Removed broadcast_7_piece0 on fb744bf0dc86:45925 in memory (size: 116.3 KiB, free: 434.3 MiB)
[2024-09-15T12:39:33.008+0000] {spark_submit.py:579} INFO - 24/09/15 12:39:33 INFO BlockManagerInfo: Removed broadcast_6_piece0 on fb744bf0dc86:45925 in memory (size: 34.5 KiB, free: 434.3 MiB)
[2024-09-15T12:39:33.058+0000] {spark_submit.py:579} INFO - 24/09/15 12:39:33 INFO CodeGenerator: Code generated in 25.174287 ms
[2024-09-15T12:39:33.065+0000] {spark_submit.py:579} INFO - 24/09/15 12:39:33 INFO MemoryStore: Block broadcast_8 stored as values in memory (estimated size 200.1 KiB, free 433.9 MiB)
[2024-09-15T12:39:33.081+0000] {spark_submit.py:579} INFO - 24/09/15 12:39:33 INFO MemoryStore: Block broadcast_8_piece0 stored as bytes in memory (estimated size 34.5 KiB, free 433.9 MiB)
[2024-09-15T12:39:33.082+0000] {spark_submit.py:579} INFO - 24/09/15 12:39:33 INFO BlockManagerInfo: Added broadcast_8_piece0 in memory on fb744bf0dc86:45925 (size: 34.5 KiB, free: 434.3 MiB)
[2024-09-15T12:39:33.084+0000] {spark_submit.py:579} INFO - 24/09/15 12:39:33 INFO SparkContext: Created broadcast 8 from showString at NativeMethodAccessorImpl.java:0
[2024-09-15T12:39:33.088+0000] {spark_submit.py:579} INFO - 24/09/15 12:39:33 INFO FileSourceScanExec: Planning scan with bin packing, max size: 4194304 bytes, open cost is considered as scanning 4194304 bytes.
[2024-09-15T12:39:33.109+0000] {spark_submit.py:579} INFO - 24/09/15 12:39:33 INFO SparkContext: Starting job: showString at NativeMethodAccessorImpl.java:0
[2024-09-15T12:39:33.111+0000] {spark_submit.py:579} INFO - 24/09/15 12:39:33 INFO DAGScheduler: Got job 5 (showString at NativeMethodAccessorImpl.java:0) with 1 output partitions
[2024-09-15T12:39:33.113+0000] {spark_submit.py:579} INFO - 24/09/15 12:39:33 INFO DAGScheduler: Final stage: ResultStage 6 (showString at NativeMethodAccessorImpl.java:0)
[2024-09-15T12:39:33.115+0000] {spark_submit.py:579} INFO - 24/09/15 12:39:33 INFO DAGScheduler: Parents of final stage: List()
[2024-09-15T12:39:33.116+0000] {spark_submit.py:579} INFO - 24/09/15 12:39:33 INFO DAGScheduler: Missing parents: List()
[2024-09-15T12:39:33.117+0000] {spark_submit.py:579} INFO - 24/09/15 12:39:33 INFO DAGScheduler: Submitting ResultStage 6 (MapPartitionsRDD[25] at showString at NativeMethodAccessorImpl.java:0), which has no missing parents
[2024-09-15T12:39:33.124+0000] {spark_submit.py:579} INFO - 24/09/15 12:39:33 INFO MemoryStore: Block broadcast_9 stored as values in memory (estimated size 20.9 KiB, free 433.8 MiB)
[2024-09-15T12:39:33.128+0000] {spark_submit.py:579} INFO - 24/09/15 12:39:33 INFO MemoryStore: Block broadcast_9_piece0 stored as bytes in memory (estimated size 9.0 KiB, free 433.8 MiB)
[2024-09-15T12:39:33.130+0000] {spark_submit.py:579} INFO - 24/09/15 12:39:33 INFO BlockManagerInfo: Added broadcast_9_piece0 in memory on fb744bf0dc86:45925 (size: 9.0 KiB, free: 434.3 MiB)
[2024-09-15T12:39:33.132+0000] {spark_submit.py:579} INFO - 24/09/15 12:39:33 INFO SparkContext: Created broadcast 9 from broadcast at DAGScheduler.scala:1585
[2024-09-15T12:39:33.133+0000] {spark_submit.py:579} INFO - 24/09/15 12:39:33 INFO DAGScheduler: Submitting 1 missing tasks from ResultStage 6 (MapPartitionsRDD[25] at showString at NativeMethodAccessorImpl.java:0) (first 15 tasks are for partitions Vector(0))
[2024-09-15T12:39:33.134+0000] {spark_submit.py:579} INFO - 24/09/15 12:39:33 INFO TaskSchedulerImpl: Adding task set 6.0 with 1 tasks resource profile 0
[2024-09-15T12:39:33.136+0000] {spark_submit.py:579} INFO - 24/09/15 12:39:33 INFO TaskSetManager: Starting task 0.0 in stage 6.0 (TID 8) (fb744bf0dc86, executor driver, partition 0, PROCESS_LOCAL, 9601 bytes)
[2024-09-15T12:39:33.138+0000] {spark_submit.py:579} INFO - 24/09/15 12:39:33 INFO Executor: Running task 0.0 in stage 6.0 (TID 8)
[2024-09-15T12:39:33.172+0000] {spark_submit.py:579} INFO - 24/09/15 12:39:33 INFO CodeGenerator: Code generated in 23.998867 ms
[2024-09-15T12:39:33.176+0000] {spark_submit.py:579} INFO - 24/09/15 12:39:33 INFO FileScanRDD: Reading File path: file:///opt/***/datasets/Airbnb.csv, range: 0-4194304, partition values: [empty row]
[2024-09-15T12:39:33.207+0000] {spark_submit.py:579} INFO - 24/09/15 12:39:33 INFO CodeGenerator: Code generated in 10.705236 ms
[2024-09-15T12:39:33.231+0000] {spark_submit.py:579} INFO - 24/09/15 12:39:33 INFO CodeGenerator: Code generated in 12.33217 ms
[2024-09-15T12:39:33.487+0000] {spark_submit.py:579} INFO - 24/09/15 12:39:33 INFO Executor: Finished task 0.0 in stage 6.0 (TID 8). 1508 bytes result sent to driver
[2024-09-15T12:39:33.489+0000] {spark_submit.py:579} INFO - 24/09/15 12:39:33 INFO TaskSetManager: Finished task 0.0 in stage 6.0 (TID 8) in 354 ms on fb744bf0dc86 (executor driver) (1/1)
[2024-09-15T12:39:33.491+0000] {spark_submit.py:579} INFO - 24/09/15 12:39:33 INFO TaskSchedulerImpl: Removed TaskSet 6.0, whose tasks have all completed, from pool
[2024-09-15T12:39:33.495+0000] {spark_submit.py:579} INFO - 24/09/15 12:39:33 INFO DAGScheduler: ResultStage 6 (showString at NativeMethodAccessorImpl.java:0) finished in 0.378 s
[2024-09-15T12:39:33.497+0000] {spark_submit.py:579} INFO - 24/09/15 12:39:33 INFO DAGScheduler: Job 5 is finished. Cancelling potential speculative or zombie tasks for this job
[2024-09-15T12:39:33.499+0000] {spark_submit.py:579} INFO - 24/09/15 12:39:33 INFO TaskSchedulerImpl: Killing all running tasks in stage 6: Stage finished
[2024-09-15T12:39:33.500+0000] {spark_submit.py:579} INFO - 24/09/15 12:39:33 INFO DAGScheduler: Job 5 finished: showString at NativeMethodAccessorImpl.java:0, took 0.388110 s
[2024-09-15T12:39:33.516+0000] {spark_submit.py:579} INFO - 24/09/15 12:39:33 INFO SparkContext: Starting job: showString at NativeMethodAccessorImpl.java:0
[2024-09-15T12:39:33.519+0000] {spark_submit.py:579} INFO - 24/09/15 12:39:33 INFO DAGScheduler: Got job 6 (showString at NativeMethodAccessorImpl.java:0) with 1 output partitions
[2024-09-15T12:39:33.521+0000] {spark_submit.py:579} INFO - 24/09/15 12:39:33 INFO DAGScheduler: Final stage: ResultStage 7 (showString at NativeMethodAccessorImpl.java:0)
[2024-09-15T12:39:33.522+0000] {spark_submit.py:579} INFO - 24/09/15 12:39:33 INFO DAGScheduler: Parents of final stage: List()
[2024-09-15T12:39:33.524+0000] {spark_submit.py:579} INFO - 24/09/15 12:39:33 INFO DAGScheduler: Missing parents: List()
[2024-09-15T12:39:33.526+0000] {spark_submit.py:579} INFO - 24/09/15 12:39:33 INFO DAGScheduler: Submitting ResultStage 7 (MapPartitionsRDD[25] at showString at NativeMethodAccessorImpl.java:0), which has no missing parents
[2024-09-15T12:39:33.529+0000] {spark_submit.py:579} INFO - 24/09/15 12:39:33 INFO MemoryStore: Block broadcast_10 stored as values in memory (estimated size 20.9 KiB, free 433.8 MiB)
[2024-09-15T12:39:33.533+0000] {spark_submit.py:579} INFO - 24/09/15 12:39:33 INFO MemoryStore: Block broadcast_10_piece0 stored as bytes in memory (estimated size 9.0 KiB, free 433.8 MiB)
[2024-09-15T12:39:33.535+0000] {spark_submit.py:579} INFO - 24/09/15 12:39:33 INFO BlockManagerInfo: Added broadcast_10_piece0 in memory on fb744bf0dc86:45925 (size: 9.0 KiB, free: 434.3 MiB)
[2024-09-15T12:39:33.542+0000] {spark_submit.py:579} INFO - 24/09/15 12:39:33 INFO SparkContext: Created broadcast 10 from broadcast at DAGScheduler.scala:1585
[2024-09-15T12:39:33.545+0000] {spark_submit.py:579} INFO - 24/09/15 12:39:33 INFO DAGScheduler: Submitting 1 missing tasks from ResultStage 7 (MapPartitionsRDD[25] at showString at NativeMethodAccessorImpl.java:0) (first 15 tasks are for partitions Vector(1))
[2024-09-15T12:39:33.547+0000] {spark_submit.py:579} INFO - 24/09/15 12:39:33 INFO TaskSchedulerImpl: Adding task set 7.0 with 1 tasks resource profile 0
[2024-09-15T12:39:33.554+0000] {spark_submit.py:579} INFO - 24/09/15 12:39:33 INFO TaskSetManager: Starting task 0.0 in stage 7.0 (TID 9) (fb744bf0dc86, executor driver, partition 1, PROCESS_LOCAL, 9601 bytes)
[2024-09-15T12:39:33.555+0000] {spark_submit.py:579} INFO - 24/09/15 12:39:33 INFO Executor: Running task 0.0 in stage 7.0 (TID 9)
[2024-09-15T12:39:33.566+0000] {spark_submit.py:579} INFO - 24/09/15 12:39:33 INFO FileScanRDD: Reading File path: file:///opt/***/datasets/Airbnb.csv, range: 4194304-7081245, partition values: [empty row]
[2024-09-15T12:39:33.748+0000] {spark_submit.py:579} INFO - 24/09/15 12:39:33 INFO Executor: Finished task 0.0 in stage 7.0 (TID 9). 1551 bytes result sent to driver
[2024-09-15T12:39:33.752+0000] {spark_submit.py:579} INFO - 24/09/15 12:39:33 INFO TaskSetManager: Finished task 0.0 in stage 7.0 (TID 9) in 200 ms on fb744bf0dc86 (executor driver) (1/1)
[2024-09-15T12:39:33.754+0000] {spark_submit.py:579} INFO - 24/09/15 12:39:33 INFO TaskSchedulerImpl: Removed TaskSet 7.0, whose tasks have all completed, from pool
[2024-09-15T12:39:33.757+0000] {spark_submit.py:579} INFO - 24/09/15 12:39:33 INFO DAGScheduler: ResultStage 7 (showString at NativeMethodAccessorImpl.java:0) finished in 0.228 s
[2024-09-15T12:39:33.758+0000] {spark_submit.py:579} INFO - 24/09/15 12:39:33 INFO DAGScheduler: Job 6 is finished. Cancelling potential speculative or zombie tasks for this job
[2024-09-15T12:39:33.760+0000] {spark_submit.py:579} INFO - 24/09/15 12:39:33 INFO TaskSchedulerImpl: Killing all running tasks in stage 7: Stage finished
[2024-09-15T12:39:33.763+0000] {spark_submit.py:579} INFO - 24/09/15 12:39:33 INFO DAGScheduler: Job 6 finished: showString at NativeMethodAccessorImpl.java:0, took 0.240557 s
[2024-09-15T12:39:33.776+0000] {spark_submit.py:579} INFO - +-------------------+-------------+---------+-----+--------------+-----------------+------------------------------+----------------+
[2024-09-15T12:39:33.778+0000] {spark_submit.py:579} INFO - |neighbourhood_group|neighbourhood|room_type|price|minimum_nights|number_of_reviews|calculated_host_listings_count|availability_365|
[2024-09-15T12:39:33.780+0000] {spark_submit.py:579} INFO - +-------------------+-------------+---------+-----+--------------+-----------------+------------------------------+----------------+
[2024-09-15T12:39:33.782+0000] {spark_submit.py:579} INFO - +-------------------+-------------+---------+-----+--------------+-----------------+------------------------------+----------------+
[2024-09-15T12:39:33.783+0000] {spark_submit.py:579} INFO - 
[2024-09-15T12:39:33.784+0000] {spark_submit.py:579} INFO - Данные успешно записаны в таблицу processed_airbnb_data
[2024-09-15T12:39:33.991+0000] {spark_submit.py:579} INFO - 24/09/15 12:39:33 INFO SparkContext: Invoking stop() from shutdown hook
[2024-09-15T12:39:33.992+0000] {spark_submit.py:579} INFO - 24/09/15 12:39:33 INFO SparkContext: SparkContext is stopping with exitCode 0.
[2024-09-15T12:39:34.030+0000] {spark_submit.py:579} INFO - 24/09/15 12:39:34 INFO SparkUI: Stopped Spark web UI at http://fb744bf0dc86:4040
[2024-09-15T12:39:34.070+0000] {spark_submit.py:579} INFO - 24/09/15 12:39:34 INFO MapOutputTrackerMasterEndpoint: MapOutputTrackerMasterEndpoint stopped!
[2024-09-15T12:39:34.150+0000] {spark_submit.py:579} INFO - 24/09/15 12:39:34 INFO MemoryStore: MemoryStore cleared
[2024-09-15T12:39:34.154+0000] {spark_submit.py:579} INFO - 24/09/15 12:39:34 INFO BlockManager: BlockManager stopped
[2024-09-15T12:39:34.163+0000] {spark_submit.py:579} INFO - 24/09/15 12:39:34 INFO BlockManagerMaster: BlockManagerMaster stopped
[2024-09-15T12:39:34.170+0000] {spark_submit.py:579} INFO - 24/09/15 12:39:34 INFO OutputCommitCoordinator$OutputCommitCoordinatorEndpoint: OutputCommitCoordinator stopped!
[2024-09-15T12:39:34.217+0000] {spark_submit.py:579} INFO - 24/09/15 12:39:34 INFO SparkContext: Successfully stopped SparkContext
[2024-09-15T12:39:34.218+0000] {spark_submit.py:579} INFO - 24/09/15 12:39:34 INFO ShutdownHookManager: Shutdown hook called
[2024-09-15T12:39:34.220+0000] {spark_submit.py:579} INFO - 24/09/15 12:39:34 INFO ShutdownHookManager: Deleting directory /tmp/spark-01fb894a-7c8f-409e-b8cf-755989ecc353
[2024-09-15T12:39:34.236+0000] {spark_submit.py:579} INFO - 24/09/15 12:39:34 INFO ShutdownHookManager: Deleting directory /tmp/spark-9569a8d8-2dfd-471b-b927-4c44e2e802af
[2024-09-15T12:39:34.254+0000] {spark_submit.py:579} INFO - 24/09/15 12:39:34 INFO ShutdownHookManager: Deleting directory /tmp/spark-01fb894a-7c8f-409e-b8cf-755989ecc353/pyspark-582d050f-4d6a-4282-8c29-292e68041bb3
[2024-09-15T12:39:34.541+0000] {taskinstance.py:340} INFO - ::group::Post task execution logs
[2024-09-15T12:39:34.550+0000] {taskinstance.py:352} INFO - Marking task as SUCCESS. dag_id=airbnb_model, task_id=data_analysis, run_id=scheduled__2024-09-14T00:00:00+00:00, execution_date=20240914T000000, start_date=20240915T123810, end_date=20240915T123934
[2024-09-15T12:39:34.704+0000] {local_task_job_runner.py:266} INFO - Task exited with return code 0
[2024-09-15T12:39:34.888+0000] {taskinstance.py:3900} INFO - 1 downstream tasks scheduled from follow-on schedule check
[2024-09-15T12:39:34.900+0000] {local_task_job_runner.py:245} INFO - ::endgroup::
