[2024-09-15T17:02:47.264+0000] {local_task_job_runner.py:123} INFO - ::group::Pre task execution logs
[2024-09-15T17:02:47.382+0000] {taskinstance.py:2612} INFO - Dependencies all met for dep_context=non-requeueable deps ti=<TaskInstance: airbnb_model.data_analysis scheduled__2024-09-14T00:00:00+00:00 [queued]>
[2024-09-15T17:02:47.449+0000] {taskinstance.py:2612} INFO - Dependencies all met for dep_context=requeueable deps ti=<TaskInstance: airbnb_model.data_analysis scheduled__2024-09-14T00:00:00+00:00 [queued]>
[2024-09-15T17:02:47.451+0000] {taskinstance.py:2865} INFO - Starting attempt 7 of 10
[2024-09-15T17:02:47.539+0000] {taskinstance.py:2888} INFO - Executing <Task(SparkSubmitOperator): data_analysis> on 2024-09-14 00:00:00+00:00
[2024-09-15T17:02:47.583+0000] {logging_mixin.py:190} WARNING - /home/***/.local/lib/python3.12/site-packages/***/task/task_runner/standard_task_runner.py:70 DeprecationWarning: This process (pid=649) is multi-threaded, use of fork() may lead to deadlocks in the child.
[2024-09-15T17:02:47.567+0000] {standard_task_runner.py:104} INFO - Running: ['***', 'tasks', 'run', 'airbnb_model', 'data_analysis', 'scheduled__2024-09-14T00:00:00+00:00', '--job-id', '762', '--raw', '--subdir', 'DAGS_FOLDER/air_price_pred_dag.py', '--cfg-path', '/tmp/tmpax5v1el7']
[2024-09-15T17:02:47.587+0000] {standard_task_runner.py:105} INFO - Job 762: Subtask data_analysis
[2024-09-15T17:02:47.587+0000] {standard_task_runner.py:72} INFO - Started process 650 to run task
[2024-09-15T17:02:47.814+0000] {task_command.py:467} INFO - Running <TaskInstance: airbnb_model.data_analysis scheduled__2024-09-14T00:00:00+00:00 [running]> on host fb744bf0dc86
[2024-09-15T17:02:48.303+0000] {taskinstance.py:3131} INFO - Exporting env vars: AIRFLOW_CTX_DAG_OWNER='Denis' AIRFLOW_CTX_DAG_ID='airbnb_model' AIRFLOW_CTX_TASK_ID='data_analysis' AIRFLOW_CTX_EXECUTION_DATE='2024-09-14T00:00:00+00:00' AIRFLOW_CTX_TRY_NUMBER='7' AIRFLOW_CTX_DAG_RUN_ID='scheduled__2024-09-14T00:00:00+00:00'
[2024-09-15T17:02:48.313+0000] {taskinstance.py:731} INFO - ::endgroup::
[2024-09-15T17:02:49.118+0000] {base.py:84} INFO - Retrieving connection 'spark_default'
[2024-09-15T17:02:49.123+0000] {spark_submit.py:403} INFO - Spark-Submit cmd: spark-submit --master spark://spark-master:7077 --conf spark.master=spark://spark-master:7077 --name arrow-spark --verbose --deploy-mode client /opt/***/dags/air_data_analysis.py
[2024-09-15T17:03:00.173+0000] {spark_submit.py:579} INFO - Using properties file: null
[2024-09-15T17:03:00.793+0000] {spark_submit.py:579} INFO - Parsed arguments:
[2024-09-15T17:03:00.794+0000] {spark_submit.py:579} INFO - master                  spark://spark-master:7077
[2024-09-15T17:03:00.796+0000] {spark_submit.py:579} INFO - remote                  null
[2024-09-15T17:03:00.798+0000] {spark_submit.py:579} INFO - deployMode              client
[2024-09-15T17:03:00.800+0000] {spark_submit.py:579} INFO - executorMemory          null
[2024-09-15T17:03:00.801+0000] {spark_submit.py:579} INFO - executorCores           null
[2024-09-15T17:03:00.803+0000] {spark_submit.py:579} INFO - totalExecutorCores      null
[2024-09-15T17:03:00.805+0000] {spark_submit.py:579} INFO - propertiesFile          null
[2024-09-15T17:03:00.806+0000] {spark_submit.py:579} INFO - driverMemory            null
[2024-09-15T17:03:00.808+0000] {spark_submit.py:579} INFO - driverCores             null
[2024-09-15T17:03:00.811+0000] {spark_submit.py:579} INFO - driverExtraClassPath    null
[2024-09-15T17:03:00.815+0000] {spark_submit.py:579} INFO - driverExtraLibraryPath  null
[2024-09-15T17:03:00.817+0000] {spark_submit.py:579} INFO - driverExtraJavaOptions  null
[2024-09-15T17:03:00.819+0000] {spark_submit.py:579} INFO - supervise               false
[2024-09-15T17:03:00.821+0000] {spark_submit.py:579} INFO - queue                   null
[2024-09-15T17:03:00.822+0000] {spark_submit.py:579} INFO - numExecutors            null
[2024-09-15T17:03:00.824+0000] {spark_submit.py:579} INFO - files                   null
[2024-09-15T17:03:00.826+0000] {spark_submit.py:579} INFO - pyFiles                 null
[2024-09-15T17:03:00.828+0000] {spark_submit.py:579} INFO - archives                null
[2024-09-15T17:03:00.830+0000] {spark_submit.py:579} INFO - mainClass               null
[2024-09-15T17:03:00.832+0000] {spark_submit.py:579} INFO - primaryResource         file:/opt/***/dags/air_data_analysis.py
[2024-09-15T17:03:00.833+0000] {spark_submit.py:579} INFO - name                    arrow-spark
[2024-09-15T17:03:00.835+0000] {spark_submit.py:579} INFO - childArgs               []
[2024-09-15T17:03:00.836+0000] {spark_submit.py:579} INFO - jars                    null
[2024-09-15T17:03:00.837+0000] {spark_submit.py:579} INFO - packages                null
[2024-09-15T17:03:00.838+0000] {spark_submit.py:579} INFO - packagesExclusions      null
[2024-09-15T17:03:00.839+0000] {spark_submit.py:579} INFO - repositories            null
[2024-09-15T17:03:00.841+0000] {spark_submit.py:579} INFO - verbose                 true
[2024-09-15T17:03:00.842+0000] {spark_submit.py:579} INFO - 
[2024-09-15T17:03:00.844+0000] {spark_submit.py:579} INFO - Spark properties used, including those specified through
[2024-09-15T17:03:00.849+0000] {spark_submit.py:579} INFO - --conf and those from the properties file null:
[2024-09-15T17:03:00.851+0000] {spark_submit.py:579} INFO - (spark.master,spark://spark-master:7077)
[2024-09-15T17:03:00.853+0000] {spark_submit.py:579} INFO - 
[2024-09-15T17:03:00.854+0000] {spark_submit.py:579} INFO - 
[2024-09-15T17:03:02.781+0000] {spark_submit.py:579} INFO - Main class:
[2024-09-15T17:03:02.784+0000] {spark_submit.py:579} INFO - org.apache.spark.deploy.PythonRunner
[2024-09-15T17:03:02.791+0000] {spark_submit.py:579} INFO - Arguments:
[2024-09-15T17:03:02.795+0000] {spark_submit.py:579} INFO - file:/opt/***/dags/air_data_analysis.py
[2024-09-15T17:03:02.797+0000] {spark_submit.py:579} INFO - null
[2024-09-15T17:03:02.813+0000] {spark_submit.py:579} INFO - Spark config:
[2024-09-15T17:03:02.815+0000] {spark_submit.py:579} INFO - (spark.app.name,arrow-spark)
[2024-09-15T17:03:02.817+0000] {spark_submit.py:579} INFO - (spark.app.submitTime,1726419782688)
[2024-09-15T17:03:02.819+0000] {spark_submit.py:579} INFO - (spark.master,spark://spark-master:7077)
[2024-09-15T17:03:02.821+0000] {spark_submit.py:579} INFO - (spark.submit.deployMode,client)
[2024-09-15T17:03:02.825+0000] {spark_submit.py:579} INFO - (spark.submit.pyFiles,)
[2024-09-15T17:03:02.830+0000] {spark_submit.py:579} INFO - Classpath elements:
[2024-09-15T17:03:02.833+0000] {spark_submit.py:579} INFO - 
[2024-09-15T17:03:02.835+0000] {spark_submit.py:579} INFO - 
[2024-09-15T17:03:02.837+0000] {spark_submit.py:579} INFO - 
[2024-09-15T17:03:06.749+0000] {spark_submit.py:579} INFO - 24/09/15 17:03:06 INFO SparkContext: Running Spark version 3.5.2
[2024-09-15T17:03:06.757+0000] {spark_submit.py:579} INFO - 24/09/15 17:03:06 INFO SparkContext: OS info Linux, 5.15.153.1-microsoft-standard-WSL2, amd64
[2024-09-15T17:03:06.760+0000] {spark_submit.py:579} INFO - 24/09/15 17:03:06 INFO SparkContext: Java version 17.0.12
[2024-09-15T17:03:07.008+0000] {spark_submit.py:579} INFO - 24/09/15 17:03:07 WARN NativeCodeLoader: Unable to load native-hadoop library for your platform... using builtin-java classes where applicable
[2024-09-15T17:03:07.463+0000] {spark_submit.py:579} INFO - 24/09/15 17:03:07 INFO ResourceUtils: ==============================================================
[2024-09-15T17:03:07.466+0000] {spark_submit.py:579} INFO - 24/09/15 17:03:07 INFO ResourceUtils: No custom resources configured for spark.driver.
[2024-09-15T17:03:07.468+0000] {spark_submit.py:579} INFO - 24/09/15 17:03:07 INFO ResourceUtils: ==============================================================
[2024-09-15T17:03:07.469+0000] {spark_submit.py:579} INFO - 24/09/15 17:03:07 INFO SparkContext: Submitted application: Airbnb_regr_model
[2024-09-15T17:03:07.631+0000] {spark_submit.py:579} INFO - 24/09/15 17:03:07 INFO ResourceProfile: Default ResourceProfile created, executor resources: Map(cores -> name: cores, amount: 1, script: , vendor: , memory -> name: memory, amount: 1024, script: , vendor: , offHeap -> name: offHeap, amount: 0, script: , vendor: ), task resources: Map(cpus -> name: cpus, amount: 1.0)
[2024-09-15T17:03:07.672+0000] {spark_submit.py:579} INFO - 24/09/15 17:03:07 INFO ResourceProfile: Limiting resource is cpu
[2024-09-15T17:03:07.675+0000] {spark_submit.py:579} INFO - 24/09/15 17:03:07 INFO ResourceProfileManager: Added ResourceProfile id: 0
[2024-09-15T17:03:07.946+0000] {spark_submit.py:579} INFO - 24/09/15 17:03:07 INFO SecurityManager: Changing view acls to: ***
[2024-09-15T17:03:07.949+0000] {spark_submit.py:579} INFO - 24/09/15 17:03:07 INFO SecurityManager: Changing modify acls to: ***
[2024-09-15T17:03:07.953+0000] {spark_submit.py:579} INFO - 24/09/15 17:03:07 INFO SecurityManager: Changing view acls groups to:
[2024-09-15T17:03:07.956+0000] {spark_submit.py:579} INFO - 24/09/15 17:03:07 INFO SecurityManager: Changing modify acls groups to:
[2024-09-15T17:03:07.959+0000] {spark_submit.py:579} INFO - 24/09/15 17:03:07 INFO SecurityManager: SecurityManager: authentication disabled; ui acls disabled; users with view permissions: ***; groups with view permissions: EMPTY; users with modify permissions: ***; groups with modify permissions: EMPTY
[2024-09-15T17:03:09.312+0000] {spark_submit.py:579} INFO - 24/09/15 17:03:09 INFO Utils: Successfully started service 'sparkDriver' on port 36529.
[2024-09-15T17:03:09.549+0000] {spark_submit.py:579} INFO - 24/09/15 17:03:09 INFO SparkEnv: Registering MapOutputTracker
[2024-09-15T17:03:09.689+0000] {spark_submit.py:579} INFO - 24/09/15 17:03:09 INFO SparkEnv: Registering BlockManagerMaster
[2024-09-15T17:03:09.749+0000] {spark_submit.py:579} INFO - 24/09/15 17:03:09 INFO BlockManagerMasterEndpoint: Using org.apache.spark.storage.DefaultTopologyMapper for getting topology information
[2024-09-15T17:03:09.751+0000] {spark_submit.py:579} INFO - 24/09/15 17:03:09 INFO BlockManagerMasterEndpoint: BlockManagerMasterEndpoint up
[2024-09-15T17:03:09.766+0000] {spark_submit.py:579} INFO - 24/09/15 17:03:09 INFO SparkEnv: Registering BlockManagerMasterHeartbeat
[2024-09-15T17:03:09.850+0000] {spark_submit.py:579} INFO - 24/09/15 17:03:09 INFO DiskBlockManager: Created local directory at /tmp/blockmgr-786f035a-b519-4c4e-af76-2b84940ff3c3
[2024-09-15T17:03:09.896+0000] {spark_submit.py:579} INFO - 24/09/15 17:03:09 INFO MemoryStore: MemoryStore started with capacity 434.4 MiB
[2024-09-15T17:03:09.949+0000] {spark_submit.py:579} INFO - 24/09/15 17:03:09 INFO SparkEnv: Registering OutputCommitCoordinator
[2024-09-15T17:03:10.585+0000] {spark_submit.py:579} INFO - 24/09/15 17:03:10 INFO JettyUtils: Start Jetty 0.0.0.0:4040 for SparkUI
[2024-09-15T17:03:10.873+0000] {spark_submit.py:579} INFO - 24/09/15 17:03:10 INFO Utils: Successfully started service 'SparkUI' on port 4040.
[2024-09-15T17:03:11.249+0000] {spark_submit.py:579} INFO - 24/09/15 17:03:11 INFO Executor: Starting executor ID driver on host fb744bf0dc86
[2024-09-15T17:03:11.250+0000] {spark_submit.py:579} INFO - 24/09/15 17:03:11 INFO Executor: OS info Linux, 5.15.153.1-microsoft-standard-WSL2, amd64
[2024-09-15T17:03:11.252+0000] {spark_submit.py:579} INFO - 24/09/15 17:03:11 INFO Executor: Java version 17.0.12
[2024-09-15T17:03:11.282+0000] {spark_submit.py:579} INFO - 24/09/15 17:03:11 INFO Executor: Starting executor with user classpath (userClassPathFirst = false): ''
[2024-09-15T17:03:11.284+0000] {spark_submit.py:579} INFO - 24/09/15 17:03:11 INFO Executor: Created or updated repl class loader org.apache.spark.util.MutableURLClassLoader@2b2d567f for default.
[2024-09-15T17:03:11.381+0000] {spark_submit.py:579} INFO - 24/09/15 17:03:11 INFO Utils: Successfully started service 'org.apache.spark.network.netty.NettyBlockTransferService' on port 34461.
[2024-09-15T17:03:11.383+0000] {spark_submit.py:579} INFO - 24/09/15 17:03:11 INFO NettyBlockTransferService: Server created on fb744bf0dc86:34461
[2024-09-15T17:03:11.393+0000] {spark_submit.py:579} INFO - 24/09/15 17:03:11 INFO BlockManager: Using org.apache.spark.storage.RandomBlockReplicationPolicy for block replication policy
[2024-09-15T17:03:11.426+0000] {spark_submit.py:579} INFO - 24/09/15 17:03:11 INFO BlockManagerMaster: Registering BlockManager BlockManagerId(driver, fb744bf0dc86, 34461, None)
[2024-09-15T17:03:11.449+0000] {spark_submit.py:579} INFO - 24/09/15 17:03:11 INFO BlockManagerMasterEndpoint: Registering block manager fb744bf0dc86:34461 with 434.4 MiB RAM, BlockManagerId(driver, fb744bf0dc86, 34461, None)
[2024-09-15T17:03:11.474+0000] {spark_submit.py:579} INFO - 24/09/15 17:03:11 INFO BlockManagerMaster: Registered BlockManager BlockManagerId(driver, fb744bf0dc86, 34461, None)
[2024-09-15T17:03:11.495+0000] {spark_submit.py:579} INFO - 24/09/15 17:03:11 INFO BlockManager: Initialized BlockManager: BlockManagerId(driver, fb744bf0dc86, 34461, None)
[2024-09-15T17:03:15.744+0000] {spark_submit.py:579} INFO - 24/09/15 17:03:15 INFO SharedState: Setting hive.metastore.warehouse.dir ('null') to the value of spark.sql.warehouse.dir.
[2024-09-15T17:03:15.773+0000] {spark_submit.py:579} INFO - 24/09/15 17:03:15 INFO SharedState: Warehouse path is 'file:/user/hive/warehouse'.
[2024-09-15T17:03:18.977+0000] {spark_submit.py:579} INFO - 24/09/15 17:03:18 INFO InMemoryFileIndex: It took 383 ms to list leaf files for 1 paths.
[2024-09-15T17:03:19.185+0000] {spark_submit.py:579} INFO - 24/09/15 17:03:19 INFO InMemoryFileIndex: It took 7 ms to list leaf files for 1 paths.
[2024-09-15T17:03:28.211+0000] {spark_submit.py:579} INFO - 24/09/15 17:03:28 INFO FileSourceStrategy: Pushed Filters:
[2024-09-15T17:03:28.214+0000] {spark_submit.py:579} INFO - 24/09/15 17:03:28 INFO FileSourceStrategy: Post-Scan Filters:
[2024-09-15T17:03:29.471+0000] {spark_submit.py:579} INFO - 24/09/15 17:03:29 INFO MemoryStore: Block broadcast_0 stored as values in memory (estimated size 200.2 KiB, free 434.2 MiB)
[2024-09-15T17:03:29.647+0000] {spark_submit.py:579} INFO - 24/09/15 17:03:29 INFO MemoryStore: Block broadcast_0_piece0 stored as bytes in memory (estimated size 34.5 KiB, free 434.2 MiB)
[2024-09-15T17:03:29.655+0000] {spark_submit.py:579} INFO - 24/09/15 17:03:29 INFO BlockManagerInfo: Added broadcast_0_piece0 in memory on fb744bf0dc86:34461 (size: 34.5 KiB, free: 434.4 MiB)
[2024-09-15T17:03:29.669+0000] {spark_submit.py:579} INFO - 24/09/15 17:03:29 INFO SparkContext: Created broadcast 0 from csv at NativeMethodAccessorImpl.java:0
[2024-09-15T17:03:30.349+0000] {spark_submit.py:579} INFO - 24/09/15 17:03:30 INFO FileSourceScanExec: Planning scan with bin packing, max size: 4194304 bytes, open cost is considered as scanning 4194304 bytes.
[2024-09-15T17:03:32.630+0000] {spark_submit.py:579} INFO - 24/09/15 17:03:32 INFO CodeGenerator: Code generated in 1116.823103 ms
[2024-09-15T17:03:32.823+0000] {spark_submit.py:579} INFO - 24/09/15 17:03:32 INFO SparkContext: Starting job: csv at NativeMethodAccessorImpl.java:0
[2024-09-15T17:03:32.872+0000] {spark_submit.py:579} INFO - 24/09/15 17:03:32 INFO DAGScheduler: Got job 0 (csv at NativeMethodAccessorImpl.java:0) with 1 output partitions
[2024-09-15T17:03:32.874+0000] {spark_submit.py:579} INFO - 24/09/15 17:03:32 INFO DAGScheduler: Final stage: ResultStage 0 (csv at NativeMethodAccessorImpl.java:0)
[2024-09-15T17:03:32.877+0000] {spark_submit.py:579} INFO - 24/09/15 17:03:32 INFO DAGScheduler: Parents of final stage: List()
[2024-09-15T17:03:32.882+0000] {spark_submit.py:579} INFO - 24/09/15 17:03:32 INFO DAGScheduler: Missing parents: List()
[2024-09-15T17:03:32.893+0000] {spark_submit.py:579} INFO - 24/09/15 17:03:32 INFO DAGScheduler: Submitting ResultStage 0 (MapPartitionsRDD[6] at csv at NativeMethodAccessorImpl.java:0), which has no missing parents
[2024-09-15T17:03:33.192+0000] {spark_submit.py:579} INFO - 24/09/15 17:03:33 INFO MemoryStore: Block broadcast_1 stored as values in memory (estimated size 19.1 KiB, free 434.2 MiB)
[2024-09-15T17:03:33.197+0000] {spark_submit.py:579} INFO - 24/09/15 17:03:33 INFO MemoryStore: Block broadcast_1_piece0 stored as bytes in memory (estimated size 8.3 KiB, free 434.1 MiB)
[2024-09-15T17:03:33.199+0000] {spark_submit.py:579} INFO - 24/09/15 17:03:33 INFO BlockManagerInfo: Added broadcast_1_piece0 in memory on fb744bf0dc86:34461 (size: 8.3 KiB, free: 434.4 MiB)
[2024-09-15T17:03:33.201+0000] {spark_submit.py:579} INFO - 24/09/15 17:03:33 INFO SparkContext: Created broadcast 1 from broadcast at DAGScheduler.scala:1585
[2024-09-15T17:03:33.263+0000] {spark_submit.py:579} INFO - 24/09/15 17:03:33 INFO DAGScheduler: Submitting 1 missing tasks from ResultStage 0 (MapPartitionsRDD[6] at csv at NativeMethodAccessorImpl.java:0) (first 15 tasks are for partitions Vector(0))
[2024-09-15T17:03:33.268+0000] {spark_submit.py:579} INFO - 24/09/15 17:03:33 INFO TaskSchedulerImpl: Adding task set 0.0 with 1 tasks resource profile 0
[2024-09-15T17:03:33.394+0000] {spark_submit.py:579} INFO - 24/09/15 17:03:33 INFO TaskSetManager: Starting task 0.0 in stage 0.0 (TID 0) (fb744bf0dc86, executor driver, partition 0, PROCESS_LOCAL, 9601 bytes)
[2024-09-15T17:03:33.431+0000] {spark_submit.py:579} INFO - 24/09/15 17:03:33 INFO Executor: Running task 0.0 in stage 0.0 (TID 0)
[2024-09-15T17:03:33.743+0000] {spark_submit.py:579} INFO - 24/09/15 17:03:33 INFO CodeGenerator: Code generated in 37.981321 ms
[2024-09-15T17:03:33.753+0000] {spark_submit.py:579} INFO - 24/09/15 17:03:33 INFO FileScanRDD: Reading File path: file:///opt/***/datasets/Airbnb.csv, range: 0-4194304, partition values: [empty row]
[2024-09-15T17:03:33.793+0000] {spark_submit.py:579} INFO - 24/09/15 17:03:33 INFO CodeGenerator: Code generated in 25.486074 ms
[2024-09-15T17:03:33.948+0000] {spark_submit.py:579} INFO - 24/09/15 17:03:33 INFO Executor: Finished task 0.0 in stage 0.0 (TID 0). 1851 bytes result sent to driver
[2024-09-15T17:03:33.978+0000] {spark_submit.py:579} INFO - 24/09/15 17:03:33 INFO TaskSetManager: Finished task 0.0 in stage 0.0 (TID 0) in 621 ms on fb744bf0dc86 (executor driver) (1/1)
[2024-09-15T17:03:33.983+0000] {spark_submit.py:579} INFO - 24/09/15 17:03:33 INFO TaskSchedulerImpl: Removed TaskSet 0.0, whose tasks have all completed, from pool
[2024-09-15T17:03:33.996+0000] {spark_submit.py:579} INFO - 24/09/15 17:03:33 INFO DAGScheduler: ResultStage 0 (csv at NativeMethodAccessorImpl.java:0) finished in 1.061 s
[2024-09-15T17:03:34.004+0000] {spark_submit.py:579} INFO - 24/09/15 17:03:34 INFO DAGScheduler: Job 0 is finished. Cancelling potential speculative or zombie tasks for this job
[2024-09-15T17:03:34.006+0000] {spark_submit.py:579} INFO - 24/09/15 17:03:34 INFO TaskSchedulerImpl: Killing all running tasks in stage 0: Stage finished
[2024-09-15T17:03:34.013+0000] {spark_submit.py:579} INFO - 24/09/15 17:03:34 INFO DAGScheduler: Job 0 finished: csv at NativeMethodAccessorImpl.java:0, took 1.197372 s
[2024-09-15T17:03:34.068+0000] {spark_submit.py:579} INFO - 24/09/15 17:03:34 INFO CodeGenerator: Code generated in 20.60567 ms
[2024-09-15T17:03:34.400+0000] {spark_submit.py:579} INFO - 24/09/15 17:03:34 INFO SparkContext: Starting job: csv at NativeMethodAccessorImpl.java:0
[2024-09-15T17:03:34.406+0000] {spark_submit.py:579} INFO - 24/09/15 17:03:34 INFO DAGScheduler: Got job 1 (csv at NativeMethodAccessorImpl.java:0) with 2 output partitions
[2024-09-15T17:03:34.421+0000] {spark_submit.py:579} INFO - 24/09/15 17:03:34 INFO DAGScheduler: Final stage: ResultStage 1 (csv at NativeMethodAccessorImpl.java:0)
[2024-09-15T17:03:34.426+0000] {spark_submit.py:579} INFO - 24/09/15 17:03:34 INFO DAGScheduler: Parents of final stage: List()
[2024-09-15T17:03:34.428+0000] {spark_submit.py:579} INFO - 24/09/15 17:03:34 INFO DAGScheduler: Missing parents: List()
[2024-09-15T17:03:34.431+0000] {spark_submit.py:579} INFO - 24/09/15 17:03:34 INFO DAGScheduler: Submitting ResultStage 1 (MapPartitionsRDD[10] at csv at NativeMethodAccessorImpl.java:0), which has no missing parents
[2024-09-15T17:03:34.474+0000] {spark_submit.py:579} INFO - 24/09/15 17:03:34 INFO MemoryStore: Block broadcast_2 stored as values in memory (estimated size 19.7 KiB, free 434.1 MiB)
[2024-09-15T17:03:34.561+0000] {spark_submit.py:579} INFO - 24/09/15 17:03:34 INFO MemoryStore: Block broadcast_2_piece0 stored as bytes in memory (estimated size 9.1 KiB, free 434.1 MiB)
[2024-09-15T17:03:34.570+0000] {spark_submit.py:579} INFO - 24/09/15 17:03:34 INFO BlockManagerInfo: Added broadcast_2_piece0 in memory on fb744bf0dc86:34461 (size: 9.1 KiB, free: 434.3 MiB)
[2024-09-15T17:03:34.575+0000] {spark_submit.py:579} INFO - 24/09/15 17:03:34 INFO SparkContext: Created broadcast 2 from broadcast at DAGScheduler.scala:1585
[2024-09-15T17:03:34.580+0000] {spark_submit.py:579} INFO - 24/09/15 17:03:34 INFO DAGScheduler: Submitting 2 missing tasks from ResultStage 1 (MapPartitionsRDD[10] at csv at NativeMethodAccessorImpl.java:0) (first 15 tasks are for partitions Vector(0, 1))
[2024-09-15T17:03:34.582+0000] {spark_submit.py:579} INFO - 24/09/15 17:03:34 INFO TaskSchedulerImpl: Adding task set 1.0 with 2 tasks resource profile 0
[2024-09-15T17:03:34.628+0000] {spark_submit.py:579} INFO - 24/09/15 17:03:34 INFO TaskSetManager: Starting task 0.0 in stage 1.0 (TID 1) (fb744bf0dc86, executor driver, partition 0, PROCESS_LOCAL, 9601 bytes)
[2024-09-15T17:03:34.634+0000] {spark_submit.py:579} INFO - 24/09/15 17:03:34 INFO TaskSetManager: Starting task 1.0 in stage 1.0 (TID 2) (fb744bf0dc86, executor driver, partition 1, PROCESS_LOCAL, 9601 bytes)
[2024-09-15T17:03:34.637+0000] {spark_submit.py:579} INFO - 24/09/15 17:03:34 INFO Executor: Running task 0.0 in stage 1.0 (TID 1)
[2024-09-15T17:03:34.643+0000] {spark_submit.py:579} INFO - 24/09/15 17:03:34 INFO Executor: Running task 1.0 in stage 1.0 (TID 2)
[2024-09-15T17:03:34.739+0000] {spark_submit.py:579} INFO - 24/09/15 17:03:34 INFO BlockManagerInfo: Removed broadcast_1_piece0 on fb744bf0dc86:34461 in memory (size: 8.3 KiB, free: 434.4 MiB)
[2024-09-15T17:03:34.820+0000] {spark_submit.py:579} INFO - 24/09/15 17:03:34 INFO FileScanRDD: Reading File path: file:///opt/***/datasets/Airbnb.csv, range: 4194304-7081245, partition values: [empty row]
[2024-09-15T17:03:34.822+0000] {spark_submit.py:579} INFO - 24/09/15 17:03:34 INFO FileScanRDD: Reading File path: file:///opt/***/datasets/Airbnb.csv, range: 0-4194304, partition values: [empty row]
[2024-09-15T17:03:35.950+0000] {spark_submit.py:579} INFO - 24/09/15 17:03:35 INFO Executor: Finished task 1.0 in stage 1.0 (TID 2). 1546 bytes result sent to driver
[2024-09-15T17:03:35.957+0000] {spark_submit.py:579} INFO - 24/09/15 17:03:35 INFO TaskSetManager: Finished task 1.0 in stage 1.0 (TID 2) in 1362 ms on fb744bf0dc86 (executor driver) (1/2)
[2024-09-15T17:03:36.202+0000] {spark_submit.py:579} INFO - 24/09/15 17:03:36 INFO Executor: Finished task 0.0 in stage 1.0 (TID 1). 1503 bytes result sent to driver
[2024-09-15T17:03:36.210+0000] {spark_submit.py:579} INFO - 24/09/15 17:03:36 INFO TaskSetManager: Finished task 0.0 in stage 1.0 (TID 1) in 1624 ms on fb744bf0dc86 (executor driver) (2/2)
[2024-09-15T17:03:36.213+0000] {spark_submit.py:579} INFO - 24/09/15 17:03:36 INFO TaskSchedulerImpl: Removed TaskSet 1.0, whose tasks have all completed, from pool
[2024-09-15T17:03:36.218+0000] {spark_submit.py:579} INFO - 24/09/15 17:03:36 INFO DAGScheduler: ResultStage 1 (csv at NativeMethodAccessorImpl.java:0) finished in 1.783 s
[2024-09-15T17:03:36.223+0000] {spark_submit.py:579} INFO - 24/09/15 17:03:36 INFO DAGScheduler: Job 1 is finished. Cancelling potential speculative or zombie tasks for this job
[2024-09-15T17:03:36.228+0000] {spark_submit.py:579} INFO - 24/09/15 17:03:36 INFO TaskSchedulerImpl: Killing all running tasks in stage 1: Stage finished
[2024-09-15T17:03:36.230+0000] {spark_submit.py:579} INFO - 24/09/15 17:03:36 INFO DAGScheduler: Job 1 finished: csv at NativeMethodAccessorImpl.java:0, took 1.821310 s
[2024-09-15T17:03:37.446+0000] {spark_submit.py:579} INFO - 24/09/15 17:03:37 INFO HiveConf: Found configuration file null
[2024-09-15T17:03:37.488+0000] {spark_submit.py:579} INFO - 24/09/15 17:03:37 INFO HiveUtils: Initializing HiveMetastoreConnection version 2.3.9 using Spark classes.
[2024-09-15T17:03:38.333+0000] {spark_submit.py:579} INFO - 24/09/15 17:03:38 INFO HiveClientImpl: Warehouse location for Hive client (version 2.3.9) is file:/user/hive/warehouse
[2024-09-15T17:03:38.487+0000] {spark_submit.py:579} INFO - 24/09/15 17:03:38 INFO metastore: Trying to connect to metastore with URI thrift://hive-metastore:9083
[2024-09-15T17:03:38.583+0000] {spark_submit.py:579} INFO - 24/09/15 17:03:38 INFO metastore: Opened a connection to metastore, current connections: 1
[2024-09-15T17:03:39.312+0000] {spark_submit.py:579} INFO - 24/09/15 17:03:39 INFO metastore: Connected to metastore.
[2024-09-15T17:03:47.209+0000] {spark_submit.py:579} INFO - 24/09/15 17:03:47 INFO FileSourceStrategy: Pushed Filters: IsNotNull(availability_365),GreaterThan(availability_365,15)
[2024-09-15T17:03:47.211+0000] {spark_submit.py:579} INFO - 24/09/15 17:03:47 INFO FileSourceStrategy: Post-Scan Filters: isnotnull(availability_365#36),atleastnnonnulls(8, neighbourhood_group#25, neighbourhood#26, room_type#29, price#30, minimum_nights#31, number_of_reviews#32, calculated_host_listings_count#35, availability_365#36),(availability_365#36 > 15)
[2024-09-15T17:03:48.225+0000] {spark_submit.py:579} INFO - 24/09/15 17:03:48 INFO CodeGenerator: Code generated in 381.318825 ms
[2024-09-15T17:03:48.247+0000] {spark_submit.py:579} INFO - 24/09/15 17:03:48 INFO MemoryStore: Block broadcast_3 stored as values in memory (estimated size 200.1 KiB, free 433.9 MiB)
[2024-09-15T17:03:48.282+0000] {spark_submit.py:579} INFO - 24/09/15 17:03:48 INFO MemoryStore: Block broadcast_3_piece0 stored as bytes in memory (estimated size 34.5 KiB, free 433.9 MiB)
[2024-09-15T17:03:48.285+0000] {spark_submit.py:579} INFO - 24/09/15 17:03:48 INFO BlockManagerInfo: Added broadcast_3_piece0 in memory on fb744bf0dc86:34461 (size: 34.5 KiB, free: 434.3 MiB)
[2024-09-15T17:03:48.288+0000] {spark_submit.py:579} INFO - 24/09/15 17:03:48 INFO SparkContext: Created broadcast 3 from saveAsTable at NativeMethodAccessorImpl.java:0
[2024-09-15T17:03:48.311+0000] {spark_submit.py:579} INFO - 24/09/15 17:03:48 INFO FileSourceScanExec: Planning scan with bin packing, max size: 4194304 bytes, open cost is considered as scanning 4194304 bytes.
[2024-09-15T17:03:48.813+0000] {spark_submit.py:579} INFO - 24/09/15 17:03:48 INFO DAGScheduler: Registering RDD 14 (saveAsTable at NativeMethodAccessorImpl.java:0) as input to shuffle 0
[2024-09-15T17:03:48.833+0000] {spark_submit.py:579} INFO - 24/09/15 17:03:48 INFO DAGScheduler: Got map stage job 2 (saveAsTable at NativeMethodAccessorImpl.java:0) with 2 output partitions
[2024-09-15T17:03:48.836+0000] {spark_submit.py:579} INFO - 24/09/15 17:03:48 INFO DAGScheduler: Final stage: ShuffleMapStage 2 (saveAsTable at NativeMethodAccessorImpl.java:0)
[2024-09-15T17:03:48.838+0000] {spark_submit.py:579} INFO - 24/09/15 17:03:48 INFO DAGScheduler: Parents of final stage: List()
[2024-09-15T17:03:48.840+0000] {spark_submit.py:579} INFO - 24/09/15 17:03:48 INFO DAGScheduler: Missing parents: List()
[2024-09-15T17:03:48.846+0000] {spark_submit.py:579} INFO - 24/09/15 17:03:48 INFO DAGScheduler: Submitting ShuffleMapStage 2 (MapPartitionsRDD[14] at saveAsTable at NativeMethodAccessorImpl.java:0), which has no missing parents
[2024-09-15T17:03:48.913+0000] {spark_submit.py:579} INFO - 24/09/15 17:03:48 INFO MemoryStore: Block broadcast_4 stored as values in memory (estimated size 55.7 KiB, free 433.9 MiB)
[2024-09-15T17:03:48.921+0000] {spark_submit.py:579} INFO - 24/09/15 17:03:48 INFO MemoryStore: Block broadcast_4_piece0 stored as bytes in memory (estimated size 23.8 KiB, free 433.8 MiB)
[2024-09-15T17:03:48.925+0000] {spark_submit.py:579} INFO - 24/09/15 17:03:48 INFO BlockManagerInfo: Added broadcast_4_piece0 in memory on fb744bf0dc86:34461 (size: 23.8 KiB, free: 434.3 MiB)
[2024-09-15T17:03:48.927+0000] {spark_submit.py:579} INFO - 24/09/15 17:03:48 INFO SparkContext: Created broadcast 4 from broadcast at DAGScheduler.scala:1585
[2024-09-15T17:03:48.934+0000] {spark_submit.py:579} INFO - 24/09/15 17:03:48 INFO DAGScheduler: Submitting 2 missing tasks from ShuffleMapStage 2 (MapPartitionsRDD[14] at saveAsTable at NativeMethodAccessorImpl.java:0) (first 15 tasks are for partitions Vector(0, 1))
[2024-09-15T17:03:48.936+0000] {spark_submit.py:579} INFO - 24/09/15 17:03:48 INFO TaskSchedulerImpl: Adding task set 2.0 with 2 tasks resource profile 0
[2024-09-15T17:03:48.943+0000] {spark_submit.py:579} INFO - 24/09/15 17:03:48 INFO TaskSetManager: Starting task 0.0 in stage 2.0 (TID 3) (fb744bf0dc86, executor driver, partition 0, PROCESS_LOCAL, 9590 bytes)
[2024-09-15T17:03:48.945+0000] {spark_submit.py:579} INFO - 24/09/15 17:03:48 INFO TaskSetManager: Starting task 1.0 in stage 2.0 (TID 4) (fb744bf0dc86, executor driver, partition 1, PROCESS_LOCAL, 9590 bytes)
[2024-09-15T17:03:48.948+0000] {spark_submit.py:579} INFO - 24/09/15 17:03:48 INFO Executor: Running task 1.0 in stage 2.0 (TID 4)
[2024-09-15T17:03:48.950+0000] {spark_submit.py:579} INFO - 24/09/15 17:03:48 INFO Executor: Running task 0.0 in stage 2.0 (TID 3)
[2024-09-15T17:03:49.233+0000] {spark_submit.py:579} INFO - 24/09/15 17:03:49 INFO CodeGenerator: Code generated in 180.545754 ms
[2024-09-15T17:03:49.284+0000] {spark_submit.py:579} INFO - 24/09/15 17:03:49 INFO CodeGenerator: Code generated in 27.397535 ms
[2024-09-15T17:03:49.356+0000] {spark_submit.py:579} INFO - 24/09/15 17:03:49 INFO CodeGenerator: Code generated in 17.648974 ms
[2024-09-15T17:03:49.427+0000] {spark_submit.py:579} INFO - 24/09/15 17:03:49 INFO CodeGenerator: Code generated in 27.094729 ms
[2024-09-15T17:03:49.474+0000] {spark_submit.py:579} INFO - 24/09/15 17:03:49 INFO FileScanRDD: Reading File path: file:///opt/***/datasets/Airbnb.csv, range: 0-4194304, partition values: [empty row]
[2024-09-15T17:03:49.476+0000] {spark_submit.py:579} INFO - 24/09/15 17:03:49 INFO FileScanRDD: Reading File path: file:///opt/***/datasets/Airbnb.csv, range: 4194304-7081245, partition values: [empty row]
[2024-09-15T17:03:49.560+0000] {spark_submit.py:579} INFO - 24/09/15 17:03:49 INFO CodeGenerator: Code generated in 51.317828 ms
[2024-09-15T17:03:49.665+0000] {spark_submit.py:579} INFO - 24/09/15 17:03:49 INFO CodeGenerator: Code generated in 17.33109 ms
[2024-09-15T17:03:51.054+0000] {spark_submit.py:579} INFO - 24/09/15 17:03:51 INFO Executor: Finished task 0.0 in stage 2.0 (TID 3). 2864 bytes result sent to driver
[2024-09-15T17:03:51.055+0000] {spark_submit.py:579} INFO - 24/09/15 17:03:51 INFO Executor: Finished task 1.0 in stage 2.0 (TID 4). 2864 bytes result sent to driver
[2024-09-15T17:03:51.060+0000] {spark_submit.py:579} INFO - 24/09/15 17:03:51 INFO TaskSetManager: Finished task 0.0 in stage 2.0 (TID 3) in 2120 ms on fb744bf0dc86 (executor driver) (1/2)
[2024-09-15T17:03:51.062+0000] {spark_submit.py:579} INFO - 24/09/15 17:03:51 INFO TaskSetManager: Finished task 1.0 in stage 2.0 (TID 4) in 2117 ms on fb744bf0dc86 (executor driver) (2/2)
[2024-09-15T17:03:51.063+0000] {spark_submit.py:579} INFO - 24/09/15 17:03:51 INFO TaskSchedulerImpl: Removed TaskSet 2.0, whose tasks have all completed, from pool
[2024-09-15T17:03:51.071+0000] {spark_submit.py:579} INFO - 24/09/15 17:03:51 INFO DAGScheduler: ShuffleMapStage 2 (saveAsTable at NativeMethodAccessorImpl.java:0) finished in 2.214 s
[2024-09-15T17:03:51.072+0000] {spark_submit.py:579} INFO - 24/09/15 17:03:51 INFO DAGScheduler: looking for newly runnable stages
[2024-09-15T17:03:51.073+0000] {spark_submit.py:579} INFO - 24/09/15 17:03:51 INFO DAGScheduler: running: Set()
[2024-09-15T17:03:51.075+0000] {spark_submit.py:579} INFO - 24/09/15 17:03:51 INFO DAGScheduler: waiting: Set()
[2024-09-15T17:03:51.076+0000] {spark_submit.py:579} INFO - 24/09/15 17:03:51 INFO DAGScheduler: failed: Set()
[2024-09-15T17:03:51.149+0000] {spark_submit.py:579} INFO - 24/09/15 17:03:51 INFO ShufflePartitionsUtil: For shuffle(0), advisory target size: 67108864, actual target size 1048576, minimum partition size: 1048576
[2024-09-15T17:03:51.312+0000] {spark_submit.py:579} INFO - 24/09/15 17:03:51 INFO ParquetUtils: Using default output committer for Parquet: org.apache.parquet.hadoop.ParquetOutputCommitter
[2024-09-15T17:03:51.352+0000] {spark_submit.py:579} INFO - 24/09/15 17:03:51 INFO FileOutputCommitter: File Output Committer Algorithm version is 1
[2024-09-15T17:03:51.353+0000] {spark_submit.py:579} INFO - 24/09/15 17:03:51 INFO FileOutputCommitter: FileOutputCommitter skip cleanup _temporary folders under output directory:false, ignore cleanup failures: false
[2024-09-15T17:03:51.355+0000] {spark_submit.py:579} INFO - 24/09/15 17:03:51 INFO SQLHadoopMapReduceCommitProtocol: Using user defined output committer class org.apache.parquet.hadoop.ParquetOutputCommitter
[2024-09-15T17:03:51.357+0000] {spark_submit.py:579} INFO - 24/09/15 17:03:51 INFO FileOutputCommitter: File Output Committer Algorithm version is 1
[2024-09-15T17:03:51.359+0000] {spark_submit.py:579} INFO - 24/09/15 17:03:51 INFO FileOutputCommitter: FileOutputCommitter skip cleanup _temporary folders under output directory:false, ignore cleanup failures: false
[2024-09-15T17:03:51.361+0000] {spark_submit.py:579} INFO - 24/09/15 17:03:51 INFO SQLHadoopMapReduceCommitProtocol: Using output committer class org.apache.parquet.hadoop.ParquetOutputCommitter
[2024-09-15T17:03:51.511+0000] {spark_submit.py:579} INFO - 24/09/15 17:03:51 INFO HashAggregateExec: spark.sql.codegen.aggregate.map.twolevel.enabled is set to true, but current version of codegened fast hashmap does not support this aggregate.
[2024-09-15T17:03:51.615+0000] {spark_submit.py:579} INFO - 24/09/15 17:03:51 INFO CodeGenerator: Code generated in 63.237805 ms
[2024-09-15T17:03:51.735+0000] {spark_submit.py:579} INFO - 24/09/15 17:03:51 INFO SparkContext: Starting job: saveAsTable at NativeMethodAccessorImpl.java:0
[2024-09-15T17:03:51.742+0000] {spark_submit.py:579} INFO - 24/09/15 17:03:51 INFO DAGScheduler: Got job 3 (saveAsTable at NativeMethodAccessorImpl.java:0) with 1 output partitions
[2024-09-15T17:03:51.744+0000] {spark_submit.py:579} INFO - 24/09/15 17:03:51 INFO DAGScheduler: Final stage: ResultStage 4 (saveAsTable at NativeMethodAccessorImpl.java:0)
[2024-09-15T17:03:51.754+0000] {spark_submit.py:579} INFO - 24/09/15 17:03:51 INFO DAGScheduler: Parents of final stage: List(ShuffleMapStage 3)
[2024-09-15T17:03:51.756+0000] {spark_submit.py:579} INFO - 24/09/15 17:03:51 INFO DAGScheduler: Missing parents: List()
[2024-09-15T17:03:51.758+0000] {spark_submit.py:579} INFO - 24/09/15 17:03:51 INFO DAGScheduler: Submitting ResultStage 4 (MapPartitionsRDD[17] at saveAsTable at NativeMethodAccessorImpl.java:0), which has no missing parents
[2024-09-15T17:03:51.954+0000] {spark_submit.py:579} INFO - 24/09/15 17:03:51 INFO MemoryStore: Block broadcast_5 stored as values in memory (estimated size 261.5 KiB, free 433.6 MiB)
[2024-09-15T17:03:51.971+0000] {spark_submit.py:579} INFO - 24/09/15 17:03:51 INFO MemoryStore: Block broadcast_5_piece0 stored as bytes in memory (estimated size 96.7 KiB, free 433.5 MiB)
[2024-09-15T17:03:51.975+0000] {spark_submit.py:579} INFO - 24/09/15 17:03:51 INFO BlockManagerInfo: Added broadcast_5_piece0 in memory on fb744bf0dc86:34461 (size: 96.7 KiB, free: 434.2 MiB)
[2024-09-15T17:03:51.989+0000] {spark_submit.py:579} INFO - 24/09/15 17:03:51 INFO SparkContext: Created broadcast 5 from broadcast at DAGScheduler.scala:1585
[2024-09-15T17:03:51.991+0000] {spark_submit.py:579} INFO - 24/09/15 17:03:51 INFO DAGScheduler: Submitting 1 missing tasks from ResultStage 4 (MapPartitionsRDD[17] at saveAsTable at NativeMethodAccessorImpl.java:0) (first 15 tasks are for partitions Vector(0))
[2024-09-15T17:03:51.993+0000] {spark_submit.py:579} INFO - 24/09/15 17:03:51 INFO TaskSchedulerImpl: Adding task set 4.0 with 1 tasks resource profile 0
[2024-09-15T17:03:52.144+0000] {spark_submit.py:579} INFO - 24/09/15 17:03:52 INFO TaskSetManager: Starting task 0.0 in stage 4.0 (TID 5) (fb744bf0dc86, executor driver, partition 0, NODE_LOCAL, 8999 bytes)
[2024-09-15T17:03:52.147+0000] {spark_submit.py:579} INFO - 24/09/15 17:03:52 INFO Executor: Running task 0.0 in stage 4.0 (TID 5)
[2024-09-15T17:03:52.574+0000] {spark_submit.py:579} INFO - 24/09/15 17:03:52 INFO ShuffleBlockFetcherIterator: Getting 2 (961.0 B) non-empty blocks including 2 (961.0 B) local and 0 (0.0 B) host-local and 0 (0.0 B) push-merged-local and 0 (0.0 B) remote blocks
[2024-09-15T17:03:52.586+0000] {spark_submit.py:579} INFO - 24/09/15 17:03:52 INFO ShuffleBlockFetcherIterator: Started 0 remote fetches in 51 ms
[2024-09-15T17:03:52.733+0000] {spark_submit.py:579} INFO - 24/09/15 17:03:52 INFO CodeGenerator: Code generated in 125.29514 ms
[2024-09-15T17:03:52.751+0000] {spark_submit.py:579} INFO - 24/09/15 17:03:52 INFO FileOutputCommitter: File Output Committer Algorithm version is 1
[2024-09-15T17:03:52.754+0000] {spark_submit.py:579} INFO - 24/09/15 17:03:52 INFO FileOutputCommitter: FileOutputCommitter skip cleanup _temporary folders under output directory:false, ignore cleanup failures: false
[2024-09-15T17:03:52.757+0000] {spark_submit.py:579} INFO - 24/09/15 17:03:52 INFO SQLHadoopMapReduceCommitProtocol: Using user defined output committer class org.apache.parquet.hadoop.ParquetOutputCommitter
[2024-09-15T17:03:52.768+0000] {spark_submit.py:579} INFO - 24/09/15 17:03:52 INFO FileOutputCommitter: File Output Committer Algorithm version is 1
[2024-09-15T17:03:52.771+0000] {spark_submit.py:579} INFO - 24/09/15 17:03:52 INFO FileOutputCommitter: FileOutputCommitter skip cleanup _temporary folders under output directory:false, ignore cleanup failures: false
[2024-09-15T17:03:52.774+0000] {spark_submit.py:579} INFO - 24/09/15 17:03:52 INFO SQLHadoopMapReduceCommitProtocol: Using output committer class org.apache.parquet.hadoop.ParquetOutputCommitter
[2024-09-15T17:03:52.813+0000] {spark_submit.py:579} INFO - 24/09/15 17:03:52 INFO CodecConfig: Compression: SNAPPY
[2024-09-15T17:03:52.921+0000] {spark_submit.py:579} INFO - 24/09/15 17:03:52 INFO CodecConfig: Compression: SNAPPY
[2024-09-15T17:03:53.226+0000] {spark_submit.py:579} INFO - 24/09/15 17:03:53 INFO ParquetOutputFormat: ParquetRecordWriter [block size: 134217728b, row group padding size: 8388608b, validating: false]
[2024-09-15T17:03:53.360+0000] {spark_submit.py:579} INFO - 24/09/15 17:03:53 INFO ParquetWriteSupport: Initialized Parquet WriteSupport with Catalyst schema:
[2024-09-15T17:03:53.362+0000] {spark_submit.py:579} INFO - {
[2024-09-15T17:03:53.365+0000] {spark_submit.py:579} INFO - "type" : "struct",
[2024-09-15T17:03:53.367+0000] {spark_submit.py:579} INFO - "fields" : [ {
[2024-09-15T17:03:53.368+0000] {spark_submit.py:579} INFO - "name" : "neighbourhood_group",
[2024-09-15T17:03:53.369+0000] {spark_submit.py:579} INFO - "type" : "string",
[2024-09-15T17:03:53.370+0000] {spark_submit.py:579} INFO - "nullable" : true,
[2024-09-15T17:03:53.371+0000] {spark_submit.py:579} INFO - "metadata" : { }
[2024-09-15T17:03:53.372+0000] {spark_submit.py:579} INFO - }, {
[2024-09-15T17:03:53.374+0000] {spark_submit.py:579} INFO - "name" : "average_price",
[2024-09-15T17:03:53.375+0000] {spark_submit.py:579} INFO - "type" : "double",
[2024-09-15T17:03:53.376+0000] {spark_submit.py:579} INFO - "nullable" : true,
[2024-09-15T17:03:53.377+0000] {spark_submit.py:579} INFO - "metadata" : { }
[2024-09-15T17:03:53.378+0000] {spark_submit.py:579} INFO - }, {
[2024-09-15T17:03:53.379+0000] {spark_submit.py:579} INFO - "name" : "min_price",
[2024-09-15T17:03:53.381+0000] {spark_submit.py:579} INFO - "type" : "integer",
[2024-09-15T17:03:53.382+0000] {spark_submit.py:579} INFO - "nullable" : true,
[2024-09-15T17:03:53.383+0000] {spark_submit.py:579} INFO - "metadata" : { }
[2024-09-15T17:03:53.385+0000] {spark_submit.py:579} INFO - }, {
[2024-09-15T17:03:53.386+0000] {spark_submit.py:579} INFO - "name" : "max_price",
[2024-09-15T17:03:53.387+0000] {spark_submit.py:579} INFO - "type" : "integer",
[2024-09-15T17:03:53.388+0000] {spark_submit.py:579} INFO - "nullable" : true,
[2024-09-15T17:03:53.389+0000] {spark_submit.py:579} INFO - "metadata" : { }
[2024-09-15T17:03:53.391+0000] {spark_submit.py:579} INFO - }, {
[2024-09-15T17:03:53.392+0000] {spark_submit.py:579} INFO - "name" : "count",
[2024-09-15T17:03:53.394+0000] {spark_submit.py:579} INFO - "type" : "long",
[2024-09-15T17:03:53.395+0000] {spark_submit.py:579} INFO - "nullable" : false,
[2024-09-15T17:03:53.396+0000] {spark_submit.py:579} INFO - "metadata" : { }
[2024-09-15T17:03:53.398+0000] {spark_submit.py:579} INFO - } ]
[2024-09-15T17:03:53.399+0000] {spark_submit.py:579} INFO - }
[2024-09-15T17:03:53.401+0000] {spark_submit.py:579} INFO - and corresponding Parquet message type:
[2024-09-15T17:03:53.403+0000] {spark_submit.py:579} INFO - message spark_schema {
[2024-09-15T17:03:53.405+0000] {spark_submit.py:579} INFO - optional binary neighbourhood_group (STRING);
[2024-09-15T17:03:53.406+0000] {spark_submit.py:579} INFO - optional double average_price;
[2024-09-15T17:03:53.408+0000] {spark_submit.py:579} INFO - optional int32 min_price;
[2024-09-15T17:03:53.409+0000] {spark_submit.py:579} INFO - optional int32 max_price;
[2024-09-15T17:03:53.410+0000] {spark_submit.py:579} INFO - required int64 count;
[2024-09-15T17:03:53.411+0000] {spark_submit.py:579} INFO - }
[2024-09-15T17:03:53.413+0000] {spark_submit.py:579} INFO - 
[2024-09-15T17:03:53.414+0000] {spark_submit.py:579} INFO - 
[2024-09-15T17:03:54.352+0000] {spark_submit.py:579} INFO - 24/09/15 17:03:54 INFO CodecPool: Got brand-new compressor [.snappy]
[2024-09-15T17:03:54.854+0000] {spark_submit.py:579} INFO - 24/09/15 17:03:54 INFO BlockManagerInfo: Removed broadcast_4_piece0 on fb744bf0dc86:34461 in memory (size: 23.8 KiB, free: 434.2 MiB)
[2024-09-15T17:03:59.157+0000] {spark_submit.py:579} INFO - 24/09/15 17:03:59 INFO FileOutputCommitter: Saved output of task 'attempt_202409151703513114099629096893778_0004_m_000000_5' to hdfs://namenode:9000/user/hive/warehouse/price_distribution/_temporary/0/task_202409151703513114099629096893778_0004_m_000000
[2024-09-15T17:03:59.160+0000] {spark_submit.py:579} INFO - 24/09/15 17:03:59 INFO SparkHadoopMapRedUtil: attempt_202409151703513114099629096893778_0004_m_000000_5: Committed. Elapsed time: 44 ms.
[2024-09-15T17:03:59.182+0000] {spark_submit.py:579} INFO - 24/09/15 17:03:59 INFO Executor: Finished task 0.0 in stage 4.0 (TID 5). 6236 bytes result sent to driver
[2024-09-15T17:03:59.189+0000] {spark_submit.py:579} INFO - 24/09/15 17:03:59 INFO TaskSetManager: Finished task 0.0 in stage 4.0 (TID 5) in 7057 ms on fb744bf0dc86 (executor driver) (1/1)
[2024-09-15T17:03:59.190+0000] {spark_submit.py:579} INFO - 24/09/15 17:03:59 INFO TaskSchedulerImpl: Removed TaskSet 4.0, whose tasks have all completed, from pool
[2024-09-15T17:03:59.193+0000] {spark_submit.py:579} INFO - 24/09/15 17:03:59 INFO DAGScheduler: ResultStage 4 (saveAsTable at NativeMethodAccessorImpl.java:0) finished in 7.390 s
[2024-09-15T17:03:59.195+0000] {spark_submit.py:579} INFO - 24/09/15 17:03:59 INFO DAGScheduler: Job 3 is finished. Cancelling potential speculative or zombie tasks for this job
[2024-09-15T17:03:59.197+0000] {spark_submit.py:579} INFO - 24/09/15 17:03:59 INFO TaskSchedulerImpl: Killing all running tasks in stage 4: Stage finished
[2024-09-15T17:03:59.200+0000] {spark_submit.py:579} INFO - 24/09/15 17:03:59 INFO DAGScheduler: Job 3 finished: saveAsTable at NativeMethodAccessorImpl.java:0, took 7.462570 s
[2024-09-15T17:03:59.205+0000] {spark_submit.py:579} INFO - 24/09/15 17:03:59 INFO FileFormatWriter: Start to commit write Job 79b15a94-abca-47a5-b368-a540c5c21ab7.
[2024-09-15T17:03:59.324+0000] {spark_submit.py:579} INFO - 24/09/15 17:03:59 INFO FileFormatWriter: Write Job 79b15a94-abca-47a5-b368-a540c5c21ab7 committed. Elapsed time: 114 ms.
[2024-09-15T17:03:59.339+0000] {spark_submit.py:579} INFO - 24/09/15 17:03:59 INFO FileFormatWriter: Finished processing stats for write job 79b15a94-abca-47a5-b368-a540c5c21ab7.
[2024-09-15T17:03:59.451+0000] {spark_submit.py:579} INFO - 24/09/15 17:03:59 INFO InMemoryFileIndex: It took 64 ms to list leaf files for 1 paths.
[2024-09-15T17:03:59.666+0000] {spark_submit.py:579} INFO - 24/09/15 17:03:59 INFO HiveExternalCatalog: Persisting file based data source table `spark_catalog`.`default`.`price_distribution` into Hive metastore in Hive compatible format.
[2024-09-15T17:03:59.822+0000] {spark_submit.py:579} INFO - 24/09/15 17:03:59 INFO SQLStdHiveAccessController: Created SQLStdHiveAccessController for session context : HiveAuthzSessionContext [sessionString=270f0734-b885-4442-a397-adebbd4bc140, clientType=HIVECLI]
[2024-09-15T17:03:59.830+0000] {spark_submit.py:579} INFO - 24/09/15 17:03:59 WARN SessionState: METASTORE_FILTER_HOOK will be ignored, since hive.security.authorization.manager is set to instance of HiveAuthorizerFactory.
[2024-09-15T17:03:59.831+0000] {spark_submit.py:579} INFO - 24/09/15 17:03:59 INFO metastore: Mestastore configuration hive.metastore.filter.hook changed from org.apache.hadoop.hive.metastore.DefaultMetaStoreFilterHookImpl to org.apache.hadoop.hive.ql.security.authorization.plugin.AuthorizationMetaStoreFilterHook
[2024-09-15T17:03:59.844+0000] {spark_submit.py:579} INFO - 24/09/15 17:03:59 INFO metastore: Closed a connection to metastore, current connections: 0
[2024-09-15T17:03:59.849+0000] {spark_submit.py:579} INFO - 24/09/15 17:03:59 INFO metastore: Trying to connect to metastore with URI thrift://hive-metastore:9083
[2024-09-15T17:03:59.851+0000] {spark_submit.py:579} INFO - 24/09/15 17:03:59 INFO metastore: Opened a connection to metastore, current connections: 1
[2024-09-15T17:03:59.855+0000] {spark_submit.py:579} INFO - 24/09/15 17:03:59 INFO metastore: Connected to metastore.
[2024-09-15T17:04:00.199+0000] {spark_submit.py:579} INFO - 24/09/15 17:04:00 INFO metastore: Trying to connect to metastore with URI thrift://hive-metastore:9083
[2024-09-15T17:04:00.202+0000] {spark_submit.py:579} INFO - 24/09/15 17:04:00 INFO metastore: Opened a connection to metastore, current connections: 2
[2024-09-15T17:04:00.208+0000] {spark_submit.py:579} INFO - 24/09/15 17:04:00 INFO metastore: Connected to metastore.
[2024-09-15T17:04:03.148+0000] {spark_submit.py:579} INFO - Таблица price_distribution успешно загружена в Hive!
[2024-09-15T17:04:04.757+0000] {spark_submit.py:579} INFO - Успешно создана таблица processed_airbnb_data!
[2024-09-15T17:04:05.472+0000] {spark_submit.py:579} INFO - 24/09/15 17:04:05 INFO FileSourceStrategy: Pushed Filters: IsNotNull(availability_365),GreaterThan(availability_365,15)
[2024-09-15T17:04:05.474+0000] {spark_submit.py:579} INFO - 24/09/15 17:04:05 INFO FileSourceStrategy: Post-Scan Filters: isnotnull(availability_365#36),atleastnnonnulls(8, neighbourhood_group#25, neighbourhood#26, room_type#29, price#30, minimum_nights#31, number_of_reviews#32, calculated_host_listings_count#35, availability_365#36),(availability_365#36 > 15)
[2024-09-15T17:04:05.498+0000] {spark_submit.py:579} INFO - 24/09/15 17:04:05 INFO FileUtils: Creating directory if it doesn't exist: hdfs://namenode:9000/user/hive/warehouse/processed_airbnb_data/.hive-staging_hive_2024-09-15_17-04-05_366_5977646690920517711-1
[2024-09-15T17:04:05.965+0000] {spark_submit.py:579} INFO - 24/09/15 17:04:05 INFO FileOutputCommitter: File Output Committer Algorithm version is 1
[2024-09-15T17:04:05.967+0000] {spark_submit.py:579} INFO - 24/09/15 17:04:05 INFO FileOutputCommitter: FileOutputCommitter skip cleanup _temporary folders under output directory:false, ignore cleanup failures: false
[2024-09-15T17:04:05.969+0000] {spark_submit.py:579} INFO - 24/09/15 17:04:05 INFO SQLHadoopMapReduceCommitProtocol: Using output committer class org.apache.hadoop.mapreduce.lib.output.FileOutputCommitter
[2024-09-15T17:04:06.069+0000] {spark_submit.py:579} INFO - 24/09/15 17:04:06 INFO CodeGenerator: Code generated in 52.305662 ms
[2024-09-15T17:04:06.085+0000] {spark_submit.py:579} INFO - 24/09/15 17:04:06 INFO MemoryStore: Block broadcast_6 stored as values in memory (estimated size 200.1 KiB, free 433.4 MiB)
[2024-09-15T17:04:06.133+0000] {spark_submit.py:579} INFO - 24/09/15 17:04:06 INFO MemoryStore: Block broadcast_6_piece0 stored as bytes in memory (estimated size 34.5 KiB, free 433.3 MiB)
[2024-09-15T17:04:06.138+0000] {spark_submit.py:579} INFO - 24/09/15 17:04:06 INFO BlockManagerInfo: Added broadcast_6_piece0 in memory on fb744bf0dc86:34461 (size: 34.5 KiB, free: 434.2 MiB)
[2024-09-15T17:04:06.141+0000] {spark_submit.py:579} INFO - 24/09/15 17:04:06 INFO SparkContext: Created broadcast 6 from insertInto at NativeMethodAccessorImpl.java:0
[2024-09-15T17:04:06.147+0000] {spark_submit.py:579} INFO - 24/09/15 17:04:06 INFO FileSourceScanExec: Planning scan with bin packing, max size: 4194304 bytes, open cost is considered as scanning 4194304 bytes.
[2024-09-15T17:04:06.181+0000] {spark_submit.py:579} INFO - 24/09/15 17:04:06 INFO SparkContext: Starting job: insertInto at NativeMethodAccessorImpl.java:0
[2024-09-15T17:04:06.184+0000] {spark_submit.py:579} INFO - 24/09/15 17:04:06 INFO DAGScheduler: Got job 4 (insertInto at NativeMethodAccessorImpl.java:0) with 2 output partitions
[2024-09-15T17:04:06.187+0000] {spark_submit.py:579} INFO - 24/09/15 17:04:06 INFO DAGScheduler: Final stage: ResultStage 5 (insertInto at NativeMethodAccessorImpl.java:0)
[2024-09-15T17:04:06.189+0000] {spark_submit.py:579} INFO - 24/09/15 17:04:06 INFO DAGScheduler: Parents of final stage: List()
[2024-09-15T17:04:06.191+0000] {spark_submit.py:579} INFO - 24/09/15 17:04:06 INFO DAGScheduler: Missing parents: List()
[2024-09-15T17:04:06.196+0000] {spark_submit.py:579} INFO - 24/09/15 17:04:06 INFO DAGScheduler: Submitting ResultStage 5 (MapPartitionsRDD[21] at insertInto at NativeMethodAccessorImpl.java:0), which has no missing parents
[2024-09-15T17:04:06.442+0000] {spark_submit.py:579} INFO - 24/09/15 17:04:06 INFO MemoryStore: Block broadcast_7 stored as values in memory (estimated size 324.7 KiB, free 433.0 MiB)
[2024-09-15T17:04:06.450+0000] {spark_submit.py:579} INFO - 24/09/15 17:04:06 INFO MemoryStore: Block broadcast_7_piece0 stored as bytes in memory (estimated size 116.3 KiB, free 432.9 MiB)
[2024-09-15T17:04:06.455+0000] {spark_submit.py:579} INFO - 24/09/15 17:04:06 INFO BlockManagerInfo: Added broadcast_7_piece0 in memory on fb744bf0dc86:34461 (size: 116.3 KiB, free: 434.1 MiB)
[2024-09-15T17:04:06.459+0000] {spark_submit.py:579} INFO - 24/09/15 17:04:06 INFO SparkContext: Created broadcast 7 from broadcast at DAGScheduler.scala:1585
[2024-09-15T17:04:06.463+0000] {spark_submit.py:579} INFO - 24/09/15 17:04:06 INFO DAGScheduler: Submitting 2 missing tasks from ResultStage 5 (MapPartitionsRDD[21] at insertInto at NativeMethodAccessorImpl.java:0) (first 15 tasks are for partitions Vector(0, 1))
[2024-09-15T17:04:06.465+0000] {spark_submit.py:579} INFO - 24/09/15 17:04:06 INFO TaskSchedulerImpl: Adding task set 5.0 with 2 tasks resource profile 0
[2024-09-15T17:04:06.471+0000] {spark_submit.py:579} INFO - 24/09/15 17:04:06 INFO TaskSetManager: Starting task 0.0 in stage 5.0 (TID 6) (fb744bf0dc86, executor driver, partition 0, PROCESS_LOCAL, 9601 bytes)
[2024-09-15T17:04:06.477+0000] {spark_submit.py:579} INFO - 24/09/15 17:04:06 INFO TaskSetManager: Starting task 1.0 in stage 5.0 (TID 7) (fb744bf0dc86, executor driver, partition 1, PROCESS_LOCAL, 9601 bytes)
[2024-09-15T17:04:06.479+0000] {spark_submit.py:579} INFO - 24/09/15 17:04:06 INFO Executor: Running task 1.0 in stage 5.0 (TID 7)
[2024-09-15T17:04:06.488+0000] {spark_submit.py:579} INFO - 24/09/15 17:04:06 INFO Executor: Running task 0.0 in stage 5.0 (TID 6)
[2024-09-15T17:04:06.675+0000] {spark_submit.py:579} INFO - 24/09/15 17:04:06 INFO CodeGenerator: Code generated in 51.678918 ms
[2024-09-15T17:04:06.681+0000] {spark_submit.py:579} INFO - 24/09/15 17:04:06 INFO FileOutputCommitter: File Output Committer Algorithm version is 1
[2024-09-15T17:04:06.683+0000] {spark_submit.py:579} INFO - 24/09/15 17:04:06 INFO FileOutputCommitter: FileOutputCommitter skip cleanup _temporary folders under output directory:false, ignore cleanup failures: false
[2024-09-15T17:04:06.689+0000] {spark_submit.py:579} INFO - 24/09/15 17:04:06 INFO SQLHadoopMapReduceCommitProtocol: Using output committer class org.apache.hadoop.mapreduce.lib.output.FileOutputCommitter
[2024-09-15T17:04:06.692+0000] {spark_submit.py:579} INFO - 24/09/15 17:04:06 INFO FileOutputCommitter: File Output Committer Algorithm version is 1
[2024-09-15T17:04:06.699+0000] {spark_submit.py:579} INFO - 24/09/15 17:04:06 INFO FileOutputCommitter: FileOutputCommitter skip cleanup _temporary folders under output directory:false, ignore cleanup failures: false
[2024-09-15T17:04:06.701+0000] {spark_submit.py:579} INFO - 24/09/15 17:04:06 INFO SQLHadoopMapReduceCommitProtocol: Using output committer class org.apache.hadoop.mapreduce.lib.output.FileOutputCommitter
[2024-09-15T17:04:06.702+0000] {spark_submit.py:579} INFO - 24/09/15 17:04:06 INFO FileScanRDD: Reading File path: file:///opt/***/datasets/Airbnb.csv, range: 4194304-7081245, partition values: [empty row]
[2024-09-15T17:04:06.780+0000] {spark_submit.py:579} INFO - 24/09/15 17:04:06 INFO FileScanRDD: Reading File path: file:///opt/***/datasets/Airbnb.csv, range: 0-4194304, partition values: [empty row]
[2024-09-15T17:04:07.107+0000] {spark_submit.py:579} INFO - 24/09/15 17:04:07 INFO BlockManagerInfo: Removed broadcast_3_piece0 on fb744bf0dc86:34461 in memory (size: 34.5 KiB, free: 434.1 MiB)
[2024-09-15T17:04:07.126+0000] {spark_submit.py:579} INFO - 24/09/15 17:04:07 INFO BlockManagerInfo: Removed broadcast_5_piece0 on fb744bf0dc86:34461 in memory (size: 96.7 KiB, free: 434.2 MiB)
[2024-09-15T17:04:07.420+0000] {spark_submit.py:579} INFO - 24/09/15 17:04:07 INFO FileOutputCommitter: Saved output of task 'attempt_202409151704065580629664420989706_0005_m_000001_7' to hdfs://namenode:9000/user/hive/warehouse/processed_airbnb_data/.hive-staging_hive_2024-09-15_17-04-05_366_5977646690920517711-1/-ext-10000/_temporary/0/task_202409151704065580629664420989706_0005_m_000001
[2024-09-15T17:04:07.422+0000] {spark_submit.py:579} INFO - 24/09/15 17:04:07 INFO SparkHadoopMapRedUtil: attempt_202409151704065580629664420989706_0005_m_000001_7: Committed. Elapsed time: 26 ms.
[2024-09-15T17:04:07.433+0000] {spark_submit.py:579} INFO - 24/09/15 17:04:07 INFO Executor: Finished task 1.0 in stage 5.0 (TID 7). 2669 bytes result sent to driver
[2024-09-15T17:04:07.440+0000] {spark_submit.py:579} INFO - 24/09/15 17:04:07 INFO TaskSetManager: Finished task 1.0 in stage 5.0 (TID 7) in 970 ms on fb744bf0dc86 (executor driver) (1/2)
[2024-09-15T17:04:07.486+0000] {spark_submit.py:579} INFO - 24/09/15 17:04:07 INFO FileOutputCommitter: Saved output of task 'attempt_202409151704065580629664420989706_0005_m_000000_6' to hdfs://namenode:9000/user/hive/warehouse/processed_airbnb_data/.hive-staging_hive_2024-09-15_17-04-05_366_5977646690920517711-1/-ext-10000/_temporary/0/task_202409151704065580629664420989706_0005_m_000000
[2024-09-15T17:04:07.488+0000] {spark_submit.py:579} INFO - 24/09/15 17:04:07 INFO SparkHadoopMapRedUtil: attempt_202409151704065580629664420989706_0005_m_000000_6: Committed. Elapsed time: 19 ms.
[2024-09-15T17:04:07.492+0000] {spark_submit.py:579} INFO - 24/09/15 17:04:07 INFO Executor: Finished task 0.0 in stage 5.0 (TID 6). 2669 bytes result sent to driver
[2024-09-15T17:04:07.496+0000] {spark_submit.py:579} INFO - 24/09/15 17:04:07 INFO TaskSetManager: Finished task 0.0 in stage 5.0 (TID 6) in 1033 ms on fb744bf0dc86 (executor driver) (2/2)
[2024-09-15T17:04:07.497+0000] {spark_submit.py:579} INFO - 24/09/15 17:04:07 INFO TaskSchedulerImpl: Removed TaskSet 5.0, whose tasks have all completed, from pool
[2024-09-15T17:04:07.499+0000] {spark_submit.py:579} INFO - 24/09/15 17:04:07 INFO DAGScheduler: ResultStage 5 (insertInto at NativeMethodAccessorImpl.java:0) finished in 1.296 s
[2024-09-15T17:04:07.501+0000] {spark_submit.py:579} INFO - 24/09/15 17:04:07 INFO DAGScheduler: Job 4 is finished. Cancelling potential speculative or zombie tasks for this job
[2024-09-15T17:04:07.503+0000] {spark_submit.py:579} INFO - 24/09/15 17:04:07 INFO TaskSchedulerImpl: Killing all running tasks in stage 5: Stage finished
[2024-09-15T17:04:07.505+0000] {spark_submit.py:579} INFO - 24/09/15 17:04:07 INFO DAGScheduler: Job 4 finished: insertInto at NativeMethodAccessorImpl.java:0, took 1.319753 s
[2024-09-15T17:04:07.507+0000] {spark_submit.py:579} INFO - 24/09/15 17:04:07 INFO FileFormatWriter: Start to commit write Job af836d28-cfcc-4a87-a507-09f105c30587.
[2024-09-15T17:04:07.587+0000] {spark_submit.py:579} INFO - 24/09/15 17:04:07 INFO FileFormatWriter: Write Job af836d28-cfcc-4a87-a507-09f105c30587 committed. Elapsed time: 81 ms.
[2024-09-15T17:04:07.588+0000] {spark_submit.py:579} INFO - 24/09/15 17:04:07 INFO FileFormatWriter: Finished processing stats for write job af836d28-cfcc-4a87-a507-09f105c30587.
[2024-09-15T17:04:07.778+0000] {spark_submit.py:579} INFO - 24/09/15 17:04:07 INFO FileUtils: Creating directory if it doesn't exist: hdfs://namenode:9000/user/hive/warehouse/processed_airbnb_data
[2024-09-15T17:04:13.728+0000] {spark_submit.py:579} INFO - Данные успешно записаны в таблицу processed_airbnb_data
[2024-09-15T17:04:13.949+0000] {spark_submit.py:579} INFO - 24/09/15 17:04:13 INFO SparkContext: Invoking stop() from shutdown hook
[2024-09-15T17:04:13.951+0000] {spark_submit.py:579} INFO - 24/09/15 17:04:13 INFO SparkContext: SparkContext is stopping with exitCode 0.
[2024-09-15T17:04:14.003+0000] {spark_submit.py:579} INFO - 24/09/15 17:04:14 INFO SparkUI: Stopped Spark web UI at http://fb744bf0dc86:4040
[2024-09-15T17:04:14.062+0000] {spark_submit.py:579} INFO - 24/09/15 17:04:14 INFO MapOutputTrackerMasterEndpoint: MapOutputTrackerMasterEndpoint stopped!
[2024-09-15T17:04:14.138+0000] {spark_submit.py:579} INFO - 24/09/15 17:04:14 INFO MemoryStore: MemoryStore cleared
[2024-09-15T17:04:14.140+0000] {spark_submit.py:579} INFO - 24/09/15 17:04:14 INFO BlockManager: BlockManager stopped
[2024-09-15T17:04:14.149+0000] {spark_submit.py:579} INFO - 24/09/15 17:04:14 INFO BlockManagerMaster: BlockManagerMaster stopped
[2024-09-15T17:04:14.160+0000] {spark_submit.py:579} INFO - 24/09/15 17:04:14 INFO OutputCommitCoordinator$OutputCommitCoordinatorEndpoint: OutputCommitCoordinator stopped!
[2024-09-15T17:04:14.198+0000] {spark_submit.py:579} INFO - 24/09/15 17:04:14 INFO SparkContext: Successfully stopped SparkContext
[2024-09-15T17:04:14.199+0000] {spark_submit.py:579} INFO - 24/09/15 17:04:14 INFO ShutdownHookManager: Shutdown hook called
[2024-09-15T17:04:14.202+0000] {spark_submit.py:579} INFO - 24/09/15 17:04:14 INFO ShutdownHookManager: Deleting directory /tmp/spark-6ca2ef30-1dc3-48b1-90d2-d073376e6ec2
[2024-09-15T17:04:14.215+0000] {spark_submit.py:579} INFO - 24/09/15 17:04:14 INFO ShutdownHookManager: Deleting directory /tmp/spark-8243ae4a-da8f-4874-a770-4e083cf2da3c
[2024-09-15T17:04:14.234+0000] {spark_submit.py:579} INFO - 24/09/15 17:04:14 INFO ShutdownHookManager: Deleting directory /tmp/spark-6ca2ef30-1dc3-48b1-90d2-d073376e6ec2/pyspark-b64a2f72-4e2d-4cb0-b02e-35c56418e37b
[2024-09-15T17:04:14.534+0000] {taskinstance.py:340} INFO - ::group::Post task execution logs
[2024-09-15T17:04:14.537+0000] {taskinstance.py:352} INFO - Marking task as SUCCESS. dag_id=airbnb_model, task_id=data_analysis, run_id=scheduled__2024-09-14T00:00:00+00:00, execution_date=20240914T000000, start_date=20240915T170247, end_date=20240915T170414
[2024-09-15T17:04:14.636+0000] {local_task_job_runner.py:266} INFO - Task exited with return code 0
[2024-09-15T17:04:14.737+0000] {taskinstance.py:3900} INFO - 1 downstream tasks scheduled from follow-on schedule check
[2024-09-15T17:04:14.744+0000] {local_task_job_runner.py:245} INFO - ::endgroup::
