[2024-09-15T14:13:54.233+0000] {local_task_job_runner.py:123} INFO - ::group::Pre task execution logs
[2024-09-15T14:13:54.268+0000] {taskinstance.py:2612} INFO - Dependencies all met for dep_context=non-requeueable deps ti=<TaskInstance: airbnb_model.data_analysis scheduled__2024-09-14T00:00:00+00:00 [queued]>
[2024-09-15T14:13:54.286+0000] {taskinstance.py:2612} INFO - Dependencies all met for dep_context=requeueable deps ti=<TaskInstance: airbnb_model.data_analysis scheduled__2024-09-14T00:00:00+00:00 [queued]>
[2024-09-15T14:13:54.287+0000] {taskinstance.py:2865} INFO - Starting attempt 5 of 8
[2024-09-15T14:13:54.313+0000] {taskinstance.py:2888} INFO - Executing <Task(SparkSubmitOperator): data_analysis> on 2024-09-14 00:00:00+00:00
[2024-09-15T14:13:54.326+0000] {standard_task_runner.py:104} INFO - Running: ['***', 'tasks', 'run', 'airbnb_model', 'data_analysis', 'scheduled__2024-09-14T00:00:00+00:00', '--job-id', '747', '--raw', '--subdir', 'DAGS_FOLDER/air_price_pred_dag.py', '--cfg-path', '/tmp/tmpuwx5w3_b']
[2024-09-15T14:13:54.330+0000] {standard_task_runner.py:105} INFO - Job 747: Subtask data_analysis
[2024-09-15T14:13:54.330+0000] {logging_mixin.py:190} WARNING - /home/***/.local/lib/python3.12/site-packages/***/task/task_runner/standard_task_runner.py:70 DeprecationWarning: This process (pid=12580) is multi-threaded, use of fork() may lead to deadlocks in the child.
[2024-09-15T14:13:54.331+0000] {standard_task_runner.py:72} INFO - Started process 12581 to run task
[2024-09-15T14:13:54.402+0000] {task_command.py:467} INFO - Running <TaskInstance: airbnb_model.data_analysis scheduled__2024-09-14T00:00:00+00:00 [running]> on host fb744bf0dc86
[2024-09-15T14:13:54.589+0000] {taskinstance.py:3131} INFO - Exporting env vars: AIRFLOW_CTX_DAG_OWNER='Denis' AIRFLOW_CTX_DAG_ID='airbnb_model' AIRFLOW_CTX_TASK_ID='data_analysis' AIRFLOW_CTX_EXECUTION_DATE='2024-09-14T00:00:00+00:00' AIRFLOW_CTX_TRY_NUMBER='5' AIRFLOW_CTX_DAG_RUN_ID='scheduled__2024-09-14T00:00:00+00:00'
[2024-09-15T14:13:54.592+0000] {taskinstance.py:731} INFO - ::endgroup::
[2024-09-15T14:13:54.678+0000] {base.py:84} INFO - Retrieving connection 'spark_default'
[2024-09-15T14:13:54.681+0000] {spark_submit.py:403} INFO - Spark-Submit cmd: spark-submit --master spark://spark-master:7077 --conf spark.master=spark://spark-master:7077 --name arrow-spark --verbose --deploy-mode client /opt/***/dags/air_data_analysis.py
[2024-09-15T14:14:01.684+0000] {spark_submit.py:579} INFO - Using properties file: null
[2024-09-15T14:14:01.986+0000] {spark_submit.py:579} INFO - Parsed arguments:
[2024-09-15T14:14:01.988+0000] {spark_submit.py:579} INFO - master                  spark://spark-master:7077
[2024-09-15T14:14:01.989+0000] {spark_submit.py:579} INFO - remote                  null
[2024-09-15T14:14:01.990+0000] {spark_submit.py:579} INFO - deployMode              client
[2024-09-15T14:14:01.992+0000] {spark_submit.py:579} INFO - executorMemory          null
[2024-09-15T14:14:01.993+0000] {spark_submit.py:579} INFO - executorCores           null
[2024-09-15T14:14:01.995+0000] {spark_submit.py:579} INFO - totalExecutorCores      null
[2024-09-15T14:14:01.996+0000] {spark_submit.py:579} INFO - propertiesFile          null
[2024-09-15T14:14:01.997+0000] {spark_submit.py:579} INFO - driverMemory            null
[2024-09-15T14:14:01.999+0000] {spark_submit.py:579} INFO - driverCores             null
[2024-09-15T14:14:02.000+0000] {spark_submit.py:579} INFO - driverExtraClassPath    null
[2024-09-15T14:14:02.001+0000] {spark_submit.py:579} INFO - driverExtraLibraryPath  null
[2024-09-15T14:14:02.003+0000] {spark_submit.py:579} INFO - driverExtraJavaOptions  null
[2024-09-15T14:14:02.004+0000] {spark_submit.py:579} INFO - supervise               false
[2024-09-15T14:14:02.005+0000] {spark_submit.py:579} INFO - queue                   null
[2024-09-15T14:14:02.006+0000] {spark_submit.py:579} INFO - numExecutors            null
[2024-09-15T14:14:02.007+0000] {spark_submit.py:579} INFO - files                   null
[2024-09-15T14:14:02.008+0000] {spark_submit.py:579} INFO - pyFiles                 null
[2024-09-15T14:14:02.010+0000] {spark_submit.py:579} INFO - archives                null
[2024-09-15T14:14:02.011+0000] {spark_submit.py:579} INFO - mainClass               null
[2024-09-15T14:14:02.012+0000] {spark_submit.py:579} INFO - primaryResource         file:/opt/***/dags/air_data_analysis.py
[2024-09-15T14:14:02.013+0000] {spark_submit.py:579} INFO - name                    arrow-spark
[2024-09-15T14:14:02.015+0000] {spark_submit.py:579} INFO - childArgs               []
[2024-09-15T14:14:02.016+0000] {spark_submit.py:579} INFO - jars                    null
[2024-09-15T14:14:02.017+0000] {spark_submit.py:579} INFO - packages                null
[2024-09-15T14:14:02.019+0000] {spark_submit.py:579} INFO - packagesExclusions      null
[2024-09-15T14:14:02.020+0000] {spark_submit.py:579} INFO - repositories            null
[2024-09-15T14:14:02.021+0000] {spark_submit.py:579} INFO - verbose                 true
[2024-09-15T14:14:02.023+0000] {spark_submit.py:579} INFO - 
[2024-09-15T14:14:02.024+0000] {spark_submit.py:579} INFO - Spark properties used, including those specified through
[2024-09-15T14:14:02.025+0000] {spark_submit.py:579} INFO - --conf and those from the properties file null:
[2024-09-15T14:14:02.027+0000] {spark_submit.py:579} INFO - (spark.master,spark://spark-master:7077)
[2024-09-15T14:14:02.028+0000] {spark_submit.py:579} INFO - 
[2024-09-15T14:14:02.030+0000] {spark_submit.py:579} INFO - 
[2024-09-15T14:14:02.633+0000] {spark_submit.py:579} INFO - Main class:
[2024-09-15T14:14:02.634+0000] {spark_submit.py:579} INFO - org.apache.spark.deploy.PythonRunner
[2024-09-15T14:14:02.636+0000] {spark_submit.py:579} INFO - Arguments:
[2024-09-15T14:14:02.637+0000] {spark_submit.py:579} INFO - file:/opt/***/dags/air_data_analysis.py
[2024-09-15T14:14:02.638+0000] {spark_submit.py:579} INFO - null
[2024-09-15T14:14:02.640+0000] {spark_submit.py:579} INFO - Spark config:
[2024-09-15T14:14:02.641+0000] {spark_submit.py:579} INFO - (spark.app.name,arrow-spark)
[2024-09-15T14:14:02.642+0000] {spark_submit.py:579} INFO - (spark.app.submitTime,1726409642606)
[2024-09-15T14:14:02.643+0000] {spark_submit.py:579} INFO - (spark.master,spark://spark-master:7077)
[2024-09-15T14:14:02.644+0000] {spark_submit.py:579} INFO - (spark.submit.deployMode,client)
[2024-09-15T14:14:02.646+0000] {spark_submit.py:579} INFO - (spark.submit.pyFiles,)
[2024-09-15T14:14:02.647+0000] {spark_submit.py:579} INFO - Classpath elements:
[2024-09-15T14:14:02.648+0000] {spark_submit.py:579} INFO - 
[2024-09-15T14:14:02.649+0000] {spark_submit.py:579} INFO - 
[2024-09-15T14:14:02.650+0000] {spark_submit.py:579} INFO - 
[2024-09-15T14:14:04.653+0000] {spark_submit.py:579} INFO - 24/09/15 14:14:04 INFO SparkContext: Running Spark version 3.5.2
[2024-09-15T14:14:04.659+0000] {spark_submit.py:579} INFO - 24/09/15 14:14:04 INFO SparkContext: OS info Linux, 5.15.153.1-microsoft-standard-WSL2, amd64
[2024-09-15T14:14:04.661+0000] {spark_submit.py:579} INFO - 24/09/15 14:14:04 INFO SparkContext: Java version 17.0.12
[2024-09-15T14:14:04.860+0000] {spark_submit.py:579} INFO - 24/09/15 14:14:04 WARN NativeCodeLoader: Unable to load native-hadoop library for your platform... using builtin-java classes where applicable
[2024-09-15T14:14:05.271+0000] {spark_submit.py:579} INFO - 24/09/15 14:14:05 INFO ResourceUtils: ==============================================================
[2024-09-15T14:14:05.273+0000] {spark_submit.py:579} INFO - 24/09/15 14:14:05 INFO ResourceUtils: No custom resources configured for spark.driver.
[2024-09-15T14:14:05.275+0000] {spark_submit.py:579} INFO - 24/09/15 14:14:05 INFO ResourceUtils: ==============================================================
[2024-09-15T14:14:05.277+0000] {spark_submit.py:579} INFO - 24/09/15 14:14:05 INFO SparkContext: Submitted application: Airbnb_regr_model
[2024-09-15T14:14:05.345+0000] {spark_submit.py:579} INFO - 24/09/15 14:14:05 INFO ResourceProfile: Default ResourceProfile created, executor resources: Map(cores -> name: cores, amount: 1, script: , vendor: , memory -> name: memory, amount: 1024, script: , vendor: , offHeap -> name: offHeap, amount: 0, script: , vendor: ), task resources: Map(cpus -> name: cpus, amount: 1.0)
[2024-09-15T14:14:05.375+0000] {spark_submit.py:579} INFO - 24/09/15 14:14:05 INFO ResourceProfile: Limiting resource is cpu
[2024-09-15T14:14:05.379+0000] {spark_submit.py:579} INFO - 24/09/15 14:14:05 INFO ResourceProfileManager: Added ResourceProfile id: 0
[2024-09-15T14:14:05.680+0000] {spark_submit.py:579} INFO - 24/09/15 14:14:05 INFO SecurityManager: Changing view acls to: ***
[2024-09-15T14:14:05.682+0000] {spark_submit.py:579} INFO - 24/09/15 14:14:05 INFO SecurityManager: Changing modify acls to: ***
[2024-09-15T14:14:05.684+0000] {spark_submit.py:579} INFO - 24/09/15 14:14:05 INFO SecurityManager: Changing view acls groups to:
[2024-09-15T14:14:05.686+0000] {spark_submit.py:579} INFO - 24/09/15 14:14:05 INFO SecurityManager: Changing modify acls groups to:
[2024-09-15T14:14:05.688+0000] {spark_submit.py:579} INFO - 24/09/15 14:14:05 INFO SecurityManager: SecurityManager: authentication disabled; ui acls disabled; users with view permissions: ***; groups with view permissions: EMPTY; users with modify permissions: ***; groups with modify permissions: EMPTY
[2024-09-15T14:14:07.494+0000] {spark_submit.py:579} INFO - 24/09/15 14:14:07 INFO Utils: Successfully started service 'sparkDriver' on port 39489.
[2024-09-15T14:14:08.976+0000] {spark_submit.py:579} INFO - 24/09/15 14:14:08 INFO SparkEnv: Registering MapOutputTracker
[2024-09-15T14:14:09.104+0000] {spark_submit.py:579} INFO - 24/09/15 14:14:09 INFO SparkEnv: Registering BlockManagerMaster
[2024-09-15T14:14:09.172+0000] {spark_submit.py:579} INFO - 24/09/15 14:14:09 INFO BlockManagerMasterEndpoint: Using org.apache.spark.storage.DefaultTopologyMapper for getting topology information
[2024-09-15T14:14:09.175+0000] {spark_submit.py:579} INFO - 24/09/15 14:14:09 INFO BlockManagerMasterEndpoint: BlockManagerMasterEndpoint up
[2024-09-15T14:14:09.185+0000] {spark_submit.py:579} INFO - 24/09/15 14:14:09 INFO SparkEnv: Registering BlockManagerMasterHeartbeat
[2024-09-15T14:14:09.257+0000] {spark_submit.py:579} INFO - 24/09/15 14:14:09 INFO DiskBlockManager: Created local directory at /tmp/blockmgr-dc5249e2-de72-4f4c-a328-f3c7d7c9745b
[2024-09-15T14:14:09.311+0000] {spark_submit.py:579} INFO - 24/09/15 14:14:09 INFO MemoryStore: MemoryStore started with capacity 434.4 MiB
[2024-09-15T14:14:09.380+0000] {spark_submit.py:579} INFO - 24/09/15 14:14:09 INFO SparkEnv: Registering OutputCommitCoordinator
[2024-09-15T14:14:09.937+0000] {spark_submit.py:579} INFO - 24/09/15 14:14:09 INFO JettyUtils: Start Jetty 0.0.0.0:4040 for SparkUI
[2024-09-15T14:14:10.229+0000] {spark_submit.py:579} INFO - 24/09/15 14:14:10 INFO Utils: Successfully started service 'SparkUI' on port 4040.
[2024-09-15T14:14:10.629+0000] {spark_submit.py:579} INFO - 24/09/15 14:14:10 INFO Executor: Starting executor ID driver on host fb744bf0dc86
[2024-09-15T14:14:10.630+0000] {spark_submit.py:579} INFO - 24/09/15 14:14:10 INFO Executor: OS info Linux, 5.15.153.1-microsoft-standard-WSL2, amd64
[2024-09-15T14:14:10.632+0000] {spark_submit.py:579} INFO - 24/09/15 14:14:10 INFO Executor: Java version 17.0.12
[2024-09-15T14:14:10.655+0000] {spark_submit.py:579} INFO - 24/09/15 14:14:10 INFO Executor: Starting executor with user classpath (userClassPathFirst = false): ''
[2024-09-15T14:14:10.657+0000] {spark_submit.py:579} INFO - 24/09/15 14:14:10 INFO Executor: Created or updated repl class loader org.apache.spark.util.MutableURLClassLoader@2b2d567f for default.
[2024-09-15T14:14:10.724+0000] {spark_submit.py:579} INFO - 24/09/15 14:14:10 INFO Utils: Successfully started service 'org.apache.spark.network.netty.NettyBlockTransferService' on port 44811.
[2024-09-15T14:14:10.725+0000] {spark_submit.py:579} INFO - 24/09/15 14:14:10 INFO NettyBlockTransferService: Server created on fb744bf0dc86:44811
[2024-09-15T14:14:10.730+0000] {spark_submit.py:579} INFO - 24/09/15 14:14:10 INFO BlockManager: Using org.apache.spark.storage.RandomBlockReplicationPolicy for block replication policy
[2024-09-15T14:14:10.748+0000] {spark_submit.py:579} INFO - 24/09/15 14:14:10 INFO BlockManagerMaster: Registering BlockManager BlockManagerId(driver, fb744bf0dc86, 44811, None)
[2024-09-15T14:14:10.758+0000] {spark_submit.py:579} INFO - 24/09/15 14:14:10 INFO BlockManagerMasterEndpoint: Registering block manager fb744bf0dc86:44811 with 434.4 MiB RAM, BlockManagerId(driver, fb744bf0dc86, 44811, None)
[2024-09-15T14:14:10.764+0000] {spark_submit.py:579} INFO - 24/09/15 14:14:10 INFO BlockManagerMaster: Registered BlockManager BlockManagerId(driver, fb744bf0dc86, 44811, None)
[2024-09-15T14:14:10.767+0000] {spark_submit.py:579} INFO - 24/09/15 14:14:10 INFO BlockManager: Initialized BlockManager: BlockManagerId(driver, fb744bf0dc86, 44811, None)
[2024-09-15T14:14:12.517+0000] {spark_submit.py:579} INFO - 24/09/15 14:14:12 INFO SharedState: Setting hive.metastore.warehouse.dir ('null') to the value of spark.sql.warehouse.dir.
[2024-09-15T14:14:12.548+0000] {spark_submit.py:579} INFO - 24/09/15 14:14:12 INFO SharedState: Warehouse path is 'file:/user/hive/warehouse'.
[2024-09-15T14:14:16.103+0000] {spark_submit.py:579} INFO - 24/09/15 14:14:16 INFO InMemoryFileIndex: It took 138 ms to list leaf files for 1 paths.
[2024-09-15T14:14:16.345+0000] {spark_submit.py:579} INFO - 24/09/15 14:14:16 INFO InMemoryFileIndex: It took 5 ms to list leaf files for 1 paths.
[2024-09-15T14:14:23.856+0000] {spark_submit.py:579} INFO - 24/09/15 14:14:23 INFO FileSourceStrategy: Pushed Filters:
[2024-09-15T14:14:23.862+0000] {spark_submit.py:579} INFO - 24/09/15 14:14:23 INFO FileSourceStrategy: Post-Scan Filters:
[2024-09-15T14:14:24.607+0000] {spark_submit.py:579} INFO - 24/09/15 14:14:24 INFO MemoryStore: Block broadcast_0 stored as values in memory (estimated size 200.2 KiB, free 434.2 MiB)
[2024-09-15T14:14:24.856+0000] {spark_submit.py:579} INFO - 24/09/15 14:14:24 INFO MemoryStore: Block broadcast_0_piece0 stored as bytes in memory (estimated size 34.5 KiB, free 434.2 MiB)
[2024-09-15T14:14:24.864+0000] {spark_submit.py:579} INFO - 24/09/15 14:14:24 INFO BlockManagerInfo: Added broadcast_0_piece0 in memory on fb744bf0dc86:44811 (size: 34.5 KiB, free: 434.4 MiB)
[2024-09-15T14:14:24.877+0000] {spark_submit.py:579} INFO - 24/09/15 14:14:24 INFO SparkContext: Created broadcast 0 from csv at NativeMethodAccessorImpl.java:0
[2024-09-15T14:14:24.940+0000] {spark_submit.py:579} INFO - 24/09/15 14:14:24 INFO FileSourceScanExec: Planning scan with bin packing, max size: 4194304 bytes, open cost is considered as scanning 4194304 bytes.
[2024-09-15T14:14:27.490+0000] {spark_submit.py:579} INFO - 24/09/15 14:14:27 INFO CodeGenerator: Code generated in 958.884728 ms
[2024-09-15T14:14:27.877+0000] {spark_submit.py:579} INFO - 24/09/15 14:14:27 INFO SparkContext: Starting job: csv at NativeMethodAccessorImpl.java:0
[2024-09-15T14:14:28.038+0000] {spark_submit.py:579} INFO - 24/09/15 14:14:28 INFO DAGScheduler: Got job 0 (csv at NativeMethodAccessorImpl.java:0) with 1 output partitions
[2024-09-15T14:14:28.040+0000] {spark_submit.py:579} INFO - 24/09/15 14:14:28 INFO DAGScheduler: Final stage: ResultStage 0 (csv at NativeMethodAccessorImpl.java:0)
[2024-09-15T14:14:28.043+0000] {spark_submit.py:579} INFO - 24/09/15 14:14:28 INFO DAGScheduler: Parents of final stage: List()
[2024-09-15T14:14:28.053+0000] {spark_submit.py:579} INFO - 24/09/15 14:14:28 INFO DAGScheduler: Missing parents: List()
[2024-09-15T14:14:28.094+0000] {spark_submit.py:579} INFO - 24/09/15 14:14:28 INFO DAGScheduler: Submitting ResultStage 0 (MapPartitionsRDD[6] at csv at NativeMethodAccessorImpl.java:0), which has no missing parents
[2024-09-15T14:14:28.854+0000] {spark_submit.py:579} INFO - 24/09/15 14:14:28 INFO MemoryStore: Block broadcast_1 stored as values in memory (estimated size 19.1 KiB, free 434.2 MiB)
[2024-09-15T14:14:28.863+0000] {spark_submit.py:579} INFO - 24/09/15 14:14:28 INFO MemoryStore: Block broadcast_1_piece0 stored as bytes in memory (estimated size 8.3 KiB, free 434.1 MiB)
[2024-09-15T14:14:28.867+0000] {spark_submit.py:579} INFO - 24/09/15 14:14:28 INFO BlockManagerInfo: Added broadcast_1_piece0 in memory on fb744bf0dc86:44811 (size: 8.3 KiB, free: 434.4 MiB)
[2024-09-15T14:14:28.870+0000] {spark_submit.py:579} INFO - 24/09/15 14:14:28 INFO SparkContext: Created broadcast 1 from broadcast at DAGScheduler.scala:1585
[2024-09-15T14:14:29.014+0000] {spark_submit.py:579} INFO - 24/09/15 14:14:29 INFO DAGScheduler: Submitting 1 missing tasks from ResultStage 0 (MapPartitionsRDD[6] at csv at NativeMethodAccessorImpl.java:0) (first 15 tasks are for partitions Vector(0))
[2024-09-15T14:14:29.019+0000] {spark_submit.py:579} INFO - 24/09/15 14:14:29 INFO TaskSchedulerImpl: Adding task set 0.0 with 1 tasks resource profile 0
[2024-09-15T14:14:29.361+0000] {spark_submit.py:579} INFO - 24/09/15 14:14:29 INFO TaskSetManager: Starting task 0.0 in stage 0.0 (TID 0) (fb744bf0dc86, executor driver, partition 0, PROCESS_LOCAL, 9601 bytes)
[2024-09-15T14:14:30.442+0000] {spark_submit.py:579} INFO - 24/09/15 14:14:30 INFO Executor: Running task 0.0 in stage 0.0 (TID 0)
[2024-09-15T14:14:31.294+0000] {spark_submit.py:579} INFO - 24/09/15 14:14:31 INFO CodeGenerator: Code generated in 71.173566 ms
[2024-09-15T14:14:31.310+0000] {spark_submit.py:579} INFO - 24/09/15 14:14:31 INFO FileScanRDD: Reading File path: file:///opt/***/datasets/Airbnb.csv, range: 0-4194304, partition values: [empty row]
[2024-09-15T14:14:31.382+0000] {spark_submit.py:579} INFO - 24/09/15 14:14:31 INFO CodeGenerator: Code generated in 48.159841 ms
[2024-09-15T14:14:31.641+0000] {spark_submit.py:579} INFO - 24/09/15 14:14:31 INFO Executor: Finished task 0.0 in stage 0.0 (TID 0). 1851 bytes result sent to driver
[2024-09-15T14:14:31.683+0000] {spark_submit.py:579} INFO - 24/09/15 14:14:31 INFO TaskSetManager: Finished task 0.0 in stage 0.0 (TID 0) in 2451 ms on fb744bf0dc86 (executor driver) (1/1)
[2024-09-15T14:14:31.693+0000] {spark_submit.py:579} INFO - 24/09/15 14:14:31 INFO TaskSchedulerImpl: Removed TaskSet 0.0, whose tasks have all completed, from pool
[2024-09-15T14:14:31.712+0000] {spark_submit.py:579} INFO - 24/09/15 14:14:31 INFO DAGScheduler: ResultStage 0 (csv at NativeMethodAccessorImpl.java:0) finished in 3.513 s
[2024-09-15T14:14:31.722+0000] {spark_submit.py:579} INFO - 24/09/15 14:14:31 INFO DAGScheduler: Job 0 is finished. Cancelling potential speculative or zombie tasks for this job
[2024-09-15T14:14:31.724+0000] {spark_submit.py:579} INFO - 24/09/15 14:14:31 INFO TaskSchedulerImpl: Killing all running tasks in stage 0: Stage finished
[2024-09-15T14:14:31.732+0000] {spark_submit.py:579} INFO - 24/09/15 14:14:31 INFO DAGScheduler: Job 0 finished: csv at NativeMethodAccessorImpl.java:0, took 3.850826 s
[2024-09-15T14:14:31.799+0000] {spark_submit.py:579} INFO - 24/09/15 14:14:31 INFO CodeGenerator: Code generated in 30.743608 ms
[2024-09-15T14:14:32.328+0000] {spark_submit.py:579} INFO - 24/09/15 14:14:32 INFO SparkContext: Starting job: csv at NativeMethodAccessorImpl.java:0
[2024-09-15T14:14:32.334+0000] {spark_submit.py:579} INFO - 24/09/15 14:14:32 INFO DAGScheduler: Got job 1 (csv at NativeMethodAccessorImpl.java:0) with 2 output partitions
[2024-09-15T14:14:32.336+0000] {spark_submit.py:579} INFO - 24/09/15 14:14:32 INFO DAGScheduler: Final stage: ResultStage 1 (csv at NativeMethodAccessorImpl.java:0)
[2024-09-15T14:14:32.339+0000] {spark_submit.py:579} INFO - 24/09/15 14:14:32 INFO DAGScheduler: Parents of final stage: List()
[2024-09-15T14:14:32.346+0000] {spark_submit.py:579} INFO - 24/09/15 14:14:32 INFO DAGScheduler: Missing parents: List()
[2024-09-15T14:14:32.349+0000] {spark_submit.py:579} INFO - 24/09/15 14:14:32 INFO DAGScheduler: Submitting ResultStage 1 (MapPartitionsRDD[10] at csv at NativeMethodAccessorImpl.java:0), which has no missing parents
[2024-09-15T14:14:32.388+0000] {spark_submit.py:579} INFO - 24/09/15 14:14:32 INFO MemoryStore: Block broadcast_2 stored as values in memory (estimated size 19.7 KiB, free 434.1 MiB)
[2024-09-15T14:14:32.402+0000] {spark_submit.py:579} INFO - 24/09/15 14:14:32 INFO MemoryStore: Block broadcast_2_piece0 stored as bytes in memory (estimated size 9.1 KiB, free 434.1 MiB)
[2024-09-15T14:14:32.407+0000] {spark_submit.py:579} INFO - 24/09/15 14:14:32 INFO BlockManagerInfo: Added broadcast_2_piece0 in memory on fb744bf0dc86:44811 (size: 9.1 KiB, free: 434.3 MiB)
[2024-09-15T14:14:32.412+0000] {spark_submit.py:579} INFO - 24/09/15 14:14:32 INFO SparkContext: Created broadcast 2 from broadcast at DAGScheduler.scala:1585
[2024-09-15T14:14:32.418+0000] {spark_submit.py:579} INFO - 24/09/15 14:14:32 INFO DAGScheduler: Submitting 2 missing tasks from ResultStage 1 (MapPartitionsRDD[10] at csv at NativeMethodAccessorImpl.java:0) (first 15 tasks are for partitions Vector(0, 1))
[2024-09-15T14:14:32.421+0000] {spark_submit.py:579} INFO - 24/09/15 14:14:32 INFO TaskSchedulerImpl: Adding task set 1.0 with 2 tasks resource profile 0
[2024-09-15T14:14:32.426+0000] {spark_submit.py:579} INFO - 24/09/15 14:14:32 INFO TaskSetManager: Starting task 0.0 in stage 1.0 (TID 1) (fb744bf0dc86, executor driver, partition 0, PROCESS_LOCAL, 9601 bytes)
[2024-09-15T14:14:32.433+0000] {spark_submit.py:579} INFO - 24/09/15 14:14:32 INFO TaskSetManager: Starting task 1.0 in stage 1.0 (TID 2) (fb744bf0dc86, executor driver, partition 1, PROCESS_LOCAL, 9601 bytes)
[2024-09-15T14:14:32.439+0000] {spark_submit.py:579} INFO - 24/09/15 14:14:32 INFO Executor: Running task 0.0 in stage 1.0 (TID 1)
[2024-09-15T14:14:32.442+0000] {spark_submit.py:579} INFO - 24/09/15 14:14:32 INFO Executor: Running task 1.0 in stage 1.0 (TID 2)
[2024-09-15T14:14:32.576+0000] {spark_submit.py:579} INFO - 24/09/15 14:14:32 INFO FileScanRDD: Reading File path: file:///opt/***/datasets/Airbnb.csv, range: 0-4194304, partition values: [empty row]
[2024-09-15T14:14:32.578+0000] {spark_submit.py:579} INFO - 24/09/15 14:14:32 INFO FileScanRDD: Reading File path: file:///opt/***/datasets/Airbnb.csv, range: 4194304-7081245, partition values: [empty row]
[2024-09-15T14:14:33.389+0000] {spark_submit.py:579} INFO - 24/09/15 14:14:33 INFO BlockManagerInfo: Removed broadcast_1_piece0 on fb744bf0dc86:44811 in memory (size: 8.3 KiB, free: 434.4 MiB)
[2024-09-15T14:14:34.116+0000] {spark_submit.py:579} INFO - 24/09/15 14:14:34 INFO Executor: Finished task 1.0 in stage 1.0 (TID 2). 1546 bytes result sent to driver
[2024-09-15T14:14:34.122+0000] {spark_submit.py:579} INFO - 24/09/15 14:14:34 INFO TaskSetManager: Finished task 1.0 in stage 1.0 (TID 2) in 1692 ms on fb744bf0dc86 (executor driver) (1/2)
[2024-09-15T14:14:34.406+0000] {spark_submit.py:579} INFO - 24/09/15 14:14:34 INFO Executor: Finished task 0.0 in stage 1.0 (TID 1). 1503 bytes result sent to driver
[2024-09-15T14:14:34.412+0000] {spark_submit.py:579} INFO - 24/09/15 14:14:34 INFO TaskSetManager: Finished task 0.0 in stage 1.0 (TID 1) in 1988 ms on fb744bf0dc86 (executor driver) (2/2)
[2024-09-15T14:14:34.414+0000] {spark_submit.py:579} INFO - 24/09/15 14:14:34 INFO TaskSchedulerImpl: Removed TaskSet 1.0, whose tasks have all completed, from pool
[2024-09-15T14:14:34.417+0000] {spark_submit.py:579} INFO - 24/09/15 14:14:34 INFO DAGScheduler: ResultStage 1 (csv at NativeMethodAccessorImpl.java:0) finished in 2.051 s
[2024-09-15T14:14:34.419+0000] {spark_submit.py:579} INFO - 24/09/15 14:14:34 INFO DAGScheduler: Job 1 is finished. Cancelling potential speculative or zombie tasks for this job
[2024-09-15T14:14:34.420+0000] {spark_submit.py:579} INFO - 24/09/15 14:14:34 INFO TaskSchedulerImpl: Killing all running tasks in stage 1: Stage finished
[2024-09-15T14:14:34.422+0000] {spark_submit.py:579} INFO - 24/09/15 14:14:34 INFO DAGScheduler: Job 1 finished: csv at NativeMethodAccessorImpl.java:0, took 2.089093 s
[2024-09-15T14:14:35.460+0000] {spark_submit.py:579} INFO - 24/09/15 14:14:35 INFO HiveConf: Found configuration file null
[2024-09-15T14:14:35.493+0000] {spark_submit.py:579} INFO - 24/09/15 14:14:35 INFO HiveUtils: Initializing HiveMetastoreConnection version 2.3.9 using Spark classes.
[2024-09-15T14:14:36.170+0000] {spark_submit.py:579} INFO - 24/09/15 14:14:36 INFO HiveClientImpl: Warehouse location for Hive client (version 2.3.9) is file:/user/hive/warehouse
[2024-09-15T14:14:36.285+0000] {spark_submit.py:579} INFO - 24/09/15 14:14:36 INFO metastore: Trying to connect to metastore with URI thrift://hive-metastore:9083
[2024-09-15T14:14:36.344+0000] {spark_submit.py:579} INFO - 24/09/15 14:14:36 INFO metastore: Opened a connection to metastore, current connections: 1
[2024-09-15T14:14:36.473+0000] {spark_submit.py:579} INFO - 24/09/15 14:14:36 INFO metastore: Connected to metastore.
[2024-09-15T14:14:39.884+0000] {spark_submit.py:579} INFO - 24/09/15 14:14:39 INFO FileSourceStrategy: Pushed Filters: IsNotNull(availability_365),GreaterThan(availability_365,15)
[2024-09-15T14:14:39.885+0000] {spark_submit.py:579} INFO - 24/09/15 14:14:39 INFO FileSourceStrategy: Post-Scan Filters: isnotnull(availability_365#36),atleastnnonnulls(8, neighbourhood_group#25, neighbourhood#26, room_type#29, price#30, minimum_nights#31, number_of_reviews#32, calculated_host_listings_count#35, availability_365#36),(availability_365#36 > 15)
[2024-09-15T14:14:40.295+0000] {spark_submit.py:579} INFO - 24/09/15 14:14:40 INFO BlockManagerInfo: Removed broadcast_2_piece0 on fb744bf0dc86:44811 in memory (size: 9.1 KiB, free: 434.4 MiB)
[2024-09-15T14:14:40.770+0000] {spark_submit.py:579} INFO - 24/09/15 14:14:40 INFO CodeGenerator: Code generated in 289.043498 ms
[2024-09-15T14:14:40.786+0000] {spark_submit.py:579} INFO - 24/09/15 14:14:40 INFO MemoryStore: Block broadcast_3 stored as values in memory (estimated size 200.1 KiB, free 434.0 MiB)
[2024-09-15T14:14:40.808+0000] {spark_submit.py:579} INFO - 24/09/15 14:14:40 INFO MemoryStore: Block broadcast_3_piece0 stored as bytes in memory (estimated size 34.5 KiB, free 433.9 MiB)
[2024-09-15T14:14:40.810+0000] {spark_submit.py:579} INFO - 24/09/15 14:14:40 INFO BlockManagerInfo: Added broadcast_3_piece0 in memory on fb744bf0dc86:44811 (size: 34.5 KiB, free: 434.3 MiB)
[2024-09-15T14:14:40.813+0000] {spark_submit.py:579} INFO - 24/09/15 14:14:40 INFO SparkContext: Created broadcast 3 from saveAsTable at NativeMethodAccessorImpl.java:0
[2024-09-15T14:14:40.827+0000] {spark_submit.py:579} INFO - 24/09/15 14:14:40 INFO FileSourceScanExec: Planning scan with bin packing, max size: 4194304 bytes, open cost is considered as scanning 4194304 bytes.
[2024-09-15T14:14:41.057+0000] {spark_submit.py:579} INFO - 24/09/15 14:14:41 INFO DAGScheduler: Registering RDD 14 (saveAsTable at NativeMethodAccessorImpl.java:0) as input to shuffle 0
[2024-09-15T14:14:41.071+0000] {spark_submit.py:579} INFO - 24/09/15 14:14:41 INFO DAGScheduler: Got map stage job 2 (saveAsTable at NativeMethodAccessorImpl.java:0) with 2 output partitions
[2024-09-15T14:14:41.073+0000] {spark_submit.py:579} INFO - 24/09/15 14:14:41 INFO DAGScheduler: Final stage: ShuffleMapStage 2 (saveAsTable at NativeMethodAccessorImpl.java:0)
[2024-09-15T14:14:41.075+0000] {spark_submit.py:579} INFO - 24/09/15 14:14:41 INFO DAGScheduler: Parents of final stage: List()
[2024-09-15T14:14:41.077+0000] {spark_submit.py:579} INFO - 24/09/15 14:14:41 INFO DAGScheduler: Missing parents: List()
[2024-09-15T14:14:41.083+0000] {spark_submit.py:579} INFO - 24/09/15 14:14:41 INFO DAGScheduler: Submitting ShuffleMapStage 2 (MapPartitionsRDD[14] at saveAsTable at NativeMethodAccessorImpl.java:0), which has no missing parents
[2024-09-15T14:14:41.130+0000] {spark_submit.py:579} INFO - 24/09/15 14:14:41 INFO MemoryStore: Block broadcast_4 stored as values in memory (estimated size 55.7 KiB, free 433.9 MiB)
[2024-09-15T14:14:41.138+0000] {spark_submit.py:579} INFO - 24/09/15 14:14:41 INFO MemoryStore: Block broadcast_4_piece0 stored as bytes in memory (estimated size 23.8 KiB, free 433.9 MiB)
[2024-09-15T14:14:41.142+0000] {spark_submit.py:579} INFO - 24/09/15 14:14:41 INFO BlockManagerInfo: Added broadcast_4_piece0 in memory on fb744bf0dc86:44811 (size: 23.8 KiB, free: 434.3 MiB)
[2024-09-15T14:14:41.145+0000] {spark_submit.py:579} INFO - 24/09/15 14:14:41 INFO SparkContext: Created broadcast 4 from broadcast at DAGScheduler.scala:1585
[2024-09-15T14:14:41.149+0000] {spark_submit.py:579} INFO - 24/09/15 14:14:41 INFO DAGScheduler: Submitting 2 missing tasks from ShuffleMapStage 2 (MapPartitionsRDD[14] at saveAsTable at NativeMethodAccessorImpl.java:0) (first 15 tasks are for partitions Vector(0, 1))
[2024-09-15T14:14:41.151+0000] {spark_submit.py:579} INFO - 24/09/15 14:14:41 INFO TaskSchedulerImpl: Adding task set 2.0 with 2 tasks resource profile 0
[2024-09-15T14:14:41.157+0000] {spark_submit.py:579} INFO - 24/09/15 14:14:41 INFO TaskSetManager: Starting task 0.0 in stage 2.0 (TID 3) (fb744bf0dc86, executor driver, partition 0, PROCESS_LOCAL, 9590 bytes)
[2024-09-15T14:14:41.162+0000] {spark_submit.py:579} INFO - 24/09/15 14:14:41 INFO TaskSetManager: Starting task 1.0 in stage 2.0 (TID 4) (fb744bf0dc86, executor driver, partition 1, PROCESS_LOCAL, 9590 bytes)
[2024-09-15T14:14:41.164+0000] {spark_submit.py:579} INFO - 24/09/15 14:14:41 INFO Executor: Running task 0.0 in stage 2.0 (TID 3)
[2024-09-15T14:14:41.166+0000] {spark_submit.py:579} INFO - 24/09/15 14:14:41 INFO Executor: Running task 1.0 in stage 2.0 (TID 4)
[2024-09-15T14:14:41.372+0000] {spark_submit.py:579} INFO - 24/09/15 14:14:41 INFO CodeGenerator: Code generated in 134.766571 ms
[2024-09-15T14:14:41.425+0000] {spark_submit.py:579} INFO - 24/09/15 14:14:41 INFO CodeGenerator: Code generated in 31.614519 ms
[2024-09-15T14:14:41.544+0000] {spark_submit.py:579} INFO - 24/09/15 14:14:41 INFO CodeGenerator: Code generated in 19.044072 ms
[2024-09-15T14:14:41.594+0000] {spark_submit.py:579} INFO - 24/09/15 14:14:41 INFO CodeGenerator: Code generated in 25.190853 ms
[2024-09-15T14:14:41.640+0000] {spark_submit.py:579} INFO - 24/09/15 14:14:41 INFO FileScanRDD: Reading File path: file:///opt/***/datasets/Airbnb.csv, range: 4194304-7081245, partition values: [empty row]
[2024-09-15T14:14:41.642+0000] {spark_submit.py:579} INFO - 24/09/15 14:14:41 INFO FileScanRDD: Reading File path: file:///opt/***/datasets/Airbnb.csv, range: 0-4194304, partition values: [empty row]
[2024-09-15T14:14:41.693+0000] {spark_submit.py:579} INFO - 24/09/15 14:14:41 INFO CodeGenerator: Code generated in 30.457182 ms
[2024-09-15T14:14:41.778+0000] {spark_submit.py:579} INFO - 24/09/15 14:14:41 INFO CodeGenerator: Code generated in 11.54166 ms
[2024-09-15T14:14:42.983+0000] {spark_submit.py:579} INFO - 24/09/15 14:14:42 INFO Executor: Finished task 0.0 in stage 2.0 (TID 3). 2864 bytes result sent to driver
[2024-09-15T14:14:42.986+0000] {spark_submit.py:579} INFO - 24/09/15 14:14:42 INFO Executor: Finished task 1.0 in stage 2.0 (TID 4). 2864 bytes result sent to driver
[2024-09-15T14:14:42.990+0000] {spark_submit.py:579} INFO - 24/09/15 14:14:42 INFO TaskSetManager: Finished task 0.0 in stage 2.0 (TID 3) in 1836 ms on fb744bf0dc86 (executor driver) (1/2)
[2024-09-15T14:14:42.992+0000] {spark_submit.py:579} INFO - 24/09/15 14:14:42 INFO TaskSetManager: Finished task 1.0 in stage 2.0 (TID 4) in 1832 ms on fb744bf0dc86 (executor driver) (2/2)
[2024-09-15T14:14:42.993+0000] {spark_submit.py:579} INFO - 24/09/15 14:14:42 INFO TaskSchedulerImpl: Removed TaskSet 2.0, whose tasks have all completed, from pool
[2024-09-15T14:14:43.000+0000] {spark_submit.py:579} INFO - 24/09/15 14:14:42 INFO DAGScheduler: ShuffleMapStage 2 (saveAsTable at NativeMethodAccessorImpl.java:0) finished in 1.906 s
[2024-09-15T14:14:43.001+0000] {spark_submit.py:579} INFO - 24/09/15 14:14:43 INFO DAGScheduler: looking for newly runnable stages
[2024-09-15T14:14:43.003+0000] {spark_submit.py:579} INFO - 24/09/15 14:14:43 INFO DAGScheduler: running: Set()
[2024-09-15T14:14:43.004+0000] {spark_submit.py:579} INFO - 24/09/15 14:14:43 INFO DAGScheduler: waiting: Set()
[2024-09-15T14:14:43.005+0000] {spark_submit.py:579} INFO - 24/09/15 14:14:43 INFO DAGScheduler: failed: Set()
[2024-09-15T14:14:43.078+0000] {spark_submit.py:579} INFO - 24/09/15 14:14:43 INFO ShufflePartitionsUtil: For shuffle(0), advisory target size: 67108864, actual target size 1048576, minimum partition size: 1048576
[2024-09-15T14:14:43.291+0000] {spark_submit.py:579} INFO - 24/09/15 14:14:43 INFO ParquetUtils: Using default output committer for Parquet: org.apache.parquet.hadoop.ParquetOutputCommitter
[2024-09-15T14:14:43.344+0000] {spark_submit.py:579} INFO - 24/09/15 14:14:43 INFO FileOutputCommitter: File Output Committer Algorithm version is 1
[2024-09-15T14:14:43.346+0000] {spark_submit.py:579} INFO - 24/09/15 14:14:43 INFO FileOutputCommitter: FileOutputCommitter skip cleanup _temporary folders under output directory:false, ignore cleanup failures: false
[2024-09-15T14:14:43.349+0000] {spark_submit.py:579} INFO - 24/09/15 14:14:43 INFO SQLHadoopMapReduceCommitProtocol: Using user defined output committer class org.apache.parquet.hadoop.ParquetOutputCommitter
[2024-09-15T14:14:43.354+0000] {spark_submit.py:579} INFO - 24/09/15 14:14:43 INFO FileOutputCommitter: File Output Committer Algorithm version is 1
[2024-09-15T14:14:43.356+0000] {spark_submit.py:579} INFO - 24/09/15 14:14:43 INFO FileOutputCommitter: FileOutputCommitter skip cleanup _temporary folders under output directory:false, ignore cleanup failures: false
[2024-09-15T14:14:43.361+0000] {spark_submit.py:579} INFO - 24/09/15 14:14:43 INFO SQLHadoopMapReduceCommitProtocol: Using output committer class org.apache.parquet.hadoop.ParquetOutputCommitter
[2024-09-15T14:14:43.467+0000] {spark_submit.py:579} INFO - 24/09/15 14:14:43 INFO HashAggregateExec: spark.sql.codegen.aggregate.map.twolevel.enabled is set to true, but current version of codegened fast hashmap does not support this aggregate.
[2024-09-15T14:14:43.558+0000] {spark_submit.py:579} INFO - 24/09/15 14:14:43 INFO CodeGenerator: Code generated in 53.680946 ms
[2024-09-15T14:14:43.649+0000] {spark_submit.py:579} INFO - 24/09/15 14:14:43 INFO SparkContext: Starting job: saveAsTable at NativeMethodAccessorImpl.java:0
[2024-09-15T14:14:43.653+0000] {spark_submit.py:579} INFO - 24/09/15 14:14:43 INFO DAGScheduler: Got job 3 (saveAsTable at NativeMethodAccessorImpl.java:0) with 1 output partitions
[2024-09-15T14:14:43.655+0000] {spark_submit.py:579} INFO - 24/09/15 14:14:43 INFO DAGScheduler: Final stage: ResultStage 4 (saveAsTable at NativeMethodAccessorImpl.java:0)
[2024-09-15T14:14:43.657+0000] {spark_submit.py:579} INFO - 24/09/15 14:14:43 INFO DAGScheduler: Parents of final stage: List(ShuffleMapStage 3)
[2024-09-15T14:14:43.658+0000] {spark_submit.py:579} INFO - 24/09/15 14:14:43 INFO DAGScheduler: Missing parents: List()
[2024-09-15T14:14:43.660+0000] {spark_submit.py:579} INFO - 24/09/15 14:14:43 INFO DAGScheduler: Submitting ResultStage 4 (MapPartitionsRDD[17] at saveAsTable at NativeMethodAccessorImpl.java:0), which has no missing parents
[2024-09-15T14:14:43.744+0000] {spark_submit.py:579} INFO - 24/09/15 14:14:43 INFO BlockManagerInfo: Removed broadcast_4_piece0 on fb744bf0dc86:44811 in memory (size: 23.8 KiB, free: 434.3 MiB)
[2024-09-15T14:14:43.758+0000] {spark_submit.py:579} INFO - 24/09/15 14:14:43 INFO MemoryStore: Block broadcast_5 stored as values in memory (estimated size 261.5 KiB, free 433.7 MiB)
[2024-09-15T14:14:43.762+0000] {spark_submit.py:579} INFO - 24/09/15 14:14:43 INFO MemoryStore: Block broadcast_5_piece0 stored as bytes in memory (estimated size 96.7 KiB, free 433.6 MiB)
[2024-09-15T14:14:43.764+0000] {spark_submit.py:579} INFO - 24/09/15 14:14:43 INFO BlockManagerInfo: Added broadcast_5_piece0 in memory on fb744bf0dc86:44811 (size: 96.7 KiB, free: 434.2 MiB)
[2024-09-15T14:14:43.765+0000] {spark_submit.py:579} INFO - 24/09/15 14:14:43 INFO SparkContext: Created broadcast 5 from broadcast at DAGScheduler.scala:1585
[2024-09-15T14:14:43.767+0000] {spark_submit.py:579} INFO - 24/09/15 14:14:43 INFO DAGScheduler: Submitting 1 missing tasks from ResultStage 4 (MapPartitionsRDD[17] at saveAsTable at NativeMethodAccessorImpl.java:0) (first 15 tasks are for partitions Vector(0))
[2024-09-15T14:14:43.768+0000] {spark_submit.py:579} INFO - 24/09/15 14:14:43 INFO TaskSchedulerImpl: Adding task set 4.0 with 1 tasks resource profile 0
[2024-09-15T14:14:43.783+0000] {spark_submit.py:579} INFO - 24/09/15 14:14:43 INFO TaskSetManager: Starting task 0.0 in stage 4.0 (TID 5) (fb744bf0dc86, executor driver, partition 0, NODE_LOCAL, 8999 bytes)
[2024-09-15T14:14:43.786+0000] {spark_submit.py:579} INFO - 24/09/15 14:14:43 INFO Executor: Running task 0.0 in stage 4.0 (TID 5)
[2024-09-15T14:14:43.935+0000] {spark_submit.py:579} INFO - 24/09/15 14:14:43 INFO ShuffleBlockFetcherIterator: Getting 2 (961.0 B) non-empty blocks including 2 (961.0 B) local and 0 (0.0 B) host-local and 0 (0.0 B) push-merged-local and 0 (0.0 B) remote blocks
[2024-09-15T14:14:43.946+0000] {spark_submit.py:579} INFO - 24/09/15 14:14:43 INFO ShuffleBlockFetcherIterator: Started 0 remote fetches in 34 ms
[2024-09-15T14:14:43.995+0000] {spark_submit.py:579} INFO - 24/09/15 14:14:43 INFO CodeGenerator: Code generated in 36.325791 ms
[2024-09-15T14:14:43.999+0000] {spark_submit.py:579} INFO - 24/09/15 14:14:43 INFO FileOutputCommitter: File Output Committer Algorithm version is 1
[2024-09-15T14:14:44.001+0000] {spark_submit.py:579} INFO - 24/09/15 14:14:43 INFO FileOutputCommitter: FileOutputCommitter skip cleanup _temporary folders under output directory:false, ignore cleanup failures: false
[2024-09-15T14:14:44.002+0000] {spark_submit.py:579} INFO - 24/09/15 14:14:44 INFO SQLHadoopMapReduceCommitProtocol: Using user defined output committer class org.apache.parquet.hadoop.ParquetOutputCommitter
[2024-09-15T14:14:44.004+0000] {spark_submit.py:579} INFO - 24/09/15 14:14:44 INFO FileOutputCommitter: File Output Committer Algorithm version is 1
[2024-09-15T14:14:44.005+0000] {spark_submit.py:579} INFO - 24/09/15 14:14:44 INFO FileOutputCommitter: FileOutputCommitter skip cleanup _temporary folders under output directory:false, ignore cleanup failures: false
[2024-09-15T14:14:44.006+0000] {spark_submit.py:579} INFO - 24/09/15 14:14:44 INFO SQLHadoopMapReduceCommitProtocol: Using output committer class org.apache.parquet.hadoop.ParquetOutputCommitter
[2024-09-15T14:14:44.017+0000] {spark_submit.py:579} INFO - 24/09/15 14:14:44 INFO CodecConfig: Compression: SNAPPY
[2024-09-15T14:14:44.024+0000] {spark_submit.py:579} INFO - 24/09/15 14:14:44 INFO CodecConfig: Compression: SNAPPY
[2024-09-15T14:14:44.072+0000] {spark_submit.py:579} INFO - 24/09/15 14:14:44 INFO ParquetOutputFormat: ParquetRecordWriter [block size: 134217728b, row group padding size: 8388608b, validating: false]
[2024-09-15T14:14:44.150+0000] {spark_submit.py:579} INFO - 24/09/15 14:14:44 INFO ParquetWriteSupport: Initialized Parquet WriteSupport with Catalyst schema:
[2024-09-15T14:14:44.152+0000] {spark_submit.py:579} INFO - {
[2024-09-15T14:14:44.153+0000] {spark_submit.py:579} INFO - "type" : "struct",
[2024-09-15T14:14:44.154+0000] {spark_submit.py:579} INFO - "fields" : [ {
[2024-09-15T14:14:44.155+0000] {spark_submit.py:579} INFO - "name" : "neighbourhood_group",
[2024-09-15T14:14:44.156+0000] {spark_submit.py:579} INFO - "type" : "string",
[2024-09-15T14:14:44.158+0000] {spark_submit.py:579} INFO - "nullable" : true,
[2024-09-15T14:14:44.159+0000] {spark_submit.py:579} INFO - "metadata" : { }
[2024-09-15T14:14:44.160+0000] {spark_submit.py:579} INFO - }, {
[2024-09-15T14:14:44.162+0000] {spark_submit.py:579} INFO - "name" : "average_price",
[2024-09-15T14:14:44.163+0000] {spark_submit.py:579} INFO - "type" : "double",
[2024-09-15T14:14:44.164+0000] {spark_submit.py:579} INFO - "nullable" : true,
[2024-09-15T14:14:44.166+0000] {spark_submit.py:579} INFO - "metadata" : { }
[2024-09-15T14:14:44.167+0000] {spark_submit.py:579} INFO - }, {
[2024-09-15T14:14:44.168+0000] {spark_submit.py:579} INFO - "name" : "min_price",
[2024-09-15T14:14:44.170+0000] {spark_submit.py:579} INFO - "type" : "integer",
[2024-09-15T14:14:44.171+0000] {spark_submit.py:579} INFO - "nullable" : true,
[2024-09-15T14:14:44.172+0000] {spark_submit.py:579} INFO - "metadata" : { }
[2024-09-15T14:14:44.173+0000] {spark_submit.py:579} INFO - }, {
[2024-09-15T14:14:44.175+0000] {spark_submit.py:579} INFO - "name" : "max_price",
[2024-09-15T14:14:44.176+0000] {spark_submit.py:579} INFO - "type" : "integer",
[2024-09-15T14:14:44.178+0000] {spark_submit.py:579} INFO - "nullable" : true,
[2024-09-15T14:14:44.179+0000] {spark_submit.py:579} INFO - "metadata" : { }
[2024-09-15T14:14:44.181+0000] {spark_submit.py:579} INFO - }, {
[2024-09-15T14:14:44.182+0000] {spark_submit.py:579} INFO - "name" : "count",
[2024-09-15T14:14:44.183+0000] {spark_submit.py:579} INFO - "type" : "long",
[2024-09-15T14:14:44.184+0000] {spark_submit.py:579} INFO - "nullable" : false,
[2024-09-15T14:14:44.185+0000] {spark_submit.py:579} INFO - "metadata" : { }
[2024-09-15T14:14:44.187+0000] {spark_submit.py:579} INFO - } ]
[2024-09-15T14:14:44.188+0000] {spark_submit.py:579} INFO - }
[2024-09-15T14:14:44.189+0000] {spark_submit.py:579} INFO - and corresponding Parquet message type:
[2024-09-15T14:14:44.190+0000] {spark_submit.py:579} INFO - message spark_schema {
[2024-09-15T14:14:44.192+0000] {spark_submit.py:579} INFO - optional binary neighbourhood_group (STRING);
[2024-09-15T14:14:44.193+0000] {spark_submit.py:579} INFO - optional double average_price;
[2024-09-15T14:14:44.195+0000] {spark_submit.py:579} INFO - optional int32 min_price;
[2024-09-15T14:14:44.196+0000] {spark_submit.py:579} INFO - optional int32 max_price;
[2024-09-15T14:14:44.198+0000] {spark_submit.py:579} INFO - required int64 count;
[2024-09-15T14:14:44.200+0000] {spark_submit.py:579} INFO - }
[2024-09-15T14:14:44.201+0000] {spark_submit.py:579} INFO - 
[2024-09-15T14:14:44.203+0000] {spark_submit.py:579} INFO - 
[2024-09-15T14:14:44.398+0000] {spark_submit.py:579} INFO - 24/09/15 14:14:44 INFO CodecPool: Got brand-new compressor [.snappy]
[2024-09-15T14:14:46.670+0000] {spark_submit.py:579} INFO - 24/09/15 14:14:46 INFO FileOutputCommitter: Saved output of task 'attempt_202409151414433774757152900716634_0004_m_000000_5' to hdfs://namenode:9000/user/hive/warehouse/price_distribution/_temporary/0/task_202409151414433774757152900716634_0004_m_000000
[2024-09-15T14:14:46.672+0000] {spark_submit.py:579} INFO - 24/09/15 14:14:46 INFO SparkHadoopMapRedUtil: attempt_202409151414433774757152900716634_0004_m_000000_5: Committed. Elapsed time: 23 ms.
[2024-09-15T14:14:46.687+0000] {spark_submit.py:579} INFO - 24/09/15 14:14:46 INFO Executor: Finished task 0.0 in stage 4.0 (TID 5). 6193 bytes result sent to driver
[2024-09-15T14:14:46.693+0000] {spark_submit.py:579} INFO - 24/09/15 14:14:46 INFO TaskSetManager: Finished task 0.0 in stage 4.0 (TID 5) in 2913 ms on fb744bf0dc86 (executor driver) (1/1)
[2024-09-15T14:14:46.698+0000] {spark_submit.py:579} INFO - 24/09/15 14:14:46 INFO TaskSchedulerImpl: Removed TaskSet 4.0, whose tasks have all completed, from pool
[2024-09-15T14:14:46.701+0000] {spark_submit.py:579} INFO - 24/09/15 14:14:46 INFO DAGScheduler: ResultStage 4 (saveAsTable at NativeMethodAccessorImpl.java:0) finished in 3.012 s
[2024-09-15T14:14:46.703+0000] {spark_submit.py:579} INFO - 24/09/15 14:14:46 INFO DAGScheduler: Job 3 is finished. Cancelling potential speculative or zombie tasks for this job
[2024-09-15T14:14:46.704+0000] {spark_submit.py:579} INFO - 24/09/15 14:14:46 INFO TaskSchedulerImpl: Killing all running tasks in stage 4: Stage finished
[2024-09-15T14:14:46.706+0000] {spark_submit.py:579} INFO - 24/09/15 14:14:46 INFO DAGScheduler: Job 3 finished: saveAsTable at NativeMethodAccessorImpl.java:0, took 3.051346 s
[2024-09-15T14:14:46.707+0000] {spark_submit.py:579} INFO - 24/09/15 14:14:46 INFO FileFormatWriter: Start to commit write Job db8f0e0c-f745-43da-820c-29ca0eeb1ecd.
[2024-09-15T14:14:46.808+0000] {spark_submit.py:579} INFO - 24/09/15 14:14:46 INFO FileFormatWriter: Write Job db8f0e0c-f745-43da-820c-29ca0eeb1ecd committed. Elapsed time: 98 ms.
[2024-09-15T14:14:46.817+0000] {spark_submit.py:579} INFO - 24/09/15 14:14:46 INFO FileFormatWriter: Finished processing stats for write job db8f0e0c-f745-43da-820c-29ca0eeb1ecd.
[2024-09-15T14:14:46.878+0000] {spark_submit.py:579} INFO - 24/09/15 14:14:46 INFO InMemoryFileIndex: It took 31 ms to list leaf files for 1 paths.
[2024-09-15T14:14:46.976+0000] {spark_submit.py:579} INFO - 24/09/15 14:14:46 INFO HiveExternalCatalog: Persisting file based data source table `spark_catalog`.`default`.`price_distribution` into Hive metastore in Hive compatible format.
[2024-09-15T14:14:47.134+0000] {spark_submit.py:579} INFO - 24/09/15 14:14:47 INFO SQLStdHiveAccessController: Created SQLStdHiveAccessController for session context : HiveAuthzSessionContext [sessionString=47b90dd1-dafe-4c45-91ae-9404a05f558c, clientType=HIVECLI]
[2024-09-15T14:14:47.140+0000] {spark_submit.py:579} INFO - 24/09/15 14:14:47 WARN SessionState: METASTORE_FILTER_HOOK will be ignored, since hive.security.authorization.manager is set to instance of HiveAuthorizerFactory.
[2024-09-15T14:14:47.142+0000] {spark_submit.py:579} INFO - 24/09/15 14:14:47 INFO metastore: Mestastore configuration hive.metastore.filter.hook changed from org.apache.hadoop.hive.metastore.DefaultMetaStoreFilterHookImpl to org.apache.hadoop.hive.ql.security.authorization.plugin.AuthorizationMetaStoreFilterHook
[2024-09-15T14:14:47.153+0000] {spark_submit.py:579} INFO - 24/09/15 14:14:47 INFO metastore: Closed a connection to metastore, current connections: 0
[2024-09-15T14:14:47.159+0000] {spark_submit.py:579} INFO - 24/09/15 14:14:47 INFO metastore: Trying to connect to metastore with URI thrift://hive-metastore:9083
[2024-09-15T14:14:47.165+0000] {spark_submit.py:579} INFO - 24/09/15 14:14:47 INFO metastore: Opened a connection to metastore, current connections: 1
[2024-09-15T14:14:47.176+0000] {spark_submit.py:579} INFO - 24/09/15 14:14:47 INFO metastore: Connected to metastore.
[2024-09-15T14:14:47.404+0000] {spark_submit.py:579} INFO - 24/09/15 14:14:47 INFO metastore: Trying to connect to metastore with URI thrift://hive-metastore:9083
[2024-09-15T14:14:47.406+0000] {spark_submit.py:579} INFO - 24/09/15 14:14:47 INFO metastore: Opened a connection to metastore, current connections: 2
[2024-09-15T14:14:47.410+0000] {spark_submit.py:579} INFO - 24/09/15 14:14:47 INFO metastore: Connected to metastore.
[2024-09-15T14:14:48.339+0000] {spark_submit.py:579} INFO - Таблица price_distribution успешно загружена в Hive!
[2024-09-15T14:14:49.097+0000] {spark_submit.py:579} INFO - Успешно создана таблица processed_airbnb_data!
[2024-09-15T14:14:49.377+0000] {spark_submit.py:579} INFO - 24/09/15 14:14:49 INFO BlockManagerInfo: Removed broadcast_5_piece0 on fb744bf0dc86:44811 in memory (size: 96.7 KiB, free: 434.3 MiB)
[2024-09-15T14:14:49.523+0000] {spark_submit.py:579} INFO - 24/09/15 14:14:49 INFO FileSourceStrategy: Pushed Filters: IsNotNull(availability_365),GreaterThan(availability_365,15)
[2024-09-15T14:14:49.525+0000] {spark_submit.py:579} INFO - 24/09/15 14:14:49 INFO FileSourceStrategy: Post-Scan Filters: isnotnull(availability_365#36),atleastnnonnulls(8, neighbourhood_group#25, neighbourhood#26, room_type#29, price#30, minimum_nights#31, number_of_reviews#32, calculated_host_listings_count#35, availability_365#36),(availability_365#36 > 15)
[2024-09-15T14:14:49.571+0000] {spark_submit.py:579} INFO - 24/09/15 14:14:49 INFO FileUtils: Creating directory if it doesn't exist: hdfs://namenode:9000/user/hive/warehouse/processed_airbnb_data/.hive-staging_hive_2024-09-15_14-14-49_423_6478622898891030076-1
[2024-09-15T14:14:50.154+0000] {spark_submit.py:579} INFO - 24/09/15 14:14:50 INFO FileOutputCommitter: File Output Committer Algorithm version is 1
[2024-09-15T14:14:50.156+0000] {spark_submit.py:579} INFO - 24/09/15 14:14:50 INFO FileOutputCommitter: FileOutputCommitter skip cleanup _temporary folders under output directory:false, ignore cleanup failures: false
[2024-09-15T14:14:50.158+0000] {spark_submit.py:579} INFO - 24/09/15 14:14:50 INFO SQLHadoopMapReduceCommitProtocol: Using output committer class org.apache.hadoop.mapreduce.lib.output.FileOutputCommitter
[2024-09-15T14:14:50.231+0000] {spark_submit.py:579} INFO - 24/09/15 14:14:50 INFO CodeGenerator: Code generated in 29.594551 ms
[2024-09-15T14:14:50.238+0000] {spark_submit.py:579} INFO - 24/09/15 14:14:50 INFO MemoryStore: Block broadcast_6 stored as values in memory (estimated size 200.1 KiB, free 433.7 MiB)
[2024-09-15T14:14:50.257+0000] {spark_submit.py:579} INFO - 24/09/15 14:14:50 INFO MemoryStore: Block broadcast_6_piece0 stored as bytes in memory (estimated size 34.5 KiB, free 433.7 MiB)
[2024-09-15T14:14:50.259+0000] {spark_submit.py:579} INFO - 24/09/15 14:14:50 INFO BlockManagerInfo: Added broadcast_6_piece0 in memory on fb744bf0dc86:44811 (size: 34.5 KiB, free: 434.3 MiB)
[2024-09-15T14:14:50.261+0000] {spark_submit.py:579} INFO - 24/09/15 14:14:50 INFO SparkContext: Created broadcast 6 from insertInto at NativeMethodAccessorImpl.java:0
[2024-09-15T14:14:50.265+0000] {spark_submit.py:579} INFO - 24/09/15 14:14:50 INFO FileSourceScanExec: Planning scan with bin packing, max size: 4194304 bytes, open cost is considered as scanning 4194304 bytes.
[2024-09-15T14:14:50.285+0000] {spark_submit.py:579} INFO - 24/09/15 14:14:50 INFO SparkContext: Starting job: insertInto at NativeMethodAccessorImpl.java:0
[2024-09-15T14:14:50.288+0000] {spark_submit.py:579} INFO - 24/09/15 14:14:50 INFO DAGScheduler: Got job 4 (insertInto at NativeMethodAccessorImpl.java:0) with 2 output partitions
[2024-09-15T14:14:50.289+0000] {spark_submit.py:579} INFO - 24/09/15 14:14:50 INFO DAGScheduler: Final stage: ResultStage 5 (insertInto at NativeMethodAccessorImpl.java:0)
[2024-09-15T14:14:50.291+0000] {spark_submit.py:579} INFO - 24/09/15 14:14:50 INFO DAGScheduler: Parents of final stage: List()
[2024-09-15T14:14:50.293+0000] {spark_submit.py:579} INFO - 24/09/15 14:14:50 INFO DAGScheduler: Missing parents: List()
[2024-09-15T14:14:50.294+0000] {spark_submit.py:579} INFO - 24/09/15 14:14:50 INFO DAGScheduler: Submitting ResultStage 5 (MapPartitionsRDD[21] at insertInto at NativeMethodAccessorImpl.java:0), which has no missing parents
[2024-09-15T14:14:50.374+0000] {spark_submit.py:579} INFO - 24/09/15 14:14:50 INFO MemoryStore: Block broadcast_7 stored as values in memory (estimated size 324.7 KiB, free 433.4 MiB)
[2024-09-15T14:14:50.381+0000] {spark_submit.py:579} INFO - 24/09/15 14:14:50 INFO MemoryStore: Block broadcast_7_piece0 stored as bytes in memory (estimated size 116.3 KiB, free 433.3 MiB)
[2024-09-15T14:14:50.384+0000] {spark_submit.py:579} INFO - 24/09/15 14:14:50 INFO BlockManagerInfo: Added broadcast_7_piece0 in memory on fb744bf0dc86:44811 (size: 116.3 KiB, free: 434.2 MiB)
[2024-09-15T14:14:50.386+0000] {spark_submit.py:579} INFO - 24/09/15 14:14:50 INFO SparkContext: Created broadcast 7 from broadcast at DAGScheduler.scala:1585
[2024-09-15T14:14:50.388+0000] {spark_submit.py:579} INFO - 24/09/15 14:14:50 INFO DAGScheduler: Submitting 2 missing tasks from ResultStage 5 (MapPartitionsRDD[21] at insertInto at NativeMethodAccessorImpl.java:0) (first 15 tasks are for partitions Vector(0, 1))
[2024-09-15T14:14:50.390+0000] {spark_submit.py:579} INFO - 24/09/15 14:14:50 INFO TaskSchedulerImpl: Adding task set 5.0 with 2 tasks resource profile 0
[2024-09-15T14:14:50.394+0000] {spark_submit.py:579} INFO - 24/09/15 14:14:50 INFO TaskSetManager: Starting task 0.0 in stage 5.0 (TID 6) (fb744bf0dc86, executor driver, partition 0, PROCESS_LOCAL, 9601 bytes)
[2024-09-15T14:14:50.396+0000] {spark_submit.py:579} INFO - 24/09/15 14:14:50 INFO TaskSetManager: Starting task 1.0 in stage 5.0 (TID 7) (fb744bf0dc86, executor driver, partition 1, PROCESS_LOCAL, 9601 bytes)
[2024-09-15T14:14:50.402+0000] {spark_submit.py:579} INFO - 24/09/15 14:14:50 INFO Executor: Running task 0.0 in stage 5.0 (TID 6)
[2024-09-15T14:14:50.404+0000] {spark_submit.py:579} INFO - 24/09/15 14:14:50 INFO Executor: Running task 1.0 in stage 5.0 (TID 7)
[2024-09-15T14:14:50.483+0000] {spark_submit.py:579} INFO - 24/09/15 14:14:50 INFO CodeGenerator: Code generated in 23.719744 ms
[2024-09-15T14:14:50.489+0000] {spark_submit.py:579} INFO - 24/09/15 14:14:50 INFO FileOutputCommitter: File Output Committer Algorithm version is 1
[2024-09-15T14:14:50.491+0000] {spark_submit.py:579} INFO - 24/09/15 14:14:50 INFO FileOutputCommitter: FileOutputCommitter skip cleanup _temporary folders under output directory:false, ignore cleanup failures: false
[2024-09-15T14:14:50.492+0000] {spark_submit.py:579} INFO - 24/09/15 14:14:50 INFO FileOutputCommitter: File Output Committer Algorithm version is 1
[2024-09-15T14:14:50.494+0000] {spark_submit.py:579} INFO - 24/09/15 14:14:50 INFO FileOutputCommitter: FileOutputCommitter skip cleanup _temporary folders under output directory:false, ignore cleanup failures: false
[2024-09-15T14:14:50.495+0000] {spark_submit.py:579} INFO - 24/09/15 14:14:50 INFO SQLHadoopMapReduceCommitProtocol: Using output committer class org.apache.hadoop.mapreduce.lib.output.FileOutputCommitter
[2024-09-15T14:14:50.496+0000] {spark_submit.py:579} INFO - 24/09/15 14:14:50 INFO SQLHadoopMapReduceCommitProtocol: Using output committer class org.apache.hadoop.mapreduce.lib.output.FileOutputCommitter
[2024-09-15T14:14:50.497+0000] {spark_submit.py:579} INFO - 24/09/15 14:14:50 INFO FileScanRDD: Reading File path: file:///opt/***/datasets/Airbnb.csv, range: 4194304-7081245, partition values: [empty row]
[2024-09-15T14:14:50.557+0000] {spark_submit.py:579} INFO - 24/09/15 14:14:50 INFO FileScanRDD: Reading File path: file:///opt/***/datasets/Airbnb.csv, range: 0-4194304, partition values: [empty row]
[2024-09-15T14:14:51.285+0000] {spark_submit.py:579} INFO - 24/09/15 14:14:51 INFO FileOutputCommitter: Saved output of task 'attempt_202409151414504901640117195706323_0005_m_000001_7' to hdfs://namenode:9000/user/hive/warehouse/processed_airbnb_data/.hive-staging_hive_2024-09-15_14-14-49_423_6478622898891030076-1/-ext-10000/_temporary/0/task_202409151414504901640117195706323_0005_m_000001
[2024-09-15T14:14:51.288+0000] {spark_submit.py:579} INFO - 24/09/15 14:14:51 INFO SparkHadoopMapRedUtil: attempt_202409151414504901640117195706323_0005_m_000001_7: Committed. Elapsed time: 20 ms.
[2024-09-15T14:14:51.294+0000] {spark_submit.py:579} INFO - 24/09/15 14:14:51 INFO Executor: Finished task 1.0 in stage 5.0 (TID 7). 2669 bytes result sent to driver
[2024-09-15T14:14:51.299+0000] {spark_submit.py:579} INFO - 24/09/15 14:14:51 INFO TaskSetManager: Finished task 1.0 in stage 5.0 (TID 7) in 904 ms on fb744bf0dc86 (executor driver) (1/2)
[2024-09-15T14:14:51.339+0000] {spark_submit.py:579} INFO - 24/09/15 14:14:51 INFO FileOutputCommitter: Saved output of task 'attempt_202409151414504901640117195706323_0005_m_000000_6' to hdfs://namenode:9000/user/hive/warehouse/processed_airbnb_data/.hive-staging_hive_2024-09-15_14-14-49_423_6478622898891030076-1/-ext-10000/_temporary/0/task_202409151414504901640117195706323_0005_m_000000
[2024-09-15T14:14:51.340+0000] {spark_submit.py:579} INFO - 24/09/15 14:14:51 INFO SparkHadoopMapRedUtil: attempt_202409151414504901640117195706323_0005_m_000000_6: Committed. Elapsed time: 16 ms.
[2024-09-15T14:14:51.356+0000] {spark_submit.py:579} INFO - 24/09/15 14:14:51 INFO Executor: Finished task 0.0 in stage 5.0 (TID 6). 2669 bytes result sent to driver
[2024-09-15T14:14:51.359+0000] {spark_submit.py:579} INFO - 24/09/15 14:14:51 INFO TaskSetManager: Finished task 0.0 in stage 5.0 (TID 6) in 966 ms on fb744bf0dc86 (executor driver) (2/2)
[2024-09-15T14:14:51.361+0000] {spark_submit.py:579} INFO - 24/09/15 14:14:51 INFO TaskSchedulerImpl: Removed TaskSet 5.0, whose tasks have all completed, from pool
[2024-09-15T14:14:51.363+0000] {spark_submit.py:579} INFO - 24/09/15 14:14:51 INFO DAGScheduler: ResultStage 5 (insertInto at NativeMethodAccessorImpl.java:0) finished in 1.068 s
[2024-09-15T14:14:51.370+0000] {spark_submit.py:579} INFO - 24/09/15 14:14:51 INFO DAGScheduler: Job 4 is finished. Cancelling potential speculative or zombie tasks for this job
[2024-09-15T14:14:51.371+0000] {spark_submit.py:579} INFO - 24/09/15 14:14:51 INFO TaskSchedulerImpl: Killing all running tasks in stage 5: Stage finished
[2024-09-15T14:14:51.373+0000] {spark_submit.py:579} INFO - 24/09/15 14:14:51 INFO DAGScheduler: Job 4 finished: insertInto at NativeMethodAccessorImpl.java:0, took 1.079516 s
[2024-09-15T14:14:51.374+0000] {spark_submit.py:579} INFO - 24/09/15 14:14:51 INFO FileFormatWriter: Start to commit write Job 1df06645-6007-4a8b-9168-3414c17758ef.
[2024-09-15T14:14:51.442+0000] {spark_submit.py:579} INFO - 24/09/15 14:14:51 INFO FileFormatWriter: Write Job 1df06645-6007-4a8b-9168-3414c17758ef committed. Elapsed time: 73 ms.
[2024-09-15T14:14:51.444+0000] {spark_submit.py:579} INFO - 24/09/15 14:14:51 INFO FileFormatWriter: Finished processing stats for write job 1df06645-6007-4a8b-9168-3414c17758ef.
[2024-09-15T14:14:51.595+0000] {spark_submit.py:579} INFO - 24/09/15 14:14:51 INFO FileUtils: Creating directory if it doesn't exist: hdfs://namenode:9000/user/hive/warehouse/processed_airbnb_data
[2024-09-15T14:14:52.390+0000] {spark_submit.py:579} INFO - Данные успешно записаны в таблицу processed_airbnb_data
[2024-09-15T14:14:53.348+0000] {spark_submit.py:579} INFO - 24/09/15 14:14:53 INFO SparkContext: Invoking stop() from shutdown hook
[2024-09-15T14:14:53.351+0000] {spark_submit.py:579} INFO - 24/09/15 14:14:53 INFO SparkContext: SparkContext is stopping with exitCode 0.
[2024-09-15T14:14:53.403+0000] {spark_submit.py:579} INFO - 24/09/15 14:14:53 INFO SparkUI: Stopped Spark web UI at http://fb744bf0dc86:4040
[2024-09-15T14:14:53.440+0000] {spark_submit.py:579} INFO - 24/09/15 14:14:53 INFO MapOutputTrackerMasterEndpoint: MapOutputTrackerMasterEndpoint stopped!
[2024-09-15T14:14:53.606+0000] {spark_submit.py:579} INFO - 24/09/15 14:14:53 INFO MemoryStore: MemoryStore cleared
[2024-09-15T14:14:53.608+0000] {spark_submit.py:579} INFO - 24/09/15 14:14:53 INFO BlockManager: BlockManager stopped
[2024-09-15T14:14:53.620+0000] {spark_submit.py:579} INFO - 24/09/15 14:14:53 INFO BlockManagerMaster: BlockManagerMaster stopped
[2024-09-15T14:14:53.628+0000] {spark_submit.py:579} INFO - 24/09/15 14:14:53 INFO OutputCommitCoordinator$OutputCommitCoordinatorEndpoint: OutputCommitCoordinator stopped!
[2024-09-15T14:14:53.656+0000] {spark_submit.py:579} INFO - 24/09/15 14:14:53 INFO SparkContext: Successfully stopped SparkContext
[2024-09-15T14:14:53.657+0000] {spark_submit.py:579} INFO - 24/09/15 14:14:53 INFO ShutdownHookManager: Shutdown hook called
[2024-09-15T14:14:53.659+0000] {spark_submit.py:579} INFO - 24/09/15 14:14:53 INFO ShutdownHookManager: Deleting directory /tmp/spark-f44d5105-3616-4ca0-bec5-bb3dfb416c6f/pyspark-3aa610bd-5f51-43eb-93bc-2889533e1dee
[2024-09-15T14:14:53.672+0000] {spark_submit.py:579} INFO - 24/09/15 14:14:53 INFO ShutdownHookManager: Deleting directory /tmp/spark-5846193f-eb6b-4d2b-98a3-0f5d2445a84e
[2024-09-15T14:14:53.688+0000] {spark_submit.py:579} INFO - 24/09/15 14:14:53 INFO ShutdownHookManager: Deleting directory /tmp/spark-f44d5105-3616-4ca0-bec5-bb3dfb416c6f
[2024-09-15T14:14:53.903+0000] {taskinstance.py:340} INFO - ::group::Post task execution logs
[2024-09-15T14:14:53.905+0000] {taskinstance.py:352} INFO - Marking task as SUCCESS. dag_id=airbnb_model, task_id=data_analysis, run_id=scheduled__2024-09-14T00:00:00+00:00, execution_date=20240914T000000, start_date=20240915T141354, end_date=20240915T141453
[2024-09-15T14:14:53.966+0000] {local_task_job_runner.py:266} INFO - Task exited with return code 0
[2024-09-15T14:14:54.031+0000] {taskinstance.py:3900} INFO - 1 downstream tasks scheduled from follow-on schedule check
[2024-09-15T14:14:54.040+0000] {local_task_job_runner.py:245} INFO - ::endgroup::
