[2024-09-15T13:48:24.107+0000] {local_task_job_runner.py:123} INFO - ::group::Pre task execution logs
[2024-09-15T13:48:24.162+0000] {taskinstance.py:2612} INFO - Dependencies all met for dep_context=non-requeueable deps ti=<TaskInstance: airbnb_model.data_analysis scheduled__2024-09-14T00:00:00+00:00 [queued]>
[2024-09-15T13:48:24.201+0000] {taskinstance.py:2612} INFO - Dependencies all met for dep_context=requeueable deps ti=<TaskInstance: airbnb_model.data_analysis scheduled__2024-09-14T00:00:00+00:00 [queued]>
[2024-09-15T13:48:24.202+0000] {taskinstance.py:2865} INFO - Starting attempt 4 of 7
[2024-09-15T13:48:24.237+0000] {taskinstance.py:2888} INFO - Executing <Task(SparkSubmitOperator): data_analysis> on 2024-09-14 00:00:00+00:00
[2024-09-15T13:48:24.254+0000] {standard_task_runner.py:104} INFO - Running: ['***', 'tasks', 'run', 'airbnb_model', 'data_analysis', 'scheduled__2024-09-14T00:00:00+00:00', '--job-id', '741', '--raw', '--subdir', 'DAGS_FOLDER/air_price_pred_dag.py', '--cfg-path', '/tmp/tmp4d4xspo5']
[2024-09-15T13:48:24.259+0000] {standard_task_runner.py:105} INFO - Job 741: Subtask data_analysis
[2024-09-15T13:48:24.262+0000] {logging_mixin.py:190} WARNING - /home/***/.local/lib/python3.12/site-packages/***/task/task_runner/standard_task_runner.py:70 DeprecationWarning: This process (pid=10002) is multi-threaded, use of fork() may lead to deadlocks in the child.
[2024-09-15T13:48:24.264+0000] {standard_task_runner.py:72} INFO - Started process 10003 to run task
[2024-09-15T13:48:24.408+0000] {task_command.py:467} INFO - Running <TaskInstance: airbnb_model.data_analysis scheduled__2024-09-14T00:00:00+00:00 [running]> on host fb744bf0dc86
[2024-09-15T13:48:24.599+0000] {taskinstance.py:3131} INFO - Exporting env vars: AIRFLOW_CTX_DAG_OWNER='Denis' AIRFLOW_CTX_DAG_ID='airbnb_model' AIRFLOW_CTX_TASK_ID='data_analysis' AIRFLOW_CTX_EXECUTION_DATE='2024-09-14T00:00:00+00:00' AIRFLOW_CTX_TRY_NUMBER='4' AIRFLOW_CTX_DAG_RUN_ID='scheduled__2024-09-14T00:00:00+00:00'
[2024-09-15T13:48:24.603+0000] {taskinstance.py:731} INFO - ::endgroup::
[2024-09-15T13:48:24.702+0000] {base.py:84} INFO - Retrieving connection 'spark_default'
[2024-09-15T13:48:24.704+0000] {spark_submit.py:403} INFO - Spark-Submit cmd: spark-submit --master spark://spark-master:7077 --conf spark.master=spark://spark-master:7077 --name arrow-spark --verbose --deploy-mode client /opt/***/dags/air_data_analysis.py
[2024-09-15T13:48:29.345+0000] {spark_submit.py:579} INFO - Using properties file: null
[2024-09-15T13:48:29.642+0000] {spark_submit.py:579} INFO - Parsed arguments:
[2024-09-15T13:48:29.644+0000] {spark_submit.py:579} INFO - master                  spark://spark-master:7077
[2024-09-15T13:48:29.645+0000] {spark_submit.py:579} INFO - remote                  null
[2024-09-15T13:48:29.646+0000] {spark_submit.py:579} INFO - deployMode              client
[2024-09-15T13:48:29.648+0000] {spark_submit.py:579} INFO - executorMemory          null
[2024-09-15T13:48:29.650+0000] {spark_submit.py:579} INFO - executorCores           null
[2024-09-15T13:48:29.651+0000] {spark_submit.py:579} INFO - totalExecutorCores      null
[2024-09-15T13:48:29.653+0000] {spark_submit.py:579} INFO - propertiesFile          null
[2024-09-15T13:48:29.654+0000] {spark_submit.py:579} INFO - driverMemory            null
[2024-09-15T13:48:29.656+0000] {spark_submit.py:579} INFO - driverCores             null
[2024-09-15T13:48:29.657+0000] {spark_submit.py:579} INFO - driverExtraClassPath    null
[2024-09-15T13:48:29.658+0000] {spark_submit.py:579} INFO - driverExtraLibraryPath  null
[2024-09-15T13:48:29.661+0000] {spark_submit.py:579} INFO - driverExtraJavaOptions  null
[2024-09-15T13:48:29.663+0000] {spark_submit.py:579} INFO - supervise               false
[2024-09-15T13:48:29.664+0000] {spark_submit.py:579} INFO - queue                   null
[2024-09-15T13:48:29.665+0000] {spark_submit.py:579} INFO - numExecutors            null
[2024-09-15T13:48:29.667+0000] {spark_submit.py:579} INFO - files                   null
[2024-09-15T13:48:29.668+0000] {spark_submit.py:579} INFO - pyFiles                 null
[2024-09-15T13:48:29.671+0000] {spark_submit.py:579} INFO - archives                null
[2024-09-15T13:48:29.672+0000] {spark_submit.py:579} INFO - mainClass               null
[2024-09-15T13:48:29.675+0000] {spark_submit.py:579} INFO - primaryResource         file:/opt/***/dags/air_data_analysis.py
[2024-09-15T13:48:29.676+0000] {spark_submit.py:579} INFO - name                    arrow-spark
[2024-09-15T13:48:29.677+0000] {spark_submit.py:579} INFO - childArgs               []
[2024-09-15T13:48:29.681+0000] {spark_submit.py:579} INFO - jars                    null
[2024-09-15T13:48:29.683+0000] {spark_submit.py:579} INFO - packages                null
[2024-09-15T13:48:29.686+0000] {spark_submit.py:579} INFO - packagesExclusions      null
[2024-09-15T13:48:29.687+0000] {spark_submit.py:579} INFO - repositories            null
[2024-09-15T13:48:29.689+0000] {spark_submit.py:579} INFO - verbose                 true
[2024-09-15T13:48:29.690+0000] {spark_submit.py:579} INFO - 
[2024-09-15T13:48:29.692+0000] {spark_submit.py:579} INFO - Spark properties used, including those specified through
[2024-09-15T13:48:29.693+0000] {spark_submit.py:579} INFO - --conf and those from the properties file null:
[2024-09-15T13:48:29.695+0000] {spark_submit.py:579} INFO - (spark.master,spark://spark-master:7077)
[2024-09-15T13:48:29.696+0000] {spark_submit.py:579} INFO - 
[2024-09-15T13:48:29.698+0000] {spark_submit.py:579} INFO - 
[2024-09-15T13:48:30.665+0000] {spark_submit.py:579} INFO - Main class:
[2024-09-15T13:48:30.666+0000] {spark_submit.py:579} INFO - org.apache.spark.deploy.PythonRunner
[2024-09-15T13:48:30.668+0000] {spark_submit.py:579} INFO - Arguments:
[2024-09-15T13:48:30.669+0000] {spark_submit.py:579} INFO - file:/opt/***/dags/air_data_analysis.py
[2024-09-15T13:48:30.670+0000] {spark_submit.py:579} INFO - null
[2024-09-15T13:48:30.673+0000] {spark_submit.py:579} INFO - Spark config:
[2024-09-15T13:48:30.675+0000] {spark_submit.py:579} INFO - (spark.app.name,arrow-spark)
[2024-09-15T13:48:30.676+0000] {spark_submit.py:579} INFO - (spark.app.submitTime,1726408110628)
[2024-09-15T13:48:30.677+0000] {spark_submit.py:579} INFO - (spark.master,spark://spark-master:7077)
[2024-09-15T13:48:30.679+0000] {spark_submit.py:579} INFO - (spark.submit.deployMode,client)
[2024-09-15T13:48:30.680+0000] {spark_submit.py:579} INFO - (spark.submit.pyFiles,)
[2024-09-15T13:48:30.681+0000] {spark_submit.py:579} INFO - Classpath elements:
[2024-09-15T13:48:30.682+0000] {spark_submit.py:579} INFO - 
[2024-09-15T13:48:30.683+0000] {spark_submit.py:579} INFO - 
[2024-09-15T13:48:30.685+0000] {spark_submit.py:579} INFO - 
[2024-09-15T13:48:34.620+0000] {spark_submit.py:579} INFO - 24/09/15 13:48:34 INFO SparkContext: Running Spark version 3.5.2
[2024-09-15T13:48:34.628+0000] {spark_submit.py:579} INFO - 24/09/15 13:48:34 INFO SparkContext: OS info Linux, 5.15.153.1-microsoft-standard-WSL2, amd64
[2024-09-15T13:48:34.630+0000] {spark_submit.py:579} INFO - 24/09/15 13:48:34 INFO SparkContext: Java version 17.0.12
[2024-09-15T13:48:34.813+0000] {spark_submit.py:579} INFO - 24/09/15 13:48:34 WARN NativeCodeLoader: Unable to load native-hadoop library for your platform... using builtin-java classes where applicable
[2024-09-15T13:48:35.204+0000] {spark_submit.py:579} INFO - 24/09/15 13:48:35 INFO ResourceUtils: ==============================================================
[2024-09-15T13:48:35.206+0000] {spark_submit.py:579} INFO - 24/09/15 13:48:35 INFO ResourceUtils: No custom resources configured for spark.driver.
[2024-09-15T13:48:35.222+0000] {spark_submit.py:579} INFO - 24/09/15 13:48:35 INFO ResourceUtils: ==============================================================
[2024-09-15T13:48:35.224+0000] {spark_submit.py:579} INFO - 24/09/15 13:48:35 INFO SparkContext: Submitted application: Airbnb_regr_model
[2024-09-15T13:48:35.322+0000] {spark_submit.py:579} INFO - 24/09/15 13:48:35 INFO ResourceProfile: Default ResourceProfile created, executor resources: Map(cores -> name: cores, amount: 1, script: , vendor: , memory -> name: memory, amount: 1024, script: , vendor: , offHeap -> name: offHeap, amount: 0, script: , vendor: ), task resources: Map(cpus -> name: cpus, amount: 1.0)
[2024-09-15T13:48:35.353+0000] {spark_submit.py:579} INFO - 24/09/15 13:48:35 INFO ResourceProfile: Limiting resource is cpu
[2024-09-15T13:48:35.355+0000] {spark_submit.py:579} INFO - 24/09/15 13:48:35 INFO ResourceProfileManager: Added ResourceProfile id: 0
[2024-09-15T13:48:35.633+0000] {spark_submit.py:579} INFO - 24/09/15 13:48:35 INFO SecurityManager: Changing view acls to: ***
[2024-09-15T13:48:35.635+0000] {spark_submit.py:579} INFO - 24/09/15 13:48:35 INFO SecurityManager: Changing modify acls to: ***
[2024-09-15T13:48:35.636+0000] {spark_submit.py:579} INFO - 24/09/15 13:48:35 INFO SecurityManager: Changing view acls groups to:
[2024-09-15T13:48:35.638+0000] {spark_submit.py:579} INFO - 24/09/15 13:48:35 INFO SecurityManager: Changing modify acls groups to:
[2024-09-15T13:48:35.639+0000] {spark_submit.py:579} INFO - 24/09/15 13:48:35 INFO SecurityManager: SecurityManager: authentication disabled; ui acls disabled; users with view permissions: ***; groups with view permissions: EMPTY; users with modify permissions: ***; groups with modify permissions: EMPTY
[2024-09-15T13:48:36.710+0000] {spark_submit.py:579} INFO - 24/09/15 13:48:36 INFO Utils: Successfully started service 'sparkDriver' on port 41457.
[2024-09-15T13:48:36.835+0000] {spark_submit.py:579} INFO - 24/09/15 13:48:36 INFO SparkEnv: Registering MapOutputTracker
[2024-09-15T13:48:36.955+0000] {spark_submit.py:579} INFO - 24/09/15 13:48:36 INFO SparkEnv: Registering BlockManagerMaster
[2024-09-15T13:48:37.023+0000] {spark_submit.py:579} INFO - 24/09/15 13:48:37 INFO BlockManagerMasterEndpoint: Using org.apache.spark.storage.DefaultTopologyMapper for getting topology information
[2024-09-15T13:48:37.024+0000] {spark_submit.py:579} INFO - 24/09/15 13:48:37 INFO BlockManagerMasterEndpoint: BlockManagerMasterEndpoint up
[2024-09-15T13:48:37.037+0000] {spark_submit.py:579} INFO - 24/09/15 13:48:37 INFO SparkEnv: Registering BlockManagerMasterHeartbeat
[2024-09-15T13:48:37.113+0000] {spark_submit.py:579} INFO - 24/09/15 13:48:37 INFO DiskBlockManager: Created local directory at /tmp/blockmgr-e33e8a5b-759f-444f-b25d-b33c02a939de
[2024-09-15T13:48:37.158+0000] {spark_submit.py:579} INFO - 24/09/15 13:48:37 INFO MemoryStore: MemoryStore started with capacity 434.4 MiB
[2024-09-15T13:48:37.210+0000] {spark_submit.py:579} INFO - 24/09/15 13:48:37 INFO SparkEnv: Registering OutputCommitCoordinator
[2024-09-15T13:48:37.732+0000] {spark_submit.py:579} INFO - 24/09/15 13:48:37 INFO JettyUtils: Start Jetty 0.0.0.0:4040 for SparkUI
[2024-09-15T13:48:38.004+0000] {spark_submit.py:579} INFO - 24/09/15 13:48:38 INFO Utils: Successfully started service 'SparkUI' on port 4040.
[2024-09-15T13:48:38.365+0000] {spark_submit.py:579} INFO - 24/09/15 13:48:38 INFO Executor: Starting executor ID driver on host fb744bf0dc86
[2024-09-15T13:48:38.367+0000] {spark_submit.py:579} INFO - 24/09/15 13:48:38 INFO Executor: OS info Linux, 5.15.153.1-microsoft-standard-WSL2, amd64
[2024-09-15T13:48:38.368+0000] {spark_submit.py:579} INFO - 24/09/15 13:48:38 INFO Executor: Java version 17.0.12
[2024-09-15T13:48:38.390+0000] {spark_submit.py:579} INFO - 24/09/15 13:48:38 INFO Executor: Starting executor with user classpath (userClassPathFirst = false): ''
[2024-09-15T13:48:38.393+0000] {spark_submit.py:579} INFO - 24/09/15 13:48:38 INFO Executor: Created or updated repl class loader org.apache.spark.util.MutableURLClassLoader@7432b5cc for default.
[2024-09-15T13:48:38.463+0000] {spark_submit.py:579} INFO - 24/09/15 13:48:38 INFO Utils: Successfully started service 'org.apache.spark.network.netty.NettyBlockTransferService' on port 35581.
[2024-09-15T13:48:38.465+0000] {spark_submit.py:579} INFO - 24/09/15 13:48:38 INFO NettyBlockTransferService: Server created on fb744bf0dc86:35581
[2024-09-15T13:48:38.471+0000] {spark_submit.py:579} INFO - 24/09/15 13:48:38 INFO BlockManager: Using org.apache.spark.storage.RandomBlockReplicationPolicy for block replication policy
[2024-09-15T13:48:38.492+0000] {spark_submit.py:579} INFO - 24/09/15 13:48:38 INFO BlockManagerMaster: Registering BlockManager BlockManagerId(driver, fb744bf0dc86, 35581, None)
[2024-09-15T13:48:38.506+0000] {spark_submit.py:579} INFO - 24/09/15 13:48:38 INFO BlockManagerMasterEndpoint: Registering block manager fb744bf0dc86:35581 with 434.4 MiB RAM, BlockManagerId(driver, fb744bf0dc86, 35581, None)
[2024-09-15T13:48:38.514+0000] {spark_submit.py:579} INFO - 24/09/15 13:48:38 INFO BlockManagerMaster: Registered BlockManager BlockManagerId(driver, fb744bf0dc86, 35581, None)
[2024-09-15T13:48:38.517+0000] {spark_submit.py:579} INFO - 24/09/15 13:48:38 INFO BlockManager: Initialized BlockManager: BlockManagerId(driver, fb744bf0dc86, 35581, None)
[2024-09-15T13:48:39.925+0000] {spark_submit.py:579} INFO - 24/09/15 13:48:39 INFO SharedState: Setting hive.metastore.warehouse.dir ('null') to the value of spark.sql.warehouse.dir.
[2024-09-15T13:48:39.951+0000] {spark_submit.py:579} INFO - 24/09/15 13:48:39 INFO SharedState: Warehouse path is 'file:/user/hive/warehouse'.
[2024-09-15T13:48:42.981+0000] {spark_submit.py:579} INFO - 24/09/15 13:48:42 INFO InMemoryFileIndex: It took 111 ms to list leaf files for 1 paths.
[2024-09-15T13:48:43.109+0000] {spark_submit.py:579} INFO - 24/09/15 13:48:43 INFO InMemoryFileIndex: It took 4 ms to list leaf files for 1 paths.
[2024-09-15T13:48:47.552+0000] {spark_submit.py:579} INFO - 24/09/15 13:48:47 INFO FileSourceStrategy: Pushed Filters:
[2024-09-15T13:48:47.555+0000] {spark_submit.py:579} INFO - 24/09/15 13:48:47 INFO FileSourceStrategy: Post-Scan Filters:
[2024-09-15T13:48:48.110+0000] {spark_submit.py:579} INFO - 24/09/15 13:48:48 INFO MemoryStore: Block broadcast_0 stored as values in memory (estimated size 200.2 KiB, free 434.2 MiB)
[2024-09-15T13:48:48.367+0000] {spark_submit.py:579} INFO - 24/09/15 13:48:48 INFO MemoryStore: Block broadcast_0_piece0 stored as bytes in memory (estimated size 34.5 KiB, free 434.2 MiB)
[2024-09-15T13:48:48.377+0000] {spark_submit.py:579} INFO - 24/09/15 13:48:48 INFO BlockManagerInfo: Added broadcast_0_piece0 in memory on fb744bf0dc86:35581 (size: 34.5 KiB, free: 434.4 MiB)
[2024-09-15T13:48:48.392+0000] {spark_submit.py:579} INFO - 24/09/15 13:48:48 INFO SparkContext: Created broadcast 0 from csv at NativeMethodAccessorImpl.java:0
[2024-09-15T13:48:48.429+0000] {spark_submit.py:579} INFO - 24/09/15 13:48:48 INFO FileSourceScanExec: Planning scan with bin packing, max size: 4194304 bytes, open cost is considered as scanning 4194304 bytes.
[2024-09-15T13:48:49.872+0000] {spark_submit.py:579} INFO - 24/09/15 13:48:49 INFO CodeGenerator: Code generated in 457.870148 ms
[2024-09-15T13:48:49.989+0000] {spark_submit.py:579} INFO - 24/09/15 13:48:49 INFO SparkContext: Starting job: csv at NativeMethodAccessorImpl.java:0
[2024-09-15T13:48:50.031+0000] {spark_submit.py:579} INFO - 24/09/15 13:48:50 INFO DAGScheduler: Got job 0 (csv at NativeMethodAccessorImpl.java:0) with 1 output partitions
[2024-09-15T13:48:50.032+0000] {spark_submit.py:579} INFO - 24/09/15 13:48:50 INFO DAGScheduler: Final stage: ResultStage 0 (csv at NativeMethodAccessorImpl.java:0)
[2024-09-15T13:48:50.033+0000] {spark_submit.py:579} INFO - 24/09/15 13:48:50 INFO DAGScheduler: Parents of final stage: List()
[2024-09-15T13:48:50.044+0000] {spark_submit.py:579} INFO - 24/09/15 13:48:50 INFO DAGScheduler: Missing parents: List()
[2024-09-15T13:48:50.055+0000] {spark_submit.py:579} INFO - 24/09/15 13:48:50 INFO DAGScheduler: Submitting ResultStage 0 (MapPartitionsRDD[6] at csv at NativeMethodAccessorImpl.java:0), which has no missing parents
[2024-09-15T13:48:50.321+0000] {spark_submit.py:579} INFO - 24/09/15 13:48:50 INFO MemoryStore: Block broadcast_1 stored as values in memory (estimated size 19.1 KiB, free 434.2 MiB)
[2024-09-15T13:48:50.325+0000] {spark_submit.py:579} INFO - 24/09/15 13:48:50 INFO MemoryStore: Block broadcast_1_piece0 stored as bytes in memory (estimated size 8.3 KiB, free 434.1 MiB)
[2024-09-15T13:48:50.326+0000] {spark_submit.py:579} INFO - 24/09/15 13:48:50 INFO BlockManagerInfo: Added broadcast_1_piece0 in memory on fb744bf0dc86:35581 (size: 8.3 KiB, free: 434.4 MiB)
[2024-09-15T13:48:50.328+0000] {spark_submit.py:579} INFO - 24/09/15 13:48:50 INFO SparkContext: Created broadcast 1 from broadcast at DAGScheduler.scala:1585
[2024-09-15T13:48:50.375+0000] {spark_submit.py:579} INFO - 24/09/15 13:48:50 INFO DAGScheduler: Submitting 1 missing tasks from ResultStage 0 (MapPartitionsRDD[6] at csv at NativeMethodAccessorImpl.java:0) (first 15 tasks are for partitions Vector(0))
[2024-09-15T13:48:50.377+0000] {spark_submit.py:579} INFO - 24/09/15 13:48:50 INFO TaskSchedulerImpl: Adding task set 0.0 with 1 tasks resource profile 0
[2024-09-15T13:48:50.472+0000] {spark_submit.py:579} INFO - 24/09/15 13:48:50 INFO TaskSetManager: Starting task 0.0 in stage 0.0 (TID 0) (fb744bf0dc86, executor driver, partition 0, PROCESS_LOCAL, 9601 bytes)
[2024-09-15T13:48:50.502+0000] {spark_submit.py:579} INFO - 24/09/15 13:48:50 INFO Executor: Running task 0.0 in stage 0.0 (TID 0)
[2024-09-15T13:48:50.845+0000] {spark_submit.py:579} INFO - 24/09/15 13:48:50 INFO CodeGenerator: Code generated in 36.625151 ms
[2024-09-15T13:48:50.853+0000] {spark_submit.py:579} INFO - 24/09/15 13:48:50 INFO FileScanRDD: Reading File path: file:///opt/***/datasets/Airbnb.csv, range: 0-4194304, partition values: [empty row]
[2024-09-15T13:48:50.892+0000] {spark_submit.py:579} INFO - 24/09/15 13:48:50 INFO CodeGenerator: Code generated in 25.268005 ms
[2024-09-15T13:48:51.042+0000] {spark_submit.py:579} INFO - 24/09/15 13:48:51 INFO Executor: Finished task 0.0 in stage 0.0 (TID 0). 1851 bytes result sent to driver
[2024-09-15T13:48:51.063+0000] {spark_submit.py:579} INFO - 24/09/15 13:48:51 INFO TaskSetManager: Finished task 0.0 in stage 0.0 (TID 0) in 611 ms on fb744bf0dc86 (executor driver) (1/1)
[2024-09-15T13:48:51.070+0000] {spark_submit.py:579} INFO - 24/09/15 13:48:51 INFO TaskSchedulerImpl: Removed TaskSet 0.0, whose tasks have all completed, from pool
[2024-09-15T13:48:51.087+0000] {spark_submit.py:579} INFO - 24/09/15 13:48:51 INFO DAGScheduler: ResultStage 0 (csv at NativeMethodAccessorImpl.java:0) finished in 0.992 s
[2024-09-15T13:48:51.095+0000] {spark_submit.py:579} INFO - 24/09/15 13:48:51 INFO DAGScheduler: Job 0 is finished. Cancelling potential speculative or zombie tasks for this job
[2024-09-15T13:48:51.097+0000] {spark_submit.py:579} INFO - 24/09/15 13:48:51 INFO TaskSchedulerImpl: Killing all running tasks in stage 0: Stage finished
[2024-09-15T13:48:51.101+0000] {spark_submit.py:579} INFO - 24/09/15 13:48:51 INFO DAGScheduler: Job 0 finished: csv at NativeMethodAccessorImpl.java:0, took 1.110961 s
[2024-09-15T13:48:51.154+0000] {spark_submit.py:579} INFO - 24/09/15 13:48:51 INFO CodeGenerator: Code generated in 22.430711 ms
[2024-09-15T13:48:51.502+0000] {spark_submit.py:579} INFO - 24/09/15 13:48:51 INFO SparkContext: Starting job: csv at NativeMethodAccessorImpl.java:0
[2024-09-15T13:48:51.506+0000] {spark_submit.py:579} INFO - 24/09/15 13:48:51 INFO DAGScheduler: Got job 1 (csv at NativeMethodAccessorImpl.java:0) with 2 output partitions
[2024-09-15T13:48:51.508+0000] {spark_submit.py:579} INFO - 24/09/15 13:48:51 INFO DAGScheduler: Final stage: ResultStage 1 (csv at NativeMethodAccessorImpl.java:0)
[2024-09-15T13:48:51.514+0000] {spark_submit.py:579} INFO - 24/09/15 13:48:51 INFO DAGScheduler: Parents of final stage: List()
[2024-09-15T13:48:51.523+0000] {spark_submit.py:579} INFO - 24/09/15 13:48:51 INFO DAGScheduler: Missing parents: List()
[2024-09-15T13:48:51.525+0000] {spark_submit.py:579} INFO - 24/09/15 13:48:51 INFO DAGScheduler: Submitting ResultStage 1 (MapPartitionsRDD[10] at csv at NativeMethodAccessorImpl.java:0), which has no missing parents
[2024-09-15T13:48:51.536+0000] {spark_submit.py:579} INFO - 24/09/15 13:48:51 INFO MemoryStore: Block broadcast_2 stored as values in memory (estimated size 19.7 KiB, free 434.1 MiB)
[2024-09-15T13:48:51.552+0000] {spark_submit.py:579} INFO - 24/09/15 13:48:51 INFO MemoryStore: Block broadcast_2_piece0 stored as bytes in memory (estimated size 9.1 KiB, free 434.1 MiB)
[2024-09-15T13:48:51.555+0000] {spark_submit.py:579} INFO - 24/09/15 13:48:51 INFO BlockManagerInfo: Added broadcast_2_piece0 in memory on fb744bf0dc86:35581 (size: 9.1 KiB, free: 434.3 MiB)
[2024-09-15T13:48:51.557+0000] {spark_submit.py:579} INFO - 24/09/15 13:48:51 INFO SparkContext: Created broadcast 2 from broadcast at DAGScheduler.scala:1585
[2024-09-15T13:48:51.560+0000] {spark_submit.py:579} INFO - 24/09/15 13:48:51 INFO DAGScheduler: Submitting 2 missing tasks from ResultStage 1 (MapPartitionsRDD[10] at csv at NativeMethodAccessorImpl.java:0) (first 15 tasks are for partitions Vector(0, 1))
[2024-09-15T13:48:51.570+0000] {spark_submit.py:579} INFO - 24/09/15 13:48:51 INFO TaskSchedulerImpl: Adding task set 1.0 with 2 tasks resource profile 0
[2024-09-15T13:48:51.571+0000] {spark_submit.py:579} INFO - 24/09/15 13:48:51 INFO TaskSetManager: Starting task 0.0 in stage 1.0 (TID 1) (fb744bf0dc86, executor driver, partition 0, PROCESS_LOCAL, 9601 bytes)
[2024-09-15T13:48:51.573+0000] {spark_submit.py:579} INFO - 24/09/15 13:48:51 INFO TaskSetManager: Starting task 1.0 in stage 1.0 (TID 2) (fb744bf0dc86, executor driver, partition 1, PROCESS_LOCAL, 9601 bytes)
[2024-09-15T13:48:51.575+0000] {spark_submit.py:579} INFO - 24/09/15 13:48:51 INFO Executor: Running task 0.0 in stage 1.0 (TID 1)
[2024-09-15T13:48:51.577+0000] {spark_submit.py:579} INFO - 24/09/15 13:48:51 INFO Executor: Running task 1.0 in stage 1.0 (TID 2)
[2024-09-15T13:48:51.585+0000] {spark_submit.py:579} INFO - 24/09/15 13:48:51 INFO BlockManagerInfo: Removed broadcast_1_piece0 on fb744bf0dc86:35581 in memory (size: 8.3 KiB, free: 434.4 MiB)
[2024-09-15T13:48:51.697+0000] {spark_submit.py:579} INFO - 24/09/15 13:48:51 INFO FileScanRDD: Reading File path: file:///opt/***/datasets/Airbnb.csv, range: 0-4194304, partition values: [empty row]
[2024-09-15T13:48:51.700+0000] {spark_submit.py:579} INFO - 24/09/15 13:48:51 INFO FileScanRDD: Reading File path: file:///opt/***/datasets/Airbnb.csv, range: 4194304-7081245, partition values: [empty row]
[2024-09-15T13:48:53.162+0000] {spark_submit.py:579} INFO - 24/09/15 13:48:53 INFO Executor: Finished task 1.0 in stage 1.0 (TID 2). 1546 bytes result sent to driver
[2024-09-15T13:48:53.169+0000] {spark_submit.py:579} INFO - 24/09/15 13:48:53 INFO TaskSetManager: Finished task 1.0 in stage 1.0 (TID 2) in 1602 ms on fb744bf0dc86 (executor driver) (1/2)
[2024-09-15T13:48:53.622+0000] {spark_submit.py:579} INFO - 24/09/15 13:48:53 INFO Executor: Finished task 0.0 in stage 1.0 (TID 1). 1503 bytes result sent to driver
[2024-09-15T13:48:53.635+0000] {spark_submit.py:579} INFO - 24/09/15 13:48:53 INFO TaskSetManager: Finished task 0.0 in stage 1.0 (TID 1) in 2071 ms on fb744bf0dc86 (executor driver) (2/2)
[2024-09-15T13:48:53.637+0000] {spark_submit.py:579} INFO - 24/09/15 13:48:53 INFO TaskSchedulerImpl: Removed TaskSet 1.0, whose tasks have all completed, from pool
[2024-09-15T13:48:53.640+0000] {spark_submit.py:579} INFO - 24/09/15 13:48:53 INFO DAGScheduler: ResultStage 1 (csv at NativeMethodAccessorImpl.java:0) finished in 2.117 s
[2024-09-15T13:48:53.641+0000] {spark_submit.py:579} INFO - 24/09/15 13:48:53 INFO DAGScheduler: Job 1 is finished. Cancelling potential speculative or zombie tasks for this job
[2024-09-15T13:48:53.642+0000] {spark_submit.py:579} INFO - 24/09/15 13:48:53 INFO TaskSchedulerImpl: Killing all running tasks in stage 1: Stage finished
[2024-09-15T13:48:53.643+0000] {spark_submit.py:579} INFO - 24/09/15 13:48:53 INFO DAGScheduler: Job 1 finished: csv at NativeMethodAccessorImpl.java:0, took 2.139395 s
[2024-09-15T13:48:54.273+0000] {spark_submit.py:579} INFO - 24/09/15 13:48:54 INFO HiveConf: Found configuration file null
[2024-09-15T13:48:54.290+0000] {spark_submit.py:579} INFO - 24/09/15 13:48:54 INFO HiveUtils: Initializing HiveMetastoreConnection version 2.3.9 using Spark classes.
[2024-09-15T13:48:54.836+0000] {spark_submit.py:579} INFO - 24/09/15 13:48:54 INFO HiveClientImpl: Warehouse location for Hive client (version 2.3.9) is file:/user/hive/warehouse
[2024-09-15T13:48:54.930+0000] {spark_submit.py:579} INFO - 24/09/15 13:48:54 INFO metastore: Trying to connect to metastore with URI thrift://hive-metastore:9083
[2024-09-15T13:48:55.002+0000] {spark_submit.py:579} INFO - 24/09/15 13:48:55 INFO metastore: Opened a connection to metastore, current connections: 1
[2024-09-15T13:48:55.225+0000] {spark_submit.py:579} INFO - 24/09/15 13:48:55 INFO metastore: Connected to metastore.
[2024-09-15T13:48:58.986+0000] {spark_submit.py:579} INFO - 24/09/15 13:48:58 INFO InMemoryFileIndex: It took 165 ms to list leaf files for 1 paths.
[2024-09-15T13:49:00.856+0000] {spark_submit.py:579} INFO - 24/09/15 13:49:00 INFO FileSourceStrategy: Pushed Filters: IsNotNull(availability_365),GreaterThan(availability_365,15)
[2024-09-15T13:49:00.857+0000] {spark_submit.py:579} INFO - 24/09/15 13:49:00 INFO FileSourceStrategy: Post-Scan Filters: isnotnull(availability_365#36),atleastnnonnulls(8, neighbourhood_group#25, neighbourhood#26, room_type#29, price#30, minimum_nights#31, number_of_reviews#32, calculated_host_listings_count#35, availability_365#36),(availability_365#36 > 15)
[2024-09-15T13:49:01.441+0000] {spark_submit.py:579} INFO - 24/09/15 13:49:01 INFO CodeGenerator: Code generated in 184.358529 ms
[2024-09-15T13:49:01.455+0000] {spark_submit.py:579} INFO - 24/09/15 13:49:01 INFO MemoryStore: Block broadcast_3 stored as values in memory (estimated size 200.1 KiB, free 433.9 MiB)
[2024-09-15T13:49:01.472+0000] {spark_submit.py:579} INFO - 24/09/15 13:49:01 INFO MemoryStore: Block broadcast_3_piece0 stored as bytes in memory (estimated size 34.5 KiB, free 433.9 MiB)
[2024-09-15T13:49:01.474+0000] {spark_submit.py:579} INFO - 24/09/15 13:49:01 INFO BlockManagerInfo: Added broadcast_3_piece0 in memory on fb744bf0dc86:35581 (size: 34.5 KiB, free: 434.3 MiB)
[2024-09-15T13:49:01.477+0000] {spark_submit.py:579} INFO - 24/09/15 13:49:01 INFO SparkContext: Created broadcast 3 from saveAsTable at NativeMethodAccessorImpl.java:0
[2024-09-15T13:49:01.491+0000] {spark_submit.py:579} INFO - 24/09/15 13:49:01 INFO FileSourceScanExec: Planning scan with bin packing, max size: 4194304 bytes, open cost is considered as scanning 4194304 bytes.
[2024-09-15T13:49:01.794+0000] {spark_submit.py:579} INFO - 24/09/15 13:49:01 INFO DAGScheduler: Registering RDD 14 (saveAsTable at NativeMethodAccessorImpl.java:0) as input to shuffle 0
[2024-09-15T13:49:01.805+0000] {spark_submit.py:579} INFO - 24/09/15 13:49:01 INFO DAGScheduler: Got map stage job 2 (saveAsTable at NativeMethodAccessorImpl.java:0) with 2 output partitions
[2024-09-15T13:49:01.806+0000] {spark_submit.py:579} INFO - 24/09/15 13:49:01 INFO DAGScheduler: Final stage: ShuffleMapStage 2 (saveAsTable at NativeMethodAccessorImpl.java:0)
[2024-09-15T13:49:01.807+0000] {spark_submit.py:579} INFO - 24/09/15 13:49:01 INFO DAGScheduler: Parents of final stage: List()
[2024-09-15T13:49:01.808+0000] {spark_submit.py:579} INFO - 24/09/15 13:49:01 INFO DAGScheduler: Missing parents: List()
[2024-09-15T13:49:01.810+0000] {spark_submit.py:579} INFO - 24/09/15 13:49:01 INFO DAGScheduler: Submitting ShuffleMapStage 2 (MapPartitionsRDD[14] at saveAsTable at NativeMethodAccessorImpl.java:0), which has no missing parents
[2024-09-15T13:49:01.839+0000] {spark_submit.py:579} INFO - 24/09/15 13:49:01 INFO MemoryStore: Block broadcast_4 stored as values in memory (estimated size 55.7 KiB, free 433.9 MiB)
[2024-09-15T13:49:01.844+0000] {spark_submit.py:579} INFO - 24/09/15 13:49:01 INFO MemoryStore: Block broadcast_4_piece0 stored as bytes in memory (estimated size 23.8 KiB, free 433.8 MiB)
[2024-09-15T13:49:01.847+0000] {spark_submit.py:579} INFO - 24/09/15 13:49:01 INFO BlockManagerInfo: Added broadcast_4_piece0 in memory on fb744bf0dc86:35581 (size: 23.8 KiB, free: 434.3 MiB)
[2024-09-15T13:49:01.849+0000] {spark_submit.py:579} INFO - 24/09/15 13:49:01 INFO SparkContext: Created broadcast 4 from broadcast at DAGScheduler.scala:1585
[2024-09-15T13:49:01.852+0000] {spark_submit.py:579} INFO - 24/09/15 13:49:01 INFO DAGScheduler: Submitting 2 missing tasks from ShuffleMapStage 2 (MapPartitionsRDD[14] at saveAsTable at NativeMethodAccessorImpl.java:0) (first 15 tasks are for partitions Vector(0, 1))
[2024-09-15T13:49:01.853+0000] {spark_submit.py:579} INFO - 24/09/15 13:49:01 INFO TaskSchedulerImpl: Adding task set 2.0 with 2 tasks resource profile 0
[2024-09-15T13:49:01.857+0000] {spark_submit.py:579} INFO - 24/09/15 13:49:01 INFO TaskSetManager: Starting task 0.0 in stage 2.0 (TID 3) (fb744bf0dc86, executor driver, partition 0, PROCESS_LOCAL, 9590 bytes)
[2024-09-15T13:49:01.858+0000] {spark_submit.py:579} INFO - 24/09/15 13:49:01 INFO TaskSetManager: Starting task 1.0 in stage 2.0 (TID 4) (fb744bf0dc86, executor driver, partition 1, PROCESS_LOCAL, 9590 bytes)
[2024-09-15T13:49:01.860+0000] {spark_submit.py:579} INFO - 24/09/15 13:49:01 INFO Executor: Running task 0.0 in stage 2.0 (TID 3)
[2024-09-15T13:49:01.861+0000] {spark_submit.py:579} INFO - 24/09/15 13:49:01 INFO Executor: Running task 1.0 in stage 2.0 (TID 4)
[2024-09-15T13:49:02.011+0000] {spark_submit.py:579} INFO - 24/09/15 13:49:02 INFO CodeGenerator: Code generated in 98.734738 ms
[2024-09-15T13:49:02.044+0000] {spark_submit.py:579} INFO - 24/09/15 13:49:02 INFO CodeGenerator: Code generated in 19.595482 ms
[2024-09-15T13:49:02.101+0000] {spark_submit.py:579} INFO - 24/09/15 13:49:02 INFO CodeGenerator: Code generated in 12.668842 ms
[2024-09-15T13:49:02.135+0000] {spark_submit.py:579} INFO - 24/09/15 13:49:02 INFO CodeGenerator: Code generated in 16.022851 ms
[2024-09-15T13:49:02.169+0000] {spark_submit.py:579} INFO - 24/09/15 13:49:02 INFO FileScanRDD: Reading File path: file:///opt/***/datasets/Airbnb.csv, range: 4194304-7081245, partition values: [empty row]
[2024-09-15T13:49:02.171+0000] {spark_submit.py:579} INFO - 24/09/15 13:49:02 INFO FileScanRDD: Reading File path: file:///opt/***/datasets/Airbnb.csv, range: 0-4194304, partition values: [empty row]
[2024-09-15T13:49:02.207+0000] {spark_submit.py:579} INFO - 24/09/15 13:49:02 INFO CodeGenerator: Code generated in 20.754507 ms
[2024-09-15T13:49:02.280+0000] {spark_submit.py:579} INFO - 24/09/15 13:49:02 INFO CodeGenerator: Code generated in 9.694742 ms
[2024-09-15T13:49:03.145+0000] {spark_submit.py:579} INFO - 24/09/15 13:49:03 INFO Executor: Finished task 0.0 in stage 2.0 (TID 3). 2864 bytes result sent to driver
[2024-09-15T13:49:03.147+0000] {spark_submit.py:579} INFO - 24/09/15 13:49:03 INFO Executor: Finished task 1.0 in stage 2.0 (TID 4). 2864 bytes result sent to driver
[2024-09-15T13:49:03.152+0000] {spark_submit.py:579} INFO - 24/09/15 13:49:03 INFO TaskSetManager: Finished task 0.0 in stage 2.0 (TID 3) in 1298 ms on fb744bf0dc86 (executor driver) (1/2)
[2024-09-15T13:49:03.154+0000] {spark_submit.py:579} INFO - 24/09/15 13:49:03 INFO TaskSetManager: Finished task 1.0 in stage 2.0 (TID 4) in 1295 ms on fb744bf0dc86 (executor driver) (2/2)
[2024-09-15T13:49:03.155+0000] {spark_submit.py:579} INFO - 24/09/15 13:49:03 INFO TaskSchedulerImpl: Removed TaskSet 2.0, whose tasks have all completed, from pool
[2024-09-15T13:49:03.161+0000] {spark_submit.py:579} INFO - 24/09/15 13:49:03 INFO DAGScheduler: ShuffleMapStage 2 (saveAsTable at NativeMethodAccessorImpl.java:0) finished in 1.343 s
[2024-09-15T13:49:03.164+0000] {spark_submit.py:579} INFO - 24/09/15 13:49:03 INFO DAGScheduler: looking for newly runnable stages
[2024-09-15T13:49:03.165+0000] {spark_submit.py:579} INFO - 24/09/15 13:49:03 INFO DAGScheduler: running: Set()
[2024-09-15T13:49:03.166+0000] {spark_submit.py:579} INFO - 24/09/15 13:49:03 INFO DAGScheduler: waiting: Set()
[2024-09-15T13:49:03.167+0000] {spark_submit.py:579} INFO - 24/09/15 13:49:03 INFO DAGScheduler: failed: Set()
[2024-09-15T13:49:03.228+0000] {spark_submit.py:579} INFO - 24/09/15 13:49:03 INFO ShufflePartitionsUtil: For shuffle(0), advisory target size: 67108864, actual target size 1048576, minimum partition size: 1048576
[2024-09-15T13:49:03.407+0000] {spark_submit.py:579} INFO - 24/09/15 13:49:03 INFO ParquetUtils: Using default output committer for Parquet: org.apache.parquet.hadoop.ParquetOutputCommitter
[2024-09-15T13:49:03.439+0000] {spark_submit.py:579} INFO - 24/09/15 13:49:03 INFO FileOutputCommitter: File Output Committer Algorithm version is 1
[2024-09-15T13:49:03.440+0000] {spark_submit.py:579} INFO - 24/09/15 13:49:03 INFO FileOutputCommitter: FileOutputCommitter skip cleanup _temporary folders under output directory:false, ignore cleanup failures: false
[2024-09-15T13:49:03.441+0000] {spark_submit.py:579} INFO - 24/09/15 13:49:03 INFO SQLHadoopMapReduceCommitProtocol: Using user defined output committer class org.apache.parquet.hadoop.ParquetOutputCommitter
[2024-09-15T13:49:03.443+0000] {spark_submit.py:579} INFO - 24/09/15 13:49:03 INFO FileOutputCommitter: File Output Committer Algorithm version is 1
[2024-09-15T13:49:03.444+0000] {spark_submit.py:579} INFO - 24/09/15 13:49:03 INFO FileOutputCommitter: FileOutputCommitter skip cleanup _temporary folders under output directory:false, ignore cleanup failures: false
[2024-09-15T13:49:03.445+0000] {spark_submit.py:579} INFO - 24/09/15 13:49:03 INFO SQLHadoopMapReduceCommitProtocol: Using output committer class org.apache.parquet.hadoop.ParquetOutputCommitter
[2024-09-15T13:49:03.480+0000] {spark_submit.py:579} INFO - 24/09/15 13:49:03 INFO HashAggregateExec: spark.sql.codegen.aggregate.map.twolevel.enabled is set to true, but current version of codegened fast hashmap does not support this aggregate.
[2024-09-15T13:49:03.540+0000] {spark_submit.py:579} INFO - 24/09/15 13:49:03 INFO CodeGenerator: Code generated in 36.574904 ms
[2024-09-15T13:49:03.622+0000] {spark_submit.py:579} INFO - 24/09/15 13:49:03 INFO SparkContext: Starting job: saveAsTable at NativeMethodAccessorImpl.java:0
[2024-09-15T13:49:03.626+0000] {spark_submit.py:579} INFO - 24/09/15 13:49:03 INFO DAGScheduler: Got job 3 (saveAsTable at NativeMethodAccessorImpl.java:0) with 1 output partitions
[2024-09-15T13:49:03.628+0000] {spark_submit.py:579} INFO - 24/09/15 13:49:03 INFO DAGScheduler: Final stage: ResultStage 4 (saveAsTable at NativeMethodAccessorImpl.java:0)
[2024-09-15T13:49:03.629+0000] {spark_submit.py:579} INFO - 24/09/15 13:49:03 INFO DAGScheduler: Parents of final stage: List(ShuffleMapStage 3)
[2024-09-15T13:49:03.630+0000] {spark_submit.py:579} INFO - 24/09/15 13:49:03 INFO DAGScheduler: Missing parents: List()
[2024-09-15T13:49:03.633+0000] {spark_submit.py:579} INFO - 24/09/15 13:49:03 INFO DAGScheduler: Submitting ResultStage 4 (MapPartitionsRDD[17] at saveAsTable at NativeMethodAccessorImpl.java:0), which has no missing parents
[2024-09-15T13:49:03.714+0000] {spark_submit.py:579} INFO - 24/09/15 13:49:03 INFO MemoryStore: Block broadcast_5 stored as values in memory (estimated size 261.5 KiB, free 433.6 MiB)
[2024-09-15T13:49:03.729+0000] {spark_submit.py:579} INFO - 24/09/15 13:49:03 INFO BlockManagerInfo: Removed broadcast_4_piece0 on fb744bf0dc86:35581 in memory (size: 23.8 KiB, free: 434.3 MiB)
[2024-09-15T13:49:03.730+0000] {spark_submit.py:579} INFO - 24/09/15 13:49:03 INFO MemoryStore: Block broadcast_5_piece0 stored as bytes in memory (estimated size 96.7 KiB, free 433.5 MiB)
[2024-09-15T13:49:03.731+0000] {spark_submit.py:579} INFO - 24/09/15 13:49:03 INFO BlockManagerInfo: Added broadcast_5_piece0 in memory on fb744bf0dc86:35581 (size: 96.7 KiB, free: 434.2 MiB)
[2024-09-15T13:49:03.733+0000] {spark_submit.py:579} INFO - 24/09/15 13:49:03 INFO SparkContext: Created broadcast 5 from broadcast at DAGScheduler.scala:1585
[2024-09-15T13:49:03.734+0000] {spark_submit.py:579} INFO - 24/09/15 13:49:03 INFO DAGScheduler: Submitting 1 missing tasks from ResultStage 4 (MapPartitionsRDD[17] at saveAsTable at NativeMethodAccessorImpl.java:0) (first 15 tasks are for partitions Vector(0))
[2024-09-15T13:49:03.735+0000] {spark_submit.py:579} INFO - 24/09/15 13:49:03 INFO TaskSchedulerImpl: Adding task set 4.0 with 1 tasks resource profile 0
[2024-09-15T13:49:03.751+0000] {spark_submit.py:579} INFO - 24/09/15 13:49:03 INFO TaskSetManager: Starting task 0.0 in stage 4.0 (TID 5) (fb744bf0dc86, executor driver, partition 0, NODE_LOCAL, 8999 bytes)
[2024-09-15T13:49:03.753+0000] {spark_submit.py:579} INFO - 24/09/15 13:49:03 INFO Executor: Running task 0.0 in stage 4.0 (TID 5)
[2024-09-15T13:49:03.801+0000] {spark_submit.py:579} INFO - 24/09/15 13:49:03 INFO BlockManagerInfo: Removed broadcast_2_piece0 on fb744bf0dc86:35581 in memory (size: 9.1 KiB, free: 434.2 MiB)
[2024-09-15T13:49:03.815+0000] {spark_submit.py:579} INFO - 24/09/15 13:49:03 INFO BlockManagerInfo: Removed broadcast_0_piece0 on fb744bf0dc86:35581 in memory (size: 34.5 KiB, free: 434.3 MiB)
[2024-09-15T13:49:03.921+0000] {spark_submit.py:579} INFO - 24/09/15 13:49:03 INFO ShuffleBlockFetcherIterator: Getting 2 (961.0 B) non-empty blocks including 2 (961.0 B) local and 0 (0.0 B) host-local and 0 (0.0 B) push-merged-local and 0 (0.0 B) remote blocks
[2024-09-15T13:49:03.925+0000] {spark_submit.py:579} INFO - 24/09/15 13:49:03 INFO ShuffleBlockFetcherIterator: Started 0 remote fetches in 24 ms
[2024-09-15T13:49:03.966+0000] {spark_submit.py:579} INFO - 24/09/15 13:49:03 INFO CodeGenerator: Code generated in 30.117974 ms
[2024-09-15T13:49:03.969+0000] {spark_submit.py:579} INFO - 24/09/15 13:49:03 INFO FileOutputCommitter: File Output Committer Algorithm version is 1
[2024-09-15T13:49:03.970+0000] {spark_submit.py:579} INFO - 24/09/15 13:49:03 INFO FileOutputCommitter: FileOutputCommitter skip cleanup _temporary folders under output directory:false, ignore cleanup failures: false
[2024-09-15T13:49:03.971+0000] {spark_submit.py:579} INFO - 24/09/15 13:49:03 INFO SQLHadoopMapReduceCommitProtocol: Using user defined output committer class org.apache.parquet.hadoop.ParquetOutputCommitter
[2024-09-15T13:49:03.972+0000] {spark_submit.py:579} INFO - 24/09/15 13:49:03 INFO FileOutputCommitter: File Output Committer Algorithm version is 1
[2024-09-15T13:49:03.973+0000] {spark_submit.py:579} INFO - 24/09/15 13:49:03 INFO FileOutputCommitter: FileOutputCommitter skip cleanup _temporary folders under output directory:false, ignore cleanup failures: false
[2024-09-15T13:49:03.974+0000] {spark_submit.py:579} INFO - 24/09/15 13:49:03 INFO SQLHadoopMapReduceCommitProtocol: Using output committer class org.apache.parquet.hadoop.ParquetOutputCommitter
[2024-09-15T13:49:03.981+0000] {spark_submit.py:579} INFO - 24/09/15 13:49:03 INFO CodecConfig: Compression: SNAPPY
[2024-09-15T13:49:03.987+0000] {spark_submit.py:579} INFO - 24/09/15 13:49:03 INFO CodecConfig: Compression: SNAPPY
[2024-09-15T13:49:04.034+0000] {spark_submit.py:579} INFO - 24/09/15 13:49:04 INFO ParquetOutputFormat: ParquetRecordWriter [block size: 134217728b, row group padding size: 8388608b, validating: false]
[2024-09-15T13:49:04.091+0000] {spark_submit.py:579} INFO - 24/09/15 13:49:04 INFO ParquetWriteSupport: Initialized Parquet WriteSupport with Catalyst schema:
[2024-09-15T13:49:04.092+0000] {spark_submit.py:579} INFO - {
[2024-09-15T13:49:04.093+0000] {spark_submit.py:579} INFO - "type" : "struct",
[2024-09-15T13:49:04.094+0000] {spark_submit.py:579} INFO - "fields" : [ {
[2024-09-15T13:49:04.095+0000] {spark_submit.py:579} INFO - "name" : "neighbourhood_group",
[2024-09-15T13:49:04.096+0000] {spark_submit.py:579} INFO - "type" : "string",
[2024-09-15T13:49:04.097+0000] {spark_submit.py:579} INFO - "nullable" : true,
[2024-09-15T13:49:04.098+0000] {spark_submit.py:579} INFO - "metadata" : { }
[2024-09-15T13:49:04.099+0000] {spark_submit.py:579} INFO - }, {
[2024-09-15T13:49:04.100+0000] {spark_submit.py:579} INFO - "name" : "average_price",
[2024-09-15T13:49:04.101+0000] {spark_submit.py:579} INFO - "type" : "double",
[2024-09-15T13:49:04.102+0000] {spark_submit.py:579} INFO - "nullable" : true,
[2024-09-15T13:49:04.103+0000] {spark_submit.py:579} INFO - "metadata" : { }
[2024-09-15T13:49:04.105+0000] {spark_submit.py:579} INFO - }, {
[2024-09-15T13:49:04.106+0000] {spark_submit.py:579} INFO - "name" : "min_price",
[2024-09-15T13:49:04.107+0000] {spark_submit.py:579} INFO - "type" : "integer",
[2024-09-15T13:49:04.108+0000] {spark_submit.py:579} INFO - "nullable" : true,
[2024-09-15T13:49:04.109+0000] {spark_submit.py:579} INFO - "metadata" : { }
[2024-09-15T13:49:04.111+0000] {spark_submit.py:579} INFO - }, {
[2024-09-15T13:49:04.112+0000] {spark_submit.py:579} INFO - "name" : "max_price",
[2024-09-15T13:49:04.113+0000] {spark_submit.py:579} INFO - "type" : "integer",
[2024-09-15T13:49:04.113+0000] {spark_submit.py:579} INFO - "nullable" : true,
[2024-09-15T13:49:04.114+0000] {spark_submit.py:579} INFO - "metadata" : { }
[2024-09-15T13:49:04.115+0000] {spark_submit.py:579} INFO - }, {
[2024-09-15T13:49:04.116+0000] {spark_submit.py:579} INFO - "name" : "count",
[2024-09-15T13:49:04.117+0000] {spark_submit.py:579} INFO - "type" : "long",
[2024-09-15T13:49:04.118+0000] {spark_submit.py:579} INFO - "nullable" : false,
[2024-09-15T13:49:04.119+0000] {spark_submit.py:579} INFO - "metadata" : { }
[2024-09-15T13:49:04.120+0000] {spark_submit.py:579} INFO - } ]
[2024-09-15T13:49:04.121+0000] {spark_submit.py:579} INFO - }
[2024-09-15T13:49:04.122+0000] {spark_submit.py:579} INFO - and corresponding Parquet message type:
[2024-09-15T13:49:04.123+0000] {spark_submit.py:579} INFO - message spark_schema {
[2024-09-15T13:49:04.123+0000] {spark_submit.py:579} INFO - optional binary neighbourhood_group (STRING);
[2024-09-15T13:49:04.124+0000] {spark_submit.py:579} INFO - optional double average_price;
[2024-09-15T13:49:04.125+0000] {spark_submit.py:579} INFO - optional int32 min_price;
[2024-09-15T13:49:04.126+0000] {spark_submit.py:579} INFO - optional int32 max_price;
[2024-09-15T13:49:04.127+0000] {spark_submit.py:579} INFO - required int64 count;
[2024-09-15T13:49:04.128+0000] {spark_submit.py:579} INFO - }
[2024-09-15T13:49:04.129+0000] {spark_submit.py:579} INFO - 
[2024-09-15T13:49:04.130+0000] {spark_submit.py:579} INFO - 
[2024-09-15T13:49:04.302+0000] {spark_submit.py:579} INFO - 24/09/15 13:49:04 INFO CodecPool: Got brand-new compressor [.snappy]
[2024-09-15T13:49:06.012+0000] {spark_submit.py:579} INFO - 24/09/15 13:49:06 INFO FileOutputCommitter: Saved output of task 'attempt_202409151349037238416722340288556_0004_m_000000_5' to hdfs://namenode:9000/user/hive/warehouse/price_distribution/_temporary/0/task_202409151349037238416722340288556_0004_m_000000
[2024-09-15T13:49:06.014+0000] {spark_submit.py:579} INFO - 24/09/15 13:49:06 INFO SparkHadoopMapRedUtil: attempt_202409151349037238416722340288556_0004_m_000000_5: Committed. Elapsed time: 21 ms.
[2024-09-15T13:49:06.026+0000] {spark_submit.py:579} INFO - 24/09/15 13:49:06 INFO Executor: Finished task 0.0 in stage 4.0 (TID 5). 6193 bytes result sent to driver
[2024-09-15T13:49:06.030+0000] {spark_submit.py:579} INFO - 24/09/15 13:49:06 INFO TaskSetManager: Finished task 0.0 in stage 4.0 (TID 5) in 2285 ms on fb744bf0dc86 (executor driver) (1/1)
[2024-09-15T13:49:06.032+0000] {spark_submit.py:579} INFO - 24/09/15 13:49:06 INFO TaskSchedulerImpl: Removed TaskSet 4.0, whose tasks have all completed, from pool
[2024-09-15T13:49:06.034+0000] {spark_submit.py:579} INFO - 24/09/15 13:49:06 INFO DAGScheduler: ResultStage 4 (saveAsTable at NativeMethodAccessorImpl.java:0) finished in 2.371 s
[2024-09-15T13:49:06.035+0000] {spark_submit.py:579} INFO - 24/09/15 13:49:06 INFO DAGScheduler: Job 3 is finished. Cancelling potential speculative or zombie tasks for this job
[2024-09-15T13:49:06.037+0000] {spark_submit.py:579} INFO - 24/09/15 13:49:06 INFO TaskSchedulerImpl: Killing all running tasks in stage 4: Stage finished
[2024-09-15T13:49:06.038+0000] {spark_submit.py:579} INFO - 24/09/15 13:49:06 INFO DAGScheduler: Job 3 finished: saveAsTable at NativeMethodAccessorImpl.java:0, took 2.414429 s
[2024-09-15T13:49:06.040+0000] {spark_submit.py:579} INFO - 24/09/15 13:49:06 INFO FileFormatWriter: Start to commit write Job 43546d3e-5b2b-46a8-a9d0-0eeba4114873.
[2024-09-15T13:49:06.096+0000] {spark_submit.py:579} INFO - 24/09/15 13:49:06 INFO FileFormatWriter: Write Job 43546d3e-5b2b-46a8-a9d0-0eeba4114873 committed. Elapsed time: 53 ms.
[2024-09-15T13:49:06.102+0000] {spark_submit.py:579} INFO - 24/09/15 13:49:06 INFO FileFormatWriter: Finished processing stats for write job 43546d3e-5b2b-46a8-a9d0-0eeba4114873.
[2024-09-15T13:49:06.132+0000] {spark_submit.py:579} INFO - 24/09/15 13:49:06 INFO InMemoryFileIndex: It took 6 ms to list leaf files for 1 paths.
[2024-09-15T13:49:06.187+0000] {spark_submit.py:579} INFO - 24/09/15 13:49:06 INFO HiveExternalCatalog: Persisting file based data source table `spark_catalog`.`default`.`price_distribution` into Hive metastore in Hive compatible format.
[2024-09-15T13:49:06.226+0000] {spark_submit.py:579} INFO - 24/09/15 13:49:06 INFO SQLStdHiveAccessController: Created SQLStdHiveAccessController for session context : HiveAuthzSessionContext [sessionString=9344ac30-7221-4cc1-b676-b05d89b6a33e, clientType=HIVECLI]
[2024-09-15T13:49:06.230+0000] {spark_submit.py:579} INFO - 24/09/15 13:49:06 WARN SessionState: METASTORE_FILTER_HOOK will be ignored, since hive.security.authorization.manager is set to instance of HiveAuthorizerFactory.
[2024-09-15T13:49:06.231+0000] {spark_submit.py:579} INFO - 24/09/15 13:49:06 INFO metastore: Mestastore configuration hive.metastore.filter.hook changed from org.apache.hadoop.hive.metastore.DefaultMetaStoreFilterHookImpl to org.apache.hadoop.hive.ql.security.authorization.plugin.AuthorizationMetaStoreFilterHook
[2024-09-15T13:49:06.238+0000] {spark_submit.py:579} INFO - 24/09/15 13:49:06 INFO metastore: Closed a connection to metastore, current connections: 0
[2024-09-15T13:49:06.242+0000] {spark_submit.py:579} INFO - 24/09/15 13:49:06 INFO metastore: Trying to connect to metastore with URI thrift://hive-metastore:9083
[2024-09-15T13:49:06.243+0000] {spark_submit.py:579} INFO - 24/09/15 13:49:06 INFO metastore: Opened a connection to metastore, current connections: 1
[2024-09-15T13:49:06.247+0000] {spark_submit.py:579} INFO - 24/09/15 13:49:06 INFO metastore: Connected to metastore.
[2024-09-15T13:49:06.388+0000] {spark_submit.py:579} INFO - 24/09/15 13:49:06 INFO metastore: Trying to connect to metastore with URI thrift://hive-metastore:9083
[2024-09-15T13:49:06.389+0000] {spark_submit.py:579} INFO - 24/09/15 13:49:06 INFO metastore: Opened a connection to metastore, current connections: 2
[2024-09-15T13:49:06.392+0000] {spark_submit.py:579} INFO - 24/09/15 13:49:06 INFO metastore: Connected to metastore.
[2024-09-15T13:49:06.979+0000] {spark_submit.py:579} INFO - Таблица price_distribution успешно загружена в Hive!
[2024-09-15T13:49:07.134+0000] {spark_submit.py:579} INFO - Успешно создана таблица processed_airbnb_data!
[2024-09-15T13:49:07.389+0000] {spark_submit.py:579} INFO - 24/09/15 13:49:07 INFO FileSourceStrategy: Pushed Filters: IsNotNull(availability_365),GreaterThan(availability_365,15)
[2024-09-15T13:49:07.390+0000] {spark_submit.py:579} INFO - 24/09/15 13:49:07 INFO FileSourceStrategy: Post-Scan Filters: isnotnull(availability_365#36),atleastnnonnulls(8, neighbourhood_group#25, neighbourhood#26, room_type#29, price#30, minimum_nights#31, number_of_reviews#32, calculated_host_listings_count#35, availability_365#36),(availability_365#36 > 15)
[2024-09-15T13:49:07.403+0000] {spark_submit.py:579} INFO - 24/09/15 13:49:07 INFO FileUtils: Creating directory if it doesn't exist: hdfs://namenode:9000/user/hive/warehouse/processed_airbnb_data/.hive-staging_hive_2024-09-15_13-49-07_319_5483761939840434012-1
[2024-09-15T13:49:07.750+0000] {spark_submit.py:579} INFO - 24/09/15 13:49:07 INFO FileOutputCommitter: File Output Committer Algorithm version is 1
[2024-09-15T13:49:07.752+0000] {spark_submit.py:579} INFO - 24/09/15 13:49:07 INFO FileOutputCommitter: FileOutputCommitter skip cleanup _temporary folders under output directory:false, ignore cleanup failures: false
[2024-09-15T13:49:07.753+0000] {spark_submit.py:579} INFO - 24/09/15 13:49:07 INFO SQLHadoopMapReduceCommitProtocol: Using output committer class org.apache.hadoop.mapreduce.lib.output.FileOutputCommitter
[2024-09-15T13:49:07.803+0000] {spark_submit.py:579} INFO - 24/09/15 13:49:07 INFO CodeGenerator: Code generated in 25.738053 ms
[2024-09-15T13:49:07.809+0000] {spark_submit.py:579} INFO - 24/09/15 13:49:07 INFO MemoryStore: Block broadcast_6 stored as values in memory (estimated size 200.1 KiB, free 433.6 MiB)
[2024-09-15T13:49:07.827+0000] {spark_submit.py:579} INFO - 24/09/15 13:49:07 INFO MemoryStore: Block broadcast_6_piece0 stored as bytes in memory (estimated size 34.5 KiB, free 433.6 MiB)
[2024-09-15T13:49:07.828+0000] {spark_submit.py:579} INFO - 24/09/15 13:49:07 INFO BlockManagerInfo: Added broadcast_6_piece0 in memory on fb744bf0dc86:35581 (size: 34.5 KiB, free: 434.2 MiB)
[2024-09-15T13:49:07.831+0000] {spark_submit.py:579} INFO - 24/09/15 13:49:07 INFO SparkContext: Created broadcast 6 from insertInto at NativeMethodAccessorImpl.java:0
[2024-09-15T13:49:07.834+0000] {spark_submit.py:579} INFO - 24/09/15 13:49:07 INFO FileSourceScanExec: Planning scan with bin packing, max size: 4194304 bytes, open cost is considered as scanning 4194304 bytes.
[2024-09-15T13:49:07.853+0000] {spark_submit.py:579} INFO - 24/09/15 13:49:07 INFO SparkContext: Starting job: insertInto at NativeMethodAccessorImpl.java:0
[2024-09-15T13:49:07.855+0000] {spark_submit.py:579} INFO - 24/09/15 13:49:07 INFO DAGScheduler: Got job 4 (insertInto at NativeMethodAccessorImpl.java:0) with 2 output partitions
[2024-09-15T13:49:07.856+0000] {spark_submit.py:579} INFO - 24/09/15 13:49:07 INFO DAGScheduler: Final stage: ResultStage 5 (insertInto at NativeMethodAccessorImpl.java:0)
[2024-09-15T13:49:07.857+0000] {spark_submit.py:579} INFO - 24/09/15 13:49:07 INFO DAGScheduler: Parents of final stage: List()
[2024-09-15T13:49:07.858+0000] {spark_submit.py:579} INFO - 24/09/15 13:49:07 INFO DAGScheduler: Missing parents: List()
[2024-09-15T13:49:07.859+0000] {spark_submit.py:579} INFO - 24/09/15 13:49:07 INFO DAGScheduler: Submitting ResultStage 5 (MapPartitionsRDD[21] at insertInto at NativeMethodAccessorImpl.java:0), which has no missing parents
[2024-09-15T13:49:07.935+0000] {spark_submit.py:579} INFO - 24/09/15 13:49:07 INFO MemoryStore: Block broadcast_7 stored as values in memory (estimated size 324.7 KiB, free 433.3 MiB)
[2024-09-15T13:49:07.941+0000] {spark_submit.py:579} INFO - 24/09/15 13:49:07 INFO MemoryStore: Block broadcast_7_piece0 stored as bytes in memory (estimated size 116.3 KiB, free 433.2 MiB)
[2024-09-15T13:49:07.944+0000] {spark_submit.py:579} INFO - 24/09/15 13:49:07 INFO BlockManagerInfo: Added broadcast_7_piece0 in memory on fb744bf0dc86:35581 (size: 116.3 KiB, free: 434.1 MiB)
[2024-09-15T13:49:07.946+0000] {spark_submit.py:579} INFO - 24/09/15 13:49:07 INFO SparkContext: Created broadcast 7 from broadcast at DAGScheduler.scala:1585
[2024-09-15T13:49:07.947+0000] {spark_submit.py:579} INFO - 24/09/15 13:49:07 INFO DAGScheduler: Submitting 2 missing tasks from ResultStage 5 (MapPartitionsRDD[21] at insertInto at NativeMethodAccessorImpl.java:0) (first 15 tasks are for partitions Vector(0, 1))
[2024-09-15T13:49:07.949+0000] {spark_submit.py:579} INFO - 24/09/15 13:49:07 INFO TaskSchedulerImpl: Adding task set 5.0 with 2 tasks resource profile 0
[2024-09-15T13:49:07.951+0000] {spark_submit.py:579} INFO - 24/09/15 13:49:07 INFO TaskSetManager: Starting task 0.0 in stage 5.0 (TID 6) (fb744bf0dc86, executor driver, partition 0, PROCESS_LOCAL, 9601 bytes)
[2024-09-15T13:49:07.952+0000] {spark_submit.py:579} INFO - 24/09/15 13:49:07 INFO TaskSetManager: Starting task 1.0 in stage 5.0 (TID 7) (fb744bf0dc86, executor driver, partition 1, PROCESS_LOCAL, 9601 bytes)
[2024-09-15T13:49:07.954+0000] {spark_submit.py:579} INFO - 24/09/15 13:49:07 INFO Executor: Running task 1.0 in stage 5.0 (TID 7)
[2024-09-15T13:49:07.955+0000] {spark_submit.py:579} INFO - 24/09/15 13:49:07 INFO Executor: Running task 0.0 in stage 5.0 (TID 6)
[2024-09-15T13:49:08.051+0000] {spark_submit.py:579} INFO - 24/09/15 13:49:08 INFO CodeGenerator: Code generated in 49.40846 ms
[2024-09-15T13:49:08.058+0000] {spark_submit.py:579} INFO - 24/09/15 13:49:08 INFO FileOutputCommitter: File Output Committer Algorithm version is 1
[2024-09-15T13:49:08.063+0000] {spark_submit.py:579} INFO - 24/09/15 13:49:08 INFO FileOutputCommitter: File Output Committer Algorithm version is 1
[2024-09-15T13:49:08.066+0000] {spark_submit.py:579} INFO - 24/09/15 13:49:08 INFO FileOutputCommitter: FileOutputCommitter skip cleanup _temporary folders under output directory:false, ignore cleanup failures: false
[2024-09-15T13:49:08.072+0000] {spark_submit.py:579} INFO - 24/09/15 13:49:08 INFO SQLHadoopMapReduceCommitProtocol: Using output committer class org.apache.hadoop.mapreduce.lib.output.FileOutputCommitter
[2024-09-15T13:49:08.076+0000] {spark_submit.py:579} INFO - 24/09/15 13:49:08 INFO FileOutputCommitter: FileOutputCommitter skip cleanup _temporary folders under output directory:false, ignore cleanup failures: false
[2024-09-15T13:49:08.080+0000] {spark_submit.py:579} INFO - 24/09/15 13:49:08 INFO FileScanRDD: Reading File path: file:///opt/***/datasets/Airbnb.csv, range: 4194304-7081245, partition values: [empty row]
[2024-09-15T13:49:08.089+0000] {spark_submit.py:579} INFO - 24/09/15 13:49:08 INFO SQLHadoopMapReduceCommitProtocol: Using output committer class org.apache.hadoop.mapreduce.lib.output.FileOutputCommitter
[2024-09-15T13:49:08.320+0000] {spark_submit.py:579} INFO - 24/09/15 13:49:08 INFO FileScanRDD: Reading File path: file:///opt/***/datasets/Airbnb.csv, range: 0-4194304, partition values: [empty row]
[2024-09-15T13:49:08.369+0000] {spark_submit.py:579} INFO - 24/09/15 13:49:08 INFO BlockManagerInfo: Removed broadcast_5_piece0 on fb744bf0dc86:35581 in memory (size: 96.7 KiB, free: 434.2 MiB)
[2024-09-15T13:49:08.420+0000] {spark_submit.py:579} INFO - 24/09/15 13:49:08 INFO BlockManagerInfo: Removed broadcast_3_piece0 on fb744bf0dc86:35581 in memory (size: 34.5 KiB, free: 434.3 MiB)
[2024-09-15T13:49:08.897+0000] {spark_submit.py:579} INFO - 24/09/15 13:49:08 INFO FileOutputCommitter: Saved output of task 'attempt_202409151349075772755386992830258_0005_m_000001_7' to hdfs://namenode:9000/user/hive/warehouse/processed_airbnb_data/.hive-staging_hive_2024-09-15_13-49-07_319_5483761939840434012-1/-ext-10000/_temporary/0/task_202409151349075772755386992830258_0005_m_000001
[2024-09-15T13:49:08.901+0000] {spark_submit.py:579} INFO - 24/09/15 13:49:08 INFO SparkHadoopMapRedUtil: attempt_202409151349075772755386992830258_0005_m_000001_7: Committed. Elapsed time: 22 ms.
[2024-09-15T13:49:08.904+0000] {spark_submit.py:579} INFO - 24/09/15 13:49:08 INFO Executor: Finished task 1.0 in stage 5.0 (TID 7). 2626 bytes result sent to driver
[2024-09-15T13:49:08.911+0000] {spark_submit.py:579} INFO - 24/09/15 13:49:08 INFO TaskSetManager: Finished task 1.0 in stage 5.0 (TID 7) in 959 ms on fb744bf0dc86 (executor driver) (1/2)
[2024-09-15T13:49:08.943+0000] {spark_submit.py:579} INFO - 24/09/15 13:49:08 INFO FileOutputCommitter: Saved output of task 'attempt_202409151349075772755386992830258_0005_m_000000_6' to hdfs://namenode:9000/user/hive/warehouse/processed_airbnb_data/.hive-staging_hive_2024-09-15_13-49-07_319_5483761939840434012-1/-ext-10000/_temporary/0/task_202409151349075772755386992830258_0005_m_000000
[2024-09-15T13:49:08.944+0000] {spark_submit.py:579} INFO - 24/09/15 13:49:08 INFO SparkHadoopMapRedUtil: attempt_202409151349075772755386992830258_0005_m_000000_6: Committed. Elapsed time: 26 ms.
[2024-09-15T13:49:08.948+0000] {spark_submit.py:579} INFO - 24/09/15 13:49:08 INFO Executor: Finished task 0.0 in stage 5.0 (TID 6). 2626 bytes result sent to driver
[2024-09-15T13:49:08.951+0000] {spark_submit.py:579} INFO - 24/09/15 13:49:08 INFO TaskSetManager: Finished task 0.0 in stage 5.0 (TID 6) in 1000 ms on fb744bf0dc86 (executor driver) (2/2)
[2024-09-15T13:49:08.953+0000] {spark_submit.py:579} INFO - 24/09/15 13:49:08 INFO TaskSchedulerImpl: Removed TaskSet 5.0, whose tasks have all completed, from pool
[2024-09-15T13:49:08.955+0000] {spark_submit.py:579} INFO - 24/09/15 13:49:08 INFO DAGScheduler: ResultStage 5 (insertInto at NativeMethodAccessorImpl.java:0) finished in 1.094 s
[2024-09-15T13:49:08.957+0000] {spark_submit.py:579} INFO - 24/09/15 13:49:08 INFO DAGScheduler: Job 4 is finished. Cancelling potential speculative or zombie tasks for this job
[2024-09-15T13:49:08.958+0000] {spark_submit.py:579} INFO - 24/09/15 13:49:08 INFO TaskSchedulerImpl: Killing all running tasks in stage 5: Stage finished
[2024-09-15T13:49:08.960+0000] {spark_submit.py:579} INFO - 24/09/15 13:49:08 INFO DAGScheduler: Job 4 finished: insertInto at NativeMethodAccessorImpl.java:0, took 1.102542 s
[2024-09-15T13:49:08.961+0000] {spark_submit.py:579} INFO - 24/09/15 13:49:08 INFO FileFormatWriter: Start to commit write Job 61c9dba6-4743-41b0-96d6-fbc182b85c8e.
[2024-09-15T13:49:09.032+0000] {spark_submit.py:579} INFO - 24/09/15 13:49:09 INFO FileFormatWriter: Write Job 61c9dba6-4743-41b0-96d6-fbc182b85c8e committed. Elapsed time: 71 ms.
[2024-09-15T13:49:09.034+0000] {spark_submit.py:579} INFO - 24/09/15 13:49:09 INFO FileFormatWriter: Finished processing stats for write job 61c9dba6-4743-41b0-96d6-fbc182b85c8e.
[2024-09-15T13:49:09.351+0000] {spark_submit.py:579} INFO - 24/09/15 13:49:09 INFO FileUtils: Creating directory if it doesn't exist: hdfs://namenode:9000/user/hive/warehouse/processed_airbnb_data
[2024-09-15T13:49:10.763+0000] {spark_submit.py:579} INFO - Данные успешно записаны в таблицу processed_airbnb_data
[2024-09-15T13:49:11.028+0000] {spark_submit.py:579} INFO - 24/09/15 13:49:11 INFO SparkContext: Invoking stop() from shutdown hook
[2024-09-15T13:49:11.029+0000] {spark_submit.py:579} INFO - 24/09/15 13:49:11 INFO SparkContext: SparkContext is stopping with exitCode 0.
[2024-09-15T13:49:11.081+0000] {spark_submit.py:579} INFO - 24/09/15 13:49:11 INFO SparkUI: Stopped Spark web UI at http://fb744bf0dc86:4040
[2024-09-15T13:49:11.130+0000] {spark_submit.py:579} INFO - 24/09/15 13:49:11 INFO MapOutputTrackerMasterEndpoint: MapOutputTrackerMasterEndpoint stopped!
[2024-09-15T13:49:11.321+0000] {spark_submit.py:579} INFO - 24/09/15 13:49:11 INFO MemoryStore: MemoryStore cleared
[2024-09-15T13:49:11.323+0000] {spark_submit.py:579} INFO - 24/09/15 13:49:11 INFO BlockManager: BlockManager stopped
[2024-09-15T13:49:11.331+0000] {spark_submit.py:579} INFO - 24/09/15 13:49:11 INFO BlockManagerMaster: BlockManagerMaster stopped
[2024-09-15T13:49:11.340+0000] {spark_submit.py:579} INFO - 24/09/15 13:49:11 INFO OutputCommitCoordinator$OutputCommitCoordinatorEndpoint: OutputCommitCoordinator stopped!
[2024-09-15T13:49:11.391+0000] {spark_submit.py:579} INFO - 24/09/15 13:49:11 INFO SparkContext: Successfully stopped SparkContext
[2024-09-15T13:49:11.392+0000] {spark_submit.py:579} INFO - 24/09/15 13:49:11 INFO ShutdownHookManager: Shutdown hook called
[2024-09-15T13:49:11.395+0000] {spark_submit.py:579} INFO - 24/09/15 13:49:11 INFO ShutdownHookManager: Deleting directory /tmp/spark-db9272d4-b8d4-495a-8d9f-cd697de9431d
[2024-09-15T13:49:11.413+0000] {spark_submit.py:579} INFO - 24/09/15 13:49:11 INFO ShutdownHookManager: Deleting directory /tmp/spark-d92c0e68-cb34-42bf-8185-81748057b8ef/pyspark-9750060a-0f04-407c-9e87-f2831496054b
[2024-09-15T13:49:11.427+0000] {spark_submit.py:579} INFO - 24/09/15 13:49:11 INFO ShutdownHookManager: Deleting directory /tmp/spark-d92c0e68-cb34-42bf-8185-81748057b8ef
[2024-09-15T13:49:11.623+0000] {taskinstance.py:340} INFO - ::group::Post task execution logs
[2024-09-15T13:49:11.625+0000] {taskinstance.py:352} INFO - Marking task as SUCCESS. dag_id=airbnb_model, task_id=data_analysis, run_id=scheduled__2024-09-14T00:00:00+00:00, execution_date=20240914T000000, start_date=20240915T134824, end_date=20240915T134911
[2024-09-15T13:49:11.678+0000] {local_task_job_runner.py:266} INFO - Task exited with return code 0
[2024-09-15T13:49:11.737+0000] {taskinstance.py:3900} INFO - 1 downstream tasks scheduled from follow-on schedule check
[2024-09-15T13:49:11.742+0000] {local_task_job_runner.py:245} INFO - ::endgroup::
