[2024-09-15T12:35:03.359+0000] {local_task_job_runner.py:123} INFO - ::group::Pre task execution logs
[2024-09-15T12:35:05.137+0000] {taskinstance.py:2612} INFO - Dependencies all met for dep_context=non-requeueable deps ti=<TaskInstance: airbnb_model.data_analysis scheduled__2024-09-14T00:00:00+00:00 [queued]>
[2024-09-15T12:35:05.738+0000] {taskinstance.py:2612} INFO - Dependencies all met for dep_context=requeueable deps ti=<TaskInstance: airbnb_model.data_analysis scheduled__2024-09-14T00:00:00+00:00 [queued]>
[2024-09-15T12:35:05.743+0000] {taskinstance.py:2865} INFO - Starting attempt 2 of 5
[2024-09-15T12:35:05.943+0000] {taskinstance.py:2888} INFO - Executing <Task(SparkSubmitOperator): data_analysis> on 2024-09-14 00:00:00+00:00
[2024-09-15T12:35:06.133+0000] {logging_mixin.py:190} WARNING - /home/***/.local/lib/python3.12/site-packages/***/task/task_runner/standard_task_runner.py:70 DeprecationWarning: This process (pid=356) is multi-threaded, use of fork() may lead to deadlocks in the child.
[2024-09-15T12:35:06.068+0000] {standard_task_runner.py:104} INFO - Running: ['***', 'tasks', 'run', 'airbnb_model', 'data_analysis', 'scheduled__2024-09-14T00:00:00+00:00', '--job-id', '729', '--raw', '--subdir', 'DAGS_FOLDER/air_price_pred_dag.py', '--cfg-path', '/tmp/tmpy9dnp4zy']
[2024-09-15T12:35:06.146+0000] {standard_task_runner.py:72} INFO - Started process 357 to run task
[2024-09-15T12:35:06.147+0000] {standard_task_runner.py:105} INFO - Job 729: Subtask data_analysis
[2024-09-15T12:35:06.946+0000] {task_command.py:467} INFO - Running <TaskInstance: airbnb_model.data_analysis scheduled__2024-09-14T00:00:00+00:00 [running]> on host fb744bf0dc86
[2024-09-15T12:35:08.334+0000] {taskinstance.py:3131} INFO - Exporting env vars: AIRFLOW_CTX_DAG_OWNER='Denis' AIRFLOW_CTX_DAG_ID='airbnb_model' AIRFLOW_CTX_TASK_ID='data_analysis' AIRFLOW_CTX_EXECUTION_DATE='2024-09-14T00:00:00+00:00' AIRFLOW_CTX_TRY_NUMBER='2' AIRFLOW_CTX_DAG_RUN_ID='scheduled__2024-09-14T00:00:00+00:00'
[2024-09-15T12:35:08.341+0000] {taskinstance.py:731} INFO - ::endgroup::
[2024-09-15T12:35:08.550+0000] {base.py:84} INFO - Retrieving connection 'spark_default'
[2024-09-15T12:35:08.555+0000] {spark_submit.py:403} INFO - Spark-Submit cmd: spark-submit --master spark://spark-master:7077 --conf spark.master=spark://spark-master:7077 --name arrow-spark --verbose --deploy-mode client /opt/***/dags/air_data_analysis.py
[2024-09-15T12:35:27.966+0000] {spark_submit.py:579} INFO - Using properties file: null
[2024-09-15T12:35:28.386+0000] {spark_submit.py:579} INFO - Parsed arguments:
[2024-09-15T12:35:28.388+0000] {spark_submit.py:579} INFO - master                  spark://spark-master:7077
[2024-09-15T12:35:28.390+0000] {spark_submit.py:579} INFO - remote                  null
[2024-09-15T12:35:28.391+0000] {spark_submit.py:579} INFO - deployMode              client
[2024-09-15T12:35:28.393+0000] {spark_submit.py:579} INFO - executorMemory          null
[2024-09-15T12:35:28.395+0000] {spark_submit.py:579} INFO - executorCores           null
[2024-09-15T12:35:28.397+0000] {spark_submit.py:579} INFO - totalExecutorCores      null
[2024-09-15T12:35:28.399+0000] {spark_submit.py:579} INFO - propertiesFile          null
[2024-09-15T12:35:28.401+0000] {spark_submit.py:579} INFO - driverMemory            null
[2024-09-15T12:35:28.402+0000] {spark_submit.py:579} INFO - driverCores             null
[2024-09-15T12:35:28.404+0000] {spark_submit.py:579} INFO - driverExtraClassPath    null
[2024-09-15T12:35:28.406+0000] {spark_submit.py:579} INFO - driverExtraLibraryPath  null
[2024-09-15T12:35:28.408+0000] {spark_submit.py:579} INFO - driverExtraJavaOptions  null
[2024-09-15T12:35:28.409+0000] {spark_submit.py:579} INFO - supervise               false
[2024-09-15T12:35:28.411+0000] {spark_submit.py:579} INFO - queue                   null
[2024-09-15T12:35:28.414+0000] {spark_submit.py:579} INFO - numExecutors            null
[2024-09-15T12:35:28.416+0000] {spark_submit.py:579} INFO - files                   null
[2024-09-15T12:35:28.419+0000] {spark_submit.py:579} INFO - pyFiles                 null
[2024-09-15T12:35:28.422+0000] {spark_submit.py:579} INFO - archives                null
[2024-09-15T12:35:28.425+0000] {spark_submit.py:579} INFO - mainClass               null
[2024-09-15T12:35:28.426+0000] {spark_submit.py:579} INFO - primaryResource         file:/opt/***/dags/air_data_analysis.py
[2024-09-15T12:35:28.428+0000] {spark_submit.py:579} INFO - name                    arrow-spark
[2024-09-15T12:35:28.430+0000] {spark_submit.py:579} INFO - childArgs               []
[2024-09-15T12:35:28.432+0000] {spark_submit.py:579} INFO - jars                    null
[2024-09-15T12:35:28.433+0000] {spark_submit.py:579} INFO - packages                null
[2024-09-15T12:35:28.435+0000] {spark_submit.py:579} INFO - packagesExclusions      null
[2024-09-15T12:35:28.437+0000] {spark_submit.py:579} INFO - repositories            null
[2024-09-15T12:35:28.439+0000] {spark_submit.py:579} INFO - verbose                 true
[2024-09-15T12:35:28.440+0000] {spark_submit.py:579} INFO - 
[2024-09-15T12:35:28.443+0000] {spark_submit.py:579} INFO - Spark properties used, including those specified through
[2024-09-15T12:35:28.445+0000] {spark_submit.py:579} INFO - --conf and those from the properties file null:
[2024-09-15T12:35:28.447+0000] {spark_submit.py:579} INFO - (spark.master,spark://spark-master:7077)
[2024-09-15T12:35:28.449+0000] {spark_submit.py:579} INFO - 
[2024-09-15T12:35:28.451+0000] {spark_submit.py:579} INFO - 
[2024-09-15T12:35:30.437+0000] {spark_submit.py:579} INFO - Main class:
[2024-09-15T12:35:30.438+0000] {spark_submit.py:579} INFO - org.apache.spark.deploy.PythonRunner
[2024-09-15T12:35:30.440+0000] {spark_submit.py:579} INFO - Arguments:
[2024-09-15T12:35:30.441+0000] {spark_submit.py:579} INFO - file:/opt/***/dags/air_data_analysis.py
[2024-09-15T12:35:30.442+0000] {spark_submit.py:579} INFO - null
[2024-09-15T12:35:30.449+0000] {spark_submit.py:579} INFO - Spark config:
[2024-09-15T12:35:30.451+0000] {spark_submit.py:579} INFO - (spark.app.name,arrow-spark)
[2024-09-15T12:35:30.452+0000] {spark_submit.py:579} INFO - (spark.app.submitTime,1726403730388)
[2024-09-15T12:35:30.454+0000] {spark_submit.py:579} INFO - (spark.master,spark://spark-master:7077)
[2024-09-15T12:35:30.455+0000] {spark_submit.py:579} INFO - (spark.submit.deployMode,client)
[2024-09-15T12:35:30.457+0000] {spark_submit.py:579} INFO - (spark.submit.pyFiles,)
[2024-09-15T12:35:30.459+0000] {spark_submit.py:579} INFO - Classpath elements:
[2024-09-15T12:35:30.461+0000] {spark_submit.py:579} INFO - 
[2024-09-15T12:35:30.463+0000] {spark_submit.py:579} INFO - 
[2024-09-15T12:35:30.464+0000] {spark_submit.py:579} INFO - 
[2024-09-15T12:35:34.683+0000] {spark_submit.py:579} INFO - 24/09/15 12:35:34 INFO SparkContext: Running Spark version 3.5.2
[2024-09-15T12:35:34.698+0000] {spark_submit.py:579} INFO - 24/09/15 12:35:34 INFO SparkContext: OS info Linux, 5.15.153.1-microsoft-standard-WSL2, amd64
[2024-09-15T12:35:34.701+0000] {spark_submit.py:579} INFO - 24/09/15 12:35:34 INFO SparkContext: Java version 17.0.12
[2024-09-15T12:35:35.258+0000] {spark_submit.py:579} INFO - 24/09/15 12:35:35 WARN NativeCodeLoader: Unable to load native-hadoop library for your platform... using builtin-java classes where applicable
[2024-09-15T12:35:36.651+0000] {spark_submit.py:579} INFO - 24/09/15 12:35:36 INFO ResourceUtils: ==============================================================
[2024-09-15T12:35:36.655+0000] {spark_submit.py:579} INFO - 24/09/15 12:35:36 INFO ResourceUtils: No custom resources configured for spark.driver.
[2024-09-15T12:35:36.678+0000] {spark_submit.py:579} INFO - 24/09/15 12:35:36 INFO ResourceUtils: ==============================================================
[2024-09-15T12:35:36.725+0000] {spark_submit.py:579} INFO - 24/09/15 12:35:36 INFO SparkContext: Submitted application: Airbnb_regr_model
[2024-09-15T12:35:36.915+0000] {spark_submit.py:579} INFO - 24/09/15 12:35:36 INFO ResourceProfile: Default ResourceProfile created, executor resources: Map(cores -> name: cores, amount: 1, script: , vendor: , memory -> name: memory, amount: 1024, script: , vendor: , offHeap -> name: offHeap, amount: 0, script: , vendor: ), task resources: Map(cpus -> name: cpus, amount: 1.0)
[2024-09-15T12:35:36.943+0000] {spark_submit.py:579} INFO - 24/09/15 12:35:36 INFO ResourceProfile: Limiting resource is cpu
[2024-09-15T12:35:36.946+0000] {spark_submit.py:579} INFO - 24/09/15 12:35:36 INFO ResourceProfileManager: Added ResourceProfile id: 0
[2024-09-15T12:35:37.214+0000] {spark_submit.py:579} INFO - 24/09/15 12:35:37 INFO SecurityManager: Changing view acls to: ***
[2024-09-15T12:35:37.216+0000] {spark_submit.py:579} INFO - 24/09/15 12:35:37 INFO SecurityManager: Changing modify acls to: ***
[2024-09-15T12:35:37.219+0000] {spark_submit.py:579} INFO - 24/09/15 12:35:37 INFO SecurityManager: Changing view acls groups to:
[2024-09-15T12:35:37.221+0000] {spark_submit.py:579} INFO - 24/09/15 12:35:37 INFO SecurityManager: Changing modify acls groups to:
[2024-09-15T12:35:37.224+0000] {spark_submit.py:579} INFO - 24/09/15 12:35:37 INFO SecurityManager: SecurityManager: authentication disabled; ui acls disabled; users with view permissions: ***; groups with view permissions: EMPTY; users with modify permissions: ***; groups with modify permissions: EMPTY
[2024-09-15T12:35:39.994+0000] {spark_submit.py:579} INFO - 24/09/15 12:35:39 INFO Utils: Successfully started service 'sparkDriver' on port 32859.
[2024-09-15T12:35:40.224+0000] {spark_submit.py:579} INFO - 24/09/15 12:35:40 INFO SparkEnv: Registering MapOutputTracker
[2024-09-15T12:35:40.377+0000] {spark_submit.py:579} INFO - 24/09/15 12:35:40 INFO SparkEnv: Registering BlockManagerMaster
[2024-09-15T12:35:40.469+0000] {spark_submit.py:579} INFO - 24/09/15 12:35:40 INFO BlockManagerMasterEndpoint: Using org.apache.spark.storage.DefaultTopologyMapper for getting topology information
[2024-09-15T12:35:40.472+0000] {spark_submit.py:579} INFO - 24/09/15 12:35:40 INFO BlockManagerMasterEndpoint: BlockManagerMasterEndpoint up
[2024-09-15T12:35:40.489+0000] {spark_submit.py:579} INFO - 24/09/15 12:35:40 INFO SparkEnv: Registering BlockManagerMasterHeartbeat
[2024-09-15T12:35:40.611+0000] {spark_submit.py:579} INFO - 24/09/15 12:35:40 INFO DiskBlockManager: Created local directory at /tmp/blockmgr-4aa2829e-2cb0-4d9f-9fe2-db34228c121e
[2024-09-15T12:35:40.709+0000] {spark_submit.py:579} INFO - 24/09/15 12:35:40 INFO MemoryStore: MemoryStore started with capacity 434.4 MiB
[2024-09-15T12:35:40.828+0000] {spark_submit.py:579} INFO - 24/09/15 12:35:40 INFO SparkEnv: Registering OutputCommitCoordinator
[2024-09-15T12:35:43.316+0000] {spark_submit.py:579} INFO - 24/09/15 12:35:43 INFO JettyUtils: Start Jetty 0.0.0.0:4040 for SparkUI
[2024-09-15T12:35:44.143+0000] {spark_submit.py:579} INFO - 24/09/15 12:35:44 INFO Utils: Successfully started service 'SparkUI' on port 4040.
[2024-09-15T12:35:45.258+0000] {spark_submit.py:579} INFO - 24/09/15 12:35:45 INFO Executor: Starting executor ID driver on host fb744bf0dc86
[2024-09-15T12:35:45.260+0000] {spark_submit.py:579} INFO - 24/09/15 12:35:45 INFO Executor: OS info Linux, 5.15.153.1-microsoft-standard-WSL2, amd64
[2024-09-15T12:35:45.262+0000] {spark_submit.py:579} INFO - 24/09/15 12:35:45 INFO Executor: Java version 17.0.12
[2024-09-15T12:35:45.308+0000] {spark_submit.py:579} INFO - 24/09/15 12:35:45 INFO Executor: Starting executor with user classpath (userClassPathFirst = false): ''
[2024-09-15T12:35:45.311+0000] {spark_submit.py:579} INFO - 24/09/15 12:35:45 INFO Executor: Created or updated repl class loader org.apache.spark.util.MutableURLClassLoader@2b2d567f for default.
[2024-09-15T12:35:45.422+0000] {spark_submit.py:579} INFO - 24/09/15 12:35:45 INFO Utils: Successfully started service 'org.apache.spark.network.netty.NettyBlockTransferService' on port 37505.
[2024-09-15T12:35:45.427+0000] {spark_submit.py:579} INFO - 24/09/15 12:35:45 INFO NettyBlockTransferService: Server created on fb744bf0dc86:37505
[2024-09-15T12:35:45.443+0000] {spark_submit.py:579} INFO - 24/09/15 12:35:45 INFO BlockManager: Using org.apache.spark.storage.RandomBlockReplicationPolicy for block replication policy
[2024-09-15T12:35:45.470+0000] {spark_submit.py:579} INFO - 24/09/15 12:35:45 INFO BlockManagerMaster: Registering BlockManager BlockManagerId(driver, fb744bf0dc86, 37505, None)
[2024-09-15T12:35:45.486+0000] {spark_submit.py:579} INFO - 24/09/15 12:35:45 INFO BlockManagerMasterEndpoint: Registering block manager fb744bf0dc86:37505 with 434.4 MiB RAM, BlockManagerId(driver, fb744bf0dc86, 37505, None)
[2024-09-15T12:35:45.493+0000] {spark_submit.py:579} INFO - 24/09/15 12:35:45 INFO BlockManagerMaster: Registered BlockManager BlockManagerId(driver, fb744bf0dc86, 37505, None)
[2024-09-15T12:35:45.497+0000] {spark_submit.py:579} INFO - 24/09/15 12:35:45 INFO BlockManager: Initialized BlockManager: BlockManagerId(driver, fb744bf0dc86, 37505, None)
[2024-09-15T12:35:47.288+0000] {spark_submit.py:579} INFO - 24/09/15 12:35:47 INFO SharedState: Setting hive.metastore.warehouse.dir ('null') to the value of spark.sql.warehouse.dir.
[2024-09-15T12:35:47.311+0000] {spark_submit.py:579} INFO - 24/09/15 12:35:47 INFO SharedState: Warehouse path is 'file:/user/hive/warehouse'.
[2024-09-15T12:35:51.631+0000] {spark_submit.py:579} INFO - 24/09/15 12:35:51 INFO InMemoryFileIndex: It took 135 ms to list leaf files for 1 paths.
[2024-09-15T12:35:51.888+0000] {spark_submit.py:579} INFO - 24/09/15 12:35:51 INFO InMemoryFileIndex: It took 5 ms to list leaf files for 1 paths.
[2024-09-15T12:36:00.114+0000] {spark_submit.py:579} INFO - 24/09/15 12:36:00 INFO FileSourceStrategy: Pushed Filters:
[2024-09-15T12:36:00.118+0000] {spark_submit.py:579} INFO - 24/09/15 12:36:00 INFO FileSourceStrategy: Post-Scan Filters:
[2024-09-15T12:36:01.097+0000] {spark_submit.py:579} INFO - 24/09/15 12:36:01 INFO MemoryStore: Block broadcast_0 stored as values in memory (estimated size 200.2 KiB, free 434.2 MiB)
[2024-09-15T12:36:01.335+0000] {spark_submit.py:579} INFO - 24/09/15 12:36:01 INFO MemoryStore: Block broadcast_0_piece0 stored as bytes in memory (estimated size 34.5 KiB, free 434.2 MiB)
[2024-09-15T12:36:01.343+0000] {spark_submit.py:579} INFO - 24/09/15 12:36:01 INFO BlockManagerInfo: Added broadcast_0_piece0 in memory on fb744bf0dc86:37505 (size: 34.5 KiB, free: 434.4 MiB)
[2024-09-15T12:36:01.356+0000] {spark_submit.py:579} INFO - 24/09/15 12:36:01 INFO SparkContext: Created broadcast 0 from csv at NativeMethodAccessorImpl.java:0
[2024-09-15T12:36:01.387+0000] {spark_submit.py:579} INFO - 24/09/15 12:36:01 INFO FileSourceScanExec: Planning scan with bin packing, max size: 4194304 bytes, open cost is considered as scanning 4194304 bytes.
[2024-09-15T12:36:03.891+0000] {spark_submit.py:579} INFO - 24/09/15 12:36:03 INFO CodeGenerator: Code generated in 896.157389 ms
[2024-09-15T12:36:04.052+0000] {spark_submit.py:579} INFO - 24/09/15 12:36:04 INFO SparkContext: Starting job: csv at NativeMethodAccessorImpl.java:0
[2024-09-15T12:36:04.102+0000] {spark_submit.py:579} INFO - 24/09/15 12:36:04 INFO DAGScheduler: Got job 0 (csv at NativeMethodAccessorImpl.java:0) with 1 output partitions
[2024-09-15T12:36:04.104+0000] {spark_submit.py:579} INFO - 24/09/15 12:36:04 INFO DAGScheduler: Final stage: ResultStage 0 (csv at NativeMethodAccessorImpl.java:0)
[2024-09-15T12:36:04.106+0000] {spark_submit.py:579} INFO - 24/09/15 12:36:04 INFO DAGScheduler: Parents of final stage: List()
[2024-09-15T12:36:04.110+0000] {spark_submit.py:579} INFO - 24/09/15 12:36:04 INFO DAGScheduler: Missing parents: List()
[2024-09-15T12:36:04.120+0000] {spark_submit.py:579} INFO - 24/09/15 12:36:04 INFO DAGScheduler: Submitting ResultStage 0 (MapPartitionsRDD[6] at csv at NativeMethodAccessorImpl.java:0), which has no missing parents
[2024-09-15T12:36:04.447+0000] {spark_submit.py:579} INFO - 24/09/15 12:36:04 INFO MemoryStore: Block broadcast_1 stored as values in memory (estimated size 19.1 KiB, free 434.2 MiB)
[2024-09-15T12:36:04.476+0000] {spark_submit.py:579} INFO - 24/09/15 12:36:04 INFO MemoryStore: Block broadcast_1_piece0 stored as bytes in memory (estimated size 8.3 KiB, free 434.1 MiB)
[2024-09-15T12:36:04.481+0000] {spark_submit.py:579} INFO - 24/09/15 12:36:04 INFO BlockManagerInfo: Added broadcast_1_piece0 in memory on fb744bf0dc86:37505 (size: 8.3 KiB, free: 434.4 MiB)
[2024-09-15T12:36:04.484+0000] {spark_submit.py:579} INFO - 24/09/15 12:36:04 INFO SparkContext: Created broadcast 1 from broadcast at DAGScheduler.scala:1585
[2024-09-15T12:36:04.590+0000] {spark_submit.py:579} INFO - 24/09/15 12:36:04 INFO DAGScheduler: Submitting 1 missing tasks from ResultStage 0 (MapPartitionsRDD[6] at csv at NativeMethodAccessorImpl.java:0) (first 15 tasks are for partitions Vector(0))
[2024-09-15T12:36:04.596+0000] {spark_submit.py:579} INFO - 24/09/15 12:36:04 INFO TaskSchedulerImpl: Adding task set 0.0 with 1 tasks resource profile 0
[2024-09-15T12:36:04.780+0000] {spark_submit.py:579} INFO - 24/09/15 12:36:04 INFO TaskSetManager: Starting task 0.0 in stage 0.0 (TID 0) (fb744bf0dc86, executor driver, partition 0, PROCESS_LOCAL, 9601 bytes)
[2024-09-15T12:36:04.859+0000] {spark_submit.py:579} INFO - 24/09/15 12:36:04 INFO Executor: Running task 0.0 in stage 0.0 (TID 0)
[2024-09-15T12:36:05.419+0000] {spark_submit.py:579} INFO - 24/09/15 12:36:05 INFO CodeGenerator: Code generated in 53.076696 ms
[2024-09-15T12:36:05.428+0000] {spark_submit.py:579} INFO - 24/09/15 12:36:05 INFO FileScanRDD: Reading File path: file:///opt/***/datasets/Airbnb.csv, range: 0-4194304, partition values: [empty row]
[2024-09-15T12:36:05.477+0000] {spark_submit.py:579} INFO - 24/09/15 12:36:05 INFO CodeGenerator: Code generated in 30.460727 ms
[2024-09-15T12:36:05.651+0000] {spark_submit.py:579} INFO - 24/09/15 12:36:05 INFO Executor: Finished task 0.0 in stage 0.0 (TID 0). 1894 bytes result sent to driver
[2024-09-15T12:36:05.680+0000] {spark_submit.py:579} INFO - 24/09/15 12:36:05 INFO TaskSetManager: Finished task 0.0 in stage 0.0 (TID 0) in 929 ms on fb744bf0dc86 (executor driver) (1/1)
[2024-09-15T12:36:05.685+0000] {spark_submit.py:579} INFO - 24/09/15 12:36:05 INFO TaskSchedulerImpl: Removed TaskSet 0.0, whose tasks have all completed, from pool
[2024-09-15T12:36:05.699+0000] {spark_submit.py:579} INFO - 24/09/15 12:36:05 INFO DAGScheduler: ResultStage 0 (csv at NativeMethodAccessorImpl.java:0) finished in 1.539 s
[2024-09-15T12:36:05.710+0000] {spark_submit.py:579} INFO - 24/09/15 12:36:05 INFO DAGScheduler: Job 0 is finished. Cancelling potential speculative or zombie tasks for this job
[2024-09-15T12:36:05.712+0000] {spark_submit.py:579} INFO - 24/09/15 12:36:05 INFO TaskSchedulerImpl: Killing all running tasks in stage 0: Stage finished
[2024-09-15T12:36:05.718+0000] {spark_submit.py:579} INFO - 24/09/15 12:36:05 INFO DAGScheduler: Job 0 finished: csv at NativeMethodAccessorImpl.java:0, took 1.664431 s
[2024-09-15T12:36:05.785+0000] {spark_submit.py:579} INFO - 24/09/15 12:36:05 INFO CodeGenerator: Code generated in 27.114669 ms
[2024-09-15T12:36:05.918+0000] {spark_submit.py:579} INFO - 24/09/15 12:36:05 INFO BlockManagerInfo: Removed broadcast_1_piece0 on fb744bf0dc86:37505 in memory (size: 8.3 KiB, free: 434.4 MiB)
[2024-09-15T12:36:06.095+0000] {spark_submit.py:579} INFO - 24/09/15 12:36:06 INFO SparkContext: Starting job: csv at NativeMethodAccessorImpl.java:0
[2024-09-15T12:36:06.101+0000] {spark_submit.py:579} INFO - 24/09/15 12:36:06 INFO DAGScheduler: Got job 1 (csv at NativeMethodAccessorImpl.java:0) with 2 output partitions
[2024-09-15T12:36:06.103+0000] {spark_submit.py:579} INFO - 24/09/15 12:36:06 INFO DAGScheduler: Final stage: ResultStage 1 (csv at NativeMethodAccessorImpl.java:0)
[2024-09-15T12:36:06.105+0000] {spark_submit.py:579} INFO - 24/09/15 12:36:06 INFO DAGScheduler: Parents of final stage: List()
[2024-09-15T12:36:06.107+0000] {spark_submit.py:579} INFO - 24/09/15 12:36:06 INFO DAGScheduler: Missing parents: List()
[2024-09-15T12:36:06.109+0000] {spark_submit.py:579} INFO - 24/09/15 12:36:06 INFO DAGScheduler: Submitting ResultStage 1 (MapPartitionsRDD[10] at csv at NativeMethodAccessorImpl.java:0), which has no missing parents
[2024-09-15T12:36:06.128+0000] {spark_submit.py:579} INFO - 24/09/15 12:36:06 INFO MemoryStore: Block broadcast_2 stored as values in memory (estimated size 19.7 KiB, free 434.2 MiB)
[2024-09-15T12:36:06.149+0000] {spark_submit.py:579} INFO - 24/09/15 12:36:06 INFO MemoryStore: Block broadcast_2_piece0 stored as bytes in memory (estimated size 9.1 KiB, free 434.1 MiB)
[2024-09-15T12:36:06.153+0000] {spark_submit.py:579} INFO - 24/09/15 12:36:06 INFO BlockManagerInfo: Added broadcast_2_piece0 in memory on fb744bf0dc86:37505 (size: 9.1 KiB, free: 434.4 MiB)
[2024-09-15T12:36:06.155+0000] {spark_submit.py:579} INFO - 24/09/15 12:36:06 INFO SparkContext: Created broadcast 2 from broadcast at DAGScheduler.scala:1585
[2024-09-15T12:36:06.158+0000] {spark_submit.py:579} INFO - 24/09/15 12:36:06 INFO DAGScheduler: Submitting 2 missing tasks from ResultStage 1 (MapPartitionsRDD[10] at csv at NativeMethodAccessorImpl.java:0) (first 15 tasks are for partitions Vector(0, 1))
[2024-09-15T12:36:06.160+0000] {spark_submit.py:579} INFO - 24/09/15 12:36:06 INFO TaskSchedulerImpl: Adding task set 1.0 with 2 tasks resource profile 0
[2024-09-15T12:36:06.164+0000] {spark_submit.py:579} INFO - 24/09/15 12:36:06 INFO TaskSetManager: Starting task 0.0 in stage 1.0 (TID 1) (fb744bf0dc86, executor driver, partition 0, PROCESS_LOCAL, 9601 bytes)
[2024-09-15T12:36:06.166+0000] {spark_submit.py:579} INFO - 24/09/15 12:36:06 INFO TaskSetManager: Starting task 1.0 in stage 1.0 (TID 2) (fb744bf0dc86, executor driver, partition 1, PROCESS_LOCAL, 9601 bytes)
[2024-09-15T12:36:06.169+0000] {spark_submit.py:579} INFO - 24/09/15 12:36:06 INFO Executor: Running task 0.0 in stage 1.0 (TID 1)
[2024-09-15T12:36:06.171+0000] {spark_submit.py:579} INFO - 24/09/15 12:36:06 INFO Executor: Running task 1.0 in stage 1.0 (TID 2)
[2024-09-15T12:36:06.265+0000] {spark_submit.py:579} INFO - 24/09/15 12:36:06 INFO FileScanRDD: Reading File path: file:///opt/***/datasets/Airbnb.csv, range: 0-4194304, partition values: [empty row]
[2024-09-15T12:36:06.266+0000] {spark_submit.py:579} INFO - 24/09/15 12:36:06 INFO FileScanRDD: Reading File path: file:///opt/***/datasets/Airbnb.csv, range: 4194304-7081245, partition values: [empty row]
[2024-09-15T12:36:12.222+0000] {spark_submit.py:579} INFO - 24/09/15 12:36:12 INFO Executor: Finished task 1.0 in stage 1.0 (TID 2). 1546 bytes result sent to driver
[2024-09-15T12:36:12.228+0000] {spark_submit.py:579} INFO - 24/09/15 12:36:12 INFO TaskSetManager: Finished task 1.0 in stage 1.0 (TID 2) in 6062 ms on fb744bf0dc86 (executor driver) (1/2)
[2024-09-15T12:36:12.236+0000] {spark_submit.py:579} INFO - 24/09/15 12:36:12 INFO Executor: Finished task 0.0 in stage 1.0 (TID 1). 1503 bytes result sent to driver
[2024-09-15T12:36:12.241+0000] {spark_submit.py:579} INFO - 24/09/15 12:36:12 INFO TaskSetManager: Finished task 0.0 in stage 1.0 (TID 1) in 6078 ms on fb744bf0dc86 (executor driver) (2/2)
[2024-09-15T12:36:12.243+0000] {spark_submit.py:579} INFO - 24/09/15 12:36:12 INFO TaskSchedulerImpl: Removed TaskSet 1.0, whose tasks have all completed, from pool
[2024-09-15T12:36:12.245+0000] {spark_submit.py:579} INFO - 24/09/15 12:36:12 INFO DAGScheduler: ResultStage 1 (csv at NativeMethodAccessorImpl.java:0) finished in 6.126 s
[2024-09-15T12:36:12.247+0000] {spark_submit.py:579} INFO - 24/09/15 12:36:12 INFO DAGScheduler: Job 1 is finished. Cancelling potential speculative or zombie tasks for this job
[2024-09-15T12:36:12.249+0000] {spark_submit.py:579} INFO - 24/09/15 12:36:12 INFO TaskSchedulerImpl: Killing all running tasks in stage 1: Stage finished
[2024-09-15T12:36:12.251+0000] {spark_submit.py:579} INFO - 24/09/15 12:36:12 INFO DAGScheduler: Job 1 finished: csv at NativeMethodAccessorImpl.java:0, took 6.152530 s
[2024-09-15T12:36:12.851+0000] {spark_submit.py:579} INFO - 24/09/15 12:36:12 INFO HiveConf: Found configuration file null
[2024-09-15T12:36:12.875+0000] {spark_submit.py:579} INFO - 24/09/15 12:36:12 INFO HiveUtils: Initializing HiveMetastoreConnection version 2.3.9 using Spark classes.
[2024-09-15T12:36:13.578+0000] {spark_submit.py:579} INFO - 24/09/15 12:36:13 INFO HiveClientImpl: Warehouse location for Hive client (version 2.3.9) is file:/user/hive/warehouse
[2024-09-15T12:36:13.726+0000] {spark_submit.py:579} INFO - 24/09/15 12:36:13 INFO metastore: Trying to connect to metastore with URI thrift://hive-metastore:9083
[2024-09-15T12:36:13.807+0000] {spark_submit.py:579} INFO - 24/09/15 12:36:13 INFO metastore: Opened a connection to metastore, current connections: 1
[2024-09-15T12:36:13.963+0000] {spark_submit.py:579} INFO - 24/09/15 12:36:13 INFO metastore: Connected to metastore.
[2024-09-15T12:36:18.821+0000] {spark_submit.py:579} INFO - 24/09/15 12:36:18 INFO InMemoryFileIndex: It took 171 ms to list leaf files for 1 paths.
[2024-09-15T12:36:31.406+0000] {spark_submit.py:579} INFO - 24/09/15 12:36:31 INFO FileSourceStrategy: Pushed Filters: IsNotNull(availability_365),GreaterThan(availability_365,15)
[2024-09-15T12:36:31.412+0000] {spark_submit.py:579} INFO - 24/09/15 12:36:31 INFO FileSourceStrategy: Post-Scan Filters: isnotnull(availability_365#36),atleastnnonnulls(8, neighbourhood_group#25, neighbourhood#26, room_type#29, price#30, minimum_nights#31, number_of_reviews#32, calculated_host_listings_count#35, availability_365#36),(availability_365#36 > 15)
[2024-09-15T12:36:31.588+0000] {spark_submit.py:579} INFO - 24/09/15 12:36:31 INFO BlockManagerInfo: Removed broadcast_2_piece0 on fb744bf0dc86:37505 in memory (size: 9.1 KiB, free: 434.4 MiB)
[2024-09-15T12:36:32.108+0000] {spark_submit.py:579} INFO - 24/09/15 12:36:32 INFO CodeGenerator: Code generated in 154.776357 ms
[2024-09-15T12:36:32.117+0000] {spark_submit.py:579} INFO - 24/09/15 12:36:32 INFO MemoryStore: Block broadcast_3 stored as values in memory (estimated size 200.1 KiB, free 434.0 MiB)
[2024-09-15T12:36:32.134+0000] {spark_submit.py:579} INFO - 24/09/15 12:36:32 INFO MemoryStore: Block broadcast_3_piece0 stored as bytes in memory (estimated size 34.5 KiB, free 433.9 MiB)
[2024-09-15T12:36:32.136+0000] {spark_submit.py:579} INFO - 24/09/15 12:36:32 INFO BlockManagerInfo: Added broadcast_3_piece0 in memory on fb744bf0dc86:37505 (size: 34.5 KiB, free: 434.3 MiB)
[2024-09-15T12:36:32.138+0000] {spark_submit.py:579} INFO - 24/09/15 12:36:32 INFO SparkContext: Created broadcast 3 from saveAsTable at NativeMethodAccessorImpl.java:0
[2024-09-15T12:36:32.152+0000] {spark_submit.py:579} INFO - 24/09/15 12:36:32 INFO FileSourceScanExec: Planning scan with bin packing, max size: 4194304 bytes, open cost is considered as scanning 4194304 bytes.
[2024-09-15T12:36:32.382+0000] {spark_submit.py:579} INFO - 24/09/15 12:36:32 INFO DAGScheduler: Registering RDD 14 (saveAsTable at NativeMethodAccessorImpl.java:0) as input to shuffle 0
[2024-09-15T12:36:32.394+0000] {spark_submit.py:579} INFO - 24/09/15 12:36:32 INFO DAGScheduler: Got map stage job 2 (saveAsTable at NativeMethodAccessorImpl.java:0) with 2 output partitions
[2024-09-15T12:36:32.395+0000] {spark_submit.py:579} INFO - 24/09/15 12:36:32 INFO DAGScheduler: Final stage: ShuffleMapStage 2 (saveAsTable at NativeMethodAccessorImpl.java:0)
[2024-09-15T12:36:32.397+0000] {spark_submit.py:579} INFO - 24/09/15 12:36:32 INFO DAGScheduler: Parents of final stage: List()
[2024-09-15T12:36:32.399+0000] {spark_submit.py:579} INFO - 24/09/15 12:36:32 INFO DAGScheduler: Missing parents: List()
[2024-09-15T12:36:32.402+0000] {spark_submit.py:579} INFO - 24/09/15 12:36:32 INFO DAGScheduler: Submitting ShuffleMapStage 2 (MapPartitionsRDD[14] at saveAsTable at NativeMethodAccessorImpl.java:0), which has no missing parents
[2024-09-15T12:36:32.441+0000] {spark_submit.py:579} INFO - 24/09/15 12:36:32 INFO MemoryStore: Block broadcast_4 stored as values in memory (estimated size 55.7 KiB, free 433.9 MiB)
[2024-09-15T12:36:32.452+0000] {spark_submit.py:579} INFO - 24/09/15 12:36:32 INFO MemoryStore: Block broadcast_4_piece0 stored as bytes in memory (estimated size 23.8 KiB, free 433.9 MiB)
[2024-09-15T12:36:32.457+0000] {spark_submit.py:579} INFO - 24/09/15 12:36:32 INFO BlockManagerInfo: Added broadcast_4_piece0 in memory on fb744bf0dc86:37505 (size: 23.8 KiB, free: 434.3 MiB)
[2024-09-15T12:36:32.459+0000] {spark_submit.py:579} INFO - 24/09/15 12:36:32 INFO SparkContext: Created broadcast 4 from broadcast at DAGScheduler.scala:1585
[2024-09-15T12:36:32.464+0000] {spark_submit.py:579} INFO - 24/09/15 12:36:32 INFO DAGScheduler: Submitting 2 missing tasks from ShuffleMapStage 2 (MapPartitionsRDD[14] at saveAsTable at NativeMethodAccessorImpl.java:0) (first 15 tasks are for partitions Vector(0, 1))
[2024-09-15T12:36:32.467+0000] {spark_submit.py:579} INFO - 24/09/15 12:36:32 INFO TaskSchedulerImpl: Adding task set 2.0 with 2 tasks resource profile 0
[2024-09-15T12:36:32.474+0000] {spark_submit.py:579} INFO - 24/09/15 12:36:32 INFO TaskSetManager: Starting task 0.0 in stage 2.0 (TID 3) (fb744bf0dc86, executor driver, partition 0, PROCESS_LOCAL, 9590 bytes)
[2024-09-15T12:36:32.476+0000] {spark_submit.py:579} INFO - 24/09/15 12:36:32 INFO TaskSetManager: Starting task 1.0 in stage 2.0 (TID 4) (fb744bf0dc86, executor driver, partition 1, PROCESS_LOCAL, 9590 bytes)
[2024-09-15T12:36:32.479+0000] {spark_submit.py:579} INFO - 24/09/15 12:36:32 INFO Executor: Running task 0.0 in stage 2.0 (TID 3)
[2024-09-15T12:36:32.481+0000] {spark_submit.py:579} INFO - 24/09/15 12:36:32 INFO Executor: Running task 1.0 in stage 2.0 (TID 4)
[2024-09-15T12:36:32.665+0000] {spark_submit.py:579} INFO - 24/09/15 12:36:32 INFO CodeGenerator: Code generated in 114.1743 ms
[2024-09-15T12:36:32.702+0000] {spark_submit.py:579} INFO - 24/09/15 12:36:32 INFO CodeGenerator: Code generated in 19.417936 ms
[2024-09-15T12:36:32.855+0000] {spark_submit.py:579} INFO - 24/09/15 12:36:32 INFO CodeGenerator: Code generated in 15.801763 ms
[2024-09-15T12:36:32.937+0000] {spark_submit.py:579} INFO - 24/09/15 12:36:32 INFO CodeGenerator: Code generated in 31.10305 ms
[2024-09-15T12:36:32.976+0000] {spark_submit.py:579} INFO - 24/09/15 12:36:32 INFO FileScanRDD: Reading File path: file:///opt/***/datasets/Airbnb.csv, range: 4194304-7081245, partition values: [empty row]
[2024-09-15T12:36:32.986+0000] {spark_submit.py:579} INFO - 24/09/15 12:36:32 INFO FileScanRDD: Reading File path: file:///opt/***/datasets/Airbnb.csv, range: 0-4194304, partition values: [empty row]
[2024-09-15T12:36:33.027+0000] {spark_submit.py:579} INFO - 24/09/15 12:36:33 INFO CodeGenerator: Code generated in 23.432953 ms
[2024-09-15T12:36:33.399+0000] {spark_submit.py:579} INFO - 24/09/15 12:36:33 INFO CodeGenerator: Code generated in 25.223807 ms
[2024-09-15T12:36:35.087+0000] {spark_submit.py:579} INFO - 24/09/15 12:36:35 INFO Executor: Finished task 0.0 in stage 2.0 (TID 3). 2864 bytes result sent to driver
[2024-09-15T12:36:35.090+0000] {spark_submit.py:579} INFO - 24/09/15 12:36:35 INFO Executor: Finished task 1.0 in stage 2.0 (TID 4). 2864 bytes result sent to driver
[2024-09-15T12:36:35.101+0000] {spark_submit.py:579} INFO - 24/09/15 12:36:35 INFO TaskSetManager: Finished task 1.0 in stage 2.0 (TID 4) in 2626 ms on fb744bf0dc86 (executor driver) (1/2)
[2024-09-15T12:36:35.108+0000] {spark_submit.py:579} INFO - 24/09/15 12:36:35 INFO TaskSetManager: Finished task 0.0 in stage 2.0 (TID 3) in 2638 ms on fb744bf0dc86 (executor driver) (2/2)
[2024-09-15T12:36:35.112+0000] {spark_submit.py:579} INFO - 24/09/15 12:36:35 INFO TaskSchedulerImpl: Removed TaskSet 2.0, whose tasks have all completed, from pool
[2024-09-15T12:36:35.140+0000] {spark_submit.py:579} INFO - 24/09/15 12:36:35 INFO DAGScheduler: ShuffleMapStage 2 (saveAsTable at NativeMethodAccessorImpl.java:0) finished in 2.725 s
[2024-09-15T12:36:35.143+0000] {spark_submit.py:579} INFO - 24/09/15 12:36:35 INFO DAGScheduler: looking for newly runnable stages
[2024-09-15T12:36:35.145+0000] {spark_submit.py:579} INFO - 24/09/15 12:36:35 INFO DAGScheduler: running: Set()
[2024-09-15T12:36:35.151+0000] {spark_submit.py:579} INFO - 24/09/15 12:36:35 INFO DAGScheduler: waiting: Set()
[2024-09-15T12:36:35.154+0000] {spark_submit.py:579} INFO - 24/09/15 12:36:35 INFO DAGScheduler: failed: Set()
[2024-09-15T12:36:35.235+0000] {spark_submit.py:579} INFO - 24/09/15 12:36:35 INFO ShufflePartitionsUtil: For shuffle(0), advisory target size: 67108864, actual target size 1048576, minimum partition size: 1048576
[2024-09-15T12:36:35.448+0000] {spark_submit.py:579} INFO - 24/09/15 12:36:35 INFO ParquetUtils: Using default output committer for Parquet: org.apache.parquet.hadoop.ParquetOutputCommitter
[2024-09-15T12:36:35.487+0000] {spark_submit.py:579} INFO - 24/09/15 12:36:35 INFO FileOutputCommitter: File Output Committer Algorithm version is 1
[2024-09-15T12:36:35.488+0000] {spark_submit.py:579} INFO - 24/09/15 12:36:35 INFO FileOutputCommitter: FileOutputCommitter skip cleanup _temporary folders under output directory:false, ignore cleanup failures: false
[2024-09-15T12:36:35.490+0000] {spark_submit.py:579} INFO - 24/09/15 12:36:35 INFO SQLHadoopMapReduceCommitProtocol: Using user defined output committer class org.apache.parquet.hadoop.ParquetOutputCommitter
[2024-09-15T12:36:35.491+0000] {spark_submit.py:579} INFO - 24/09/15 12:36:35 INFO FileOutputCommitter: File Output Committer Algorithm version is 1
[2024-09-15T12:36:35.493+0000] {spark_submit.py:579} INFO - 24/09/15 12:36:35 INFO FileOutputCommitter: FileOutputCommitter skip cleanup _temporary folders under output directory:false, ignore cleanup failures: false
[2024-09-15T12:36:35.494+0000] {spark_submit.py:579} INFO - 24/09/15 12:36:35 INFO SQLHadoopMapReduceCommitProtocol: Using output committer class org.apache.parquet.hadoop.ParquetOutputCommitter
[2024-09-15T12:36:35.520+0000] {spark_submit.py:579} INFO - 24/09/15 12:36:35 INFO HashAggregateExec: spark.sql.codegen.aggregate.map.twolevel.enabled is set to true, but current version of codegened fast hashmap does not support this aggregate.
[2024-09-15T12:36:35.642+0000] {spark_submit.py:579} INFO - 24/09/15 12:36:35 INFO CodeGenerator: Code generated in 80.232153 ms
[2024-09-15T12:36:35.737+0000] {spark_submit.py:579} INFO - 24/09/15 12:36:35 INFO SparkContext: Starting job: saveAsTable at NativeMethodAccessorImpl.java:0
[2024-09-15T12:36:35.742+0000] {spark_submit.py:579} INFO - 24/09/15 12:36:35 INFO DAGScheduler: Got job 3 (saveAsTable at NativeMethodAccessorImpl.java:0) with 1 output partitions
[2024-09-15T12:36:35.744+0000] {spark_submit.py:579} INFO - 24/09/15 12:36:35 INFO DAGScheduler: Final stage: ResultStage 4 (saveAsTable at NativeMethodAccessorImpl.java:0)
[2024-09-15T12:36:35.746+0000] {spark_submit.py:579} INFO - 24/09/15 12:36:35 INFO DAGScheduler: Parents of final stage: List(ShuffleMapStage 3)
[2024-09-15T12:36:35.747+0000] {spark_submit.py:579} INFO - 24/09/15 12:36:35 INFO DAGScheduler: Missing parents: List()
[2024-09-15T12:36:35.749+0000] {spark_submit.py:579} INFO - 24/09/15 12:36:35 INFO DAGScheduler: Submitting ResultStage 4 (MapPartitionsRDD[17] at saveAsTable at NativeMethodAccessorImpl.java:0), which has no missing parents
[2024-09-15T12:36:35.842+0000] {spark_submit.py:579} INFO - 24/09/15 12:36:35 INFO MemoryStore: Block broadcast_5 stored as values in memory (estimated size 261.5 KiB, free 433.6 MiB)
[2024-09-15T12:36:35.846+0000] {spark_submit.py:579} INFO - 24/09/15 12:36:35 INFO MemoryStore: Block broadcast_5_piece0 stored as bytes in memory (estimated size 96.7 KiB, free 433.5 MiB)
[2024-09-15T12:36:35.848+0000] {spark_submit.py:579} INFO - 24/09/15 12:36:35 INFO BlockManagerInfo: Added broadcast_5_piece0 in memory on fb744bf0dc86:37505 (size: 96.7 KiB, free: 434.2 MiB)
[2024-09-15T12:36:35.850+0000] {spark_submit.py:579} INFO - 24/09/15 12:36:35 INFO SparkContext: Created broadcast 5 from broadcast at DAGScheduler.scala:1585
[2024-09-15T12:36:35.853+0000] {spark_submit.py:579} INFO - 24/09/15 12:36:35 INFO DAGScheduler: Submitting 1 missing tasks from ResultStage 4 (MapPartitionsRDD[17] at saveAsTable at NativeMethodAccessorImpl.java:0) (first 15 tasks are for partitions Vector(0))
[2024-09-15T12:36:35.854+0000] {spark_submit.py:579} INFO - 24/09/15 12:36:35 INFO TaskSchedulerImpl: Adding task set 4.0 with 1 tasks resource profile 0
[2024-09-15T12:36:35.870+0000] {spark_submit.py:579} INFO - 24/09/15 12:36:35 INFO TaskSetManager: Starting task 0.0 in stage 4.0 (TID 5) (fb744bf0dc86, executor driver, partition 0, NODE_LOCAL, 8999 bytes)
[2024-09-15T12:36:35.873+0000] {spark_submit.py:579} INFO - 24/09/15 12:36:35 INFO Executor: Running task 0.0 in stage 4.0 (TID 5)
[2024-09-15T12:36:36.033+0000] {spark_submit.py:579} INFO - 24/09/15 12:36:36 INFO ShuffleBlockFetcherIterator: Getting 2 (961.0 B) non-empty blocks including 2 (961.0 B) local and 0 (0.0 B) host-local and 0 (0.0 B) push-merged-local and 0 (0.0 B) remote blocks
[2024-09-15T12:36:36.042+0000] {spark_submit.py:579} INFO - 24/09/15 12:36:36 INFO ShuffleBlockFetcherIterator: Started 0 remote fetches in 39 ms
[2024-09-15T12:36:36.122+0000] {spark_submit.py:579} INFO - 24/09/15 12:36:36 INFO CodeGenerator: Code generated in 65.754264 ms
[2024-09-15T12:36:36.129+0000] {spark_submit.py:579} INFO - 24/09/15 12:36:36 INFO FileOutputCommitter: File Output Committer Algorithm version is 1
[2024-09-15T12:36:36.132+0000] {spark_submit.py:579} INFO - 24/09/15 12:36:36 INFO FileOutputCommitter: FileOutputCommitter skip cleanup _temporary folders under output directory:false, ignore cleanup failures: false
[2024-09-15T12:36:36.135+0000] {spark_submit.py:579} INFO - 24/09/15 12:36:36 INFO SQLHadoopMapReduceCommitProtocol: Using user defined output committer class org.apache.parquet.hadoop.ParquetOutputCommitter
[2024-09-15T12:36:36.137+0000] {spark_submit.py:579} INFO - 24/09/15 12:36:36 INFO FileOutputCommitter: File Output Committer Algorithm version is 1
[2024-09-15T12:36:36.138+0000] {spark_submit.py:579} INFO - 24/09/15 12:36:36 INFO FileOutputCommitter: FileOutputCommitter skip cleanup _temporary folders under output directory:false, ignore cleanup failures: false
[2024-09-15T12:36:36.140+0000] {spark_submit.py:579} INFO - 24/09/15 12:36:36 INFO SQLHadoopMapReduceCommitProtocol: Using output committer class org.apache.parquet.hadoop.ParquetOutputCommitter
[2024-09-15T12:36:36.157+0000] {spark_submit.py:579} INFO - 24/09/15 12:36:36 INFO CodecConfig: Compression: SNAPPY
[2024-09-15T12:36:36.170+0000] {spark_submit.py:579} INFO - 24/09/15 12:36:36 INFO CodecConfig: Compression: SNAPPY
[2024-09-15T12:36:36.254+0000] {spark_submit.py:579} INFO - 24/09/15 12:36:36 INFO ParquetOutputFormat: ParquetRecordWriter [block size: 134217728b, row group padding size: 8388608b, validating: false]
[2024-09-15T12:36:36.332+0000] {spark_submit.py:579} INFO - 24/09/15 12:36:36 INFO ParquetWriteSupport: Initialized Parquet WriteSupport with Catalyst schema:
[2024-09-15T12:36:36.334+0000] {spark_submit.py:579} INFO - {
[2024-09-15T12:36:36.336+0000] {spark_submit.py:579} INFO - "type" : "struct",
[2024-09-15T12:36:36.337+0000] {spark_submit.py:579} INFO - "fields" : [ {
[2024-09-15T12:36:36.340+0000] {spark_submit.py:579} INFO - "name" : "neighbourhood_group",
[2024-09-15T12:36:36.342+0000] {spark_submit.py:579} INFO - "type" : "string",
[2024-09-15T12:36:36.343+0000] {spark_submit.py:579} INFO - "nullable" : true,
[2024-09-15T12:36:36.344+0000] {spark_submit.py:579} INFO - "metadata" : { }
[2024-09-15T12:36:36.345+0000] {spark_submit.py:579} INFO - }, {
[2024-09-15T12:36:36.350+0000] {spark_submit.py:579} INFO - "name" : "average_price",
[2024-09-15T12:36:36.352+0000] {spark_submit.py:579} INFO - "type" : "double",
[2024-09-15T12:36:36.353+0000] {spark_submit.py:579} INFO - "nullable" : true,
[2024-09-15T12:36:36.355+0000] {spark_submit.py:579} INFO - "metadata" : { }
[2024-09-15T12:36:36.356+0000] {spark_submit.py:579} INFO - }, {
[2024-09-15T12:36:36.358+0000] {spark_submit.py:579} INFO - "name" : "min_price",
[2024-09-15T12:36:36.359+0000] {spark_submit.py:579} INFO - "type" : "integer",
[2024-09-15T12:36:36.361+0000] {spark_submit.py:579} INFO - "nullable" : true,
[2024-09-15T12:36:36.362+0000] {spark_submit.py:579} INFO - "metadata" : { }
[2024-09-15T12:36:36.363+0000] {spark_submit.py:579} INFO - }, {
[2024-09-15T12:36:36.366+0000] {spark_submit.py:579} INFO - "name" : "max_price",
[2024-09-15T12:36:36.370+0000] {spark_submit.py:579} INFO - "type" : "integer",
[2024-09-15T12:36:36.372+0000] {spark_submit.py:579} INFO - "nullable" : true,
[2024-09-15T12:36:36.373+0000] {spark_submit.py:579} INFO - "metadata" : { }
[2024-09-15T12:36:36.375+0000] {spark_submit.py:579} INFO - }, {
[2024-09-15T12:36:36.376+0000] {spark_submit.py:579} INFO - "name" : "count",
[2024-09-15T12:36:36.377+0000] {spark_submit.py:579} INFO - "type" : "long",
[2024-09-15T12:36:36.379+0000] {spark_submit.py:579} INFO - "nullable" : false,
[2024-09-15T12:36:36.380+0000] {spark_submit.py:579} INFO - "metadata" : { }
[2024-09-15T12:36:36.381+0000] {spark_submit.py:579} INFO - } ]
[2024-09-15T12:36:36.382+0000] {spark_submit.py:579} INFO - }
[2024-09-15T12:36:36.383+0000] {spark_submit.py:579} INFO - and corresponding Parquet message type:
[2024-09-15T12:36:36.384+0000] {spark_submit.py:579} INFO - message spark_schema {
[2024-09-15T12:36:36.386+0000] {spark_submit.py:579} INFO - optional binary neighbourhood_group (STRING);
[2024-09-15T12:36:36.387+0000] {spark_submit.py:579} INFO - optional double average_price;
[2024-09-15T12:36:36.389+0000] {spark_submit.py:579} INFO - optional int32 min_price;
[2024-09-15T12:36:36.390+0000] {spark_submit.py:579} INFO - optional int32 max_price;
[2024-09-15T12:36:36.392+0000] {spark_submit.py:579} INFO - required int64 count;
[2024-09-15T12:36:36.393+0000] {spark_submit.py:579} INFO - }
[2024-09-15T12:36:36.395+0000] {spark_submit.py:579} INFO - 
[2024-09-15T12:36:36.396+0000] {spark_submit.py:579} INFO - 
[2024-09-15T12:36:36.533+0000] {spark_submit.py:579} INFO - 24/09/15 12:36:36 INFO CodecPool: Got brand-new compressor [.snappy]
[2024-09-15T12:36:39.012+0000] {spark_submit.py:579} INFO - 24/09/15 12:36:39 INFO FileOutputCommitter: Saved output of task 'attempt_202409151236357061487480117526214_0004_m_000000_5' to hdfs://namenode:9000/user/hive/warehouse/price_distribution/_temporary/0/task_202409151236357061487480117526214_0004_m_000000
[2024-09-15T12:36:39.016+0000] {spark_submit.py:579} INFO - 24/09/15 12:36:39 INFO SparkHadoopMapRedUtil: attempt_202409151236357061487480117526214_0004_m_000000_5: Committed. Elapsed time: 31 ms.
[2024-09-15T12:36:39.037+0000] {spark_submit.py:579} INFO - 24/09/15 12:36:39 INFO Executor: Finished task 0.0 in stage 4.0 (TID 5). 6193 bytes result sent to driver
[2024-09-15T12:36:39.043+0000] {spark_submit.py:579} INFO - 24/09/15 12:36:39 INFO TaskSetManager: Finished task 0.0 in stage 4.0 (TID 5) in 3178 ms on fb744bf0dc86 (executor driver) (1/1)
[2024-09-15T12:36:39.044+0000] {spark_submit.py:579} INFO - 24/09/15 12:36:39 INFO TaskSchedulerImpl: Removed TaskSet 4.0, whose tasks have all completed, from pool
[2024-09-15T12:36:39.047+0000] {spark_submit.py:579} INFO - 24/09/15 12:36:39 INFO DAGScheduler: ResultStage 4 (saveAsTable at NativeMethodAccessorImpl.java:0) finished in 3.264 s
[2024-09-15T12:36:39.049+0000] {spark_submit.py:579} INFO - 24/09/15 12:36:39 INFO DAGScheduler: Job 3 is finished. Cancelling potential speculative or zombie tasks for this job
[2024-09-15T12:36:39.051+0000] {spark_submit.py:579} INFO - 24/09/15 12:36:39 INFO TaskSchedulerImpl: Killing all running tasks in stage 4: Stage finished
[2024-09-15T12:36:39.053+0000] {spark_submit.py:579} INFO - 24/09/15 12:36:39 INFO DAGScheduler: Job 3 finished: saveAsTable at NativeMethodAccessorImpl.java:0, took 3.312891 s
[2024-09-15T12:36:39.058+0000] {spark_submit.py:579} INFO - 24/09/15 12:36:39 INFO FileFormatWriter: Start to commit write Job e5d82f10-641b-4d42-9980-26ad82e973e5.
[2024-09-15T12:36:39.132+0000] {spark_submit.py:579} INFO - 24/09/15 12:36:39 INFO FileFormatWriter: Write Job e5d82f10-641b-4d42-9980-26ad82e973e5 committed. Elapsed time: 71 ms.
[2024-09-15T12:36:39.141+0000] {spark_submit.py:579} INFO - 24/09/15 12:36:39 INFO FileFormatWriter: Finished processing stats for write job e5d82f10-641b-4d42-9980-26ad82e973e5.
[2024-09-15T12:36:39.182+0000] {spark_submit.py:579} INFO - 24/09/15 12:36:39 INFO InMemoryFileIndex: It took 8 ms to list leaf files for 1 paths.
[2024-09-15T12:36:39.267+0000] {spark_submit.py:579} INFO - 24/09/15 12:36:39 INFO HiveExternalCatalog: Persisting file based data source table `spark_catalog`.`default`.`price_distribution` into Hive metastore in Hive compatible format.
[2024-09-15T12:36:39.338+0000] {spark_submit.py:579} INFO - 24/09/15 12:36:39 INFO SQLStdHiveAccessController: Created SQLStdHiveAccessController for session context : HiveAuthzSessionContext [sessionString=355854f2-37f2-45ab-abb7-38d686331dae, clientType=HIVECLI]
[2024-09-15T12:36:39.344+0000] {spark_submit.py:579} INFO - 24/09/15 12:36:39 WARN SessionState: METASTORE_FILTER_HOOK will be ignored, since hive.security.authorization.manager is set to instance of HiveAuthorizerFactory.
[2024-09-15T12:36:39.345+0000] {spark_submit.py:579} INFO - 24/09/15 12:36:39 INFO metastore: Mestastore configuration hive.metastore.filter.hook changed from org.apache.hadoop.hive.metastore.DefaultMetaStoreFilterHookImpl to org.apache.hadoop.hive.ql.security.authorization.plugin.AuthorizationMetaStoreFilterHook
[2024-09-15T12:36:39.359+0000] {spark_submit.py:579} INFO - 24/09/15 12:36:39 INFO metastore: Closed a connection to metastore, current connections: 0
[2024-09-15T12:36:39.363+0000] {spark_submit.py:579} INFO - 24/09/15 12:36:39 INFO metastore: Trying to connect to metastore with URI thrift://hive-metastore:9083
[2024-09-15T12:36:39.366+0000] {spark_submit.py:579} INFO - 24/09/15 12:36:39 INFO metastore: Opened a connection to metastore, current connections: 1
[2024-09-15T12:36:39.371+0000] {spark_submit.py:579} INFO - 24/09/15 12:36:39 INFO metastore: Connected to metastore.
[2024-09-15T12:36:39.625+0000] {spark_submit.py:579} INFO - 24/09/15 12:36:39 INFO metastore: Trying to connect to metastore with URI thrift://hive-metastore:9083
[2024-09-15T12:36:39.627+0000] {spark_submit.py:579} INFO - 24/09/15 12:36:39 INFO metastore: Opened a connection to metastore, current connections: 2
[2024-09-15T12:36:39.630+0000] {spark_submit.py:579} INFO - 24/09/15 12:36:39 INFO metastore: Connected to metastore.
[2024-09-15T12:36:40.878+0000] {spark_submit.py:579} INFO - Таблица price_distribution успешно загружена в Hive!
[2024-09-15T12:36:41.118+0000] {spark_submit.py:579} INFO - Успешно создана таблица processed_airbnb_data!
[2024-09-15T12:36:41.647+0000] {spark_submit.py:579} INFO - 24/09/15 12:36:41 INFO BlockManagerInfo: Removed broadcast_4_piece0 on fb744bf0dc86:37505 in memory (size: 23.8 KiB, free: 434.2 MiB)
[2024-09-15T12:36:41.675+0000] {spark_submit.py:579} INFO - 24/09/15 12:36:41 INFO BlockManagerInfo: Removed broadcast_5_piece0 on fb744bf0dc86:37505 in memory (size: 96.7 KiB, free: 434.3 MiB)
[2024-09-15T12:36:41.701+0000] {spark_submit.py:579} INFO - 24/09/15 12:36:41 INFO BlockManagerInfo: Removed broadcast_3_piece0 on fb744bf0dc86:37505 in memory (size: 34.5 KiB, free: 434.4 MiB)
[2024-09-15T12:36:41.838+0000] {spark_submit.py:579} INFO - Traceback (most recent call last):
[2024-09-15T12:36:41.839+0000] {spark_submit.py:579} INFO - File "/opt/***/dags/air_data_analysis.py", line 56, in <module>
[2024-09-15T12:36:41.861+0000] {spark_submit.py:579} INFO - df.write.mode("overwrite").insertInto("processed_airbnb_data")
[2024-09-15T12:36:41.867+0000] {spark_submit.py:579} INFO - File "/home/***/.local/lib/python3.12/site-packages/pyspark/sql/readwriter.py", line 1513, in insertInto
[2024-09-15T12:36:41.872+0000] {spark_submit.py:579} INFO - self._jwrite.insertInto(tableName)
[2024-09-15T12:36:41.874+0000] {spark_submit.py:579} INFO - File "/home/***/.local/lib/python3.12/site-packages/py4j/java_gateway.py", line 1322, in __call__
[2024-09-15T12:36:41.878+0000] {spark_submit.py:579} INFO - return_value = get_return_value(
[2024-09-15T12:36:41.879+0000] {spark_submit.py:579} INFO - ^^^^^^^^^^^^^^^^^
[2024-09-15T12:36:41.881+0000] {spark_submit.py:579} INFO - File "/home/***/.local/lib/python3.12/site-packages/pyspark/errors/exceptions/captured.py", line 185, in deco
[2024-09-15T12:36:41.882+0000] {spark_submit.py:579} INFO - raise converted from None
[2024-09-15T12:36:41.895+0000] {spark_submit.py:579} INFO - pyspark.errors.exceptions.captured.AnalysisException: [INSERT_COLUMN_ARITY_MISMATCH.NOT_ENOUGH_DATA_COLUMNS] Cannot write to `spark_catalog`.`default`.`processed_airbnb_data`, the reason is not enough data columns:
[2024-09-15T12:36:41.897+0000] {spark_submit.py:579} INFO - Table columns: `neighbourhood_group`, `neighbourhood`, `latitude`, `longitude`, `room_type`, `price`, `minimum_nights`, `number_of_reviews`, `calculated_host_listings_count`, `availability_365`.
[2024-09-15T12:36:41.899+0000] {spark_submit.py:579} INFO - Data columns: `neighbourhood_group`, `neighbourhood`, `room_type`, `price`, `minimum_nights`, `number_of_reviews`, `calculated_host_listings_count`, `availability_365`.
[2024-09-15T12:36:42.053+0000] {spark_submit.py:579} INFO - 24/09/15 12:36:42 INFO SparkContext: Invoking stop() from shutdown hook
[2024-09-15T12:36:42.055+0000] {spark_submit.py:579} INFO - 24/09/15 12:36:42 INFO SparkContext: SparkContext is stopping with exitCode 0.
[2024-09-15T12:36:42.096+0000] {spark_submit.py:579} INFO - 24/09/15 12:36:42 INFO SparkUI: Stopped Spark web UI at http://fb744bf0dc86:4040
[2024-09-15T12:36:42.140+0000] {spark_submit.py:579} INFO - 24/09/15 12:36:42 INFO MapOutputTrackerMasterEndpoint: MapOutputTrackerMasterEndpoint stopped!
[2024-09-15T12:36:42.194+0000] {spark_submit.py:579} INFO - 24/09/15 12:36:42 INFO MemoryStore: MemoryStore cleared
[2024-09-15T12:36:42.195+0000] {spark_submit.py:579} INFO - 24/09/15 12:36:42 INFO BlockManager: BlockManager stopped
[2024-09-15T12:36:42.202+0000] {spark_submit.py:579} INFO - 24/09/15 12:36:42 INFO BlockManagerMaster: BlockManagerMaster stopped
[2024-09-15T12:36:42.208+0000] {spark_submit.py:579} INFO - 24/09/15 12:36:42 INFO OutputCommitCoordinator$OutputCommitCoordinatorEndpoint: OutputCommitCoordinator stopped!
[2024-09-15T12:36:42.229+0000] {spark_submit.py:579} INFO - 24/09/15 12:36:42 INFO SparkContext: Successfully stopped SparkContext
[2024-09-15T12:36:42.231+0000] {spark_submit.py:579} INFO - 24/09/15 12:36:42 INFO ShutdownHookManager: Shutdown hook called
[2024-09-15T12:36:42.232+0000] {spark_submit.py:579} INFO - 24/09/15 12:36:42 INFO ShutdownHookManager: Deleting directory /tmp/spark-8b8c050a-0fd2-453a-a741-1782d15b86d2
[2024-09-15T12:36:42.241+0000] {spark_submit.py:579} INFO - 24/09/15 12:36:42 INFO ShutdownHookManager: Deleting directory /tmp/spark-d463db71-f3be-43f1-8518-c132089d2390
[2024-09-15T12:36:42.253+0000] {spark_submit.py:579} INFO - 24/09/15 12:36:42 INFO ShutdownHookManager: Deleting directory /tmp/spark-8b8c050a-0fd2-453a-a741-1782d15b86d2/pyspark-ef801b02-e101-4647-919c-fa5d9ada6eff
[2024-09-15T12:36:42.841+0000] {taskinstance.py:3310} ERROR - Task failed with exception
Traceback (most recent call last):
  File "/home/airflow/.local/lib/python3.12/site-packages/airflow/models/taskinstance.py", line 767, in _execute_task
    result = _execute_callable(context=context, **execute_callable_kwargs)
             ^^^^^^^^^^^^^^^^^^^^^^^^^^^^^^^^^^^^^^^^^^^^^^^^^^^^^^^^^^^^^
  File "/home/airflow/.local/lib/python3.12/site-packages/airflow/models/taskinstance.py", line 733, in _execute_callable
    return ExecutionCallableRunner(
           ^^^^^^^^^^^^^^^^^^^^^^^^
  File "/home/airflow/.local/lib/python3.12/site-packages/airflow/utils/operator_helpers.py", line 252, in run
    return self.func(*args, **kwargs)
           ^^^^^^^^^^^^^^^^^^^^^^^^^^
  File "/home/airflow/.local/lib/python3.12/site-packages/airflow/models/baseoperator.py", line 406, in wrapper
    return func(self, *args, **kwargs)
           ^^^^^^^^^^^^^^^^^^^^^^^^^^^
  File "/home/airflow/.local/lib/python3.12/site-packages/airflow/providers/apache/spark/operators/spark_submit.py", line 174, in execute
    self._hook.submit(self.application)
  File "/home/airflow/.local/lib/python3.12/site-packages/airflow/providers/apache/spark/hooks/spark_submit.py", line 505, in submit
    raise AirflowException(
airflow.exceptions.AirflowException: Cannot execute: spark-submit --master spark://spark-master:7077 --conf spark.master=spark://spark-master:7077 --name arrow-spark --verbose --deploy-mode client /opt/***/dags/air_data_analysis.py. Error code is: 1.
[2024-09-15T12:36:43.003+0000] {taskinstance.py:1225} INFO - Marking task as UP_FOR_RETRY. dag_id=airbnb_model, task_id=data_analysis, run_id=scheduled__2024-09-14T00:00:00+00:00, execution_date=20240914T000000, start_date=20240915T123505, end_date=20240915T123642
[2024-09-15T12:36:43.212+0000] {taskinstance.py:340} INFO - ::group::Post task execution logs
[2024-09-15T12:36:43.220+0000] {standard_task_runner.py:124} ERROR - Failed to execute job 729 for task data_analysis (Cannot execute: spark-submit --master spark://spark-master:7077 --conf spark.master=spark://spark-master:7077 --name arrow-spark --verbose --deploy-mode client /opt/***/dags/air_data_analysis.py. Error code is: 1.; 357)
Traceback (most recent call last):
  File "/home/airflow/.local/lib/python3.12/site-packages/airflow/task/task_runner/standard_task_runner.py", line 117, in _start_by_fork
    ret = args.func(args, dag=self.dag)
          ^^^^^^^^^^^^^^^^^^^^^^^^^^^^^
  File "/home/airflow/.local/lib/python3.12/site-packages/airflow/cli/cli_config.py", line 49, in command
    return func(*args, **kwargs)
           ^^^^^^^^^^^^^^^^^^^^^
  File "/home/airflow/.local/lib/python3.12/site-packages/airflow/utils/cli.py", line 115, in wrapper
    return f(*args, **kwargs)
           ^^^^^^^^^^^^^^^^^^
  File "/home/airflow/.local/lib/python3.12/site-packages/airflow/cli/commands/task_command.py", line 483, in task_run
    task_return_code = _run_task_by_selected_method(args, _dag, ti)
                       ^^^^^^^^^^^^^^^^^^^^^^^^^^^^^^^^^^^^^^^^^^^^
  File "/home/airflow/.local/lib/python3.12/site-packages/airflow/cli/commands/task_command.py", line 256, in _run_task_by_selected_method
    return _run_raw_task(args, ti)
           ^^^^^^^^^^^^^^^^^^^^^^^
  File "/home/airflow/.local/lib/python3.12/site-packages/airflow/cli/commands/task_command.py", line 341, in _run_raw_task
    return ti._run_raw_task(
           ^^^^^^^^^^^^^^^^^
  File "/home/airflow/.local/lib/python3.12/site-packages/airflow/utils/session.py", line 97, in wrapper
    return func(*args, session=session, **kwargs)
           ^^^^^^^^^^^^^^^^^^^^^^^^^^^^^^^^^^^^^^
  File "/home/airflow/.local/lib/python3.12/site-packages/airflow/models/taskinstance.py", line 3004, in _run_raw_task
    return _run_raw_task(
           ^^^^^^^^^^^^^^
  File "/home/airflow/.local/lib/python3.12/site-packages/airflow/models/taskinstance.py", line 273, in _run_raw_task
    TaskInstance._execute_task_with_callbacks(
  File "/home/airflow/.local/lib/python3.12/site-packages/airflow/models/taskinstance.py", line 3158, in _execute_task_with_callbacks
    result = self._execute_task(context, task_orig)
             ^^^^^^^^^^^^^^^^^^^^^^^^^^^^^^^^^^^^^^
  File "/home/airflow/.local/lib/python3.12/site-packages/airflow/models/taskinstance.py", line 3182, in _execute_task
    return _execute_task(self, context, task_orig)
           ^^^^^^^^^^^^^^^^^^^^^^^^^^^^^^^^^^^^^^^
  File "/home/airflow/.local/lib/python3.12/site-packages/airflow/models/taskinstance.py", line 767, in _execute_task
    result = _execute_callable(context=context, **execute_callable_kwargs)
             ^^^^^^^^^^^^^^^^^^^^^^^^^^^^^^^^^^^^^^^^^^^^^^^^^^^^^^^^^^^^^
  File "/home/airflow/.local/lib/python3.12/site-packages/airflow/models/taskinstance.py", line 733, in _execute_callable
    return ExecutionCallableRunner(
           ^^^^^^^^^^^^^^^^^^^^^^^^
  File "/home/airflow/.local/lib/python3.12/site-packages/airflow/utils/operator_helpers.py", line 252, in run
    return self.func(*args, **kwargs)
           ^^^^^^^^^^^^^^^^^^^^^^^^^^
  File "/home/airflow/.local/lib/python3.12/site-packages/airflow/models/baseoperator.py", line 406, in wrapper
    return func(self, *args, **kwargs)
           ^^^^^^^^^^^^^^^^^^^^^^^^^^^
  File "/home/airflow/.local/lib/python3.12/site-packages/airflow/providers/apache/spark/operators/spark_submit.py", line 174, in execute
    self._hook.submit(self.application)
  File "/home/airflow/.local/lib/python3.12/site-packages/airflow/providers/apache/spark/hooks/spark_submit.py", line 505, in submit
    raise AirflowException(
airflow.exceptions.AirflowException: Cannot execute: spark-submit --master spark://spark-master:7077 --conf spark.master=spark://spark-master:7077 --name arrow-spark --verbose --deploy-mode client /opt/***/dags/air_data_analysis.py. Error code is: 1.
[2024-09-15T12:36:43.302+0000] {local_task_job_runner.py:266} INFO - Task exited with return code 1
[2024-09-15T12:36:43.556+0000] {taskinstance.py:3900} INFO - 0 downstream tasks scheduled from follow-on schedule check
[2024-09-15T12:36:43.582+0000] {local_task_job_runner.py:245} INFO - ::endgroup::
