[2024-09-15T14:57:43.146+0000] {local_task_job_runner.py:123} INFO - ::group::Pre task execution logs
[2024-09-15T14:57:43.219+0000] {taskinstance.py:2612} INFO - Dependencies all met for dep_context=non-requeueable deps ti=<TaskInstance: airbnb_model.data_analysis scheduled__2024-09-14T00:00:00+00:00 [queued]>
[2024-09-15T14:57:43.243+0000] {taskinstance.py:2612} INFO - Dependencies all met for dep_context=requeueable deps ti=<TaskInstance: airbnb_model.data_analysis scheduled__2024-09-14T00:00:00+00:00 [queued]>
[2024-09-15T14:57:43.244+0000] {taskinstance.py:2865} INFO - Starting attempt 6 of 9
[2024-09-15T14:57:43.289+0000] {taskinstance.py:2888} INFO - Executing <Task(SparkSubmitOperator): data_analysis> on 2024-09-14 00:00:00+00:00
[2024-09-15T14:57:43.302+0000] {standard_task_runner.py:104} INFO - Running: ['***', 'tasks', 'run', 'airbnb_model', 'data_analysis', 'scheduled__2024-09-14T00:00:00+00:00', '--job-id', '758', '--raw', '--subdir', 'DAGS_FOLDER/air_price_pred_dag.py', '--cfg-path', '/tmp/tmpp76pxja9']
[2024-09-15T14:57:43.307+0000] {standard_task_runner.py:105} INFO - Job 758: Subtask data_analysis
[2024-09-15T14:57:43.336+0000] {logging_mixin.py:190} WARNING - /home/***/.local/lib/python3.12/site-packages/***/task/task_runner/standard_task_runner.py:70 DeprecationWarning: This process (pid=3293) is multi-threaded, use of fork() may lead to deadlocks in the child.
[2024-09-15T14:57:43.337+0000] {standard_task_runner.py:72} INFO - Started process 3294 to run task
[2024-09-15T14:57:43.464+0000] {task_command.py:467} INFO - Running <TaskInstance: airbnb_model.data_analysis scheduled__2024-09-14T00:00:00+00:00 [running]> on host fb744bf0dc86
[2024-09-15T14:57:43.685+0000] {taskinstance.py:3131} INFO - Exporting env vars: AIRFLOW_CTX_DAG_OWNER='Denis' AIRFLOW_CTX_DAG_ID='airbnb_model' AIRFLOW_CTX_TASK_ID='data_analysis' AIRFLOW_CTX_EXECUTION_DATE='2024-09-14T00:00:00+00:00' AIRFLOW_CTX_TRY_NUMBER='6' AIRFLOW_CTX_DAG_RUN_ID='scheduled__2024-09-14T00:00:00+00:00'
[2024-09-15T14:57:43.689+0000] {taskinstance.py:731} INFO - ::endgroup::
[2024-09-15T14:57:43.773+0000] {base.py:84} INFO - Retrieving connection 'spark_default'
[2024-09-15T14:57:43.776+0000] {spark_submit.py:403} INFO - Spark-Submit cmd: spark-submit --master spark://spark-master:7077 --conf spark.master=spark://spark-master:7077 --name arrow-spark --verbose --deploy-mode client /opt/***/dags/air_data_analysis.py
[2024-09-15T14:57:47.758+0000] {spark_submit.py:579} INFO - Using properties file: null
[2024-09-15T14:57:48.026+0000] {spark_submit.py:579} INFO - Parsed arguments:
[2024-09-15T14:57:48.027+0000] {spark_submit.py:579} INFO - master                  spark://spark-master:7077
[2024-09-15T14:57:48.028+0000] {spark_submit.py:579} INFO - remote                  null
[2024-09-15T14:57:48.030+0000] {spark_submit.py:579} INFO - deployMode              client
[2024-09-15T14:57:48.031+0000] {spark_submit.py:579} INFO - executorMemory          null
[2024-09-15T14:57:48.032+0000] {spark_submit.py:579} INFO - executorCores           null
[2024-09-15T14:57:48.033+0000] {spark_submit.py:579} INFO - totalExecutorCores      null
[2024-09-15T14:57:48.035+0000] {spark_submit.py:579} INFO - propertiesFile          null
[2024-09-15T14:57:48.036+0000] {spark_submit.py:579} INFO - driverMemory            null
[2024-09-15T14:57:48.037+0000] {spark_submit.py:579} INFO - driverCores             null
[2024-09-15T14:57:48.038+0000] {spark_submit.py:579} INFO - driverExtraClassPath    null
[2024-09-15T14:57:48.038+0000] {spark_submit.py:579} INFO - driverExtraLibraryPath  null
[2024-09-15T14:57:48.039+0000] {spark_submit.py:579} INFO - driverExtraJavaOptions  null
[2024-09-15T14:57:48.041+0000] {spark_submit.py:579} INFO - supervise               false
[2024-09-15T14:57:48.042+0000] {spark_submit.py:579} INFO - queue                   null
[2024-09-15T14:57:48.042+0000] {spark_submit.py:579} INFO - numExecutors            null
[2024-09-15T14:57:48.043+0000] {spark_submit.py:579} INFO - files                   null
[2024-09-15T14:57:48.044+0000] {spark_submit.py:579} INFO - pyFiles                 null
[2024-09-15T14:57:48.046+0000] {spark_submit.py:579} INFO - archives                null
[2024-09-15T14:57:48.047+0000] {spark_submit.py:579} INFO - mainClass               null
[2024-09-15T14:57:48.047+0000] {spark_submit.py:579} INFO - primaryResource         file:/opt/***/dags/air_data_analysis.py
[2024-09-15T14:57:48.048+0000] {spark_submit.py:579} INFO - name                    arrow-spark
[2024-09-15T14:57:48.050+0000] {spark_submit.py:579} INFO - childArgs               []
[2024-09-15T14:57:48.051+0000] {spark_submit.py:579} INFO - jars                    null
[2024-09-15T14:57:48.052+0000] {spark_submit.py:579} INFO - packages                null
[2024-09-15T14:57:48.053+0000] {spark_submit.py:579} INFO - packagesExclusions      null
[2024-09-15T14:57:48.054+0000] {spark_submit.py:579} INFO - repositories            null
[2024-09-15T14:57:48.055+0000] {spark_submit.py:579} INFO - verbose                 true
[2024-09-15T14:57:48.056+0000] {spark_submit.py:579} INFO - 
[2024-09-15T14:57:48.057+0000] {spark_submit.py:579} INFO - Spark properties used, including those specified through
[2024-09-15T14:57:48.058+0000] {spark_submit.py:579} INFO - --conf and those from the properties file null:
[2024-09-15T14:57:48.059+0000] {spark_submit.py:579} INFO - (spark.master,spark://spark-master:7077)
[2024-09-15T14:57:48.060+0000] {spark_submit.py:579} INFO - 
[2024-09-15T14:57:48.061+0000] {spark_submit.py:579} INFO - 
[2024-09-15T14:57:48.721+0000] {spark_submit.py:579} INFO - Main class:
[2024-09-15T14:57:48.723+0000] {spark_submit.py:579} INFO - org.apache.spark.deploy.PythonRunner
[2024-09-15T14:57:48.724+0000] {spark_submit.py:579} INFO - Arguments:
[2024-09-15T14:57:48.725+0000] {spark_submit.py:579} INFO - file:/opt/***/dags/air_data_analysis.py
[2024-09-15T14:57:48.726+0000] {spark_submit.py:579} INFO - null
[2024-09-15T14:57:48.729+0000] {spark_submit.py:579} INFO - Spark config:
[2024-09-15T14:57:48.730+0000] {spark_submit.py:579} INFO - (spark.app.name,arrow-spark)
[2024-09-15T14:57:48.731+0000] {spark_submit.py:579} INFO - (spark.app.submitTime,1726412268686)
[2024-09-15T14:57:48.732+0000] {spark_submit.py:579} INFO - (spark.master,spark://spark-master:7077)
[2024-09-15T14:57:48.734+0000] {spark_submit.py:579} INFO - (spark.submit.deployMode,client)
[2024-09-15T14:57:48.735+0000] {spark_submit.py:579} INFO - (spark.submit.pyFiles,)
[2024-09-15T14:57:48.736+0000] {spark_submit.py:579} INFO - Classpath elements:
[2024-09-15T14:57:48.740+0000] {spark_submit.py:579} INFO - 
[2024-09-15T14:57:48.741+0000] {spark_submit.py:579} INFO - 
[2024-09-15T14:57:48.742+0000] {spark_submit.py:579} INFO - 
[2024-09-15T14:57:54.054+0000] {spark_submit.py:579} INFO - 24/09/15 14:57:54 INFO SparkContext: Running Spark version 3.5.2
[2024-09-15T14:57:54.061+0000] {spark_submit.py:579} INFO - 24/09/15 14:57:54 INFO SparkContext: OS info Linux, 5.15.153.1-microsoft-standard-WSL2, amd64
[2024-09-15T14:57:54.063+0000] {spark_submit.py:579} INFO - 24/09/15 14:57:54 INFO SparkContext: Java version 17.0.12
[2024-09-15T14:57:54.239+0000] {spark_submit.py:579} INFO - 24/09/15 14:57:54 WARN NativeCodeLoader: Unable to load native-hadoop library for your platform... using builtin-java classes where applicable
[2024-09-15T14:57:54.488+0000] {spark_submit.py:579} INFO - 24/09/15 14:57:54 INFO ResourceUtils: ==============================================================
[2024-09-15T14:57:54.490+0000] {spark_submit.py:579} INFO - 24/09/15 14:57:54 INFO ResourceUtils: No custom resources configured for spark.driver.
[2024-09-15T14:57:54.491+0000] {spark_submit.py:579} INFO - 24/09/15 14:57:54 INFO ResourceUtils: ==============================================================
[2024-09-15T14:57:54.493+0000] {spark_submit.py:579} INFO - 24/09/15 14:57:54 INFO SparkContext: Submitted application: Airbnb_regr_model
[2024-09-15T14:57:54.545+0000] {spark_submit.py:579} INFO - 24/09/15 14:57:54 INFO ResourceProfile: Default ResourceProfile created, executor resources: Map(cores -> name: cores, amount: 1, script: , vendor: , memory -> name: memory, amount: 1024, script: , vendor: , offHeap -> name: offHeap, amount: 0, script: , vendor: ), task resources: Map(cpus -> name: cpus, amount: 1.0)
[2024-09-15T14:57:54.565+0000] {spark_submit.py:579} INFO - 24/09/15 14:57:54 INFO ResourceProfile: Limiting resource is cpu
[2024-09-15T14:57:54.567+0000] {spark_submit.py:579} INFO - 24/09/15 14:57:54 INFO ResourceProfileManager: Added ResourceProfile id: 0
[2024-09-15T14:57:54.716+0000] {spark_submit.py:579} INFO - 24/09/15 14:57:54 INFO SecurityManager: Changing view acls to: ***
[2024-09-15T14:57:54.717+0000] {spark_submit.py:579} INFO - 24/09/15 14:57:54 INFO SecurityManager: Changing modify acls to: ***
[2024-09-15T14:57:54.719+0000] {spark_submit.py:579} INFO - 24/09/15 14:57:54 INFO SecurityManager: Changing view acls groups to:
[2024-09-15T14:57:54.720+0000] {spark_submit.py:579} INFO - 24/09/15 14:57:54 INFO SecurityManager: Changing modify acls groups to:
[2024-09-15T14:57:54.722+0000] {spark_submit.py:579} INFO - 24/09/15 14:57:54 INFO SecurityManager: SecurityManager: authentication disabled; ui acls disabled; users with view permissions: ***; groups with view permissions: EMPTY; users with modify permissions: ***; groups with modify permissions: EMPTY
[2024-09-15T14:57:55.669+0000] {spark_submit.py:579} INFO - 24/09/15 14:57:55 INFO Utils: Successfully started service 'sparkDriver' on port 39993.
[2024-09-15T14:57:56.084+0000] {spark_submit.py:579} INFO - 24/09/15 14:57:56 INFO SparkEnv: Registering MapOutputTracker
[2024-09-15T14:57:56.281+0000] {spark_submit.py:579} INFO - 24/09/15 14:57:56 INFO SparkEnv: Registering BlockManagerMaster
[2024-09-15T14:57:56.696+0000] {spark_submit.py:579} INFO - 24/09/15 14:57:56 INFO BlockManagerMasterEndpoint: Using org.apache.spark.storage.DefaultTopologyMapper for getting topology information
[2024-09-15T14:57:56.699+0000] {spark_submit.py:579} INFO - 24/09/15 14:57:56 INFO BlockManagerMasterEndpoint: BlockManagerMasterEndpoint up
[2024-09-15T14:57:56.726+0000] {spark_submit.py:579} INFO - 24/09/15 14:57:56 INFO SparkEnv: Registering BlockManagerMasterHeartbeat
[2024-09-15T14:57:56.859+0000] {spark_submit.py:579} INFO - 24/09/15 14:57:56 INFO DiskBlockManager: Created local directory at /tmp/blockmgr-90e30fa7-147e-43ee-86d8-11643d7c60cf
[2024-09-15T14:57:56.954+0000] {spark_submit.py:579} INFO - 24/09/15 14:57:56 INFO MemoryStore: MemoryStore started with capacity 434.4 MiB
[2024-09-15T14:57:57.131+0000] {spark_submit.py:579} INFO - 24/09/15 14:57:57 INFO SparkEnv: Registering OutputCommitCoordinator
[2024-09-15T14:57:57.930+0000] {spark_submit.py:579} INFO - 24/09/15 14:57:57 INFO JettyUtils: Start Jetty 0.0.0.0:4040 for SparkUI
[2024-09-15T14:57:58.444+0000] {spark_submit.py:579} INFO - 24/09/15 14:57:58 INFO Utils: Successfully started service 'SparkUI' on port 4040.
[2024-09-15T14:57:59.423+0000] {spark_submit.py:579} INFO - 24/09/15 14:57:59 INFO Executor: Starting executor ID driver on host fb744bf0dc86
[2024-09-15T14:57:59.425+0000] {spark_submit.py:579} INFO - 24/09/15 14:57:59 INFO Executor: OS info Linux, 5.15.153.1-microsoft-standard-WSL2, amd64
[2024-09-15T14:57:59.427+0000] {spark_submit.py:579} INFO - 24/09/15 14:57:59 INFO Executor: Java version 17.0.12
[2024-09-15T14:57:59.455+0000] {spark_submit.py:579} INFO - 24/09/15 14:57:59 INFO Executor: Starting executor with user classpath (userClassPathFirst = false): ''
[2024-09-15T14:57:59.458+0000] {spark_submit.py:579} INFO - 24/09/15 14:57:59 INFO Executor: Created or updated repl class loader org.apache.spark.util.MutableURLClassLoader@7432b5cc for default.
[2024-09-15T14:57:59.533+0000] {spark_submit.py:579} INFO - 24/09/15 14:57:59 INFO Utils: Successfully started service 'org.apache.spark.network.netty.NettyBlockTransferService' on port 37451.
[2024-09-15T14:57:59.534+0000] {spark_submit.py:579} INFO - 24/09/15 14:57:59 INFO NettyBlockTransferService: Server created on fb744bf0dc86:37451
[2024-09-15T14:57:59.539+0000] {spark_submit.py:579} INFO - 24/09/15 14:57:59 INFO BlockManager: Using org.apache.spark.storage.RandomBlockReplicationPolicy for block replication policy
[2024-09-15T14:57:59.557+0000] {spark_submit.py:579} INFO - 24/09/15 14:57:59 INFO BlockManagerMaster: Registering BlockManager BlockManagerId(driver, fb744bf0dc86, 37451, None)
[2024-09-15T14:57:59.571+0000] {spark_submit.py:579} INFO - 24/09/15 14:57:59 INFO BlockManagerMasterEndpoint: Registering block manager fb744bf0dc86:37451 with 434.4 MiB RAM, BlockManagerId(driver, fb744bf0dc86, 37451, None)
[2024-09-15T14:57:59.579+0000] {spark_submit.py:579} INFO - 24/09/15 14:57:59 INFO BlockManagerMaster: Registered BlockManager BlockManagerId(driver, fb744bf0dc86, 37451, None)
[2024-09-15T14:57:59.582+0000] {spark_submit.py:579} INFO - 24/09/15 14:57:59 INFO BlockManager: Initialized BlockManager: BlockManagerId(driver, fb744bf0dc86, 37451, None)
[2024-09-15T14:58:00.871+0000] {spark_submit.py:579} INFO - 24/09/15 14:58:00 INFO SharedState: Setting hive.metastore.warehouse.dir ('null') to the value of spark.sql.warehouse.dir.
[2024-09-15T14:58:00.889+0000] {spark_submit.py:579} INFO - 24/09/15 14:58:00 INFO SharedState: Warehouse path is 'file:/user/hive/warehouse'.
[2024-09-15T14:58:03.370+0000] {spark_submit.py:579} INFO - 24/09/15 14:58:03 INFO InMemoryFileIndex: It took 124 ms to list leaf files for 1 paths.
[2024-09-15T14:58:03.523+0000] {spark_submit.py:579} INFO - 24/09/15 14:58:03 INFO InMemoryFileIndex: It took 3 ms to list leaf files for 1 paths.
[2024-09-15T14:58:10.819+0000] {spark_submit.py:579} INFO - 24/09/15 14:58:10 INFO FileSourceStrategy: Pushed Filters:
[2024-09-15T14:58:10.822+0000] {spark_submit.py:579} INFO - 24/09/15 14:58:10 INFO FileSourceStrategy: Post-Scan Filters:
[2024-09-15T14:58:11.353+0000] {spark_submit.py:579} INFO - 24/09/15 14:58:11 INFO MemoryStore: Block broadcast_0 stored as values in memory (estimated size 200.2 KiB, free 434.2 MiB)
[2024-09-15T14:58:11.523+0000] {spark_submit.py:579} INFO - 24/09/15 14:58:11 INFO MemoryStore: Block broadcast_0_piece0 stored as bytes in memory (estimated size 34.5 KiB, free 434.2 MiB)
[2024-09-15T14:58:11.531+0000] {spark_submit.py:579} INFO - 24/09/15 14:58:11 INFO BlockManagerInfo: Added broadcast_0_piece0 in memory on fb744bf0dc86:37451 (size: 34.5 KiB, free: 434.4 MiB)
[2024-09-15T14:58:11.546+0000] {spark_submit.py:579} INFO - 24/09/15 14:58:11 INFO SparkContext: Created broadcast 0 from csv at NativeMethodAccessorImpl.java:0
[2024-09-15T14:58:11.578+0000] {spark_submit.py:579} INFO - 24/09/15 14:58:11 INFO FileSourceScanExec: Planning scan with bin packing, max size: 4194304 bytes, open cost is considered as scanning 4194304 bytes.
[2024-09-15T14:58:13.263+0000] {spark_submit.py:579} INFO - 24/09/15 14:58:13 INFO CodeGenerator: Code generated in 466.218601 ms
[2024-09-15T14:58:13.459+0000] {spark_submit.py:579} INFO - 24/09/15 14:58:13 INFO SparkContext: Starting job: csv at NativeMethodAccessorImpl.java:0
[2024-09-15T14:58:13.500+0000] {spark_submit.py:579} INFO - 24/09/15 14:58:13 INFO DAGScheduler: Got job 0 (csv at NativeMethodAccessorImpl.java:0) with 1 output partitions
[2024-09-15T14:58:13.501+0000] {spark_submit.py:579} INFO - 24/09/15 14:58:13 INFO DAGScheduler: Final stage: ResultStage 0 (csv at NativeMethodAccessorImpl.java:0)
[2024-09-15T14:58:13.502+0000] {spark_submit.py:579} INFO - 24/09/15 14:58:13 INFO DAGScheduler: Parents of final stage: List()
[2024-09-15T14:58:13.505+0000] {spark_submit.py:579} INFO - 24/09/15 14:58:13 INFO DAGScheduler: Missing parents: List()
[2024-09-15T14:58:13.513+0000] {spark_submit.py:579} INFO - 24/09/15 14:58:13 INFO DAGScheduler: Submitting ResultStage 0 (MapPartitionsRDD[6] at csv at NativeMethodAccessorImpl.java:0), which has no missing parents
[2024-09-15T14:58:13.703+0000] {spark_submit.py:579} INFO - 24/09/15 14:58:13 INFO MemoryStore: Block broadcast_1 stored as values in memory (estimated size 19.1 KiB, free 434.2 MiB)
[2024-09-15T14:58:13.707+0000] {spark_submit.py:579} INFO - 24/09/15 14:58:13 INFO MemoryStore: Block broadcast_1_piece0 stored as bytes in memory (estimated size 8.3 KiB, free 434.1 MiB)
[2024-09-15T14:58:13.709+0000] {spark_submit.py:579} INFO - 24/09/15 14:58:13 INFO BlockManagerInfo: Added broadcast_1_piece0 in memory on fb744bf0dc86:37451 (size: 8.3 KiB, free: 434.4 MiB)
[2024-09-15T14:58:13.710+0000] {spark_submit.py:579} INFO - 24/09/15 14:58:13 INFO SparkContext: Created broadcast 1 from broadcast at DAGScheduler.scala:1585
[2024-09-15T14:58:13.746+0000] {spark_submit.py:579} INFO - 24/09/15 14:58:13 INFO DAGScheduler: Submitting 1 missing tasks from ResultStage 0 (MapPartitionsRDD[6] at csv at NativeMethodAccessorImpl.java:0) (first 15 tasks are for partitions Vector(0))
[2024-09-15T14:58:13.748+0000] {spark_submit.py:579} INFO - 24/09/15 14:58:13 INFO TaskSchedulerImpl: Adding task set 0.0 with 1 tasks resource profile 0
[2024-09-15T14:58:13.826+0000] {spark_submit.py:579} INFO - 24/09/15 14:58:13 INFO TaskSetManager: Starting task 0.0 in stage 0.0 (TID 0) (fb744bf0dc86, executor driver, partition 0, PROCESS_LOCAL, 9601 bytes)
[2024-09-15T14:58:13.854+0000] {spark_submit.py:579} INFO - 24/09/15 14:58:13 INFO Executor: Running task 0.0 in stage 0.0 (TID 0)
[2024-09-15T14:58:14.120+0000] {spark_submit.py:579} INFO - 24/09/15 14:58:14 INFO CodeGenerator: Code generated in 33.940425 ms
[2024-09-15T14:58:14.128+0000] {spark_submit.py:579} INFO - 24/09/15 14:58:14 INFO FileScanRDD: Reading File path: file:///opt/***/datasets/Airbnb.csv, range: 0-4194304, partition values: [empty row]
[2024-09-15T14:58:14.166+0000] {spark_submit.py:579} INFO - 24/09/15 14:58:14 INFO CodeGenerator: Code generated in 23.847585 ms
[2024-09-15T14:58:14.300+0000] {spark_submit.py:579} INFO - 24/09/15 14:58:14 INFO Executor: Finished task 0.0 in stage 0.0 (TID 0). 1851 bytes result sent to driver
[2024-09-15T14:58:14.321+0000] {spark_submit.py:579} INFO - 24/09/15 14:58:14 INFO TaskSetManager: Finished task 0.0 in stage 0.0 (TID 0) in 511 ms on fb744bf0dc86 (executor driver) (1/1)
[2024-09-15T14:58:14.325+0000] {spark_submit.py:579} INFO - 24/09/15 14:58:14 INFO TaskSchedulerImpl: Removed TaskSet 0.0, whose tasks have all completed, from pool
[2024-09-15T14:58:14.341+0000] {spark_submit.py:579} INFO - 24/09/15 14:58:14 INFO DAGScheduler: ResultStage 0 (csv at NativeMethodAccessorImpl.java:0) finished in 0.803 s
[2024-09-15T14:58:14.350+0000] {spark_submit.py:579} INFO - 24/09/15 14:58:14 INFO DAGScheduler: Job 0 is finished. Cancelling potential speculative or zombie tasks for this job
[2024-09-15T14:58:14.352+0000] {spark_submit.py:579} INFO - 24/09/15 14:58:14 INFO TaskSchedulerImpl: Killing all running tasks in stage 0: Stage finished
[2024-09-15T14:58:14.357+0000] {spark_submit.py:579} INFO - 24/09/15 14:58:14 INFO DAGScheduler: Job 0 finished: csv at NativeMethodAccessorImpl.java:0, took 0.896378 s
[2024-09-15T14:58:14.391+0000] {spark_submit.py:579} INFO - 24/09/15 14:58:14 INFO CodeGenerator: Code generated in 16.174081 ms
[2024-09-15T14:58:14.635+0000] {spark_submit.py:579} INFO - 24/09/15 14:58:14 INFO BlockManagerInfo: Removed broadcast_1_piece0 on fb744bf0dc86:37451 in memory (size: 8.3 KiB, free: 434.4 MiB)
[2024-09-15T14:58:14.693+0000] {spark_submit.py:579} INFO - 24/09/15 14:58:14 INFO SparkContext: Starting job: csv at NativeMethodAccessorImpl.java:0
[2024-09-15T14:58:14.697+0000] {spark_submit.py:579} INFO - 24/09/15 14:58:14 INFO DAGScheduler: Got job 1 (csv at NativeMethodAccessorImpl.java:0) with 2 output partitions
[2024-09-15T14:58:14.698+0000] {spark_submit.py:579} INFO - 24/09/15 14:58:14 INFO DAGScheduler: Final stage: ResultStage 1 (csv at NativeMethodAccessorImpl.java:0)
[2024-09-15T14:58:14.700+0000] {spark_submit.py:579} INFO - 24/09/15 14:58:14 INFO DAGScheduler: Parents of final stage: List()
[2024-09-15T14:58:14.702+0000] {spark_submit.py:579} INFO - 24/09/15 14:58:14 INFO DAGScheduler: Missing parents: List()
[2024-09-15T14:58:14.703+0000] {spark_submit.py:579} INFO - 24/09/15 14:58:14 INFO DAGScheduler: Submitting ResultStage 1 (MapPartitionsRDD[10] at csv at NativeMethodAccessorImpl.java:0), which has no missing parents
[2024-09-15T14:58:14.718+0000] {spark_submit.py:579} INFO - 24/09/15 14:58:14 INFO MemoryStore: Block broadcast_2 stored as values in memory (estimated size 19.7 KiB, free 434.2 MiB)
[2024-09-15T14:58:14.730+0000] {spark_submit.py:579} INFO - 24/09/15 14:58:14 INFO MemoryStore: Block broadcast_2_piece0 stored as bytes in memory (estimated size 9.1 KiB, free 434.1 MiB)
[2024-09-15T14:58:14.734+0000] {spark_submit.py:579} INFO - 24/09/15 14:58:14 INFO BlockManagerInfo: Added broadcast_2_piece0 in memory on fb744bf0dc86:37451 (size: 9.1 KiB, free: 434.4 MiB)
[2024-09-15T14:58:14.736+0000] {spark_submit.py:579} INFO - 24/09/15 14:58:14 INFO SparkContext: Created broadcast 2 from broadcast at DAGScheduler.scala:1585
[2024-09-15T14:58:14.739+0000] {spark_submit.py:579} INFO - 24/09/15 14:58:14 INFO DAGScheduler: Submitting 2 missing tasks from ResultStage 1 (MapPartitionsRDD[10] at csv at NativeMethodAccessorImpl.java:0) (first 15 tasks are for partitions Vector(0, 1))
[2024-09-15T14:58:14.741+0000] {spark_submit.py:579} INFO - 24/09/15 14:58:14 INFO TaskSchedulerImpl: Adding task set 1.0 with 2 tasks resource profile 0
[2024-09-15T14:58:14.744+0000] {spark_submit.py:579} INFO - 24/09/15 14:58:14 INFO TaskSetManager: Starting task 0.0 in stage 1.0 (TID 1) (fb744bf0dc86, executor driver, partition 0, PROCESS_LOCAL, 9601 bytes)
[2024-09-15T14:58:14.747+0000] {spark_submit.py:579} INFO - 24/09/15 14:58:14 INFO TaskSetManager: Starting task 1.0 in stage 1.0 (TID 2) (fb744bf0dc86, executor driver, partition 1, PROCESS_LOCAL, 9601 bytes)
[2024-09-15T14:58:14.749+0000] {spark_submit.py:579} INFO - 24/09/15 14:58:14 INFO Executor: Running task 0.0 in stage 1.0 (TID 1)
[2024-09-15T14:58:14.762+0000] {spark_submit.py:579} INFO - 24/09/15 14:58:14 INFO Executor: Running task 1.0 in stage 1.0 (TID 2)
[2024-09-15T14:58:14.835+0000] {spark_submit.py:579} INFO - 24/09/15 14:58:14 INFO FileScanRDD: Reading File path: file:///opt/***/datasets/Airbnb.csv, range: 4194304-7081245, partition values: [empty row]
[2024-09-15T14:58:14.839+0000] {spark_submit.py:579} INFO - 24/09/15 14:58:14 INFO FileScanRDD: Reading File path: file:///opt/***/datasets/Airbnb.csv, range: 0-4194304, partition values: [empty row]
[2024-09-15T14:58:16.175+0000] {spark_submit.py:579} INFO - 24/09/15 14:58:16 INFO Executor: Finished task 1.0 in stage 1.0 (TID 2). 1546 bytes result sent to driver
[2024-09-15T14:58:16.183+0000] {spark_submit.py:579} INFO - 24/09/15 14:58:16 INFO TaskSetManager: Finished task 1.0 in stage 1.0 (TID 2) in 1437 ms on fb744bf0dc86 (executor driver) (1/2)
[2024-09-15T14:58:16.347+0000] {spark_submit.py:579} INFO - 24/09/15 14:58:16 INFO Executor: Finished task 0.0 in stage 1.0 (TID 1). 1546 bytes result sent to driver
[2024-09-15T14:58:16.355+0000] {spark_submit.py:579} INFO - 24/09/15 14:58:16 INFO TaskSetManager: Finished task 0.0 in stage 1.0 (TID 1) in 1612 ms on fb744bf0dc86 (executor driver) (2/2)
[2024-09-15T14:58:16.356+0000] {spark_submit.py:579} INFO - 24/09/15 14:58:16 INFO TaskSchedulerImpl: Removed TaskSet 1.0, whose tasks have all completed, from pool
[2024-09-15T14:58:16.358+0000] {spark_submit.py:579} INFO - 24/09/15 14:58:16 INFO DAGScheduler: ResultStage 1 (csv at NativeMethodAccessorImpl.java:0) finished in 1.649 s
[2024-09-15T14:58:16.359+0000] {spark_submit.py:579} INFO - 24/09/15 14:58:16 INFO DAGScheduler: Job 1 is finished. Cancelling potential speculative or zombie tasks for this job
[2024-09-15T14:58:16.361+0000] {spark_submit.py:579} INFO - 24/09/15 14:58:16 INFO TaskSchedulerImpl: Killing all running tasks in stage 1: Stage finished
[2024-09-15T14:58:16.362+0000] {spark_submit.py:579} INFO - 24/09/15 14:58:16 INFO DAGScheduler: Job 1 finished: csv at NativeMethodAccessorImpl.java:0, took 1.667232 s
[2024-09-15T14:58:17.208+0000] {spark_submit.py:579} INFO - 24/09/15 14:58:17 INFO HiveConf: Found configuration file null
[2024-09-15T14:58:17.239+0000] {spark_submit.py:579} INFO - 24/09/15 14:58:17 INFO HiveUtils: Initializing HiveMetastoreConnection version 2.3.9 using Spark classes.
[2024-09-15T14:58:17.803+0000] {spark_submit.py:579} INFO - 24/09/15 14:58:17 INFO HiveClientImpl: Warehouse location for Hive client (version 2.3.9) is file:/user/hive/warehouse
[2024-09-15T14:58:17.907+0000] {spark_submit.py:579} INFO - 24/09/15 14:58:17 INFO metastore: Trying to connect to metastore with URI thrift://hive-metastore:9083
[2024-09-15T14:58:17.976+0000] {spark_submit.py:579} INFO - 24/09/15 14:58:17 INFO metastore: Opened a connection to metastore, current connections: 1
[2024-09-15T14:58:18.177+0000] {spark_submit.py:579} INFO - 24/09/15 14:58:18 INFO metastore: Connected to metastore.
[2024-09-15T14:58:20.809+0000] {spark_submit.py:579} INFO - 24/09/15 14:58:20 INFO BlockManagerInfo: Removed broadcast_2_piece0 on fb744bf0dc86:37451 in memory (size: 9.1 KiB, free: 434.4 MiB)
[2024-09-15T14:58:21.960+0000] {spark_submit.py:579} INFO - 24/09/15 14:58:21 INFO InMemoryFileIndex: It took 102 ms to list leaf files for 1 paths.
[2024-09-15T14:58:23.050+0000] {spark_submit.py:579} INFO - 24/09/15 14:58:23 INFO FileSourceStrategy: Pushed Filters: IsNotNull(availability_365),GreaterThan(availability_365,15)
[2024-09-15T14:58:23.052+0000] {spark_submit.py:579} INFO - 24/09/15 14:58:23 INFO FileSourceStrategy: Post-Scan Filters: isnotnull(availability_365#36),atleastnnonnulls(8, neighbourhood_group#25, neighbourhood#26, room_type#29, price#30, minimum_nights#31, number_of_reviews#32, calculated_host_listings_count#35, availability_365#36),(availability_365#36 > 15)
[2024-09-15T14:58:24.785+0000] {spark_submit.py:579} INFO - 24/09/15 14:58:24 INFO CodeGenerator: Code generated in 830.862031 ms
[2024-09-15T14:58:24.802+0000] {spark_submit.py:579} INFO - 24/09/15 14:58:24 INFO MemoryStore: Block broadcast_3 stored as values in memory (estimated size 200.1 KiB, free 434.0 MiB)
[2024-09-15T14:58:24.858+0000] {spark_submit.py:579} INFO - 24/09/15 14:58:24 INFO MemoryStore: Block broadcast_3_piece0 stored as bytes in memory (estimated size 34.5 KiB, free 433.9 MiB)
[2024-09-15T14:58:24.860+0000] {spark_submit.py:579} INFO - 24/09/15 14:58:24 INFO BlockManagerInfo: Added broadcast_3_piece0 in memory on fb744bf0dc86:37451 (size: 34.5 KiB, free: 434.3 MiB)
[2024-09-15T14:58:24.864+0000] {spark_submit.py:579} INFO - 24/09/15 14:58:24 INFO SparkContext: Created broadcast 3 from saveAsTable at NativeMethodAccessorImpl.java:0
[2024-09-15T14:58:24.883+0000] {spark_submit.py:579} INFO - 24/09/15 14:58:24 INFO FileSourceScanExec: Planning scan with bin packing, max size: 4194304 bytes, open cost is considered as scanning 4194304 bytes.
[2024-09-15T14:58:25.798+0000] {spark_submit.py:579} INFO - 24/09/15 14:58:25 INFO DAGScheduler: Registering RDD 14 (saveAsTable at NativeMethodAccessorImpl.java:0) as input to shuffle 0
[2024-09-15T14:58:25.808+0000] {spark_submit.py:579} INFO - 24/09/15 14:58:25 INFO DAGScheduler: Got map stage job 2 (saveAsTable at NativeMethodAccessorImpl.java:0) with 2 output partitions
[2024-09-15T14:58:25.810+0000] {spark_submit.py:579} INFO - 24/09/15 14:58:25 INFO DAGScheduler: Final stage: ShuffleMapStage 2 (saveAsTable at NativeMethodAccessorImpl.java:0)
[2024-09-15T14:58:25.811+0000] {spark_submit.py:579} INFO - 24/09/15 14:58:25 INFO DAGScheduler: Parents of final stage: List()
[2024-09-15T14:58:25.812+0000] {spark_submit.py:579} INFO - 24/09/15 14:58:25 INFO DAGScheduler: Missing parents: List()
[2024-09-15T14:58:25.816+0000] {spark_submit.py:579} INFO - 24/09/15 14:58:25 INFO DAGScheduler: Submitting ShuffleMapStage 2 (MapPartitionsRDD[14] at saveAsTable at NativeMethodAccessorImpl.java:0), which has no missing parents
[2024-09-15T14:58:25.859+0000] {spark_submit.py:579} INFO - 24/09/15 14:58:25 INFO MemoryStore: Block broadcast_4 stored as values in memory (estimated size 55.7 KiB, free 433.9 MiB)
[2024-09-15T14:58:25.865+0000] {spark_submit.py:579} INFO - 24/09/15 14:58:25 INFO MemoryStore: Block broadcast_4_piece0 stored as bytes in memory (estimated size 23.8 KiB, free 433.9 MiB)
[2024-09-15T14:58:25.868+0000] {spark_submit.py:579} INFO - 24/09/15 14:58:25 INFO BlockManagerInfo: Added broadcast_4_piece0 in memory on fb744bf0dc86:37451 (size: 23.8 KiB, free: 434.3 MiB)
[2024-09-15T14:58:25.871+0000] {spark_submit.py:579} INFO - 24/09/15 14:58:25 INFO SparkContext: Created broadcast 4 from broadcast at DAGScheduler.scala:1585
[2024-09-15T14:58:25.875+0000] {spark_submit.py:579} INFO - 24/09/15 14:58:25 INFO DAGScheduler: Submitting 2 missing tasks from ShuffleMapStage 2 (MapPartitionsRDD[14] at saveAsTable at NativeMethodAccessorImpl.java:0) (first 15 tasks are for partitions Vector(0, 1))
[2024-09-15T14:58:25.877+0000] {spark_submit.py:579} INFO - 24/09/15 14:58:25 INFO TaskSchedulerImpl: Adding task set 2.0 with 2 tasks resource profile 0
[2024-09-15T14:58:25.882+0000] {spark_submit.py:579} INFO - 24/09/15 14:58:25 INFO TaskSetManager: Starting task 0.0 in stage 2.0 (TID 3) (fb744bf0dc86, executor driver, partition 0, PROCESS_LOCAL, 9590 bytes)
[2024-09-15T14:58:25.886+0000] {spark_submit.py:579} INFO - 24/09/15 14:58:25 INFO TaskSetManager: Starting task 1.0 in stage 2.0 (TID 4) (fb744bf0dc86, executor driver, partition 1, PROCESS_LOCAL, 9590 bytes)
[2024-09-15T14:58:25.888+0000] {spark_submit.py:579} INFO - 24/09/15 14:58:25 INFO Executor: Running task 0.0 in stage 2.0 (TID 3)
[2024-09-15T14:58:25.890+0000] {spark_submit.py:579} INFO - 24/09/15 14:58:25 INFO Executor: Running task 1.0 in stage 2.0 (TID 4)
[2024-09-15T14:58:26.126+0000] {spark_submit.py:579} INFO - 24/09/15 14:58:26 INFO CodeGenerator: Code generated in 160.590677 ms
[2024-09-15T14:58:26.188+0000] {spark_submit.py:579} INFO - 24/09/15 14:58:26 INFO CodeGenerator: Code generated in 37.001563 ms
[2024-09-15T14:58:26.270+0000] {spark_submit.py:579} INFO - 24/09/15 14:58:26 INFO CodeGenerator: Code generated in 16.297612 ms
[2024-09-15T14:58:26.356+0000] {spark_submit.py:579} INFO - 24/09/15 14:58:26 INFO CodeGenerator: Code generated in 52.505352 ms
[2024-09-15T14:58:26.424+0000] {spark_submit.py:579} INFO - 24/09/15 14:58:26 INFO FileScanRDD: Reading File path: file:///opt/***/datasets/Airbnb.csv, range: 4194304-7081245, partition values: [empty row]
[2024-09-15T14:58:26.428+0000] {spark_submit.py:579} INFO - 24/09/15 14:58:26 INFO FileScanRDD: Reading File path: file:///opt/***/datasets/Airbnb.csv, range: 0-4194304, partition values: [empty row]
[2024-09-15T14:58:26.510+0000] {spark_submit.py:579} INFO - 24/09/15 14:58:26 INFO CodeGenerator: Code generated in 54.753063 ms
[2024-09-15T14:58:26.658+0000] {spark_submit.py:579} INFO - 24/09/15 14:58:26 INFO CodeGenerator: Code generated in 23.314543 ms
[2024-09-15T14:58:27.834+0000] {spark_submit.py:579} INFO - 24/09/15 14:58:27 INFO BlockManagerInfo: Removed broadcast_0_piece0 on fb744bf0dc86:37451 in memory (size: 34.5 KiB, free: 434.3 MiB)
[2024-09-15T14:58:29.104+0000] {spark_submit.py:579} INFO - 24/09/15 14:58:29 INFO Executor: Finished task 0.0 in stage 2.0 (TID 3). 2864 bytes result sent to driver
[2024-09-15T14:58:29.106+0000] {spark_submit.py:579} INFO - 24/09/15 14:58:29 INFO Executor: Finished task 1.0 in stage 2.0 (TID 4). 2864 bytes result sent to driver
[2024-09-15T14:58:29.111+0000] {spark_submit.py:579} INFO - 24/09/15 14:58:29 INFO TaskSetManager: Finished task 0.0 in stage 2.0 (TID 3) in 3231 ms on fb744bf0dc86 (executor driver) (1/2)
[2024-09-15T14:58:29.112+0000] {spark_submit.py:579} INFO - 24/09/15 14:58:29 INFO TaskSetManager: Finished task 1.0 in stage 2.0 (TID 4) in 3228 ms on fb744bf0dc86 (executor driver) (2/2)
[2024-09-15T14:58:29.114+0000] {spark_submit.py:579} INFO - 24/09/15 14:58:29 INFO TaskSchedulerImpl: Removed TaskSet 2.0, whose tasks have all completed, from pool
[2024-09-15T14:58:29.119+0000] {spark_submit.py:579} INFO - 24/09/15 14:58:29 INFO DAGScheduler: ShuffleMapStage 2 (saveAsTable at NativeMethodAccessorImpl.java:0) finished in 3.294 s
[2024-09-15T14:58:29.121+0000] {spark_submit.py:579} INFO - 24/09/15 14:58:29 INFO DAGScheduler: looking for newly runnable stages
[2024-09-15T14:58:29.122+0000] {spark_submit.py:579} INFO - 24/09/15 14:58:29 INFO DAGScheduler: running: Set()
[2024-09-15T14:58:29.123+0000] {spark_submit.py:579} INFO - 24/09/15 14:58:29 INFO DAGScheduler: waiting: Set()
[2024-09-15T14:58:29.125+0000] {spark_submit.py:579} INFO - 24/09/15 14:58:29 INFO DAGScheduler: failed: Set()
[2024-09-15T14:58:29.178+0000] {spark_submit.py:579} INFO - 24/09/15 14:58:29 INFO ShufflePartitionsUtil: For shuffle(0), advisory target size: 67108864, actual target size 1048576, minimum partition size: 1048576
[2024-09-15T14:58:29.343+0000] {spark_submit.py:579} INFO - 24/09/15 14:58:29 INFO ParquetUtils: Using default output committer for Parquet: org.apache.parquet.hadoop.ParquetOutputCommitter
[2024-09-15T14:58:29.373+0000] {spark_submit.py:579} INFO - 24/09/15 14:58:29 INFO FileOutputCommitter: File Output Committer Algorithm version is 1
[2024-09-15T14:58:29.375+0000] {spark_submit.py:579} INFO - 24/09/15 14:58:29 INFO FileOutputCommitter: FileOutputCommitter skip cleanup _temporary folders under output directory:false, ignore cleanup failures: false
[2024-09-15T14:58:29.377+0000] {spark_submit.py:579} INFO - 24/09/15 14:58:29 INFO SQLHadoopMapReduceCommitProtocol: Using user defined output committer class org.apache.parquet.hadoop.ParquetOutputCommitter
[2024-09-15T14:58:29.378+0000] {spark_submit.py:579} INFO - 24/09/15 14:58:29 INFO FileOutputCommitter: File Output Committer Algorithm version is 1
[2024-09-15T14:58:29.380+0000] {spark_submit.py:579} INFO - 24/09/15 14:58:29 INFO FileOutputCommitter: FileOutputCommitter skip cleanup _temporary folders under output directory:false, ignore cleanup failures: false
[2024-09-15T14:58:29.381+0000] {spark_submit.py:579} INFO - 24/09/15 14:58:29 INFO SQLHadoopMapReduceCommitProtocol: Using output committer class org.apache.parquet.hadoop.ParquetOutputCommitter
[2024-09-15T14:58:29.490+0000] {spark_submit.py:579} INFO - 24/09/15 14:58:29 INFO HashAggregateExec: spark.sql.codegen.aggregate.map.twolevel.enabled is set to true, but current version of codegened fast hashmap does not support this aggregate.
[2024-09-15T14:58:29.596+0000] {spark_submit.py:579} INFO - 24/09/15 14:58:29 INFO CodeGenerator: Code generated in 43.786913 ms
[2024-09-15T14:58:29.658+0000] {spark_submit.py:579} INFO - 24/09/15 14:58:29 INFO SparkContext: Starting job: saveAsTable at NativeMethodAccessorImpl.java:0
[2024-09-15T14:58:29.661+0000] {spark_submit.py:579} INFO - 24/09/15 14:58:29 INFO DAGScheduler: Got job 3 (saveAsTable at NativeMethodAccessorImpl.java:0) with 1 output partitions
[2024-09-15T14:58:29.663+0000] {spark_submit.py:579} INFO - 24/09/15 14:58:29 INFO DAGScheduler: Final stage: ResultStage 4 (saveAsTable at NativeMethodAccessorImpl.java:0)
[2024-09-15T14:58:29.664+0000] {spark_submit.py:579} INFO - 24/09/15 14:58:29 INFO DAGScheduler: Parents of final stage: List(ShuffleMapStage 3)
[2024-09-15T14:58:29.665+0000] {spark_submit.py:579} INFO - 24/09/15 14:58:29 INFO DAGScheduler: Missing parents: List()
[2024-09-15T14:58:29.667+0000] {spark_submit.py:579} INFO - 24/09/15 14:58:29 INFO DAGScheduler: Submitting ResultStage 4 (MapPartitionsRDD[17] at saveAsTable at NativeMethodAccessorImpl.java:0), which has no missing parents
[2024-09-15T14:58:29.746+0000] {spark_submit.py:579} INFO - 24/09/15 14:58:29 INFO MemoryStore: Block broadcast_5 stored as values in memory (estimated size 261.5 KiB, free 433.8 MiB)
[2024-09-15T14:58:29.755+0000] {spark_submit.py:579} INFO - 24/09/15 14:58:29 INFO MemoryStore: Block broadcast_5_piece0 stored as bytes in memory (estimated size 96.7 KiB, free 433.7 MiB)
[2024-09-15T14:58:29.756+0000] {spark_submit.py:579} INFO - 24/09/15 14:58:29 INFO BlockManagerInfo: Added broadcast_5_piece0 in memory on fb744bf0dc86:37451 (size: 96.7 KiB, free: 434.2 MiB)
[2024-09-15T14:58:29.758+0000] {spark_submit.py:579} INFO - 24/09/15 14:58:29 INFO SparkContext: Created broadcast 5 from broadcast at DAGScheduler.scala:1585
[2024-09-15T14:58:29.761+0000] {spark_submit.py:579} INFO - 24/09/15 14:58:29 INFO DAGScheduler: Submitting 1 missing tasks from ResultStage 4 (MapPartitionsRDD[17] at saveAsTable at NativeMethodAccessorImpl.java:0) (first 15 tasks are for partitions Vector(0))
[2024-09-15T14:58:29.762+0000] {spark_submit.py:579} INFO - 24/09/15 14:58:29 INFO TaskSchedulerImpl: Adding task set 4.0 with 1 tasks resource profile 0
[2024-09-15T14:58:29.781+0000] {spark_submit.py:579} INFO - 24/09/15 14:58:29 INFO TaskSetManager: Starting task 0.0 in stage 4.0 (TID 5) (fb744bf0dc86, executor driver, partition 0, NODE_LOCAL, 8999 bytes)
[2024-09-15T14:58:29.783+0000] {spark_submit.py:579} INFO - 24/09/15 14:58:29 INFO Executor: Running task 0.0 in stage 4.0 (TID 5)
[2024-09-15T14:58:30.131+0000] {spark_submit.py:579} INFO - 24/09/15 14:58:30 INFO ShuffleBlockFetcherIterator: Getting 2 (961.0 B) non-empty blocks including 2 (961.0 B) local and 0 (0.0 B) host-local and 0 (0.0 B) push-merged-local and 0 (0.0 B) remote blocks
[2024-09-15T14:58:30.145+0000] {spark_submit.py:579} INFO - 24/09/15 14:58:30 INFO ShuffleBlockFetcherIterator: Started 0 remote fetches in 75 ms
[2024-09-15T14:58:30.318+0000] {spark_submit.py:579} INFO - 24/09/15 14:58:30 INFO CodeGenerator: Code generated in 152.162624 ms
[2024-09-15T14:58:30.332+0000] {spark_submit.py:579} INFO - 24/09/15 14:58:30 INFO FileOutputCommitter: File Output Committer Algorithm version is 1
[2024-09-15T14:58:30.334+0000] {spark_submit.py:579} INFO - 24/09/15 14:58:30 INFO FileOutputCommitter: FileOutputCommitter skip cleanup _temporary folders under output directory:false, ignore cleanup failures: false
[2024-09-15T14:58:30.335+0000] {spark_submit.py:579} INFO - 24/09/15 14:58:30 INFO SQLHadoopMapReduceCommitProtocol: Using user defined output committer class org.apache.parquet.hadoop.ParquetOutputCommitter
[2024-09-15T14:58:30.337+0000] {spark_submit.py:579} INFO - 24/09/15 14:58:30 INFO FileOutputCommitter: File Output Committer Algorithm version is 1
[2024-09-15T14:58:30.338+0000] {spark_submit.py:579} INFO - 24/09/15 14:58:30 INFO FileOutputCommitter: FileOutputCommitter skip cleanup _temporary folders under output directory:false, ignore cleanup failures: false
[2024-09-15T14:58:30.340+0000] {spark_submit.py:579} INFO - 24/09/15 14:58:30 INFO SQLHadoopMapReduceCommitProtocol: Using output committer class org.apache.parquet.hadoop.ParquetOutputCommitter
[2024-09-15T14:58:30.366+0000] {spark_submit.py:579} INFO - 24/09/15 14:58:30 INFO CodecConfig: Compression: SNAPPY
[2024-09-15T14:58:30.379+0000] {spark_submit.py:579} INFO - 24/09/15 14:58:30 INFO CodecConfig: Compression: SNAPPY
[2024-09-15T14:58:30.471+0000] {spark_submit.py:579} INFO - 24/09/15 14:58:30 INFO ParquetOutputFormat: ParquetRecordWriter [block size: 134217728b, row group padding size: 8388608b, validating: false]
[2024-09-15T14:58:30.588+0000] {spark_submit.py:579} INFO - 24/09/15 14:58:30 INFO ParquetWriteSupport: Initialized Parquet WriteSupport with Catalyst schema:
[2024-09-15T14:58:30.590+0000] {spark_submit.py:579} INFO - {
[2024-09-15T14:58:30.591+0000] {spark_submit.py:579} INFO - "type" : "struct",
[2024-09-15T14:58:30.592+0000] {spark_submit.py:579} INFO - "fields" : [ {
[2024-09-15T14:58:30.594+0000] {spark_submit.py:579} INFO - "name" : "neighbourhood_group",
[2024-09-15T14:58:30.596+0000] {spark_submit.py:579} INFO - "type" : "string",
[2024-09-15T14:58:30.597+0000] {spark_submit.py:579} INFO - "nullable" : true,
[2024-09-15T14:58:30.599+0000] {spark_submit.py:579} INFO - "metadata" : { }
[2024-09-15T14:58:30.601+0000] {spark_submit.py:579} INFO - }, {
[2024-09-15T14:58:30.603+0000] {spark_submit.py:579} INFO - "name" : "average_price",
[2024-09-15T14:58:30.605+0000] {spark_submit.py:579} INFO - "type" : "double",
[2024-09-15T14:58:30.606+0000] {spark_submit.py:579} INFO - "nullable" : true,
[2024-09-15T14:58:30.608+0000] {spark_submit.py:579} INFO - "metadata" : { }
[2024-09-15T14:58:30.610+0000] {spark_submit.py:579} INFO - }, {
[2024-09-15T14:58:30.612+0000] {spark_submit.py:579} INFO - "name" : "min_price",
[2024-09-15T14:58:30.613+0000] {spark_submit.py:579} INFO - "type" : "integer",
[2024-09-15T14:58:30.615+0000] {spark_submit.py:579} INFO - "nullable" : true,
[2024-09-15T14:58:30.617+0000] {spark_submit.py:579} INFO - "metadata" : { }
[2024-09-15T14:58:30.618+0000] {spark_submit.py:579} INFO - }, {
[2024-09-15T14:58:30.619+0000] {spark_submit.py:579} INFO - "name" : "max_price",
[2024-09-15T14:58:30.620+0000] {spark_submit.py:579} INFO - "type" : "integer",
[2024-09-15T14:58:30.621+0000] {spark_submit.py:579} INFO - "nullable" : true,
[2024-09-15T14:58:30.623+0000] {spark_submit.py:579} INFO - "metadata" : { }
[2024-09-15T14:58:30.625+0000] {spark_submit.py:579} INFO - }, {
[2024-09-15T14:58:30.627+0000] {spark_submit.py:579} INFO - "name" : "count",
[2024-09-15T14:58:30.629+0000] {spark_submit.py:579} INFO - "type" : "long",
[2024-09-15T14:58:30.632+0000] {spark_submit.py:579} INFO - "nullable" : false,
[2024-09-15T14:58:30.635+0000] {spark_submit.py:579} INFO - "metadata" : { }
[2024-09-15T14:58:30.636+0000] {spark_submit.py:579} INFO - } ]
[2024-09-15T14:58:30.637+0000] {spark_submit.py:579} INFO - }
[2024-09-15T14:58:30.639+0000] {spark_submit.py:579} INFO - and corresponding Parquet message type:
[2024-09-15T14:58:30.640+0000] {spark_submit.py:579} INFO - message spark_schema {
[2024-09-15T14:58:30.642+0000] {spark_submit.py:579} INFO - optional binary neighbourhood_group (STRING);
[2024-09-15T14:58:30.643+0000] {spark_submit.py:579} INFO - optional double average_price;
[2024-09-15T14:58:30.645+0000] {spark_submit.py:579} INFO - optional int32 min_price;
[2024-09-15T14:58:30.646+0000] {spark_submit.py:579} INFO - optional int32 max_price;
[2024-09-15T14:58:30.648+0000] {spark_submit.py:579} INFO - required int64 count;
[2024-09-15T14:58:30.650+0000] {spark_submit.py:579} INFO - }
[2024-09-15T14:58:30.652+0000] {spark_submit.py:579} INFO - 
[2024-09-15T14:58:30.653+0000] {spark_submit.py:579} INFO - 
[2024-09-15T14:58:30.887+0000] {spark_submit.py:579} INFO - 24/09/15 14:58:30 INFO CodecPool: Got brand-new compressor [.snappy]
[2024-09-15T14:58:33.551+0000] {spark_submit.py:579} INFO - 24/09/15 14:58:33 INFO FileOutputCommitter: Saved output of task 'attempt_202409151458297000891010008932272_0004_m_000000_5' to hdfs://namenode:9000/user/hive/warehouse/price_distribution/_temporary/0/task_202409151458297000891010008932272_0004_m_000000
[2024-09-15T14:58:33.553+0000] {spark_submit.py:579} INFO - 24/09/15 14:58:33 INFO SparkHadoopMapRedUtil: attempt_202409151458297000891010008932272_0004_m_000000_5: Committed. Elapsed time: 26 ms.
[2024-09-15T14:58:33.568+0000] {spark_submit.py:579} INFO - 24/09/15 14:58:33 INFO Executor: Finished task 0.0 in stage 4.0 (TID 5). 6193 bytes result sent to driver
[2024-09-15T14:58:33.572+0000] {spark_submit.py:579} INFO - 24/09/15 14:58:33 INFO TaskSetManager: Finished task 0.0 in stage 4.0 (TID 5) in 3797 ms on fb744bf0dc86 (executor driver) (1/1)
[2024-09-15T14:58:33.574+0000] {spark_submit.py:579} INFO - 24/09/15 14:58:33 INFO TaskSchedulerImpl: Removed TaskSet 4.0, whose tasks have all completed, from pool
[2024-09-15T14:58:33.575+0000] {spark_submit.py:579} INFO - 24/09/15 14:58:33 INFO DAGScheduler: ResultStage 4 (saveAsTable at NativeMethodAccessorImpl.java:0) finished in 3.887 s
[2024-09-15T14:58:33.577+0000] {spark_submit.py:579} INFO - 24/09/15 14:58:33 INFO DAGScheduler: Job 3 is finished. Cancelling potential speculative or zombie tasks for this job
[2024-09-15T14:58:33.578+0000] {spark_submit.py:579} INFO - 24/09/15 14:58:33 INFO TaskSchedulerImpl: Killing all running tasks in stage 4: Stage finished
[2024-09-15T14:58:33.579+0000] {spark_submit.py:579} INFO - 24/09/15 14:58:33 INFO DAGScheduler: Job 3 finished: saveAsTable at NativeMethodAccessorImpl.java:0, took 3.919677 s
[2024-09-15T14:58:33.583+0000] {spark_submit.py:579} INFO - 24/09/15 14:58:33 INFO FileFormatWriter: Start to commit write Job 4766d018-457a-4841-b195-b3afd81daad9.
[2024-09-15T14:58:33.647+0000] {spark_submit.py:579} INFO - 24/09/15 14:58:33 INFO FileFormatWriter: Write Job 4766d018-457a-4841-b195-b3afd81daad9 committed. Elapsed time: 60 ms.
[2024-09-15T14:58:33.662+0000] {spark_submit.py:579} INFO - 24/09/15 14:58:33 INFO FileFormatWriter: Finished processing stats for write job 4766d018-457a-4841-b195-b3afd81daad9.
[2024-09-15T14:58:33.719+0000] {spark_submit.py:579} INFO - 24/09/15 14:58:33 INFO InMemoryFileIndex: It took 17 ms to list leaf files for 1 paths.
[2024-09-15T14:58:33.821+0000] {spark_submit.py:579} INFO - 24/09/15 14:58:33 INFO HiveExternalCatalog: Persisting file based data source table `spark_catalog`.`default`.`price_distribution` into Hive metastore in Hive compatible format.
[2024-09-15T14:58:34.104+0000] {spark_submit.py:579} INFO - 24/09/15 14:58:34 INFO SQLStdHiveAccessController: Created SQLStdHiveAccessController for session context : HiveAuthzSessionContext [sessionString=d5fbbcf6-46c1-4cf9-8c1c-4eea46bef8ac, clientType=HIVECLI]
[2024-09-15T14:58:34.117+0000] {spark_submit.py:579} INFO - 24/09/15 14:58:34 WARN SessionState: METASTORE_FILTER_HOOK will be ignored, since hive.security.authorization.manager is set to instance of HiveAuthorizerFactory.
[2024-09-15T14:58:34.118+0000] {spark_submit.py:579} INFO - 24/09/15 14:58:34 INFO metastore: Mestastore configuration hive.metastore.filter.hook changed from org.apache.hadoop.hive.metastore.DefaultMetaStoreFilterHookImpl to org.apache.hadoop.hive.ql.security.authorization.plugin.AuthorizationMetaStoreFilterHook
[2024-09-15T14:58:34.130+0000] {spark_submit.py:579} INFO - 24/09/15 14:58:34 INFO metastore: Closed a connection to metastore, current connections: 0
[2024-09-15T14:58:34.147+0000] {spark_submit.py:579} INFO - 24/09/15 14:58:34 INFO metastore: Trying to connect to metastore with URI thrift://hive-metastore:9083
[2024-09-15T14:58:34.149+0000] {spark_submit.py:579} INFO - 24/09/15 14:58:34 INFO metastore: Opened a connection to metastore, current connections: 1
[2024-09-15T14:58:34.154+0000] {spark_submit.py:579} INFO - 24/09/15 14:58:34 INFO metastore: Connected to metastore.
[2024-09-15T14:58:34.473+0000] {spark_submit.py:579} INFO - 24/09/15 14:58:34 INFO metastore: Trying to connect to metastore with URI thrift://hive-metastore:9083
[2024-09-15T14:58:34.474+0000] {spark_submit.py:579} INFO - 24/09/15 14:58:34 INFO metastore: Opened a connection to metastore, current connections: 2
[2024-09-15T14:58:34.480+0000] {spark_submit.py:579} INFO - 24/09/15 14:58:34 INFO metastore: Connected to metastore.
[2024-09-15T14:58:35.564+0000] {spark_submit.py:579} INFO - Таблица price_distribution успешно загружена в Hive!
[2024-09-15T14:58:35.865+0000] {spark_submit.py:579} INFO - Успешно создана таблица processed_airbnb_data!
[2024-09-15T14:58:36.206+0000] {spark_submit.py:579} INFO - 24/09/15 14:58:36 INFO FileSourceStrategy: Pushed Filters: IsNotNull(availability_365),GreaterThan(availability_365,15)
[2024-09-15T14:58:36.207+0000] {spark_submit.py:579} INFO - 24/09/15 14:58:36 INFO FileSourceStrategy: Post-Scan Filters: isnotnull(availability_365#36),atleastnnonnulls(8, neighbourhood_group#25, neighbourhood#26, room_type#29, price#30, minimum_nights#31, number_of_reviews#32, calculated_host_listings_count#35, availability_365#36),(availability_365#36 > 15)
[2024-09-15T14:58:36.227+0000] {spark_submit.py:579} INFO - 24/09/15 14:58:36 INFO FileUtils: Creating directory if it doesn't exist: hdfs://namenode:9000/user/hive/warehouse/processed_airbnb_data/.hive-staging_hive_2024-09-15_14-58-36_117_8035515236690491207-1
[2024-09-15T14:58:38.291+0000] {spark_submit.py:579} INFO - 24/09/15 14:58:38 INFO FileOutputCommitter: File Output Committer Algorithm version is 1
[2024-09-15T14:58:38.293+0000] {spark_submit.py:579} INFO - 24/09/15 14:58:38 INFO FileOutputCommitter: FileOutputCommitter skip cleanup _temporary folders under output directory:false, ignore cleanup failures: false
[2024-09-15T14:58:38.295+0000] {spark_submit.py:579} INFO - 24/09/15 14:58:38 INFO SQLHadoopMapReduceCommitProtocol: Using output committer class org.apache.hadoop.mapreduce.lib.output.FileOutputCommitter
[2024-09-15T14:58:38.367+0000] {spark_submit.py:579} INFO - 24/09/15 14:58:38 INFO CodeGenerator: Code generated in 43.564578 ms
[2024-09-15T14:58:38.379+0000] {spark_submit.py:579} INFO - 24/09/15 14:58:38 INFO MemoryStore: Block broadcast_6 stored as values in memory (estimated size 200.1 KiB, free 433.5 MiB)
[2024-09-15T14:58:38.417+0000] {spark_submit.py:579} INFO - 24/09/15 14:58:38 INFO BlockManagerInfo: Removed broadcast_5_piece0 on fb744bf0dc86:37451 in memory (size: 96.7 KiB, free: 434.3 MiB)
[2024-09-15T14:58:38.422+0000] {spark_submit.py:579} INFO - 24/09/15 14:58:38 INFO MemoryStore: Block broadcast_6_piece0 stored as bytes in memory (estimated size 34.5 KiB, free 433.9 MiB)
[2024-09-15T14:58:38.425+0000] {spark_submit.py:579} INFO - 24/09/15 14:58:38 INFO BlockManagerInfo: Added broadcast_6_piece0 in memory on fb744bf0dc86:37451 (size: 34.5 KiB, free: 434.3 MiB)
[2024-09-15T14:58:38.429+0000] {spark_submit.py:579} INFO - 24/09/15 14:58:38 INFO SparkContext: Created broadcast 6 from insertInto at NativeMethodAccessorImpl.java:0
[2024-09-15T14:58:38.433+0000] {spark_submit.py:579} INFO - 24/09/15 14:58:38 INFO FileSourceScanExec: Planning scan with bin packing, max size: 4194304 bytes, open cost is considered as scanning 4194304 bytes.
[2024-09-15T14:58:38.455+0000] {spark_submit.py:579} INFO - 24/09/15 14:58:38 INFO SparkContext: Starting job: insertInto at NativeMethodAccessorImpl.java:0
[2024-09-15T14:58:38.457+0000] {spark_submit.py:579} INFO - 24/09/15 14:58:38 INFO DAGScheduler: Got job 4 (insertInto at NativeMethodAccessorImpl.java:0) with 2 output partitions
[2024-09-15T14:58:38.458+0000] {spark_submit.py:579} INFO - 24/09/15 14:58:38 INFO DAGScheduler: Final stage: ResultStage 5 (insertInto at NativeMethodAccessorImpl.java:0)
[2024-09-15T14:58:38.459+0000] {spark_submit.py:579} INFO - 24/09/15 14:58:38 INFO DAGScheduler: Parents of final stage: List()
[2024-09-15T14:58:38.460+0000] {spark_submit.py:579} INFO - 24/09/15 14:58:38 INFO DAGScheduler: Missing parents: List()
[2024-09-15T14:58:38.461+0000] {spark_submit.py:579} INFO - 24/09/15 14:58:38 INFO DAGScheduler: Submitting ResultStage 5 (MapPartitionsRDD[21] at insertInto at NativeMethodAccessorImpl.java:0), which has no missing parents
[2024-09-15T14:58:38.601+0000] {spark_submit.py:579} INFO - 24/09/15 14:58:38 INFO MemoryStore: Block broadcast_7 stored as values in memory (estimated size 324.7 KiB, free 433.5 MiB)
[2024-09-15T14:58:38.606+0000] {spark_submit.py:579} INFO - 24/09/15 14:58:38 INFO MemoryStore: Block broadcast_7_piece0 stored as bytes in memory (estimated size 116.4 KiB, free 433.4 MiB)
[2024-09-15T14:58:38.609+0000] {spark_submit.py:579} INFO - 24/09/15 14:58:38 INFO BlockManagerInfo: Added broadcast_7_piece0 in memory on fb744bf0dc86:37451 (size: 116.4 KiB, free: 434.2 MiB)
[2024-09-15T14:58:38.612+0000] {spark_submit.py:579} INFO - 24/09/15 14:58:38 INFO SparkContext: Created broadcast 7 from broadcast at DAGScheduler.scala:1585
[2024-09-15T14:58:38.615+0000] {spark_submit.py:579} INFO - 24/09/15 14:58:38 INFO DAGScheduler: Submitting 2 missing tasks from ResultStage 5 (MapPartitionsRDD[21] at insertInto at NativeMethodAccessorImpl.java:0) (first 15 tasks are for partitions Vector(0, 1))
[2024-09-15T14:58:38.617+0000] {spark_submit.py:579} INFO - 24/09/15 14:58:38 INFO TaskSchedulerImpl: Adding task set 5.0 with 2 tasks resource profile 0
[2024-09-15T14:58:38.620+0000] {spark_submit.py:579} INFO - 24/09/15 14:58:38 INFO TaskSetManager: Starting task 0.0 in stage 5.0 (TID 6) (fb744bf0dc86, executor driver, partition 0, PROCESS_LOCAL, 9601 bytes)
[2024-09-15T14:58:38.622+0000] {spark_submit.py:579} INFO - 24/09/15 14:58:38 INFO TaskSetManager: Starting task 1.0 in stage 5.0 (TID 7) (fb744bf0dc86, executor driver, partition 1, PROCESS_LOCAL, 9601 bytes)
[2024-09-15T14:58:38.623+0000] {spark_submit.py:579} INFO - 24/09/15 14:58:38 INFO Executor: Running task 1.0 in stage 5.0 (TID 7)
[2024-09-15T14:58:38.625+0000] {spark_submit.py:579} INFO - 24/09/15 14:58:38 INFO Executor: Running task 0.0 in stage 5.0 (TID 6)
[2024-09-15T14:58:38.734+0000] {spark_submit.py:579} INFO - 24/09/15 14:58:38 INFO CodeGenerator: Code generated in 25.325503 ms
[2024-09-15T14:58:38.739+0000] {spark_submit.py:579} INFO - 24/09/15 14:58:38 INFO FileOutputCommitter: File Output Committer Algorithm version is 1
[2024-09-15T14:58:38.740+0000] {spark_submit.py:579} INFO - 24/09/15 14:58:38 INFO FileOutputCommitter: File Output Committer Algorithm version is 1
[2024-09-15T14:58:38.742+0000] {spark_submit.py:579} INFO - 24/09/15 14:58:38 INFO FileOutputCommitter: FileOutputCommitter skip cleanup _temporary folders under output directory:false, ignore cleanup failures: false
[2024-09-15T14:58:38.743+0000] {spark_submit.py:579} INFO - 24/09/15 14:58:38 INFO FileOutputCommitter: FileOutputCommitter skip cleanup _temporary folders under output directory:false, ignore cleanup failures: false
[2024-09-15T14:58:38.745+0000] {spark_submit.py:579} INFO - 24/09/15 14:58:38 INFO SQLHadoopMapReduceCommitProtocol: Using output committer class org.apache.hadoop.mapreduce.lib.output.FileOutputCommitter
[2024-09-15T14:58:38.746+0000] {spark_submit.py:579} INFO - 24/09/15 14:58:38 INFO SQLHadoopMapReduceCommitProtocol: Using output committer class org.apache.hadoop.mapreduce.lib.output.FileOutputCommitter
[2024-09-15T14:58:38.748+0000] {spark_submit.py:579} INFO - 24/09/15 14:58:38 INFO FileScanRDD: Reading File path: file:///opt/***/datasets/Airbnb.csv, range: 4194304-7081245, partition values: [empty row]
[2024-09-15T14:58:39.022+0000] {spark_submit.py:579} INFO - 24/09/15 14:58:39 INFO FileScanRDD: Reading File path: file:///opt/***/datasets/Airbnb.csv, range: 0-4194304, partition values: [empty row]
[2024-09-15T14:58:39.524+0000] {spark_submit.py:579} INFO - 24/09/15 14:58:39 INFO FileOutputCommitter: Saved output of task 'attempt_20240915145838997714136440022267_0005_m_000001_7' to hdfs://namenode:9000/user/hive/warehouse/processed_airbnb_data/.hive-staging_hive_2024-09-15_14-58-36_117_8035515236690491207-1/-ext-10000/_temporary/0/task_20240915145838997714136440022267_0005_m_000001
[2024-09-15T14:58:39.525+0000] {spark_submit.py:579} INFO - 24/09/15 14:58:39 INFO SparkHadoopMapRedUtil: attempt_20240915145838997714136440022267_0005_m_000001_7: Committed. Elapsed time: 17 ms.
[2024-09-15T14:58:39.531+0000] {spark_submit.py:579} INFO - 24/09/15 14:58:39 INFO Executor: Finished task 1.0 in stage 5.0 (TID 7). 2583 bytes result sent to driver
[2024-09-15T14:58:39.538+0000] {spark_submit.py:579} INFO - 24/09/15 14:58:39 INFO TaskSetManager: Finished task 1.0 in stage 5.0 (TID 7) in 917 ms on fb744bf0dc86 (executor driver) (1/2)
[2024-09-15T14:58:39.610+0000] {spark_submit.py:579} INFO - 24/09/15 14:58:39 INFO FileOutputCommitter: Saved output of task 'attempt_20240915145838997714136440022267_0005_m_000000_6' to hdfs://namenode:9000/user/hive/warehouse/processed_airbnb_data/.hive-staging_hive_2024-09-15_14-58-36_117_8035515236690491207-1/-ext-10000/_temporary/0/task_20240915145838997714136440022267_0005_m_000000
[2024-09-15T14:58:39.612+0000] {spark_submit.py:579} INFO - 24/09/15 14:58:39 INFO SparkHadoopMapRedUtil: attempt_20240915145838997714136440022267_0005_m_000000_6: Committed. Elapsed time: 19 ms.
[2024-09-15T14:58:39.614+0000] {spark_submit.py:579} INFO - 24/09/15 14:58:39 INFO Executor: Finished task 0.0 in stage 5.0 (TID 6). 2583 bytes result sent to driver
[2024-09-15T14:58:39.618+0000] {spark_submit.py:579} INFO - 24/09/15 14:58:39 INFO TaskSetManager: Finished task 0.0 in stage 5.0 (TID 6) in 998 ms on fb744bf0dc86 (executor driver) (2/2)
[2024-09-15T14:58:39.619+0000] {spark_submit.py:579} INFO - 24/09/15 14:58:39 INFO TaskSchedulerImpl: Removed TaskSet 5.0, whose tasks have all completed, from pool
[2024-09-15T14:58:39.621+0000] {spark_submit.py:579} INFO - 24/09/15 14:58:39 INFO DAGScheduler: ResultStage 5 (insertInto at NativeMethodAccessorImpl.java:0) finished in 1.159 s
[2024-09-15T14:58:39.622+0000] {spark_submit.py:579} INFO - 24/09/15 14:58:39 INFO DAGScheduler: Job 4 is finished. Cancelling potential speculative or zombie tasks for this job
[2024-09-15T14:58:39.624+0000] {spark_submit.py:579} INFO - 24/09/15 14:58:39 INFO TaskSchedulerImpl: Killing all running tasks in stage 5: Stage finished
[2024-09-15T14:58:39.625+0000] {spark_submit.py:579} INFO - 24/09/15 14:58:39 INFO DAGScheduler: Job 4 finished: insertInto at NativeMethodAccessorImpl.java:0, took 1.167302 s
[2024-09-15T14:58:39.627+0000] {spark_submit.py:579} INFO - 24/09/15 14:58:39 INFO FileFormatWriter: Start to commit write Job 89a43873-9891-4709-ba8e-c50ba9ee386e.
[2024-09-15T14:58:39.697+0000] {spark_submit.py:579} INFO - 24/09/15 14:58:39 INFO FileFormatWriter: Write Job 89a43873-9891-4709-ba8e-c50ba9ee386e committed. Elapsed time: 70 ms.
[2024-09-15T14:58:39.698+0000] {spark_submit.py:579} INFO - 24/09/15 14:58:39 INFO FileFormatWriter: Finished processing stats for write job 89a43873-9891-4709-ba8e-c50ba9ee386e.
[2024-09-15T14:58:39.841+0000] {spark_submit.py:579} INFO - 24/09/15 14:58:39 INFO FileUtils: Creating directory if it doesn't exist: hdfs://namenode:9000/user/hive/warehouse/processed_airbnb_data
[2024-09-15T14:58:40.726+0000] {spark_submit.py:579} INFO - Данные успешно записаны в таблицу processed_airbnb_data
[2024-09-15T14:58:40.922+0000] {spark_submit.py:579} INFO - 24/09/15 14:58:40 INFO SparkContext: Invoking stop() from shutdown hook
[2024-09-15T14:58:40.924+0000] {spark_submit.py:579} INFO - 24/09/15 14:58:40 INFO SparkContext: SparkContext is stopping with exitCode 0.
[2024-09-15T14:58:40.966+0000] {spark_submit.py:579} INFO - 24/09/15 14:58:40 INFO SparkUI: Stopped Spark web UI at http://fb744bf0dc86:4040
[2024-09-15T14:58:41.022+0000] {spark_submit.py:579} INFO - 24/09/15 14:58:41 INFO MapOutputTrackerMasterEndpoint: MapOutputTrackerMasterEndpoint stopped!
[2024-09-15T14:58:41.085+0000] {spark_submit.py:579} INFO - 24/09/15 14:58:41 INFO MemoryStore: MemoryStore cleared
[2024-09-15T14:58:41.088+0000] {spark_submit.py:579} INFO - 24/09/15 14:58:41 INFO BlockManager: BlockManager stopped
[2024-09-15T14:58:41.103+0000] {spark_submit.py:579} INFO - 24/09/15 14:58:41 INFO BlockManagerMaster: BlockManagerMaster stopped
[2024-09-15T14:58:41.110+0000] {spark_submit.py:579} INFO - 24/09/15 14:58:41 INFO OutputCommitCoordinator$OutputCommitCoordinatorEndpoint: OutputCommitCoordinator stopped!
[2024-09-15T14:58:41.142+0000] {spark_submit.py:579} INFO - 24/09/15 14:58:41 INFO SparkContext: Successfully stopped SparkContext
[2024-09-15T14:58:41.144+0000] {spark_submit.py:579} INFO - 24/09/15 14:58:41 INFO ShutdownHookManager: Shutdown hook called
[2024-09-15T14:58:41.145+0000] {spark_submit.py:579} INFO - 24/09/15 14:58:41 INFO ShutdownHookManager: Deleting directory /tmp/spark-cce17cb5-30f2-4d02-9b72-4346a2260079/pyspark-3066fd33-3b19-43e0-a4c5-4b50b9d62bcd
[2024-09-15T14:58:41.158+0000] {spark_submit.py:579} INFO - 24/09/15 14:58:41 INFO ShutdownHookManager: Deleting directory /tmp/spark-cce17cb5-30f2-4d02-9b72-4346a2260079
[2024-09-15T14:58:41.173+0000] {spark_submit.py:579} INFO - 24/09/15 14:58:41 INFO ShutdownHookManager: Deleting directory /tmp/spark-ec5e7ebd-c6a3-4280-b064-2905eace5175
[2024-09-15T14:58:41.439+0000] {taskinstance.py:340} INFO - ::group::Post task execution logs
[2024-09-15T14:58:41.441+0000] {taskinstance.py:352} INFO - Marking task as SUCCESS. dag_id=airbnb_model, task_id=data_analysis, run_id=scheduled__2024-09-14T00:00:00+00:00, execution_date=20240914T000000, start_date=20240915T145743, end_date=20240915T145841
[2024-09-15T14:58:41.516+0000] {local_task_job_runner.py:266} INFO - Task exited with return code 0
[2024-09-15T14:58:41.610+0000] {taskinstance.py:3900} INFO - 1 downstream tasks scheduled from follow-on schedule check
[2024-09-15T14:58:41.616+0000] {local_task_job_runner.py:245} INFO - ::endgroup::
