[2024-09-15T13:59:15.219+0000] {local_task_job_runner.py:123} INFO - ::group::Pre task execution logs
[2024-09-15T13:59:15.250+0000] {taskinstance.py:2612} INFO - Dependencies all met for dep_context=non-requeueable deps ti=<TaskInstance: airbnb_model.pred_model scheduled__2024-09-14T00:00:00+00:00 [queued]>
[2024-09-15T13:59:15.265+0000] {taskinstance.py:2612} INFO - Dependencies all met for dep_context=requeueable deps ti=<TaskInstance: airbnb_model.pred_model scheduled__2024-09-14T00:00:00+00:00 [queued]>
[2024-09-15T13:59:15.266+0000] {taskinstance.py:2865} INFO - Starting attempt 13 of 16
[2024-09-15T13:59:15.291+0000] {taskinstance.py:2888} INFO - Executing <Task(SparkSubmitOperator): pred_model> on 2024-09-14 00:00:00+00:00
[2024-09-15T13:59:15.306+0000] {standard_task_runner.py:104} INFO - Running: ['***', 'tasks', 'run', 'airbnb_model', 'pred_model', 'scheduled__2024-09-14T00:00:00+00:00', '--job-id', '745', '--raw', '--subdir', 'DAGS_FOLDER/air_price_pred_dag.py', '--cfg-path', '/tmp/tmp71j8_i06']
[2024-09-15T13:59:15.311+0000] {standard_task_runner.py:105} INFO - Job 745: Subtask pred_model
[2024-09-15T13:59:15.314+0000] {logging_mixin.py:190} WARNING - /home/***/.local/lib/python3.12/site-packages/***/task/task_runner/standard_task_runner.py:70 DeprecationWarning: This process (pid=11445) is multi-threaded, use of fork() may lead to deadlocks in the child.
[2024-09-15T13:59:15.316+0000] {standard_task_runner.py:72} INFO - Started process 11446 to run task
[2024-09-15T13:59:15.396+0000] {task_command.py:467} INFO - Running <TaskInstance: airbnb_model.pred_model scheduled__2024-09-14T00:00:00+00:00 [running]> on host fb744bf0dc86
[2024-09-15T13:59:15.538+0000] {taskinstance.py:3131} INFO - Exporting env vars: AIRFLOW_CTX_DAG_OWNER='Denis' AIRFLOW_CTX_DAG_ID='airbnb_model' AIRFLOW_CTX_TASK_ID='pred_model' AIRFLOW_CTX_EXECUTION_DATE='2024-09-14T00:00:00+00:00' AIRFLOW_CTX_TRY_NUMBER='13' AIRFLOW_CTX_DAG_RUN_ID='scheduled__2024-09-14T00:00:00+00:00'
[2024-09-15T13:59:15.539+0000] {taskinstance.py:731} INFO - ::endgroup::
[2024-09-15T13:59:15.584+0000] {base.py:84} INFO - Retrieving connection 'spark_default'
[2024-09-15T13:59:15.586+0000] {spark_submit.py:403} INFO - Spark-Submit cmd: spark-submit --master spark://spark-master:7077 --conf spark.master=spark://spark-master:7077 --name arrow-spark --verbose --deploy-mode client /opt/***/dags/air_pred_model.py
[2024-09-15T13:59:19.003+0000] {spark_submit.py:579} INFO - Using properties file: null
[2024-09-15T13:59:19.237+0000] {spark_submit.py:579} INFO - Parsed arguments:
[2024-09-15T13:59:19.238+0000] {spark_submit.py:579} INFO - master                  spark://spark-master:7077
[2024-09-15T13:59:19.239+0000] {spark_submit.py:579} INFO - remote                  null
[2024-09-15T13:59:19.240+0000] {spark_submit.py:579} INFO - deployMode              client
[2024-09-15T13:59:19.241+0000] {spark_submit.py:579} INFO - executorMemory          null
[2024-09-15T13:59:19.242+0000] {spark_submit.py:579} INFO - executorCores           null
[2024-09-15T13:59:19.243+0000] {spark_submit.py:579} INFO - totalExecutorCores      null
[2024-09-15T13:59:19.244+0000] {spark_submit.py:579} INFO - propertiesFile          null
[2024-09-15T13:59:19.245+0000] {spark_submit.py:579} INFO - driverMemory            null
[2024-09-15T13:59:19.246+0000] {spark_submit.py:579} INFO - driverCores             null
[2024-09-15T13:59:19.247+0000] {spark_submit.py:579} INFO - driverExtraClassPath    null
[2024-09-15T13:59:19.248+0000] {spark_submit.py:579} INFO - driverExtraLibraryPath  null
[2024-09-15T13:59:19.249+0000] {spark_submit.py:579} INFO - driverExtraJavaOptions  null
[2024-09-15T13:59:19.250+0000] {spark_submit.py:579} INFO - supervise               false
[2024-09-15T13:59:19.251+0000] {spark_submit.py:579} INFO - queue                   null
[2024-09-15T13:59:19.252+0000] {spark_submit.py:579} INFO - numExecutors            null
[2024-09-15T13:59:19.253+0000] {spark_submit.py:579} INFO - files                   null
[2024-09-15T13:59:19.254+0000] {spark_submit.py:579} INFO - pyFiles                 null
[2024-09-15T13:59:19.255+0000] {spark_submit.py:579} INFO - archives                null
[2024-09-15T13:59:19.256+0000] {spark_submit.py:579} INFO - mainClass               null
[2024-09-15T13:59:19.257+0000] {spark_submit.py:579} INFO - primaryResource         file:/opt/***/dags/air_pred_model.py
[2024-09-15T13:59:19.258+0000] {spark_submit.py:579} INFO - name                    arrow-spark
[2024-09-15T13:59:19.259+0000] {spark_submit.py:579} INFO - childArgs               []
[2024-09-15T13:59:19.261+0000] {spark_submit.py:579} INFO - jars                    null
[2024-09-15T13:59:19.262+0000] {spark_submit.py:579} INFO - packages                null
[2024-09-15T13:59:19.263+0000] {spark_submit.py:579} INFO - packagesExclusions      null
[2024-09-15T13:59:19.264+0000] {spark_submit.py:579} INFO - repositories            null
[2024-09-15T13:59:19.266+0000] {spark_submit.py:579} INFO - verbose                 true
[2024-09-15T13:59:19.266+0000] {spark_submit.py:579} INFO - 
[2024-09-15T13:59:19.267+0000] {spark_submit.py:579} INFO - Spark properties used, including those specified through
[2024-09-15T13:59:19.269+0000] {spark_submit.py:579} INFO - --conf and those from the properties file null:
[2024-09-15T13:59:19.270+0000] {spark_submit.py:579} INFO - (spark.master,spark://spark-master:7077)
[2024-09-15T13:59:19.271+0000] {spark_submit.py:579} INFO - 
[2024-09-15T13:59:19.272+0000] {spark_submit.py:579} INFO - 
[2024-09-15T13:59:19.914+0000] {spark_submit.py:579} INFO - Main class:
[2024-09-15T13:59:19.915+0000] {spark_submit.py:579} INFO - org.apache.spark.deploy.PythonRunner
[2024-09-15T13:59:19.917+0000] {spark_submit.py:579} INFO - Arguments:
[2024-09-15T13:59:19.918+0000] {spark_submit.py:579} INFO - file:/opt/***/dags/air_pred_model.py
[2024-09-15T13:59:19.919+0000] {spark_submit.py:579} INFO - null
[2024-09-15T13:59:19.922+0000] {spark_submit.py:579} INFO - Spark config:
[2024-09-15T13:59:19.923+0000] {spark_submit.py:579} INFO - (spark.app.name,arrow-spark)
[2024-09-15T13:59:19.924+0000] {spark_submit.py:579} INFO - (spark.app.submitTime,1726408759868)
[2024-09-15T13:59:19.925+0000] {spark_submit.py:579} INFO - (spark.master,spark://spark-master:7077)
[2024-09-15T13:59:19.926+0000] {spark_submit.py:579} INFO - (spark.submit.deployMode,client)
[2024-09-15T13:59:19.927+0000] {spark_submit.py:579} INFO - (spark.submit.pyFiles,)
[2024-09-15T13:59:19.928+0000] {spark_submit.py:579} INFO - Classpath elements:
[2024-09-15T13:59:19.929+0000] {spark_submit.py:579} INFO - 
[2024-09-15T13:59:19.930+0000] {spark_submit.py:579} INFO - 
[2024-09-15T13:59:19.931+0000] {spark_submit.py:579} INFO - 
[2024-09-15T13:59:22.829+0000] {spark_submit.py:579} INFO - 24/09/15 13:59:22 INFO SparkContext: Running Spark version 3.5.2
[2024-09-15T13:59:22.837+0000] {spark_submit.py:579} INFO - 24/09/15 13:59:22 INFO SparkContext: OS info Linux, 5.15.153.1-microsoft-standard-WSL2, amd64
[2024-09-15T13:59:22.840+0000] {spark_submit.py:579} INFO - 24/09/15 13:59:22 INFO SparkContext: Java version 17.0.12
[2024-09-15T13:59:23.005+0000] {spark_submit.py:579} INFO - 24/09/15 13:59:23 WARN NativeCodeLoader: Unable to load native-hadoop library for your platform... using builtin-java classes where applicable
[2024-09-15T13:59:23.321+0000] {spark_submit.py:579} INFO - 24/09/15 13:59:23 INFO ResourceUtils: ==============================================================
[2024-09-15T13:59:23.322+0000] {spark_submit.py:579} INFO - 24/09/15 13:59:23 INFO ResourceUtils: No custom resources configured for spark.driver.
[2024-09-15T13:59:23.325+0000] {spark_submit.py:579} INFO - 24/09/15 13:59:23 INFO ResourceUtils: ==============================================================
[2024-09-15T13:59:23.326+0000] {spark_submit.py:579} INFO - 24/09/15 13:59:23 INFO SparkContext: Submitted application: Airbnb_regr_model
[2024-09-15T13:59:23.381+0000] {spark_submit.py:579} INFO - 24/09/15 13:59:23 INFO ResourceProfile: Default ResourceProfile created, executor resources: Map(cores -> name: cores, amount: 1, script: , vendor: , memory -> name: memory, amount: 1024, script: , vendor: , offHeap -> name: offHeap, amount: 0, script: , vendor: ), task resources: Map(cpus -> name: cpus, amount: 1.0)
[2024-09-15T13:59:23.403+0000] {spark_submit.py:579} INFO - 24/09/15 13:59:23 INFO ResourceProfile: Limiting resource is cpu
[2024-09-15T13:59:23.405+0000] {spark_submit.py:579} INFO - 24/09/15 13:59:23 INFO ResourceProfileManager: Added ResourceProfile id: 0
[2024-09-15T13:59:23.552+0000] {spark_submit.py:579} INFO - 24/09/15 13:59:23 INFO SecurityManager: Changing view acls to: ***
[2024-09-15T13:59:23.553+0000] {spark_submit.py:579} INFO - 24/09/15 13:59:23 INFO SecurityManager: Changing modify acls to: ***
[2024-09-15T13:59:23.556+0000] {spark_submit.py:579} INFO - 24/09/15 13:59:23 INFO SecurityManager: Changing view acls groups to:
[2024-09-15T13:59:23.558+0000] {spark_submit.py:579} INFO - 24/09/15 13:59:23 INFO SecurityManager: Changing modify acls groups to:
[2024-09-15T13:59:23.559+0000] {spark_submit.py:579} INFO - 24/09/15 13:59:23 INFO SecurityManager: SecurityManager: authentication disabled; ui acls disabled; users with view permissions: ***; groups with view permissions: EMPTY; users with modify permissions: ***; groups with modify permissions: EMPTY
[2024-09-15T13:59:24.197+0000] {spark_submit.py:579} INFO - 24/09/15 13:59:24 INFO Utils: Successfully started service 'sparkDriver' on port 39971.
[2024-09-15T13:59:24.278+0000] {spark_submit.py:579} INFO - 24/09/15 13:59:24 INFO SparkEnv: Registering MapOutputTracker
[2024-09-15T13:59:24.365+0000] {spark_submit.py:579} INFO - 24/09/15 13:59:24 INFO SparkEnv: Registering BlockManagerMaster
[2024-09-15T13:59:24.415+0000] {spark_submit.py:579} INFO - 24/09/15 13:59:24 INFO BlockManagerMasterEndpoint: Using org.apache.spark.storage.DefaultTopologyMapper for getting topology information
[2024-09-15T13:59:24.417+0000] {spark_submit.py:579} INFO - 24/09/15 13:59:24 INFO BlockManagerMasterEndpoint: BlockManagerMasterEndpoint up
[2024-09-15T13:59:24.428+0000] {spark_submit.py:579} INFO - 24/09/15 13:59:24 INFO SparkEnv: Registering BlockManagerMasterHeartbeat
[2024-09-15T13:59:24.480+0000] {spark_submit.py:579} INFO - 24/09/15 13:59:24 INFO DiskBlockManager: Created local directory at /tmp/blockmgr-386ba94f-13b2-458b-a3a8-188831cf8b8c
[2024-09-15T13:59:24.512+0000] {spark_submit.py:579} INFO - 24/09/15 13:59:24 INFO MemoryStore: MemoryStore started with capacity 434.4 MiB
[2024-09-15T13:59:24.545+0000] {spark_submit.py:579} INFO - 24/09/15 13:59:24 INFO SparkEnv: Registering OutputCommitCoordinator
[2024-09-15T13:59:24.851+0000] {spark_submit.py:579} INFO - 24/09/15 13:59:24 INFO JettyUtils: Start Jetty 0.0.0.0:4040 for SparkUI
[2024-09-15T13:59:24.995+0000] {spark_submit.py:579} INFO - 24/09/15 13:59:24 INFO Utils: Successfully started service 'SparkUI' on port 4040.
[2024-09-15T13:59:25.303+0000] {spark_submit.py:579} INFO - 24/09/15 13:59:25 INFO Executor: Starting executor ID driver on host fb744bf0dc86
[2024-09-15T13:59:25.305+0000] {spark_submit.py:579} INFO - 24/09/15 13:59:25 INFO Executor: OS info Linux, 5.15.153.1-microsoft-standard-WSL2, amd64
[2024-09-15T13:59:25.307+0000] {spark_submit.py:579} INFO - 24/09/15 13:59:25 INFO Executor: Java version 17.0.12
[2024-09-15T13:59:25.326+0000] {spark_submit.py:579} INFO - 24/09/15 13:59:25 INFO Executor: Starting executor with user classpath (userClassPathFirst = false): ''
[2024-09-15T13:59:25.328+0000] {spark_submit.py:579} INFO - 24/09/15 13:59:25 INFO Executor: Created or updated repl class loader org.apache.spark.util.MutableURLClassLoader@66f7b1b2 for default.
[2024-09-15T13:59:25.399+0000] {spark_submit.py:579} INFO - 24/09/15 13:59:25 INFO Utils: Successfully started service 'org.apache.spark.network.netty.NettyBlockTransferService' on port 34557.
[2024-09-15T13:59:25.402+0000] {spark_submit.py:579} INFO - 24/09/15 13:59:25 INFO NettyBlockTransferService: Server created on fb744bf0dc86:34557
[2024-09-15T13:59:25.411+0000] {spark_submit.py:579} INFO - 24/09/15 13:59:25 INFO BlockManager: Using org.apache.spark.storage.RandomBlockReplicationPolicy for block replication policy
[2024-09-15T13:59:25.432+0000] {spark_submit.py:579} INFO - 24/09/15 13:59:25 INFO BlockManagerMaster: Registering BlockManager BlockManagerId(driver, fb744bf0dc86, 34557, None)
[2024-09-15T13:59:25.445+0000] {spark_submit.py:579} INFO - 24/09/15 13:59:25 INFO BlockManagerMasterEndpoint: Registering block manager fb744bf0dc86:34557 with 434.4 MiB RAM, BlockManagerId(driver, fb744bf0dc86, 34557, None)
[2024-09-15T13:59:25.452+0000] {spark_submit.py:579} INFO - 24/09/15 13:59:25 INFO BlockManagerMaster: Registered BlockManager BlockManagerId(driver, fb744bf0dc86, 34557, None)
[2024-09-15T13:59:25.457+0000] {spark_submit.py:579} INFO - 24/09/15 13:59:25 INFO BlockManager: Initialized BlockManager: BlockManagerId(driver, fb744bf0dc86, 34557, None)
[2024-09-15T13:59:28.931+0000] {spark_submit.py:579} INFO - 24/09/15 13:59:28 INFO MemoryStore: Block broadcast_0 stored as values in memory (estimated size 221.5 KiB, free 434.2 MiB)
[2024-09-15T13:59:29.417+0000] {spark_submit.py:579} INFO - 24/09/15 13:59:29 INFO MemoryStore: Block broadcast_0_piece0 stored as bytes in memory (estimated size 32.6 KiB, free 434.2 MiB)
[2024-09-15T13:59:29.442+0000] {spark_submit.py:579} INFO - 24/09/15 13:59:29 INFO BlockManagerInfo: Added broadcast_0_piece0 in memory on fb744bf0dc86:34557 (size: 32.6 KiB, free: 434.4 MiB)
[2024-09-15T13:59:29.530+0000] {spark_submit.py:579} INFO - 24/09/15 13:59:29 INFO SparkContext: Created broadcast 0 from textFile at NativeMethodAccessorImpl.java:0
[2024-09-15T13:59:30.775+0000] {spark_submit.py:579} INFO - 24/09/15 13:59:30 INFO FileInputFormat: Total input files to process : 1
[2024-09-15T13:59:31.120+0000] {spark_submit.py:579} INFO - 24/09/15 13:59:31 INFO SparkContext: Starting job: runJob at PythonRDD.scala:181
[2024-09-15T13:59:31.208+0000] {spark_submit.py:579} INFO - 24/09/15 13:59:31 INFO DAGScheduler: Got job 0 (runJob at PythonRDD.scala:181) with 1 output partitions
[2024-09-15T13:59:31.214+0000] {spark_submit.py:579} INFO - 24/09/15 13:59:31 INFO DAGScheduler: Final stage: ResultStage 0 (runJob at PythonRDD.scala:181)
[2024-09-15T13:59:31.216+0000] {spark_submit.py:579} INFO - 24/09/15 13:59:31 INFO DAGScheduler: Parents of final stage: List()
[2024-09-15T13:59:31.224+0000] {spark_submit.py:579} INFO - 24/09/15 13:59:31 INFO DAGScheduler: Missing parents: List()
[2024-09-15T13:59:31.256+0000] {spark_submit.py:579} INFO - 24/09/15 13:59:31 INFO DAGScheduler: Submitting ResultStage 0 (PythonRDD[2] at RDD at PythonRDD.scala:53), which has no missing parents
[2024-09-15T13:59:31.682+0000] {spark_submit.py:579} INFO - 24/09/15 13:59:31 INFO MemoryStore: Block broadcast_1 stored as values in memory (estimated size 8.0 KiB, free 434.1 MiB)
[2024-09-15T13:59:31.702+0000] {spark_submit.py:579} INFO - 24/09/15 13:59:31 INFO MemoryStore: Block broadcast_1_piece0 stored as bytes in memory (estimated size 5.0 KiB, free 434.1 MiB)
[2024-09-15T13:59:31.714+0000] {spark_submit.py:579} INFO - 24/09/15 13:59:31 INFO BlockManagerInfo: Added broadcast_1_piece0 in memory on fb744bf0dc86:34557 (size: 5.0 KiB, free: 434.4 MiB)
[2024-09-15T13:59:31.721+0000] {spark_submit.py:579} INFO - 24/09/15 13:59:31 INFO SparkContext: Created broadcast 1 from broadcast at DAGScheduler.scala:1585
[2024-09-15T13:59:31.842+0000] {spark_submit.py:579} INFO - 24/09/15 13:59:31 INFO DAGScheduler: Submitting 1 missing tasks from ResultStage 0 (PythonRDD[2] at RDD at PythonRDD.scala:53) (first 15 tasks are for partitions Vector(0))
[2024-09-15T13:59:31.864+0000] {spark_submit.py:579} INFO - 24/09/15 13:59:31 INFO TaskSchedulerImpl: Adding task set 0.0 with 1 tasks resource profile 0
[2024-09-15T13:59:32.290+0000] {spark_submit.py:579} INFO - 24/09/15 13:59:32 INFO TaskSetManager: Starting task 0.0 in stage 0.0 (TID 0) (fb744bf0dc86, executor driver, partition 0, PROCESS_LOCAL, 9072 bytes)
[2024-09-15T13:59:32.456+0000] {spark_submit.py:579} INFO - 24/09/15 13:59:32 INFO Executor: Running task 0.0 in stage 0.0 (TID 0)
[2024-09-15T13:59:33.136+0000] {spark_submit.py:579} INFO - 24/09/15 13:59:33 INFO HadoopRDD: Input split: file:/opt/***/models/airbnb_model/metadata/part-00000:0+506
[2024-09-15T13:59:36.897+0000] {spark_submit.py:579} INFO - 24/09/15 13:59:36 INFO PythonRunner: Times: total = 3566, boot = 3062, init = 504, finish = 0
[2024-09-15T13:59:36.935+0000] {spark_submit.py:579} INFO - 24/09/15 13:59:36 INFO Executor: Finished task 0.0 in stage 0.0 (TID 0). 1964 bytes result sent to driver
[2024-09-15T13:59:36.977+0000] {spark_submit.py:579} INFO - 24/09/15 13:59:36 INFO TaskSetManager: Finished task 0.0 in stage 0.0 (TID 0) in 4797 ms on fb744bf0dc86 (executor driver) (1/1)
[2024-09-15T13:59:36.987+0000] {spark_submit.py:579} INFO - 24/09/15 13:59:36 INFO TaskSchedulerImpl: Removed TaskSet 0.0, whose tasks have all completed, from pool
[2024-09-15T13:59:36.999+0000] {spark_submit.py:579} INFO - 24/09/15 13:59:36 INFO PythonAccumulatorV2: Connected to AccumulatorServer at host: 127.0.0.1 port: 49795
[2024-09-15T13:59:37.010+0000] {spark_submit.py:579} INFO - 24/09/15 13:59:37 INFO DAGScheduler: ResultStage 0 (runJob at PythonRDD.scala:181) finished in 5.672 s
[2024-09-15T13:59:37.023+0000] {spark_submit.py:579} INFO - 24/09/15 13:59:37 INFO DAGScheduler: Job 0 is finished. Cancelling potential speculative or zombie tasks for this job
[2024-09-15T13:59:37.028+0000] {spark_submit.py:579} INFO - 24/09/15 13:59:37 INFO TaskSchedulerImpl: Killing all running tasks in stage 0: Stage finished
[2024-09-15T13:59:37.036+0000] {spark_submit.py:579} INFO - 24/09/15 13:59:37 INFO DAGScheduler: Job 0 finished: runJob at PythonRDD.scala:181, took 5.913893 s
[2024-09-15T13:59:37.339+0000] {spark_submit.py:579} INFO - 24/09/15 13:59:37 INFO MemoryStore: Block broadcast_2 stored as values in memory (estimated size 221.5 KiB, free 433.9 MiB)
[2024-09-15T13:59:37.514+0000] {spark_submit.py:579} INFO - 24/09/15 13:59:37 INFO MemoryStore: Block broadcast_2_piece0 stored as bytes in memory (estimated size 32.6 KiB, free 433.9 MiB)
[2024-09-15T13:59:37.615+0000] {spark_submit.py:579} INFO - 24/09/15 13:59:37 INFO BlockManagerInfo: Added broadcast_2_piece0 in memory on fb744bf0dc86:34557 (size: 32.6 KiB, free: 434.3 MiB)
[2024-09-15T13:59:37.664+0000] {spark_submit.py:579} INFO - 24/09/15 13:59:37 INFO SparkContext: Created broadcast 2 from textFile at ReadWrite.scala:587
[2024-09-15T13:59:37.673+0000] {spark_submit.py:579} INFO - 24/09/15 13:59:37 INFO BlockManagerInfo: Removed broadcast_1_piece0 on fb744bf0dc86:34557 in memory (size: 5.0 KiB, free: 434.3 MiB)
[2024-09-15T13:59:37.843+0000] {spark_submit.py:579} INFO - 24/09/15 13:59:37 INFO FileInputFormat: Total input files to process : 1
[2024-09-15T13:59:37.868+0000] {spark_submit.py:579} INFO - 24/09/15 13:59:37 INFO SparkContext: Starting job: first at ReadWrite.scala:587
[2024-09-15T13:59:37.872+0000] {spark_submit.py:579} INFO - 24/09/15 13:59:37 INFO DAGScheduler: Got job 1 (first at ReadWrite.scala:587) with 1 output partitions
[2024-09-15T13:59:37.881+0000] {spark_submit.py:579} INFO - 24/09/15 13:59:37 INFO DAGScheduler: Final stage: ResultStage 1 (first at ReadWrite.scala:587)
[2024-09-15T13:59:37.890+0000] {spark_submit.py:579} INFO - 24/09/15 13:59:37 INFO DAGScheduler: Parents of final stage: List()
[2024-09-15T13:59:37.893+0000] {spark_submit.py:579} INFO - 24/09/15 13:59:37 INFO DAGScheduler: Missing parents: List()
[2024-09-15T13:59:37.897+0000] {spark_submit.py:579} INFO - 24/09/15 13:59:37 INFO DAGScheduler: Submitting ResultStage 1 (/opt/***/models/airbnb_model/metadata MapPartitionsRDD[4] at textFile at ReadWrite.scala:587), which has no missing parents
[2024-09-15T13:59:37.904+0000] {spark_submit.py:579} INFO - 24/09/15 13:59:37 INFO MemoryStore: Block broadcast_3 stored as values in memory (estimated size 4.9 KiB, free 433.9 MiB)
[2024-09-15T13:59:37.948+0000] {spark_submit.py:579} INFO - 24/09/15 13:59:37 INFO MemoryStore: Block broadcast_3_piece0 stored as bytes in memory (estimated size 2.8 KiB, free 433.9 MiB)
[2024-09-15T13:59:37.953+0000] {spark_submit.py:579} INFO - 24/09/15 13:59:37 INFO BlockManagerInfo: Added broadcast_3_piece0 in memory on fb744bf0dc86:34557 (size: 2.8 KiB, free: 434.3 MiB)
[2024-09-15T13:59:37.971+0000] {spark_submit.py:579} INFO - 24/09/15 13:59:37 INFO SparkContext: Created broadcast 3 from broadcast at DAGScheduler.scala:1585
[2024-09-15T13:59:37.980+0000] {spark_submit.py:579} INFO - 24/09/15 13:59:37 INFO DAGScheduler: Submitting 1 missing tasks from ResultStage 1 (/opt/***/models/airbnb_model/metadata MapPartitionsRDD[4] at textFile at ReadWrite.scala:587) (first 15 tasks are for partitions Vector(0))
[2024-09-15T13:59:38.018+0000] {spark_submit.py:579} INFO - 24/09/15 13:59:38 INFO TaskSchedulerImpl: Adding task set 1.0 with 1 tasks resource profile 0
[2024-09-15T13:59:38.026+0000] {spark_submit.py:579} INFO - 24/09/15 13:59:38 INFO TaskSetManager: Starting task 0.0 in stage 1.0 (TID 1) (fb744bf0dc86, executor driver, partition 0, PROCESS_LOCAL, 9072 bytes)
[2024-09-15T13:59:38.029+0000] {spark_submit.py:579} INFO - 24/09/15 13:59:38 INFO Executor: Running task 0.0 in stage 1.0 (TID 1)
[2024-09-15T13:59:38.096+0000] {spark_submit.py:579} INFO - 24/09/15 13:59:38 INFO HadoopRDD: Input split: file:/opt/***/models/airbnb_model/metadata/part-00000:0+506
[2024-09-15T13:59:38.156+0000] {spark_submit.py:579} INFO - 24/09/15 13:59:38 INFO Executor: Finished task 0.0 in stage 1.0 (TID 1). 1532 bytes result sent to driver
[2024-09-15T13:59:38.173+0000] {spark_submit.py:579} INFO - 24/09/15 13:59:38 INFO TaskSetManager: Finished task 0.0 in stage 1.0 (TID 1) in 146 ms on fb744bf0dc86 (executor driver) (1/1)
[2024-09-15T13:59:38.194+0000] {spark_submit.py:579} INFO - 24/09/15 13:59:38 INFO DAGScheduler: ResultStage 1 (first at ReadWrite.scala:587) finished in 0.281 s
[2024-09-15T13:59:38.197+0000] {spark_submit.py:579} INFO - 24/09/15 13:59:38 INFO DAGScheduler: Job 1 is finished. Cancelling potential speculative or zombie tasks for this job
[2024-09-15T13:59:38.203+0000] {spark_submit.py:579} INFO - 24/09/15 13:59:38 INFO TaskSchedulerImpl: Removed TaskSet 1.0, whose tasks have all completed, from pool
[2024-09-15T13:59:38.214+0000] {spark_submit.py:579} INFO - 24/09/15 13:59:38 INFO TaskSchedulerImpl: Killing all running tasks in stage 1: Stage finished
[2024-09-15T13:59:38.224+0000] {spark_submit.py:579} INFO - 24/09/15 13:59:38 INFO DAGScheduler: Job 1 finished: first at ReadWrite.scala:587, took 0.347587 s
[2024-09-15T13:59:38.479+0000] {spark_submit.py:579} INFO - 24/09/15 13:59:38 ERROR Instrumentation: java.lang.IllegalArgumentException: requirement failed: Error loading metadata: Expected class name org.apache.spark.ml.PipelineModel but found class name org.apache.spark.ml.regression.LinearRegressionModel
[2024-09-15T13:59:38.482+0000] {spark_submit.py:579} INFO - at scala.Predef$.require(Predef.scala:281)
[2024-09-15T13:59:38.485+0000] {spark_submit.py:579} INFO - at org.apache.spark.ml.util.DefaultParamsReader$.parseMetadata(ReadWrite.scala:610)
[2024-09-15T13:59:38.486+0000] {spark_submit.py:579} INFO - at org.apache.spark.ml.util.DefaultParamsReader$.loadMetadata(ReadWrite.scala:588)
[2024-09-15T13:59:38.487+0000] {spark_submit.py:579} INFO - at org.apache.spark.ml.Pipeline$SharedReadWrite$.$anonfun$load$3(Pipeline.scala:269)
[2024-09-15T13:59:38.489+0000] {spark_submit.py:579} INFO - at org.apache.spark.ml.util.Instrumentation$.$anonfun$instrumented$1(Instrumentation.scala:191)
[2024-09-15T13:59:38.490+0000] {spark_submit.py:579} INFO - at scala.util.Try$.apply(Try.scala:213)
[2024-09-15T13:59:38.492+0000] {spark_submit.py:579} INFO - at org.apache.spark.ml.util.Instrumentation$.instrumented(Instrumentation.scala:191)
[2024-09-15T13:59:38.495+0000] {spark_submit.py:579} INFO - at org.apache.spark.ml.Pipeline$SharedReadWrite$.load(Pipeline.scala:268)
[2024-09-15T13:59:38.497+0000] {spark_submit.py:579} INFO - at org.apache.spark.ml.PipelineModel$PipelineModelReader.$anonfun$load$7(Pipeline.scala:356)
[2024-09-15T13:59:38.499+0000] {spark_submit.py:579} INFO - at org.apache.spark.ml.MLEvents.withLoadInstanceEvent(events.scala:160)
[2024-09-15T13:59:38.500+0000] {spark_submit.py:579} INFO - at org.apache.spark.ml.MLEvents.withLoadInstanceEvent$(events.scala:155)
[2024-09-15T13:59:38.502+0000] {spark_submit.py:579} INFO - at org.apache.spark.ml.util.Instrumentation.withLoadInstanceEvent(Instrumentation.scala:42)
[2024-09-15T13:59:38.504+0000] {spark_submit.py:579} INFO - at org.apache.spark.ml.PipelineModel$PipelineModelReader.$anonfun$load$6(Pipeline.scala:355)
[2024-09-15T13:59:38.506+0000] {spark_submit.py:579} INFO - at org.apache.spark.ml.util.Instrumentation$.$anonfun$instrumented$1(Instrumentation.scala:191)
[2024-09-15T13:59:38.519+0000] {spark_submit.py:579} INFO - at scala.util.Try$.apply(Try.scala:213)
[2024-09-15T13:59:38.521+0000] {spark_submit.py:579} INFO - at org.apache.spark.ml.util.Instrumentation$.instrumented(Instrumentation.scala:191)
[2024-09-15T13:59:38.523+0000] {spark_submit.py:579} INFO - at org.apache.spark.ml.PipelineModel$PipelineModelReader.load(Pipeline.scala:355)
[2024-09-15T13:59:38.525+0000] {spark_submit.py:579} INFO - at java.base/jdk.internal.reflect.NativeMethodAccessorImpl.invoke0(Native Method)
[2024-09-15T13:59:38.527+0000] {spark_submit.py:579} INFO - at java.base/jdk.internal.reflect.NativeMethodAccessorImpl.invoke(NativeMethodAccessorImpl.java:77)
[2024-09-15T13:59:38.531+0000] {spark_submit.py:579} INFO - at java.base/jdk.internal.reflect.DelegatingMethodAccessorImpl.invoke(DelegatingMethodAccessorImpl.java:43)
[2024-09-15T13:59:38.533+0000] {spark_submit.py:579} INFO - at java.base/java.lang.reflect.Method.invoke(Method.java:569)
[2024-09-15T13:59:38.534+0000] {spark_submit.py:579} INFO - at py4j.reflection.MethodInvoker.invoke(MethodInvoker.java:244)
[2024-09-15T13:59:38.536+0000] {spark_submit.py:579} INFO - at py4j.reflection.ReflectionEngine.invoke(ReflectionEngine.java:374)
[2024-09-15T13:59:38.538+0000] {spark_submit.py:579} INFO - at py4j.Gateway.invoke(Gateway.java:282)
[2024-09-15T13:59:38.542+0000] {spark_submit.py:579} INFO - at py4j.commands.AbstractCommand.invokeMethod(AbstractCommand.java:132)
[2024-09-15T13:59:38.546+0000] {spark_submit.py:579} INFO - at py4j.commands.CallCommand.execute(CallCommand.java:79)
[2024-09-15T13:59:38.547+0000] {spark_submit.py:579} INFO - at py4j.ClientServerConnection.waitForCommands(ClientServerConnection.java:182)
[2024-09-15T13:59:38.550+0000] {spark_submit.py:579} INFO - at py4j.ClientServerConnection.run(ClientServerConnection.java:106)
[2024-09-15T13:59:38.552+0000] {spark_submit.py:579} INFO - at java.base/java.lang.Thread.run(Thread.java:840)
[2024-09-15T13:59:38.554+0000] {spark_submit.py:579} INFO - 
[2024-09-15T13:59:38.558+0000] {spark_submit.py:579} INFO - 24/09/15 13:59:38 ERROR Instrumentation: java.lang.IllegalArgumentException: requirement failed: Error loading metadata: Expected class name org.apache.spark.ml.PipelineModel but found class name org.apache.spark.ml.regression.LinearRegressionModel
[2024-09-15T13:59:38.560+0000] {spark_submit.py:579} INFO - at scala.Predef$.require(Predef.scala:281)
[2024-09-15T13:59:38.563+0000] {spark_submit.py:579} INFO - at org.apache.spark.ml.util.DefaultParamsReader$.parseMetadata(ReadWrite.scala:610)
[2024-09-15T13:59:38.565+0000] {spark_submit.py:579} INFO - at org.apache.spark.ml.util.DefaultParamsReader$.loadMetadata(ReadWrite.scala:588)
[2024-09-15T13:59:38.566+0000] {spark_submit.py:579} INFO - at org.apache.spark.ml.Pipeline$SharedReadWrite$.$anonfun$load$3(Pipeline.scala:269)
[2024-09-15T13:59:38.568+0000] {spark_submit.py:579} INFO - at org.apache.spark.ml.util.Instrumentation$.$anonfun$instrumented$1(Instrumentation.scala:191)
[2024-09-15T13:59:38.570+0000] {spark_submit.py:579} INFO - at scala.util.Try$.apply(Try.scala:213)
[2024-09-15T13:59:38.572+0000] {spark_submit.py:579} INFO - at org.apache.spark.ml.util.Instrumentation$.instrumented(Instrumentation.scala:191)
[2024-09-15T13:59:38.574+0000] {spark_submit.py:579} INFO - at org.apache.spark.ml.Pipeline$SharedReadWrite$.load(Pipeline.scala:268)
[2024-09-15T13:59:38.576+0000] {spark_submit.py:579} INFO - at org.apache.spark.ml.PipelineModel$PipelineModelReader.$anonfun$load$7(Pipeline.scala:356)
[2024-09-15T13:59:38.580+0000] {spark_submit.py:579} INFO - at org.apache.spark.ml.MLEvents.withLoadInstanceEvent(events.scala:160)
[2024-09-15T13:59:38.582+0000] {spark_submit.py:579} INFO - at org.apache.spark.ml.MLEvents.withLoadInstanceEvent$(events.scala:155)
[2024-09-15T13:59:38.585+0000] {spark_submit.py:579} INFO - at org.apache.spark.ml.util.Instrumentation.withLoadInstanceEvent(Instrumentation.scala:42)
[2024-09-15T13:59:38.587+0000] {spark_submit.py:579} INFO - at org.apache.spark.ml.PipelineModel$PipelineModelReader.$anonfun$load$6(Pipeline.scala:355)
[2024-09-15T13:59:38.590+0000] {spark_submit.py:579} INFO - at org.apache.spark.ml.util.Instrumentation$.$anonfun$instrumented$1(Instrumentation.scala:191)
[2024-09-15T13:59:38.601+0000] {spark_submit.py:579} INFO - at scala.util.Try$.apply(Try.scala:213)
[2024-09-15T13:59:38.604+0000] {spark_submit.py:579} INFO - at org.apache.spark.ml.util.Instrumentation$.instrumented(Instrumentation.scala:191)
[2024-09-15T13:59:38.605+0000] {spark_submit.py:579} INFO - at org.apache.spark.ml.PipelineModel$PipelineModelReader.load(Pipeline.scala:355)
[2024-09-15T13:59:38.607+0000] {spark_submit.py:579} INFO - at java.base/jdk.internal.reflect.NativeMethodAccessorImpl.invoke0(Native Method)
[2024-09-15T13:59:38.608+0000] {spark_submit.py:579} INFO - at java.base/jdk.internal.reflect.NativeMethodAccessorImpl.invoke(NativeMethodAccessorImpl.java:77)
[2024-09-15T13:59:38.614+0000] {spark_submit.py:579} INFO - at java.base/jdk.internal.reflect.DelegatingMethodAccessorImpl.invoke(DelegatingMethodAccessorImpl.java:43)
[2024-09-15T13:59:38.618+0000] {spark_submit.py:579} INFO - at java.base/java.lang.reflect.Method.invoke(Method.java:569)
[2024-09-15T13:59:38.623+0000] {spark_submit.py:579} INFO - at py4j.reflection.MethodInvoker.invoke(MethodInvoker.java:244)
[2024-09-15T13:59:38.631+0000] {spark_submit.py:579} INFO - at py4j.reflection.ReflectionEngine.invoke(ReflectionEngine.java:374)
[2024-09-15T13:59:38.634+0000] {spark_submit.py:579} INFO - at py4j.Gateway.invoke(Gateway.java:282)
[2024-09-15T13:59:38.636+0000] {spark_submit.py:579} INFO - at py4j.commands.AbstractCommand.invokeMethod(AbstractCommand.java:132)
[2024-09-15T13:59:38.642+0000] {spark_submit.py:579} INFO - at py4j.commands.CallCommand.execute(CallCommand.java:79)
[2024-09-15T13:59:38.653+0000] {spark_submit.py:579} INFO - at py4j.ClientServerConnection.waitForCommands(ClientServerConnection.java:182)
[2024-09-15T13:59:38.659+0000] {spark_submit.py:579} INFO - at py4j.ClientServerConnection.run(ClientServerConnection.java:106)
[2024-09-15T13:59:38.668+0000] {spark_submit.py:579} INFO - at java.base/java.lang.Thread.run(Thread.java:840)
[2024-09-15T13:59:38.672+0000] {spark_submit.py:579} INFO - 
[2024-09-15T13:59:38.685+0000] {spark_submit.py:579} INFO - Traceback (most recent call last):
[2024-09-15T13:59:38.691+0000] {spark_submit.py:579} INFO - File "/opt/***/dags/air_pred_model.py", line 19, in <module>
[2024-09-15T13:59:38.703+0000] {spark_submit.py:579} INFO - model = PipelineModel.load(model_path)
[2024-09-15T13:59:38.708+0000] {spark_submit.py:579} INFO - ^^^^^^^^^^^^^^^^^^^^^^^^^^^^^^
[2024-09-15T13:59:38.713+0000] {spark_submit.py:579} INFO - File "/home/***/.local/lib/python3.12/site-packages/pyspark/ml/util.py", line 369, in load
[2024-09-15T13:59:38.715+0000] {spark_submit.py:579} INFO - return cls.read().load(path)
[2024-09-15T13:59:38.719+0000] {spark_submit.py:579} INFO - ^^^^^^^^^^^^^^^^^^^^^
[2024-09-15T13:59:38.723+0000] {spark_submit.py:579} INFO - File "/home/***/.local/lib/python3.12/site-packages/pyspark/ml/pipeline.py", line 284, in load
[2024-09-15T13:59:38.732+0000] {spark_submit.py:579} INFO - return JavaMLReader(cast(Type["JavaMLReadable[PipelineModel]"], self.cls)).load(path)
[2024-09-15T13:59:38.735+0000] {spark_submit.py:579} INFO - ^^^^^^^^^^^^^^^^^^^^^^^^^^^^^^^^^^^^^^^^^^^^^^^^^^^^^^^^^^^^^^^^^^^^^^^^^^^^^^
[2024-09-15T13:59:38.738+0000] {spark_submit.py:579} INFO - File "/home/***/.local/lib/python3.12/site-packages/pyspark/ml/util.py", line 318, in load
[2024-09-15T13:59:38.740+0000] {spark_submit.py:579} INFO - java_obj = self._jread.load(path)
[2024-09-15T13:59:38.742+0000] {spark_submit.py:579} INFO - ^^^^^^^^^^^^^^^^^^^^^^
[2024-09-15T13:59:38.747+0000] {spark_submit.py:579} INFO - File "/home/***/.local/lib/python3.12/site-packages/py4j/java_gateway.py", line 1322, in __call__
[2024-09-15T13:59:38.757+0000] {spark_submit.py:579} INFO - return_value = get_return_value(
[2024-09-15T13:59:38.759+0000] {spark_submit.py:579} INFO - ^^^^^^^^^^^^^^^^^
[2024-09-15T13:59:38.766+0000] {spark_submit.py:579} INFO - File "/home/***/.local/lib/python3.12/site-packages/pyspark/errors/exceptions/captured.py", line 185, in deco
[2024-09-15T13:59:38.778+0000] {spark_submit.py:579} INFO - raise converted from None
[2024-09-15T13:59:38.813+0000] {spark_submit.py:579} INFO - pyspark.errors.exceptions.captured.IllegalArgumentException24/09/15 13:59:38 INFO SharedState: Setting hive.metastore.warehouse.dir ('null') to the value of spark.sql.warehouse.dir.
[2024-09-15T13:59:38.831+0000] {spark_submit.py:579} INFO - 24/09/15 13:59:38 INFO SharedState: Warehouse path is 'file:/user/hive/warehouse'.
[2024-09-15T13:59:39.970+0000] {spark_submit.py:579} INFO - 24/09/15 13:59:39 INFO BlockManagerInfo: Removed broadcast_2_piece0 on fb744bf0dc86:34557 in memory (size: 32.6 KiB, free: 434.4 MiB)
[2024-09-15T13:59:39.997+0000] {spark_submit.py:579} INFO - 24/09/15 13:59:39 INFO BlockManagerInfo: Removed broadcast_3_piece0 on fb744bf0dc86:34557 in memory (size: 2.8 KiB, free: 434.4 MiB)
[2024-09-15T13:59:45.574+0000] {spark_submit.py:579} INFO - : requirement failed: Error loading metadata: Expected class name org.apache.spark.ml.PipelineModel but found class name org.apache.spark.ml.regression.LinearRegressionModel
[2024-09-15T13:59:45.949+0000] {spark_submit.py:579} INFO - 24/09/15 13:59:45 INFO SparkContext: Invoking stop() from shutdown hook
[2024-09-15T13:59:45.952+0000] {spark_submit.py:579} INFO - 24/09/15 13:59:45 INFO SparkContext: SparkContext is stopping with exitCode 0.
[2024-09-15T13:59:45.989+0000] {spark_submit.py:579} INFO - 24/09/15 13:59:45 INFO SparkUI: Stopped Spark web UI at http://fb744bf0dc86:4040
[2024-09-15T13:59:46.027+0000] {spark_submit.py:579} INFO - 24/09/15 13:59:46 INFO MapOutputTrackerMasterEndpoint: MapOutputTrackerMasterEndpoint stopped!
[2024-09-15T13:59:46.088+0000] {spark_submit.py:579} INFO - 24/09/15 13:59:46 INFO MemoryStore: MemoryStore cleared
[2024-09-15T13:59:46.091+0000] {spark_submit.py:579} INFO - 24/09/15 13:59:46 INFO BlockManager: BlockManager stopped
[2024-09-15T13:59:46.101+0000] {spark_submit.py:579} INFO - 24/09/15 13:59:46 INFO BlockManagerMaster: BlockManagerMaster stopped
[2024-09-15T13:59:46.114+0000] {spark_submit.py:579} INFO - 24/09/15 13:59:46 INFO OutputCommitCoordinator$OutputCommitCoordinatorEndpoint: OutputCommitCoordinator stopped!
[2024-09-15T13:59:46.157+0000] {spark_submit.py:579} INFO - 24/09/15 13:59:46 INFO SparkContext: Successfully stopped SparkContext
[2024-09-15T13:59:46.159+0000] {spark_submit.py:579} INFO - 24/09/15 13:59:46 INFO ShutdownHookManager: Shutdown hook called
[2024-09-15T13:59:46.161+0000] {spark_submit.py:579} INFO - 24/09/15 13:59:46 INFO ShutdownHookManager: Deleting directory /tmp/spark-d9e1f2f4-3eb1-48ee-98d5-6d52e300daf6
[2024-09-15T13:59:46.187+0000] {spark_submit.py:579} INFO - 24/09/15 13:59:46 INFO ShutdownHookManager: Deleting directory /tmp/spark-d9e1f2f4-3eb1-48ee-98d5-6d52e300daf6/pyspark-fd523e53-e414-4ae2-bc1f-500484075386
[2024-09-15T13:59:46.204+0000] {spark_submit.py:579} INFO - 24/09/15 13:59:46 INFO ShutdownHookManager: Deleting directory /tmp/spark-7371be82-b593-4065-976d-231a99eeec25
[2024-09-15T13:59:46.623+0000] {taskinstance.py:3310} ERROR - Task failed with exception
Traceback (most recent call last):
  File "/home/airflow/.local/lib/python3.12/site-packages/airflow/models/taskinstance.py", line 767, in _execute_task
    result = _execute_callable(context=context, **execute_callable_kwargs)
             ^^^^^^^^^^^^^^^^^^^^^^^^^^^^^^^^^^^^^^^^^^^^^^^^^^^^^^^^^^^^^
  File "/home/airflow/.local/lib/python3.12/site-packages/airflow/models/taskinstance.py", line 733, in _execute_callable
    return ExecutionCallableRunner(
           ^^^^^^^^^^^^^^^^^^^^^^^^
  File "/home/airflow/.local/lib/python3.12/site-packages/airflow/utils/operator_helpers.py", line 252, in run
    return self.func(*args, **kwargs)
           ^^^^^^^^^^^^^^^^^^^^^^^^^^
  File "/home/airflow/.local/lib/python3.12/site-packages/airflow/models/baseoperator.py", line 406, in wrapper
    return func(self, *args, **kwargs)
           ^^^^^^^^^^^^^^^^^^^^^^^^^^^
  File "/home/airflow/.local/lib/python3.12/site-packages/airflow/providers/apache/spark/operators/spark_submit.py", line 174, in execute
    self._hook.submit(self.application)
  File "/home/airflow/.local/lib/python3.12/site-packages/airflow/providers/apache/spark/hooks/spark_submit.py", line 505, in submit
    raise AirflowException(
airflow.exceptions.AirflowException: Cannot execute: spark-submit --master spark://spark-master:7077 --conf spark.master=spark://spark-master:7077 --name arrow-spark --verbose --deploy-mode client /opt/***/dags/air_pred_model.py. Error code is: 1.
[2024-09-15T13:59:46.699+0000] {taskinstance.py:1225} INFO - Marking task as UP_FOR_RETRY. dag_id=airbnb_model, task_id=pred_model, run_id=scheduled__2024-09-14T00:00:00+00:00, execution_date=20240914T000000, start_date=20240915T135915, end_date=20240915T135946
[2024-09-15T13:59:46.794+0000] {taskinstance.py:340} INFO - ::group::Post task execution logs
[2024-09-15T13:59:46.802+0000] {standard_task_runner.py:124} ERROR - Failed to execute job 745 for task pred_model (Cannot execute: spark-submit --master spark://spark-master:7077 --conf spark.master=spark://spark-master:7077 --name arrow-spark --verbose --deploy-mode client /opt/***/dags/air_pred_model.py. Error code is: 1.; 11446)
Traceback (most recent call last):
  File "/home/airflow/.local/lib/python3.12/site-packages/airflow/task/task_runner/standard_task_runner.py", line 117, in _start_by_fork
    ret = args.func(args, dag=self.dag)
          ^^^^^^^^^^^^^^^^^^^^^^^^^^^^^
  File "/home/airflow/.local/lib/python3.12/site-packages/airflow/cli/cli_config.py", line 49, in command
    return func(*args, **kwargs)
           ^^^^^^^^^^^^^^^^^^^^^
  File "/home/airflow/.local/lib/python3.12/site-packages/airflow/utils/cli.py", line 115, in wrapper
    return f(*args, **kwargs)
           ^^^^^^^^^^^^^^^^^^
  File "/home/airflow/.local/lib/python3.12/site-packages/airflow/cli/commands/task_command.py", line 483, in task_run
    task_return_code = _run_task_by_selected_method(args, _dag, ti)
                       ^^^^^^^^^^^^^^^^^^^^^^^^^^^^^^^^^^^^^^^^^^^^
  File "/home/airflow/.local/lib/python3.12/site-packages/airflow/cli/commands/task_command.py", line 256, in _run_task_by_selected_method
    return _run_raw_task(args, ti)
           ^^^^^^^^^^^^^^^^^^^^^^^
  File "/home/airflow/.local/lib/python3.12/site-packages/airflow/cli/commands/task_command.py", line 341, in _run_raw_task
    return ti._run_raw_task(
           ^^^^^^^^^^^^^^^^^
  File "/home/airflow/.local/lib/python3.12/site-packages/airflow/utils/session.py", line 97, in wrapper
    return func(*args, session=session, **kwargs)
           ^^^^^^^^^^^^^^^^^^^^^^^^^^^^^^^^^^^^^^
  File "/home/airflow/.local/lib/python3.12/site-packages/airflow/models/taskinstance.py", line 3004, in _run_raw_task
    return _run_raw_task(
           ^^^^^^^^^^^^^^
  File "/home/airflow/.local/lib/python3.12/site-packages/airflow/models/taskinstance.py", line 273, in _run_raw_task
    TaskInstance._execute_task_with_callbacks(
  File "/home/airflow/.local/lib/python3.12/site-packages/airflow/models/taskinstance.py", line 3158, in _execute_task_with_callbacks
    result = self._execute_task(context, task_orig)
             ^^^^^^^^^^^^^^^^^^^^^^^^^^^^^^^^^^^^^^
  File "/home/airflow/.local/lib/python3.12/site-packages/airflow/models/taskinstance.py", line 3182, in _execute_task
    return _execute_task(self, context, task_orig)
           ^^^^^^^^^^^^^^^^^^^^^^^^^^^^^^^^^^^^^^^
  File "/home/airflow/.local/lib/python3.12/site-packages/airflow/models/taskinstance.py", line 767, in _execute_task
    result = _execute_callable(context=context, **execute_callable_kwargs)
             ^^^^^^^^^^^^^^^^^^^^^^^^^^^^^^^^^^^^^^^^^^^^^^^^^^^^^^^^^^^^^
  File "/home/airflow/.local/lib/python3.12/site-packages/airflow/models/taskinstance.py", line 733, in _execute_callable
    return ExecutionCallableRunner(
           ^^^^^^^^^^^^^^^^^^^^^^^^
  File "/home/airflow/.local/lib/python3.12/site-packages/airflow/utils/operator_helpers.py", line 252, in run
    return self.func(*args, **kwargs)
           ^^^^^^^^^^^^^^^^^^^^^^^^^^
  File "/home/airflow/.local/lib/python3.12/site-packages/airflow/models/baseoperator.py", line 406, in wrapper
    return func(self, *args, **kwargs)
           ^^^^^^^^^^^^^^^^^^^^^^^^^^^
  File "/home/airflow/.local/lib/python3.12/site-packages/airflow/providers/apache/spark/operators/spark_submit.py", line 174, in execute
    self._hook.submit(self.application)
  File "/home/airflow/.local/lib/python3.12/site-packages/airflow/providers/apache/spark/hooks/spark_submit.py", line 505, in submit
    raise AirflowException(
airflow.exceptions.AirflowException: Cannot execute: spark-submit --master spark://spark-master:7077 --conf spark.master=spark://spark-master:7077 --name arrow-spark --verbose --deploy-mode client /opt/***/dags/air_pred_model.py. Error code is: 1.
[2024-09-15T13:59:46.934+0000] {local_task_job_runner.py:266} INFO - Task exited with return code 1
[2024-09-15T13:59:47.104+0000] {taskinstance.py:3900} INFO - 0 downstream tasks scheduled from follow-on schedule check
[2024-09-15T13:59:47.143+0000] {local_task_job_runner.py:245} INFO - ::endgroup::
