[2024-09-15T14:04:31.790+0000] {local_task_job_runner.py:123} INFO - ::group::Pre task execution logs
[2024-09-15T14:04:31.825+0000] {taskinstance.py:2612} INFO - Dependencies all met for dep_context=non-requeueable deps ti=<TaskInstance: airbnb_model.pred_model scheduled__2024-09-14T00:00:00+00:00 [queued]>
[2024-09-15T14:04:31.846+0000] {taskinstance.py:2612} INFO - Dependencies all met for dep_context=requeueable deps ti=<TaskInstance: airbnb_model.pred_model scheduled__2024-09-14T00:00:00+00:00 [queued]>
[2024-09-15T14:04:31.847+0000] {taskinstance.py:2865} INFO - Starting attempt 14 of 17
[2024-09-15T14:04:31.876+0000] {taskinstance.py:2888} INFO - Executing <Task(SparkSubmitOperator): pred_model> on 2024-09-14 00:00:00+00:00
[2024-09-15T14:04:31.890+0000] {standard_task_runner.py:104} INFO - Running: ['***', 'tasks', 'run', 'airbnb_model', 'pred_model', 'scheduled__2024-09-14T00:00:00+00:00', '--job-id', '746', '--raw', '--subdir', 'DAGS_FOLDER/air_price_pred_dag.py', '--cfg-path', '/tmp/tmpgm2ral1m']
[2024-09-15T14:04:31.894+0000] {standard_task_runner.py:105} INFO - Job 746: Subtask pred_model
[2024-09-15T14:04:31.896+0000] {logging_mixin.py:190} WARNING - /home/***/.local/lib/python3.12/site-packages/***/task/task_runner/standard_task_runner.py:70 DeprecationWarning: This process (pid=11916) is multi-threaded, use of fork() may lead to deadlocks in the child.
[2024-09-15T14:04:31.897+0000] {standard_task_runner.py:72} INFO - Started process 11917 to run task
[2024-09-15T14:04:31.975+0000] {task_command.py:467} INFO - Running <TaskInstance: airbnb_model.pred_model scheduled__2024-09-14T00:00:00+00:00 [running]> on host fb744bf0dc86
[2024-09-15T14:04:32.137+0000] {taskinstance.py:3131} INFO - Exporting env vars: AIRFLOW_CTX_DAG_OWNER='Denis' AIRFLOW_CTX_DAG_ID='airbnb_model' AIRFLOW_CTX_TASK_ID='pred_model' AIRFLOW_CTX_EXECUTION_DATE='2024-09-14T00:00:00+00:00' AIRFLOW_CTX_TRY_NUMBER='14' AIRFLOW_CTX_DAG_RUN_ID='scheduled__2024-09-14T00:00:00+00:00'
[2024-09-15T14:04:32.140+0000] {taskinstance.py:731} INFO - ::endgroup::
[2024-09-15T14:04:32.206+0000] {base.py:84} INFO - Retrieving connection 'spark_default'
[2024-09-15T14:04:32.208+0000] {spark_submit.py:403} INFO - Spark-Submit cmd: spark-submit --master spark://spark-master:7077 --conf spark.master=spark://spark-master:7077 --name arrow-spark --verbose --deploy-mode client /opt/***/dags/air_pred_model.py
[2024-09-15T14:04:36.292+0000] {spark_submit.py:579} INFO - Using properties file: null
[2024-09-15T14:04:36.528+0000] {spark_submit.py:579} INFO - Parsed arguments:
[2024-09-15T14:04:36.529+0000] {spark_submit.py:579} INFO - master                  spark://spark-master:7077
[2024-09-15T14:04:36.530+0000] {spark_submit.py:579} INFO - remote                  null
[2024-09-15T14:04:36.532+0000] {spark_submit.py:579} INFO - deployMode              client
[2024-09-15T14:04:36.533+0000] {spark_submit.py:579} INFO - executorMemory          null
[2024-09-15T14:04:36.534+0000] {spark_submit.py:579} INFO - executorCores           null
[2024-09-15T14:04:36.535+0000] {spark_submit.py:579} INFO - totalExecutorCores      null
[2024-09-15T14:04:36.537+0000] {spark_submit.py:579} INFO - propertiesFile          null
[2024-09-15T14:04:36.538+0000] {spark_submit.py:579} INFO - driverMemory            null
[2024-09-15T14:04:36.539+0000] {spark_submit.py:579} INFO - driverCores             null
[2024-09-15T14:04:36.540+0000] {spark_submit.py:579} INFO - driverExtraClassPath    null
[2024-09-15T14:04:36.542+0000] {spark_submit.py:579} INFO - driverExtraLibraryPath  null
[2024-09-15T14:04:36.543+0000] {spark_submit.py:579} INFO - driverExtraJavaOptions  null
[2024-09-15T14:04:36.544+0000] {spark_submit.py:579} INFO - supervise               false
[2024-09-15T14:04:36.545+0000] {spark_submit.py:579} INFO - queue                   null
[2024-09-15T14:04:36.546+0000] {spark_submit.py:579} INFO - numExecutors            null
[2024-09-15T14:04:36.548+0000] {spark_submit.py:579} INFO - files                   null
[2024-09-15T14:04:36.549+0000] {spark_submit.py:579} INFO - pyFiles                 null
[2024-09-15T14:04:36.550+0000] {spark_submit.py:579} INFO - archives                null
[2024-09-15T14:04:36.551+0000] {spark_submit.py:579} INFO - mainClass               null
[2024-09-15T14:04:36.552+0000] {spark_submit.py:579} INFO - primaryResource         file:/opt/***/dags/air_pred_model.py
[2024-09-15T14:04:36.553+0000] {spark_submit.py:579} INFO - name                    arrow-spark
[2024-09-15T14:04:36.555+0000] {spark_submit.py:579} INFO - childArgs               []
[2024-09-15T14:04:36.556+0000] {spark_submit.py:579} INFO - jars                    null
[2024-09-15T14:04:36.557+0000] {spark_submit.py:579} INFO - packages                null
[2024-09-15T14:04:36.558+0000] {spark_submit.py:579} INFO - packagesExclusions      null
[2024-09-15T14:04:36.560+0000] {spark_submit.py:579} INFO - repositories            null
[2024-09-15T14:04:36.561+0000] {spark_submit.py:579} INFO - verbose                 true
[2024-09-15T14:04:36.562+0000] {spark_submit.py:579} INFO - 
[2024-09-15T14:04:36.563+0000] {spark_submit.py:579} INFO - Spark properties used, including those specified through
[2024-09-15T14:04:36.565+0000] {spark_submit.py:579} INFO - --conf and those from the properties file null:
[2024-09-15T14:04:36.566+0000] {spark_submit.py:579} INFO - (spark.master,spark://spark-master:7077)
[2024-09-15T14:04:36.567+0000] {spark_submit.py:579} INFO - 
[2024-09-15T14:04:36.569+0000] {spark_submit.py:579} INFO - 
[2024-09-15T14:04:37.512+0000] {spark_submit.py:579} INFO - Main class:
[2024-09-15T14:04:37.514+0000] {spark_submit.py:579} INFO - org.apache.spark.deploy.PythonRunner
[2024-09-15T14:04:37.517+0000] {spark_submit.py:579} INFO - Arguments:
[2024-09-15T14:04:37.518+0000] {spark_submit.py:579} INFO - file:/opt/***/dags/air_pred_model.py
[2024-09-15T14:04:37.519+0000] {spark_submit.py:579} INFO - null
[2024-09-15T14:04:37.524+0000] {spark_submit.py:579} INFO - Spark config:
[2024-09-15T14:04:37.525+0000] {spark_submit.py:579} INFO - (spark.app.name,arrow-spark)
[2024-09-15T14:04:37.528+0000] {spark_submit.py:579} INFO - (spark.app.submitTime,1726409077462)
[2024-09-15T14:04:37.529+0000] {spark_submit.py:579} INFO - (spark.master,spark://spark-master:7077)
[2024-09-15T14:04:37.531+0000] {spark_submit.py:579} INFO - (spark.submit.deployMode,client)
[2024-09-15T14:04:37.532+0000] {spark_submit.py:579} INFO - (spark.submit.pyFiles,)
[2024-09-15T14:04:37.534+0000] {spark_submit.py:579} INFO - Classpath elements:
[2024-09-15T14:04:37.535+0000] {spark_submit.py:579} INFO - 
[2024-09-15T14:04:37.536+0000] {spark_submit.py:579} INFO - 
[2024-09-15T14:04:37.538+0000] {spark_submit.py:579} INFO - 
[2024-09-15T14:04:40.526+0000] {spark_submit.py:579} INFO - 24/09/15 14:04:40 INFO SparkContext: Running Spark version 3.5.2
[2024-09-15T14:04:40.534+0000] {spark_submit.py:579} INFO - 24/09/15 14:04:40 INFO SparkContext: OS info Linux, 5.15.153.1-microsoft-standard-WSL2, amd64
[2024-09-15T14:04:40.537+0000] {spark_submit.py:579} INFO - 24/09/15 14:04:40 INFO SparkContext: Java version 17.0.12
[2024-09-15T14:04:40.714+0000] {spark_submit.py:579} INFO - 24/09/15 14:04:40 WARN NativeCodeLoader: Unable to load native-hadoop library for your platform... using builtin-java classes where applicable
[2024-09-15T14:04:40.976+0000] {spark_submit.py:579} INFO - 24/09/15 14:04:40 INFO ResourceUtils: ==============================================================
[2024-09-15T14:04:40.979+0000] {spark_submit.py:579} INFO - 24/09/15 14:04:40 INFO ResourceUtils: No custom resources configured for spark.driver.
[2024-09-15T14:04:40.981+0000] {spark_submit.py:579} INFO - 24/09/15 14:04:40 INFO ResourceUtils: ==============================================================
[2024-09-15T14:04:40.982+0000] {spark_submit.py:579} INFO - 24/09/15 14:04:40 INFO SparkContext: Submitted application: Airbnb_regr_model
[2024-09-15T14:04:41.038+0000] {spark_submit.py:579} INFO - 24/09/15 14:04:41 INFO ResourceProfile: Default ResourceProfile created, executor resources: Map(cores -> name: cores, amount: 1, script: , vendor: , memory -> name: memory, amount: 1024, script: , vendor: , offHeap -> name: offHeap, amount: 0, script: , vendor: ), task resources: Map(cpus -> name: cpus, amount: 1.0)
[2024-09-15T14:04:41.056+0000] {spark_submit.py:579} INFO - 24/09/15 14:04:41 INFO ResourceProfile: Limiting resource is cpu
[2024-09-15T14:04:41.058+0000] {spark_submit.py:579} INFO - 24/09/15 14:04:41 INFO ResourceProfileManager: Added ResourceProfile id: 0
[2024-09-15T14:04:41.257+0000] {spark_submit.py:579} INFO - 24/09/15 14:04:41 INFO SecurityManager: Changing view acls to: ***
[2024-09-15T14:04:41.258+0000] {spark_submit.py:579} INFO - 24/09/15 14:04:41 INFO SecurityManager: Changing modify acls to: ***
[2024-09-15T14:04:41.259+0000] {spark_submit.py:579} INFO - 24/09/15 14:04:41 INFO SecurityManager: Changing view acls groups to:
[2024-09-15T14:04:41.261+0000] {spark_submit.py:579} INFO - 24/09/15 14:04:41 INFO SecurityManager: Changing modify acls groups to:
[2024-09-15T14:04:41.262+0000] {spark_submit.py:579} INFO - 24/09/15 14:04:41 INFO SecurityManager: SecurityManager: authentication disabled; ui acls disabled; users with view permissions: ***; groups with view permissions: EMPTY; users with modify permissions: ***; groups with modify permissions: EMPTY
[2024-09-15T14:04:42.020+0000] {spark_submit.py:579} INFO - 24/09/15 14:04:42 INFO Utils: Successfully started service 'sparkDriver' on port 42465.
[2024-09-15T14:04:42.123+0000] {spark_submit.py:579} INFO - 24/09/15 14:04:42 INFO SparkEnv: Registering MapOutputTracker
[2024-09-15T14:04:42.210+0000] {spark_submit.py:579} INFO - 24/09/15 14:04:42 INFO SparkEnv: Registering BlockManagerMaster
[2024-09-15T14:04:42.262+0000] {spark_submit.py:579} INFO - 24/09/15 14:04:42 INFO BlockManagerMasterEndpoint: Using org.apache.spark.storage.DefaultTopologyMapper for getting topology information
[2024-09-15T14:04:42.264+0000] {spark_submit.py:579} INFO - 24/09/15 14:04:42 INFO BlockManagerMasterEndpoint: BlockManagerMasterEndpoint up
[2024-09-15T14:04:42.272+0000] {spark_submit.py:579} INFO - 24/09/15 14:04:42 INFO SparkEnv: Registering BlockManagerMasterHeartbeat
[2024-09-15T14:04:42.322+0000] {spark_submit.py:579} INFO - 24/09/15 14:04:42 INFO DiskBlockManager: Created local directory at /tmp/blockmgr-850bb0cb-e80f-4573-a364-5fa1333d93d9
[2024-09-15T14:04:42.348+0000] {spark_submit.py:579} INFO - 24/09/15 14:04:42 INFO MemoryStore: MemoryStore started with capacity 434.4 MiB
[2024-09-15T14:04:42.382+0000] {spark_submit.py:579} INFO - 24/09/15 14:04:42 INFO SparkEnv: Registering OutputCommitCoordinator
[2024-09-15T14:04:42.729+0000] {spark_submit.py:579} INFO - 24/09/15 14:04:42 INFO JettyUtils: Start Jetty 0.0.0.0:4040 for SparkUI
[2024-09-15T14:04:42.962+0000] {spark_submit.py:579} INFO - 24/09/15 14:04:42 INFO Utils: Successfully started service 'SparkUI' on port 4040.
[2024-09-15T14:04:43.335+0000] {spark_submit.py:579} INFO - 24/09/15 14:04:43 INFO Executor: Starting executor ID driver on host fb744bf0dc86
[2024-09-15T14:04:43.337+0000] {spark_submit.py:579} INFO - 24/09/15 14:04:43 INFO Executor: OS info Linux, 5.15.153.1-microsoft-standard-WSL2, amd64
[2024-09-15T14:04:43.338+0000] {spark_submit.py:579} INFO - 24/09/15 14:04:43 INFO Executor: Java version 17.0.12
[2024-09-15T14:04:43.355+0000] {spark_submit.py:579} INFO - 24/09/15 14:04:43 INFO Executor: Starting executor with user classpath (userClassPathFirst = false): ''
[2024-09-15T14:04:43.357+0000] {spark_submit.py:579} INFO - 24/09/15 14:04:43 INFO Executor: Created or updated repl class loader org.apache.spark.util.MutableURLClassLoader@7432b5cc for default.
[2024-09-15T14:04:43.402+0000] {spark_submit.py:579} INFO - 24/09/15 14:04:43 INFO Utils: Successfully started service 'org.apache.spark.network.netty.NettyBlockTransferService' on port 42413.
[2024-09-15T14:04:43.404+0000] {spark_submit.py:579} INFO - 24/09/15 14:04:43 INFO NettyBlockTransferService: Server created on fb744bf0dc86:42413
[2024-09-15T14:04:43.407+0000] {spark_submit.py:579} INFO - 24/09/15 14:04:43 INFO BlockManager: Using org.apache.spark.storage.RandomBlockReplicationPolicy for block replication policy
[2024-09-15T14:04:43.420+0000] {spark_submit.py:579} INFO - 24/09/15 14:04:43 INFO BlockManagerMaster: Registering BlockManager BlockManagerId(driver, fb744bf0dc86, 42413, None)
[2024-09-15T14:04:43.428+0000] {spark_submit.py:579} INFO - 24/09/15 14:04:43 INFO BlockManagerMasterEndpoint: Registering block manager fb744bf0dc86:42413 with 434.4 MiB RAM, BlockManagerId(driver, fb744bf0dc86, 42413, None)
[2024-09-15T14:04:43.436+0000] {spark_submit.py:579} INFO - 24/09/15 14:04:43 INFO BlockManagerMaster: Registered BlockManager BlockManagerId(driver, fb744bf0dc86, 42413, None)
[2024-09-15T14:04:43.438+0000] {spark_submit.py:579} INFO - 24/09/15 14:04:43 INFO BlockManager: Initialized BlockManager: BlockManagerId(driver, fb744bf0dc86, 42413, None)
[2024-09-15T14:04:45.491+0000] {spark_submit.py:579} INFO - 24/09/15 14:04:45 INFO MemoryStore: Block broadcast_0 stored as values in memory (estimated size 221.5 KiB, free 434.2 MiB)
[2024-09-15T14:04:45.730+0000] {spark_submit.py:579} INFO - 24/09/15 14:04:45 INFO MemoryStore: Block broadcast_0_piece0 stored as bytes in memory (estimated size 32.6 KiB, free 434.2 MiB)
[2024-09-15T14:04:45.738+0000] {spark_submit.py:579} INFO - 24/09/15 14:04:45 INFO BlockManagerInfo: Added broadcast_0_piece0 in memory on fb744bf0dc86:42413 (size: 32.6 KiB, free: 434.4 MiB)
[2024-09-15T14:04:45.752+0000] {spark_submit.py:579} INFO - 24/09/15 14:04:45 INFO SparkContext: Created broadcast 0 from textFile at ReadWrite.scala:587
[2024-09-15T14:04:46.234+0000] {spark_submit.py:579} INFO - 24/09/15 14:04:46 INFO FileInputFormat: Total input files to process : 1
[2024-09-15T14:04:46.402+0000] {spark_submit.py:579} INFO - 24/09/15 14:04:46 INFO SparkContext: Starting job: first at ReadWrite.scala:587
[2024-09-15T14:04:46.431+0000] {spark_submit.py:579} INFO - 24/09/15 14:04:46 INFO DAGScheduler: Got job 0 (first at ReadWrite.scala:587) with 1 output partitions
[2024-09-15T14:04:46.433+0000] {spark_submit.py:579} INFO - 24/09/15 14:04:46 INFO DAGScheduler: Final stage: ResultStage 0 (first at ReadWrite.scala:587)
[2024-09-15T14:04:46.434+0000] {spark_submit.py:579} INFO - 24/09/15 14:04:46 INFO DAGScheduler: Parents of final stage: List()
[2024-09-15T14:04:46.436+0000] {spark_submit.py:579} INFO - 24/09/15 14:04:46 INFO DAGScheduler: Missing parents: List()
[2024-09-15T14:04:46.446+0000] {spark_submit.py:579} INFO - 24/09/15 14:04:46 INFO DAGScheduler: Submitting ResultStage 0 (/opt/***/models/airbnb_model/metadata MapPartitionsRDD[1] at textFile at ReadWrite.scala:587), which has no missing parents
[2024-09-15T14:04:46.537+0000] {spark_submit.py:579} INFO - 24/09/15 14:04:46 INFO MemoryStore: Block broadcast_1 stored as values in memory (estimated size 4.9 KiB, free 434.1 MiB)
[2024-09-15T14:04:46.580+0000] {spark_submit.py:579} INFO - 24/09/15 14:04:46 INFO MemoryStore: Block broadcast_1_piece0 stored as bytes in memory (estimated size 2.8 KiB, free 434.1 MiB)
[2024-09-15T14:04:46.582+0000] {spark_submit.py:579} INFO - 24/09/15 14:04:46 INFO BlockManagerInfo: Added broadcast_1_piece0 in memory on fb744bf0dc86:42413 (size: 2.8 KiB, free: 434.4 MiB)
[2024-09-15T14:04:46.584+0000] {spark_submit.py:579} INFO - 24/09/15 14:04:46 INFO SparkContext: Created broadcast 1 from broadcast at DAGScheduler.scala:1585
[2024-09-15T14:04:46.633+0000] {spark_submit.py:579} INFO - 24/09/15 14:04:46 INFO DAGScheduler: Submitting 1 missing tasks from ResultStage 0 (/opt/***/models/airbnb_model/metadata MapPartitionsRDD[1] at textFile at ReadWrite.scala:587) (first 15 tasks are for partitions Vector(0))
[2024-09-15T14:04:46.636+0000] {spark_submit.py:579} INFO - 24/09/15 14:04:46 INFO TaskSchedulerImpl: Adding task set 0.0 with 1 tasks resource profile 0
[2024-09-15T14:04:46.746+0000] {spark_submit.py:579} INFO - 24/09/15 14:04:46 INFO TaskSetManager: Starting task 0.0 in stage 0.0 (TID 0) (fb744bf0dc86, executor driver, partition 0, PROCESS_LOCAL, 9072 bytes)
[2024-09-15T14:04:46.793+0000] {spark_submit.py:579} INFO - 24/09/15 14:04:46 INFO Executor: Running task 0.0 in stage 0.0 (TID 0)
[2024-09-15T14:04:46.921+0000] {spark_submit.py:579} INFO - 24/09/15 14:04:46 INFO HadoopRDD: Input split: file:/opt/***/models/airbnb_model/metadata/part-00000:0+506
[2024-09-15T14:04:47.051+0000] {spark_submit.py:579} INFO - 24/09/15 14:04:47 INFO Executor: Finished task 0.0 in stage 0.0 (TID 0). 1489 bytes result sent to driver
[2024-09-15T14:04:47.071+0000] {spark_submit.py:579} INFO - 24/09/15 14:04:47 INFO TaskSetManager: Finished task 0.0 in stage 0.0 (TID 0) in 357 ms on fb744bf0dc86 (executor driver) (1/1)
[2024-09-15T14:04:47.075+0000] {spark_submit.py:579} INFO - 24/09/15 14:04:47 INFO TaskSchedulerImpl: Removed TaskSet 0.0, whose tasks have all completed, from pool
[2024-09-15T14:04:47.087+0000] {spark_submit.py:579} INFO - 24/09/15 14:04:47 INFO DAGScheduler: ResultStage 0 (first at ReadWrite.scala:587) finished in 0.610 s
[2024-09-15T14:04:47.097+0000] {spark_submit.py:579} INFO - 24/09/15 14:04:47 INFO DAGScheduler: Job 0 is finished. Cancelling potential speculative or zombie tasks for this job
[2024-09-15T14:04:47.098+0000] {spark_submit.py:579} INFO - 24/09/15 14:04:47 INFO TaskSchedulerImpl: Killing all running tasks in stage 0: Stage finished
[2024-09-15T14:04:47.103+0000] {spark_submit.py:579} INFO - 24/09/15 14:04:47 INFO DAGScheduler: Job 0 finished: first at ReadWrite.scala:587, took 0.700222 s
[2024-09-15T14:04:47.292+0000] {spark_submit.py:579} INFO - 24/09/15 14:04:47 INFO SharedState: Setting hive.metastore.warehouse.dir ('null') to the value of spark.sql.warehouse.dir.
[2024-09-15T14:04:47.308+0000] {spark_submit.py:579} INFO - 24/09/15 14:04:47 INFO SharedState: Warehouse path is 'file:/user/hive/warehouse'.
[2024-09-15T14:04:47.692+0000] {spark_submit.py:579} INFO - 24/09/15 14:04:47 INFO BlockManagerInfo: Removed broadcast_1_piece0 on fb744bf0dc86:42413 in memory (size: 2.8 KiB, free: 434.4 MiB)
[2024-09-15T14:04:47.714+0000] {spark_submit.py:579} INFO - 24/09/15 14:04:47 INFO BlockManagerInfo: Removed broadcast_0_piece0 on fb744bf0dc86:42413 in memory (size: 32.6 KiB, free: 434.4 MiB)
[2024-09-15T14:04:49.780+0000] {spark_submit.py:579} INFO - 24/09/15 14:04:49 INFO InMemoryFileIndex: It took 29 ms to list leaf files for 1 paths.
[2024-09-15T14:04:50.113+0000] {spark_submit.py:579} INFO - 24/09/15 14:04:50 INFO SparkContext: Starting job: load at LinearRegression.scala:833
[2024-09-15T14:04:50.116+0000] {spark_submit.py:579} INFO - 24/09/15 14:04:50 INFO DAGScheduler: Got job 1 (load at LinearRegression.scala:833) with 1 output partitions
[2024-09-15T14:04:50.117+0000] {spark_submit.py:579} INFO - 24/09/15 14:04:50 INFO DAGScheduler: Final stage: ResultStage 1 (load at LinearRegression.scala:833)
[2024-09-15T14:04:50.119+0000] {spark_submit.py:579} INFO - 24/09/15 14:04:50 INFO DAGScheduler: Parents of final stage: List()
[2024-09-15T14:04:50.120+0000] {spark_submit.py:579} INFO - 24/09/15 14:04:50 INFO DAGScheduler: Missing parents: List()
[2024-09-15T14:04:50.121+0000] {spark_submit.py:579} INFO - 24/09/15 14:04:50 INFO DAGScheduler: Submitting ResultStage 1 (MapPartitionsRDD[3] at load at LinearRegression.scala:833), which has no missing parents
[2024-09-15T14:04:50.145+0000] {spark_submit.py:579} INFO - 24/09/15 14:04:50 INFO MemoryStore: Block broadcast_2 stored as values in memory (estimated size 103.4 KiB, free 434.3 MiB)
[2024-09-15T14:04:50.151+0000] {spark_submit.py:579} INFO - 24/09/15 14:04:50 INFO MemoryStore: Block broadcast_2_piece0 stored as bytes in memory (estimated size 37.2 KiB, free 434.3 MiB)
[2024-09-15T14:04:50.154+0000] {spark_submit.py:579} INFO - 24/09/15 14:04:50 INFO BlockManagerInfo: Added broadcast_2_piece0 in memory on fb744bf0dc86:42413 (size: 37.2 KiB, free: 434.4 MiB)
[2024-09-15T14:04:50.156+0000] {spark_submit.py:579} INFO - 24/09/15 14:04:50 INFO SparkContext: Created broadcast 2 from broadcast at DAGScheduler.scala:1585
[2024-09-15T14:04:50.158+0000] {spark_submit.py:579} INFO - 24/09/15 14:04:50 INFO DAGScheduler: Submitting 1 missing tasks from ResultStage 1 (MapPartitionsRDD[3] at load at LinearRegression.scala:833) (first 15 tasks are for partitions Vector(0))
[2024-09-15T14:04:50.159+0000] {spark_submit.py:579} INFO - 24/09/15 14:04:50 INFO TaskSchedulerImpl: Adding task set 1.0 with 1 tasks resource profile 0
[2024-09-15T14:04:50.181+0000] {spark_submit.py:579} INFO - 24/09/15 14:04:50 INFO TaskSetManager: Starting task 0.0 in stage 1.0 (TID 1) (fb744bf0dc86, executor driver, partition 0, PROCESS_LOCAL, 9204 bytes)
[2024-09-15T14:04:50.183+0000] {spark_submit.py:579} INFO - 24/09/15 14:04:50 INFO Executor: Running task 0.0 in stage 1.0 (TID 1)
[2024-09-15T14:04:50.950+0000] {spark_submit.py:579} INFO - 24/09/15 14:04:50 INFO Executor: Finished task 0.0 in stage 1.0 (TID 1). 2282 bytes result sent to driver
[2024-09-15T14:04:50.955+0000] {spark_submit.py:579} INFO - 24/09/15 14:04:50 INFO TaskSetManager: Finished task 0.0 in stage 1.0 (TID 1) in 794 ms on fb744bf0dc86 (executor driver) (1/1)
[2024-09-15T14:04:50.958+0000] {spark_submit.py:579} INFO - 24/09/15 14:04:50 INFO TaskSchedulerImpl: Removed TaskSet 1.0, whose tasks have all completed, from pool
[2024-09-15T14:04:50.959+0000] {spark_submit.py:579} INFO - 24/09/15 14:04:50 INFO DAGScheduler: ResultStage 1 (load at LinearRegression.scala:833) finished in 0.833 s
[2024-09-15T14:04:50.960+0000] {spark_submit.py:579} INFO - 24/09/15 14:04:50 INFO DAGScheduler: Job 1 is finished. Cancelling potential speculative or zombie tasks for this job
[2024-09-15T14:04:50.961+0000] {spark_submit.py:579} INFO - 24/09/15 14:04:50 INFO TaskSchedulerImpl: Killing all running tasks in stage 1: Stage finished
[2024-09-15T14:04:50.962+0000] {spark_submit.py:579} INFO - 24/09/15 14:04:50 INFO DAGScheduler: Job 1 finished: load at LinearRegression.scala:833, took 0.848091 s
[2024-09-15T14:04:52.678+0000] {spark_submit.py:579} INFO - 24/09/15 14:04:52 INFO BlockManagerInfo: Removed broadcast_2_piece0 on fb744bf0dc86:42413 in memory (size: 37.2 KiB, free: 434.4 MiB)
[2024-09-15T14:04:53.114+0000] {spark_submit.py:579} INFO - 24/09/15 14:04:53 INFO FileSourceStrategy: Pushed Filters:
[2024-09-15T14:04:53.118+0000] {spark_submit.py:579} INFO - 24/09/15 14:04:53 INFO FileSourceStrategy: Post-Scan Filters:
[2024-09-15T14:04:54.010+0000] {spark_submit.py:579} INFO - 24/09/15 14:04:54 INFO CodeGenerator: Code generated in 388.592334 ms
[2024-09-15T14:04:54.036+0000] {spark_submit.py:579} INFO - 24/09/15 14:04:54 INFO MemoryStore: Block broadcast_3 stored as values in memory (estimated size 202.4 KiB, free 434.2 MiB)
[2024-09-15T14:04:54.056+0000] {spark_submit.py:579} INFO - 24/09/15 14:04:54 INFO MemoryStore: Block broadcast_3_piece0 stored as bytes in memory (estimated size 35.4 KiB, free 434.2 MiB)
[2024-09-15T14:04:54.057+0000] {spark_submit.py:579} INFO - 24/09/15 14:04:54 INFO BlockManagerInfo: Added broadcast_3_piece0 in memory on fb744bf0dc86:42413 (size: 35.4 KiB, free: 434.4 MiB)
[2024-09-15T14:04:54.059+0000] {spark_submit.py:579} INFO - 24/09/15 14:04:54 INFO SparkContext: Created broadcast 3 from head at LinearRegression.scala:845
[2024-09-15T14:04:54.086+0000] {spark_submit.py:579} INFO - 24/09/15 14:04:54 INFO FileSourceScanExec: Planning scan with bin packing, max size: 4194304 bytes, open cost is considered as scanning 4194304 bytes.
[2024-09-15T14:04:54.157+0000] {spark_submit.py:579} INFO - 24/09/15 14:04:54 INFO SparkContext: Starting job: head at LinearRegression.scala:845
[2024-09-15T14:04:54.160+0000] {spark_submit.py:579} INFO - 24/09/15 14:04:54 INFO DAGScheduler: Got job 2 (head at LinearRegression.scala:845) with 1 output partitions
[2024-09-15T14:04:54.161+0000] {spark_submit.py:579} INFO - 24/09/15 14:04:54 INFO DAGScheduler: Final stage: ResultStage 2 (head at LinearRegression.scala:845)
[2024-09-15T14:04:54.162+0000] {spark_submit.py:579} INFO - 24/09/15 14:04:54 INFO DAGScheduler: Parents of final stage: List()
[2024-09-15T14:04:54.163+0000] {spark_submit.py:579} INFO - 24/09/15 14:04:54 INFO DAGScheduler: Missing parents: List()
[2024-09-15T14:04:54.165+0000] {spark_submit.py:579} INFO - 24/09/15 14:04:54 INFO DAGScheduler: Submitting ResultStage 2 (MapPartitionsRDD[7] at head at LinearRegression.scala:845), which has no missing parents
[2024-09-15T14:04:54.217+0000] {spark_submit.py:579} INFO - 24/09/15 14:04:54 INFO MemoryStore: Block broadcast_4 stored as values in memory (estimated size 19.3 KiB, free 434.1 MiB)
[2024-09-15T14:04:54.244+0000] {spark_submit.py:579} INFO - 24/09/15 14:04:54 INFO MemoryStore: Block broadcast_4_piece0 stored as bytes in memory (estimated size 7.5 KiB, free 434.1 MiB)
[2024-09-15T14:04:54.247+0000] {spark_submit.py:579} INFO - 24/09/15 14:04:54 INFO BlockManagerInfo: Added broadcast_4_piece0 in memory on fb744bf0dc86:42413 (size: 7.5 KiB, free: 434.4 MiB)
[2024-09-15T14:04:54.249+0000] {spark_submit.py:579} INFO - 24/09/15 14:04:54 INFO SparkContext: Created broadcast 4 from broadcast at DAGScheduler.scala:1585
[2024-09-15T14:04:54.251+0000] {spark_submit.py:579} INFO - 24/09/15 14:04:54 INFO DAGScheduler: Submitting 1 missing tasks from ResultStage 2 (MapPartitionsRDD[7] at head at LinearRegression.scala:845) (first 15 tasks are for partitions Vector(0))
[2024-09-15T14:04:54.252+0000] {spark_submit.py:579} INFO - 24/09/15 14:04:54 INFO TaskSchedulerImpl: Adding task set 2.0 with 1 tasks resource profile 0
[2024-09-15T14:04:54.261+0000] {spark_submit.py:579} INFO - 24/09/15 14:04:54 INFO TaskSetManager: Starting task 0.0 in stage 2.0 (TID 2) (fb744bf0dc86, executor driver, partition 0, PROCESS_LOCAL, 9674 bytes)
[2024-09-15T14:04:54.263+0000] {spark_submit.py:579} INFO - 24/09/15 14:04:54 INFO Executor: Running task 0.0 in stage 2.0 (TID 2)
[2024-09-15T14:04:54.402+0000] {spark_submit.py:579} INFO - 24/09/15 14:04:54 INFO CodeGenerator: Code generated in 47.670253 ms
[2024-09-15T14:04:54.409+0000] {spark_submit.py:579} INFO - 24/09/15 14:04:54 INFO FileScanRDD: Reading File path: file:///opt/***/models/airbnb_model/data/part-00000-c583a8f8-ef12-495e-98a5-68fa58deef30-c000.snappy.parquet, range: 0-3915, partition values: [empty row]
[2024-09-15T14:04:54.697+0000] {spark_submit.py:579} INFO - 24/09/15 14:04:54 INFO CodecPool: Got brand-new decompressor [.snappy]
[2024-09-15T14:04:54.993+0000] {spark_submit.py:579} INFO - 24/09/15 14:04:54 INFO Executor: Finished task 0.0 in stage 2.0 (TID 2). 3687 bytes result sent to driver
[2024-09-15T14:04:55.000+0000] {spark_submit.py:579} INFO - 24/09/15 14:04:54 INFO TaskSetManager: Finished task 0.0 in stage 2.0 (TID 2) in 745 ms on fb744bf0dc86 (executor driver) (1/1)
[2024-09-15T14:04:55.001+0000] {spark_submit.py:579} INFO - 24/09/15 14:04:55 INFO TaskSchedulerImpl: Removed TaskSet 2.0, whose tasks have all completed, from pool
[2024-09-15T14:04:55.003+0000] {spark_submit.py:579} INFO - 24/09/15 14:04:55 INFO DAGScheduler: ResultStage 2 (head at LinearRegression.scala:845) finished in 0.833 s
[2024-09-15T14:04:55.004+0000] {spark_submit.py:579} INFO - 24/09/15 14:04:55 INFO DAGScheduler: Job 2 is finished. Cancelling potential speculative or zombie tasks for this job
[2024-09-15T14:04:55.006+0000] {spark_submit.py:579} INFO - 24/09/15 14:04:55 INFO TaskSchedulerImpl: Killing all running tasks in stage 2: Stage finished
[2024-09-15T14:04:55.007+0000] {spark_submit.py:579} INFO - 24/09/15 14:04:55 INFO DAGScheduler: Job 2 finished: head at LinearRegression.scala:845, took 0.847474 s
[2024-09-15T14:04:57.099+0000] {spark_submit.py:579} INFO - 24/09/15 14:04:57 INFO CodeGenerator: Code generated in 38.125738 ms
[2024-09-15T14:04:57.173+0000] {spark_submit.py:579} INFO - 24/09/15 14:04:57 INFO BlockManagerInfo: Removed broadcast_4_piece0 on fb744bf0dc86:42413 in memory (size: 7.5 KiB, free: 434.4 MiB)
[2024-09-15T14:04:57.351+0000] {spark_submit.py:579} INFO - Модель успешно загружена из Airflow по пути: /opt/***/models/airbnb_model
[2024-09-15T14:04:57.568+0000] {spark_submit.py:579} INFO - 24/09/15 14:04:57 INFO HiveConf: Found configuration file null
[2024-09-15T14:04:57.597+0000] {spark_submit.py:579} INFO - 24/09/15 14:04:57 INFO HiveUtils: Initializing HiveMetastoreConnection version 2.3.9 using Spark classes.
[2024-09-15T14:04:58.321+0000] {spark_submit.py:579} INFO - 24/09/15 14:04:58 INFO HiveClientImpl: Warehouse location for Hive client (version 2.3.9) is file:/user/hive/warehouse
[2024-09-15T14:04:58.417+0000] {spark_submit.py:579} INFO - 24/09/15 14:04:58 INFO metastore: Trying to connect to metastore with URI thrift://hive-metastore:9083
[2024-09-15T14:04:58.481+0000] {spark_submit.py:579} INFO - 24/09/15 14:04:58 INFO metastore: Opened a connection to metastore, current connections: 1
[2024-09-15T14:04:58.690+0000] {spark_submit.py:579} INFO - 24/09/15 14:04:58 INFO metastore: Connected to metastore.
[2024-09-15T14:05:00.685+0000] {spark_submit.py:579} INFO - Traceback (most recent call last):
[2024-09-15T14:05:00.687+0000] {spark_submit.py:579} INFO - File "/opt/***/dags/air_pred_model.py", line 26, in <module>
[2024-09-15T14:05:00.695+0000] {spark_submit.py:579} INFO - predictions = model.transform(test_data)
[2024-09-15T14:05:00.697+0000] {spark_submit.py:579} INFO - ^^^^^^^^^^^^^^^^^^^^^^^^^^
[2024-09-15T14:05:00.698+0000] {spark_submit.py:579} INFO - File "/home/***/.local/lib/python3.12/site-packages/pyspark/ml/base.py", line 262, in transform
[2024-09-15T14:05:00.699+0000] {spark_submit.py:579} INFO - return self._transform(dataset)
[2024-09-15T14:05:00.701+0000] {spark_submit.py:579} INFO - ^^^^^^^^^^^^^^^^^^^^^^^^
[2024-09-15T14:05:00.702+0000] {spark_submit.py:579} INFO - File "/home/***/.local/lib/python3.12/site-packages/pyspark/ml/wrapper.py", line 398, in _transform
[2024-09-15T14:05:00.703+0000] {spark_submit.py:579} INFO - return DataFrame(self._java_obj.transform(dataset._jdf), dataset.sparkSession)
[2024-09-15T14:05:00.705+0000] {spark_submit.py:579} INFO - ^^^^^^^^^^^^^^^^^^^^^^^^^^^^^^^^^^^^^^
[2024-09-15T14:05:00.706+0000] {spark_submit.py:579} INFO - File "/home/***/.local/lib/python3.12/site-packages/py4j/java_gateway.py", line 1322, in __call__
[2024-09-15T14:05:00.709+0000] {spark_submit.py:579} INFO - return_value = get_return_value(
[2024-09-15T14:05:00.711+0000] {spark_submit.py:579} INFO - ^^^^^^^^^^^^^^^^^
[2024-09-15T14:05:00.712+0000] {spark_submit.py:579} INFO - File "/home/***/.local/lib/python3.12/site-packages/pyspark/errors/exceptions/captured.py", line 185, in deco
[2024-09-15T14:05:00.714+0000] {spark_submit.py:579} INFO - raise converted from None
[2024-09-15T14:05:00.722+0000] {spark_submit.py:579} INFO - pyspark.errors.exceptions.captured.IllegalArgumentException: features does not exist. Available: neighbourhood_group, neighbourhood, room_type, price, minimum_nights, number_of_reviews, calculated_host_listings_count, availability_365
[2024-09-15T14:05:01.176+0000] {spark_submit.py:579} INFO - 24/09/15 14:05:01 INFO SparkContext: Invoking stop() from shutdown hook
[2024-09-15T14:05:01.177+0000] {spark_submit.py:579} INFO - 24/09/15 14:05:01 INFO SparkContext: SparkContext is stopping with exitCode 0.
[2024-09-15T14:05:01.229+0000] {spark_submit.py:579} INFO - 24/09/15 14:05:01 INFO SparkUI: Stopped Spark web UI at http://fb744bf0dc86:4040
[2024-09-15T14:05:01.286+0000] {spark_submit.py:579} INFO - 24/09/15 14:05:01 INFO MapOutputTrackerMasterEndpoint: MapOutputTrackerMasterEndpoint stopped!
[2024-09-15T14:05:01.346+0000] {spark_submit.py:579} INFO - 24/09/15 14:05:01 INFO MemoryStore: MemoryStore cleared
[2024-09-15T14:05:01.347+0000] {spark_submit.py:579} INFO - 24/09/15 14:05:01 INFO BlockManager: BlockManager stopped
[2024-09-15T14:05:01.365+0000] {spark_submit.py:579} INFO - 24/09/15 14:05:01 INFO BlockManagerMaster: BlockManagerMaster stopped
[2024-09-15T14:05:01.373+0000] {spark_submit.py:579} INFO - 24/09/15 14:05:01 INFO OutputCommitCoordinator$OutputCommitCoordinatorEndpoint: OutputCommitCoordinator stopped!
[2024-09-15T14:05:01.403+0000] {spark_submit.py:579} INFO - 24/09/15 14:05:01 INFO SparkContext: Successfully stopped SparkContext
[2024-09-15T14:05:01.405+0000] {spark_submit.py:579} INFO - 24/09/15 14:05:01 INFO ShutdownHookManager: Shutdown hook called
[2024-09-15T14:05:01.406+0000] {spark_submit.py:579} INFO - 24/09/15 14:05:01 INFO ShutdownHookManager: Deleting directory /tmp/spark-6efd3a35-ca90-44c4-b5cf-549de981b41d
[2024-09-15T14:05:01.419+0000] {spark_submit.py:579} INFO - 24/09/15 14:05:01 INFO ShutdownHookManager: Deleting directory /tmp/spark-d235230e-9c7e-42c1-b2ca-3a54ab723ce9
[2024-09-15T14:05:01.435+0000] {spark_submit.py:579} INFO - 24/09/15 14:05:01 INFO ShutdownHookManager: Deleting directory /tmp/spark-6efd3a35-ca90-44c4-b5cf-549de981b41d/pyspark-8662acfc-fd46-4b2a-87e9-fb29622d4a6e
[2024-09-15T14:05:01.678+0000] {taskinstance.py:3310} ERROR - Task failed with exception
Traceback (most recent call last):
  File "/home/airflow/.local/lib/python3.12/site-packages/airflow/models/taskinstance.py", line 767, in _execute_task
    result = _execute_callable(context=context, **execute_callable_kwargs)
             ^^^^^^^^^^^^^^^^^^^^^^^^^^^^^^^^^^^^^^^^^^^^^^^^^^^^^^^^^^^^^
  File "/home/airflow/.local/lib/python3.12/site-packages/airflow/models/taskinstance.py", line 733, in _execute_callable
    return ExecutionCallableRunner(
           ^^^^^^^^^^^^^^^^^^^^^^^^
  File "/home/airflow/.local/lib/python3.12/site-packages/airflow/utils/operator_helpers.py", line 252, in run
    return self.func(*args, **kwargs)
           ^^^^^^^^^^^^^^^^^^^^^^^^^^
  File "/home/airflow/.local/lib/python3.12/site-packages/airflow/models/baseoperator.py", line 406, in wrapper
    return func(self, *args, **kwargs)
           ^^^^^^^^^^^^^^^^^^^^^^^^^^^
  File "/home/airflow/.local/lib/python3.12/site-packages/airflow/providers/apache/spark/operators/spark_submit.py", line 174, in execute
    self._hook.submit(self.application)
  File "/home/airflow/.local/lib/python3.12/site-packages/airflow/providers/apache/spark/hooks/spark_submit.py", line 505, in submit
    raise AirflowException(
airflow.exceptions.AirflowException: Cannot execute: spark-submit --master spark://spark-master:7077 --conf spark.master=spark://spark-master:7077 --name arrow-spark --verbose --deploy-mode client /opt/***/dags/air_pred_model.py. Error code is: 1.
[2024-09-15T14:05:01.703+0000] {taskinstance.py:1225} INFO - Marking task as UP_FOR_RETRY. dag_id=airbnb_model, task_id=pred_model, run_id=scheduled__2024-09-14T00:00:00+00:00, execution_date=20240914T000000, start_date=20240915T140431, end_date=20240915T140501
[2024-09-15T14:05:01.736+0000] {taskinstance.py:340} INFO - ::group::Post task execution logs
[2024-09-15T14:05:01.737+0000] {standard_task_runner.py:124} ERROR - Failed to execute job 746 for task pred_model (Cannot execute: spark-submit --master spark://spark-master:7077 --conf spark.master=spark://spark-master:7077 --name arrow-spark --verbose --deploy-mode client /opt/***/dags/air_pred_model.py. Error code is: 1.; 11917)
Traceback (most recent call last):
  File "/home/airflow/.local/lib/python3.12/site-packages/airflow/task/task_runner/standard_task_runner.py", line 117, in _start_by_fork
    ret = args.func(args, dag=self.dag)
          ^^^^^^^^^^^^^^^^^^^^^^^^^^^^^
  File "/home/airflow/.local/lib/python3.12/site-packages/airflow/cli/cli_config.py", line 49, in command
    return func(*args, **kwargs)
           ^^^^^^^^^^^^^^^^^^^^^
  File "/home/airflow/.local/lib/python3.12/site-packages/airflow/utils/cli.py", line 115, in wrapper
    return f(*args, **kwargs)
           ^^^^^^^^^^^^^^^^^^
  File "/home/airflow/.local/lib/python3.12/site-packages/airflow/cli/commands/task_command.py", line 483, in task_run
    task_return_code = _run_task_by_selected_method(args, _dag, ti)
                       ^^^^^^^^^^^^^^^^^^^^^^^^^^^^^^^^^^^^^^^^^^^^
  File "/home/airflow/.local/lib/python3.12/site-packages/airflow/cli/commands/task_command.py", line 256, in _run_task_by_selected_method
    return _run_raw_task(args, ti)
           ^^^^^^^^^^^^^^^^^^^^^^^
  File "/home/airflow/.local/lib/python3.12/site-packages/airflow/cli/commands/task_command.py", line 341, in _run_raw_task
    return ti._run_raw_task(
           ^^^^^^^^^^^^^^^^^
  File "/home/airflow/.local/lib/python3.12/site-packages/airflow/utils/session.py", line 97, in wrapper
    return func(*args, session=session, **kwargs)
           ^^^^^^^^^^^^^^^^^^^^^^^^^^^^^^^^^^^^^^
  File "/home/airflow/.local/lib/python3.12/site-packages/airflow/models/taskinstance.py", line 3004, in _run_raw_task
    return _run_raw_task(
           ^^^^^^^^^^^^^^
  File "/home/airflow/.local/lib/python3.12/site-packages/airflow/models/taskinstance.py", line 273, in _run_raw_task
    TaskInstance._execute_task_with_callbacks(
  File "/home/airflow/.local/lib/python3.12/site-packages/airflow/models/taskinstance.py", line 3158, in _execute_task_with_callbacks
    result = self._execute_task(context, task_orig)
             ^^^^^^^^^^^^^^^^^^^^^^^^^^^^^^^^^^^^^^
  File "/home/airflow/.local/lib/python3.12/site-packages/airflow/models/taskinstance.py", line 3182, in _execute_task
    return _execute_task(self, context, task_orig)
           ^^^^^^^^^^^^^^^^^^^^^^^^^^^^^^^^^^^^^^^
  File "/home/airflow/.local/lib/python3.12/site-packages/airflow/models/taskinstance.py", line 767, in _execute_task
    result = _execute_callable(context=context, **execute_callable_kwargs)
             ^^^^^^^^^^^^^^^^^^^^^^^^^^^^^^^^^^^^^^^^^^^^^^^^^^^^^^^^^^^^^
  File "/home/airflow/.local/lib/python3.12/site-packages/airflow/models/taskinstance.py", line 733, in _execute_callable
    return ExecutionCallableRunner(
           ^^^^^^^^^^^^^^^^^^^^^^^^
  File "/home/airflow/.local/lib/python3.12/site-packages/airflow/utils/operator_helpers.py", line 252, in run
    return self.func(*args, **kwargs)
           ^^^^^^^^^^^^^^^^^^^^^^^^^^
  File "/home/airflow/.local/lib/python3.12/site-packages/airflow/models/baseoperator.py", line 406, in wrapper
    return func(self, *args, **kwargs)
           ^^^^^^^^^^^^^^^^^^^^^^^^^^^
  File "/home/airflow/.local/lib/python3.12/site-packages/airflow/providers/apache/spark/operators/spark_submit.py", line 174, in execute
    self._hook.submit(self.application)
  File "/home/airflow/.local/lib/python3.12/site-packages/airflow/providers/apache/spark/hooks/spark_submit.py", line 505, in submit
    raise AirflowException(
airflow.exceptions.AirflowException: Cannot execute: spark-submit --master spark://spark-master:7077 --conf spark.master=spark://spark-master:7077 --name arrow-spark --verbose --deploy-mode client /opt/***/dags/air_pred_model.py. Error code is: 1.
[2024-09-15T14:05:01.761+0000] {local_task_job_runner.py:266} INFO - Task exited with return code 1
[2024-09-15T14:05:01.805+0000] {taskinstance.py:3900} INFO - 0 downstream tasks scheduled from follow-on schedule check
[2024-09-15T14:05:01.809+0000] {local_task_job_runner.py:245} INFO - ::endgroup::
