[2024-09-11T11:02:02.332+0000] {local_task_job_runner.py:123} INFO - ::group::Pre task execution logs
[2024-09-11T11:02:02.446+0000] {taskinstance.py:2612} INFO - Dependencies all met for dep_context=non-requeueable deps ti=<TaskInstance: simple_example_dag.process_data scheduled__2024-09-10T00:00:00+00:00 [queued]>
[2024-09-11T11:02:02.495+0000] {taskinstance.py:2612} INFO - Dependencies all met for dep_context=requeueable deps ti=<TaskInstance: simple_example_dag.process_data scheduled__2024-09-10T00:00:00+00:00 [queued]>
[2024-09-11T11:02:02.503+0000] {taskinstance.py:2865} INFO - Starting attempt 1 of 4
[2024-09-11T11:02:02.607+0000] {taskinstance.py:2888} INFO - Executing <Task(PythonOperator): process_data> on 2024-09-10 00:00:00+00:00
[2024-09-11T11:02:02.626+0000] {warnings.py:112} WARNING - /home/***/.local/lib/python3.12/site-packages/***/task/task_runner/standard_task_runner.py:70: DeprecationWarning: This process (pid=80) is multi-threaded, use of fork() may lead to deadlocks in the child.
  pid = os.fork()

[2024-09-11T11:02:02.628+0000] {standard_task_runner.py:104} INFO - Running: ['***', 'tasks', 'run', 'simple_example_dag', 'process_data', 'scheduled__2024-09-10T00:00:00+00:00', '--job-id', '223', '--raw', '--subdir', 'DAGS_FOLDER/first_dag.py', '--cfg-path', '/tmp/tmpt4otir4g']
[2024-09-11T11:02:02.630+0000] {standard_task_runner.py:72} INFO - Started process 81 to run task
[2024-09-11T11:02:02.630+0000] {standard_task_runner.py:105} INFO - Job 223: Subtask process_data
[2024-09-11T11:02:02.797+0000] {task_command.py:467} INFO - Running <TaskInstance: simple_example_dag.process_data scheduled__2024-09-10T00:00:00+00:00 [running]> on host 0a0201be4888
[2024-09-11T11:02:03.253+0000] {taskinstance.py:3131} INFO - Exporting env vars: AIRFLOW_CTX_DAG_OWNER='Denis' AIRFLOW_CTX_DAG_ID='simple_example_dag' AIRFLOW_CTX_TASK_ID='process_data' AIRFLOW_CTX_EXECUTION_DATE='2024-09-10T00:00:00+00:00' AIRFLOW_CTX_TRY_NUMBER='1' AIRFLOW_CTX_DAG_RUN_ID='scheduled__2024-09-10T00:00:00+00:00'
[2024-09-11T11:02:03.257+0000] {taskinstance.py:731} INFO - ::endgroup::
[2024-09-11T11:02:03.351+0000] {logging_mixin.py:190} INFO - Processing Denis and role - Data Engineer
[2024-09-11T11:02:03.355+0000] {python.py:240} INFO - Done. Returned value was: Processing Denis and role - Data Engineer
[2024-09-11T11:02:03.467+0000] {taskinstance.py:340} INFO - ::group::Post task execution logs
[2024-09-11T11:02:03.469+0000] {taskinstance.py:352} INFO - Marking task as SUCCESS. dag_id=simple_example_dag, task_id=process_data, run_id=scheduled__2024-09-10T00:00:00+00:00, execution_date=20240910T000000, start_date=20240911T110202, end_date=20240911T110203
[2024-09-11T11:02:03.584+0000] {local_task_job_runner.py:266} INFO - Task exited with return code 0
[2024-09-11T11:02:03.709+0000] {taskinstance.py:3900} INFO - 1 downstream tasks scheduled from follow-on schedule check
[2024-09-11T11:02:03.720+0000] {local_task_job_runner.py:245} INFO - ::endgroup::
