[2024-09-09T14:33:49.203+0000] {local_task_job_runner.py:123} INFO - ::group::Pre task execution logs
[2024-09-09T14:33:49.262+0000] {taskinstance.py:2612} INFO - Dependencies all met for dep_context=non-requeueable deps ti=<TaskInstance: simple_example_dag.process_data manual__2024-09-09T14:33:44.191026+00:00 [queued]>
[2024-09-09T14:33:49.285+0000] {taskinstance.py:2612} INFO - Dependencies all met for dep_context=requeueable deps ti=<TaskInstance: simple_example_dag.process_data manual__2024-09-09T14:33:44.191026+00:00 [queued]>
[2024-09-09T14:33:49.287+0000] {taskinstance.py:2865} INFO - Starting attempt 1 of 4
[2024-09-09T14:33:49.326+0000] {taskinstance.py:2888} INFO - Executing <Task(PythonOperator): process_data> on 2024-09-09 14:33:44.191026+00:00
[2024-09-09T14:33:49.340+0000] {warnings.py:112} WARNING - /home/***/.local/lib/python3.12/site-packages/***/task/task_runner/standard_task_runner.py:70: DeprecationWarning: This process (pid=386) is multi-threaded, use of fork() may lead to deadlocks in the child.
  pid = os.fork()

[2024-09-09T14:33:49.343+0000] {standard_task_runner.py:72} INFO - Started process 387 to run task
[2024-09-09T14:33:49.343+0000] {standard_task_runner.py:104} INFO - Running: ['***', 'tasks', 'run', 'simple_example_dag', 'process_data', 'manual__2024-09-09T14:33:44.191026+00:00', '--job-id', '54', '--raw', '--subdir', 'DAGS_FOLDER/first_dag.py', '--cfg-path', '/tmp/tmp71eqsmou']
[2024-09-09T14:33:49.345+0000] {standard_task_runner.py:105} INFO - Job 54: Subtask process_data
[2024-09-09T14:33:49.443+0000] {task_command.py:467} INFO - Running <TaskInstance: simple_example_dag.process_data manual__2024-09-09T14:33:44.191026+00:00 [running]> on host 0a0201be4888
[2024-09-09T14:33:49.649+0000] {taskinstance.py:3131} INFO - Exporting env vars: AIRFLOW_CTX_DAG_OWNER='Denis' AIRFLOW_CTX_DAG_ID='simple_example_dag' AIRFLOW_CTX_TASK_ID='process_data' AIRFLOW_CTX_EXECUTION_DATE='2024-09-09T14:33:44.191026+00:00' AIRFLOW_CTX_TRY_NUMBER='1' AIRFLOW_CTX_DAG_RUN_ID='manual__2024-09-09T14:33:44.191026+00:00'
[2024-09-09T14:33:49.650+0000] {taskinstance.py:731} INFO - ::endgroup::
[2024-09-09T14:33:49.690+0000] {logging_mixin.py:190} INFO - Processing Denis and role - Data Engineer
[2024-09-09T14:33:49.692+0000] {python.py:240} INFO - Done. Returned value was: Processing Denis and role - Data Engineer
[2024-09-09T14:33:49.733+0000] {taskinstance.py:340} INFO - ::group::Post task execution logs
[2024-09-09T14:33:49.735+0000] {taskinstance.py:352} INFO - Marking task as SUCCESS. dag_id=simple_example_dag, task_id=process_data, run_id=manual__2024-09-09T14:33:44.191026+00:00, execution_date=20240909T143344, start_date=20240909T143349, end_date=20240909T143349
[2024-09-09T14:33:49.804+0000] {local_task_job_runner.py:266} INFO - Task exited with return code 0
[2024-09-09T14:33:49.884+0000] {taskinstance.py:3900} INFO - 1 downstream tasks scheduled from follow-on schedule check
[2024-09-09T14:33:49.890+0000] {local_task_job_runner.py:245} INFO - ::endgroup::
