[2024-09-10T17:17:15.682+0000] {processor.py:186} INFO - Started process (PID=66) to work on /opt/airflow/dags/first_dag.py
[2024-09-10T17:17:15.689+0000] {processor.py:914} INFO - Processing file /opt/airflow/dags/first_dag.py for tasks to queue
[2024-09-10T17:17:15.704+0000] {logging_mixin.py:190} INFO - [2024-09-10T17:17:15.703+0000] {dagbag.py:587} INFO - Filling up the DagBag from /opt/airflow/dags/first_dag.py
[2024-09-10T17:17:15.783+0000] {processor.py:925} INFO - DAG(s) 'simple_example_dag' retrieved from /opt/airflow/dags/first_dag.py
[2024-09-10T17:17:15.904+0000] {logging_mixin.py:190} INFO - [2024-09-10T17:17:15.904+0000] {dag.py:3229} INFO - Sync 1 DAGs
[2024-09-10T17:17:16.014+0000] {logging_mixin.py:190} INFO - [2024-09-10T17:17:16.013+0000] {dag.py:4156} INFO - Setting next_dagrun for simple_example_dag to 2024-09-10 00:00:00+00:00, run_after=2024-09-11 00:00:00+00:00
[2024-09-10T17:17:16.073+0000] {processor.py:208} INFO - Processing /opt/airflow/dags/first_dag.py took 0.424 seconds
[2024-09-10T17:17:46.553+0000] {processor.py:186} INFO - Started process (PID=74) to work on /opt/airflow/dags/first_dag.py
[2024-09-10T17:17:46.557+0000] {processor.py:914} INFO - Processing file /opt/airflow/dags/first_dag.py for tasks to queue
[2024-09-10T17:17:46.593+0000] {logging_mixin.py:190} INFO - [2024-09-10T17:17:46.579+0000] {dagbag.py:587} INFO - Filling up the DagBag from /opt/airflow/dags/first_dag.py
[2024-09-10T17:17:46.867+0000] {processor.py:925} INFO - DAG(s) 'simple_example_dag' retrieved from /opt/airflow/dags/first_dag.py
[2024-09-10T17:17:47.066+0000] {logging_mixin.py:190} INFO - [2024-09-10T17:17:47.065+0000] {dag.py:3229} INFO - Sync 1 DAGs
[2024-09-10T17:17:47.305+0000] {logging_mixin.py:190} INFO - [2024-09-10T17:17:47.303+0000] {dag.py:4156} INFO - Setting next_dagrun for simple_example_dag to 2024-09-10 00:00:00+00:00, run_after=2024-09-11 00:00:00+00:00
[2024-09-10T17:17:47.399+0000] {processor.py:208} INFO - Processing /opt/airflow/dags/first_dag.py took 0.861 seconds
[2024-09-10T17:18:17.998+0000] {processor.py:186} INFO - Started process (PID=82) to work on /opt/airflow/dags/first_dag.py
[2024-09-10T17:18:18.000+0000] {processor.py:914} INFO - Processing file /opt/airflow/dags/first_dag.py for tasks to queue
[2024-09-10T17:18:18.004+0000] {logging_mixin.py:190} INFO - [2024-09-10T17:18:18.003+0000] {dagbag.py:587} INFO - Filling up the DagBag from /opt/airflow/dags/first_dag.py
[2024-09-10T17:18:18.049+0000] {processor.py:925} INFO - DAG(s) 'simple_example_dag' retrieved from /opt/airflow/dags/first_dag.py
[2024-09-10T17:18:18.106+0000] {logging_mixin.py:190} INFO - [2024-09-10T17:18:18.105+0000] {dag.py:3229} INFO - Sync 1 DAGs
[2024-09-10T17:18:18.166+0000] {logging_mixin.py:190} INFO - [2024-09-10T17:18:18.165+0000] {dag.py:4156} INFO - Setting next_dagrun for simple_example_dag to 2024-09-10 00:00:00+00:00, run_after=2024-09-11 00:00:00+00:00
[2024-09-10T17:18:18.213+0000] {processor.py:208} INFO - Processing /opt/airflow/dags/first_dag.py took 0.223 seconds
[2024-09-10T17:18:48.871+0000] {processor.py:186} INFO - Started process (PID=90) to work on /opt/airflow/dags/first_dag.py
[2024-09-10T17:18:48.874+0000] {processor.py:914} INFO - Processing file /opt/airflow/dags/first_dag.py for tasks to queue
[2024-09-10T17:18:48.883+0000] {logging_mixin.py:190} INFO - [2024-09-10T17:18:48.882+0000] {dagbag.py:587} INFO - Filling up the DagBag from /opt/airflow/dags/first_dag.py
[2024-09-10T17:18:48.935+0000] {processor.py:925} INFO - DAG(s) 'simple_example_dag' retrieved from /opt/airflow/dags/first_dag.py
[2024-09-10T17:18:48.988+0000] {logging_mixin.py:190} INFO - [2024-09-10T17:18:48.987+0000] {dag.py:3229} INFO - Sync 1 DAGs
[2024-09-10T17:18:49.044+0000] {logging_mixin.py:190} INFO - [2024-09-10T17:18:49.043+0000] {dag.py:4156} INFO - Setting next_dagrun for simple_example_dag to 2024-09-10 00:00:00+00:00, run_after=2024-09-11 00:00:00+00:00
[2024-09-10T17:18:49.096+0000] {processor.py:208} INFO - Processing /opt/airflow/dags/first_dag.py took 0.247 seconds
[2024-09-10T17:19:19.928+0000] {processor.py:186} INFO - Started process (PID=100) to work on /opt/airflow/dags/first_dag.py
[2024-09-10T17:19:19.931+0000] {processor.py:914} INFO - Processing file /opt/airflow/dags/first_dag.py for tasks to queue
[2024-09-10T17:19:19.936+0000] {logging_mixin.py:190} INFO - [2024-09-10T17:19:19.935+0000] {dagbag.py:587} INFO - Filling up the DagBag from /opt/airflow/dags/first_dag.py
[2024-09-10T17:19:20.021+0000] {processor.py:925} INFO - DAG(s) 'simple_example_dag' retrieved from /opt/airflow/dags/first_dag.py
[2024-09-10T17:19:20.125+0000] {logging_mixin.py:190} INFO - [2024-09-10T17:19:20.125+0000] {dag.py:3229} INFO - Sync 1 DAGs
[2024-09-10T17:19:20.183+0000] {logging_mixin.py:190} INFO - [2024-09-10T17:19:20.182+0000] {dag.py:4156} INFO - Setting next_dagrun for simple_example_dag to 2024-09-10 00:00:00+00:00, run_after=2024-09-11 00:00:00+00:00
[2024-09-10T17:19:23.875+0000] {processor.py:208} INFO - Processing /opt/airflow/dags/first_dag.py took 3.960 seconds
[2024-09-10T17:19:54.035+0000] {processor.py:186} INFO - Started process (PID=109) to work on /opt/airflow/dags/first_dag.py
[2024-09-10T17:19:54.037+0000] {processor.py:914} INFO - Processing file /opt/airflow/dags/first_dag.py for tasks to queue
[2024-09-10T17:19:54.041+0000] {logging_mixin.py:190} INFO - [2024-09-10T17:19:54.041+0000] {dagbag.py:587} INFO - Filling up the DagBag from /opt/airflow/dags/first_dag.py
[2024-09-10T17:19:54.069+0000] {processor.py:925} INFO - DAG(s) 'simple_example_dag' retrieved from /opt/airflow/dags/first_dag.py
[2024-09-10T17:19:54.113+0000] {logging_mixin.py:190} INFO - [2024-09-10T17:19:54.112+0000] {dag.py:3229} INFO - Sync 1 DAGs
[2024-09-10T17:19:54.466+0000] {logging_mixin.py:190} INFO - [2024-09-10T17:19:54.465+0000] {dag.py:4156} INFO - Setting next_dagrun for simple_example_dag to 2024-09-10 00:00:00+00:00, run_after=2024-09-11 00:00:00+00:00
[2024-09-10T17:19:54.536+0000] {processor.py:208} INFO - Processing /opt/airflow/dags/first_dag.py took 0.510 seconds
[2024-09-10T17:20:24.847+0000] {processor.py:186} INFO - Started process (PID=118) to work on /opt/airflow/dags/first_dag.py
[2024-09-10T17:20:24.849+0000] {processor.py:914} INFO - Processing file /opt/airflow/dags/first_dag.py for tasks to queue
[2024-09-10T17:20:24.853+0000] {logging_mixin.py:190} INFO - [2024-09-10T17:20:24.852+0000] {dagbag.py:587} INFO - Filling up the DagBag from /opt/airflow/dags/first_dag.py
[2024-09-10T17:20:24.889+0000] {processor.py:925} INFO - DAG(s) 'simple_example_dag' retrieved from /opt/airflow/dags/first_dag.py
[2024-09-10T17:20:25.269+0000] {logging_mixin.py:190} INFO - [2024-09-10T17:20:25.268+0000] {dag.py:3229} INFO - Sync 1 DAGs
[2024-09-10T17:20:25.311+0000] {logging_mixin.py:190} INFO - [2024-09-10T17:20:25.310+0000] {dag.py:4156} INFO - Setting next_dagrun for simple_example_dag to 2024-09-10 00:00:00+00:00, run_after=2024-09-11 00:00:00+00:00
[2024-09-10T17:20:25.349+0000] {processor.py:208} INFO - Processing /opt/airflow/dags/first_dag.py took 0.515 seconds
[2024-09-10T17:20:56.070+0000] {processor.py:186} INFO - Started process (PID=127) to work on /opt/airflow/dags/first_dag.py
[2024-09-10T17:20:56.074+0000] {processor.py:914} INFO - Processing file /opt/airflow/dags/first_dag.py for tasks to queue
[2024-09-10T17:20:56.082+0000] {logging_mixin.py:190} INFO - [2024-09-10T17:20:56.081+0000] {dagbag.py:587} INFO - Filling up the DagBag from /opt/airflow/dags/first_dag.py
[2024-09-10T17:20:56.541+0000] {processor.py:925} INFO - DAG(s) 'simple_example_dag' retrieved from /opt/airflow/dags/first_dag.py
[2024-09-10T17:20:56.602+0000] {logging_mixin.py:190} INFO - [2024-09-10T17:20:56.602+0000] {dag.py:3229} INFO - Sync 1 DAGs
[2024-09-10T17:20:56.670+0000] {logging_mixin.py:190} INFO - [2024-09-10T17:20:56.669+0000] {dag.py:4156} INFO - Setting next_dagrun for simple_example_dag to 2024-09-10 00:00:00+00:00, run_after=2024-09-11 00:00:00+00:00
[2024-09-10T17:20:56.739+0000] {processor.py:208} INFO - Processing /opt/airflow/dags/first_dag.py took 0.686 seconds
[2024-09-10T17:21:27.034+0000] {processor.py:186} INFO - Started process (PID=135) to work on /opt/airflow/dags/first_dag.py
[2024-09-10T17:21:27.040+0000] {processor.py:914} INFO - Processing file /opt/airflow/dags/first_dag.py for tasks to queue
[2024-09-10T17:21:27.048+0000] {logging_mixin.py:190} INFO - [2024-09-10T17:21:27.047+0000] {dagbag.py:587} INFO - Filling up the DagBag from /opt/airflow/dags/first_dag.py
[2024-09-10T17:21:27.117+0000] {processor.py:925} INFO - DAG(s) 'simple_example_dag' retrieved from /opt/airflow/dags/first_dag.py
[2024-09-10T17:21:27.194+0000] {logging_mixin.py:190} INFO - [2024-09-10T17:21:27.194+0000] {dag.py:3229} INFO - Sync 1 DAGs
[2024-09-10T17:21:27.247+0000] {logging_mixin.py:190} INFO - [2024-09-10T17:21:27.247+0000] {dag.py:4156} INFO - Setting next_dagrun for simple_example_dag to 2024-09-10 00:00:00+00:00, run_after=2024-09-11 00:00:00+00:00
[2024-09-10T17:21:27.382+0000] {processor.py:208} INFO - Processing /opt/airflow/dags/first_dag.py took 0.374 seconds
[2024-09-10T17:21:57.714+0000] {processor.py:186} INFO - Started process (PID=143) to work on /opt/airflow/dags/first_dag.py
[2024-09-10T17:21:57.725+0000] {processor.py:914} INFO - Processing file /opt/airflow/dags/first_dag.py for tasks to queue
[2024-09-10T17:21:57.743+0000] {logging_mixin.py:190} INFO - [2024-09-10T17:21:57.730+0000] {dagbag.py:587} INFO - Filling up the DagBag from /opt/airflow/dags/first_dag.py
[2024-09-10T17:21:57.897+0000] {processor.py:925} INFO - DAG(s) 'simple_example_dag' retrieved from /opt/airflow/dags/first_dag.py
[2024-09-10T17:21:58.383+0000] {logging_mixin.py:190} INFO - [2024-09-10T17:21:58.371+0000] {dag.py:3229} INFO - Sync 1 DAGs
[2024-09-10T17:21:58.464+0000] {logging_mixin.py:190} INFO - [2024-09-10T17:21:58.463+0000] {dag.py:4156} INFO - Setting next_dagrun for simple_example_dag to 2024-09-10 00:00:00+00:00, run_after=2024-09-11 00:00:00+00:00
[2024-09-10T17:21:58.533+0000] {processor.py:208} INFO - Processing /opt/airflow/dags/first_dag.py took 0.853 seconds
[2024-09-10T17:22:28.919+0000] {processor.py:186} INFO - Started process (PID=151) to work on /opt/airflow/dags/first_dag.py
[2024-09-10T17:22:28.921+0000] {processor.py:914} INFO - Processing file /opt/airflow/dags/first_dag.py for tasks to queue
[2024-09-10T17:22:28.926+0000] {logging_mixin.py:190} INFO - [2024-09-10T17:22:28.925+0000] {dagbag.py:587} INFO - Filling up the DagBag from /opt/airflow/dags/first_dag.py
[2024-09-10T17:22:28.984+0000] {processor.py:925} INFO - DAG(s) 'simple_example_dag' retrieved from /opt/airflow/dags/first_dag.py
[2024-09-10T17:22:29.047+0000] {logging_mixin.py:190} INFO - [2024-09-10T17:22:29.046+0000] {dag.py:3229} INFO - Sync 1 DAGs
[2024-09-10T17:22:29.102+0000] {logging_mixin.py:190} INFO - [2024-09-10T17:22:29.101+0000] {dag.py:4156} INFO - Setting next_dagrun for simple_example_dag to 2024-09-10 00:00:00+00:00, run_after=2024-09-11 00:00:00+00:00
[2024-09-10T17:22:29.142+0000] {processor.py:208} INFO - Processing /opt/airflow/dags/first_dag.py took 0.232 seconds
[2024-09-10T17:22:59.743+0000] {processor.py:186} INFO - Started process (PID=159) to work on /opt/airflow/dags/first_dag.py
[2024-09-10T17:22:59.745+0000] {processor.py:914} INFO - Processing file /opt/airflow/dags/first_dag.py for tasks to queue
[2024-09-10T17:22:59.750+0000] {logging_mixin.py:190} INFO - [2024-09-10T17:22:59.749+0000] {dagbag.py:587} INFO - Filling up the DagBag from /opt/airflow/dags/first_dag.py
[2024-09-10T17:22:59.789+0000] {processor.py:925} INFO - DAG(s) 'simple_example_dag' retrieved from /opt/airflow/dags/first_dag.py
[2024-09-10T17:22:59.857+0000] {logging_mixin.py:190} INFO - [2024-09-10T17:22:59.857+0000] {dag.py:3229} INFO - Sync 1 DAGs
[2024-09-10T17:22:59.902+0000] {logging_mixin.py:190} INFO - [2024-09-10T17:22:59.901+0000] {dag.py:4156} INFO - Setting next_dagrun for simple_example_dag to 2024-09-10 00:00:00+00:00, run_after=2024-09-11 00:00:00+00:00
[2024-09-10T17:22:59.955+0000] {processor.py:208} INFO - Processing /opt/airflow/dags/first_dag.py took 0.222 seconds
[2024-09-10T17:23:30.502+0000] {processor.py:186} INFO - Started process (PID=167) to work on /opt/airflow/dags/first_dag.py
[2024-09-10T17:23:30.505+0000] {processor.py:914} INFO - Processing file /opt/airflow/dags/first_dag.py for tasks to queue
[2024-09-10T17:23:30.514+0000] {logging_mixin.py:190} INFO - [2024-09-10T17:23:30.513+0000] {dagbag.py:587} INFO - Filling up the DagBag from /opt/airflow/dags/first_dag.py
[2024-09-10T17:23:30.601+0000] {processor.py:925} INFO - DAG(s) 'simple_example_dag' retrieved from /opt/airflow/dags/first_dag.py
[2024-09-10T17:23:30.706+0000] {logging_mixin.py:190} INFO - [2024-09-10T17:23:30.705+0000] {dag.py:3229} INFO - Sync 1 DAGs
[2024-09-10T17:23:30.759+0000] {logging_mixin.py:190} INFO - [2024-09-10T17:23:30.759+0000] {dag.py:4156} INFO - Setting next_dagrun for simple_example_dag to 2024-09-10 00:00:00+00:00, run_after=2024-09-11 00:00:00+00:00
[2024-09-10T17:23:30.793+0000] {processor.py:208} INFO - Processing /opt/airflow/dags/first_dag.py took 0.312 seconds
[2024-09-10T17:24:01.398+0000] {processor.py:186} INFO - Started process (PID=175) to work on /opt/airflow/dags/first_dag.py
[2024-09-10T17:24:01.401+0000] {processor.py:914} INFO - Processing file /opt/airflow/dags/first_dag.py for tasks to queue
[2024-09-10T17:24:01.410+0000] {logging_mixin.py:190} INFO - [2024-09-10T17:24:01.408+0000] {dagbag.py:587} INFO - Filling up the DagBag from /opt/airflow/dags/first_dag.py
[2024-09-10T17:24:01.455+0000] {processor.py:925} INFO - DAG(s) 'simple_example_dag' retrieved from /opt/airflow/dags/first_dag.py
[2024-09-10T17:24:01.517+0000] {logging_mixin.py:190} INFO - [2024-09-10T17:24:01.516+0000] {dag.py:3229} INFO - Sync 1 DAGs
[2024-09-10T17:24:01.576+0000] {logging_mixin.py:190} INFO - [2024-09-10T17:24:01.576+0000] {dag.py:4156} INFO - Setting next_dagrun for simple_example_dag to 2024-09-10 00:00:00+00:00, run_after=2024-09-11 00:00:00+00:00
[2024-09-10T17:24:01.621+0000] {processor.py:208} INFO - Processing /opt/airflow/dags/first_dag.py took 0.244 seconds
[2024-09-10T17:24:32.338+0000] {processor.py:186} INFO - Started process (PID=183) to work on /opt/airflow/dags/first_dag.py
[2024-09-10T17:24:32.344+0000] {processor.py:914} INFO - Processing file /opt/airflow/dags/first_dag.py for tasks to queue
[2024-09-10T17:24:32.353+0000] {logging_mixin.py:190} INFO - [2024-09-10T17:24:32.352+0000] {dagbag.py:587} INFO - Filling up the DagBag from /opt/airflow/dags/first_dag.py
[2024-09-10T17:24:32.473+0000] {processor.py:925} INFO - DAG(s) 'simple_example_dag' retrieved from /opt/airflow/dags/first_dag.py
[2024-09-10T17:24:32.611+0000] {logging_mixin.py:190} INFO - [2024-09-10T17:24:32.611+0000] {dag.py:3229} INFO - Sync 1 DAGs
[2024-09-10T17:24:32.696+0000] {logging_mixin.py:190} INFO - [2024-09-10T17:24:32.695+0000] {dag.py:4156} INFO - Setting next_dagrun for simple_example_dag to 2024-09-10 00:00:00+00:00, run_after=2024-09-11 00:00:00+00:00
[2024-09-10T17:24:32.758+0000] {processor.py:208} INFO - Processing /opt/airflow/dags/first_dag.py took 0.443 seconds
[2024-09-10T17:25:03.068+0000] {processor.py:186} INFO - Started process (PID=191) to work on /opt/airflow/dags/first_dag.py
[2024-09-10T17:25:03.070+0000] {processor.py:914} INFO - Processing file /opt/airflow/dags/first_dag.py for tasks to queue
[2024-09-10T17:25:03.080+0000] {logging_mixin.py:190} INFO - [2024-09-10T17:25:03.078+0000] {dagbag.py:587} INFO - Filling up the DagBag from /opt/airflow/dags/first_dag.py
[2024-09-10T17:25:03.150+0000] {processor.py:925} INFO - DAG(s) 'simple_example_dag' retrieved from /opt/airflow/dags/first_dag.py
[2024-09-10T17:25:03.221+0000] {logging_mixin.py:190} INFO - [2024-09-10T17:25:03.220+0000] {dag.py:3229} INFO - Sync 1 DAGs
[2024-09-10T17:25:03.274+0000] {logging_mixin.py:190} INFO - [2024-09-10T17:25:03.273+0000] {dag.py:4156} INFO - Setting next_dagrun for simple_example_dag to 2024-09-10 00:00:00+00:00, run_after=2024-09-11 00:00:00+00:00
[2024-09-10T17:25:03.330+0000] {processor.py:208} INFO - Processing /opt/airflow/dags/first_dag.py took 0.276 seconds
[2024-09-10T17:25:34.020+0000] {processor.py:186} INFO - Started process (PID=200) to work on /opt/airflow/dags/first_dag.py
[2024-09-10T17:25:34.024+0000] {processor.py:914} INFO - Processing file /opt/airflow/dags/first_dag.py for tasks to queue
[2024-09-10T17:25:34.031+0000] {logging_mixin.py:190} INFO - [2024-09-10T17:25:34.029+0000] {dagbag.py:587} INFO - Filling up the DagBag from /opt/airflow/dags/first_dag.py
[2024-09-10T17:25:34.109+0000] {processor.py:925} INFO - DAG(s) 'simple_example_dag' retrieved from /opt/airflow/dags/first_dag.py
[2024-09-10T17:25:34.227+0000] {logging_mixin.py:190} INFO - [2024-09-10T17:25:34.226+0000] {dag.py:3229} INFO - Sync 1 DAGs
[2024-09-10T17:25:34.290+0000] {logging_mixin.py:190} INFO - [2024-09-10T17:25:34.290+0000] {dag.py:4156} INFO - Setting next_dagrun for simple_example_dag to 2024-09-10 00:00:00+00:00, run_after=2024-09-11 00:00:00+00:00
[2024-09-10T17:25:34.356+0000] {processor.py:208} INFO - Processing /opt/airflow/dags/first_dag.py took 0.355 seconds
[2024-09-10T17:26:05.068+0000] {processor.py:186} INFO - Started process (PID=208) to work on /opt/airflow/dags/first_dag.py
[2024-09-10T17:26:05.071+0000] {processor.py:914} INFO - Processing file /opt/airflow/dags/first_dag.py for tasks to queue
[2024-09-10T17:26:05.079+0000] {logging_mixin.py:190} INFO - [2024-09-10T17:26:05.077+0000] {dagbag.py:587} INFO - Filling up the DagBag from /opt/airflow/dags/first_dag.py
[2024-09-10T17:26:05.125+0000] {processor.py:925} INFO - DAG(s) 'simple_example_dag' retrieved from /opt/airflow/dags/first_dag.py
[2024-09-10T17:26:05.268+0000] {logging_mixin.py:190} INFO - [2024-09-10T17:26:05.268+0000] {dag.py:3229} INFO - Sync 1 DAGs
[2024-09-10T17:26:05.340+0000] {logging_mixin.py:190} INFO - [2024-09-10T17:26:05.339+0000] {dag.py:4156} INFO - Setting next_dagrun for simple_example_dag to 2024-09-10 00:00:00+00:00, run_after=2024-09-11 00:00:00+00:00
[2024-09-10T17:26:05.390+0000] {processor.py:208} INFO - Processing /opt/airflow/dags/first_dag.py took 0.348 seconds
[2024-09-10T17:26:36.095+0000] {processor.py:186} INFO - Started process (PID=216) to work on /opt/airflow/dags/first_dag.py
[2024-09-10T17:26:36.099+0000] {processor.py:914} INFO - Processing file /opt/airflow/dags/first_dag.py for tasks to queue
[2024-09-10T17:26:36.108+0000] {logging_mixin.py:190} INFO - [2024-09-10T17:26:36.104+0000] {dagbag.py:587} INFO - Filling up the DagBag from /opt/airflow/dags/first_dag.py
[2024-09-10T17:26:36.171+0000] {processor.py:925} INFO - DAG(s) 'simple_example_dag' retrieved from /opt/airflow/dags/first_dag.py
[2024-09-10T17:26:36.386+0000] {logging_mixin.py:190} INFO - [2024-09-10T17:26:36.385+0000] {dag.py:3229} INFO - Sync 1 DAGs
[2024-09-10T17:26:36.447+0000] {logging_mixin.py:190} INFO - [2024-09-10T17:26:36.446+0000] {dag.py:4156} INFO - Setting next_dagrun for simple_example_dag to 2024-09-10 00:00:00+00:00, run_after=2024-09-11 00:00:00+00:00
[2024-09-10T17:26:36.496+0000] {processor.py:208} INFO - Processing /opt/airflow/dags/first_dag.py took 0.417 seconds
[2024-09-10T17:27:07.233+0000] {processor.py:186} INFO - Started process (PID=224) to work on /opt/airflow/dags/first_dag.py
[2024-09-10T17:27:07.237+0000] {processor.py:914} INFO - Processing file /opt/airflow/dags/first_dag.py for tasks to queue
[2024-09-10T17:27:07.243+0000] {logging_mixin.py:190} INFO - [2024-09-10T17:27:07.242+0000] {dagbag.py:587} INFO - Filling up the DagBag from /opt/airflow/dags/first_dag.py
[2024-09-10T17:27:07.310+0000] {processor.py:925} INFO - DAG(s) 'simple_example_dag' retrieved from /opt/airflow/dags/first_dag.py
[2024-09-10T17:27:07.402+0000] {logging_mixin.py:190} INFO - [2024-09-10T17:27:07.401+0000] {dag.py:3229} INFO - Sync 1 DAGs
[2024-09-10T17:27:07.447+0000] {logging_mixin.py:190} INFO - [2024-09-10T17:27:07.447+0000] {dag.py:4156} INFO - Setting next_dagrun for simple_example_dag to 2024-09-10 00:00:00+00:00, run_after=2024-09-11 00:00:00+00:00
[2024-09-10T17:27:07.489+0000] {processor.py:208} INFO - Processing /opt/airflow/dags/first_dag.py took 0.282 seconds
[2024-09-10T17:27:38.297+0000] {processor.py:186} INFO - Started process (PID=233) to work on /opt/airflow/dags/first_dag.py
[2024-09-10T17:27:38.301+0000] {processor.py:914} INFO - Processing file /opt/airflow/dags/first_dag.py for tasks to queue
[2024-09-10T17:27:38.312+0000] {logging_mixin.py:190} INFO - [2024-09-10T17:27:38.309+0000] {dagbag.py:587} INFO - Filling up the DagBag from /opt/airflow/dags/first_dag.py
[2024-09-10T17:27:38.415+0000] {processor.py:925} INFO - DAG(s) 'simple_example_dag' retrieved from /opt/airflow/dags/first_dag.py
[2024-09-10T17:27:38.579+0000] {logging_mixin.py:190} INFO - [2024-09-10T17:27:38.579+0000] {dag.py:3229} INFO - Sync 1 DAGs
[2024-09-10T17:27:38.678+0000] {logging_mixin.py:190} INFO - [2024-09-10T17:27:38.677+0000] {dag.py:4156} INFO - Setting next_dagrun for simple_example_dag to 2024-09-10 00:00:00+00:00, run_after=2024-09-11 00:00:00+00:00
[2024-09-10T17:27:38.744+0000] {processor.py:208} INFO - Processing /opt/airflow/dags/first_dag.py took 0.470 seconds
[2024-09-10T17:28:09.493+0000] {processor.py:186} INFO - Started process (PID=241) to work on /opt/airflow/dags/first_dag.py
[2024-09-10T17:28:09.589+0000] {processor.py:914} INFO - Processing file /opt/airflow/dags/first_dag.py for tasks to queue
[2024-09-10T17:28:09.954+0000] {logging_mixin.py:190} INFO - [2024-09-10T17:28:09.782+0000] {dagbag.py:587} INFO - Filling up the DagBag from /opt/airflow/dags/first_dag.py
[2024-09-10T17:28:52.987+0000] {logging_mixin.py:190} INFO - [2024-09-10T17:28:42.686+0000] {timeout.py:68} ERROR - Process timed out, PID: 241
[2024-09-10T17:30:07.906+0000] {processor.py:186} INFO - Started process (PID=68) to work on /opt/airflow/dags/first_dag.py
[2024-09-10T17:30:07.918+0000] {processor.py:914} INFO - Processing file /opt/airflow/dags/first_dag.py for tasks to queue
[2024-09-10T17:30:07.927+0000] {logging_mixin.py:190} INFO - [2024-09-10T17:30:07.926+0000] {dagbag.py:587} INFO - Filling up the DagBag from /opt/airflow/dags/first_dag.py
[2024-09-10T17:30:07.991+0000] {processor.py:925} INFO - DAG(s) 'simple_example_dag' retrieved from /opt/airflow/dags/first_dag.py
[2024-09-10T17:30:08.090+0000] {logging_mixin.py:190} INFO - [2024-09-10T17:30:08.089+0000] {dag.py:3229} INFO - Sync 1 DAGs
[2024-09-10T17:30:08.195+0000] {logging_mixin.py:190} INFO - [2024-09-10T17:30:08.195+0000] {dag.py:4156} INFO - Setting next_dagrun for simple_example_dag to 2024-09-10 00:00:00+00:00, run_after=2024-09-11 00:00:00+00:00
[2024-09-10T17:30:08.247+0000] {processor.py:208} INFO - Processing /opt/airflow/dags/first_dag.py took 0.360 seconds
[2024-09-10T17:31:04.923+0000] {processor.py:186} INFO - Started process (PID=61) to work on /opt/airflow/dags/first_dag.py
[2024-09-10T17:31:04.926+0000] {processor.py:914} INFO - Processing file /opt/airflow/dags/first_dag.py for tasks to queue
[2024-09-10T17:31:04.932+0000] {logging_mixin.py:190} INFO - [2024-09-10T17:31:04.932+0000] {dagbag.py:587} INFO - Filling up the DagBag from /opt/airflow/dags/first_dag.py
[2024-09-10T17:31:04.976+0000] {processor.py:925} INFO - DAG(s) 'simple_example_dag' retrieved from /opt/airflow/dags/first_dag.py
[2024-09-10T17:31:05.087+0000] {logging_mixin.py:190} INFO - [2024-09-10T17:31:05.086+0000] {dag.py:3229} INFO - Sync 1 DAGs
[2024-09-10T17:31:05.185+0000] {logging_mixin.py:190} INFO - [2024-09-10T17:31:05.184+0000] {dag.py:4156} INFO - Setting next_dagrun for simple_example_dag to 2024-09-10 00:00:00+00:00, run_after=2024-09-11 00:00:00+00:00
[2024-09-10T17:31:05.257+0000] {processor.py:208} INFO - Processing /opt/airflow/dags/first_dag.py took 0.348 seconds
[2024-09-10T17:31:35.956+0000] {processor.py:186} INFO - Started process (PID=75) to work on /opt/airflow/dags/first_dag.py
[2024-09-10T17:31:35.958+0000] {processor.py:914} INFO - Processing file /opt/airflow/dags/first_dag.py for tasks to queue
[2024-09-10T17:31:35.966+0000] {logging_mixin.py:190} INFO - [2024-09-10T17:31:35.965+0000] {dagbag.py:587} INFO - Filling up the DagBag from /opt/airflow/dags/first_dag.py
[2024-09-10T17:31:36.035+0000] {processor.py:925} INFO - DAG(s) 'simple_example_dag' retrieved from /opt/airflow/dags/first_dag.py
[2024-09-10T17:31:36.122+0000] {logging_mixin.py:190} INFO - [2024-09-10T17:31:36.121+0000] {dag.py:3229} INFO - Sync 1 DAGs
[2024-09-10T17:31:36.179+0000] {logging_mixin.py:190} INFO - [2024-09-10T17:31:36.179+0000] {dag.py:4156} INFO - Setting next_dagrun for simple_example_dag to 2024-09-10 00:00:00+00:00, run_after=2024-09-11 00:00:00+00:00
[2024-09-10T17:31:36.234+0000] {processor.py:208} INFO - Processing /opt/airflow/dags/first_dag.py took 0.293 seconds
[2024-09-10T17:32:06.879+0000] {processor.py:186} INFO - Started process (PID=83) to work on /opt/airflow/dags/first_dag.py
[2024-09-10T17:32:06.882+0000] {processor.py:914} INFO - Processing file /opt/airflow/dags/first_dag.py for tasks to queue
[2024-09-10T17:32:06.890+0000] {logging_mixin.py:190} INFO - [2024-09-10T17:32:06.889+0000] {dagbag.py:587} INFO - Filling up the DagBag from /opt/airflow/dags/first_dag.py
[2024-09-10T17:32:06.960+0000] {processor.py:925} INFO - DAG(s) 'simple_example_dag' retrieved from /opt/airflow/dags/first_dag.py
[2024-09-10T17:32:07.060+0000] {logging_mixin.py:190} INFO - [2024-09-10T17:32:07.060+0000] {dag.py:3229} INFO - Sync 1 DAGs
[2024-09-10T17:32:07.115+0000] {logging_mixin.py:190} INFO - [2024-09-10T17:32:07.115+0000] {dag.py:4156} INFO - Setting next_dagrun for simple_example_dag to 2024-09-10 00:00:00+00:00, run_after=2024-09-11 00:00:00+00:00
[2024-09-10T17:32:07.154+0000] {processor.py:208} INFO - Processing /opt/airflow/dags/first_dag.py took 0.292 seconds
[2024-09-10T17:32:37.476+0000] {processor.py:186} INFO - Started process (PID=91) to work on /opt/airflow/dags/first_dag.py
[2024-09-10T17:32:37.478+0000] {processor.py:914} INFO - Processing file /opt/airflow/dags/first_dag.py for tasks to queue
[2024-09-10T17:32:37.485+0000] {logging_mixin.py:190} INFO - [2024-09-10T17:32:37.484+0000] {dagbag.py:587} INFO - Filling up the DagBag from /opt/airflow/dags/first_dag.py
[2024-09-10T17:32:37.542+0000] {processor.py:925} INFO - DAG(s) 'simple_example_dag' retrieved from /opt/airflow/dags/first_dag.py
[2024-09-10T17:32:37.630+0000] {logging_mixin.py:190} INFO - [2024-09-10T17:32:37.629+0000] {dag.py:3229} INFO - Sync 1 DAGs
[2024-09-10T17:32:37.721+0000] {logging_mixin.py:190} INFO - [2024-09-10T17:32:37.721+0000] {dag.py:4156} INFO - Setting next_dagrun for simple_example_dag to 2024-09-10 00:00:00+00:00, run_after=2024-09-11 00:00:00+00:00
[2024-09-10T17:32:37.783+0000] {processor.py:208} INFO - Processing /opt/airflow/dags/first_dag.py took 0.326 seconds
[2024-09-10T17:33:08.363+0000] {processor.py:186} INFO - Started process (PID=99) to work on /opt/airflow/dags/first_dag.py
[2024-09-10T17:33:08.365+0000] {processor.py:914} INFO - Processing file /opt/airflow/dags/first_dag.py for tasks to queue
[2024-09-10T17:33:08.370+0000] {logging_mixin.py:190} INFO - [2024-09-10T17:33:08.369+0000] {dagbag.py:587} INFO - Filling up the DagBag from /opt/airflow/dags/first_dag.py
[2024-09-10T17:33:08.412+0000] {processor.py:925} INFO - DAG(s) 'simple_example_dag' retrieved from /opt/airflow/dags/first_dag.py
[2024-09-10T17:33:08.461+0000] {logging_mixin.py:190} INFO - [2024-09-10T17:33:08.460+0000] {dag.py:3229} INFO - Sync 1 DAGs
[2024-09-10T17:33:08.505+0000] {logging_mixin.py:190} INFO - [2024-09-10T17:33:08.504+0000] {dag.py:4156} INFO - Setting next_dagrun for simple_example_dag to 2024-09-10 00:00:00+00:00, run_after=2024-09-11 00:00:00+00:00
[2024-09-10T17:33:08.765+0000] {processor.py:208} INFO - Processing /opt/airflow/dags/first_dag.py took 0.432 seconds
[2024-09-10T17:33:39.054+0000] {processor.py:186} INFO - Started process (PID=107) to work on /opt/airflow/dags/first_dag.py
[2024-09-10T17:33:39.056+0000] {processor.py:914} INFO - Processing file /opt/airflow/dags/first_dag.py for tasks to queue
[2024-09-10T17:33:39.063+0000] {logging_mixin.py:190} INFO - [2024-09-10T17:33:39.062+0000] {dagbag.py:587} INFO - Filling up the DagBag from /opt/airflow/dags/first_dag.py
[2024-09-10T17:33:39.137+0000] {processor.py:925} INFO - DAG(s) 'simple_example_dag' retrieved from /opt/airflow/dags/first_dag.py
[2024-09-10T17:33:39.219+0000] {logging_mixin.py:190} INFO - [2024-09-10T17:33:39.218+0000] {dag.py:3229} INFO - Sync 1 DAGs
[2024-09-10T17:33:39.598+0000] {logging_mixin.py:190} INFO - [2024-09-10T17:33:39.598+0000] {dag.py:4156} INFO - Setting next_dagrun for simple_example_dag to 2024-09-10 00:00:00+00:00, run_after=2024-09-11 00:00:00+00:00
[2024-09-10T17:33:39.636+0000] {processor.py:208} INFO - Processing /opt/airflow/dags/first_dag.py took 0.597 seconds
[2024-09-10T17:34:09.850+0000] {processor.py:186} INFO - Started process (PID=115) to work on /opt/airflow/dags/first_dag.py
[2024-09-10T17:34:09.852+0000] {processor.py:914} INFO - Processing file /opt/airflow/dags/first_dag.py for tasks to queue
[2024-09-10T17:34:09.857+0000] {logging_mixin.py:190} INFO - [2024-09-10T17:34:09.857+0000] {dagbag.py:587} INFO - Filling up the DagBag from /opt/airflow/dags/first_dag.py
[2024-09-10T17:34:09.895+0000] {processor.py:925} INFO - DAG(s) 'simple_example_dag' retrieved from /opt/airflow/dags/first_dag.py
[2024-09-10T17:34:10.197+0000] {logging_mixin.py:190} INFO - [2024-09-10T17:34:10.197+0000] {dag.py:3229} INFO - Sync 1 DAGs
[2024-09-10T17:34:10.251+0000] {logging_mixin.py:190} INFO - [2024-09-10T17:34:10.250+0000] {dag.py:4156} INFO - Setting next_dagrun for simple_example_dag to 2024-09-10 00:00:00+00:00, run_after=2024-09-11 00:00:00+00:00
[2024-09-10T17:34:10.301+0000] {processor.py:208} INFO - Processing /opt/airflow/dags/first_dag.py took 0.465 seconds
[2024-09-10T18:11:08.070+0000] {processor.py:186} INFO - Started process (PID=123) to work on /opt/airflow/dags/first_dag.py
[2024-09-10T18:11:08.078+0000] {processor.py:914} INFO - Processing file /opt/airflow/dags/first_dag.py for tasks to queue
[2024-09-10T18:11:08.096+0000] {logging_mixin.py:190} INFO - [2024-09-10T18:11:08.094+0000] {dagbag.py:587} INFO - Filling up the DagBag from /opt/airflow/dags/first_dag.py
[2024-09-10T18:11:09.314+0000] {processor.py:925} INFO - DAG(s) 'simple_example_dag' retrieved from /opt/airflow/dags/first_dag.py
[2024-09-10T18:11:09.555+0000] {logging_mixin.py:190} INFO - [2024-09-10T18:11:09.544+0000] {dag.py:3229} INFO - Sync 1 DAGs
[2024-09-10T18:11:09.768+0000] {logging_mixin.py:190} INFO - [2024-09-10T18:11:09.767+0000] {dag.py:4156} INFO - Setting next_dagrun for simple_example_dag to 2024-09-10 00:00:00+00:00, run_after=2024-09-11 00:00:00+00:00
[2024-09-10T18:11:10.757+0000] {processor.py:208} INFO - Processing /opt/airflow/dags/first_dag.py took 2.720 seconds
[2024-09-10T18:11:41.958+0000] {processor.py:186} INFO - Started process (PID=132) to work on /opt/airflow/dags/first_dag.py
[2024-09-10T18:11:41.963+0000] {processor.py:914} INFO - Processing file /opt/airflow/dags/first_dag.py for tasks to queue
[2024-09-10T18:11:41.981+0000] {logging_mixin.py:190} INFO - [2024-09-10T18:11:41.978+0000] {dagbag.py:587} INFO - Filling up the DagBag from /opt/airflow/dags/first_dag.py
[2024-09-10T18:11:42.056+0000] {processor.py:925} INFO - DAG(s) 'simple_example_dag' retrieved from /opt/airflow/dags/first_dag.py
[2024-09-10T18:11:42.152+0000] {logging_mixin.py:190} INFO - [2024-09-10T18:11:42.151+0000] {dag.py:3229} INFO - Sync 1 DAGs
[2024-09-10T18:11:42.221+0000] {logging_mixin.py:190} INFO - [2024-09-10T18:11:42.220+0000] {dag.py:4156} INFO - Setting next_dagrun for simple_example_dag to 2024-09-10 00:00:00+00:00, run_after=2024-09-11 00:00:00+00:00
[2024-09-10T18:11:42.270+0000] {processor.py:208} INFO - Processing /opt/airflow/dags/first_dag.py took 0.337 seconds
[2024-09-10T18:12:12.453+0000] {processor.py:186} INFO - Started process (PID=140) to work on /opt/airflow/dags/first_dag.py
[2024-09-10T18:12:12.455+0000] {processor.py:914} INFO - Processing file /opt/airflow/dags/first_dag.py for tasks to queue
[2024-09-10T18:12:12.460+0000] {logging_mixin.py:190} INFO - [2024-09-10T18:12:12.459+0000] {dagbag.py:587} INFO - Filling up the DagBag from /opt/airflow/dags/first_dag.py
[2024-09-10T18:12:12.520+0000] {processor.py:925} INFO - DAG(s) 'simple_example_dag' retrieved from /opt/airflow/dags/first_dag.py
[2024-09-10T18:12:12.583+0000] {logging_mixin.py:190} INFO - [2024-09-10T18:12:12.582+0000] {dag.py:3229} INFO - Sync 1 DAGs
[2024-09-10T18:12:12.653+0000] {logging_mixin.py:190} INFO - [2024-09-10T18:12:12.653+0000] {dag.py:4156} INFO - Setting next_dagrun for simple_example_dag to 2024-09-10 00:00:00+00:00, run_after=2024-09-11 00:00:00+00:00
[2024-09-10T18:12:12.727+0000] {processor.py:208} INFO - Processing /opt/airflow/dags/first_dag.py took 0.285 seconds
[2024-09-10T18:12:43.401+0000] {processor.py:186} INFO - Started process (PID=148) to work on /opt/airflow/dags/first_dag.py
[2024-09-10T18:12:43.404+0000] {processor.py:914} INFO - Processing file /opt/airflow/dags/first_dag.py for tasks to queue
[2024-09-10T18:12:43.414+0000] {logging_mixin.py:190} INFO - [2024-09-10T18:12:43.413+0000] {dagbag.py:587} INFO - Filling up the DagBag from /opt/airflow/dags/first_dag.py
[2024-09-10T18:12:43.496+0000] {processor.py:925} INFO - DAG(s) 'simple_example_dag' retrieved from /opt/airflow/dags/first_dag.py
[2024-09-10T18:12:43.573+0000] {logging_mixin.py:190} INFO - [2024-09-10T18:12:43.573+0000] {dag.py:3229} INFO - Sync 1 DAGs
[2024-09-10T18:12:43.639+0000] {logging_mixin.py:190} INFO - [2024-09-10T18:12:43.638+0000] {dag.py:4156} INFO - Setting next_dagrun for simple_example_dag to 2024-09-10 00:00:00+00:00, run_after=2024-09-11 00:00:00+00:00
[2024-09-10T18:12:43.690+0000] {processor.py:208} INFO - Processing /opt/airflow/dags/first_dag.py took 0.307 seconds
[2024-09-10T18:13:14.114+0000] {processor.py:186} INFO - Started process (PID=157) to work on /opt/airflow/dags/first_dag.py
[2024-09-10T18:13:14.122+0000] {processor.py:914} INFO - Processing file /opt/airflow/dags/first_dag.py for tasks to queue
[2024-09-10T18:13:14.132+0000] {logging_mixin.py:190} INFO - [2024-09-10T18:13:14.129+0000] {dagbag.py:587} INFO - Filling up the DagBag from /opt/airflow/dags/first_dag.py
[2024-09-10T18:13:14.238+0000] {processor.py:925} INFO - DAG(s) 'simple_example_dag' retrieved from /opt/airflow/dags/first_dag.py
[2024-09-10T18:13:27.245+0000] {logging_mixin.py:190} INFO - [2024-09-10T18:13:27.240+0000] {dag.py:3229} INFO - Sync 1 DAGs
[2024-09-10T18:13:27.355+0000] {logging_mixin.py:190} INFO - [2024-09-10T18:13:27.354+0000] {dag.py:4156} INFO - Setting next_dagrun for simple_example_dag to 2024-09-10 00:00:00+00:00, run_after=2024-09-11 00:00:00+00:00
[2024-09-10T18:13:27.425+0000] {processor.py:208} INFO - Processing /opt/airflow/dags/first_dag.py took 13.321 seconds
[2024-09-10T18:13:57.877+0000] {processor.py:186} INFO - Started process (PID=165) to work on /opt/airflow/dags/first_dag.py
[2024-09-10T18:13:57.880+0000] {processor.py:914} INFO - Processing file /opt/airflow/dags/first_dag.py for tasks to queue
[2024-09-10T18:13:57.888+0000] {logging_mixin.py:190} INFO - [2024-09-10T18:13:57.887+0000] {dagbag.py:587} INFO - Filling up the DagBag from /opt/airflow/dags/first_dag.py
[2024-09-10T18:13:57.938+0000] {processor.py:925} INFO - DAG(s) 'simple_example_dag' retrieved from /opt/airflow/dags/first_dag.py
[2024-09-10T18:13:58.040+0000] {logging_mixin.py:190} INFO - [2024-09-10T18:13:58.039+0000] {dag.py:3229} INFO - Sync 1 DAGs
[2024-09-10T18:13:58.133+0000] {logging_mixin.py:190} INFO - [2024-09-10T18:13:58.132+0000] {dag.py:4156} INFO - Setting next_dagrun for simple_example_dag to 2024-09-10 00:00:00+00:00, run_after=2024-09-11 00:00:00+00:00
[2024-09-10T18:13:58.209+0000] {processor.py:208} INFO - Processing /opt/airflow/dags/first_dag.py took 0.351 seconds
[2024-09-10T18:14:28.508+0000] {processor.py:186} INFO - Started process (PID=173) to work on /opt/airflow/dags/first_dag.py
[2024-09-10T18:14:28.511+0000] {processor.py:914} INFO - Processing file /opt/airflow/dags/first_dag.py for tasks to queue
[2024-09-10T18:14:28.522+0000] {logging_mixin.py:190} INFO - [2024-09-10T18:14:28.520+0000] {dagbag.py:587} INFO - Filling up the DagBag from /opt/airflow/dags/first_dag.py
[2024-09-10T18:14:28.593+0000] {processor.py:925} INFO - DAG(s) 'simple_example_dag' retrieved from /opt/airflow/dags/first_dag.py
[2024-09-10T18:14:28.697+0000] {logging_mixin.py:190} INFO - [2024-09-10T18:14:28.697+0000] {dag.py:3229} INFO - Sync 1 DAGs
[2024-09-10T18:14:28.754+0000] {logging_mixin.py:190} INFO - [2024-09-10T18:14:28.754+0000] {dag.py:4156} INFO - Setting next_dagrun for simple_example_dag to 2024-09-10 00:00:00+00:00, run_after=2024-09-11 00:00:00+00:00
[2024-09-10T18:14:28.805+0000] {processor.py:208} INFO - Processing /opt/airflow/dags/first_dag.py took 0.314 seconds
[2024-09-10T18:14:59.499+0000] {processor.py:186} INFO - Started process (PID=181) to work on /opt/airflow/dags/first_dag.py
[2024-09-10T18:14:59.502+0000] {processor.py:914} INFO - Processing file /opt/airflow/dags/first_dag.py for tasks to queue
[2024-09-10T18:14:59.528+0000] {logging_mixin.py:190} INFO - [2024-09-10T18:14:59.527+0000] {dagbag.py:587} INFO - Filling up the DagBag from /opt/airflow/dags/first_dag.py
[2024-09-10T18:14:59.596+0000] {processor.py:925} INFO - DAG(s) 'simple_example_dag' retrieved from /opt/airflow/dags/first_dag.py
[2024-09-10T18:15:00.441+0000] {logging_mixin.py:190} INFO - [2024-09-10T18:15:00.430+0000] {dag.py:3229} INFO - Sync 1 DAGs
[2024-09-10T18:15:00.543+0000] {logging_mixin.py:190} INFO - [2024-09-10T18:15:00.543+0000] {dag.py:4156} INFO - Setting next_dagrun for simple_example_dag to 2024-09-10 00:00:00+00:00, run_after=2024-09-11 00:00:00+00:00
[2024-09-10T18:15:00.687+0000] {processor.py:208} INFO - Processing /opt/airflow/dags/first_dag.py took 1.206 seconds
[2024-09-10T18:15:31.034+0000] {processor.py:186} INFO - Started process (PID=190) to work on /opt/airflow/dags/first_dag.py
[2024-09-10T18:15:31.036+0000] {processor.py:914} INFO - Processing file /opt/airflow/dags/first_dag.py for tasks to queue
[2024-09-10T18:15:31.041+0000] {logging_mixin.py:190} INFO - [2024-09-10T18:15:31.040+0000] {dagbag.py:587} INFO - Filling up the DagBag from /opt/airflow/dags/first_dag.py
[2024-09-10T18:15:31.096+0000] {processor.py:925} INFO - DAG(s) 'simple_example_dag' retrieved from /opt/airflow/dags/first_dag.py
[2024-09-10T18:15:31.191+0000] {logging_mixin.py:190} INFO - [2024-09-10T18:15:31.191+0000] {dag.py:3229} INFO - Sync 1 DAGs
[2024-09-10T18:15:31.252+0000] {logging_mixin.py:190} INFO - [2024-09-10T18:15:31.252+0000] {dag.py:4156} INFO - Setting next_dagrun for simple_example_dag to 2024-09-10 00:00:00+00:00, run_after=2024-09-11 00:00:00+00:00
[2024-09-10T18:15:31.299+0000] {processor.py:208} INFO - Processing /opt/airflow/dags/first_dag.py took 0.280 seconds
[2024-09-10T18:16:01.997+0000] {processor.py:186} INFO - Started process (PID=197) to work on /opt/airflow/dags/first_dag.py
[2024-09-10T18:16:02.009+0000] {processor.py:914} INFO - Processing file /opt/airflow/dags/first_dag.py for tasks to queue
[2024-09-10T18:16:02.029+0000] {logging_mixin.py:190} INFO - [2024-09-10T18:16:02.021+0000] {dagbag.py:587} INFO - Filling up the DagBag from /opt/airflow/dags/first_dag.py
[2024-09-10T18:16:02.294+0000] {processor.py:925} INFO - DAG(s) 'simple_example_dag' retrieved from /opt/airflow/dags/first_dag.py
[2024-09-10T18:16:24.163+0000] {logging_mixin.py:190} INFO - [2024-09-10T18:16:24.157+0000] {dag.py:3229} INFO - Sync 1 DAGs
[2024-09-10T18:16:24.243+0000] {logging_mixin.py:190} INFO - [2024-09-10T18:16:24.242+0000] {dag.py:4156} INFO - Setting next_dagrun for simple_example_dag to 2024-09-10 00:00:00+00:00, run_after=2024-09-11 00:00:00+00:00
[2024-09-10T18:16:24.300+0000] {processor.py:208} INFO - Processing /opt/airflow/dags/first_dag.py took 22.354 seconds
[2024-09-10T18:16:54.549+0000] {processor.py:186} INFO - Started process (PID=205) to work on /opt/airflow/dags/first_dag.py
[2024-09-10T18:16:54.563+0000] {processor.py:914} INFO - Processing file /opt/airflow/dags/first_dag.py for tasks to queue
[2024-09-10T18:16:54.578+0000] {logging_mixin.py:190} INFO - [2024-09-10T18:16:54.576+0000] {dagbag.py:587} INFO - Filling up the DagBag from /opt/airflow/dags/first_dag.py
[2024-09-10T18:16:54.835+0000] {processor.py:925} INFO - DAG(s) 'simple_example_dag' retrieved from /opt/airflow/dags/first_dag.py
[2024-09-10T18:16:54.961+0000] {logging_mixin.py:190} INFO - [2024-09-10T18:16:54.961+0000] {dag.py:3229} INFO - Sync 1 DAGs
[2024-09-10T18:16:55.040+0000] {logging_mixin.py:190} INFO - [2024-09-10T18:16:55.039+0000] {dag.py:4156} INFO - Setting next_dagrun for simple_example_dag to 2024-09-10 00:00:00+00:00, run_after=2024-09-11 00:00:00+00:00
[2024-09-10T18:16:55.098+0000] {processor.py:208} INFO - Processing /opt/airflow/dags/first_dag.py took 0.599 seconds
[2024-09-10T18:19:29.701+0000] {processor.py:186} INFO - Started process (PID=213) to work on /opt/airflow/dags/first_dag.py
[2024-09-10T18:19:29.704+0000] {processor.py:914} INFO - Processing file /opt/airflow/dags/first_dag.py for tasks to queue
[2024-09-10T18:19:29.715+0000] {logging_mixin.py:190} INFO - [2024-09-10T18:19:29.714+0000] {dagbag.py:587} INFO - Filling up the DagBag from /opt/airflow/dags/first_dag.py
[2024-09-10T18:19:29.859+0000] {processor.py:925} INFO - DAG(s) 'simple_example_dag' retrieved from /opt/airflow/dags/first_dag.py
[2024-09-10T18:19:30.959+0000] {logging_mixin.py:190} INFO - [2024-09-10T18:19:30.958+0000] {dag.py:3229} INFO - Sync 1 DAGs
[2024-09-10T18:19:31.066+0000] {logging_mixin.py:190} INFO - [2024-09-10T18:19:31.066+0000] {dag.py:4156} INFO - Setting next_dagrun for simple_example_dag to 2024-09-10 00:00:00+00:00, run_after=2024-09-11 00:00:00+00:00
[2024-09-10T18:19:31.166+0000] {processor.py:208} INFO - Processing /opt/airflow/dags/first_dag.py took 1.483 seconds
[2024-09-10T18:20:01.346+0000] {processor.py:186} INFO - Started process (PID=221) to work on /opt/airflow/dags/first_dag.py
[2024-09-10T18:20:01.349+0000] {processor.py:914} INFO - Processing file /opt/airflow/dags/first_dag.py for tasks to queue
[2024-09-10T18:20:01.355+0000] {logging_mixin.py:190} INFO - [2024-09-10T18:20:01.354+0000] {dagbag.py:587} INFO - Filling up the DagBag from /opt/airflow/dags/first_dag.py
[2024-09-10T18:20:01.403+0000] {processor.py:925} INFO - DAG(s) 'simple_example_dag' retrieved from /opt/airflow/dags/first_dag.py
[2024-09-10T18:20:01.474+0000] {logging_mixin.py:190} INFO - [2024-09-10T18:20:01.473+0000] {dag.py:3229} INFO - Sync 1 DAGs
[2024-09-10T18:20:01.544+0000] {logging_mixin.py:190} INFO - [2024-09-10T18:20:01.543+0000] {dag.py:4156} INFO - Setting next_dagrun for simple_example_dag to 2024-09-10 00:00:00+00:00, run_after=2024-09-11 00:00:00+00:00
[2024-09-10T18:20:01.591+0000] {processor.py:208} INFO - Processing /opt/airflow/dags/first_dag.py took 0.263 seconds
[2024-09-10T18:20:32.226+0000] {processor.py:186} INFO - Started process (PID=236) to work on /opt/airflow/dags/first_dag.py
[2024-09-10T18:20:32.228+0000] {processor.py:914} INFO - Processing file /opt/airflow/dags/first_dag.py for tasks to queue
[2024-09-10T18:20:32.233+0000] {logging_mixin.py:190} INFO - [2024-09-10T18:20:32.232+0000] {dagbag.py:587} INFO - Filling up the DagBag from /opt/airflow/dags/first_dag.py
[2024-09-10T18:20:32.269+0000] {processor.py:925} INFO - DAG(s) 'simple_example_dag' retrieved from /opt/airflow/dags/first_dag.py
[2024-09-10T18:20:32.319+0000] {logging_mixin.py:190} INFO - [2024-09-10T18:20:32.318+0000] {dag.py:3229} INFO - Sync 1 DAGs
[2024-09-10T18:20:32.403+0000] {logging_mixin.py:190} INFO - [2024-09-10T18:20:32.393+0000] {dag.py:4156} INFO - Setting next_dagrun for simple_example_dag to 2024-09-10 00:00:00+00:00, run_after=2024-09-11 00:00:00+00:00
[2024-09-10T18:20:32.482+0000] {processor.py:208} INFO - Processing /opt/airflow/dags/first_dag.py took 0.266 seconds
[2024-09-10T18:21:02.963+0000] {processor.py:186} INFO - Started process (PID=244) to work on /opt/airflow/dags/first_dag.py
[2024-09-10T18:21:02.966+0000] {processor.py:914} INFO - Processing file /opt/airflow/dags/first_dag.py for tasks to queue
[2024-09-10T18:21:02.975+0000] {logging_mixin.py:190} INFO - [2024-09-10T18:21:02.973+0000] {dagbag.py:587} INFO - Filling up the DagBag from /opt/airflow/dags/first_dag.py
[2024-09-10T18:21:03.050+0000] {processor.py:925} INFO - DAG(s) 'simple_example_dag' retrieved from /opt/airflow/dags/first_dag.py
[2024-09-10T18:21:03.144+0000] {logging_mixin.py:190} INFO - [2024-09-10T18:21:03.144+0000] {dag.py:3229} INFO - Sync 1 DAGs
[2024-09-10T18:21:03.199+0000] {logging_mixin.py:190} INFO - [2024-09-10T18:21:03.199+0000] {dag.py:4156} INFO - Setting next_dagrun for simple_example_dag to 2024-09-10 00:00:00+00:00, run_after=2024-09-11 00:00:00+00:00
[2024-09-10T18:21:03.255+0000] {processor.py:208} INFO - Processing /opt/airflow/dags/first_dag.py took 0.311 seconds
[2024-09-10T18:21:34.185+0000] {processor.py:186} INFO - Started process (PID=252) to work on /opt/airflow/dags/first_dag.py
[2024-09-10T18:21:34.187+0000] {processor.py:914} INFO - Processing file /opt/airflow/dags/first_dag.py for tasks to queue
[2024-09-10T18:21:34.193+0000] {logging_mixin.py:190} INFO - [2024-09-10T18:21:34.192+0000] {dagbag.py:587} INFO - Filling up the DagBag from /opt/airflow/dags/first_dag.py
[2024-09-10T18:21:34.231+0000] {processor.py:925} INFO - DAG(s) 'simple_example_dag' retrieved from /opt/airflow/dags/first_dag.py
[2024-09-10T18:21:34.281+0000] {logging_mixin.py:190} INFO - [2024-09-10T18:21:34.281+0000] {dag.py:3229} INFO - Sync 1 DAGs
[2024-09-10T18:21:34.323+0000] {logging_mixin.py:190} INFO - [2024-09-10T18:21:34.323+0000] {dag.py:4156} INFO - Setting next_dagrun for simple_example_dag to 2024-09-10 00:00:00+00:00, run_after=2024-09-11 00:00:00+00:00
[2024-09-10T18:21:34.363+0000] {processor.py:208} INFO - Processing /opt/airflow/dags/first_dag.py took 0.196 seconds
[2024-09-10T18:22:05.009+0000] {processor.py:186} INFO - Started process (PID=260) to work on /opt/airflow/dags/first_dag.py
[2024-09-10T18:22:05.012+0000] {processor.py:914} INFO - Processing file /opt/airflow/dags/first_dag.py for tasks to queue
[2024-09-10T18:22:05.019+0000] {logging_mixin.py:190} INFO - [2024-09-10T18:22:05.018+0000] {dagbag.py:587} INFO - Filling up the DagBag from /opt/airflow/dags/first_dag.py
[2024-09-10T18:22:05.070+0000] {processor.py:925} INFO - DAG(s) 'simple_example_dag' retrieved from /opt/airflow/dags/first_dag.py
[2024-09-10T18:22:05.147+0000] {logging_mixin.py:190} INFO - [2024-09-10T18:22:05.146+0000] {dag.py:3229} INFO - Sync 1 DAGs
[2024-09-10T18:22:05.199+0000] {logging_mixin.py:190} INFO - [2024-09-10T18:22:05.198+0000] {dag.py:4156} INFO - Setting next_dagrun for simple_example_dag to 2024-09-10 00:00:00+00:00, run_after=2024-09-11 00:00:00+00:00
[2024-09-10T18:22:05.245+0000] {processor.py:208} INFO - Processing /opt/airflow/dags/first_dag.py took 0.250 seconds
[2024-09-10T18:22:35.996+0000] {processor.py:186} INFO - Started process (PID=268) to work on /opt/airflow/dags/first_dag.py
[2024-09-10T18:22:36.000+0000] {processor.py:914} INFO - Processing file /opt/airflow/dags/first_dag.py for tasks to queue
[2024-09-10T18:22:36.006+0000] {logging_mixin.py:190} INFO - [2024-09-10T18:22:36.005+0000] {dagbag.py:587} INFO - Filling up the DagBag from /opt/airflow/dags/first_dag.py
[2024-09-10T18:22:36.051+0000] {processor.py:925} INFO - DAG(s) 'simple_example_dag' retrieved from /opt/airflow/dags/first_dag.py
[2024-09-10T18:22:36.110+0000] {logging_mixin.py:190} INFO - [2024-09-10T18:22:36.109+0000] {dag.py:3229} INFO - Sync 1 DAGs
[2024-09-10T18:22:36.156+0000] {logging_mixin.py:190} INFO - [2024-09-10T18:22:36.156+0000] {dag.py:4156} INFO - Setting next_dagrun for simple_example_dag to 2024-09-10 00:00:00+00:00, run_after=2024-09-11 00:00:00+00:00
[2024-09-10T18:22:36.198+0000] {processor.py:208} INFO - Processing /opt/airflow/dags/first_dag.py took 0.230 seconds
[2024-09-10T18:23:06.912+0000] {processor.py:186} INFO - Started process (PID=276) to work on /opt/airflow/dags/first_dag.py
[2024-09-10T18:23:06.915+0000] {processor.py:914} INFO - Processing file /opt/airflow/dags/first_dag.py for tasks to queue
[2024-09-10T18:23:06.924+0000] {logging_mixin.py:190} INFO - [2024-09-10T18:23:06.923+0000] {dagbag.py:587} INFO - Filling up the DagBag from /opt/airflow/dags/first_dag.py
[2024-09-10T18:23:07.004+0000] {processor.py:925} INFO - DAG(s) 'simple_example_dag' retrieved from /opt/airflow/dags/first_dag.py
[2024-09-10T18:23:07.113+0000] {logging_mixin.py:190} INFO - [2024-09-10T18:23:07.112+0000] {dag.py:3229} INFO - Sync 1 DAGs
[2024-09-10T18:23:07.195+0000] {logging_mixin.py:190} INFO - [2024-09-10T18:23:07.194+0000] {dag.py:4156} INFO - Setting next_dagrun for simple_example_dag to 2024-09-10 00:00:00+00:00, run_after=2024-09-11 00:00:00+00:00
[2024-09-10T18:23:07.278+0000] {processor.py:208} INFO - Processing /opt/airflow/dags/first_dag.py took 0.383 seconds
[2024-09-10T18:23:37.954+0000] {processor.py:186} INFO - Started process (PID=284) to work on /opt/airflow/dags/first_dag.py
[2024-09-10T18:23:37.959+0000] {processor.py:914} INFO - Processing file /opt/airflow/dags/first_dag.py for tasks to queue
[2024-09-10T18:23:37.967+0000] {logging_mixin.py:190} INFO - [2024-09-10T18:23:37.966+0000] {dagbag.py:587} INFO - Filling up the DagBag from /opt/airflow/dags/first_dag.py
[2024-09-10T18:23:38.022+0000] {processor.py:925} INFO - DAG(s) 'simple_example_dag' retrieved from /opt/airflow/dags/first_dag.py
[2024-09-10T18:23:38.084+0000] {logging_mixin.py:190} INFO - [2024-09-10T18:23:38.083+0000] {dag.py:3229} INFO - Sync 1 DAGs
[2024-09-10T18:23:38.140+0000] {logging_mixin.py:190} INFO - [2024-09-10T18:23:38.139+0000] {dag.py:4156} INFO - Setting next_dagrun for simple_example_dag to 2024-09-10 00:00:00+00:00, run_after=2024-09-11 00:00:00+00:00
[2024-09-10T18:23:38.186+0000] {processor.py:208} INFO - Processing /opt/airflow/dags/first_dag.py took 0.244 seconds
[2024-09-10T18:24:08.620+0000] {processor.py:186} INFO - Started process (PID=292) to work on /opt/airflow/dags/first_dag.py
[2024-09-10T18:24:08.624+0000] {processor.py:914} INFO - Processing file /opt/airflow/dags/first_dag.py for tasks to queue
[2024-09-10T18:24:08.633+0000] {logging_mixin.py:190} INFO - [2024-09-10T18:24:08.632+0000] {dagbag.py:587} INFO - Filling up the DagBag from /opt/airflow/dags/first_dag.py
[2024-09-10T18:24:08.711+0000] {processor.py:925} INFO - DAG(s) 'simple_example_dag' retrieved from /opt/airflow/dags/first_dag.py
[2024-09-10T18:24:08.822+0000] {logging_mixin.py:190} INFO - [2024-09-10T18:24:08.821+0000] {dag.py:3229} INFO - Sync 1 DAGs
[2024-09-10T18:24:08.865+0000] {logging_mixin.py:190} INFO - [2024-09-10T18:24:08.865+0000] {dag.py:4156} INFO - Setting next_dagrun for simple_example_dag to 2024-09-10 00:00:00+00:00, run_after=2024-09-11 00:00:00+00:00
[2024-09-10T18:24:08.913+0000] {processor.py:208} INFO - Processing /opt/airflow/dags/first_dag.py took 0.312 seconds
[2024-09-10T18:24:39.454+0000] {processor.py:186} INFO - Started process (PID=300) to work on /opt/airflow/dags/first_dag.py
[2024-09-10T18:24:39.456+0000] {processor.py:914} INFO - Processing file /opt/airflow/dags/first_dag.py for tasks to queue
[2024-09-10T18:24:39.461+0000] {logging_mixin.py:190} INFO - [2024-09-10T18:24:39.460+0000] {dagbag.py:587} INFO - Filling up the DagBag from /opt/airflow/dags/first_dag.py
[2024-09-10T18:24:39.493+0000] {processor.py:925} INFO - DAG(s) 'simple_example_dag' retrieved from /opt/airflow/dags/first_dag.py
[2024-09-10T18:24:39.559+0000] {logging_mixin.py:190} INFO - [2024-09-10T18:24:39.558+0000] {dag.py:3229} INFO - Sync 1 DAGs
[2024-09-10T18:24:39.607+0000] {logging_mixin.py:190} INFO - [2024-09-10T18:24:39.607+0000] {dag.py:4156} INFO - Setting next_dagrun for simple_example_dag to 2024-09-10 00:00:00+00:00, run_after=2024-09-11 00:00:00+00:00
[2024-09-10T18:24:39.651+0000] {processor.py:208} INFO - Processing /opt/airflow/dags/first_dag.py took 0.210 seconds
[2024-09-10T18:25:10.344+0000] {processor.py:186} INFO - Started process (PID=308) to work on /opt/airflow/dags/first_dag.py
[2024-09-10T18:25:10.347+0000] {processor.py:914} INFO - Processing file /opt/airflow/dags/first_dag.py for tasks to queue
[2024-09-10T18:25:10.354+0000] {logging_mixin.py:190} INFO - [2024-09-10T18:25:10.353+0000] {dagbag.py:587} INFO - Filling up the DagBag from /opt/airflow/dags/first_dag.py
[2024-09-10T18:25:10.416+0000] {processor.py:925} INFO - DAG(s) 'simple_example_dag' retrieved from /opt/airflow/dags/first_dag.py
[2024-09-10T18:25:10.492+0000] {logging_mixin.py:190} INFO - [2024-09-10T18:25:10.489+0000] {dag.py:3229} INFO - Sync 1 DAGs
[2024-09-10T18:25:10.571+0000] {logging_mixin.py:190} INFO - [2024-09-10T18:25:10.571+0000] {dag.py:4156} INFO - Setting next_dagrun for simple_example_dag to 2024-09-10 00:00:00+00:00, run_after=2024-09-11 00:00:00+00:00
[2024-09-10T18:25:10.621+0000] {processor.py:208} INFO - Processing /opt/airflow/dags/first_dag.py took 0.295 seconds
[2024-09-10T18:25:41.016+0000] {processor.py:186} INFO - Started process (PID=316) to work on /opt/airflow/dags/first_dag.py
[2024-09-10T18:25:41.019+0000] {processor.py:914} INFO - Processing file /opt/airflow/dags/first_dag.py for tasks to queue
[2024-09-10T18:25:41.027+0000] {logging_mixin.py:190} INFO - [2024-09-10T18:25:41.025+0000] {dagbag.py:587} INFO - Filling up the DagBag from /opt/airflow/dags/first_dag.py
[2024-09-10T18:25:41.093+0000] {processor.py:925} INFO - DAG(s) 'simple_example_dag' retrieved from /opt/airflow/dags/first_dag.py
[2024-09-10T18:25:41.148+0000] {logging_mixin.py:190} INFO - [2024-09-10T18:25:41.147+0000] {dag.py:3229} INFO - Sync 1 DAGs
[2024-09-10T18:25:41.227+0000] {logging_mixin.py:190} INFO - [2024-09-10T18:25:41.227+0000] {dag.py:4156} INFO - Setting next_dagrun for simple_example_dag to 2024-09-10 00:00:00+00:00, run_after=2024-09-11 00:00:00+00:00
[2024-09-10T18:25:41.271+0000] {processor.py:208} INFO - Processing /opt/airflow/dags/first_dag.py took 0.276 seconds
[2024-09-10T18:26:12.139+0000] {processor.py:186} INFO - Started process (PID=325) to work on /opt/airflow/dags/first_dag.py
[2024-09-10T18:26:12.142+0000] {processor.py:914} INFO - Processing file /opt/airflow/dags/first_dag.py for tasks to queue
[2024-09-10T18:26:12.150+0000] {logging_mixin.py:190} INFO - [2024-09-10T18:26:12.149+0000] {dagbag.py:587} INFO - Filling up the DagBag from /opt/airflow/dags/first_dag.py
[2024-09-10T18:26:12.231+0000] {processor.py:925} INFO - DAG(s) 'simple_example_dag' retrieved from /opt/airflow/dags/first_dag.py
[2024-09-10T18:26:12.333+0000] {logging_mixin.py:190} INFO - [2024-09-10T18:26:12.332+0000] {dag.py:3229} INFO - Sync 1 DAGs
[2024-09-10T18:26:12.427+0000] {logging_mixin.py:190} INFO - [2024-09-10T18:26:12.427+0000] {dag.py:4156} INFO - Setting next_dagrun for simple_example_dag to 2024-09-10 00:00:00+00:00, run_after=2024-09-11 00:00:00+00:00
[2024-09-10T18:26:12.481+0000] {processor.py:208} INFO - Processing /opt/airflow/dags/first_dag.py took 0.365 seconds
[2024-09-10T18:26:42.765+0000] {processor.py:186} INFO - Started process (PID=333) to work on /opt/airflow/dags/first_dag.py
[2024-09-10T18:26:42.768+0000] {processor.py:914} INFO - Processing file /opt/airflow/dags/first_dag.py for tasks to queue
[2024-09-10T18:26:42.776+0000] {logging_mixin.py:190} INFO - [2024-09-10T18:26:42.774+0000] {dagbag.py:587} INFO - Filling up the DagBag from /opt/airflow/dags/first_dag.py
[2024-09-10T18:26:42.844+0000] {processor.py:925} INFO - DAG(s) 'simple_example_dag' retrieved from /opt/airflow/dags/first_dag.py
[2024-09-10T18:26:42.904+0000] {logging_mixin.py:190} INFO - [2024-09-10T18:26:42.904+0000] {dag.py:3229} INFO - Sync 1 DAGs
[2024-09-10T18:26:42.950+0000] {logging_mixin.py:190} INFO - [2024-09-10T18:26:42.949+0000] {dag.py:4156} INFO - Setting next_dagrun for simple_example_dag to 2024-09-10 00:00:00+00:00, run_after=2024-09-11 00:00:00+00:00
[2024-09-10T18:26:42.992+0000] {processor.py:208} INFO - Processing /opt/airflow/dags/first_dag.py took 0.249 seconds
[2024-09-10T18:27:13.676+0000] {processor.py:186} INFO - Started process (PID=341) to work on /opt/airflow/dags/first_dag.py
[2024-09-10T18:27:13.678+0000] {processor.py:914} INFO - Processing file /opt/airflow/dags/first_dag.py for tasks to queue
[2024-09-10T18:27:13.686+0000] {logging_mixin.py:190} INFO - [2024-09-10T18:27:13.684+0000] {dagbag.py:587} INFO - Filling up the DagBag from /opt/airflow/dags/first_dag.py
[2024-09-10T18:27:13.728+0000] {processor.py:925} INFO - DAG(s) 'simple_example_dag' retrieved from /opt/airflow/dags/first_dag.py
[2024-09-10T18:27:13.787+0000] {logging_mixin.py:190} INFO - [2024-09-10T18:27:13.787+0000] {dag.py:3229} INFO - Sync 1 DAGs
[2024-09-10T18:27:13.832+0000] {logging_mixin.py:190} INFO - [2024-09-10T18:27:13.831+0000] {dag.py:4156} INFO - Setting next_dagrun for simple_example_dag to 2024-09-10 00:00:00+00:00, run_after=2024-09-11 00:00:00+00:00
[2024-09-10T18:27:13.874+0000] {processor.py:208} INFO - Processing /opt/airflow/dags/first_dag.py took 0.220 seconds
[2024-09-10T18:27:44.347+0000] {processor.py:186} INFO - Started process (PID=349) to work on /opt/airflow/dags/first_dag.py
[2024-09-10T18:27:44.349+0000] {processor.py:914} INFO - Processing file /opt/airflow/dags/first_dag.py for tasks to queue
[2024-09-10T18:27:44.356+0000] {logging_mixin.py:190} INFO - [2024-09-10T18:27:44.355+0000] {dagbag.py:587} INFO - Filling up the DagBag from /opt/airflow/dags/first_dag.py
[2024-09-10T18:27:44.413+0000] {processor.py:925} INFO - DAG(s) 'simple_example_dag' retrieved from /opt/airflow/dags/first_dag.py
[2024-09-10T18:27:44.484+0000] {logging_mixin.py:190} INFO - [2024-09-10T18:27:44.483+0000] {dag.py:3229} INFO - Sync 1 DAGs
[2024-09-10T18:27:44.551+0000] {logging_mixin.py:190} INFO - [2024-09-10T18:27:44.550+0000] {dag.py:4156} INFO - Setting next_dagrun for simple_example_dag to 2024-09-10 00:00:00+00:00, run_after=2024-09-11 00:00:00+00:00
[2024-09-10T18:27:44.607+0000] {processor.py:208} INFO - Processing /opt/airflow/dags/first_dag.py took 0.274 seconds
