[2024-09-10T17:17:15.593+0000] {processor.py:186} INFO - Started process (PID=65) to work on /opt/airflow/dags/simple_dag.py
[2024-09-10T17:17:15.603+0000] {processor.py:914} INFO - Processing file /opt/airflow/dags/simple_dag.py for tasks to queue
[2024-09-10T17:17:15.629+0000] {logging_mixin.py:190} INFO - [2024-09-10T17:17:15.628+0000] {dagbag.py:587} INFO - Filling up the DagBag from /opt/airflow/dags/simple_dag.py
[2024-09-10T17:17:15.666+0000] {logging_mixin.py:190} INFO - [2024-09-10T17:17:15.660+0000] {dagbag.py:386} ERROR - Failed to import: /opt/airflow/dags/simple_dag.py
Traceback (most recent call last):
  File "/home/airflow/.local/lib/python3.12/site-packages/airflow/models/dagbag.py", line 382, in parse
    loader.exec_module(new_module)
  File "<frozen importlib._bootstrap_external>", line 991, in exec_module
  File "<frozen importlib._bootstrap_external>", line 1129, in get_code
  File "<frozen importlib._bootstrap_external>", line 1059, in source_to_code
  File "<frozen importlib._bootstrap>", line 488, in _call_with_frames_removed
  File "/opt/airflow/dags/simple_dag.py", line 31
    print(f'Минимальное значение - {max_min_dict['min']},
          ^
SyntaxError: unterminated f-string literal (detected at line 31)
[2024-09-10T17:17:15.669+0000] {processor.py:927} WARNING - No viable dags retrieved from /opt/airflow/dags/simple_dag.py
[2024-09-10T17:17:15.781+0000] {processor.py:208} INFO - Processing /opt/airflow/dags/simple_dag.py took 0.233 seconds
[2024-09-10T17:17:46.556+0000] {processor.py:186} INFO - Started process (PID=73) to work on /opt/airflow/dags/simple_dag.py
[2024-09-10T17:17:46.557+0000] {processor.py:914} INFO - Processing file /opt/airflow/dags/simple_dag.py for tasks to queue
[2024-09-10T17:17:46.603+0000] {logging_mixin.py:190} INFO - [2024-09-10T17:17:46.600+0000] {dagbag.py:587} INFO - Filling up the DagBag from /opt/airflow/dags/simple_dag.py
[2024-09-10T17:17:46.705+0000] {logging_mixin.py:190} INFO - [2024-09-10T17:17:46.695+0000] {dagbag.py:386} ERROR - Failed to import: /opt/airflow/dags/simple_dag.py
Traceback (most recent call last):
  File "/home/airflow/.local/lib/python3.12/site-packages/airflow/models/dagbag.py", line 382, in parse
    loader.exec_module(new_module)
  File "<frozen importlib._bootstrap_external>", line 991, in exec_module
  File "<frozen importlib._bootstrap_external>", line 1129, in get_code
  File "<frozen importlib._bootstrap_external>", line 1059, in source_to_code
  File "<frozen importlib._bootstrap>", line 488, in _call_with_frames_removed
  File "/opt/airflow/dags/simple_dag.py", line 31
    print(f'Минимальное значение - {max_min_dict['min']},
          ^
SyntaxError: unterminated f-string literal (detected at line 31)
[2024-09-10T17:17:46.710+0000] {processor.py:927} WARNING - No viable dags retrieved from /opt/airflow/dags/simple_dag.py
[2024-09-10T17:17:46.802+0000] {processor.py:208} INFO - Processing /opt/airflow/dags/simple_dag.py took 0.265 seconds
[2024-09-10T17:18:16.976+0000] {processor.py:186} INFO - Started process (PID=81) to work on /opt/airflow/dags/simple_dag.py
[2024-09-10T17:18:16.980+0000] {processor.py:914} INFO - Processing file /opt/airflow/dags/simple_dag.py for tasks to queue
[2024-09-10T17:18:16.991+0000] {logging_mixin.py:190} INFO - [2024-09-10T17:18:16.989+0000] {dagbag.py:587} INFO - Filling up the DagBag from /opt/airflow/dags/simple_dag.py
[2024-09-10T17:18:17.027+0000] {logging_mixin.py:190} INFO - [2024-09-10T17:18:17.024+0000] {dagbag.py:386} ERROR - Failed to import: /opt/airflow/dags/simple_dag.py
Traceback (most recent call last):
  File "/home/airflow/.local/lib/python3.12/site-packages/airflow/models/dagbag.py", line 382, in parse
    loader.exec_module(new_module)
  File "<frozen importlib._bootstrap_external>", line 991, in exec_module
  File "<frozen importlib._bootstrap_external>", line 1129, in get_code
  File "<frozen importlib._bootstrap_external>", line 1059, in source_to_code
  File "<frozen importlib._bootstrap>", line 488, in _call_with_frames_removed
  File "/opt/airflow/dags/simple_dag.py", line 31
    print(f'Минимальное значение - {max_min_dict['min']},
          ^
SyntaxError: unterminated f-string literal (detected at line 31)
[2024-09-10T17:18:17.033+0000] {processor.py:927} WARNING - No viable dags retrieved from /opt/airflow/dags/simple_dag.py
[2024-09-10T17:18:17.084+0000] {processor.py:208} INFO - Processing /opt/airflow/dags/simple_dag.py took 0.122 seconds
[2024-09-10T17:18:47.757+0000] {processor.py:186} INFO - Started process (PID=89) to work on /opt/airflow/dags/simple_dag.py
[2024-09-10T17:18:47.759+0000] {processor.py:914} INFO - Processing file /opt/airflow/dags/simple_dag.py for tasks to queue
[2024-09-10T17:18:47.763+0000] {logging_mixin.py:190} INFO - [2024-09-10T17:18:47.762+0000] {dagbag.py:587} INFO - Filling up the DagBag from /opt/airflow/dags/simple_dag.py
[2024-09-10T17:18:47.784+0000] {logging_mixin.py:190} INFO - [2024-09-10T17:18:47.782+0000] {dagbag.py:386} ERROR - Failed to import: /opt/airflow/dags/simple_dag.py
Traceback (most recent call last):
  File "/home/airflow/.local/lib/python3.12/site-packages/airflow/models/dagbag.py", line 382, in parse
    loader.exec_module(new_module)
  File "<frozen importlib._bootstrap_external>", line 991, in exec_module
  File "<frozen importlib._bootstrap_external>", line 1129, in get_code
  File "<frozen importlib._bootstrap_external>", line 1059, in source_to_code
  File "<frozen importlib._bootstrap>", line 488, in _call_with_frames_removed
  File "/opt/airflow/dags/simple_dag.py", line 31
    print(f'Минимальное значение - {max_min_dict['min']},
          ^
SyntaxError: unterminated f-string literal (detected at line 31)
[2024-09-10T17:18:47.785+0000] {processor.py:927} WARNING - No viable dags retrieved from /opt/airflow/dags/simple_dag.py
[2024-09-10T17:18:47.821+0000] {processor.py:208} INFO - Processing /opt/airflow/dags/simple_dag.py took 0.076 seconds
[2024-09-10T17:18:50.103+0000] {processor.py:186} INFO - Started process (PID=91) to work on /opt/airflow/dags/simple_dag.py
[2024-09-10T17:18:50.104+0000] {processor.py:914} INFO - Processing file /opt/airflow/dags/simple_dag.py for tasks to queue
[2024-09-10T17:18:50.109+0000] {logging_mixin.py:190} INFO - [2024-09-10T17:18:50.108+0000] {dagbag.py:587} INFO - Filling up the DagBag from /opt/airflow/dags/simple_dag.py
[2024-09-10T17:18:50.131+0000] {logging_mixin.py:190} INFO - [2024-09-10T17:18:50.129+0000] {dagbag.py:386} ERROR - Failed to import: /opt/airflow/dags/simple_dag.py
Traceback (most recent call last):
  File "/home/airflow/.local/lib/python3.12/site-packages/airflow/models/dagbag.py", line 382, in parse
    loader.exec_module(new_module)
  File "<frozen importlib._bootstrap_external>", line 991, in exec_module
  File "<frozen importlib._bootstrap_external>", line 1129, in get_code
  File "<frozen importlib._bootstrap_external>", line 1059, in source_to_code
  File "<frozen importlib._bootstrap>", line 488, in _call_with_frames_removed
  File "/opt/airflow/dags/simple_dag.py", line 31
    print(f"Минимальное значение - {max_min_dict['min']},
          ^
SyntaxError: unterminated f-string literal (detected at line 31)
[2024-09-10T17:18:50.133+0000] {processor.py:927} WARNING - No viable dags retrieved from /opt/airflow/dags/simple_dag.py
[2024-09-10T17:18:50.207+0000] {processor.py:208} INFO - Processing /opt/airflow/dags/simple_dag.py took 0.119 seconds
[2024-09-10T17:19:19.910+0000] {processor.py:186} INFO - Started process (PID=99) to work on /opt/airflow/dags/simple_dag.py
[2024-09-10T17:19:19.912+0000] {processor.py:914} INFO - Processing file /opt/airflow/dags/simple_dag.py for tasks to queue
[2024-09-10T17:19:19.918+0000] {logging_mixin.py:190} INFO - [2024-09-10T17:19:19.917+0000] {dagbag.py:587} INFO - Filling up the DagBag from /opt/airflow/dags/simple_dag.py
[2024-09-10T17:19:20.019+0000] {processor.py:925} INFO - DAG(s) 'max_min_dag' retrieved from /opt/airflow/dags/simple_dag.py
[2024-09-10T17:19:24.043+0000] {logging_mixin.py:190} INFO - [2024-09-10T17:19:24.042+0000] {override.py:1900} INFO - Created Permission View: can delete on DAG:max_min_dag
[2024-09-10T17:19:24.064+0000] {logging_mixin.py:190} INFO - [2024-09-10T17:19:24.063+0000] {override.py:1900} INFO - Created Permission View: can read on DAG:max_min_dag
[2024-09-10T17:19:24.078+0000] {logging_mixin.py:190} INFO - [2024-09-10T17:19:24.078+0000] {override.py:1900} INFO - Created Permission View: can edit on DAG:max_min_dag
[2024-09-10T17:19:24.099+0000] {logging_mixin.py:190} INFO - [2024-09-10T17:19:24.098+0000] {override.py:1900} INFO - Created Permission View: can create on DAG Run:max_min_dag
[2024-09-10T17:19:24.117+0000] {logging_mixin.py:190} INFO - [2024-09-10T17:19:24.117+0000] {override.py:1900} INFO - Created Permission View: can delete on DAG Run:max_min_dag
[2024-09-10T17:19:24.138+0000] {logging_mixin.py:190} INFO - [2024-09-10T17:19:24.137+0000] {override.py:1900} INFO - Created Permission View: menu access on DAG Run:max_min_dag
[2024-09-10T17:19:24.159+0000] {logging_mixin.py:190} INFO - [2024-09-10T17:19:24.158+0000] {override.py:1900} INFO - Created Permission View: can read on DAG Run:max_min_dag
[2024-09-10T17:19:24.160+0000] {logging_mixin.py:190} INFO - [2024-09-10T17:19:24.160+0000] {dag.py:3229} INFO - Sync 1 DAGs
[2024-09-10T17:19:24.192+0000] {logging_mixin.py:190} INFO - [2024-09-10T17:19:24.191+0000] {dag.py:3252} INFO - Creating ORM DAG for max_min_dag
[2024-09-10T17:19:24.213+0000] {logging_mixin.py:190} INFO - [2024-09-10T17:19:24.212+0000] {dag.py:4156} INFO - Setting next_dagrun for max_min_dag to 2024-09-09 00:00:00+00:00, run_after=2024-09-10 00:00:00+00:00
[2024-09-10T17:19:24.252+0000] {processor.py:208} INFO - Processing /opt/airflow/dags/simple_dag.py took 4.358 seconds
[2024-09-10T17:19:38.400+0000] {processor.py:186} INFO - Started process (PID=108) to work on /opt/airflow/dags/simple_dag.py
[2024-09-10T17:19:38.405+0000] {processor.py:914} INFO - Processing file /opt/airflow/dags/simple_dag.py for tasks to queue
[2024-09-10T17:19:38.416+0000] {logging_mixin.py:190} INFO - [2024-09-10T17:19:38.415+0000] {dagbag.py:587} INFO - Filling up the DagBag from /opt/airflow/dags/simple_dag.py
[2024-09-10T17:19:38.537+0000] {processor.py:925} INFO - DAG(s) 'max_min_dag' retrieved from /opt/airflow/dags/simple_dag.py
[2024-09-10T17:19:38.577+0000] {logging_mixin.py:190} INFO - [2024-09-10T17:19:38.576+0000] {dag.py:3229} INFO - Sync 1 DAGs
[2024-09-10T17:19:38.669+0000] {logging_mixin.py:190} INFO - [2024-09-10T17:19:38.668+0000] {dag.py:4156} INFO - Setting next_dagrun for max_min_dag to 2024-09-09 00:00:00+00:00, run_after=2024-09-10 00:00:00+00:00
[2024-09-10T17:19:39.698+0000] {processor.py:208} INFO - Processing /opt/airflow/dags/simple_dag.py took 1.315 seconds
[2024-09-10T17:20:09.980+0000] {processor.py:186} INFO - Started process (PID=116) to work on /opt/airflow/dags/simple_dag.py
[2024-09-10T17:20:09.984+0000] {processor.py:914} INFO - Processing file /opt/airflow/dags/simple_dag.py for tasks to queue
[2024-09-10T17:20:09.993+0000] {logging_mixin.py:190} INFO - [2024-09-10T17:20:09.992+0000] {dagbag.py:587} INFO - Filling up the DagBag from /opt/airflow/dags/simple_dag.py
[2024-09-10T17:20:10.069+0000] {processor.py:925} INFO - DAG(s) 'max_min_dag' retrieved from /opt/airflow/dags/simple_dag.py
[2024-09-10T17:20:10.136+0000] {logging_mixin.py:190} INFO - [2024-09-10T17:20:10.136+0000] {dag.py:3229} INFO - Sync 1 DAGs
[2024-09-10T17:20:10.441+0000] {logging_mixin.py:190} INFO - [2024-09-10T17:20:10.440+0000] {dag.py:4156} INFO - Setting next_dagrun for max_min_dag to 2024-09-09 00:00:00+00:00, run_after=2024-09-10 00:00:00+00:00
[2024-09-10T17:20:10.476+0000] {processor.py:208} INFO - Processing /opt/airflow/dags/simple_dag.py took 0.514 seconds
[2024-09-10T17:20:21.534+0000] {processor.py:186} INFO - Started process (PID=117) to work on /opt/airflow/dags/simple_dag.py
[2024-09-10T17:20:21.537+0000] {processor.py:914} INFO - Processing file /opt/airflow/dags/simple_dag.py for tasks to queue
[2024-09-10T17:20:21.543+0000] {logging_mixin.py:190} INFO - [2024-09-10T17:20:21.542+0000] {dagbag.py:587} INFO - Filling up the DagBag from /opt/airflow/dags/simple_dag.py
[2024-09-10T17:20:21.657+0000] {processor.py:925} INFO - DAG(s) 'max_min_dag' retrieved from /opt/airflow/dags/simple_dag.py
[2024-09-10T17:20:22.811+0000] {logging_mixin.py:190} INFO - [2024-09-10T17:20:22.811+0000] {dag.py:3229} INFO - Sync 1 DAGs
[2024-09-10T17:20:22.846+0000] {logging_mixin.py:190} INFO - [2024-09-10T17:20:22.846+0000] {dag.py:4156} INFO - Setting next_dagrun for max_min_dag to 2024-09-09 00:00:00+00:00, run_after=2024-09-10 00:00:00+00:00
[2024-09-10T17:20:22.890+0000] {processor.py:208} INFO - Processing /opt/airflow/dags/simple_dag.py took 1.369 seconds
[2024-09-10T17:20:53.498+0000] {processor.py:186} INFO - Started process (PID=126) to work on /opt/airflow/dags/simple_dag.py
[2024-09-10T17:20:53.499+0000] {processor.py:914} INFO - Processing file /opt/airflow/dags/simple_dag.py for tasks to queue
[2024-09-10T17:20:53.505+0000] {logging_mixin.py:190} INFO - [2024-09-10T17:20:53.505+0000] {dagbag.py:587} INFO - Filling up the DagBag from /opt/airflow/dags/simple_dag.py
[2024-09-10T17:20:53.894+0000] {processor.py:925} INFO - DAG(s) 'max_min_dag' retrieved from /opt/airflow/dags/simple_dag.py
[2024-09-10T17:20:53.946+0000] {logging_mixin.py:190} INFO - [2024-09-10T17:20:53.945+0000] {dag.py:3229} INFO - Sync 1 DAGs
[2024-09-10T17:20:54.006+0000] {logging_mixin.py:190} INFO - [2024-09-10T17:20:54.005+0000] {dag.py:4156} INFO - Setting next_dagrun for max_min_dag to 2024-09-10 00:00:00+00:00, run_after=2024-09-11 00:00:00+00:00
[2024-09-10T17:20:54.048+0000] {processor.py:208} INFO - Processing /opt/airflow/dags/simple_dag.py took 0.560 seconds
[2024-09-10T17:21:24.922+0000] {processor.py:186} INFO - Started process (PID=134) to work on /opt/airflow/dags/simple_dag.py
[2024-09-10T17:21:24.924+0000] {processor.py:914} INFO - Processing file /opt/airflow/dags/simple_dag.py for tasks to queue
[2024-09-10T17:21:24.928+0000] {logging_mixin.py:190} INFO - [2024-09-10T17:21:24.927+0000] {dagbag.py:587} INFO - Filling up the DagBag from /opt/airflow/dags/simple_dag.py
[2024-09-10T17:21:24.961+0000] {processor.py:925} INFO - DAG(s) 'max_min_dag' retrieved from /opt/airflow/dags/simple_dag.py
[2024-09-10T17:21:25.019+0000] {logging_mixin.py:190} INFO - [2024-09-10T17:21:25.019+0000] {dag.py:3229} INFO - Sync 1 DAGs
[2024-09-10T17:21:25.064+0000] {logging_mixin.py:190} INFO - [2024-09-10T17:21:25.064+0000] {dag.py:4156} INFO - Setting next_dagrun for max_min_dag to 2024-09-10 00:00:00+00:00, run_after=2024-09-11 00:00:00+00:00
[2024-09-10T17:21:25.103+0000] {processor.py:208} INFO - Processing /opt/airflow/dags/simple_dag.py took 0.193 seconds
[2024-09-10T17:21:55.537+0000] {processor.py:186} INFO - Started process (PID=136) to work on /opt/airflow/dags/simple_dag.py
[2024-09-10T17:21:55.539+0000] {processor.py:914} INFO - Processing file /opt/airflow/dags/simple_dag.py for tasks to queue
[2024-09-10T17:21:55.548+0000] {logging_mixin.py:190} INFO - [2024-09-10T17:21:55.544+0000] {dagbag.py:587} INFO - Filling up the DagBag from /opt/airflow/dags/simple_dag.py
[2024-09-10T17:21:55.655+0000] {processor.py:925} INFO - DAG(s) 'max_min_dag' retrieved from /opt/airflow/dags/simple_dag.py
[2024-09-10T17:21:56.061+0000] {logging_mixin.py:190} INFO - [2024-09-10T17:21:56.060+0000] {dag.py:3229} INFO - Sync 1 DAGs
[2024-09-10T17:21:56.148+0000] {logging_mixin.py:190} INFO - [2024-09-10T17:21:56.147+0000] {dag.py:4156} INFO - Setting next_dagrun for max_min_dag to 2024-09-10 00:00:00+00:00, run_after=2024-09-11 00:00:00+00:00
[2024-09-10T17:21:56.269+0000] {processor.py:208} INFO - Processing /opt/airflow/dags/simple_dag.py took 0.747 seconds
[2024-09-10T17:22:26.460+0000] {processor.py:186} INFO - Started process (PID=144) to work on /opt/airflow/dags/simple_dag.py
[2024-09-10T17:22:26.462+0000] {processor.py:914} INFO - Processing file /opt/airflow/dags/simple_dag.py for tasks to queue
[2024-09-10T17:22:26.469+0000] {logging_mixin.py:190} INFO - [2024-09-10T17:22:26.468+0000] {dagbag.py:587} INFO - Filling up the DagBag from /opt/airflow/dags/simple_dag.py
[2024-09-10T17:22:26.526+0000] {processor.py:925} INFO - DAG(s) 'max_min_dag' retrieved from /opt/airflow/dags/simple_dag.py
[2024-09-10T17:22:26.628+0000] {logging_mixin.py:190} INFO - [2024-09-10T17:22:26.627+0000] {dag.py:3229} INFO - Sync 1 DAGs
[2024-09-10T17:22:26.718+0000] {logging_mixin.py:190} INFO - [2024-09-10T17:22:26.718+0000] {dag.py:4156} INFO - Setting next_dagrun for max_min_dag to 2024-09-10 00:00:00+00:00, run_after=2024-09-11 00:00:00+00:00
[2024-09-10T17:22:26.787+0000] {processor.py:208} INFO - Processing /opt/airflow/dags/simple_dag.py took 0.347 seconds
[2024-09-10T17:22:57.444+0000] {processor.py:186} INFO - Started process (PID=158) to work on /opt/airflow/dags/simple_dag.py
[2024-09-10T17:22:57.446+0000] {processor.py:914} INFO - Processing file /opt/airflow/dags/simple_dag.py for tasks to queue
[2024-09-10T17:22:57.450+0000] {logging_mixin.py:190} INFO - [2024-09-10T17:22:57.449+0000] {dagbag.py:587} INFO - Filling up the DagBag from /opt/airflow/dags/simple_dag.py
[2024-09-10T17:22:57.512+0000] {processor.py:925} INFO - DAG(s) 'max_min_dag' retrieved from /opt/airflow/dags/simple_dag.py
[2024-09-10T17:22:57.622+0000] {logging_mixin.py:190} INFO - [2024-09-10T17:22:57.621+0000] {dag.py:3229} INFO - Sync 1 DAGs
[2024-09-10T17:22:57.692+0000] {logging_mixin.py:190} INFO - [2024-09-10T17:22:57.692+0000] {dag.py:4156} INFO - Setting next_dagrun for max_min_dag to 2024-09-10 00:00:00+00:00, run_after=2024-09-11 00:00:00+00:00
[2024-09-10T17:22:57.736+0000] {processor.py:208} INFO - Processing /opt/airflow/dags/simple_dag.py took 0.302 seconds
[2024-09-10T17:23:28.421+0000] {processor.py:186} INFO - Started process (PID=166) to work on /opt/airflow/dags/simple_dag.py
[2024-09-10T17:23:28.424+0000] {processor.py:914} INFO - Processing file /opt/airflow/dags/simple_dag.py for tasks to queue
[2024-09-10T17:23:28.434+0000] {logging_mixin.py:190} INFO - [2024-09-10T17:23:28.429+0000] {dagbag.py:587} INFO - Filling up the DagBag from /opt/airflow/dags/simple_dag.py
[2024-09-10T17:23:28.510+0000] {processor.py:925} INFO - DAG(s) 'max_min_dag' retrieved from /opt/airflow/dags/simple_dag.py
[2024-09-10T17:23:29.236+0000] {logging_mixin.py:190} INFO - [2024-09-10T17:23:29.236+0000] {dag.py:3229} INFO - Sync 1 DAGs
[2024-09-10T17:23:29.285+0000] {logging_mixin.py:190} INFO - [2024-09-10T17:23:29.284+0000] {dag.py:4156} INFO - Setting next_dagrun for max_min_dag to 2024-09-10 00:00:00+00:00, run_after=2024-09-11 00:00:00+00:00
[2024-09-10T17:23:29.330+0000] {processor.py:208} INFO - Processing /opt/airflow/dags/simple_dag.py took 0.923 seconds
[2024-09-10T17:24:00.112+0000] {processor.py:186} INFO - Started process (PID=174) to work on /opt/airflow/dags/simple_dag.py
[2024-09-10T17:24:00.114+0000] {processor.py:914} INFO - Processing file /opt/airflow/dags/simple_dag.py for tasks to queue
[2024-09-10T17:24:00.123+0000] {logging_mixin.py:190} INFO - [2024-09-10T17:24:00.120+0000] {dagbag.py:587} INFO - Filling up the DagBag from /opt/airflow/dags/simple_dag.py
[2024-09-10T17:24:00.178+0000] {processor.py:925} INFO - DAG(s) 'max_min_dag' retrieved from /opt/airflow/dags/simple_dag.py
[2024-09-10T17:24:00.283+0000] {logging_mixin.py:190} INFO - [2024-09-10T17:24:00.282+0000] {dag.py:3229} INFO - Sync 1 DAGs
[2024-09-10T17:24:00.350+0000] {logging_mixin.py:190} INFO - [2024-09-10T17:24:00.349+0000] {dag.py:4156} INFO - Setting next_dagrun for max_min_dag to 2024-09-10 00:00:00+00:00, run_after=2024-09-11 00:00:00+00:00
[2024-09-10T17:24:00.397+0000] {processor.py:208} INFO - Processing /opt/airflow/dags/simple_dag.py took 0.301 seconds
[2024-09-10T17:24:31.001+0000] {processor.py:186} INFO - Started process (PID=182) to work on /opt/airflow/dags/simple_dag.py
[2024-09-10T17:24:31.003+0000] {processor.py:914} INFO - Processing file /opt/airflow/dags/simple_dag.py for tasks to queue
[2024-09-10T17:24:31.010+0000] {logging_mixin.py:190} INFO - [2024-09-10T17:24:31.009+0000] {dagbag.py:587} INFO - Filling up the DagBag from /opt/airflow/dags/simple_dag.py
[2024-09-10T17:24:31.054+0000] {processor.py:925} INFO - DAG(s) 'max_min_dag' retrieved from /opt/airflow/dags/simple_dag.py
[2024-09-10T17:24:31.190+0000] {logging_mixin.py:190} INFO - [2024-09-10T17:24:31.189+0000] {dag.py:3229} INFO - Sync 1 DAGs
[2024-09-10T17:24:31.258+0000] {logging_mixin.py:190} INFO - [2024-09-10T17:24:31.257+0000] {dag.py:4156} INFO - Setting next_dagrun for max_min_dag to 2024-09-10 00:00:00+00:00, run_after=2024-09-11 00:00:00+00:00
[2024-09-10T17:24:31.312+0000] {processor.py:208} INFO - Processing /opt/airflow/dags/simple_dag.py took 0.323 seconds
[2024-09-10T17:24:34.529+0000] {processor.py:186} INFO - Started process (PID=184) to work on /opt/airflow/dags/simple_dag.py
[2024-09-10T17:24:34.531+0000] {processor.py:914} INFO - Processing file /opt/airflow/dags/simple_dag.py for tasks to queue
[2024-09-10T17:24:34.536+0000] {logging_mixin.py:190} INFO - [2024-09-10T17:24:34.534+0000] {dagbag.py:587} INFO - Filling up the DagBag from /opt/airflow/dags/simple_dag.py
[2024-09-10T17:24:34.606+0000] {processor.py:925} INFO - DAG(s) 'max_min_dag' retrieved from /opt/airflow/dags/simple_dag.py
[2024-09-10T17:24:34.680+0000] {logging_mixin.py:190} INFO - [2024-09-10T17:24:34.680+0000] {dag.py:3229} INFO - Sync 1 DAGs
[2024-09-10T17:24:34.734+0000] {logging_mixin.py:190} INFO - [2024-09-10T17:24:34.734+0000] {dag.py:4156} INFO - Setting next_dagrun for max_min_dag to 2024-09-10 00:00:00+00:00, run_after=2024-09-11 00:00:00+00:00
[2024-09-10T17:24:34.781+0000] {processor.py:208} INFO - Processing /opt/airflow/dags/simple_dag.py took 0.265 seconds
[2024-09-10T17:25:05.365+0000] {processor.py:186} INFO - Started process (PID=192) to work on /opt/airflow/dags/simple_dag.py
[2024-09-10T17:25:05.368+0000] {processor.py:914} INFO - Processing file /opt/airflow/dags/simple_dag.py for tasks to queue
[2024-09-10T17:25:05.376+0000] {logging_mixin.py:190} INFO - [2024-09-10T17:25:05.375+0000] {dagbag.py:587} INFO - Filling up the DagBag from /opt/airflow/dags/simple_dag.py
[2024-09-10T17:25:05.463+0000] {processor.py:925} INFO - DAG(s) 'max_min_dag' retrieved from /opt/airflow/dags/simple_dag.py
[2024-09-10T17:25:05.512+0000] {logging_mixin.py:190} INFO - [2024-09-10T17:25:05.511+0000] {dag.py:3229} INFO - Sync 1 DAGs
[2024-09-10T17:25:05.577+0000] {logging_mixin.py:190} INFO - [2024-09-10T17:25:05.576+0000] {dag.py:4156} INFO - Setting next_dagrun for max_min_dag to 2024-09-10 00:00:00+00:00, run_after=2024-09-11 00:00:00+00:00
[2024-09-10T17:25:05.650+0000] {processor.py:208} INFO - Processing /opt/airflow/dags/simple_dag.py took 0.307 seconds
[2024-09-10T17:25:36.306+0000] {processor.py:186} INFO - Started process (PID=201) to work on /opt/airflow/dags/simple_dag.py
[2024-09-10T17:25:36.308+0000] {processor.py:914} INFO - Processing file /opt/airflow/dags/simple_dag.py for tasks to queue
[2024-09-10T17:25:36.316+0000] {logging_mixin.py:190} INFO - [2024-09-10T17:25:36.315+0000] {dagbag.py:587} INFO - Filling up the DagBag from /opt/airflow/dags/simple_dag.py
[2024-09-10T17:25:36.346+0000] {processor.py:925} INFO - DAG(s) 'max_min_dag' retrieved from /opt/airflow/dags/simple_dag.py
[2024-09-10T17:25:36.404+0000] {logging_mixin.py:190} INFO - [2024-09-10T17:25:36.403+0000] {dag.py:3229} INFO - Sync 1 DAGs
[2024-09-10T17:25:36.476+0000] {logging_mixin.py:190} INFO - [2024-09-10T17:25:36.476+0000] {dag.py:4156} INFO - Setting next_dagrun for max_min_dag to 2024-09-10 00:00:00+00:00, run_after=2024-09-11 00:00:00+00:00
[2024-09-10T17:25:36.530+0000] {processor.py:208} INFO - Processing /opt/airflow/dags/simple_dag.py took 0.243 seconds
[2024-09-10T17:26:07.214+0000] {processor.py:186} INFO - Started process (PID=209) to work on /opt/airflow/dags/simple_dag.py
[2024-09-10T17:26:07.219+0000] {processor.py:914} INFO - Processing file /opt/airflow/dags/simple_dag.py for tasks to queue
[2024-09-10T17:26:07.229+0000] {logging_mixin.py:190} INFO - [2024-09-10T17:26:07.228+0000] {dagbag.py:587} INFO - Filling up the DagBag from /opt/airflow/dags/simple_dag.py
[2024-09-10T17:26:07.292+0000] {processor.py:925} INFO - DAG(s) 'max_min_dag' retrieved from /opt/airflow/dags/simple_dag.py
[2024-09-10T17:26:07.413+0000] {logging_mixin.py:190} INFO - [2024-09-10T17:26:07.412+0000] {dag.py:3229} INFO - Sync 1 DAGs
[2024-09-10T17:26:07.515+0000] {logging_mixin.py:190} INFO - [2024-09-10T17:26:07.514+0000] {dag.py:4156} INFO - Setting next_dagrun for max_min_dag to 2024-09-10 00:00:00+00:00, run_after=2024-09-11 00:00:00+00:00
[2024-09-10T17:26:07.583+0000] {processor.py:208} INFO - Processing /opt/airflow/dags/simple_dag.py took 0.391 seconds
[2024-09-10T17:26:38.277+0000] {processor.py:186} INFO - Started process (PID=217) to work on /opt/airflow/dags/simple_dag.py
[2024-09-10T17:26:38.281+0000] {processor.py:914} INFO - Processing file /opt/airflow/dags/simple_dag.py for tasks to queue
[2024-09-10T17:26:38.289+0000] {logging_mixin.py:190} INFO - [2024-09-10T17:26:38.287+0000] {dagbag.py:587} INFO - Filling up the DagBag from /opt/airflow/dags/simple_dag.py
[2024-09-10T17:26:38.368+0000] {processor.py:925} INFO - DAG(s) 'max_min_dag' retrieved from /opt/airflow/dags/simple_dag.py
[2024-09-10T17:26:38.730+0000] {logging_mixin.py:190} INFO - [2024-09-10T17:26:38.725+0000] {dag.py:3229} INFO - Sync 1 DAGs
[2024-09-10T17:26:38.787+0000] {logging_mixin.py:190} INFO - [2024-09-10T17:26:38.786+0000] {dag.py:4156} INFO - Setting next_dagrun for max_min_dag to 2024-09-10 00:00:00+00:00, run_after=2024-09-11 00:00:00+00:00
[2024-09-10T17:26:38.830+0000] {processor.py:208} INFO - Processing /opt/airflow/dags/simple_dag.py took 0.575 seconds
[2024-09-10T17:27:09.474+0000] {processor.py:186} INFO - Started process (PID=225) to work on /opt/airflow/dags/simple_dag.py
[2024-09-10T17:27:09.477+0000] {processor.py:914} INFO - Processing file /opt/airflow/dags/simple_dag.py for tasks to queue
[2024-09-10T17:27:09.481+0000] {logging_mixin.py:190} INFO - [2024-09-10T17:27:09.480+0000] {dagbag.py:587} INFO - Filling up the DagBag from /opt/airflow/dags/simple_dag.py
[2024-09-10T17:27:09.517+0000] {processor.py:925} INFO - DAG(s) 'max_min_dag' retrieved from /opt/airflow/dags/simple_dag.py
[2024-09-10T17:27:09.568+0000] {logging_mixin.py:190} INFO - [2024-09-10T17:27:09.568+0000] {dag.py:3229} INFO - Sync 1 DAGs
[2024-09-10T17:27:09.612+0000] {logging_mixin.py:190} INFO - [2024-09-10T17:27:09.611+0000] {dag.py:4156} INFO - Setting next_dagrun for max_min_dag to 2024-09-10 00:00:00+00:00, run_after=2024-09-11 00:00:00+00:00
[2024-09-10T17:27:09.665+0000] {processor.py:208} INFO - Processing /opt/airflow/dags/simple_dag.py took 0.202 seconds
[2024-09-10T17:27:39.946+0000] {processor.py:186} INFO - Started process (PID=234) to work on /opt/airflow/dags/simple_dag.py
[2024-09-10T17:27:39.949+0000] {processor.py:914} INFO - Processing file /opt/airflow/dags/simple_dag.py for tasks to queue
[2024-09-10T17:27:39.960+0000] {logging_mixin.py:190} INFO - [2024-09-10T17:27:39.959+0000] {dagbag.py:587} INFO - Filling up the DagBag from /opt/airflow/dags/simple_dag.py
[2024-09-10T17:27:40.055+0000] {processor.py:925} INFO - DAG(s) 'max_min_dag' retrieved from /opt/airflow/dags/simple_dag.py
[2024-09-10T17:27:40.130+0000] {logging_mixin.py:190} INFO - [2024-09-10T17:27:40.130+0000] {dag.py:3229} INFO - Sync 1 DAGs
[2024-09-10T17:27:40.175+0000] {logging_mixin.py:190} INFO - [2024-09-10T17:27:40.175+0000] {dag.py:4156} INFO - Setting next_dagrun for max_min_dag to 2024-09-10 00:00:00+00:00, run_after=2024-09-11 00:00:00+00:00
[2024-09-10T17:27:40.209+0000] {processor.py:208} INFO - Processing /opt/airflow/dags/simple_dag.py took 0.286 seconds
[2024-09-10T17:30:07.882+0000] {processor.py:186} INFO - Started process (PID=67) to work on /opt/airflow/dags/simple_dag.py
[2024-09-10T17:30:07.885+0000] {processor.py:914} INFO - Processing file /opt/airflow/dags/simple_dag.py for tasks to queue
[2024-09-10T17:30:07.895+0000] {logging_mixin.py:190} INFO - [2024-09-10T17:30:07.893+0000] {dagbag.py:587} INFO - Filling up the DagBag from /opt/airflow/dags/simple_dag.py
[2024-09-10T17:30:07.982+0000] {processor.py:925} INFO - DAG(s) 'max_min_dag' retrieved from /opt/airflow/dags/simple_dag.py
[2024-09-10T17:30:08.090+0000] {logging_mixin.py:190} INFO - [2024-09-10T17:30:08.089+0000] {dag.py:3229} INFO - Sync 1 DAGs
[2024-09-10T17:30:08.192+0000] {logging_mixin.py:190} INFO - [2024-09-10T17:30:08.191+0000] {dag.py:4156} INFO - Setting next_dagrun for max_min_dag to 2024-09-10 00:00:00+00:00, run_after=2024-09-11 00:00:00+00:00
[2024-09-10T17:30:08.249+0000] {processor.py:208} INFO - Processing /opt/airflow/dags/simple_dag.py took 0.391 seconds
[2024-09-10T17:31:04.900+0000] {processor.py:186} INFO - Started process (PID=60) to work on /opt/airflow/dags/simple_dag.py
[2024-09-10T17:31:04.903+0000] {processor.py:914} INFO - Processing file /opt/airflow/dags/simple_dag.py for tasks to queue
[2024-09-10T17:31:04.910+0000] {logging_mixin.py:190} INFO - [2024-09-10T17:31:04.909+0000] {dagbag.py:587} INFO - Filling up the DagBag from /opt/airflow/dags/simple_dag.py
[2024-09-10T17:31:04.966+0000] {processor.py:925} INFO - DAG(s) 'max_min_dag' retrieved from /opt/airflow/dags/simple_dag.py
[2024-09-10T17:31:05.087+0000] {logging_mixin.py:190} INFO - [2024-09-10T17:31:05.086+0000] {dag.py:3229} INFO - Sync 1 DAGs
[2024-09-10T17:31:05.185+0000] {logging_mixin.py:190} INFO - [2024-09-10T17:31:05.184+0000] {dag.py:4156} INFO - Setting next_dagrun for max_min_dag to 2024-09-10 00:00:00+00:00, run_after=2024-09-11 00:00:00+00:00
[2024-09-10T17:31:05.240+0000] {processor.py:208} INFO - Processing /opt/airflow/dags/simple_dag.py took 0.351 seconds
[2024-09-10T17:31:23.719+0000] {processor.py:186} INFO - Started process (PID=68) to work on /opt/airflow/dags/simple_dag.py
[2024-09-10T17:31:23.723+0000] {processor.py:914} INFO - Processing file /opt/airflow/dags/simple_dag.py for tasks to queue
[2024-09-10T17:31:24.043+0000] {logging_mixin.py:190} INFO - [2024-09-10T17:31:24.042+0000] {dagbag.py:587} INFO - Filling up the DagBag from /opt/airflow/dags/simple_dag.py
[2024-09-10T17:31:24.391+0000] {processor.py:925} INFO - DAG(s) 'max_min_dag' retrieved from /opt/airflow/dags/simple_dag.py
[2024-09-10T17:31:24.511+0000] {logging_mixin.py:190} INFO - [2024-09-10T17:31:24.511+0000] {dag.py:3229} INFO - Sync 1 DAGs
[2024-09-10T17:31:24.589+0000] {logging_mixin.py:190} INFO - [2024-09-10T17:31:24.588+0000] {dag.py:4156} INFO - Setting next_dagrun for max_min_dag to 2024-09-10 00:00:00+00:00, run_after=2024-09-11 00:00:00+00:00
[2024-09-10T17:31:24.658+0000] {processor.py:208} INFO - Processing /opt/airflow/dags/simple_dag.py took 0.960 seconds
[2024-09-10T17:31:55.377+0000] {processor.py:186} INFO - Started process (PID=76) to work on /opt/airflow/dags/simple_dag.py
[2024-09-10T17:31:55.380+0000] {processor.py:914} INFO - Processing file /opt/airflow/dags/simple_dag.py for tasks to queue
[2024-09-10T17:31:55.387+0000] {logging_mixin.py:190} INFO - [2024-09-10T17:31:55.386+0000] {dagbag.py:587} INFO - Filling up the DagBag from /opt/airflow/dags/simple_dag.py
[2024-09-10T17:31:55.429+0000] {processor.py:925} INFO - DAG(s) 'max_min_dag' retrieved from /opt/airflow/dags/simple_dag.py
[2024-09-10T17:31:55.502+0000] {logging_mixin.py:190} INFO - [2024-09-10T17:31:55.501+0000] {dag.py:3229} INFO - Sync 1 DAGs
[2024-09-10T17:31:55.559+0000] {logging_mixin.py:190} INFO - [2024-09-10T17:31:55.558+0000] {dag.py:4156} INFO - Setting next_dagrun for max_min_dag to 2024-09-10 00:00:00+00:00, run_after=2024-09-11 00:00:00+00:00
[2024-09-10T17:31:55.596+0000] {processor.py:208} INFO - Processing /opt/airflow/dags/simple_dag.py took 0.238 seconds
[2024-09-10T17:32:26.207+0000] {processor.py:186} INFO - Started process (PID=84) to work on /opt/airflow/dags/simple_dag.py
[2024-09-10T17:32:26.209+0000] {processor.py:914} INFO - Processing file /opt/airflow/dags/simple_dag.py for tasks to queue
[2024-09-10T17:32:26.213+0000] {logging_mixin.py:190} INFO - [2024-09-10T17:32:26.212+0000] {dagbag.py:587} INFO - Filling up the DagBag from /opt/airflow/dags/simple_dag.py
[2024-09-10T17:32:26.249+0000] {processor.py:925} INFO - DAG(s) 'max_min_dag' retrieved from /opt/airflow/dags/simple_dag.py
[2024-09-10T17:32:26.303+0000] {logging_mixin.py:190} INFO - [2024-09-10T17:32:26.302+0000] {dag.py:3229} INFO - Sync 1 DAGs
[2024-09-10T17:32:26.389+0000] {logging_mixin.py:190} INFO - [2024-09-10T17:32:26.388+0000] {dag.py:4156} INFO - Setting next_dagrun for max_min_dag to 2024-09-10 00:00:00+00:00, run_after=2024-09-11 00:00:00+00:00
[2024-09-10T17:32:26.425+0000] {processor.py:208} INFO - Processing /opt/airflow/dags/simple_dag.py took 0.228 seconds
[2024-09-10T17:32:57.068+0000] {processor.py:186} INFO - Started process (PID=92) to work on /opt/airflow/dags/simple_dag.py
[2024-09-10T17:32:57.070+0000] {processor.py:914} INFO - Processing file /opt/airflow/dags/simple_dag.py for tasks to queue
[2024-09-10T17:32:57.075+0000] {logging_mixin.py:190} INFO - [2024-09-10T17:32:57.075+0000] {dagbag.py:587} INFO - Filling up the DagBag from /opt/airflow/dags/simple_dag.py
[2024-09-10T17:32:57.109+0000] {processor.py:925} INFO - DAG(s) 'max_min_dag' retrieved from /opt/airflow/dags/simple_dag.py
[2024-09-10T17:32:57.164+0000] {logging_mixin.py:190} INFO - [2024-09-10T17:32:57.163+0000] {dag.py:3229} INFO - Sync 1 DAGs
[2024-09-10T17:32:57.215+0000] {logging_mixin.py:190} INFO - [2024-09-10T17:32:57.215+0000] {dag.py:4156} INFO - Setting next_dagrun for max_min_dag to 2024-09-10 00:00:00+00:00, run_after=2024-09-11 00:00:00+00:00
[2024-09-10T17:32:58.160+0000] {processor.py:208} INFO - Processing /opt/airflow/dags/simple_dag.py took 1.101 seconds
[2024-09-10T17:33:13.024+0000] {processor.py:186} INFO - Started process (PID=100) to work on /opt/airflow/dags/simple_dag.py
[2024-09-10T17:33:13.027+0000] {processor.py:914} INFO - Processing file /opt/airflow/dags/simple_dag.py for tasks to queue
[2024-09-10T17:33:13.037+0000] {logging_mixin.py:190} INFO - [2024-09-10T17:33:13.036+0000] {dagbag.py:587} INFO - Filling up the DagBag from /opt/airflow/dags/simple_dag.py
[2024-09-10T17:33:13.143+0000] {processor.py:925} INFO - DAG(s) 'max_min_dag' retrieved from /opt/airflow/dags/simple_dag.py
[2024-09-10T17:33:13.193+0000] {logging_mixin.py:190} INFO - [2024-09-10T17:33:13.192+0000] {dag.py:3229} INFO - Sync 1 DAGs
[2024-09-10T17:33:13.273+0000] {logging_mixin.py:190} INFO - [2024-09-10T17:33:13.272+0000] {dag.py:4156} INFO - Setting next_dagrun for max_min_dag to 2024-09-10 00:00:00+00:00, run_after=2024-09-11 00:00:00+00:00
[2024-09-10T17:33:13.562+0000] {processor.py:208} INFO - Processing /opt/airflow/dags/simple_dag.py took 0.558 seconds
[2024-09-10T17:33:43.853+0000] {processor.py:186} INFO - Started process (PID=108) to work on /opt/airflow/dags/simple_dag.py
[2024-09-10T17:33:43.857+0000] {processor.py:914} INFO - Processing file /opt/airflow/dags/simple_dag.py for tasks to queue
[2024-09-10T17:33:43.866+0000] {logging_mixin.py:190} INFO - [2024-09-10T17:33:43.864+0000] {dagbag.py:587} INFO - Filling up the DagBag from /opt/airflow/dags/simple_dag.py
[2024-09-10T17:33:43.939+0000] {processor.py:925} INFO - DAG(s) 'max_min_dag' retrieved from /opt/airflow/dags/simple_dag.py
[2024-09-10T17:33:44.017+0000] {logging_mixin.py:190} INFO - [2024-09-10T17:33:44.016+0000] {dag.py:3229} INFO - Sync 1 DAGs
[2024-09-10T17:33:44.439+0000] {logging_mixin.py:190} INFO - [2024-09-10T17:33:44.437+0000] {dag.py:4156} INFO - Setting next_dagrun for max_min_dag to 2024-09-10 00:00:00+00:00, run_after=2024-09-11 00:00:00+00:00
[2024-09-10T17:33:44.512+0000] {processor.py:208} INFO - Processing /opt/airflow/dags/simple_dag.py took 0.676 seconds
[2024-09-10T17:34:15.151+0000] {processor.py:186} INFO - Started process (PID=116) to work on /opt/airflow/dags/simple_dag.py
[2024-09-10T17:34:15.152+0000] {processor.py:914} INFO - Processing file /opt/airflow/dags/simple_dag.py for tasks to queue
[2024-09-10T17:34:15.157+0000] {logging_mixin.py:190} INFO - [2024-09-10T17:34:15.156+0000] {dagbag.py:587} INFO - Filling up the DagBag from /opt/airflow/dags/simple_dag.py
[2024-09-10T17:34:15.195+0000] {processor.py:925} INFO - DAG(s) 'max_min_dag' retrieved from /opt/airflow/dags/simple_dag.py
[2024-09-10T17:34:15.474+0000] {logging_mixin.py:190} INFO - [2024-09-10T17:34:15.474+0000] {dag.py:3229} INFO - Sync 1 DAGs
[2024-09-10T17:34:15.520+0000] {logging_mixin.py:190} INFO - [2024-09-10T17:34:15.520+0000] {dag.py:4156} INFO - Setting next_dagrun for max_min_dag to 2024-09-10 00:00:00+00:00, run_after=2024-09-11 00:00:00+00:00
[2024-09-10T17:34:15.558+0000] {processor.py:208} INFO - Processing /opt/airflow/dags/simple_dag.py took 0.415 seconds
[2024-09-10T18:11:08.626+0000] {processor.py:186} INFO - Started process (PID=124) to work on /opt/airflow/dags/simple_dag.py
[2024-09-10T18:11:08.631+0000] {processor.py:914} INFO - Processing file /opt/airflow/dags/simple_dag.py for tasks to queue
[2024-09-10T18:11:08.648+0000] {logging_mixin.py:190} INFO - [2024-09-10T18:11:08.646+0000] {dagbag.py:587} INFO - Filling up the DagBag from /opt/airflow/dags/simple_dag.py
[2024-09-10T18:11:10.024+0000] {processor.py:925} INFO - DAG(s) 'max_min_dag' retrieved from /opt/airflow/dags/simple_dag.py
[2024-09-10T18:11:10.227+0000] {logging_mixin.py:190} INFO - [2024-09-10T18:11:10.217+0000] {dag.py:3229} INFO - Sync 1 DAGs
[2024-09-10T18:11:10.606+0000] {logging_mixin.py:190} INFO - [2024-09-10T18:11:10.604+0000] {dag.py:4156} INFO - Setting next_dagrun for max_min_dag to 2024-09-10 00:00:00+00:00, run_after=2024-09-11 00:00:00+00:00
[2024-09-10T18:11:10.991+0000] {processor.py:208} INFO - Processing /opt/airflow/dags/simple_dag.py took 2.395 seconds
[2024-09-10T18:11:41.948+0000] {processor.py:186} INFO - Started process (PID=131) to work on /opt/airflow/dags/simple_dag.py
[2024-09-10T18:11:41.951+0000] {processor.py:914} INFO - Processing file /opt/airflow/dags/simple_dag.py for tasks to queue
[2024-09-10T18:11:41.960+0000] {logging_mixin.py:190} INFO - [2024-09-10T18:11:41.958+0000] {dagbag.py:587} INFO - Filling up the DagBag from /opt/airflow/dags/simple_dag.py
[2024-09-10T18:11:42.046+0000] {processor.py:925} INFO - DAG(s) 'max_min_dag' retrieved from /opt/airflow/dags/simple_dag.py
[2024-09-10T18:11:42.150+0000] {logging_mixin.py:190} INFO - [2024-09-10T18:11:42.150+0000] {dag.py:3229} INFO - Sync 1 DAGs
[2024-09-10T18:11:42.219+0000] {logging_mixin.py:190} INFO - [2024-09-10T18:11:42.218+0000] {dag.py:4156} INFO - Setting next_dagrun for max_min_dag to 2024-09-10 00:00:00+00:00, run_after=2024-09-11 00:00:00+00:00
[2024-09-10T18:11:42.267+0000] {processor.py:208} INFO - Processing /opt/airflow/dags/simple_dag.py took 0.356 seconds
[2024-09-10T18:12:12.431+0000] {processor.py:186} INFO - Started process (PID=139) to work on /opt/airflow/dags/simple_dag.py
[2024-09-10T18:12:12.433+0000] {processor.py:914} INFO - Processing file /opt/airflow/dags/simple_dag.py for tasks to queue
[2024-09-10T18:12:12.441+0000] {logging_mixin.py:190} INFO - [2024-09-10T18:12:12.441+0000] {dagbag.py:587} INFO - Filling up the DagBag from /opt/airflow/dags/simple_dag.py
[2024-09-10T18:12:12.502+0000] {processor.py:925} INFO - DAG(s) 'max_min_dag' retrieved from /opt/airflow/dags/simple_dag.py
[2024-09-10T18:12:12.569+0000] {logging_mixin.py:190} INFO - [2024-09-10T18:12:12.568+0000] {dag.py:3229} INFO - Sync 1 DAGs
[2024-09-10T18:12:12.639+0000] {logging_mixin.py:190} INFO - [2024-09-10T18:12:12.638+0000] {dag.py:4156} INFO - Setting next_dagrun for max_min_dag to 2024-09-10 00:00:00+00:00, run_after=2024-09-11 00:00:00+00:00
[2024-09-10T18:12:12.706+0000] {processor.py:208} INFO - Processing /opt/airflow/dags/simple_dag.py took 0.287 seconds
[2024-09-10T18:12:43.376+0000] {processor.py:186} INFO - Started process (PID=147) to work on /opt/airflow/dags/simple_dag.py
[2024-09-10T18:12:43.380+0000] {processor.py:914} INFO - Processing file /opt/airflow/dags/simple_dag.py for tasks to queue
[2024-09-10T18:12:43.389+0000] {logging_mixin.py:190} INFO - [2024-09-10T18:12:43.388+0000] {dagbag.py:587} INFO - Filling up the DagBag from /opt/airflow/dags/simple_dag.py
[2024-09-10T18:12:43.472+0000] {processor.py:925} INFO - DAG(s) 'max_min_dag' retrieved from /opt/airflow/dags/simple_dag.py
[2024-09-10T18:12:43.576+0000] {logging_mixin.py:190} INFO - [2024-09-10T18:12:43.576+0000] {dag.py:3229} INFO - Sync 1 DAGs
[2024-09-10T18:12:43.644+0000] {logging_mixin.py:190} INFO - [2024-09-10T18:12:43.644+0000] {dag.py:4156} INFO - Setting next_dagrun for max_min_dag to 2024-09-10 00:00:00+00:00, run_after=2024-09-11 00:00:00+00:00
[2024-09-10T18:12:43.688+0000] {processor.py:208} INFO - Processing /opt/airflow/dags/simple_dag.py took 0.332 seconds
[2024-09-10T18:13:14.110+0000] {processor.py:186} INFO - Started process (PID=156) to work on /opt/airflow/dags/simple_dag.py
[2024-09-10T18:13:14.122+0000] {processor.py:914} INFO - Processing file /opt/airflow/dags/simple_dag.py for tasks to queue
[2024-09-10T18:13:14.132+0000] {logging_mixin.py:190} INFO - [2024-09-10T18:13:14.130+0000] {dagbag.py:587} INFO - Filling up the DagBag from /opt/airflow/dags/simple_dag.py
[2024-09-10T18:13:14.238+0000] {processor.py:925} INFO - DAG(s) 'max_min_dag' retrieved from /opt/airflow/dags/simple_dag.py
[2024-09-10T18:13:27.245+0000] {logging_mixin.py:190} INFO - [2024-09-10T18:13:27.237+0000] {dag.py:3229} INFO - Sync 1 DAGs
[2024-09-10T18:13:27.356+0000] {logging_mixin.py:190} INFO - [2024-09-10T18:13:27.354+0000] {dag.py:4156} INFO - Setting next_dagrun for max_min_dag to 2024-09-10 00:00:00+00:00, run_after=2024-09-11 00:00:00+00:00
[2024-09-10T18:13:27.426+0000] {processor.py:208} INFO - Processing /opt/airflow/dags/simple_dag.py took 13.336 seconds
[2024-09-10T18:13:57.853+0000] {processor.py:186} INFO - Started process (PID=164) to work on /opt/airflow/dags/simple_dag.py
[2024-09-10T18:13:57.855+0000] {processor.py:914} INFO - Processing file /opt/airflow/dags/simple_dag.py for tasks to queue
[2024-09-10T18:13:57.863+0000] {logging_mixin.py:190} INFO - [2024-09-10T18:13:57.862+0000] {dagbag.py:587} INFO - Filling up the DagBag from /opt/airflow/dags/simple_dag.py
[2024-09-10T18:13:57.938+0000] {processor.py:925} INFO - DAG(s) 'max_min_dag' retrieved from /opt/airflow/dags/simple_dag.py
[2024-09-10T18:13:58.040+0000] {logging_mixin.py:190} INFO - [2024-09-10T18:13:58.039+0000] {dag.py:3229} INFO - Sync 1 DAGs
[2024-09-10T18:13:58.132+0000] {logging_mixin.py:190} INFO - [2024-09-10T18:13:58.129+0000] {dag.py:4156} INFO - Setting next_dagrun for max_min_dag to 2024-09-10 00:00:00+00:00, run_after=2024-09-11 00:00:00+00:00
[2024-09-10T18:13:58.208+0000] {processor.py:208} INFO - Processing /opt/airflow/dags/simple_dag.py took 0.371 seconds
[2024-09-10T18:14:28.495+0000] {processor.py:186} INFO - Started process (PID=172) to work on /opt/airflow/dags/simple_dag.py
[2024-09-10T18:14:28.500+0000] {processor.py:914} INFO - Processing file /opt/airflow/dags/simple_dag.py for tasks to queue
[2024-09-10T18:14:28.510+0000] {logging_mixin.py:190} INFO - [2024-09-10T18:14:28.507+0000] {dagbag.py:587} INFO - Filling up the DagBag from /opt/airflow/dags/simple_dag.py
[2024-09-10T18:14:28.593+0000] {processor.py:925} INFO - DAG(s) 'max_min_dag' retrieved from /opt/airflow/dags/simple_dag.py
[2024-09-10T18:14:28.697+0000] {logging_mixin.py:190} INFO - [2024-09-10T18:14:28.697+0000] {dag.py:3229} INFO - Sync 1 DAGs
[2024-09-10T18:14:28.754+0000] {logging_mixin.py:190} INFO - [2024-09-10T18:14:28.754+0000] {dag.py:4156} INFO - Setting next_dagrun for max_min_dag to 2024-09-10 00:00:00+00:00, run_after=2024-09-11 00:00:00+00:00
[2024-09-10T18:14:28.808+0000] {processor.py:208} INFO - Processing /opt/airflow/dags/simple_dag.py took 0.347 seconds
[2024-09-10T18:14:59.459+0000] {processor.py:186} INFO - Started process (PID=180) to work on /opt/airflow/dags/simple_dag.py
[2024-09-10T18:14:59.469+0000] {processor.py:914} INFO - Processing file /opt/airflow/dags/simple_dag.py for tasks to queue
[2024-09-10T18:14:59.482+0000] {logging_mixin.py:190} INFO - [2024-09-10T18:14:59.481+0000] {dagbag.py:587} INFO - Filling up the DagBag from /opt/airflow/dags/simple_dag.py
[2024-09-10T18:14:59.596+0000] {processor.py:925} INFO - DAG(s) 'max_min_dag' retrieved from /opt/airflow/dags/simple_dag.py
[2024-09-10T18:15:00.441+0000] {logging_mixin.py:190} INFO - [2024-09-10T18:15:00.430+0000] {dag.py:3229} INFO - Sync 1 DAGs
[2024-09-10T18:15:00.543+0000] {logging_mixin.py:190} INFO - [2024-09-10T18:15:00.543+0000] {dag.py:4156} INFO - Setting next_dagrun for max_min_dag to 2024-09-10 00:00:00+00:00, run_after=2024-09-11 00:00:00+00:00
[2024-09-10T18:15:00.687+0000] {processor.py:208} INFO - Processing /opt/airflow/dags/simple_dag.py took 1.247 seconds
[2024-09-10T18:15:31.016+0000] {processor.py:186} INFO - Started process (PID=189) to work on /opt/airflow/dags/simple_dag.py
[2024-09-10T18:15:31.020+0000] {processor.py:914} INFO - Processing file /opt/airflow/dags/simple_dag.py for tasks to queue
[2024-09-10T18:15:31.029+0000] {logging_mixin.py:190} INFO - [2024-09-10T18:15:31.027+0000] {dagbag.py:587} INFO - Filling up the DagBag from /opt/airflow/dags/simple_dag.py
[2024-09-10T18:15:31.096+0000] {processor.py:925} INFO - DAG(s) 'max_min_dag' retrieved from /opt/airflow/dags/simple_dag.py
[2024-09-10T18:15:31.191+0000] {logging_mixin.py:190} INFO - [2024-09-10T18:15:31.191+0000] {dag.py:3229} INFO - Sync 1 DAGs
[2024-09-10T18:15:31.255+0000] {logging_mixin.py:190} INFO - [2024-09-10T18:15:31.254+0000] {dag.py:4156} INFO - Setting next_dagrun for max_min_dag to 2024-09-10 00:00:00+00:00, run_after=2024-09-11 00:00:00+00:00
[2024-09-10T18:15:31.299+0000] {processor.py:208} INFO - Processing /opt/airflow/dags/simple_dag.py took 0.304 seconds
[2024-09-10T18:16:01.997+0000] {processor.py:186} INFO - Started process (PID=196) to work on /opt/airflow/dags/simple_dag.py
[2024-09-10T18:16:02.009+0000] {processor.py:914} INFO - Processing file /opt/airflow/dags/simple_dag.py for tasks to queue
[2024-09-10T18:16:02.029+0000] {logging_mixin.py:190} INFO - [2024-09-10T18:16:02.021+0000] {dagbag.py:587} INFO - Filling up the DagBag from /opt/airflow/dags/simple_dag.py
[2024-09-10T18:16:02.294+0000] {processor.py:925} INFO - DAG(s) 'max_min_dag' retrieved from /opt/airflow/dags/simple_dag.py
[2024-09-10T18:16:24.163+0000] {logging_mixin.py:190} INFO - [2024-09-10T18:16:24.157+0000] {dag.py:3229} INFO - Sync 1 DAGs
[2024-09-10T18:16:24.251+0000] {logging_mixin.py:190} INFO - [2024-09-10T18:16:24.250+0000] {dag.py:4156} INFO - Setting next_dagrun for max_min_dag to 2024-09-10 00:00:00+00:00, run_after=2024-09-11 00:00:00+00:00
[2024-09-10T18:16:24.302+0000] {processor.py:208} INFO - Processing /opt/airflow/dags/simple_dag.py took 22.365 seconds
[2024-09-10T18:16:54.481+0000] {processor.py:186} INFO - Started process (PID=204) to work on /opt/airflow/dags/simple_dag.py
[2024-09-10T18:16:54.484+0000] {processor.py:914} INFO - Processing file /opt/airflow/dags/simple_dag.py for tasks to queue
[2024-09-10T18:16:54.514+0000] {logging_mixin.py:190} INFO - [2024-09-10T18:16:54.512+0000] {dagbag.py:587} INFO - Filling up the DagBag from /opt/airflow/dags/simple_dag.py
[2024-09-10T18:16:54.835+0000] {processor.py:925} INFO - DAG(s) 'max_min_dag' retrieved from /opt/airflow/dags/simple_dag.py
[2024-09-10T18:16:54.961+0000] {logging_mixin.py:190} INFO - [2024-09-10T18:16:54.961+0000] {dag.py:3229} INFO - Sync 1 DAGs
[2024-09-10T18:16:55.040+0000] {logging_mixin.py:190} INFO - [2024-09-10T18:16:55.039+0000] {dag.py:4156} INFO - Setting next_dagrun for max_min_dag to 2024-09-10 00:00:00+00:00, run_after=2024-09-11 00:00:00+00:00
[2024-09-10T18:16:55.098+0000] {processor.py:208} INFO - Processing /opt/airflow/dags/simple_dag.py took 0.640 seconds
[2024-09-10T18:19:29.685+0000] {processor.py:186} INFO - Started process (PID=212) to work on /opt/airflow/dags/simple_dag.py
[2024-09-10T18:19:29.687+0000] {processor.py:914} INFO - Processing file /opt/airflow/dags/simple_dag.py for tasks to queue
[2024-09-10T18:19:29.697+0000] {logging_mixin.py:190} INFO - [2024-09-10T18:19:29.696+0000] {dagbag.py:587} INFO - Filling up the DagBag from /opt/airflow/dags/simple_dag.py
[2024-09-10T18:19:29.855+0000] {processor.py:925} INFO - DAG(s) 'max_min_dag' retrieved from /opt/airflow/dags/simple_dag.py
[2024-09-10T18:19:30.959+0000] {logging_mixin.py:190} INFO - [2024-09-10T18:19:30.958+0000] {dag.py:3229} INFO - Sync 1 DAGs
[2024-09-10T18:19:31.066+0000] {logging_mixin.py:190} INFO - [2024-09-10T18:19:31.066+0000] {dag.py:4156} INFO - Setting next_dagrun for max_min_dag to 2024-09-10 00:00:00+00:00, run_after=2024-09-11 00:00:00+00:00
[2024-09-10T18:19:31.168+0000] {processor.py:208} INFO - Processing /opt/airflow/dags/simple_dag.py took 1.541 seconds
[2024-09-10T18:20:01.324+0000] {processor.py:186} INFO - Started process (PID=220) to work on /opt/airflow/dags/simple_dag.py
[2024-09-10T18:20:01.327+0000] {processor.py:914} INFO - Processing file /opt/airflow/dags/simple_dag.py for tasks to queue
[2024-09-10T18:20:01.333+0000] {logging_mixin.py:190} INFO - [2024-09-10T18:20:01.332+0000] {dagbag.py:587} INFO - Filling up the DagBag from /opt/airflow/dags/simple_dag.py
[2024-09-10T18:20:01.384+0000] {processor.py:925} INFO - DAG(s) 'max_min_dag' retrieved from /opt/airflow/dags/simple_dag.py
[2024-09-10T18:20:01.459+0000] {logging_mixin.py:190} INFO - [2024-09-10T18:20:01.458+0000] {dag.py:3229} INFO - Sync 1 DAGs
[2024-09-10T18:20:01.522+0000] {logging_mixin.py:190} INFO - [2024-09-10T18:20:01.521+0000] {dag.py:4156} INFO - Setting next_dagrun for max_min_dag to 2024-09-10 00:00:00+00:00, run_after=2024-09-11 00:00:00+00:00
[2024-09-10T18:20:01.570+0000] {processor.py:208} INFO - Processing /opt/airflow/dags/simple_dag.py took 0.257 seconds
[2024-09-10T18:20:32.210+0000] {processor.py:186} INFO - Started process (PID=235) to work on /opt/airflow/dags/simple_dag.py
[2024-09-10T18:20:32.212+0000] {processor.py:914} INFO - Processing file /opt/airflow/dags/simple_dag.py for tasks to queue
[2024-09-10T18:20:32.216+0000] {logging_mixin.py:190} INFO - [2024-09-10T18:20:32.215+0000] {dagbag.py:587} INFO - Filling up the DagBag from /opt/airflow/dags/simple_dag.py
[2024-09-10T18:20:32.266+0000] {processor.py:925} INFO - DAG(s) 'max_min_dag' retrieved from /opt/airflow/dags/simple_dag.py
[2024-09-10T18:20:32.319+0000] {logging_mixin.py:190} INFO - [2024-09-10T18:20:32.318+0000] {dag.py:3229} INFO - Sync 1 DAGs
[2024-09-10T18:20:32.422+0000] {logging_mixin.py:190} INFO - [2024-09-10T18:20:32.421+0000] {dag.py:4156} INFO - Setting next_dagrun for max_min_dag to 2024-09-10 00:00:00+00:00, run_after=2024-09-11 00:00:00+00:00
[2024-09-10T18:20:32.482+0000] {processor.py:208} INFO - Processing /opt/airflow/dags/simple_dag.py took 0.284 seconds
[2024-09-10T18:21:02.946+0000] {processor.py:186} INFO - Started process (PID=243) to work on /opt/airflow/dags/simple_dag.py
[2024-09-10T18:21:02.949+0000] {processor.py:914} INFO - Processing file /opt/airflow/dags/simple_dag.py for tasks to queue
[2024-09-10T18:21:02.956+0000] {logging_mixin.py:190} INFO - [2024-09-10T18:21:02.955+0000] {dagbag.py:587} INFO - Filling up the DagBag from /opt/airflow/dags/simple_dag.py
[2024-09-10T18:21:03.041+0000] {processor.py:925} INFO - DAG(s) 'max_min_dag' retrieved from /opt/airflow/dags/simple_dag.py
[2024-09-10T18:21:03.139+0000] {logging_mixin.py:190} INFO - [2024-09-10T18:21:03.138+0000] {dag.py:3229} INFO - Sync 1 DAGs
[2024-09-10T18:21:03.214+0000] {logging_mixin.py:190} INFO - [2024-09-10T18:21:03.213+0000] {dag.py:4156} INFO - Setting next_dagrun for max_min_dag to 2024-09-10 00:00:00+00:00, run_after=2024-09-11 00:00:00+00:00
[2024-09-10T18:21:03.275+0000] {processor.py:208} INFO - Processing /opt/airflow/dags/simple_dag.py took 0.347 seconds
[2024-09-10T18:21:34.167+0000] {processor.py:186} INFO - Started process (PID=251) to work on /opt/airflow/dags/simple_dag.py
[2024-09-10T18:21:34.170+0000] {processor.py:914} INFO - Processing file /opt/airflow/dags/simple_dag.py for tasks to queue
[2024-09-10T18:21:34.175+0000] {logging_mixin.py:190} INFO - [2024-09-10T18:21:34.174+0000] {dagbag.py:587} INFO - Filling up the DagBag from /opt/airflow/dags/simple_dag.py
[2024-09-10T18:21:34.216+0000] {processor.py:925} INFO - DAG(s) 'max_min_dag' retrieved from /opt/airflow/dags/simple_dag.py
[2024-09-10T18:21:34.268+0000] {logging_mixin.py:190} INFO - [2024-09-10T18:21:34.268+0000] {dag.py:3229} INFO - Sync 1 DAGs
[2024-09-10T18:21:34.315+0000] {logging_mixin.py:190} INFO - [2024-09-10T18:21:34.314+0000] {dag.py:4156} INFO - Setting next_dagrun for max_min_dag to 2024-09-10 00:00:00+00:00, run_after=2024-09-11 00:00:00+00:00
[2024-09-10T18:21:34.354+0000] {processor.py:208} INFO - Processing /opt/airflow/dags/simple_dag.py took 0.211 seconds
[2024-09-10T18:22:04.991+0000] {processor.py:186} INFO - Started process (PID=259) to work on /opt/airflow/dags/simple_dag.py
[2024-09-10T18:22:04.994+0000] {processor.py:914} INFO - Processing file /opt/airflow/dags/simple_dag.py for tasks to queue
[2024-09-10T18:22:04.999+0000] {logging_mixin.py:190} INFO - [2024-09-10T18:22:04.998+0000] {dagbag.py:587} INFO - Filling up the DagBag from /opt/airflow/dags/simple_dag.py
[2024-09-10T18:22:05.050+0000] {processor.py:925} INFO - DAG(s) 'max_min_dag' retrieved from /opt/airflow/dags/simple_dag.py
[2024-09-10T18:22:05.148+0000] {logging_mixin.py:190} INFO - [2024-09-10T18:22:05.147+0000] {dag.py:3229} INFO - Sync 1 DAGs
[2024-09-10T18:22:05.212+0000] {logging_mixin.py:190} INFO - [2024-09-10T18:22:05.212+0000] {dag.py:4156} INFO - Setting next_dagrun for max_min_dag to 2024-09-10 00:00:00+00:00, run_after=2024-09-11 00:00:00+00:00
[2024-09-10T18:22:05.258+0000] {processor.py:208} INFO - Processing /opt/airflow/dags/simple_dag.py took 0.280 seconds
[2024-09-10T18:22:36.005+0000] {processor.py:186} INFO - Started process (PID=267) to work on /opt/airflow/dags/simple_dag.py
[2024-09-10T18:22:36.008+0000] {processor.py:914} INFO - Processing file /opt/airflow/dags/simple_dag.py for tasks to queue
[2024-09-10T18:22:36.017+0000] {logging_mixin.py:190} INFO - [2024-09-10T18:22:36.015+0000] {dagbag.py:587} INFO - Filling up the DagBag from /opt/airflow/dags/simple_dag.py
[2024-09-10T18:22:36.057+0000] {processor.py:925} INFO - DAG(s) 'max_min_dag' retrieved from /opt/airflow/dags/simple_dag.py
[2024-09-10T18:22:36.117+0000] {logging_mixin.py:190} INFO - [2024-09-10T18:22:36.117+0000] {dag.py:3229} INFO - Sync 1 DAGs
[2024-09-10T18:22:36.169+0000] {logging_mixin.py:190} INFO - [2024-09-10T18:22:36.168+0000] {dag.py:4156} INFO - Setting next_dagrun for max_min_dag to 2024-09-10 00:00:00+00:00, run_after=2024-09-11 00:00:00+00:00
[2024-09-10T18:22:36.221+0000] {processor.py:208} INFO - Processing /opt/airflow/dags/simple_dag.py took 0.244 seconds
[2024-09-10T18:23:06.884+0000] {processor.py:186} INFO - Started process (PID=275) to work on /opt/airflow/dags/simple_dag.py
[2024-09-10T18:23:06.888+0000] {processor.py:914} INFO - Processing file /opt/airflow/dags/simple_dag.py for tasks to queue
[2024-09-10T18:23:06.896+0000] {logging_mixin.py:190} INFO - [2024-09-10T18:23:06.895+0000] {dagbag.py:587} INFO - Filling up the DagBag from /opt/airflow/dags/simple_dag.py
[2024-09-10T18:23:06.983+0000] {processor.py:925} INFO - DAG(s) 'max_min_dag' retrieved from /opt/airflow/dags/simple_dag.py
[2024-09-10T18:23:07.099+0000] {logging_mixin.py:190} INFO - [2024-09-10T18:23:07.098+0000] {dag.py:3229} INFO - Sync 1 DAGs
[2024-09-10T18:23:07.178+0000] {logging_mixin.py:190} INFO - [2024-09-10T18:23:07.178+0000] {dag.py:4156} INFO - Setting next_dagrun for max_min_dag to 2024-09-10 00:00:00+00:00, run_after=2024-09-11 00:00:00+00:00
[2024-09-10T18:23:07.252+0000] {processor.py:208} INFO - Processing /opt/airflow/dags/simple_dag.py took 0.385 seconds
[2024-09-10T18:23:37.936+0000] {processor.py:186} INFO - Started process (PID=283) to work on /opt/airflow/dags/simple_dag.py
[2024-09-10T18:23:37.938+0000] {processor.py:914} INFO - Processing file /opt/airflow/dags/simple_dag.py for tasks to queue
[2024-09-10T18:23:37.947+0000] {logging_mixin.py:190} INFO - [2024-09-10T18:23:37.946+0000] {dagbag.py:587} INFO - Filling up the DagBag from /opt/airflow/dags/simple_dag.py
[2024-09-10T18:23:38.004+0000] {processor.py:925} INFO - DAG(s) 'max_min_dag' retrieved from /opt/airflow/dags/simple_dag.py
[2024-09-10T18:23:38.072+0000] {logging_mixin.py:190} INFO - [2024-09-10T18:23:38.071+0000] {dag.py:3229} INFO - Sync 1 DAGs
[2024-09-10T18:23:38.136+0000] {logging_mixin.py:190} INFO - [2024-09-10T18:23:38.135+0000] {dag.py:4156} INFO - Setting next_dagrun for max_min_dag to 2024-09-10 00:00:00+00:00, run_after=2024-09-11 00:00:00+00:00
[2024-09-10T18:23:38.184+0000] {processor.py:208} INFO - Processing /opt/airflow/dags/simple_dag.py took 0.268 seconds
[2024-09-10T18:24:08.596+0000] {processor.py:186} INFO - Started process (PID=291) to work on /opt/airflow/dags/simple_dag.py
[2024-09-10T18:24:08.599+0000] {processor.py:914} INFO - Processing file /opt/airflow/dags/simple_dag.py for tasks to queue
[2024-09-10T18:24:08.607+0000] {logging_mixin.py:190} INFO - [2024-09-10T18:24:08.606+0000] {dagbag.py:587} INFO - Filling up the DagBag from /opt/airflow/dags/simple_dag.py
[2024-09-10T18:24:08.705+0000] {processor.py:925} INFO - DAG(s) 'max_min_dag' retrieved from /opt/airflow/dags/simple_dag.py
[2024-09-10T18:24:08.813+0000] {logging_mixin.py:190} INFO - [2024-09-10T18:24:08.813+0000] {dag.py:3229} INFO - Sync 1 DAGs
[2024-09-10T18:24:08.876+0000] {logging_mixin.py:190} INFO - [2024-09-10T18:24:08.875+0000] {dag.py:4156} INFO - Setting next_dagrun for max_min_dag to 2024-09-10 00:00:00+00:00, run_after=2024-09-11 00:00:00+00:00
[2024-09-10T18:24:08.918+0000] {processor.py:208} INFO - Processing /opt/airflow/dags/simple_dag.py took 0.346 seconds
[2024-09-10T18:24:39.423+0000] {processor.py:186} INFO - Started process (PID=299) to work on /opt/airflow/dags/simple_dag.py
[2024-09-10T18:24:39.425+0000] {processor.py:914} INFO - Processing file /opt/airflow/dags/simple_dag.py for tasks to queue
[2024-09-10T18:24:39.431+0000] {logging_mixin.py:190} INFO - [2024-09-10T18:24:39.431+0000] {dagbag.py:587} INFO - Filling up the DagBag from /opt/airflow/dags/simple_dag.py
[2024-09-10T18:24:39.498+0000] {processor.py:925} INFO - DAG(s) 'max_min_dag' retrieved from /opt/airflow/dags/simple_dag.py
[2024-09-10T18:24:39.550+0000] {logging_mixin.py:190} INFO - [2024-09-10T18:24:39.549+0000] {dag.py:3229} INFO - Sync 1 DAGs
[2024-09-10T18:24:39.696+0000] {logging_mixin.py:190} INFO - [2024-09-10T18:24:39.695+0000] {dag.py:4156} INFO - Setting next_dagrun for max_min_dag to 2024-09-10 00:00:00+00:00, run_after=2024-09-11 00:00:00+00:00
[2024-09-10T18:24:39.737+0000] {processor.py:208} INFO - Processing /opt/airflow/dags/simple_dag.py took 0.325 seconds
[2024-09-10T18:25:10.326+0000] {processor.py:186} INFO - Started process (PID=307) to work on /opt/airflow/dags/simple_dag.py
[2024-09-10T18:25:10.328+0000] {processor.py:914} INFO - Processing file /opt/airflow/dags/simple_dag.py for tasks to queue
[2024-09-10T18:25:10.336+0000] {logging_mixin.py:190} INFO - [2024-09-10T18:25:10.335+0000] {dagbag.py:587} INFO - Filling up the DagBag from /opt/airflow/dags/simple_dag.py
[2024-09-10T18:25:10.399+0000] {processor.py:925} INFO - DAG(s) 'max_min_dag' retrieved from /opt/airflow/dags/simple_dag.py
[2024-09-10T18:25:10.485+0000] {logging_mixin.py:190} INFO - [2024-09-10T18:25:10.484+0000] {dag.py:3229} INFO - Sync 1 DAGs
[2024-09-10T18:25:10.564+0000] {logging_mixin.py:190} INFO - [2024-09-10T18:25:10.563+0000] {dag.py:4156} INFO - Setting next_dagrun for max_min_dag to 2024-09-10 00:00:00+00:00, run_after=2024-09-11 00:00:00+00:00
[2024-09-10T18:25:10.615+0000] {processor.py:208} INFO - Processing /opt/airflow/dags/simple_dag.py took 0.306 seconds
[2024-09-10T18:25:40.995+0000] {processor.py:186} INFO - Started process (PID=315) to work on /opt/airflow/dags/simple_dag.py
[2024-09-10T18:25:40.998+0000] {processor.py:914} INFO - Processing file /opt/airflow/dags/simple_dag.py for tasks to queue
[2024-09-10T18:25:41.006+0000] {logging_mixin.py:190} INFO - [2024-09-10T18:25:41.004+0000] {dagbag.py:587} INFO - Filling up the DagBag from /opt/airflow/dags/simple_dag.py
[2024-09-10T18:25:41.082+0000] {processor.py:925} INFO - DAG(s) 'max_min_dag' retrieved from /opt/airflow/dags/simple_dag.py
[2024-09-10T18:25:41.148+0000] {logging_mixin.py:190} INFO - [2024-09-10T18:25:41.148+0000] {dag.py:3229} INFO - Sync 1 DAGs
[2024-09-10T18:25:41.214+0000] {logging_mixin.py:190} INFO - [2024-09-10T18:25:41.214+0000] {dag.py:4156} INFO - Setting next_dagrun for max_min_dag to 2024-09-10 00:00:00+00:00, run_after=2024-09-11 00:00:00+00:00
[2024-09-10T18:25:41.256+0000] {processor.py:208} INFO - Processing /opt/airflow/dags/simple_dag.py took 0.278 seconds
[2024-09-10T18:26:12.107+0000] {processor.py:186} INFO - Started process (PID=324) to work on /opt/airflow/dags/simple_dag.py
[2024-09-10T18:26:12.111+0000] {processor.py:914} INFO - Processing file /opt/airflow/dags/simple_dag.py for tasks to queue
[2024-09-10T18:26:12.119+0000] {logging_mixin.py:190} INFO - [2024-09-10T18:26:12.117+0000] {dagbag.py:587} INFO - Filling up the DagBag from /opt/airflow/dags/simple_dag.py
[2024-09-10T18:26:12.201+0000] {processor.py:925} INFO - DAG(s) 'max_min_dag' retrieved from /opt/airflow/dags/simple_dag.py
[2024-09-10T18:26:12.320+0000] {logging_mixin.py:190} INFO - [2024-09-10T18:26:12.319+0000] {dag.py:3229} INFO - Sync 1 DAGs
[2024-09-10T18:26:12.431+0000] {logging_mixin.py:190} INFO - [2024-09-10T18:26:12.430+0000] {dag.py:4156} INFO - Setting next_dagrun for max_min_dag to 2024-09-10 00:00:00+00:00, run_after=2024-09-11 00:00:00+00:00
[2024-09-10T18:26:12.481+0000] {processor.py:208} INFO - Processing /opt/airflow/dags/simple_dag.py took 0.395 seconds
[2024-09-10T18:26:42.731+0000] {processor.py:186} INFO - Started process (PID=332) to work on /opt/airflow/dags/simple_dag.py
[2024-09-10T18:26:42.734+0000] {processor.py:914} INFO - Processing file /opt/airflow/dags/simple_dag.py for tasks to queue
[2024-09-10T18:26:42.743+0000] {logging_mixin.py:190} INFO - [2024-09-10T18:26:42.741+0000] {dagbag.py:587} INFO - Filling up the DagBag from /opt/airflow/dags/simple_dag.py
[2024-09-10T18:26:42.818+0000] {processor.py:925} INFO - DAG(s) 'max_min_dag' retrieved from /opt/airflow/dags/simple_dag.py
[2024-09-10T18:26:42.892+0000] {logging_mixin.py:190} INFO - [2024-09-10T18:26:42.892+0000] {dag.py:3229} INFO - Sync 1 DAGs
[2024-09-10T18:26:42.937+0000] {logging_mixin.py:190} INFO - [2024-09-10T18:26:42.936+0000] {dag.py:4156} INFO - Setting next_dagrun for max_min_dag to 2024-09-10 00:00:00+00:00, run_after=2024-09-11 00:00:00+00:00
[2024-09-10T18:26:42.979+0000] {processor.py:208} INFO - Processing /opt/airflow/dags/simple_dag.py took 0.266 seconds
[2024-09-10T18:27:13.655+0000] {processor.py:186} INFO - Started process (PID=340) to work on /opt/airflow/dags/simple_dag.py
[2024-09-10T18:27:13.659+0000] {processor.py:914} INFO - Processing file /opt/airflow/dags/simple_dag.py for tasks to queue
[2024-09-10T18:27:13.671+0000] {logging_mixin.py:190} INFO - [2024-09-10T18:27:13.669+0000] {dagbag.py:587} INFO - Filling up the DagBag from /opt/airflow/dags/simple_dag.py
[2024-09-10T18:27:13.728+0000] {processor.py:925} INFO - DAG(s) 'max_min_dag' retrieved from /opt/airflow/dags/simple_dag.py
[2024-09-10T18:27:13.793+0000] {logging_mixin.py:190} INFO - [2024-09-10T18:27:13.792+0000] {dag.py:3229} INFO - Sync 1 DAGs
[2024-09-10T18:27:13.831+0000] {logging_mixin.py:190} INFO - [2024-09-10T18:27:13.831+0000] {dag.py:4156} INFO - Setting next_dagrun for max_min_dag to 2024-09-10 00:00:00+00:00, run_after=2024-09-11 00:00:00+00:00
[2024-09-10T18:27:13.872+0000] {processor.py:208} INFO - Processing /opt/airflow/dags/simple_dag.py took 0.242 seconds
[2024-09-10T18:27:44.319+0000] {processor.py:186} INFO - Started process (PID=348) to work on /opt/airflow/dags/simple_dag.py
[2024-09-10T18:27:44.325+0000] {processor.py:914} INFO - Processing file /opt/airflow/dags/simple_dag.py for tasks to queue
[2024-09-10T18:27:44.333+0000] {logging_mixin.py:190} INFO - [2024-09-10T18:27:44.332+0000] {dagbag.py:587} INFO - Filling up the DagBag from /opt/airflow/dags/simple_dag.py
[2024-09-10T18:27:44.383+0000] {processor.py:925} INFO - DAG(s) 'max_min_dag' retrieved from /opt/airflow/dags/simple_dag.py
[2024-09-10T18:27:44.463+0000] {logging_mixin.py:190} INFO - [2024-09-10T18:27:44.462+0000] {dag.py:3229} INFO - Sync 1 DAGs
[2024-09-10T18:27:44.532+0000] {logging_mixin.py:190} INFO - [2024-09-10T18:27:44.532+0000] {dag.py:4156} INFO - Setting next_dagrun for max_min_dag to 2024-09-10 00:00:00+00:00, run_after=2024-09-11 00:00:00+00:00
[2024-09-10T18:27:44.578+0000] {processor.py:208} INFO - Processing /opt/airflow/dags/simple_dag.py took 0.273 seconds
