[2024-09-12T20:41:54.249+0000] {local_task_job_runner.py:123} INFO - ::group::Pre task execution logs
[2024-09-12T20:41:54.296+0000] {taskinstance.py:2612} INFO - Dependencies all met for dep_context=non-requeueable deps ti=<TaskInstance: spark_find_makers_dag.spark_submit_task scheduled__2024-09-11T00:00:00+00:00 [queued]>
[2024-09-12T20:41:54.317+0000] {taskinstance.py:2612} INFO - Dependencies all met for dep_context=requeueable deps ti=<TaskInstance: spark_find_makers_dag.spark_submit_task scheduled__2024-09-11T00:00:00+00:00 [queued]>
[2024-09-12T20:41:54.318+0000] {taskinstance.py:2865} INFO - Starting attempt 12 of 15
[2024-09-12T20:41:54.348+0000] {taskinstance.py:2888} INFO - Executing <Task(SparkSubmitOperator): spark_submit_task> on 2024-09-11 00:00:00+00:00
[2024-09-12T20:41:54.361+0000] {warnings.py:112} WARNING - /home/***/.local/lib/python3.12/site-packages/***/task/task_runner/standard_task_runner.py:70: DeprecationWarning: This process (pid=143) is multi-threaded, use of fork() may lead to deadlocks in the child.
  pid = os.fork()

[2024-09-12T20:41:54.364+0000] {standard_task_runner.py:104} INFO - Running: ['***', 'tasks', 'run', 'spark_find_makers_dag', 'spark_submit_task', 'scheduled__2024-09-11T00:00:00+00:00', '--job-id', '523', '--raw', '--subdir', 'DAGS_FOLDER/spark_sql_dag.py', '--cfg-path', '/tmp/tmps2uzfoxr']
[2024-09-12T20:41:54.365+0000] {standard_task_runner.py:72} INFO - Started process 144 to run task
[2024-09-12T20:41:54.365+0000] {standard_task_runner.py:105} INFO - Job 523: Subtask spark_submit_task
[2024-09-12T20:41:54.467+0000] {task_command.py:467} INFO - Running <TaskInstance: spark_find_makers_dag.spark_submit_task scheduled__2024-09-11T00:00:00+00:00 [running]> on host e10d33bf7907
[2024-09-12T20:41:54.614+0000] {taskinstance.py:3131} INFO - Exporting env vars: AIRFLOW_CTX_DAG_OWNER='Denis' AIRFLOW_CTX_DAG_ID='spark_find_makers_dag' AIRFLOW_CTX_TASK_ID='spark_submit_task' AIRFLOW_CTX_EXECUTION_DATE='2024-09-11T00:00:00+00:00' AIRFLOW_CTX_TRY_NUMBER='12' AIRFLOW_CTX_DAG_RUN_ID='scheduled__2024-09-11T00:00:00+00:00'
[2024-09-12T20:41:54.617+0000] {taskinstance.py:731} INFO - ::endgroup::
[2024-09-12T20:41:54.685+0000] {base.py:84} INFO - Retrieving connection 'spark_default'
[2024-09-12T20:41:54.690+0000] {spark_submit.py:403} INFO - Spark-Submit cmd: spark-submit --master spark://spark-master:7077 --conf spark.master=spark://spark-master:7077 --name arrow-spark --verbose --deploy-mode client /opt/***/dags/spark_job.py
[2024-09-12T20:42:00.770+0000] {spark_submit.py:579} INFO - Using properties file: null
[2024-09-12T20:42:01.044+0000] {spark_submit.py:579} INFO - Parsed arguments:
[2024-09-12T20:42:01.045+0000] {spark_submit.py:579} INFO - master                  spark://spark-master:7077
[2024-09-12T20:42:01.046+0000] {spark_submit.py:579} INFO - remote                  null
[2024-09-12T20:42:01.047+0000] {spark_submit.py:579} INFO - deployMode              client
[2024-09-12T20:42:01.049+0000] {spark_submit.py:579} INFO - executorMemory          null
[2024-09-12T20:42:01.050+0000] {spark_submit.py:579} INFO - executorCores           null
[2024-09-12T20:42:01.051+0000] {spark_submit.py:579} INFO - totalExecutorCores      null
[2024-09-12T20:42:01.052+0000] {spark_submit.py:579} INFO - propertiesFile          null
[2024-09-12T20:42:01.053+0000] {spark_submit.py:579} INFO - driverMemory            null
[2024-09-12T20:42:01.055+0000] {spark_submit.py:579} INFO - driverCores             null
[2024-09-12T20:42:01.056+0000] {spark_submit.py:579} INFO - driverExtraClassPath    null
[2024-09-12T20:42:01.057+0000] {spark_submit.py:579} INFO - driverExtraLibraryPath  null
[2024-09-12T20:42:01.058+0000] {spark_submit.py:579} INFO - driverExtraJavaOptions  null
[2024-09-12T20:42:01.059+0000] {spark_submit.py:579} INFO - supervise               false
[2024-09-12T20:42:01.060+0000] {spark_submit.py:579} INFO - queue                   null
[2024-09-12T20:42:01.061+0000] {spark_submit.py:579} INFO - numExecutors            null
[2024-09-12T20:42:01.062+0000] {spark_submit.py:579} INFO - files                   null
[2024-09-12T20:42:01.063+0000] {spark_submit.py:579} INFO - pyFiles                 null
[2024-09-12T20:42:01.065+0000] {spark_submit.py:579} INFO - archives                null
[2024-09-12T20:42:01.066+0000] {spark_submit.py:579} INFO - mainClass               null
[2024-09-12T20:42:01.067+0000] {spark_submit.py:579} INFO - primaryResource         file:/opt/***/dags/spark_job.py
[2024-09-12T20:42:01.068+0000] {spark_submit.py:579} INFO - name                    arrow-spark
[2024-09-12T20:42:01.070+0000] {spark_submit.py:579} INFO - childArgs               []
[2024-09-12T20:42:01.071+0000] {spark_submit.py:579} INFO - jars                    null
[2024-09-12T20:42:01.073+0000] {spark_submit.py:579} INFO - packages                null
[2024-09-12T20:42:01.075+0000] {spark_submit.py:579} INFO - packagesExclusions      null
[2024-09-12T20:42:01.076+0000] {spark_submit.py:579} INFO - repositories            null
[2024-09-12T20:42:01.078+0000] {spark_submit.py:579} INFO - verbose                 true
[2024-09-12T20:42:01.080+0000] {spark_submit.py:579} INFO - 
[2024-09-12T20:42:01.083+0000] {spark_submit.py:579} INFO - Spark properties used, including those specified through
[2024-09-12T20:42:01.084+0000] {spark_submit.py:579} INFO - --conf and those from the properties file null:
[2024-09-12T20:42:01.085+0000] {spark_submit.py:579} INFO - (spark.master,spark://spark-master:7077)
[2024-09-12T20:42:01.087+0000] {spark_submit.py:579} INFO - 
[2024-09-12T20:42:01.088+0000] {spark_submit.py:579} INFO - 
[2024-09-12T20:42:01.833+0000] {spark_submit.py:579} INFO - Main class:
[2024-09-12T20:42:01.834+0000] {spark_submit.py:579} INFO - org.apache.spark.deploy.PythonRunner
[2024-09-12T20:42:01.836+0000] {spark_submit.py:579} INFO - Arguments:
[2024-09-12T20:42:01.837+0000] {spark_submit.py:579} INFO - file:/opt/***/dags/spark_job.py
[2024-09-12T20:42:01.839+0000] {spark_submit.py:579} INFO - null
[2024-09-12T20:42:01.844+0000] {spark_submit.py:579} INFO - Spark config:
[2024-09-12T20:42:01.846+0000] {spark_submit.py:579} INFO - (spark.app.name,arrow-spark)
[2024-09-12T20:42:01.847+0000] {spark_submit.py:579} INFO - (spark.app.submitTime,1726173721796)
[2024-09-12T20:42:01.849+0000] {spark_submit.py:579} INFO - (spark.master,spark://spark-master:7077)
[2024-09-12T20:42:01.850+0000] {spark_submit.py:579} INFO - (spark.submit.deployMode,client)
[2024-09-12T20:42:01.852+0000] {spark_submit.py:579} INFO - (spark.submit.pyFiles,)
[2024-09-12T20:42:01.853+0000] {spark_submit.py:579} INFO - Classpath elements:
[2024-09-12T20:42:01.854+0000] {spark_submit.py:579} INFO - 
[2024-09-12T20:42:01.856+0000] {spark_submit.py:579} INFO - 
[2024-09-12T20:42:01.857+0000] {spark_submit.py:579} INFO - 
[2024-09-12T20:42:04.245+0000] {spark_submit.py:579} INFO - 24/09/12 20:42:04 INFO SparkContext: Running Spark version 3.5.2
[2024-09-12T20:42:04.254+0000] {spark_submit.py:579} INFO - 24/09/12 20:42:04 INFO SparkContext: OS info Linux, 5.15.153.1-microsoft-standard-WSL2, amd64
[2024-09-12T20:42:04.255+0000] {spark_submit.py:579} INFO - 24/09/12 20:42:04 INFO SparkContext: Java version 17.0.12
[2024-09-12T20:42:04.539+0000] {spark_submit.py:579} INFO - 24/09/12 20:42:04 WARN NativeCodeLoader: Unable to load native-hadoop library for your platform... using builtin-java classes where applicable
[2024-09-12T20:42:04.859+0000] {spark_submit.py:579} INFO - 24/09/12 20:42:04 INFO ResourceUtils: ==============================================================
[2024-09-12T20:42:04.860+0000] {spark_submit.py:579} INFO - 24/09/12 20:42:04 INFO ResourceUtils: No custom resources configured for spark.driver.
[2024-09-12T20:42:04.862+0000] {spark_submit.py:579} INFO - 24/09/12 20:42:04 INFO ResourceUtils: ==============================================================
[2024-09-12T20:42:04.863+0000] {spark_submit.py:579} INFO - 24/09/12 20:42:04 INFO SparkContext: Submitted application: SparkJob
[2024-09-12T20:42:04.946+0000] {spark_submit.py:579} INFO - 24/09/12 20:42:04 INFO ResourceProfile: Default ResourceProfile created, executor resources: Map(cores -> name: cores, amount: 1, script: , vendor: , memory -> name: memory, amount: 1024, script: , vendor: , offHeap -> name: offHeap, amount: 0, script: , vendor: ), task resources: Map(cpus -> name: cpus, amount: 1.0)
[2024-09-12T20:42:04.976+0000] {spark_submit.py:579} INFO - 24/09/12 20:42:04 INFO ResourceProfile: Limiting resource is cpu
[2024-09-12T20:42:04.979+0000] {spark_submit.py:579} INFO - 24/09/12 20:42:04 INFO ResourceProfileManager: Added ResourceProfile id: 0
[2024-09-12T20:42:05.238+0000] {spark_submit.py:579} INFO - 24/09/12 20:42:05 INFO SecurityManager: Changing view acls to: ***
[2024-09-12T20:42:05.240+0000] {spark_submit.py:579} INFO - 24/09/12 20:42:05 INFO SecurityManager: Changing modify acls to: ***
[2024-09-12T20:42:05.242+0000] {spark_submit.py:579} INFO - 24/09/12 20:42:05 INFO SecurityManager: Changing view acls groups to:
[2024-09-12T20:42:05.244+0000] {spark_submit.py:579} INFO - 24/09/12 20:42:05 INFO SecurityManager: Changing modify acls groups to:
[2024-09-12T20:42:05.246+0000] {spark_submit.py:579} INFO - 24/09/12 20:42:05 INFO SecurityManager: SecurityManager: authentication disabled; ui acls disabled; users with view permissions: ***; groups with view permissions: EMPTY; users with modify permissions: ***; groups with modify permissions: EMPTY
[2024-09-12T20:42:06.617+0000] {spark_submit.py:579} INFO - 24/09/12 20:42:06 INFO Utils: Successfully started service 'sparkDriver' on port 40883.
[2024-09-12T20:42:07.106+0000] {spark_submit.py:579} INFO - 24/09/12 20:42:07 INFO SparkEnv: Registering MapOutputTracker
[2024-09-12T20:42:07.239+0000] {spark_submit.py:579} INFO - 24/09/12 20:42:07 INFO SparkEnv: Registering BlockManagerMaster
[2024-09-12T20:42:07.297+0000] {spark_submit.py:579} INFO - 24/09/12 20:42:07 INFO BlockManagerMasterEndpoint: Using org.apache.spark.storage.DefaultTopologyMapper for getting topology information
[2024-09-12T20:42:07.299+0000] {spark_submit.py:579} INFO - 24/09/12 20:42:07 INFO BlockManagerMasterEndpoint: BlockManagerMasterEndpoint up
[2024-09-12T20:42:07.309+0000] {spark_submit.py:579} INFO - 24/09/12 20:42:07 INFO SparkEnv: Registering BlockManagerMasterHeartbeat
[2024-09-12T20:42:07.379+0000] {spark_submit.py:579} INFO - 24/09/12 20:42:07 INFO DiskBlockManager: Created local directory at /tmp/blockmgr-8807fc48-adbf-428c-9a86-a37f39099664
[2024-09-12T20:42:07.412+0000] {spark_submit.py:579} INFO - 24/09/12 20:42:07 INFO MemoryStore: MemoryStore started with capacity 434.4 MiB
[2024-09-12T20:42:07.451+0000] {spark_submit.py:579} INFO - 24/09/12 20:42:07 INFO SparkEnv: Registering OutputCommitCoordinator
[2024-09-12T20:42:07.914+0000] {spark_submit.py:579} INFO - 24/09/12 20:42:07 INFO JettyUtils: Start Jetty 0.0.0.0:4040 for SparkUI
[2024-09-12T20:42:08.115+0000] {spark_submit.py:579} INFO - 24/09/12 20:42:08 INFO Utils: Successfully started service 'SparkUI' on port 4040.
[2024-09-12T20:42:08.412+0000] {spark_submit.py:579} INFO - 24/09/12 20:42:08 INFO Executor: Starting executor ID driver on host e10d33bf7907
[2024-09-12T20:42:08.413+0000] {spark_submit.py:579} INFO - 24/09/12 20:42:08 INFO Executor: OS info Linux, 5.15.153.1-microsoft-standard-WSL2, amd64
[2024-09-12T20:42:08.414+0000] {spark_submit.py:579} INFO - 24/09/12 20:42:08 INFO Executor: Java version 17.0.12
[2024-09-12T20:42:08.431+0000] {spark_submit.py:579} INFO - 24/09/12 20:42:08 INFO Executor: Starting executor with user classpath (userClassPathFirst = false): ''
[2024-09-12T20:42:08.433+0000] {spark_submit.py:579} INFO - 24/09/12 20:42:08 INFO Executor: Created or updated repl class loader org.apache.spark.util.MutableURLClassLoader@4d9baa99 for default.
[2024-09-12T20:42:08.482+0000] {spark_submit.py:579} INFO - 24/09/12 20:42:08 INFO Utils: Successfully started service 'org.apache.spark.network.netty.NettyBlockTransferService' on port 34463.
[2024-09-12T20:42:08.483+0000] {spark_submit.py:579} INFO - 24/09/12 20:42:08 INFO NettyBlockTransferService: Server created on e10d33bf7907:34463
[2024-09-12T20:42:08.486+0000] {spark_submit.py:579} INFO - 24/09/12 20:42:08 INFO BlockManager: Using org.apache.spark.storage.RandomBlockReplicationPolicy for block replication policy
[2024-09-12T20:42:08.501+0000] {spark_submit.py:579} INFO - 24/09/12 20:42:08 INFO BlockManagerMaster: Registering BlockManager BlockManagerId(driver, e10d33bf7907, 34463, None)
[2024-09-12T20:42:08.508+0000] {spark_submit.py:579} INFO - 24/09/12 20:42:08 INFO BlockManagerMasterEndpoint: Registering block manager e10d33bf7907:34463 with 434.4 MiB RAM, BlockManagerId(driver, e10d33bf7907, 34463, None)
[2024-09-12T20:42:08.514+0000] {spark_submit.py:579} INFO - 24/09/12 20:42:08 INFO BlockManagerMaster: Registered BlockManager BlockManagerId(driver, e10d33bf7907, 34463, None)
[2024-09-12T20:42:08.517+0000] {spark_submit.py:579} INFO - 24/09/12 20:42:08 INFO BlockManager: Initialized BlockManager: BlockManagerId(driver, e10d33bf7907, 34463, None)
[2024-09-12T20:42:09.639+0000] {spark_submit.py:579} INFO - 24/09/12 20:42:09 INFO SharedState: Setting hive.metastore.warehouse.dir ('null') to the value of spark.sql.warehouse.dir.
[2024-09-12T20:42:09.658+0000] {spark_submit.py:579} INFO - 24/09/12 20:42:09 INFO SharedState: Warehouse path is 'file:/user/hive/warehouse'.
[2024-09-12T20:42:12.883+0000] {spark_submit.py:579} INFO - 24/09/12 20:42:12 INFO InMemoryFileIndex: It took 799 ms to list leaf files for 1 paths.
[2024-09-12T20:42:15.580+0000] {spark_submit.py:579} INFO - 24/09/12 20:42:15 INFO InMemoryFileIndex: It took 4 ms to list leaf files for 1 paths.
[2024-09-12T20:42:16.020+0000] {spark_submit.py:579} INFO - Final Table:
[2024-09-12T20:42:16.467+0000] {spark_submit.py:579} INFO - 24/09/12 20:42:16 INFO FileSourceStrategy: Pushed Filters: IsNotNull(Type),EqualTo(Type,PC)
[2024-09-12T20:42:16.469+0000] {spark_submit.py:579} INFO - 24/09/12 20:42:16 INFO FileSourceStrategy: Post-Scan Filters: isnotnull(type#16),(type#16 = PC)
[2024-09-12T20:42:16.495+0000] {spark_submit.py:579} INFO - 24/09/12 20:42:16 INFO FileSourceStrategy: Pushed Filters: IsNotNull(MODEL)
[2024-09-12T20:42:16.497+0000] {spark_submit.py:579} INFO - 24/09/12 20:42:16 INFO FileSourceStrategy: Post-Scan Filters: isnotnull(model#1)
[2024-09-12T20:42:17.617+0000] {spark_submit.py:579} INFO - 24/09/12 20:42:17 INFO CodeGenerator: Code generated in 430.535987 ms
[2024-09-12T20:42:17.738+0000] {spark_submit.py:579} INFO - 24/09/12 20:42:17 INFO MemoryStore: Block broadcast_0 stored as values in memory (estimated size 199.6 KiB, free 434.2 MiB)
[2024-09-12T20:42:17.826+0000] {spark_submit.py:579} INFO - 24/09/12 20:42:17 INFO MemoryStore: Block broadcast_0_piece0 stored as bytes in memory (estimated size 34.3 KiB, free 434.2 MiB)
[2024-09-12T20:42:17.832+0000] {spark_submit.py:579} INFO - 24/09/12 20:42:17 INFO BlockManagerInfo: Added broadcast_0_piece0 in memory on e10d33bf7907:34463 (size: 34.3 KiB, free: 434.4 MiB)
[2024-09-12T20:42:17.839+0000] {spark_submit.py:579} INFO - 24/09/12 20:42:17 INFO SparkContext: Created broadcast 0 from $anonfun$withThreadLocalCaptured$1 at FutureTask.java:264
[2024-09-12T20:42:17.876+0000] {spark_submit.py:579} INFO - 24/09/12 20:42:17 INFO FileSourceScanExec: Planning scan with bin packing, max size: 4194304 bytes, open cost is considered as scanning 4194304 bytes.
[2024-09-12T20:42:18.225+0000] {spark_submit.py:579} INFO - 24/09/12 20:42:18 INFO SparkContext: Starting job: $anonfun$withThreadLocalCaptured$1 at FutureTask.java:264
[2024-09-12T20:42:18.252+0000] {spark_submit.py:579} INFO - 24/09/12 20:42:18 INFO DAGScheduler: Got job 0 ($anonfun$withThreadLocalCaptured$1 at FutureTask.java:264) with 1 output partitions
[2024-09-12T20:42:18.253+0000] {spark_submit.py:579} INFO - 24/09/12 20:42:18 INFO DAGScheduler: Final stage: ResultStage 0 ($anonfun$withThreadLocalCaptured$1 at FutureTask.java:264)
[2024-09-12T20:42:18.255+0000] {spark_submit.py:579} INFO - 24/09/12 20:42:18 INFO DAGScheduler: Parents of final stage: List()
[2024-09-12T20:42:18.256+0000] {spark_submit.py:579} INFO - 24/09/12 20:42:18 INFO DAGScheduler: Missing parents: List()
[2024-09-12T20:42:18.263+0000] {spark_submit.py:579} INFO - 24/09/12 20:42:18 INFO DAGScheduler: Submitting ResultStage 0 (MapPartitionsRDD[3] at $anonfun$withThreadLocalCaptured$1 at FutureTask.java:264), which has no missing parents
[2024-09-12T20:42:18.301+0000] {spark_submit.py:579} INFO - 24/09/12 20:42:18 INFO MemoryStore: Block broadcast_1 stored as values in memory (estimated size 15.1 KiB, free 434.2 MiB)
[2024-09-12T20:42:18.309+0000] {spark_submit.py:579} INFO - 24/09/12 20:42:18 INFO MemoryStore: Block broadcast_1_piece0 stored as bytes in memory (estimated size 7.5 KiB, free 434.1 MiB)
[2024-09-12T20:42:18.310+0000] {spark_submit.py:579} INFO - 24/09/12 20:42:18 INFO BlockManagerInfo: Added broadcast_1_piece0 in memory on e10d33bf7907:34463 (size: 7.5 KiB, free: 434.4 MiB)
[2024-09-12T20:42:18.311+0000] {spark_submit.py:579} INFO - 24/09/12 20:42:18 INFO SparkContext: Created broadcast 1 from broadcast at DAGScheduler.scala:1585
[2024-09-12T20:42:18.342+0000] {spark_submit.py:579} INFO - 24/09/12 20:42:18 INFO DAGScheduler: Submitting 1 missing tasks from ResultStage 0 (MapPartitionsRDD[3] at $anonfun$withThreadLocalCaptured$1 at FutureTask.java:264) (first 15 tasks are for partitions Vector(0))
[2024-09-12T20:42:18.344+0000] {spark_submit.py:579} INFO - 24/09/12 20:42:18 INFO TaskSchedulerImpl: Adding task set 0.0 with 1 tasks resource profile 0
[2024-09-12T20:42:18.410+0000] {spark_submit.py:579} INFO - 24/09/12 20:42:18 INFO TaskSetManager: Starting task 0.0 in stage 0.0 (TID 0) (e10d33bf7907, executor driver, partition 0, PROCESS_LOCAL, 9600 bytes)
[2024-09-12T20:42:18.437+0000] {spark_submit.py:579} INFO - 24/09/12 20:42:18 INFO Executor: Running task 0.0 in stage 0.0 (TID 0)
[2024-09-12T20:42:18.624+0000] {spark_submit.py:579} INFO - 24/09/12 20:42:18 INFO CodeGenerator: Code generated in 17.392037 ms
[2024-09-12T20:42:18.630+0000] {spark_submit.py:579} INFO - 24/09/12 20:42:18 INFO FileScanRDD: Reading File path: file:///opt/***/datasets/pc/pc.txt, range: 0-304, partition values: [empty row]
[2024-09-12T20:42:18.657+0000] {spark_submit.py:579} INFO - 24/09/12 20:42:18 INFO CodeGenerator: Code generated in 16.293085 ms
[2024-09-12T20:42:18.721+0000] {spark_submit.py:579} INFO - 24/09/12 20:42:18 INFO CodeGenerator: Code generated in 10.331654 ms
[2024-09-12T20:42:18.855+0000] {spark_submit.py:579} INFO - 24/09/12 20:42:18 INFO Executor: Finished task 0.0 in stage 0.0 (TID 0). 1690 bytes result sent to driver
[2024-09-12T20:42:18.876+0000] {spark_submit.py:579} INFO - 24/09/12 20:42:18 INFO TaskSetManager: Finished task 0.0 in stage 0.0 (TID 0) in 481 ms on e10d33bf7907 (executor driver) (1/1)
[2024-09-12T20:42:18.879+0000] {spark_submit.py:579} INFO - 24/09/12 20:42:18 INFO TaskSchedulerImpl: Removed TaskSet 0.0, whose tasks have all completed, from pool
[2024-09-12T20:42:18.888+0000] {spark_submit.py:579} INFO - 24/09/12 20:42:18 INFO DAGScheduler: ResultStage 0 ($anonfun$withThreadLocalCaptured$1 at FutureTask.java:264) finished in 0.600 s
[2024-09-12T20:42:18.894+0000] {spark_submit.py:579} INFO - 24/09/12 20:42:18 INFO DAGScheduler: Job 0 is finished. Cancelling potential speculative or zombie tasks for this job
[2024-09-12T20:42:18.895+0000] {spark_submit.py:579} INFO - 24/09/12 20:42:18 INFO TaskSchedulerImpl: Killing all running tasks in stage 0: Stage finished
[2024-09-12T20:42:18.898+0000] {spark_submit.py:579} INFO - 24/09/12 20:42:18 INFO DAGScheduler: Job 0 finished: $anonfun$withThreadLocalCaptured$1 at FutureTask.java:264, took 0.672946 s
[2024-09-12T20:42:18.957+0000] {spark_submit.py:579} INFO - 24/09/12 20:42:18 INFO CodeGenerator: Code generated in 17.395502 ms
[2024-09-12T20:42:18.959+0000] {spark_submit.py:579} INFO - 24/09/12 20:42:18 INFO BlockManagerInfo: Removed broadcast_1_piece0 on e10d33bf7907:34463 in memory (size: 7.5 KiB, free: 434.4 MiB)
[2024-09-12T20:42:18.962+0000] {spark_submit.py:579} INFO - 24/09/12 20:42:18 INFO MemoryStore: Block broadcast_2 stored as values in memory (estimated size 1025.1 KiB, free 433.2 MiB)
[2024-09-12T20:42:18.972+0000] {spark_submit.py:579} INFO - 24/09/12 20:42:18 INFO MemoryStore: Block broadcast_2_piece0 stored as bytes in memory (estimated size 343.0 B, free 433.2 MiB)
[2024-09-12T20:42:18.975+0000] {spark_submit.py:579} INFO - 24/09/12 20:42:18 INFO BlockManagerInfo: Added broadcast_2_piece0 in memory on e10d33bf7907:34463 (size: 343.0 B, free: 434.4 MiB)
[2024-09-12T20:42:18.976+0000] {spark_submit.py:579} INFO - 24/09/12 20:42:18 INFO SparkContext: Created broadcast 2 from $anonfun$withThreadLocalCaptured$1 at FutureTask.java:264
[2024-09-12T20:42:19.007+0000] {spark_submit.py:579} INFO - 24/09/12 20:42:19 INFO FileSourceStrategy: Pushed Filters: IsNotNull(Type),EqualTo(Type,PC)
[2024-09-12T20:42:19.009+0000] {spark_submit.py:579} INFO - 24/09/12 20:42:19 INFO FileSourceStrategy: Post-Scan Filters: isnotnull(type#16),(type#16 = PC)
[2024-09-12T20:42:19.260+0000] {spark_submit.py:579} INFO - 24/09/12 20:42:19 INFO CodeGenerator: Code generated in 114.224723 ms
[2024-09-12T20:42:19.269+0000] {spark_submit.py:579} INFO - 24/09/12 20:42:19 INFO MemoryStore: Block broadcast_3 stored as values in memory (estimated size 199.6 KiB, free 433.0 MiB)
[2024-09-12T20:42:19.286+0000] {spark_submit.py:579} INFO - 24/09/12 20:42:19 INFO MemoryStore: Block broadcast_3_piece0 stored as bytes in memory (estimated size 34.3 KiB, free 432.9 MiB)
[2024-09-12T20:42:19.287+0000] {spark_submit.py:579} INFO - 24/09/12 20:42:19 INFO BlockManagerInfo: Added broadcast_3_piece0 in memory on e10d33bf7907:34463 (size: 34.3 KiB, free: 434.3 MiB)
[2024-09-12T20:42:19.290+0000] {spark_submit.py:579} INFO - 24/09/12 20:42:19 INFO SparkContext: Created broadcast 3 from showString at NativeMethodAccessorImpl.java:0
[2024-09-12T20:42:19.293+0000] {spark_submit.py:579} INFO - 24/09/12 20:42:19 INFO FileSourceScanExec: Planning scan with bin packing, max size: 4194304 bytes, open cost is considered as scanning 4194304 bytes.
[2024-09-12T20:42:19.431+0000] {spark_submit.py:579} INFO - 24/09/12 20:42:19 INFO DAGScheduler: Registering RDD 7 (showString at NativeMethodAccessorImpl.java:0) as input to shuffle 0
[2024-09-12T20:42:19.437+0000] {spark_submit.py:579} INFO - 24/09/12 20:42:19 INFO DAGScheduler: Got map stage job 1 (showString at NativeMethodAccessorImpl.java:0) with 1 output partitions
[2024-09-12T20:42:19.439+0000] {spark_submit.py:579} INFO - 24/09/12 20:42:19 INFO DAGScheduler: Final stage: ShuffleMapStage 1 (showString at NativeMethodAccessorImpl.java:0)
[2024-09-12T20:42:19.440+0000] {spark_submit.py:579} INFO - 24/09/12 20:42:19 INFO DAGScheduler: Parents of final stage: List()
[2024-09-12T20:42:19.441+0000] {spark_submit.py:579} INFO - 24/09/12 20:42:19 INFO DAGScheduler: Missing parents: List()
[2024-09-12T20:42:19.443+0000] {spark_submit.py:579} INFO - 24/09/12 20:42:19 INFO DAGScheduler: Submitting ShuffleMapStage 1 (MapPartitionsRDD[7] at showString at NativeMethodAccessorImpl.java:0), which has no missing parents
[2024-09-12T20:42:19.485+0000] {spark_submit.py:579} INFO - 24/09/12 20:42:19 INFO MemoryStore: Block broadcast_4 stored as values in memory (estimated size 52.6 KiB, free 432.9 MiB)
[2024-09-12T20:42:19.490+0000] {spark_submit.py:579} INFO - 24/09/12 20:42:19 INFO MemoryStore: Block broadcast_4_piece0 stored as bytes in memory (estimated size 24.3 KiB, free 432.9 MiB)
[2024-09-12T20:42:19.498+0000] {spark_submit.py:579} INFO - 24/09/12 20:42:19 INFO BlockManagerInfo: Added broadcast_4_piece0 in memory on e10d33bf7907:34463 (size: 24.3 KiB, free: 434.3 MiB)
[2024-09-12T20:42:19.500+0000] {spark_submit.py:579} INFO - 24/09/12 20:42:19 INFO SparkContext: Created broadcast 4 from broadcast at DAGScheduler.scala:1585
[2024-09-12T20:42:19.503+0000] {spark_submit.py:579} INFO - 24/09/12 20:42:19 INFO DAGScheduler: Submitting 1 missing tasks from ShuffleMapStage 1 (MapPartitionsRDD[7] at showString at NativeMethodAccessorImpl.java:0) (first 15 tasks are for partitions Vector(0))
[2024-09-12T20:42:19.505+0000] {spark_submit.py:579} INFO - 24/09/12 20:42:19 INFO TaskSchedulerImpl: Adding task set 1.0 with 1 tasks resource profile 0
[2024-09-12T20:42:19.509+0000] {spark_submit.py:579} INFO - 24/09/12 20:42:19 INFO TaskSetManager: Starting task 0.0 in stage 1.0 (TID 1) (e10d33bf7907, executor driver, partition 0, PROCESS_LOCAL, 9599 bytes)
[2024-09-12T20:42:19.512+0000] {spark_submit.py:579} INFO - 24/09/12 20:42:19 INFO Executor: Running task 0.0 in stage 1.0 (TID 1)
[2024-09-12T20:42:19.648+0000] {spark_submit.py:579} INFO - 24/09/12 20:42:19 INFO CodeGenerator: Code generated in 82.460646 ms
[2024-09-12T20:42:19.675+0000] {spark_submit.py:579} INFO - 24/09/12 20:42:19 INFO CodeGenerator: Code generated in 16.519483 ms
[2024-09-12T20:42:19.705+0000] {spark_submit.py:579} INFO - 24/09/12 20:42:19 INFO CodeGenerator: Code generated in 9.518738 ms
[2024-09-12T20:42:19.726+0000] {spark_submit.py:579} INFO - 24/09/12 20:42:19 INFO CodeGenerator: Code generated in 12.125486 ms
[2024-09-12T20:42:19.745+0000] {spark_submit.py:579} INFO - 24/09/12 20:42:19 INFO CodeGenerator: Code generated in 9.72237 ms
[2024-09-12T20:42:19.757+0000] {spark_submit.py:579} INFO - 24/09/12 20:42:19 INFO FileScanRDD: Reading File path: file:///opt/***/datasets/product/product.txt, range: 0-205, partition values: [empty row]
[2024-09-12T20:42:19.774+0000] {spark_submit.py:579} INFO - 24/09/12 20:42:19 INFO CodeGenerator: Code generated in 12.183335 ms
[2024-09-12T20:42:19.791+0000] {spark_submit.py:579} INFO - 24/09/12 20:42:19 INFO CodeGenerator: Code generated in 9.634742 ms
[2024-09-12T20:42:19.981+0000] {spark_submit.py:579} INFO - 24/09/12 20:42:19 INFO Executor: Finished task 0.0 in stage 1.0 (TID 1). 3550 bytes result sent to driver
[2024-09-12T20:42:19.989+0000] {spark_submit.py:579} INFO - 24/09/12 20:42:19 INFO TaskSetManager: Finished task 0.0 in stage 1.0 (TID 1) in 481 ms on e10d33bf7907 (executor driver) (1/1)
[2024-09-12T20:42:19.990+0000] {spark_submit.py:579} INFO - 24/09/12 20:42:19 INFO TaskSchedulerImpl: Removed TaskSet 1.0, whose tasks have all completed, from pool
[2024-09-12T20:42:19.995+0000] {spark_submit.py:579} INFO - 24/09/12 20:42:19 INFO DAGScheduler: ShuffleMapStage 1 (showString at NativeMethodAccessorImpl.java:0) finished in 0.547 s
[2024-09-12T20:42:19.996+0000] {spark_submit.py:579} INFO - 24/09/12 20:42:19 INFO DAGScheduler: looking for newly runnable stages
[2024-09-12T20:42:19.997+0000] {spark_submit.py:579} INFO - 24/09/12 20:42:19 INFO DAGScheduler: running: Set()
[2024-09-12T20:42:19.998+0000] {spark_submit.py:579} INFO - 24/09/12 20:42:19 INFO DAGScheduler: waiting: Set()
[2024-09-12T20:42:20.000+0000] {spark_submit.py:579} INFO - 24/09/12 20:42:19 INFO DAGScheduler: failed: Set()
[2024-09-12T20:42:20.036+0000] {spark_submit.py:579} INFO - 24/09/12 20:42:20 INFO ShufflePartitionsUtil: For shuffle(0), advisory target size: 67108864, actual target size 1048576, minimum partition size: 1048576
[2024-09-12T20:42:20.077+0000] {spark_submit.py:579} INFO - 24/09/12 20:42:20 INFO HashAggregateExec: spark.sql.codegen.aggregate.map.twolevel.enabled is set to true, but current version of codegened fast hashmap does not support this aggregate.
[2024-09-12T20:42:20.122+0000] {spark_submit.py:579} INFO - 24/09/12 20:42:20 INFO CodeGenerator: Code generated in 25.296496 ms
[2024-09-12T20:42:20.175+0000] {spark_submit.py:579} INFO - 24/09/12 20:42:20 INFO SparkContext: Starting job: showString at NativeMethodAccessorImpl.java:0
[2024-09-12T20:42:20.179+0000] {spark_submit.py:579} INFO - 24/09/12 20:42:20 INFO DAGScheduler: Got job 2 (showString at NativeMethodAccessorImpl.java:0) with 1 output partitions
[2024-09-12T20:42:20.180+0000] {spark_submit.py:579} INFO - 24/09/12 20:42:20 INFO DAGScheduler: Final stage: ResultStage 3 (showString at NativeMethodAccessorImpl.java:0)
[2024-09-12T20:42:20.181+0000] {spark_submit.py:579} INFO - 24/09/12 20:42:20 INFO DAGScheduler: Parents of final stage: List(ShuffleMapStage 2)
[2024-09-12T20:42:20.182+0000] {spark_submit.py:579} INFO - 24/09/12 20:42:20 INFO DAGScheduler: Missing parents: List()
[2024-09-12T20:42:20.184+0000] {spark_submit.py:579} INFO - 24/09/12 20:42:20 INFO DAGScheduler: Submitting ResultStage 3 (MapPartitionsRDD[10] at showString at NativeMethodAccessorImpl.java:0), which has no missing parents
[2024-09-12T20:42:20.203+0000] {spark_submit.py:579} INFO - 24/09/12 20:42:20 INFO MemoryStore: Block broadcast_5 stored as values in memory (estimated size 52.7 KiB, free 432.8 MiB)
[2024-09-12T20:42:20.218+0000] {spark_submit.py:579} INFO - 24/09/12 20:42:20 INFO MemoryStore: Block broadcast_5_piece0 stored as bytes in memory (estimated size 24.3 KiB, free 432.8 MiB)
[2024-09-12T20:42:20.219+0000] {spark_submit.py:579} INFO - 24/09/12 20:42:20 INFO BlockManagerInfo: Removed broadcast_4_piece0 on e10d33bf7907:34463 in memory (size: 24.3 KiB, free: 434.3 MiB)
[2024-09-12T20:42:20.220+0000] {spark_submit.py:579} INFO - 24/09/12 20:42:20 INFO BlockManagerInfo: Added broadcast_5_piece0 in memory on e10d33bf7907:34463 (size: 24.3 KiB, free: 434.3 MiB)
[2024-09-12T20:42:20.222+0000] {spark_submit.py:579} INFO - 24/09/12 20:42:20 INFO SparkContext: Created broadcast 5 from broadcast at DAGScheduler.scala:1585
[2024-09-12T20:42:20.223+0000] {spark_submit.py:579} INFO - 24/09/12 20:42:20 INFO DAGScheduler: Submitting 1 missing tasks from ResultStage 3 (MapPartitionsRDD[10] at showString at NativeMethodAccessorImpl.java:0) (first 15 tasks are for partitions Vector(0))
[2024-09-12T20:42:20.224+0000] {spark_submit.py:579} INFO - 24/09/12 20:42:20 INFO TaskSchedulerImpl: Adding task set 3.0 with 1 tasks resource profile 0
[2024-09-12T20:42:20.233+0000] {spark_submit.py:579} INFO - 24/09/12 20:42:20 INFO TaskSetManager: Starting task 0.0 in stage 3.0 (TID 2) (e10d33bf7907, executor driver, partition 0, NODE_LOCAL, 8999 bytes)
[2024-09-12T20:42:20.235+0000] {spark_submit.py:579} INFO - 24/09/12 20:42:20 INFO Executor: Running task 0.0 in stage 3.0 (TID 2)
[2024-09-12T20:42:20.302+0000] {spark_submit.py:579} INFO - 24/09/12 20:42:20 INFO ShuffleBlockFetcherIterator: Getting 1 (240.0 B) non-empty blocks including 1 (240.0 B) local and 0 (0.0 B) host-local and 0 (0.0 B) push-merged-local and 0 (0.0 B) remote blocks
[2024-09-12T20:42:20.307+0000] {spark_submit.py:579} INFO - 24/09/12 20:42:20 INFO ShuffleBlockFetcherIterator: Started 0 remote fetches in 21 ms
[2024-09-12T20:42:20.340+0000] {spark_submit.py:579} INFO - 24/09/12 20:42:20 INFO CodeGenerator: Code generated in 25.39522 ms
[2024-09-12T20:42:20.378+0000] {spark_submit.py:579} INFO - 24/09/12 20:42:20 INFO Executor: Finished task 0.0 in stage 3.0 (TID 2). 6058 bytes result sent to driver
[2024-09-12T20:42:20.383+0000] {spark_submit.py:579} INFO - 24/09/12 20:42:20 INFO TaskSetManager: Finished task 0.0 in stage 3.0 (TID 2) in 153 ms on e10d33bf7907 (executor driver) (1/1)
[2024-09-12T20:42:20.385+0000] {spark_submit.py:579} INFO - 24/09/12 20:42:20 INFO TaskSchedulerImpl: Removed TaskSet 3.0, whose tasks have all completed, from pool
[2024-09-12T20:42:20.386+0000] {spark_submit.py:579} INFO - 24/09/12 20:42:20 INFO DAGScheduler: ResultStage 3 (showString at NativeMethodAccessorImpl.java:0) finished in 0.187 s
[2024-09-12T20:42:20.388+0000] {spark_submit.py:579} INFO - 24/09/12 20:42:20 INFO DAGScheduler: Job 2 is finished. Cancelling potential speculative or zombie tasks for this job
[2024-09-12T20:42:20.390+0000] {spark_submit.py:579} INFO - 24/09/12 20:42:20 INFO TaskSchedulerImpl: Killing all running tasks in stage 3: Stage finished
[2024-09-12T20:42:20.392+0000] {spark_submit.py:579} INFO - 24/09/12 20:42:20 INFO DAGScheduler: Job 2 finished: showString at NativeMethodAccessorImpl.java:0, took 0.213610 s
[2024-09-12T20:42:22.180+0000] {spark_submit.py:579} INFO - 24/09/12 20:42:22 INFO CodeGenerator: Code generated in 10.49004 ms
[2024-09-12T20:42:22.195+0000] {spark_submit.py:579} INFO - +-----+
[2024-09-12T20:42:22.196+0000] {spark_submit.py:579} INFO - |maker|
[2024-09-12T20:42:22.198+0000] {spark_submit.py:579} INFO - +-----+
[2024-09-12T20:42:22.200+0000] {spark_submit.py:579} INFO - |    B|
[2024-09-12T20:42:22.202+0000] {spark_submit.py:579} INFO - |    A|
[2024-09-12T20:42:22.203+0000] {spark_submit.py:579} INFO - +-----+
[2024-09-12T20:42:22.204+0000] {spark_submit.py:579} INFO - 
[2024-09-12T20:42:22.357+0000] {spark_submit.py:579} INFO - 24/09/12 20:42:22 INFO HiveConf: Found configuration file null
[2024-09-12T20:42:22.375+0000] {spark_submit.py:579} INFO - 24/09/12 20:42:22 INFO HiveUtils: Initializing HiveMetastoreConnection version 2.3.9 using Spark classes.
[2024-09-12T20:42:22.774+0000] {spark_submit.py:579} INFO - 24/09/12 20:42:22 INFO BlockManagerInfo: Removed broadcast_5_piece0 on e10d33bf7907:34463 in memory (size: 24.3 KiB, free: 434.3 MiB)
[2024-09-12T20:42:22.878+0000] {spark_submit.py:579} INFO - 24/09/12 20:42:22 INFO HiveClientImpl: Warehouse location for Hive client (version 2.3.9) is file:/user/hive/warehouse
[2024-09-12T20:42:23.222+0000] {spark_submit.py:579} INFO - 24/09/12 20:42:23 WARN HiveConf: HiveConf of name hive.stats.jdbc.timeout does not exist
[2024-09-12T20:42:23.223+0000] {spark_submit.py:579} INFO - 24/09/12 20:42:23 WARN HiveConf: HiveConf of name hive.stats.retries.wait does not exist
[2024-09-12T20:42:23.224+0000] {spark_submit.py:579} INFO - 24/09/12 20:42:23 INFO HiveMetaStore: 0: Opening raw store with implementation class:org.apache.hadoop.hive.metastore.ObjectStore
[2024-09-12T20:42:23.316+0000] {spark_submit.py:579} INFO - 24/09/12 20:42:23 INFO ObjectStore: ObjectStore, initialize called
[2024-09-12T20:42:23.736+0000] {spark_submit.py:579} INFO - 24/09/12 20:42:23 INFO Persistence: Property hive.metastore.integral.jdo.pushdown unknown - will be ignored
[2024-09-12T20:42:23.738+0000] {spark_submit.py:579} INFO - 24/09/12 20:42:23 INFO Persistence: Property datanucleus.cache.level2 unknown - will be ignored
[2024-09-12T20:42:26.210+0000] {spark_submit.py:579} INFO - 24/09/12 20:42:26 INFO ObjectStore: Setting MetaStore object pin classes with hive.metastore.cache.pinobjtypes="Table,StorageDescriptor,SerDeInfo,Partition,Database,Type,FieldSchema,Order"
[2024-09-12T20:42:28.845+0000] {spark_submit.py:579} INFO - 24/09/12 20:42:28 INFO MetaStoreDirectSql: Using direct SQL, underlying DB is DERBY
[2024-09-12T20:42:28.850+0000] {spark_submit.py:579} INFO - 24/09/12 20:42:28 INFO ObjectStore: Initialized ObjectStore
[2024-09-12T20:42:29.089+0000] {spark_submit.py:579} INFO - 24/09/12 20:42:29 WARN ObjectStore: Version information not found in metastore. hive.metastore.schema.verification is not enabled so recording the schema version 2.3.0
[2024-09-12T20:42:29.093+0000] {spark_submit.py:579} INFO - 24/09/12 20:42:29 WARN ObjectStore: setMetaStoreSchemaVersion called but recording version is disabled: version = 2.3.0, comment = Set by MetaStore UNKNOWN@172.18.0.5
[2024-09-12T20:42:29.612+0000] {spark_submit.py:579} INFO - 24/09/12 20:42:29 INFO HiveMetaStore: Added admin role in metastore
[2024-09-12T20:42:29.617+0000] {spark_submit.py:579} INFO - 24/09/12 20:42:29 INFO HiveMetaStore: Added public role in metastore
[2024-09-12T20:42:29.713+0000] {spark_submit.py:579} INFO - 24/09/12 20:42:29 INFO HiveMetaStore: No user is added in admin role, since config is empty
[2024-09-12T20:42:30.146+0000] {spark_submit.py:579} INFO - 24/09/12 20:42:30 INFO HiveMetaStore: 0: get_database: default
[2024-09-12T20:42:30.153+0000] {spark_submit.py:579} INFO - 24/09/12 20:42:30 INFO audit: ugi=***	ip=unknown-ip-addr	cmd=get_database: default
[2024-09-12T20:42:30.172+0000] {spark_submit.py:579} INFO - 24/09/12 20:42:30 INFO HiveMetaStore: 0: get_table : db=default tbl=pc_makers
[2024-09-12T20:42:30.177+0000] {spark_submit.py:579} INFO - 24/09/12 20:42:30 INFO audit: ugi=***	ip=unknown-ip-addr	cmd=get_table : db=default tbl=pc_makers
[2024-09-12T20:42:30.365+0000] {spark_submit.py:579} INFO - 24/09/12 20:42:30 INFO HiveMetaStore: 0: get_table : db=default tbl=pc_makers
[2024-09-12T20:42:30.367+0000] {spark_submit.py:579} INFO - 24/09/12 20:42:30 INFO audit: ugi=***	ip=unknown-ip-addr	cmd=get_table : db=default tbl=pc_makers
[2024-09-12T20:42:30.379+0000] {spark_submit.py:579} INFO - 24/09/12 20:42:30 INFO HiveMetaStore: 0: get_database: default
[2024-09-12T20:42:30.381+0000] {spark_submit.py:579} INFO - 24/09/12 20:42:30 INFO audit: ugi=***	ip=unknown-ip-addr	cmd=get_database: default
[2024-09-12T20:42:30.387+0000] {spark_submit.py:579} INFO - 24/09/12 20:42:30 INFO HiveMetaStore: 0: get_table : db=default tbl=pc_makers
[2024-09-12T20:42:30.389+0000] {spark_submit.py:579} INFO - 24/09/12 20:42:30 INFO audit: ugi=***	ip=unknown-ip-addr	cmd=get_table : db=default tbl=pc_makers
[2024-09-12T20:42:30.394+0000] {spark_submit.py:579} INFO - 24/09/12 20:42:30 INFO HiveMetaStore: 0: get_database: default
[2024-09-12T20:42:30.395+0000] {spark_submit.py:579} INFO - 24/09/12 20:42:30 INFO audit: ugi=***	ip=unknown-ip-addr	cmd=get_database: default
[2024-09-12T20:42:30.403+0000] {spark_submit.py:579} INFO - 24/09/12 20:42:30 INFO HiveMetaStore: 0: get_database: default
[2024-09-12T20:42:30.404+0000] {spark_submit.py:579} INFO - 24/09/12 20:42:30 INFO audit: ugi=***	ip=unknown-ip-addr	cmd=get_database: default
[2024-09-12T20:42:30.504+0000] {spark_submit.py:579} INFO - 24/09/12 20:42:30 INFO HiveMetaStore: 0: get_database: default
[2024-09-12T20:42:30.506+0000] {spark_submit.py:579} INFO - 24/09/12 20:42:30 INFO audit: ugi=***	ip=unknown-ip-addr	cmd=get_database: default
[2024-09-12T20:42:30.511+0000] {spark_submit.py:579} INFO - 24/09/12 20:42:30 INFO HiveMetaStore: 0: get_table : db=default tbl=pc_makers
[2024-09-12T20:42:30.512+0000] {spark_submit.py:579} INFO - 24/09/12 20:42:30 INFO audit: ugi=***	ip=unknown-ip-addr	cmd=get_table : db=default tbl=pc_makers
[2024-09-12T20:42:30.515+0000] {spark_submit.py:579} INFO - 24/09/12 20:42:30 INFO HiveMetaStore: 0: get_database: default
[2024-09-12T20:42:30.516+0000] {spark_submit.py:579} INFO - 24/09/12 20:42:30 INFO audit: ugi=***	ip=unknown-ip-addr	cmd=get_database: default
[2024-09-12T20:42:30.682+0000] {spark_submit.py:579} INFO - 24/09/12 20:42:30 INFO SQLStdHiveAccessController: Created SQLStdHiveAccessController for session context : HiveAuthzSessionContext [sessionString=2a200fed-b18c-4f6a-8656-bd371bf366cd, clientType=HIVECLI]
[2024-09-12T20:42:30.685+0000] {spark_submit.py:579} INFO - 24/09/12 20:42:30 WARN SessionState: METASTORE_FILTER_HOOK will be ignored, since hive.security.authorization.manager is set to instance of HiveAuthorizerFactory.
[2024-09-12T20:42:30.687+0000] {spark_submit.py:579} INFO - 24/09/12 20:42:30 INFO metastore: Mestastore configuration hive.metastore.filter.hook changed from org.apache.hadoop.hive.metastore.DefaultMetaStoreFilterHookImpl to org.apache.hadoop.hive.ql.security.authorization.plugin.AuthorizationMetaStoreFilterHook
[2024-09-12T20:42:30.688+0000] {spark_submit.py:579} INFO - 24/09/12 20:42:30 INFO HiveMetaStore: 0: Cleaning up thread local RawStore...
[2024-09-12T20:42:30.690+0000] {spark_submit.py:579} INFO - 24/09/12 20:42:30 INFO audit: ugi=***	ip=unknown-ip-addr	cmd=Cleaning up thread local RawStore...
[2024-09-12T20:42:30.691+0000] {spark_submit.py:579} INFO - 24/09/12 20:42:30 INFO HiveMetaStore: 0: Done cleaning up thread local RawStore
[2024-09-12T20:42:30.692+0000] {spark_submit.py:579} INFO - 24/09/12 20:42:30 INFO audit: ugi=***	ip=unknown-ip-addr	cmd=Done cleaning up thread local RawStore
[2024-09-12T20:42:30.911+0000] {spark_submit.py:579} INFO - 24/09/12 20:42:30 INFO BlockManagerInfo: Removed broadcast_2_piece0 on e10d33bf7907:34463 in memory (size: 343.0 B, free: 434.3 MiB)
[2024-09-12T20:42:30.936+0000] {spark_submit.py:579} INFO - 24/09/12 20:42:30 INFO BlockManagerInfo: Removed broadcast_0_piece0 on e10d33bf7907:34463 in memory (size: 34.3 KiB, free: 434.4 MiB)
[2024-09-12T20:42:30.953+0000] {spark_submit.py:579} INFO - 24/09/12 20:42:30 INFO BlockManagerInfo: Removed broadcast_3_piece0 on e10d33bf7907:34463 in memory (size: 34.3 KiB, free: 434.4 MiB)
[2024-09-12T20:42:31.081+0000] {spark_submit.py:579} INFO - 24/09/12 20:42:31 INFO HiveMetaStore: 0: create_table: Table(tableName:pc_makers, dbName:default, owner:***, createTime:1726173750, lastAccessTime:0, retention:0, sd:StorageDescriptor(cols:[FieldSchema(name:maker, type:string, comment:null)], location:file:/user/hive/warehouse/pc_makers, inputFormat:org.apache.hadoop.mapred.TextInputFormat, outputFormat:org.apache.hadoop.hive.ql.io.HiveIgnoreKeyTextOutputFormat, compressed:false, numBuckets:-1, serdeInfo:SerDeInfo(name:null, serializationLib:org.apache.hadoop.hive.serde2.lazy.LazySimpleSerDe, parameters:{serialization.format=1}), bucketCols:[], sortCols:[], parameters:{}, skewedInfo:SkewedInfo(skewedColNames:[], skewedColValues:[], skewedColValueLocationMaps:{})), partitionKeys:[], parameters:{spark.sql.sources.schema={"type":"struct","fields":[{"name":"maker","type":"string","nullable":true,"metadata":{}}]}, spark.sql.create.version=3.5.2}, viewOriginalText:null, viewExpandedText:null, tableType:MANAGED_TABLE, privileges:PrincipalPrivilegeSet(userPrivileges:{***=[PrivilegeGrantInfo(privilege:INSERT, createTime:-1, grantor:***, grantorType:USER, grantOption:true), PrivilegeGrantInfo(privilege:SELECT, createTime:-1, grantor:***, grantorType:USER, grantOption:true), PrivilegeGrantInfo(privilege:UPDATE, createTime:-1, grantor:***, grantorType:USER, grantOption:true), PrivilegeGrantInfo(privilege:DELETE, createTime:-1, grantor:***, grantorType:USER, grantOption:true)]}, groupPrivileges:null, rolePrivileges:null))
[2024-09-12T20:42:31.082+0000] {spark_submit.py:579} INFO - 24/09/12 20:42:31 INFO audit: ugi=***	ip=unknown-ip-addr	cmd=create_table: Table(tableName:pc_makers, dbName:default, owner:***, createTime:1726173750, lastAccessTime:0, retention:0, sd:StorageDescriptor(cols:[FieldSchema(name:maker, type:string, comment:null)], location:file:/user/hive/warehouse/pc_makers, inputFormat:org.apache.hadoop.mapred.TextInputFormat, outputFormat:org.apache.hadoop.hive.ql.io.HiveIgnoreKeyTextOutputFormat, compressed:false, numBuckets:-1, serdeInfo:SerDeInfo(name:null, serializationLib:org.apache.hadoop.hive.serde2.lazy.LazySimpleSerDe, parameters:{serialization.format=1}), bucketCols:[], sortCols:[], parameters:{}, skewedInfo:SkewedInfo(skewedColNames:[], skewedColValues:[], skewedColValueLocationMaps:{})), partitionKeys:[], parameters:{spark.sql.sources.schema={"type":"struct","fields":[{"name":"maker","type":"string","nullable":true,"metadata":{}}]}, spark.sql.create.version=3.5.2}, viewOriginalText:null, viewExpandedText:null, tableType:MANAGED_TABLE, privileges:PrincipalPrivilegeSet(userPrivileges:{***=[PrivilegeGrantInfo(privilege:INSERT, createTime:-1, grantor:***, grantorType:USER, grantOption:true), PrivilegeGrantInfo(privilege:SELECT, createTime:-1, grantor:***, grantorType:USER, grantOption:true), PrivilegeGrantInfo(privilege:UPDATE, createTime:-1, grantor:***, grantorType:USER, grantOption:true), PrivilegeGrantInfo(privilege:DELETE, createTime:-1, grantor:***, grantorType:USER, grantOption:true)]}, groupPrivileges:null, rolePrivileges:null))
[2024-09-12T20:42:31.107+0000] {spark_submit.py:579} INFO - 24/09/12 20:42:31 WARN HiveConf: HiveConf of name hive.internal.ss.authz.settings.applied.marker does not exist
[2024-09-12T20:42:31.108+0000] {spark_submit.py:579} INFO - 24/09/12 20:42:31 WARN HiveConf: HiveConf of name hive.stats.jdbc.timeout does not exist
[2024-09-12T20:42:31.109+0000] {spark_submit.py:579} INFO - 24/09/12 20:42:31 WARN HiveConf: HiveConf of name hive.stats.retries.wait does not exist
[2024-09-12T20:42:31.110+0000] {spark_submit.py:579} INFO - 24/09/12 20:42:31 INFO HiveMetaStore: 0: Opening raw store with implementation class:org.apache.hadoop.hive.metastore.ObjectStore
[2024-09-12T20:42:31.114+0000] {spark_submit.py:579} INFO - 24/09/12 20:42:31 INFO ObjectStore: ObjectStore, initialize called
[2024-09-12T20:42:31.123+0000] {spark_submit.py:579} INFO - 24/09/12 20:42:31 INFO MetaStoreDirectSql: Using direct SQL, underlying DB is DERBY
[2024-09-12T20:42:31.125+0000] {spark_submit.py:579} INFO - 24/09/12 20:42:31 INFO ObjectStore: Initialized ObjectStore
[2024-09-12T20:42:31.128+0000] {spark_submit.py:579} INFO - 24/09/12 20:42:31 WARN HiveMetaStore: Location: file:/user/hive/warehouse/pc_makers specified for non-external table:pc_makers
[2024-09-12T20:42:31.129+0000] {spark_submit.py:579} INFO - 24/09/12 20:42:31 INFO FileUtils: Creating directory if it doesn't exist: file:/user/hive/warehouse/pc_makers
[2024-09-12T20:42:31.481+0000] {spark_submit.py:579} INFO - Traceback (most recent call last):
[2024-09-12T20:42:31.482+0000] {spark_submit.py:579} INFO - File "/opt/***/dags/spark_job.py", line 78, in <module>
[2024-09-12T20:42:31.487+0000] {spark_submit.py:579} INFO - .saveAsTable("pc_makers")
[2024-09-12T20:42:31.488+0000] {spark_submit.py:579} INFO - ^^^^^^^^^^^^^^^^^^^^^^^^
[2024-09-12T20:42:31.490+0000] {spark_submit.py:579} INFO - File "/home/***/.local/lib/python3.12/site-packages/pyspark/sql/readwriter.py", line 1586, in saveAsTable
[2024-09-12T20:42:31.491+0000] {spark_submit.py:579} INFO - self._jwrite.saveAsTable(name)
[2024-09-12T20:42:31.492+0000] {spark_submit.py:579} INFO - File "/home/***/.local/lib/python3.12/site-packages/py4j/java_gateway.py", line 1322, in __call__
[2024-09-12T20:42:31.493+0000] {spark_submit.py:579} INFO - return_value = get_return_value(
[2024-09-12T20:42:31.494+0000] {spark_submit.py:579} INFO - ^^^^^^^^^^^^^^^^^
[2024-09-12T20:42:31.496+0000] {spark_submit.py:579} INFO - File "/home/***/.local/lib/python3.12/site-packages/pyspark/errors/exceptions/captured.py", line 185, in deco
[2024-09-12T20:42:31.497+0000] {spark_submit.py:579} INFO - raise converted from None
[2024-09-12T20:42:31.506+0000] {spark_submit.py:579} INFO - pyspark.errors.exceptions.captured.AnalysisException: org.apache.hadoop.hive.ql.metadata.HiveException: MetaException(message:file:/user/hive/warehouse/pc_makers is not a directory or unable to create one)
[2024-09-12T20:42:31.614+0000] {spark_submit.py:579} INFO - 24/09/12 20:42:31 INFO SparkContext: Invoking stop() from shutdown hook
[2024-09-12T20:42:31.615+0000] {spark_submit.py:579} INFO - 24/09/12 20:42:31 INFO SparkContext: SparkContext is stopping with exitCode 0.
[2024-09-12T20:42:31.639+0000] {spark_submit.py:579} INFO - 24/09/12 20:42:31 INFO SparkUI: Stopped Spark web UI at http://e10d33bf7907:4040
[2024-09-12T20:42:31.675+0000] {spark_submit.py:579} INFO - 24/09/12 20:42:31 INFO MapOutputTrackerMasterEndpoint: MapOutputTrackerMasterEndpoint stopped!
[2024-09-12T20:42:31.708+0000] {spark_submit.py:579} INFO - 24/09/12 20:42:31 INFO MemoryStore: MemoryStore cleared
[2024-09-12T20:42:31.709+0000] {spark_submit.py:579} INFO - 24/09/12 20:42:31 INFO BlockManager: BlockManager stopped
[2024-09-12T20:42:31.717+0000] {spark_submit.py:579} INFO - 24/09/12 20:42:31 INFO BlockManagerMaster: BlockManagerMaster stopped
[2024-09-12T20:42:31.724+0000] {spark_submit.py:579} INFO - 24/09/12 20:42:31 INFO OutputCommitCoordinator$OutputCommitCoordinatorEndpoint: OutputCommitCoordinator stopped!
[2024-09-12T20:42:31.742+0000] {spark_submit.py:579} INFO - 24/09/12 20:42:31 INFO SparkContext: Successfully stopped SparkContext
[2024-09-12T20:42:31.743+0000] {spark_submit.py:579} INFO - 24/09/12 20:42:31 INFO ShutdownHookManager: Shutdown hook called
[2024-09-12T20:42:31.744+0000] {spark_submit.py:579} INFO - 24/09/12 20:42:31 INFO ShutdownHookManager: Deleting directory /tmp/spark-4656ec12-e545-4eeb-a7dd-5542ab957dd4
[2024-09-12T20:42:31.753+0000] {spark_submit.py:579} INFO - 24/09/12 20:42:31 INFO ShutdownHookManager: Deleting directory /tmp/spark-0fd4c511-3c22-4caf-a35d-74188a0abed5
[2024-09-12T20:42:31.763+0000] {spark_submit.py:579} INFO - 24/09/12 20:42:31 INFO ShutdownHookManager: Deleting directory /tmp/spark-4656ec12-e545-4eeb-a7dd-5542ab957dd4/pyspark-72c212f1-73b8-4c57-86d5-49167c32d00d
[2024-09-12T20:42:31.892+0000] {taskinstance.py:3310} ERROR - Task failed with exception
Traceback (most recent call last):
  File "/home/airflow/.local/lib/python3.12/site-packages/airflow/models/taskinstance.py", line 767, in _execute_task
    result = _execute_callable(context=context, **execute_callable_kwargs)
             ^^^^^^^^^^^^^^^^^^^^^^^^^^^^^^^^^^^^^^^^^^^^^^^^^^^^^^^^^^^^^
  File "/home/airflow/.local/lib/python3.12/site-packages/airflow/models/taskinstance.py", line 733, in _execute_callable
    return ExecutionCallableRunner(
           ^^^^^^^^^^^^^^^^^^^^^^^^
  File "/home/airflow/.local/lib/python3.12/site-packages/airflow/utils/operator_helpers.py", line 252, in run
    return self.func(*args, **kwargs)
           ^^^^^^^^^^^^^^^^^^^^^^^^^^
  File "/home/airflow/.local/lib/python3.12/site-packages/airflow/models/baseoperator.py", line 406, in wrapper
    return func(self, *args, **kwargs)
           ^^^^^^^^^^^^^^^^^^^^^^^^^^^
  File "/home/airflow/.local/lib/python3.12/site-packages/airflow/providers/apache/spark/operators/spark_submit.py", line 174, in execute
    self._hook.submit(self.application)
  File "/home/airflow/.local/lib/python3.12/site-packages/airflow/providers/apache/spark/hooks/spark_submit.py", line 505, in submit
    raise AirflowException(
airflow.exceptions.AirflowException: Cannot execute: spark-submit --master spark://spark-master:7077 --conf spark.master=spark://spark-master:7077 --name arrow-spark --verbose --deploy-mode client /opt/***/dags/spark_job.py. Error code is: 1.
[2024-09-12T20:42:31.909+0000] {taskinstance.py:1225} INFO - Marking task as UP_FOR_RETRY. dag_id=spark_find_makers_dag, task_id=spark_submit_task, run_id=scheduled__2024-09-11T00:00:00+00:00, execution_date=20240911T000000, start_date=20240912T204154, end_date=20240912T204231
[2024-09-12T20:42:31.952+0000] {taskinstance.py:340} INFO - ::group::Post task execution logs
[2024-09-12T20:42:31.954+0000] {standard_task_runner.py:124} ERROR - Failed to execute job 523 for task spark_submit_task (Cannot execute: spark-submit --master spark://spark-master:7077 --conf spark.master=spark://spark-master:7077 --name arrow-spark --verbose --deploy-mode client /opt/***/dags/spark_job.py. Error code is: 1.; 144)
Traceback (most recent call last):
  File "/home/airflow/.local/lib/python3.12/site-packages/airflow/task/task_runner/standard_task_runner.py", line 117, in _start_by_fork
    ret = args.func(args, dag=self.dag)
          ^^^^^^^^^^^^^^^^^^^^^^^^^^^^^
  File "/home/airflow/.local/lib/python3.12/site-packages/airflow/cli/cli_config.py", line 49, in command
    return func(*args, **kwargs)
           ^^^^^^^^^^^^^^^^^^^^^
  File "/home/airflow/.local/lib/python3.12/site-packages/airflow/utils/cli.py", line 115, in wrapper
    return f(*args, **kwargs)
           ^^^^^^^^^^^^^^^^^^
  File "/home/airflow/.local/lib/python3.12/site-packages/airflow/cli/commands/task_command.py", line 483, in task_run
    task_return_code = _run_task_by_selected_method(args, _dag, ti)
                       ^^^^^^^^^^^^^^^^^^^^^^^^^^^^^^^^^^^^^^^^^^^^
  File "/home/airflow/.local/lib/python3.12/site-packages/airflow/cli/commands/task_command.py", line 256, in _run_task_by_selected_method
    return _run_raw_task(args, ti)
           ^^^^^^^^^^^^^^^^^^^^^^^
  File "/home/airflow/.local/lib/python3.12/site-packages/airflow/cli/commands/task_command.py", line 341, in _run_raw_task
    return ti._run_raw_task(
           ^^^^^^^^^^^^^^^^^
  File "/home/airflow/.local/lib/python3.12/site-packages/airflow/utils/session.py", line 97, in wrapper
    return func(*args, session=session, **kwargs)
           ^^^^^^^^^^^^^^^^^^^^^^^^^^^^^^^^^^^^^^
  File "/home/airflow/.local/lib/python3.12/site-packages/airflow/models/taskinstance.py", line 3004, in _run_raw_task
    return _run_raw_task(
           ^^^^^^^^^^^^^^
  File "/home/airflow/.local/lib/python3.12/site-packages/airflow/models/taskinstance.py", line 273, in _run_raw_task
    TaskInstance._execute_task_with_callbacks(
  File "/home/airflow/.local/lib/python3.12/site-packages/airflow/models/taskinstance.py", line 3158, in _execute_task_with_callbacks
    result = self._execute_task(context, task_orig)
             ^^^^^^^^^^^^^^^^^^^^^^^^^^^^^^^^^^^^^^
  File "/home/airflow/.local/lib/python3.12/site-packages/airflow/models/taskinstance.py", line 3182, in _execute_task
    return _execute_task(self, context, task_orig)
           ^^^^^^^^^^^^^^^^^^^^^^^^^^^^^^^^^^^^^^^
  File "/home/airflow/.local/lib/python3.12/site-packages/airflow/models/taskinstance.py", line 767, in _execute_task
    result = _execute_callable(context=context, **execute_callable_kwargs)
             ^^^^^^^^^^^^^^^^^^^^^^^^^^^^^^^^^^^^^^^^^^^^^^^^^^^^^^^^^^^^^
  File "/home/airflow/.local/lib/python3.12/site-packages/airflow/models/taskinstance.py", line 733, in _execute_callable
    return ExecutionCallableRunner(
           ^^^^^^^^^^^^^^^^^^^^^^^^
  File "/home/airflow/.local/lib/python3.12/site-packages/airflow/utils/operator_helpers.py", line 252, in run
    return self.func(*args, **kwargs)
           ^^^^^^^^^^^^^^^^^^^^^^^^^^
  File "/home/airflow/.local/lib/python3.12/site-packages/airflow/models/baseoperator.py", line 406, in wrapper
    return func(self, *args, **kwargs)
           ^^^^^^^^^^^^^^^^^^^^^^^^^^^
  File "/home/airflow/.local/lib/python3.12/site-packages/airflow/providers/apache/spark/operators/spark_submit.py", line 174, in execute
    self._hook.submit(self.application)
  File "/home/airflow/.local/lib/python3.12/site-packages/airflow/providers/apache/spark/hooks/spark_submit.py", line 505, in submit
    raise AirflowException(
airflow.exceptions.AirflowException: Cannot execute: spark-submit --master spark://spark-master:7077 --conf spark.master=spark://spark-master:7077 --name arrow-spark --verbose --deploy-mode client /opt/***/dags/spark_job.py. Error code is: 1.
[2024-09-12T20:42:31.995+0000] {local_task_job_runner.py:266} INFO - Task exited with return code 1
[2024-09-12T20:42:32.026+0000] {taskinstance.py:3900} INFO - 0 downstream tasks scheduled from follow-on schedule check
[2024-09-12T20:42:32.032+0000] {local_task_job_runner.py:245} INFO - ::endgroup::
