[2024-09-12T21:54:33.752+0000] {local_task_job_runner.py:123} INFO - ::group::Pre task execution logs
[2024-09-12T21:54:33.828+0000] {taskinstance.py:2612} INFO - Dependencies all met for dep_context=non-requeueable deps ti=<TaskInstance: spark_find_makers_dag.spark_submit_task scheduled__2024-09-11T00:00:00+00:00 [queued]>
[2024-09-12T21:54:33.852+0000] {taskinstance.py:2612} INFO - Dependencies all met for dep_context=requeueable deps ti=<TaskInstance: spark_find_makers_dag.spark_submit_task scheduled__2024-09-11T00:00:00+00:00 [queued]>
[2024-09-12T21:54:33.853+0000] {taskinstance.py:2865} INFO - Starting attempt 16 of 19
[2024-09-12T21:54:33.893+0000] {taskinstance.py:2888} INFO - Executing <Task(SparkSubmitOperator): spark_submit_task> on 2024-09-11 00:00:00+00:00
[2024-09-12T21:54:33.910+0000] {warnings.py:112} WARNING - /home/***/.local/lib/python3.12/site-packages/***/task/task_runner/standard_task_runner.py:70: DeprecationWarning: This process (pid=874) is multi-threaded, use of fork() may lead to deadlocks in the child.
  pid = os.fork()

[2024-09-12T21:54:33.913+0000] {standard_task_runner.py:72} INFO - Started process 875 to run task
[2024-09-12T21:54:33.912+0000] {standard_task_runner.py:104} INFO - Running: ['***', 'tasks', 'run', 'spark_find_makers_dag', 'spark_submit_task', 'scheduled__2024-09-11T00:00:00+00:00', '--job-id', '529', '--raw', '--subdir', 'DAGS_FOLDER/spark_sql_dag.py', '--cfg-path', '/tmp/tmpnpvnp40x']
[2024-09-12T21:54:33.915+0000] {standard_task_runner.py:105} INFO - Job 529: Subtask spark_submit_task
[2024-09-12T21:54:34.068+0000] {task_command.py:467} INFO - Running <TaskInstance: spark_find_makers_dag.spark_submit_task scheduled__2024-09-11T00:00:00+00:00 [running]> on host e10d33bf7907
[2024-09-12T21:54:34.260+0000] {taskinstance.py:3131} INFO - Exporting env vars: AIRFLOW_CTX_DAG_OWNER='Denis' AIRFLOW_CTX_DAG_ID='spark_find_makers_dag' AIRFLOW_CTX_TASK_ID='spark_submit_task' AIRFLOW_CTX_EXECUTION_DATE='2024-09-11T00:00:00+00:00' AIRFLOW_CTX_TRY_NUMBER='16' AIRFLOW_CTX_DAG_RUN_ID='scheduled__2024-09-11T00:00:00+00:00'
[2024-09-12T21:54:34.262+0000] {taskinstance.py:731} INFO - ::endgroup::
[2024-09-12T21:54:34.341+0000] {base.py:84} INFO - Retrieving connection 'spark_default'
[2024-09-12T21:54:34.345+0000] {spark_submit.py:403} INFO - Spark-Submit cmd: spark-submit --master spark://spark-master:7077 --conf spark.master=spark://spark-master:7077 --name arrow-spark --verbose --deploy-mode client /opt/***/dags/spark_job.py
[2024-09-12T21:54:40.398+0000] {spark_submit.py:579} INFO - Using properties file: null
[2024-09-12T21:54:40.732+0000] {spark_submit.py:579} INFO - Parsed arguments:
[2024-09-12T21:54:40.736+0000] {spark_submit.py:579} INFO - master                  spark://spark-master:7077
[2024-09-12T21:54:40.742+0000] {spark_submit.py:579} INFO - remote                  null
[2024-09-12T21:54:40.744+0000] {spark_submit.py:579} INFO - deployMode              client
[2024-09-12T21:54:40.746+0000] {spark_submit.py:579} INFO - executorMemory          null
[2024-09-12T21:54:40.748+0000] {spark_submit.py:579} INFO - executorCores           null
[2024-09-12T21:54:40.749+0000] {spark_submit.py:579} INFO - totalExecutorCores      null
[2024-09-12T21:54:40.752+0000] {spark_submit.py:579} INFO - propertiesFile          null
[2024-09-12T21:54:40.754+0000] {spark_submit.py:579} INFO - driverMemory            null
[2024-09-12T21:54:40.756+0000] {spark_submit.py:579} INFO - driverCores             null
[2024-09-12T21:54:40.759+0000] {spark_submit.py:579} INFO - driverExtraClassPath    null
[2024-09-12T21:54:40.760+0000] {spark_submit.py:579} INFO - driverExtraLibraryPath  null
[2024-09-12T21:54:40.762+0000] {spark_submit.py:579} INFO - driverExtraJavaOptions  null
[2024-09-12T21:54:40.764+0000] {spark_submit.py:579} INFO - supervise               false
[2024-09-12T21:54:40.766+0000] {spark_submit.py:579} INFO - queue                   null
[2024-09-12T21:54:40.768+0000] {spark_submit.py:579} INFO - numExecutors            null
[2024-09-12T21:54:40.770+0000] {spark_submit.py:579} INFO - files                   null
[2024-09-12T21:54:40.773+0000] {spark_submit.py:579} INFO - pyFiles                 null
[2024-09-12T21:54:40.775+0000] {spark_submit.py:579} INFO - archives                null
[2024-09-12T21:54:40.778+0000] {spark_submit.py:579} INFO - mainClass               null
[2024-09-12T21:54:40.780+0000] {spark_submit.py:579} INFO - primaryResource         file:/opt/***/dags/spark_job.py
[2024-09-12T21:54:40.783+0000] {spark_submit.py:579} INFO - name                    arrow-spark
[2024-09-12T21:54:40.787+0000] {spark_submit.py:579} INFO - childArgs               []
[2024-09-12T21:54:40.790+0000] {spark_submit.py:579} INFO - jars                    null
[2024-09-12T21:54:40.792+0000] {spark_submit.py:579} INFO - packages                null
[2024-09-12T21:54:40.797+0000] {spark_submit.py:579} INFO - packagesExclusions      null
[2024-09-12T21:54:40.801+0000] {spark_submit.py:579} INFO - repositories            null
[2024-09-12T21:54:40.809+0000] {spark_submit.py:579} INFO - verbose                 true
[2024-09-12T21:54:40.818+0000] {spark_submit.py:579} INFO - 
[2024-09-12T21:54:40.821+0000] {spark_submit.py:579} INFO - Spark properties used, including those specified through
[2024-09-12T21:54:40.823+0000] {spark_submit.py:579} INFO - --conf and those from the properties file null:
[2024-09-12T21:54:40.826+0000] {spark_submit.py:579} INFO - (spark.master,spark://spark-master:7077)
[2024-09-12T21:54:40.835+0000] {spark_submit.py:579} INFO - 
[2024-09-12T21:54:40.838+0000] {spark_submit.py:579} INFO - 
[2024-09-12T21:54:42.297+0000] {spark_submit.py:579} INFO - Main class:
[2024-09-12T21:54:42.299+0000] {spark_submit.py:579} INFO - org.apache.spark.deploy.PythonRunner
[2024-09-12T21:54:42.304+0000] {spark_submit.py:579} INFO - Arguments:
[2024-09-12T21:54:42.305+0000] {spark_submit.py:579} INFO - file:/opt/***/dags/spark_job.py
[2024-09-12T21:54:42.308+0000] {spark_submit.py:579} INFO - null
[2024-09-12T21:54:42.310+0000] {spark_submit.py:579} INFO - Spark config:
[2024-09-12T21:54:42.312+0000] {spark_submit.py:579} INFO - (spark.app.name,arrow-spark)
[2024-09-12T21:54:42.314+0000] {spark_submit.py:579} INFO - (spark.app.submitTime,1726178082238)
[2024-09-12T21:54:42.315+0000] {spark_submit.py:579} INFO - (spark.master,spark://spark-master:7077)
[2024-09-12T21:54:42.317+0000] {spark_submit.py:579} INFO - (spark.submit.deployMode,client)
[2024-09-12T21:54:42.319+0000] {spark_submit.py:579} INFO - (spark.submit.pyFiles,)
[2024-09-12T21:54:42.320+0000] {spark_submit.py:579} INFO - Classpath elements:
[2024-09-12T21:54:42.321+0000] {spark_submit.py:579} INFO - 
[2024-09-12T21:54:42.323+0000] {spark_submit.py:579} INFO - 
[2024-09-12T21:54:42.324+0000] {spark_submit.py:579} INFO - 
[2024-09-12T21:54:45.635+0000] {spark_submit.py:579} INFO - 24/09/12 21:54:45 INFO SparkContext: Running Spark version 3.5.2
[2024-09-12T21:54:45.652+0000] {spark_submit.py:579} INFO - 24/09/12 21:54:45 INFO SparkContext: OS info Linux, 5.15.153.1-microsoft-standard-WSL2, amd64
[2024-09-12T21:54:45.654+0000] {spark_submit.py:579} INFO - 24/09/12 21:54:45 INFO SparkContext: Java version 17.0.12
[2024-09-12T21:54:46.038+0000] {spark_submit.py:579} INFO - 24/09/12 21:54:46 WARN NativeCodeLoader: Unable to load native-hadoop library for your platform... using builtin-java classes where applicable
[2024-09-12T21:54:47.801+0000] {spark_submit.py:579} INFO - 24/09/12 21:54:47 INFO ResourceUtils: ==============================================================
[2024-09-12T21:54:47.807+0000] {spark_submit.py:579} INFO - 24/09/12 21:54:47 INFO ResourceUtils: No custom resources configured for spark.driver.
[2024-09-12T21:54:47.808+0000] {spark_submit.py:579} INFO - 24/09/12 21:54:47 INFO ResourceUtils: ==============================================================
[2024-09-12T21:54:47.810+0000] {spark_submit.py:579} INFO - 24/09/12 21:54:47 INFO SparkContext: Submitted application: SparkJob
[2024-09-12T21:54:47.893+0000] {spark_submit.py:579} INFO - 24/09/12 21:54:47 INFO ResourceProfile: Default ResourceProfile created, executor resources: Map(cores -> name: cores, amount: 1, script: , vendor: , memory -> name: memory, amount: 1024, script: , vendor: , offHeap -> name: offHeap, amount: 0, script: , vendor: ), task resources: Map(cpus -> name: cpus, amount: 1.0)
[2024-09-12T21:54:47.936+0000] {spark_submit.py:579} INFO - 24/09/12 21:54:47 INFO ResourceProfile: Limiting resource is cpu
[2024-09-12T21:54:47.963+0000] {spark_submit.py:579} INFO - 24/09/12 21:54:47 INFO ResourceProfileManager: Added ResourceProfile id: 0
[2024-09-12T21:54:48.358+0000] {spark_submit.py:579} INFO - 24/09/12 21:54:48 INFO SecurityManager: Changing view acls to: ***
[2024-09-12T21:54:48.363+0000] {spark_submit.py:579} INFO - 24/09/12 21:54:48 INFO SecurityManager: Changing modify acls to: ***
[2024-09-12T21:54:48.365+0000] {spark_submit.py:579} INFO - 24/09/12 21:54:48 INFO SecurityManager: Changing view acls groups to:
[2024-09-12T21:54:48.366+0000] {spark_submit.py:579} INFO - 24/09/12 21:54:48 INFO SecurityManager: Changing modify acls groups to:
[2024-09-12T21:54:48.368+0000] {spark_submit.py:579} INFO - 24/09/12 21:54:48 INFO SecurityManager: SecurityManager: authentication disabled; ui acls disabled; users with view permissions: ***; groups with view permissions: EMPTY; users with modify permissions: ***; groups with modify permissions: EMPTY
[2024-09-12T21:54:49.313+0000] {spark_submit.py:579} INFO - 24/09/12 21:54:49 INFO Utils: Successfully started service 'sparkDriver' on port 37121.
[2024-09-12T21:54:49.455+0000] {spark_submit.py:579} INFO - 24/09/12 21:54:49 INFO SparkEnv: Registering MapOutputTracker
[2024-09-12T21:54:49.680+0000] {spark_submit.py:579} INFO - 24/09/12 21:54:49 INFO SparkEnv: Registering BlockManagerMaster
[2024-09-12T21:54:49.773+0000] {spark_submit.py:579} INFO - 24/09/12 21:54:49 INFO BlockManagerMasterEndpoint: Using org.apache.spark.storage.DefaultTopologyMapper for getting topology information
[2024-09-12T21:54:49.775+0000] {spark_submit.py:579} INFO - 24/09/12 21:54:49 INFO BlockManagerMasterEndpoint: BlockManagerMasterEndpoint up
[2024-09-12T21:54:49.822+0000] {spark_submit.py:579} INFO - 24/09/12 21:54:49 INFO SparkEnv: Registering BlockManagerMasterHeartbeat
[2024-09-12T21:54:49.957+0000] {spark_submit.py:579} INFO - 24/09/12 21:54:49 INFO DiskBlockManager: Created local directory at /tmp/blockmgr-2bd120d6-607e-4710-b1e8-8bf3a9b069e7
[2024-09-12T21:54:50.024+0000] {spark_submit.py:579} INFO - 24/09/12 21:54:50 INFO MemoryStore: MemoryStore started with capacity 434.4 MiB
[2024-09-12T21:54:50.105+0000] {spark_submit.py:579} INFO - 24/09/12 21:54:50 INFO SparkEnv: Registering OutputCommitCoordinator
[2024-09-12T21:54:50.912+0000] {spark_submit.py:579} INFO - 24/09/12 21:54:50 INFO JettyUtils: Start Jetty 0.0.0.0:4040 for SparkUI
[2024-09-12T21:54:51.787+0000] {spark_submit.py:579} INFO - 24/09/12 21:54:51 INFO Utils: Successfully started service 'SparkUI' on port 4040.
[2024-09-12T21:54:51.934+0000] {spark_submit.py:579} INFO - 24/09/12 21:54:51 INFO Executor: Starting executor ID driver on host e10d33bf7907
[2024-09-12T21:54:51.936+0000] {spark_submit.py:579} INFO - 24/09/12 21:54:51 INFO Executor: OS info Linux, 5.15.153.1-microsoft-standard-WSL2, amd64
[2024-09-12T21:54:51.937+0000] {spark_submit.py:579} INFO - 24/09/12 21:54:51 INFO Executor: Java version 17.0.12
[2024-09-12T21:54:51.980+0000] {spark_submit.py:579} INFO - 24/09/12 21:54:51 INFO Executor: Starting executor with user classpath (userClassPathFirst = false): ''
[2024-09-12T21:54:51.985+0000] {spark_submit.py:579} INFO - 24/09/12 21:54:51 INFO Executor: Created or updated repl class loader org.apache.spark.util.MutableURLClassLoader@2b2d567f for default.
[2024-09-12T21:54:52.183+0000] {spark_submit.py:579} INFO - 24/09/12 21:54:52 INFO Utils: Successfully started service 'org.apache.spark.network.netty.NettyBlockTransferService' on port 45701.
[2024-09-12T21:54:52.185+0000] {spark_submit.py:579} INFO - 24/09/12 21:54:52 INFO NettyBlockTransferService: Server created on e10d33bf7907:45701
[2024-09-12T21:54:52.226+0000] {spark_submit.py:579} INFO - 24/09/12 21:54:52 INFO BlockManager: Using org.apache.spark.storage.RandomBlockReplicationPolicy for block replication policy
[2024-09-12T21:54:52.316+0000] {spark_submit.py:579} INFO - 24/09/12 21:54:52 INFO BlockManagerMaster: Registering BlockManager BlockManagerId(driver, e10d33bf7907, 45701, None)
[2024-09-12T21:54:52.373+0000] {spark_submit.py:579} INFO - 24/09/12 21:54:52 INFO BlockManagerMasterEndpoint: Registering block manager e10d33bf7907:45701 with 434.4 MiB RAM, BlockManagerId(driver, e10d33bf7907, 45701, None)
[2024-09-12T21:54:52.470+0000] {spark_submit.py:579} INFO - 24/09/12 21:54:52 INFO BlockManagerMaster: Registered BlockManager BlockManagerId(driver, e10d33bf7907, 45701, None)
[2024-09-12T21:54:52.476+0000] {spark_submit.py:579} INFO - 24/09/12 21:54:52 INFO BlockManager: Initialized BlockManager: BlockManagerId(driver, e10d33bf7907, 45701, None)
[2024-09-12T21:54:54.805+0000] {spark_submit.py:579} INFO - 24/09/12 21:54:54 INFO SharedState: Setting hive.metastore.warehouse.dir ('null') to the value of spark.sql.warehouse.dir.
[2024-09-12T21:54:54.880+0000] {spark_submit.py:579} INFO - 24/09/12 21:54:54 INFO SharedState: Warehouse path is 'file:/user/hive/warehouse'.
[2024-09-12T21:55:08.549+0000] {spark_submit.py:579} INFO - 24/09/12 21:55:08 INFO InMemoryFileIndex: It took 1580 ms to list leaf files for 1 paths.
[2024-09-12T21:55:21.192+0000] {job.py:229} INFO - Heartbeat recovered after 31.87 seconds
[2024-09-12T21:55:22.946+0000] {spark_submit.py:579} INFO - 24/09/12 21:55:22 INFO InMemoryFileIndex: It took 7 ms to list leaf files for 1 paths.
[2024-09-12T21:55:23.997+0000] {spark_submit.py:579} INFO - <class 'pyspark.sql.dataframe.DataFrame'>
[2024-09-12T21:55:24.245+0000] {spark_submit.py:579} INFO - 24/09/12 21:55:24 INFO HiveConf: Found configuration file null
[2024-09-12T21:55:24.275+0000] {spark_submit.py:579} INFO - 24/09/12 21:55:24 INFO HiveUtils: Initializing HiveMetastoreConnection version 2.3.9 using Spark classes.
[2024-09-12T21:55:25.189+0000] {spark_submit.py:579} INFO - 24/09/12 21:55:25 INFO HiveClientImpl: Warehouse location for Hive client (version 2.3.9) is file:/user/hive/warehouse
[2024-09-12T21:55:25.875+0000] {spark_submit.py:579} INFO - 24/09/12 21:55:25 WARN HiveConf: HiveConf of name hive.stats.jdbc.timeout does not exist
[2024-09-12T21:55:25.892+0000] {spark_submit.py:579} INFO - 24/09/12 21:55:25 WARN HiveConf: HiveConf of name hive.stats.retries.wait does not exist
[2024-09-12T21:55:25.894+0000] {spark_submit.py:579} INFO - 24/09/12 21:55:25 INFO HiveMetaStore: 0: Opening raw store with implementation class:org.apache.hadoop.hive.metastore.ObjectStore
[2024-09-12T21:55:26.191+0000] {spark_submit.py:579} INFO - 24/09/12 21:55:26 INFO ObjectStore: ObjectStore, initialize called
[2024-09-12T21:55:26.930+0000] {spark_submit.py:579} INFO - 24/09/12 21:55:26 INFO Persistence: Property hive.metastore.integral.jdo.pushdown unknown - will be ignored
[2024-09-12T21:55:26.946+0000] {spark_submit.py:579} INFO - 24/09/12 21:55:26 INFO Persistence: Property datanucleus.cache.level2 unknown - will be ignored
[2024-09-12T21:55:31.830+0000] {spark_submit.py:579} INFO - 24/09/12 21:55:31 INFO ObjectStore: Setting MetaStore object pin classes with hive.metastore.cache.pinobjtypes="Table,StorageDescriptor,SerDeInfo,Partition,Database,Type,FieldSchema,Order"
[2024-09-12T21:55:48.039+0000] {spark_submit.py:579} INFO - 24/09/12 21:55:48 INFO MetaStoreDirectSql: Using direct SQL, underlying DB is DERBY
[2024-09-12T21:55:48.063+0000] {spark_submit.py:579} INFO - 24/09/12 21:55:48 INFO ObjectStore: Initialized ObjectStore
[2024-09-12T21:55:48.815+0000] {spark_submit.py:579} INFO - 24/09/12 21:55:48 WARN ObjectStore: Version information not found in metastore. hive.metastore.schema.verification is not enabled so recording the schema version 2.3.0
[2024-09-12T21:55:48.837+0000] {spark_submit.py:579} INFO - 24/09/12 21:55:48 WARN ObjectStore: setMetaStoreSchemaVersion called but recording version is disabled: version = 2.3.0, comment = Set by MetaStore UNKNOWN@172.18.0.16
[2024-09-12T21:55:50.015+0000] {spark_submit.py:579} INFO - 24/09/12 21:55:49 INFO HiveMetaStore: Added admin role in metastore
[2024-09-12T21:55:50.096+0000] {spark_submit.py:579} INFO - 24/09/12 21:55:50 INFO HiveMetaStore: Added public role in metastore
[2024-09-12T21:55:50.778+0000] {spark_submit.py:579} INFO - 24/09/12 21:55:50 INFO HiveMetaStore: No user is added in admin role, since config is empty
