[2024-09-12T21:35:07.609+0000] {local_task_job_runner.py:123} INFO - ::group::Pre task execution logs
[2024-09-12T21:35:07.655+0000] {taskinstance.py:2612} INFO - Dependencies all met for dep_context=non-requeueable deps ti=<TaskInstance: spark_find_makers_dag.spark_submit_task scheduled__2024-09-11T00:00:00+00:00 [queued]>
[2024-09-12T21:35:07.675+0000] {taskinstance.py:2612} INFO - Dependencies all met for dep_context=requeueable deps ti=<TaskInstance: spark_find_makers_dag.spark_submit_task scheduled__2024-09-11T00:00:00+00:00 [queued]>
[2024-09-12T21:35:07.676+0000] {taskinstance.py:2865} INFO - Starting attempt 13 of 16
[2024-09-12T21:35:07.710+0000] {taskinstance.py:2888} INFO - Executing <Task(SparkSubmitOperator): spark_submit_task> on 2024-09-11 00:00:00+00:00
[2024-09-12T21:35:07.728+0000] {warnings.py:112} WARNING - /home/***/.local/lib/python3.12/site-packages/***/task/task_runner/standard_task_runner.py:70: DeprecationWarning: This process (pid=119) is multi-threaded, use of fork() may lead to deadlocks in the child.
  pid = os.fork()

[2024-09-12T21:35:07.730+0000] {standard_task_runner.py:104} INFO - Running: ['***', 'tasks', 'run', 'spark_find_makers_dag', 'spark_submit_task', 'scheduled__2024-09-11T00:00:00+00:00', '--job-id', '526', '--raw', '--subdir', 'DAGS_FOLDER/spark_sql_dag.py', '--cfg-path', '/tmp/tmp0uwco8oh']
[2024-09-12T21:35:07.732+0000] {standard_task_runner.py:72} INFO - Started process 120 to run task
[2024-09-12T21:35:07.732+0000] {standard_task_runner.py:105} INFO - Job 526: Subtask spark_submit_task
[2024-09-12T21:35:07.835+0000] {task_command.py:467} INFO - Running <TaskInstance: spark_find_makers_dag.spark_submit_task scheduled__2024-09-11T00:00:00+00:00 [running]> on host e10d33bf7907
[2024-09-12T21:35:07.981+0000] {taskinstance.py:3131} INFO - Exporting env vars: AIRFLOW_CTX_DAG_OWNER='Denis' AIRFLOW_CTX_DAG_ID='spark_find_makers_dag' AIRFLOW_CTX_TASK_ID='spark_submit_task' AIRFLOW_CTX_EXECUTION_DATE='2024-09-11T00:00:00+00:00' AIRFLOW_CTX_TRY_NUMBER='13' AIRFLOW_CTX_DAG_RUN_ID='scheduled__2024-09-11T00:00:00+00:00'
[2024-09-12T21:35:07.983+0000] {taskinstance.py:731} INFO - ::endgroup::
[2024-09-12T21:35:08.108+0000] {base.py:84} INFO - Retrieving connection 'spark_default'
[2024-09-12T21:35:08.112+0000] {spark_submit.py:403} INFO - Spark-Submit cmd: spark-submit --master spark://spark-master:7077 --conf spark.master=spark://spark-master:7077 --name arrow-spark --verbose --deploy-mode client /opt/***/dags/spark_job.py
[2024-09-12T21:35:11.977+0000] {spark_submit.py:579} INFO - Using properties file: null
[2024-09-12T21:35:12.250+0000] {spark_submit.py:579} INFO - Parsed arguments:
[2024-09-12T21:35:12.252+0000] {spark_submit.py:579} INFO - master                  spark://spark-master:7077
[2024-09-12T21:35:12.253+0000] {spark_submit.py:579} INFO - remote                  null
[2024-09-12T21:35:12.255+0000] {spark_submit.py:579} INFO - deployMode              client
[2024-09-12T21:35:12.257+0000] {spark_submit.py:579} INFO - executorMemory          null
[2024-09-12T21:35:12.258+0000] {spark_submit.py:579} INFO - executorCores           null
[2024-09-12T21:35:12.259+0000] {spark_submit.py:579} INFO - totalExecutorCores      null
[2024-09-12T21:35:12.260+0000] {spark_submit.py:579} INFO - propertiesFile          null
[2024-09-12T21:35:12.262+0000] {spark_submit.py:579} INFO - driverMemory            null
[2024-09-12T21:35:12.264+0000] {spark_submit.py:579} INFO - driverCores             null
[2024-09-12T21:35:12.265+0000] {spark_submit.py:579} INFO - driverExtraClassPath    null
[2024-09-12T21:35:12.267+0000] {spark_submit.py:579} INFO - driverExtraLibraryPath  null
[2024-09-12T21:35:12.268+0000] {spark_submit.py:579} INFO - driverExtraJavaOptions  null
[2024-09-12T21:35:12.269+0000] {spark_submit.py:579} INFO - supervise               false
[2024-09-12T21:35:12.271+0000] {spark_submit.py:579} INFO - queue                   null
[2024-09-12T21:35:12.272+0000] {spark_submit.py:579} INFO - numExecutors            null
[2024-09-12T21:35:12.274+0000] {spark_submit.py:579} INFO - files                   null
[2024-09-12T21:35:12.275+0000] {spark_submit.py:579} INFO - pyFiles                 null
[2024-09-12T21:35:12.276+0000] {spark_submit.py:579} INFO - archives                null
[2024-09-12T21:35:12.278+0000] {spark_submit.py:579} INFO - mainClass               null
[2024-09-12T21:35:12.279+0000] {spark_submit.py:579} INFO - primaryResource         file:/opt/***/dags/spark_job.py
[2024-09-12T21:35:12.282+0000] {spark_submit.py:579} INFO - name                    arrow-spark
[2024-09-12T21:35:12.283+0000] {spark_submit.py:579} INFO - childArgs               []
[2024-09-12T21:35:12.284+0000] {spark_submit.py:579} INFO - jars                    null
[2024-09-12T21:35:12.286+0000] {spark_submit.py:579} INFO - packages                null
[2024-09-12T21:35:12.287+0000] {spark_submit.py:579} INFO - packagesExclusions      null
[2024-09-12T21:35:12.289+0000] {spark_submit.py:579} INFO - repositories            null
[2024-09-12T21:35:12.290+0000] {spark_submit.py:579} INFO - verbose                 true
[2024-09-12T21:35:12.292+0000] {spark_submit.py:579} INFO - 
[2024-09-12T21:35:12.294+0000] {spark_submit.py:579} INFO - Spark properties used, including those specified through
[2024-09-12T21:35:12.296+0000] {spark_submit.py:579} INFO - --conf and those from the properties file null:
[2024-09-12T21:35:12.297+0000] {spark_submit.py:579} INFO - (spark.master,spark://spark-master:7077)
[2024-09-12T21:35:12.299+0000] {spark_submit.py:579} INFO - 
[2024-09-12T21:35:12.300+0000] {spark_submit.py:579} INFO - 
[2024-09-12T21:35:13.365+0000] {spark_submit.py:579} INFO - Main class:
[2024-09-12T21:35:13.367+0000] {spark_submit.py:579} INFO - org.apache.spark.deploy.PythonRunner
[2024-09-12T21:35:13.368+0000] {spark_submit.py:579} INFO - Arguments:
[2024-09-12T21:35:13.369+0000] {spark_submit.py:579} INFO - file:/opt/***/dags/spark_job.py
[2024-09-12T21:35:13.371+0000] {spark_submit.py:579} INFO - null
[2024-09-12T21:35:13.373+0000] {spark_submit.py:579} INFO - Spark config:
[2024-09-12T21:35:13.374+0000] {spark_submit.py:579} INFO - (spark.app.name,arrow-spark)
[2024-09-12T21:35:13.376+0000] {spark_submit.py:579} INFO - (spark.app.submitTime,1726176913325)
[2024-09-12T21:35:13.378+0000] {spark_submit.py:579} INFO - (spark.master,spark://spark-master:7077)
[2024-09-12T21:35:13.379+0000] {spark_submit.py:579} INFO - (spark.submit.deployMode,client)
[2024-09-12T21:35:13.381+0000] {spark_submit.py:579} INFO - (spark.submit.pyFiles,)
[2024-09-12T21:35:13.383+0000] {spark_submit.py:579} INFO - Classpath elements:
[2024-09-12T21:35:13.384+0000] {spark_submit.py:579} INFO - 
[2024-09-12T21:35:13.385+0000] {spark_submit.py:579} INFO - 
[2024-09-12T21:35:13.387+0000] {spark_submit.py:579} INFO - 
[2024-09-12T21:35:15.313+0000] {spark_submit.py:579} INFO - 24/09/12 21:35:15 INFO SparkContext: Running Spark version 3.5.2
[2024-09-12T21:35:15.318+0000] {spark_submit.py:579} INFO - 24/09/12 21:35:15 INFO SparkContext: OS info Linux, 5.15.153.1-microsoft-standard-WSL2, amd64
[2024-09-12T21:35:15.320+0000] {spark_submit.py:579} INFO - 24/09/12 21:35:15 INFO SparkContext: Java version 17.0.12
[2024-09-12T21:35:15.613+0000] {spark_submit.py:579} INFO - 24/09/12 21:35:15 WARN NativeCodeLoader: Unable to load native-hadoop library for your platform... using builtin-java classes where applicable
[2024-09-12T21:35:16.010+0000] {spark_submit.py:579} INFO - 24/09/12 21:35:16 INFO ResourceUtils: ==============================================================
[2024-09-12T21:35:16.012+0000] {spark_submit.py:579} INFO - 24/09/12 21:35:16 INFO ResourceUtils: No custom resources configured for spark.driver.
[2024-09-12T21:35:16.014+0000] {spark_submit.py:579} INFO - 24/09/12 21:35:16 INFO ResourceUtils: ==============================================================
[2024-09-12T21:35:16.016+0000] {spark_submit.py:579} INFO - 24/09/12 21:35:16 INFO SparkContext: Submitted application: SparkJob
[2024-09-12T21:35:16.106+0000] {spark_submit.py:579} INFO - 24/09/12 21:35:16 INFO ResourceProfile: Default ResourceProfile created, executor resources: Map(cores -> name: cores, amount: 1, script: , vendor: , memory -> name: memory, amount: 1024, script: , vendor: , offHeap -> name: offHeap, amount: 0, script: , vendor: ), task resources: Map(cpus -> name: cpus, amount: 1.0)
[2024-09-12T21:35:16.138+0000] {spark_submit.py:579} INFO - 24/09/12 21:35:16 INFO ResourceProfile: Limiting resource is cpu
[2024-09-12T21:35:16.140+0000] {spark_submit.py:579} INFO - 24/09/12 21:35:16 INFO ResourceProfileManager: Added ResourceProfile id: 0
[2024-09-12T21:35:16.668+0000] {spark_submit.py:579} INFO - 24/09/12 21:35:16 INFO SecurityManager: Changing view acls to: ***
[2024-09-12T21:35:16.670+0000] {spark_submit.py:579} INFO - 24/09/12 21:35:16 INFO SecurityManager: Changing modify acls to: ***
[2024-09-12T21:35:16.672+0000] {spark_submit.py:579} INFO - 24/09/12 21:35:16 INFO SecurityManager: Changing view acls groups to:
[2024-09-12T21:35:16.675+0000] {spark_submit.py:579} INFO - 24/09/12 21:35:16 INFO SecurityManager: Changing modify acls groups to:
[2024-09-12T21:35:16.676+0000] {spark_submit.py:579} INFO - 24/09/12 21:35:16 INFO SecurityManager: SecurityManager: authentication disabled; ui acls disabled; users with view permissions: ***; groups with view permissions: EMPTY; users with modify permissions: ***; groups with modify permissions: EMPTY
[2024-09-12T21:35:18.247+0000] {spark_submit.py:579} INFO - 24/09/12 21:35:18 INFO Utils: Successfully started service 'sparkDriver' on port 35807.
[2024-09-12T21:35:18.383+0000] {spark_submit.py:579} INFO - 24/09/12 21:35:18 INFO SparkEnv: Registering MapOutputTracker
[2024-09-12T21:35:18.542+0000] {spark_submit.py:579} INFO - 24/09/12 21:35:18 INFO SparkEnv: Registering BlockManagerMaster
[2024-09-12T21:35:18.591+0000] {spark_submit.py:579} INFO - 24/09/12 21:35:18 INFO BlockManagerMasterEndpoint: Using org.apache.spark.storage.DefaultTopologyMapper for getting topology information
[2024-09-12T21:35:18.593+0000] {spark_submit.py:579} INFO - 24/09/12 21:35:18 INFO BlockManagerMasterEndpoint: BlockManagerMasterEndpoint up
[2024-09-12T21:35:18.603+0000] {spark_submit.py:579} INFO - 24/09/12 21:35:18 INFO SparkEnv: Registering BlockManagerMasterHeartbeat
[2024-09-12T21:35:18.667+0000] {spark_submit.py:579} INFO - 24/09/12 21:35:18 INFO DiskBlockManager: Created local directory at /tmp/blockmgr-09919861-48c0-49ac-8ccd-ffff96324517
[2024-09-12T21:35:18.703+0000] {spark_submit.py:579} INFO - 24/09/12 21:35:18 INFO MemoryStore: MemoryStore started with capacity 434.4 MiB
[2024-09-12T21:35:18.743+0000] {spark_submit.py:579} INFO - 24/09/12 21:35:18 INFO SparkEnv: Registering OutputCommitCoordinator
[2024-09-12T21:35:19.600+0000] {spark_submit.py:579} INFO - 24/09/12 21:35:19 INFO JettyUtils: Start Jetty 0.0.0.0:4040 for SparkUI
[2024-09-12T21:35:19.829+0000] {spark_submit.py:579} INFO - 24/09/12 21:35:19 INFO Utils: Successfully started service 'SparkUI' on port 4040.
[2024-09-12T21:35:20.101+0000] {spark_submit.py:579} INFO - 24/09/12 21:35:20 INFO Executor: Starting executor ID driver on host e10d33bf7907
[2024-09-12T21:35:20.102+0000] {spark_submit.py:579} INFO - 24/09/12 21:35:20 INFO Executor: OS info Linux, 5.15.153.1-microsoft-standard-WSL2, amd64
[2024-09-12T21:35:20.103+0000] {spark_submit.py:579} INFO - 24/09/12 21:35:20 INFO Executor: Java version 17.0.12
[2024-09-12T21:35:20.126+0000] {spark_submit.py:579} INFO - 24/09/12 21:35:20 INFO Executor: Starting executor with user classpath (userClassPathFirst = false): ''
[2024-09-12T21:35:20.128+0000] {spark_submit.py:579} INFO - 24/09/12 21:35:20 INFO Executor: Created or updated repl class loader org.apache.spark.util.MutableURLClassLoader@7432b5cc for default.
[2024-09-12T21:35:20.182+0000] {spark_submit.py:579} INFO - 24/09/12 21:35:20 INFO Utils: Successfully started service 'org.apache.spark.network.netty.NettyBlockTransferService' on port 34939.
[2024-09-12T21:35:20.184+0000] {spark_submit.py:579} INFO - 24/09/12 21:35:20 INFO NettyBlockTransferService: Server created on e10d33bf7907:34939
[2024-09-12T21:35:20.190+0000] {spark_submit.py:579} INFO - 24/09/12 21:35:20 INFO BlockManager: Using org.apache.spark.storage.RandomBlockReplicationPolicy for block replication policy
[2024-09-12T21:35:20.206+0000] {spark_submit.py:579} INFO - 24/09/12 21:35:20 INFO BlockManagerMaster: Registering BlockManager BlockManagerId(driver, e10d33bf7907, 34939, None)
[2024-09-12T21:35:20.214+0000] {spark_submit.py:579} INFO - 24/09/12 21:35:20 INFO BlockManagerMasterEndpoint: Registering block manager e10d33bf7907:34939 with 434.4 MiB RAM, BlockManagerId(driver, e10d33bf7907, 34939, None)
[2024-09-12T21:35:20.219+0000] {spark_submit.py:579} INFO - 24/09/12 21:35:20 INFO BlockManagerMaster: Registered BlockManager BlockManagerId(driver, e10d33bf7907, 34939, None)
[2024-09-12T21:35:20.222+0000] {spark_submit.py:579} INFO - 24/09/12 21:35:20 INFO BlockManager: Initialized BlockManager: BlockManagerId(driver, e10d33bf7907, 34939, None)
[2024-09-12T21:35:21.412+0000] {spark_submit.py:579} INFO - 24/09/12 21:35:21 INFO SharedState: Setting hive.metastore.warehouse.dir ('null') to the value of spark.sql.warehouse.dir.
[2024-09-12T21:35:21.432+0000] {spark_submit.py:579} INFO - 24/09/12 21:35:21 INFO SharedState: Warehouse path is 'file:/user/hive/warehouse'.
[2024-09-12T21:35:24.385+0000] {spark_submit.py:579} INFO - 24/09/12 21:35:24 INFO InMemoryFileIndex: It took 110 ms to list leaf files for 1 paths.
[2024-09-12T21:35:29.727+0000] {spark_submit.py:579} INFO - 24/09/12 21:35:29 INFO InMemoryFileIndex: It took 15 ms to list leaf files for 1 paths.
[2024-09-12T21:35:31.307+0000] {spark_submit.py:579} INFO - 24/09/12 21:35:31 INFO HiveConf: Found configuration file null
[2024-09-12T21:35:31.342+0000] {spark_submit.py:579} INFO - 24/09/12 21:35:31 INFO HiveUtils: Initializing HiveMetastoreConnection version 2.3.9 using Spark classes.
[2024-09-12T21:35:32.482+0000] {spark_submit.py:579} INFO - 24/09/12 21:35:32 INFO HiveClientImpl: Warehouse location for Hive client (version 2.3.9) is file:/user/hive/warehouse
[2024-09-12T21:35:33.090+0000] {spark_submit.py:579} INFO - 24/09/12 21:35:33 WARN HiveConf: HiveConf of name hive.stats.jdbc.timeout does not exist
[2024-09-12T21:35:33.094+0000] {spark_submit.py:579} INFO - 24/09/12 21:35:33 WARN HiveConf: HiveConf of name hive.stats.retries.wait does not exist
[2024-09-12T21:35:33.097+0000] {spark_submit.py:579} INFO - 24/09/12 21:35:33 INFO HiveMetaStore: 0: Opening raw store with implementation class:org.apache.hadoop.hive.metastore.ObjectStore
[2024-09-12T21:35:33.448+0000] {spark_submit.py:579} INFO - 24/09/12 21:35:33 INFO ObjectStore: ObjectStore, initialize called
[2024-09-12T21:35:34.449+0000] {spark_submit.py:579} INFO - 24/09/12 21:35:34 INFO Persistence: Property hive.metastore.integral.jdo.pushdown unknown - will be ignored
[2024-09-12T21:35:34.451+0000] {spark_submit.py:579} INFO - 24/09/12 21:35:34 INFO Persistence: Property datanucleus.cache.level2 unknown - will be ignored
[2024-09-12T21:35:38.964+0000] {spark_submit.py:579} INFO - 24/09/12 21:35:38 INFO ObjectStore: Setting MetaStore object pin classes with hive.metastore.cache.pinobjtypes="Table,StorageDescriptor,SerDeInfo,Partition,Database,Type,FieldSchema,Order"
[2024-09-12T21:35:41.557+0000] {spark_submit.py:579} INFO - 24/09/12 21:35:41 INFO MetaStoreDirectSql: Using direct SQL, underlying DB is DERBY
[2024-09-12T21:35:41.561+0000] {spark_submit.py:579} INFO - 24/09/12 21:35:41 INFO ObjectStore: Initialized ObjectStore
[2024-09-12T21:35:41.714+0000] {spark_submit.py:579} INFO - 24/09/12 21:35:41 WARN ObjectStore: Version information not found in metastore. hive.metastore.schema.verification is not enabled so recording the schema version 2.3.0
[2024-09-12T21:35:41.715+0000] {spark_submit.py:579} INFO - 24/09/12 21:35:41 WARN ObjectStore: setMetaStoreSchemaVersion called but recording version is disabled: version = 2.3.0, comment = Set by MetaStore UNKNOWN@172.18.0.16
[2024-09-12T21:35:41.912+0000] {spark_submit.py:579} INFO - 24/09/12 21:35:41 INFO HiveMetaStore: Added admin role in metastore
[2024-09-12T21:35:41.916+0000] {spark_submit.py:579} INFO - 24/09/12 21:35:41 INFO HiveMetaStore: Added public role in metastore
[2024-09-12T21:35:41.991+0000] {spark_submit.py:579} INFO - 24/09/12 21:35:41 INFO HiveMetaStore: No user is added in admin role, since config is empty
[2024-09-12T21:35:42.203+0000] {spark_submit.py:579} INFO - 24/09/12 21:35:42 INFO HiveMetaStore: 0: get_database: default
[2024-09-12T21:35:42.207+0000] {spark_submit.py:579} INFO - 24/09/12 21:35:42 INFO audit: ugi=***	ip=unknown-ip-addr	cmd=get_database: default
[2024-09-12T21:35:42.215+0000] {spark_submit.py:579} INFO - 24/09/12 21:35:42 INFO HiveMetaStore: 0: get_database: default
[2024-09-12T21:35:42.217+0000] {spark_submit.py:579} INFO - 24/09/12 21:35:42 INFO audit: ugi=***	ip=unknown-ip-addr	cmd=get_database: default
[2024-09-12T21:35:42.225+0000] {spark_submit.py:579} INFO - 24/09/12 21:35:42 INFO HiveMetaStore: 0: get_table : db=default tbl=pc_makers
[2024-09-12T21:35:42.226+0000] {spark_submit.py:579} INFO - 24/09/12 21:35:42 INFO audit: ugi=***	ip=unknown-ip-addr	cmd=get_table : db=default tbl=pc_makers
[2024-09-12T21:35:42.276+0000] {spark_submit.py:579} INFO - 24/09/12 21:35:42 INFO HiveMetaStore: 0: get_database: default
[2024-09-12T21:35:42.278+0000] {spark_submit.py:579} INFO - 24/09/12 21:35:42 INFO audit: ugi=***	ip=unknown-ip-addr	cmd=get_database: default
[2024-09-12T21:35:42.283+0000] {spark_submit.py:579} INFO - 24/09/12 21:35:42 INFO HiveMetaStore: 0: get_database: default
[2024-09-12T21:35:42.285+0000] {spark_submit.py:579} INFO - 24/09/12 21:35:42 INFO audit: ugi=***	ip=unknown-ip-addr	cmd=get_database: default
[2024-09-12T21:35:42.312+0000] {spark_submit.py:579} INFO - 24/09/12 21:35:42 INFO HiveMetaStore: 0: get_database: default
[2024-09-12T21:35:42.314+0000] {spark_submit.py:579} INFO - 24/09/12 21:35:42 INFO audit: ugi=***	ip=unknown-ip-addr	cmd=get_database: default
[2024-09-12T21:35:42.322+0000] {spark_submit.py:579} INFO - 24/09/12 21:35:42 INFO HiveMetaStore: 0: get_table : db=default tbl=pc_makers
[2024-09-12T21:35:42.324+0000] {spark_submit.py:579} INFO - 24/09/12 21:35:42 INFO audit: ugi=***	ip=unknown-ip-addr	cmd=get_table : db=default tbl=pc_makers
[2024-09-12T21:35:42.328+0000] {spark_submit.py:579} INFO - 24/09/12 21:35:42 INFO HiveMetaStore: 0: get_database: default
[2024-09-12T21:35:42.329+0000] {spark_submit.py:579} INFO - 24/09/12 21:35:42 INFO audit: ugi=***	ip=unknown-ip-addr	cmd=get_database: default
[2024-09-12T21:35:42.502+0000] {spark_submit.py:579} INFO - 24/09/12 21:35:42 INFO SQLStdHiveAccessController: Created SQLStdHiveAccessController for session context : HiveAuthzSessionContext [sessionString=982f6c54-f44b-4ead-bbf3-e930e62f9805, clientType=HIVECLI]
[2024-09-12T21:35:42.508+0000] {spark_submit.py:579} INFO - 24/09/12 21:35:42 WARN SessionState: METASTORE_FILTER_HOOK will be ignored, since hive.security.authorization.manager is set to instance of HiveAuthorizerFactory.
[2024-09-12T21:35:42.509+0000] {spark_submit.py:579} INFO - 24/09/12 21:35:42 INFO metastore: Mestastore configuration hive.metastore.filter.hook changed from org.apache.hadoop.hive.metastore.DefaultMetaStoreFilterHookImpl to org.apache.hadoop.hive.ql.security.authorization.plugin.AuthorizationMetaStoreFilterHook
[2024-09-12T21:35:42.513+0000] {spark_submit.py:579} INFO - 24/09/12 21:35:42 INFO HiveMetaStore: 0: Cleaning up thread local RawStore...
[2024-09-12T21:35:42.515+0000] {spark_submit.py:579} INFO - 24/09/12 21:35:42 INFO audit: ugi=***	ip=unknown-ip-addr	cmd=Cleaning up thread local RawStore...
[2024-09-12T21:35:42.516+0000] {spark_submit.py:579} INFO - 24/09/12 21:35:42 INFO HiveMetaStore: 0: Done cleaning up thread local RawStore
[2024-09-12T21:35:42.517+0000] {spark_submit.py:579} INFO - 24/09/12 21:35:42 INFO audit: ugi=***	ip=unknown-ip-addr	cmd=Done cleaning up thread local RawStore
[2024-09-12T21:35:42.781+0000] {spark_submit.py:579} INFO - 24/09/12 21:35:42 INFO HiveMetaStore: 0: create_table: Table(tableName:pc_makers, dbName:default, owner:***, createTime:1726176930, lastAccessTime:0, retention:0, sd:StorageDescriptor(cols:[FieldSchema(name:maker, type:string, comment:null)], location:file:/user/hive/warehouse/pc_makers, inputFormat:org.apache.hadoop.mapred.TextInputFormat, outputFormat:org.apache.hadoop.hive.ql.io.HiveIgnoreKeyTextOutputFormat, compressed:false, numBuckets:-1, serdeInfo:SerDeInfo(name:null, serializationLib:org.apache.hadoop.hive.serde2.lazy.LazySimpleSerDe, parameters:{field.delim=,, serialization.format=,}), bucketCols:[], sortCols:[], parameters:{}, skewedInfo:SkewedInfo(skewedColNames:[], skewedColValues:[], skewedColValueLocationMaps:{})), partitionKeys:[], parameters:{spark.sql.sources.schema={"type":"struct","fields":[{"name":"maker","type":"string","nullable":true,"metadata":{}}]}, spark.sql.create.version=3.5.2}, viewOriginalText:null, viewExpandedText:null, tableType:MANAGED_TABLE, privileges:PrincipalPrivilegeSet(userPrivileges:{***=[PrivilegeGrantInfo(privilege:INSERT, createTime:-1, grantor:***, grantorType:USER, grantOption:true), PrivilegeGrantInfo(privilege:SELECT, createTime:-1, grantor:***, grantorType:USER, grantOption:true), PrivilegeGrantInfo(privilege:UPDATE, createTime:-1, grantor:***, grantorType:USER, grantOption:true), PrivilegeGrantInfo(privilege:DELETE, createTime:-1, grantor:***, grantorType:USER, grantOption:true)]}, groupPrivileges:null, rolePrivileges:null))
[2024-09-12T21:35:42.784+0000] {spark_submit.py:579} INFO - 24/09/12 21:35:42 INFO audit: ugi=***	ip=unknown-ip-addr	cmd=create_table: Table(tableName:pc_makers, dbName:default, owner:***, createTime:1726176930, lastAccessTime:0, retention:0, sd:StorageDescriptor(cols:[FieldSchema(name:maker, type:string, comment:null)], location:file:/user/hive/warehouse/pc_makers, inputFormat:org.apache.hadoop.mapred.TextInputFormat, outputFormat:org.apache.hadoop.hive.ql.io.HiveIgnoreKeyTextOutputFormat, compressed:false, numBuckets:-1, serdeInfo:SerDeInfo(name:null, serializationLib:org.apache.hadoop.hive.serde2.lazy.LazySimpleSerDe, parameters:{field.delim=,, serialization.format=,}), bucketCols:[], sortCols:[], parameters:{}, skewedInfo:SkewedInfo(skewedColNames:[], skewedColValues:[], skewedColValueLocationMaps:{})), partitionKeys:[], parameters:{spark.sql.sources.schema={"type":"struct","fields":[{"name":"maker","type":"string","nullable":true,"metadata":{}}]}, spark.sql.create.version=3.5.2}, viewOriginalText:null, viewExpandedText:null, tableType:MANAGED_TABLE, privileges:PrincipalPrivilegeSet(userPrivileges:{***=[PrivilegeGrantInfo(privilege:INSERT, createTime:-1, grantor:***, grantorType:USER, grantOption:true), PrivilegeGrantInfo(privilege:SELECT, createTime:-1, grantor:***, grantorType:USER, grantOption:true), PrivilegeGrantInfo(privilege:UPDATE, createTime:-1, grantor:***, grantorType:USER, grantOption:true), PrivilegeGrantInfo(privilege:DELETE, createTime:-1, grantor:***, grantorType:USER, grantOption:true)]}, groupPrivileges:null, rolePrivileges:null))
[2024-09-12T21:35:42.827+0000] {spark_submit.py:579} INFO - 24/09/12 21:35:42 WARN HiveConf: HiveConf of name hive.internal.ss.authz.settings.applied.marker does not exist
[2024-09-12T21:35:42.829+0000] {spark_submit.py:579} INFO - 24/09/12 21:35:42 WARN HiveConf: HiveConf of name hive.stats.jdbc.timeout does not exist
[2024-09-12T21:35:42.832+0000] {spark_submit.py:579} INFO - 24/09/12 21:35:42 WARN HiveConf: HiveConf of name hive.stats.retries.wait does not exist
[2024-09-12T21:35:42.834+0000] {spark_submit.py:579} INFO - 24/09/12 21:35:42 INFO HiveMetaStore: 0: Opening raw store with implementation class:org.apache.hadoop.hive.metastore.ObjectStore
[2024-09-12T21:35:42.837+0000] {spark_submit.py:579} INFO - 24/09/12 21:35:42 INFO ObjectStore: ObjectStore, initialize called
[2024-09-12T21:35:42.856+0000] {spark_submit.py:579} INFO - 24/09/12 21:35:42 INFO MetaStoreDirectSql: Using direct SQL, underlying DB is DERBY
[2024-09-12T21:35:42.858+0000] {spark_submit.py:579} INFO - 24/09/12 21:35:42 INFO ObjectStore: Initialized ObjectStore
[2024-09-12T21:35:42.867+0000] {spark_submit.py:579} INFO - 24/09/12 21:35:42 WARN HiveMetaStore: Location: file:/user/hive/warehouse/pc_makers specified for non-external table:pc_makers
[2024-09-12T21:35:42.869+0000] {spark_submit.py:579} INFO - 24/09/12 21:35:42 INFO FileUtils: Creating directory if it doesn't exist: file:/user/hive/warehouse/pc_makers
[2024-09-12T21:35:44.114+0000] {spark_submit.py:579} INFO - Traceback (most recent call last):
[2024-09-12T21:35:44.115+0000] {spark_submit.py:579} INFO - File "/opt/***/dags/spark_job.py", line 56, in <module>
[2024-09-12T21:35:44.119+0000] {spark_submit.py:579} INFO - spark.sql("""
[2024-09-12T21:35:44.121+0000] {spark_submit.py:579} INFO - File "/home/***/.local/lib/python3.12/site-packages/pyspark/sql/session.py", line 1631, in sql
[2024-09-12T21:35:44.122+0000] {spark_submit.py:579} INFO - return DataFrame(self._jsparkSession.sql(sqlQuery, litArgs), self)
[2024-09-12T21:35:44.123+0000] {spark_submit.py:579} INFO - ^^^^^^^^^^^^^^^^^^^^^^^^^^^^^^^^^^^^^^^^^^
[2024-09-12T21:35:44.124+0000] {spark_submit.py:579} INFO - File "/home/***/.local/lib/python3.12/site-packages/py4j/java_gateway.py", line 1322, in __call__
[2024-09-12T21:35:44.125+0000] {spark_submit.py:579} INFO - return_value = get_return_value(
[2024-09-12T21:35:44.126+0000] {spark_submit.py:579} INFO - ^^^^^^^^^^^^^^^^^
[2024-09-12T21:35:44.127+0000] {spark_submit.py:579} INFO - File "/home/***/.local/lib/python3.12/site-packages/pyspark/errors/exceptions/captured.py", line 185, in deco
[2024-09-12T21:35:44.128+0000] {spark_submit.py:579} INFO - raise converted from None
[2024-09-12T21:35:44.137+0000] {spark_submit.py:579} INFO - pyspark.errors.exceptions.captured.AnalysisException: org.apache.hadoop.hive.ql.metadata.HiveException: MetaException(message:file:/user/hive/warehouse/pc_makers is not a directory or unable to create one)
[2024-09-12T21:35:44.279+0000] {spark_submit.py:579} INFO - 24/09/12 21:35:44 INFO SparkContext: Invoking stop() from shutdown hook
[2024-09-12T21:35:44.280+0000] {spark_submit.py:579} INFO - 24/09/12 21:35:44 INFO SparkContext: SparkContext is stopping with exitCode 0.
[2024-09-12T21:35:44.347+0000] {spark_submit.py:579} INFO - 24/09/12 21:35:44 INFO SparkUI: Stopped Spark web UI at http://e10d33bf7907:4040
[2024-09-12T21:35:44.402+0000] {spark_submit.py:579} INFO - 24/09/12 21:35:44 INFO MapOutputTrackerMasterEndpoint: MapOutputTrackerMasterEndpoint stopped!
[2024-09-12T21:35:44.447+0000] {spark_submit.py:579} INFO - 24/09/12 21:35:44 INFO MemoryStore: MemoryStore cleared
[2024-09-12T21:35:44.449+0000] {spark_submit.py:579} INFO - 24/09/12 21:35:44 INFO BlockManager: BlockManager stopped
[2024-09-12T21:35:44.478+0000] {spark_submit.py:579} INFO - 24/09/12 21:35:44 INFO BlockManagerMaster: BlockManagerMaster stopped
[2024-09-12T21:35:44.491+0000] {spark_submit.py:579} INFO - 24/09/12 21:35:44 INFO OutputCommitCoordinator$OutputCommitCoordinatorEndpoint: OutputCommitCoordinator stopped!
[2024-09-12T21:35:44.526+0000] {spark_submit.py:579} INFO - 24/09/12 21:35:44 INFO SparkContext: Successfully stopped SparkContext
[2024-09-12T21:35:44.529+0000] {spark_submit.py:579} INFO - 24/09/12 21:35:44 INFO ShutdownHookManager: Shutdown hook called
[2024-09-12T21:35:44.532+0000] {spark_submit.py:579} INFO - 24/09/12 21:35:44 INFO ShutdownHookManager: Deleting directory /tmp/spark-5a1ed65b-72d7-47cc-bd0a-175b1bc21777
[2024-09-12T21:35:44.564+0000] {spark_submit.py:579} INFO - 24/09/12 21:35:44 INFO ShutdownHookManager: Deleting directory /tmp/spark-5a1ed65b-72d7-47cc-bd0a-175b1bc21777/pyspark-08fc0f4b-2d00-4eb5-bd3a-f64eb5b0725c
[2024-09-12T21:35:44.601+0000] {spark_submit.py:579} INFO - 24/09/12 21:35:44 INFO ShutdownHookManager: Deleting directory /tmp/spark-eeac18c6-ec8f-4c77-8c2d-9085d122b70c
[2024-09-12T21:35:44.847+0000] {taskinstance.py:3310} ERROR - Task failed with exception
Traceback (most recent call last):
  File "/home/airflow/.local/lib/python3.12/site-packages/airflow/models/taskinstance.py", line 767, in _execute_task
    result = _execute_callable(context=context, **execute_callable_kwargs)
             ^^^^^^^^^^^^^^^^^^^^^^^^^^^^^^^^^^^^^^^^^^^^^^^^^^^^^^^^^^^^^
  File "/home/airflow/.local/lib/python3.12/site-packages/airflow/models/taskinstance.py", line 733, in _execute_callable
    return ExecutionCallableRunner(
           ^^^^^^^^^^^^^^^^^^^^^^^^
  File "/home/airflow/.local/lib/python3.12/site-packages/airflow/utils/operator_helpers.py", line 252, in run
    return self.func(*args, **kwargs)
           ^^^^^^^^^^^^^^^^^^^^^^^^^^
  File "/home/airflow/.local/lib/python3.12/site-packages/airflow/models/baseoperator.py", line 406, in wrapper
    return func(self, *args, **kwargs)
           ^^^^^^^^^^^^^^^^^^^^^^^^^^^
  File "/home/airflow/.local/lib/python3.12/site-packages/airflow/providers/apache/spark/operators/spark_submit.py", line 174, in execute
    self._hook.submit(self.application)
  File "/home/airflow/.local/lib/python3.12/site-packages/airflow/providers/apache/spark/hooks/spark_submit.py", line 505, in submit
    raise AirflowException(
airflow.exceptions.AirflowException: Cannot execute: spark-submit --master spark://spark-master:7077 --conf spark.master=spark://spark-master:7077 --name arrow-spark --verbose --deploy-mode client /opt/***/dags/spark_job.py. Error code is: 1.
[2024-09-12T21:35:44.866+0000] {taskinstance.py:1225} INFO - Marking task as UP_FOR_RETRY. dag_id=spark_find_makers_dag, task_id=spark_submit_task, run_id=scheduled__2024-09-11T00:00:00+00:00, execution_date=20240911T000000, start_date=20240912T213507, end_date=20240912T213544
[2024-09-12T21:35:44.921+0000] {taskinstance.py:340} INFO - ::group::Post task execution logs
[2024-09-12T21:35:44.923+0000] {standard_task_runner.py:124} ERROR - Failed to execute job 526 for task spark_submit_task (Cannot execute: spark-submit --master spark://spark-master:7077 --conf spark.master=spark://spark-master:7077 --name arrow-spark --verbose --deploy-mode client /opt/***/dags/spark_job.py. Error code is: 1.; 120)
Traceback (most recent call last):
  File "/home/airflow/.local/lib/python3.12/site-packages/airflow/task/task_runner/standard_task_runner.py", line 117, in _start_by_fork
    ret = args.func(args, dag=self.dag)
          ^^^^^^^^^^^^^^^^^^^^^^^^^^^^^
  File "/home/airflow/.local/lib/python3.12/site-packages/airflow/cli/cli_config.py", line 49, in command
    return func(*args, **kwargs)
           ^^^^^^^^^^^^^^^^^^^^^
  File "/home/airflow/.local/lib/python3.12/site-packages/airflow/utils/cli.py", line 115, in wrapper
    return f(*args, **kwargs)
           ^^^^^^^^^^^^^^^^^^
  File "/home/airflow/.local/lib/python3.12/site-packages/airflow/cli/commands/task_command.py", line 483, in task_run
    task_return_code = _run_task_by_selected_method(args, _dag, ti)
                       ^^^^^^^^^^^^^^^^^^^^^^^^^^^^^^^^^^^^^^^^^^^^
  File "/home/airflow/.local/lib/python3.12/site-packages/airflow/cli/commands/task_command.py", line 256, in _run_task_by_selected_method
    return _run_raw_task(args, ti)
           ^^^^^^^^^^^^^^^^^^^^^^^
  File "/home/airflow/.local/lib/python3.12/site-packages/airflow/cli/commands/task_command.py", line 341, in _run_raw_task
    return ti._run_raw_task(
           ^^^^^^^^^^^^^^^^^
  File "/home/airflow/.local/lib/python3.12/site-packages/airflow/utils/session.py", line 97, in wrapper
    return func(*args, session=session, **kwargs)
           ^^^^^^^^^^^^^^^^^^^^^^^^^^^^^^^^^^^^^^
  File "/home/airflow/.local/lib/python3.12/site-packages/airflow/models/taskinstance.py", line 3004, in _run_raw_task
    return _run_raw_task(
           ^^^^^^^^^^^^^^
  File "/home/airflow/.local/lib/python3.12/site-packages/airflow/models/taskinstance.py", line 273, in _run_raw_task
    TaskInstance._execute_task_with_callbacks(
  File "/home/airflow/.local/lib/python3.12/site-packages/airflow/models/taskinstance.py", line 3158, in _execute_task_with_callbacks
    result = self._execute_task(context, task_orig)
             ^^^^^^^^^^^^^^^^^^^^^^^^^^^^^^^^^^^^^^
  File "/home/airflow/.local/lib/python3.12/site-packages/airflow/models/taskinstance.py", line 3182, in _execute_task
    return _execute_task(self, context, task_orig)
           ^^^^^^^^^^^^^^^^^^^^^^^^^^^^^^^^^^^^^^^
  File "/home/airflow/.local/lib/python3.12/site-packages/airflow/models/taskinstance.py", line 767, in _execute_task
    result = _execute_callable(context=context, **execute_callable_kwargs)
             ^^^^^^^^^^^^^^^^^^^^^^^^^^^^^^^^^^^^^^^^^^^^^^^^^^^^^^^^^^^^^
  File "/home/airflow/.local/lib/python3.12/site-packages/airflow/models/taskinstance.py", line 733, in _execute_callable
    return ExecutionCallableRunner(
           ^^^^^^^^^^^^^^^^^^^^^^^^
  File "/home/airflow/.local/lib/python3.12/site-packages/airflow/utils/operator_helpers.py", line 252, in run
    return self.func(*args, **kwargs)
           ^^^^^^^^^^^^^^^^^^^^^^^^^^
  File "/home/airflow/.local/lib/python3.12/site-packages/airflow/models/baseoperator.py", line 406, in wrapper
    return func(self, *args, **kwargs)
           ^^^^^^^^^^^^^^^^^^^^^^^^^^^
  File "/home/airflow/.local/lib/python3.12/site-packages/airflow/providers/apache/spark/operators/spark_submit.py", line 174, in execute
    self._hook.submit(self.application)
  File "/home/airflow/.local/lib/python3.12/site-packages/airflow/providers/apache/spark/hooks/spark_submit.py", line 505, in submit
    raise AirflowException(
airflow.exceptions.AirflowException: Cannot execute: spark-submit --master spark://spark-master:7077 --conf spark.master=spark://spark-master:7077 --name arrow-spark --verbose --deploy-mode client /opt/***/dags/spark_job.py. Error code is: 1.
[2024-09-12T21:35:44.987+0000] {local_task_job_runner.py:266} INFO - Task exited with return code 1
[2024-09-12T21:35:45.022+0000] {taskinstance.py:3900} INFO - 0 downstream tasks scheduled from follow-on schedule check
[2024-09-12T21:35:45.027+0000] {local_task_job_runner.py:245} INFO - ::endgroup::
