[2024-09-12T21:42:13.424+0000] {local_task_job_runner.py:123} INFO - ::group::Pre task execution logs
[2024-09-12T21:42:13.465+0000] {taskinstance.py:2612} INFO - Dependencies all met for dep_context=non-requeueable deps ti=<TaskInstance: spark_find_makers_dag.spark_submit_task scheduled__2024-09-11T00:00:00+00:00 [queued]>
[2024-09-12T21:42:13.481+0000] {taskinstance.py:2612} INFO - Dependencies all met for dep_context=requeueable deps ti=<TaskInstance: spark_find_makers_dag.spark_submit_task scheduled__2024-09-11T00:00:00+00:00 [queued]>
[2024-09-12T21:42:13.482+0000] {taskinstance.py:2865} INFO - Starting attempt 14 of 17
[2024-09-12T21:42:13.508+0000] {taskinstance.py:2888} INFO - Executing <Task(SparkSubmitOperator): spark_submit_task> on 2024-09-11 00:00:00+00:00
[2024-09-12T21:42:13.520+0000] {warnings.py:112} WARNING - /home/***/.local/lib/python3.12/site-packages/***/task/task_runner/standard_task_runner.py:70: DeprecationWarning: This process (pid=377) is multi-threaded, use of fork() may lead to deadlocks in the child.
  pid = os.fork()

[2024-09-12T21:42:13.524+0000] {standard_task_runner.py:72} INFO - Started process 378 to run task
[2024-09-12T21:42:13.524+0000] {standard_task_runner.py:104} INFO - Running: ['***', 'tasks', 'run', 'spark_find_makers_dag', 'spark_submit_task', 'scheduled__2024-09-11T00:00:00+00:00', '--job-id', '527', '--raw', '--subdir', 'DAGS_FOLDER/spark_sql_dag.py', '--cfg-path', '/tmp/tmphw98vf_o']
[2024-09-12T21:42:13.526+0000] {standard_task_runner.py:105} INFO - Job 527: Subtask spark_submit_task
[2024-09-12T21:42:13.615+0000] {task_command.py:467} INFO - Running <TaskInstance: spark_find_makers_dag.spark_submit_task scheduled__2024-09-11T00:00:00+00:00 [running]> on host e10d33bf7907
[2024-09-12T21:42:13.760+0000] {taskinstance.py:3131} INFO - Exporting env vars: AIRFLOW_CTX_DAG_OWNER='Denis' AIRFLOW_CTX_DAG_ID='spark_find_makers_dag' AIRFLOW_CTX_TASK_ID='spark_submit_task' AIRFLOW_CTX_EXECUTION_DATE='2024-09-11T00:00:00+00:00' AIRFLOW_CTX_TRY_NUMBER='14' AIRFLOW_CTX_DAG_RUN_ID='scheduled__2024-09-11T00:00:00+00:00'
[2024-09-12T21:42:13.762+0000] {taskinstance.py:731} INFO - ::endgroup::
[2024-09-12T21:42:13.823+0000] {base.py:84} INFO - Retrieving connection 'spark_default'
[2024-09-12T21:42:13.828+0000] {spark_submit.py:403} INFO - Spark-Submit cmd: spark-submit --master spark://spark-master:7077 --conf spark.master=spark://spark-master:7077 --name arrow-spark --verbose --deploy-mode client /opt/***/dags/spark_job.py
[2024-09-12T21:42:18.029+0000] {spark_submit.py:579} INFO - Using properties file: null
[2024-09-12T21:42:18.312+0000] {spark_submit.py:579} INFO - Parsed arguments:
[2024-09-12T21:42:18.314+0000] {spark_submit.py:579} INFO - master                  spark://spark-master:7077
[2024-09-12T21:42:18.316+0000] {spark_submit.py:579} INFO - remote                  null
[2024-09-12T21:42:18.318+0000] {spark_submit.py:579} INFO - deployMode              client
[2024-09-12T21:42:18.319+0000] {spark_submit.py:579} INFO - executorMemory          null
[2024-09-12T21:42:18.321+0000] {spark_submit.py:579} INFO - executorCores           null
[2024-09-12T21:42:18.322+0000] {spark_submit.py:579} INFO - totalExecutorCores      null
[2024-09-12T21:42:18.324+0000] {spark_submit.py:579} INFO - propertiesFile          null
[2024-09-12T21:42:18.326+0000] {spark_submit.py:579} INFO - driverMemory            null
[2024-09-12T21:42:18.327+0000] {spark_submit.py:579} INFO - driverCores             null
[2024-09-12T21:42:18.329+0000] {spark_submit.py:579} INFO - driverExtraClassPath    null
[2024-09-12T21:42:18.330+0000] {spark_submit.py:579} INFO - driverExtraLibraryPath  null
[2024-09-12T21:42:18.332+0000] {spark_submit.py:579} INFO - driverExtraJavaOptions  null
[2024-09-12T21:42:18.333+0000] {spark_submit.py:579} INFO - supervise               false
[2024-09-12T21:42:18.335+0000] {spark_submit.py:579} INFO - queue                   null
[2024-09-12T21:42:18.336+0000] {spark_submit.py:579} INFO - numExecutors            null
[2024-09-12T21:42:18.337+0000] {spark_submit.py:579} INFO - files                   null
[2024-09-12T21:42:18.338+0000] {spark_submit.py:579} INFO - pyFiles                 null
[2024-09-12T21:42:18.340+0000] {spark_submit.py:579} INFO - archives                null
[2024-09-12T21:42:18.341+0000] {spark_submit.py:579} INFO - mainClass               null
[2024-09-12T21:42:18.342+0000] {spark_submit.py:579} INFO - primaryResource         file:/opt/***/dags/spark_job.py
[2024-09-12T21:42:18.344+0000] {spark_submit.py:579} INFO - name                    arrow-spark
[2024-09-12T21:42:18.345+0000] {spark_submit.py:579} INFO - childArgs               []
[2024-09-12T21:42:18.348+0000] {spark_submit.py:579} INFO - jars                    null
[2024-09-12T21:42:18.350+0000] {spark_submit.py:579} INFO - packages                null
[2024-09-12T21:42:18.351+0000] {spark_submit.py:579} INFO - packagesExclusions      null
[2024-09-12T21:42:18.352+0000] {spark_submit.py:579} INFO - repositories            null
[2024-09-12T21:42:18.353+0000] {spark_submit.py:579} INFO - verbose                 true
[2024-09-12T21:42:18.355+0000] {spark_submit.py:579} INFO - 
[2024-09-12T21:42:18.357+0000] {spark_submit.py:579} INFO - Spark properties used, including those specified through
[2024-09-12T21:42:18.359+0000] {spark_submit.py:579} INFO - --conf and those from the properties file null:
[2024-09-12T21:42:18.360+0000] {spark_submit.py:579} INFO - (spark.master,spark://spark-master:7077)
[2024-09-12T21:42:18.362+0000] {spark_submit.py:579} INFO - 
[2024-09-12T21:42:18.365+0000] {spark_submit.py:579} INFO - 
[2024-09-12T21:42:19.337+0000] {spark_submit.py:579} INFO - Main class:
[2024-09-12T21:42:19.339+0000] {spark_submit.py:579} INFO - org.apache.spark.deploy.PythonRunner
[2024-09-12T21:42:19.340+0000] {spark_submit.py:579} INFO - Arguments:
[2024-09-12T21:42:19.342+0000] {spark_submit.py:579} INFO - file:/opt/***/dags/spark_job.py
[2024-09-12T21:42:19.343+0000] {spark_submit.py:579} INFO - null
[2024-09-12T21:42:19.348+0000] {spark_submit.py:579} INFO - Spark config:
[2024-09-12T21:42:19.356+0000] {spark_submit.py:579} INFO - (spark.app.name,arrow-spark)
[2024-09-12T21:42:19.358+0000] {spark_submit.py:579} INFO - (spark.app.submitTime,1726177339280)
[2024-09-12T21:42:19.360+0000] {spark_submit.py:579} INFO - (spark.master,spark://spark-master:7077)
[2024-09-12T21:42:19.363+0000] {spark_submit.py:579} INFO - (spark.submit.deployMode,client)
[2024-09-12T21:42:19.365+0000] {spark_submit.py:579} INFO - (spark.submit.pyFiles,)
[2024-09-12T21:42:19.368+0000] {spark_submit.py:579} INFO - Classpath elements:
[2024-09-12T21:42:19.371+0000] {spark_submit.py:579} INFO - 
[2024-09-12T21:42:19.373+0000] {spark_submit.py:579} INFO - 
[2024-09-12T21:42:19.375+0000] {spark_submit.py:579} INFO - 
[2024-09-12T21:42:21.785+0000] {spark_submit.py:579} INFO - 24/09/12 21:42:21 INFO SparkContext: Running Spark version 3.5.2
[2024-09-12T21:42:21.789+0000] {spark_submit.py:579} INFO - 24/09/12 21:42:21 INFO SparkContext: OS info Linux, 5.15.153.1-microsoft-standard-WSL2, amd64
[2024-09-12T21:42:21.791+0000] {spark_submit.py:579} INFO - 24/09/12 21:42:21 INFO SparkContext: Java version 17.0.12
[2024-09-12T21:42:21.948+0000] {spark_submit.py:579} INFO - 24/09/12 21:42:21 WARN NativeCodeLoader: Unable to load native-hadoop library for your platform... using builtin-java classes where applicable
[2024-09-12T21:42:22.247+0000] {spark_submit.py:579} INFO - 24/09/12 21:42:22 INFO ResourceUtils: ==============================================================
[2024-09-12T21:42:22.249+0000] {spark_submit.py:579} INFO - 24/09/12 21:42:22 INFO ResourceUtils: No custom resources configured for spark.driver.
[2024-09-12T21:42:22.250+0000] {spark_submit.py:579} INFO - 24/09/12 21:42:22 INFO ResourceUtils: ==============================================================
[2024-09-12T21:42:22.252+0000] {spark_submit.py:579} INFO - 24/09/12 21:42:22 INFO SparkContext: Submitted application: SparkJob
[2024-09-12T21:42:22.309+0000] {spark_submit.py:579} INFO - 24/09/12 21:42:22 INFO ResourceProfile: Default ResourceProfile created, executor resources: Map(cores -> name: cores, amount: 1, script: , vendor: , memory -> name: memory, amount: 1024, script: , vendor: , offHeap -> name: offHeap, amount: 0, script: , vendor: ), task resources: Map(cpus -> name: cpus, amount: 1.0)
[2024-09-12T21:42:22.332+0000] {spark_submit.py:579} INFO - 24/09/12 21:42:22 INFO ResourceProfile: Limiting resource is cpu
[2024-09-12T21:42:22.333+0000] {spark_submit.py:579} INFO - 24/09/12 21:42:22 INFO ResourceProfileManager: Added ResourceProfile id: 0
[2024-09-12T21:42:22.567+0000] {spark_submit.py:579} INFO - 24/09/12 21:42:22 INFO SecurityManager: Changing view acls to: ***
[2024-09-12T21:42:22.569+0000] {spark_submit.py:579} INFO - 24/09/12 21:42:22 INFO SecurityManager: Changing modify acls to: ***
[2024-09-12T21:42:22.570+0000] {spark_submit.py:579} INFO - 24/09/12 21:42:22 INFO SecurityManager: Changing view acls groups to:
[2024-09-12T21:42:22.572+0000] {spark_submit.py:579} INFO - 24/09/12 21:42:22 INFO SecurityManager: Changing modify acls groups to:
[2024-09-12T21:42:22.573+0000] {spark_submit.py:579} INFO - 24/09/12 21:42:22 INFO SecurityManager: SecurityManager: authentication disabled; ui acls disabled; users with view permissions: ***; groups with view permissions: EMPTY; users with modify permissions: ***; groups with modify permissions: EMPTY
[2024-09-12T21:42:23.337+0000] {spark_submit.py:579} INFO - 24/09/12 21:42:23 INFO Utils: Successfully started service 'sparkDriver' on port 43709.
[2024-09-12T21:42:23.440+0000] {spark_submit.py:579} INFO - 24/09/12 21:42:23 INFO SparkEnv: Registering MapOutputTracker
[2024-09-12T21:42:23.586+0000] {spark_submit.py:579} INFO - 24/09/12 21:42:23 INFO SparkEnv: Registering BlockManagerMaster
[2024-09-12T21:42:23.634+0000] {spark_submit.py:579} INFO - 24/09/12 21:42:23 INFO BlockManagerMasterEndpoint: Using org.apache.spark.storage.DefaultTopologyMapper for getting topology information
[2024-09-12T21:42:23.636+0000] {spark_submit.py:579} INFO - 24/09/12 21:42:23 INFO BlockManagerMasterEndpoint: BlockManagerMasterEndpoint up
[2024-09-12T21:42:23.647+0000] {spark_submit.py:579} INFO - 24/09/12 21:42:23 INFO SparkEnv: Registering BlockManagerMasterHeartbeat
[2024-09-12T21:42:23.704+0000] {spark_submit.py:579} INFO - 24/09/12 21:42:23 INFO DiskBlockManager: Created local directory at /tmp/blockmgr-dfc56ef1-c83d-4fcd-afe0-a97e7009cae1
[2024-09-12T21:42:23.736+0000] {spark_submit.py:579} INFO - 24/09/12 21:42:23 INFO MemoryStore: MemoryStore started with capacity 434.4 MiB
[2024-09-12T21:42:23.772+0000] {spark_submit.py:579} INFO - 24/09/12 21:42:23 INFO SparkEnv: Registering OutputCommitCoordinator
[2024-09-12T21:42:24.156+0000] {spark_submit.py:579} INFO - 24/09/12 21:42:24 INFO JettyUtils: Start Jetty 0.0.0.0:4040 for SparkUI
[2024-09-12T21:42:24.292+0000] {spark_submit.py:579} INFO - 24/09/12 21:42:24 INFO Utils: Successfully started service 'SparkUI' on port 4040.
[2024-09-12T21:42:24.613+0000] {spark_submit.py:579} INFO - 24/09/12 21:42:24 INFO Executor: Starting executor ID driver on host e10d33bf7907
[2024-09-12T21:42:24.617+0000] {spark_submit.py:579} INFO - 24/09/12 21:42:24 INFO Executor: OS info Linux, 5.15.153.1-microsoft-standard-WSL2, amd64
[2024-09-12T21:42:24.622+0000] {spark_submit.py:579} INFO - 24/09/12 21:42:24 INFO Executor: Java version 17.0.12
[2024-09-12T21:42:24.654+0000] {spark_submit.py:579} INFO - 24/09/12 21:42:24 INFO Executor: Starting executor with user classpath (userClassPathFirst = false): ''
[2024-09-12T21:42:24.656+0000] {spark_submit.py:579} INFO - 24/09/12 21:42:24 INFO Executor: Created or updated repl class loader org.apache.spark.util.MutableURLClassLoader@7432b5cc for default.
[2024-09-12T21:42:24.772+0000] {spark_submit.py:579} INFO - 24/09/12 21:42:24 INFO Utils: Successfully started service 'org.apache.spark.network.netty.NettyBlockTransferService' on port 35895.
[2024-09-12T21:42:24.774+0000] {spark_submit.py:579} INFO - 24/09/12 21:42:24 INFO NettyBlockTransferService: Server created on e10d33bf7907:35895
[2024-09-12T21:42:24.782+0000] {spark_submit.py:579} INFO - 24/09/12 21:42:24 INFO BlockManager: Using org.apache.spark.storage.RandomBlockReplicationPolicy for block replication policy
[2024-09-12T21:42:24.939+0000] {spark_submit.py:579} INFO - 24/09/12 21:42:24 INFO BlockManagerMaster: Registering BlockManager BlockManagerId(driver, e10d33bf7907, 35895, None)
[2024-09-12T21:42:24.953+0000] {spark_submit.py:579} INFO - 24/09/12 21:42:24 INFO BlockManagerMasterEndpoint: Registering block manager e10d33bf7907:35895 with 434.4 MiB RAM, BlockManagerId(driver, e10d33bf7907, 35895, None)
[2024-09-12T21:42:24.959+0000] {spark_submit.py:579} INFO - 24/09/12 21:42:24 INFO BlockManagerMaster: Registered BlockManager BlockManagerId(driver, e10d33bf7907, 35895, None)
[2024-09-12T21:42:24.965+0000] {spark_submit.py:579} INFO - 24/09/12 21:42:24 INFO BlockManager: Initialized BlockManager: BlockManagerId(driver, e10d33bf7907, 35895, None)
[2024-09-12T21:42:26.447+0000] {spark_submit.py:579} INFO - 24/09/12 21:42:26 INFO SharedState: Setting hive.metastore.warehouse.dir ('null') to the value of spark.sql.warehouse.dir.
[2024-09-12T21:42:26.476+0000] {spark_submit.py:579} INFO - 24/09/12 21:42:26 INFO SharedState: Warehouse path is 'file:/user/hive/warehouse'.
[2024-09-12T21:42:29.128+0000] {spark_submit.py:579} INFO - 24/09/12 21:42:29 INFO InMemoryFileIndex: It took 118 ms to list leaf files for 1 paths.
[2024-09-12T21:42:33.265+0000] {spark_submit.py:579} INFO - 24/09/12 21:42:33 INFO InMemoryFileIndex: It took 21 ms to list leaf files for 1 paths.
[2024-09-12T21:42:34.081+0000] {spark_submit.py:579} INFO - 24/09/12 21:42:34 INFO HiveConf: Found configuration file null
[2024-09-12T21:42:34.133+0000] {spark_submit.py:579} INFO - 24/09/12 21:42:34 INFO HiveUtils: Initializing HiveMetastoreConnection version 2.3.9 using Spark classes.
[2024-09-12T21:42:35.077+0000] {spark_submit.py:579} INFO - 24/09/12 21:42:35 INFO HiveClientImpl: Warehouse location for Hive client (version 2.3.9) is file:/user/hive/warehouse
[2024-09-12T21:42:35.860+0000] {spark_submit.py:579} INFO - 24/09/12 21:42:35 WARN HiveConf: HiveConf of name hive.stats.jdbc.timeout does not exist
[2024-09-12T21:42:35.866+0000] {spark_submit.py:579} INFO - 24/09/12 21:42:35 WARN HiveConf: HiveConf of name hive.stats.retries.wait does not exist
[2024-09-12T21:42:35.869+0000] {spark_submit.py:579} INFO - 24/09/12 21:42:35 INFO HiveMetaStore: 0: Opening raw store with implementation class:org.apache.hadoop.hive.metastore.ObjectStore
[2024-09-12T21:42:36.035+0000] {spark_submit.py:579} INFO - 24/09/12 21:42:36 INFO ObjectStore: ObjectStore, initialize called
[2024-09-12T21:42:36.642+0000] {spark_submit.py:579} INFO - 24/09/12 21:42:36 INFO Persistence: Property hive.metastore.integral.jdo.pushdown unknown - will be ignored
[2024-09-12T21:42:36.647+0000] {spark_submit.py:579} INFO - 24/09/12 21:42:36 INFO Persistence: Property datanucleus.cache.level2 unknown - will be ignored
[2024-09-12T21:42:40.292+0000] {spark_submit.py:579} INFO - 24/09/12 21:42:40 INFO ObjectStore: Setting MetaStore object pin classes with hive.metastore.cache.pinobjtypes="Table,StorageDescriptor,SerDeInfo,Partition,Database,Type,FieldSchema,Order"
[2024-09-12T21:42:45.223+0000] {spark_submit.py:579} INFO - 24/09/12 21:42:45 INFO MetaStoreDirectSql: Using direct SQL, underlying DB is DERBY
[2024-09-12T21:42:45.231+0000] {spark_submit.py:579} INFO - 24/09/12 21:42:45 INFO ObjectStore: Initialized ObjectStore
[2024-09-12T21:42:45.504+0000] {spark_submit.py:579} INFO - 24/09/12 21:42:45 WARN ObjectStore: Version information not found in metastore. hive.metastore.schema.verification is not enabled so recording the schema version 2.3.0
[2024-09-12T21:42:45.506+0000] {spark_submit.py:579} INFO - 24/09/12 21:42:45 WARN ObjectStore: setMetaStoreSchemaVersion called but recording version is disabled: version = 2.3.0, comment = Set by MetaStore UNKNOWN@172.18.0.16
[2024-09-12T21:42:45.925+0000] {spark_submit.py:579} INFO - 24/09/12 21:42:45 INFO HiveMetaStore: Added admin role in metastore
[2024-09-12T21:42:45.935+0000] {spark_submit.py:579} INFO - 24/09/12 21:42:45 INFO HiveMetaStore: Added public role in metastore
[2024-09-12T21:42:46.141+0000] {spark_submit.py:579} INFO - 24/09/12 21:42:46 INFO HiveMetaStore: No user is added in admin role, since config is empty
[2024-09-12T21:42:46.661+0000] {spark_submit.py:579} INFO - 24/09/12 21:42:46 INFO HiveMetaStore: 0: get_database: default
[2024-09-12T21:42:46.667+0000] {spark_submit.py:579} INFO - 24/09/12 21:42:46 INFO audit: ugi=***	ip=unknown-ip-addr	cmd=get_database: default
[2024-09-12T21:42:46.683+0000] {spark_submit.py:579} INFO - 24/09/12 21:42:46 INFO HiveMetaStore: 0: get_database: default
[2024-09-12T21:42:46.685+0000] {spark_submit.py:579} INFO - 24/09/12 21:42:46 INFO audit: ugi=***	ip=unknown-ip-addr	cmd=get_database: default
[2024-09-12T21:42:46.694+0000] {spark_submit.py:579} INFO - 24/09/12 21:42:46 INFO HiveMetaStore: 0: get_table : db=default tbl=pc_makers
[2024-09-12T21:42:46.696+0000] {spark_submit.py:579} INFO - 24/09/12 21:42:46 INFO audit: ugi=***	ip=unknown-ip-addr	cmd=get_table : db=default tbl=pc_makers
[2024-09-12T21:42:46.859+0000] {spark_submit.py:579} INFO - 24/09/12 21:42:46 INFO HiveMetaStore: 0: get_database: default
[2024-09-12T21:42:46.863+0000] {spark_submit.py:579} INFO - 24/09/12 21:42:46 INFO audit: ugi=***	ip=unknown-ip-addr	cmd=get_database: default
[2024-09-12T21:42:46.871+0000] {spark_submit.py:579} INFO - 24/09/12 21:42:46 INFO HiveMetaStore: 0: get_table : db=default tbl=pc_makers
[2024-09-12T21:42:46.876+0000] {spark_submit.py:579} INFO - 24/09/12 21:42:46 INFO audit: ugi=***	ip=unknown-ip-addr	cmd=get_table : db=default tbl=pc_makers
[2024-09-12T21:42:47.403+0000] {spark_submit.py:579} INFO - 24/09/12 21:42:47 INFO SQLStdHiveAccessController: Created SQLStdHiveAccessController for session context : HiveAuthzSessionContext [sessionString=74cee068-34e9-406e-bda9-a389f5fbebba, clientType=HIVECLI]
[2024-09-12T21:42:47.409+0000] {spark_submit.py:579} INFO - 24/09/12 21:42:47 WARN SessionState: METASTORE_FILTER_HOOK will be ignored, since hive.security.authorization.manager is set to instance of HiveAuthorizerFactory.
[2024-09-12T21:42:47.412+0000] {spark_submit.py:579} INFO - 24/09/12 21:42:47 INFO metastore: Mestastore configuration hive.metastore.filter.hook changed from org.apache.hadoop.hive.metastore.DefaultMetaStoreFilterHookImpl to org.apache.hadoop.hive.ql.security.authorization.plugin.AuthorizationMetaStoreFilterHook
[2024-09-12T21:42:47.417+0000] {spark_submit.py:579} INFO - 24/09/12 21:42:47 INFO HiveMetaStore: 0: Cleaning up thread local RawStore...
[2024-09-12T21:42:47.424+0000] {spark_submit.py:579} INFO - 24/09/12 21:42:47 INFO audit: ugi=***	ip=unknown-ip-addr	cmd=Cleaning up thread local RawStore...
[2024-09-12T21:42:47.427+0000] {spark_submit.py:579} INFO - 24/09/12 21:42:47 INFO HiveMetaStore: 0: Done cleaning up thread local RawStore
[2024-09-12T21:42:47.428+0000] {spark_submit.py:579} INFO - 24/09/12 21:42:47 INFO audit: ugi=***	ip=unknown-ip-addr	cmd=Done cleaning up thread local RawStore
[2024-09-12T21:42:47.829+0000] {spark_submit.py:579} INFO - 24/09/12 21:42:47 INFO HiveMetaStore: 0: create_table: Table(tableName:pc_makers, dbName:default, owner:***, createTime:1726177353, lastAccessTime:0, retention:0, sd:StorageDescriptor(cols:[FieldSchema(name:maker, type:string, comment:null)], location:file:/user/hive/external/pc_makers, inputFormat:org.apache.hadoop.mapred.TextInputFormat, outputFormat:org.apache.hadoop.hive.ql.io.HiveIgnoreKeyTextOutputFormat, compressed:false, numBuckets:-1, serdeInfo:SerDeInfo(name:null, serializationLib:org.apache.hadoop.hive.serde2.lazy.LazySimpleSerDe, parameters:{field.delim=,, serialization.format=,}), bucketCols:[], sortCols:[], parameters:{}, skewedInfo:SkewedInfo(skewedColNames:[], skewedColValues:[], skewedColValueLocationMaps:{})), partitionKeys:[], parameters:{EXTERNAL=TRUE, spark.sql.sources.schema={"type":"struct","fields":[{"name":"maker","type":"string","nullable":true,"metadata":{}}]}, spark.sql.create.version=3.5.2}, viewOriginalText:null, viewExpandedText:null, tableType:EXTERNAL_TABLE, privileges:PrincipalPrivilegeSet(userPrivileges:{***=[PrivilegeGrantInfo(privilege:INSERT, createTime:-1, grantor:***, grantorType:USER, grantOption:true), PrivilegeGrantInfo(privilege:SELECT, createTime:-1, grantor:***, grantorType:USER, grantOption:true), PrivilegeGrantInfo(privilege:UPDATE, createTime:-1, grantor:***, grantorType:USER, grantOption:true), PrivilegeGrantInfo(privilege:DELETE, createTime:-1, grantor:***, grantorType:USER, grantOption:true)]}, groupPrivileges:null, rolePrivileges:null))
[2024-09-12T21:42:47.831+0000] {spark_submit.py:579} INFO - 24/09/12 21:42:47 INFO audit: ugi=***	ip=unknown-ip-addr	cmd=create_table: Table(tableName:pc_makers, dbName:default, owner:***, createTime:1726177353, lastAccessTime:0, retention:0, sd:StorageDescriptor(cols:[FieldSchema(name:maker, type:string, comment:null)], location:file:/user/hive/external/pc_makers, inputFormat:org.apache.hadoop.mapred.TextInputFormat, outputFormat:org.apache.hadoop.hive.ql.io.HiveIgnoreKeyTextOutputFormat, compressed:false, numBuckets:-1, serdeInfo:SerDeInfo(name:null, serializationLib:org.apache.hadoop.hive.serde2.lazy.LazySimpleSerDe, parameters:{field.delim=,, serialization.format=,}), bucketCols:[], sortCols:[], parameters:{}, skewedInfo:SkewedInfo(skewedColNames:[], skewedColValues:[], skewedColValueLocationMaps:{})), partitionKeys:[], parameters:{EXTERNAL=TRUE, spark.sql.sources.schema={"type":"struct","fields":[{"name":"maker","type":"string","nullable":true,"metadata":{}}]}, spark.sql.create.version=3.5.2}, viewOriginalText:null, viewExpandedText:null, tableType:EXTERNAL_TABLE, privileges:PrincipalPrivilegeSet(userPrivileges:{***=[PrivilegeGrantInfo(privilege:INSERT, createTime:-1, grantor:***, grantorType:USER, grantOption:true), PrivilegeGrantInfo(privilege:SELECT, createTime:-1, grantor:***, grantorType:USER, grantOption:true), PrivilegeGrantInfo(privilege:UPDATE, createTime:-1, grantor:***, grantorType:USER, grantOption:true), PrivilegeGrantInfo(privilege:DELETE, createTime:-1, grantor:***, grantorType:USER, grantOption:true)]}, groupPrivileges:null, rolePrivileges:null))
[2024-09-12T21:42:47.866+0000] {spark_submit.py:579} INFO - 24/09/12 21:42:47 WARN HiveConf: HiveConf of name hive.internal.ss.authz.settings.applied.marker does not exist
[2024-09-12T21:42:47.868+0000] {spark_submit.py:579} INFO - 24/09/12 21:42:47 WARN HiveConf: HiveConf of name hive.stats.jdbc.timeout does not exist
[2024-09-12T21:42:47.869+0000] {spark_submit.py:579} INFO - 24/09/12 21:42:47 WARN HiveConf: HiveConf of name hive.stats.retries.wait does not exist
[2024-09-12T21:42:47.870+0000] {spark_submit.py:579} INFO - 24/09/12 21:42:47 INFO HiveMetaStore: 0: Opening raw store with implementation class:org.apache.hadoop.hive.metastore.ObjectStore
[2024-09-12T21:42:47.873+0000] {spark_submit.py:579} INFO - 24/09/12 21:42:47 INFO ObjectStore: ObjectStore, initialize called
[2024-09-12T21:42:47.885+0000] {spark_submit.py:579} INFO - 24/09/12 21:42:47 INFO MetaStoreDirectSql: Using direct SQL, underlying DB is DERBY
[2024-09-12T21:42:47.886+0000] {spark_submit.py:579} INFO - 24/09/12 21:42:47 INFO ObjectStore: Initialized ObjectStore
[2024-09-12T21:42:47.897+0000] {spark_submit.py:579} INFO - 24/09/12 21:42:47 INFO FileUtils: Creating directory if it doesn't exist: file:/user/hive/external/pc_makers
[2024-09-12T21:42:48.987+0000] {spark_submit.py:579} INFO - Traceback (most recent call last):
[2024-09-12T21:42:48.988+0000] {spark_submit.py:579} INFO - File "/opt/***/dags/spark_job.py", line 56, in <module>
[2024-09-12T21:42:48.992+0000] {spark_submit.py:579} INFO - spark.sql("""
[2024-09-12T21:42:48.994+0000] {spark_submit.py:579} INFO - File "/home/***/.local/lib/python3.12/site-packages/pyspark/sql/session.py", line 1631, in sql
[2024-09-12T21:42:48.995+0000] {spark_submit.py:579} INFO - return DataFrame(self._jsparkSession.sql(sqlQuery, litArgs), self)
[2024-09-12T21:42:48.996+0000] {spark_submit.py:579} INFO - ^^^^^^^^^^^^^^^^^^^^^^^^^^^^^^^^^^^^^^^^^^
[2024-09-12T21:42:48.997+0000] {spark_submit.py:579} INFO - File "/home/***/.local/lib/python3.12/site-packages/py4j/java_gateway.py", line 1322, in __call__
[2024-09-12T21:42:48.998+0000] {spark_submit.py:579} INFO - return_value = get_return_value(
[2024-09-12T21:42:49.000+0000] {spark_submit.py:579} INFO - ^^^^^^^^^^^^^^^^^
[2024-09-12T21:42:49.001+0000] {spark_submit.py:579} INFO - File "/home/***/.local/lib/python3.12/site-packages/pyspark/errors/exceptions/captured.py", line 185, in deco
[2024-09-12T21:42:49.002+0000] {spark_submit.py:579} INFO - raise converted from None
[2024-09-12T21:42:49.013+0000] {spark_submit.py:579} INFO - pyspark.errors.exceptions.captured.AnalysisException: org.apache.hadoop.hive.ql.metadata.HiveException: MetaException(message:file:/user/hive/external/pc_makers is not a directory or unable to create one)
[2024-09-12T21:42:49.260+0000] {spark_submit.py:579} INFO - 24/09/12 21:42:49 INFO SparkContext: Invoking stop() from shutdown hook
[2024-09-12T21:42:49.263+0000] {spark_submit.py:579} INFO - 24/09/12 21:42:49 INFO SparkContext: SparkContext is stopping with exitCode 0.
[2024-09-12T21:42:49.310+0000] {spark_submit.py:579} INFO - 24/09/12 21:42:49 INFO SparkUI: Stopped Spark web UI at http://e10d33bf7907:4040
[2024-09-12T21:42:49.349+0000] {spark_submit.py:579} INFO - 24/09/12 21:42:49 INFO MapOutputTrackerMasterEndpoint: MapOutputTrackerMasterEndpoint stopped!
[2024-09-12T21:42:49.387+0000] {spark_submit.py:579} INFO - 24/09/12 21:42:49 INFO MemoryStore: MemoryStore cleared
[2024-09-12T21:42:49.390+0000] {spark_submit.py:579} INFO - 24/09/12 21:42:49 INFO BlockManager: BlockManager stopped
[2024-09-12T21:42:49.414+0000] {spark_submit.py:579} INFO - 24/09/12 21:42:49 INFO BlockManagerMaster: BlockManagerMaster stopped
[2024-09-12T21:42:49.426+0000] {spark_submit.py:579} INFO - 24/09/12 21:42:49 INFO OutputCommitCoordinator$OutputCommitCoordinatorEndpoint: OutputCommitCoordinator stopped!
[2024-09-12T21:42:49.464+0000] {spark_submit.py:579} INFO - 24/09/12 21:42:49 INFO SparkContext: Successfully stopped SparkContext
[2024-09-12T21:42:49.466+0000] {spark_submit.py:579} INFO - 24/09/12 21:42:49 INFO ShutdownHookManager: Shutdown hook called
[2024-09-12T21:42:49.469+0000] {spark_submit.py:579} INFO - 24/09/12 21:42:49 INFO ShutdownHookManager: Deleting directory /tmp/spark-26e56bf5-3495-4f70-803d-1aa1e14f7974
[2024-09-12T21:42:49.480+0000] {spark_submit.py:579} INFO - 24/09/12 21:42:49 INFO ShutdownHookManager: Deleting directory /tmp/spark-69cb981e-1331-4002-8520-c7c0755c8599/pyspark-152be33c-18e3-4481-8530-2652a4cd1e1e
[2024-09-12T21:42:49.496+0000] {spark_submit.py:579} INFO - 24/09/12 21:42:49 INFO ShutdownHookManager: Deleting directory /tmp/spark-69cb981e-1331-4002-8520-c7c0755c8599
[2024-09-12T21:42:49.637+0000] {taskinstance.py:3310} ERROR - Task failed with exception
Traceback (most recent call last):
  File "/home/airflow/.local/lib/python3.12/site-packages/airflow/models/taskinstance.py", line 767, in _execute_task
    result = _execute_callable(context=context, **execute_callable_kwargs)
             ^^^^^^^^^^^^^^^^^^^^^^^^^^^^^^^^^^^^^^^^^^^^^^^^^^^^^^^^^^^^^
  File "/home/airflow/.local/lib/python3.12/site-packages/airflow/models/taskinstance.py", line 733, in _execute_callable
    return ExecutionCallableRunner(
           ^^^^^^^^^^^^^^^^^^^^^^^^
  File "/home/airflow/.local/lib/python3.12/site-packages/airflow/utils/operator_helpers.py", line 252, in run
    return self.func(*args, **kwargs)
           ^^^^^^^^^^^^^^^^^^^^^^^^^^
  File "/home/airflow/.local/lib/python3.12/site-packages/airflow/models/baseoperator.py", line 406, in wrapper
    return func(self, *args, **kwargs)
           ^^^^^^^^^^^^^^^^^^^^^^^^^^^
  File "/home/airflow/.local/lib/python3.12/site-packages/airflow/providers/apache/spark/operators/spark_submit.py", line 174, in execute
    self._hook.submit(self.application)
  File "/home/airflow/.local/lib/python3.12/site-packages/airflow/providers/apache/spark/hooks/spark_submit.py", line 505, in submit
    raise AirflowException(
airflow.exceptions.AirflowException: Cannot execute: spark-submit --master spark://spark-master:7077 --conf spark.master=spark://spark-master:7077 --name arrow-spark --verbose --deploy-mode client /opt/***/dags/spark_job.py. Error code is: 1.
[2024-09-12T21:42:49.660+0000] {taskinstance.py:1225} INFO - Marking task as UP_FOR_RETRY. dag_id=spark_find_makers_dag, task_id=spark_submit_task, run_id=scheduled__2024-09-11T00:00:00+00:00, execution_date=20240911T000000, start_date=20240912T214213, end_date=20240912T214249
[2024-09-12T21:42:49.708+0000] {taskinstance.py:340} INFO - ::group::Post task execution logs
[2024-09-12T21:42:49.710+0000] {standard_task_runner.py:124} ERROR - Failed to execute job 527 for task spark_submit_task (Cannot execute: spark-submit --master spark://spark-master:7077 --conf spark.master=spark://spark-master:7077 --name arrow-spark --verbose --deploy-mode client /opt/***/dags/spark_job.py. Error code is: 1.; 378)
Traceback (most recent call last):
  File "/home/airflow/.local/lib/python3.12/site-packages/airflow/task/task_runner/standard_task_runner.py", line 117, in _start_by_fork
    ret = args.func(args, dag=self.dag)
          ^^^^^^^^^^^^^^^^^^^^^^^^^^^^^
  File "/home/airflow/.local/lib/python3.12/site-packages/airflow/cli/cli_config.py", line 49, in command
    return func(*args, **kwargs)
           ^^^^^^^^^^^^^^^^^^^^^
  File "/home/airflow/.local/lib/python3.12/site-packages/airflow/utils/cli.py", line 115, in wrapper
    return f(*args, **kwargs)
           ^^^^^^^^^^^^^^^^^^
  File "/home/airflow/.local/lib/python3.12/site-packages/airflow/cli/commands/task_command.py", line 483, in task_run
    task_return_code = _run_task_by_selected_method(args, _dag, ti)
                       ^^^^^^^^^^^^^^^^^^^^^^^^^^^^^^^^^^^^^^^^^^^^
  File "/home/airflow/.local/lib/python3.12/site-packages/airflow/cli/commands/task_command.py", line 256, in _run_task_by_selected_method
    return _run_raw_task(args, ti)
           ^^^^^^^^^^^^^^^^^^^^^^^
  File "/home/airflow/.local/lib/python3.12/site-packages/airflow/cli/commands/task_command.py", line 341, in _run_raw_task
    return ti._run_raw_task(
           ^^^^^^^^^^^^^^^^^
  File "/home/airflow/.local/lib/python3.12/site-packages/airflow/utils/session.py", line 97, in wrapper
    return func(*args, session=session, **kwargs)
           ^^^^^^^^^^^^^^^^^^^^^^^^^^^^^^^^^^^^^^
  File "/home/airflow/.local/lib/python3.12/site-packages/airflow/models/taskinstance.py", line 3004, in _run_raw_task
    return _run_raw_task(
           ^^^^^^^^^^^^^^
  File "/home/airflow/.local/lib/python3.12/site-packages/airflow/models/taskinstance.py", line 273, in _run_raw_task
    TaskInstance._execute_task_with_callbacks(
  File "/home/airflow/.local/lib/python3.12/site-packages/airflow/models/taskinstance.py", line 3158, in _execute_task_with_callbacks
    result = self._execute_task(context, task_orig)
             ^^^^^^^^^^^^^^^^^^^^^^^^^^^^^^^^^^^^^^
  File "/home/airflow/.local/lib/python3.12/site-packages/airflow/models/taskinstance.py", line 3182, in _execute_task
    return _execute_task(self, context, task_orig)
           ^^^^^^^^^^^^^^^^^^^^^^^^^^^^^^^^^^^^^^^
  File "/home/airflow/.local/lib/python3.12/site-packages/airflow/models/taskinstance.py", line 767, in _execute_task
    result = _execute_callable(context=context, **execute_callable_kwargs)
             ^^^^^^^^^^^^^^^^^^^^^^^^^^^^^^^^^^^^^^^^^^^^^^^^^^^^^^^^^^^^^
  File "/home/airflow/.local/lib/python3.12/site-packages/airflow/models/taskinstance.py", line 733, in _execute_callable
    return ExecutionCallableRunner(
           ^^^^^^^^^^^^^^^^^^^^^^^^
  File "/home/airflow/.local/lib/python3.12/site-packages/airflow/utils/operator_helpers.py", line 252, in run
    return self.func(*args, **kwargs)
           ^^^^^^^^^^^^^^^^^^^^^^^^^^
  File "/home/airflow/.local/lib/python3.12/site-packages/airflow/models/baseoperator.py", line 406, in wrapper
    return func(self, *args, **kwargs)
           ^^^^^^^^^^^^^^^^^^^^^^^^^^^
  File "/home/airflow/.local/lib/python3.12/site-packages/airflow/providers/apache/spark/operators/spark_submit.py", line 174, in execute
    self._hook.submit(self.application)
  File "/home/airflow/.local/lib/python3.12/site-packages/airflow/providers/apache/spark/hooks/spark_submit.py", line 505, in submit
    raise AirflowException(
airflow.exceptions.AirflowException: Cannot execute: spark-submit --master spark://spark-master:7077 --conf spark.master=spark://spark-master:7077 --name arrow-spark --verbose --deploy-mode client /opt/***/dags/spark_job.py. Error code is: 1.
[2024-09-12T21:42:49.761+0000] {local_task_job_runner.py:266} INFO - Task exited with return code 1
[2024-09-12T21:42:49.833+0000] {taskinstance.py:3900} INFO - 0 downstream tasks scheduled from follow-on schedule check
[2024-09-12T21:42:49.839+0000] {local_task_job_runner.py:245} INFO - ::endgroup::
