[2024-09-12T21:51:14.766+0000] {local_task_job_runner.py:123} INFO - ::group::Pre task execution logs
[2024-09-12T21:51:14.813+0000] {taskinstance.py:2612} INFO - Dependencies all met for dep_context=non-requeueable deps ti=<TaskInstance: spark_find_makers_dag.spark_submit_task scheduled__2024-09-11T00:00:00+00:00 [queued]>
[2024-09-12T21:51:14.835+0000] {taskinstance.py:2612} INFO - Dependencies all met for dep_context=requeueable deps ti=<TaskInstance: spark_find_makers_dag.spark_submit_task scheduled__2024-09-11T00:00:00+00:00 [queued]>
[2024-09-12T21:51:14.836+0000] {taskinstance.py:2865} INFO - Starting attempt 15 of 18
[2024-09-12T21:51:14.865+0000] {taskinstance.py:2888} INFO - Executing <Task(SparkSubmitOperator): spark_submit_task> on 2024-09-11 00:00:00+00:00
[2024-09-12T21:51:14.878+0000] {warnings.py:112} WARNING - /home/***/.local/lib/python3.12/site-packages/***/task/task_runner/standard_task_runner.py:70: DeprecationWarning: This process (pid=658) is multi-threaded, use of fork() may lead to deadlocks in the child.
  pid = os.fork()

[2024-09-12T21:51:14.881+0000] {standard_task_runner.py:72} INFO - Started process 659 to run task
[2024-09-12T21:51:14.880+0000] {standard_task_runner.py:104} INFO - Running: ['***', 'tasks', 'run', 'spark_find_makers_dag', 'spark_submit_task', 'scheduled__2024-09-11T00:00:00+00:00', '--job-id', '528', '--raw', '--subdir', 'DAGS_FOLDER/spark_sql_dag.py', '--cfg-path', '/tmp/tmp5z26fiwj']
[2024-09-12T21:51:14.882+0000] {standard_task_runner.py:105} INFO - Job 528: Subtask spark_submit_task
[2024-09-12T21:51:14.965+0000] {task_command.py:467} INFO - Running <TaskInstance: spark_find_makers_dag.spark_submit_task scheduled__2024-09-11T00:00:00+00:00 [running]> on host e10d33bf7907
[2024-09-12T21:51:15.149+0000] {taskinstance.py:3131} INFO - Exporting env vars: AIRFLOW_CTX_DAG_OWNER='Denis' AIRFLOW_CTX_DAG_ID='spark_find_makers_dag' AIRFLOW_CTX_TASK_ID='spark_submit_task' AIRFLOW_CTX_EXECUTION_DATE='2024-09-11T00:00:00+00:00' AIRFLOW_CTX_TRY_NUMBER='15' AIRFLOW_CTX_DAG_RUN_ID='scheduled__2024-09-11T00:00:00+00:00'
[2024-09-12T21:51:15.152+0000] {taskinstance.py:731} INFO - ::endgroup::
[2024-09-12T21:51:15.223+0000] {base.py:84} INFO - Retrieving connection 'spark_default'
[2024-09-12T21:51:15.228+0000] {spark_submit.py:403} INFO - Spark-Submit cmd: spark-submit --master spark://spark-master:7077 --conf spark.master=spark://spark-master:7077 --name arrow-spark --verbose --deploy-mode client /opt/***/dags/spark_job.py
[2024-09-12T21:51:19.961+0000] {spark_submit.py:579} INFO - Using properties file: null
[2024-09-12T21:51:20.347+0000] {spark_submit.py:579} INFO - Parsed arguments:
[2024-09-12T21:51:20.349+0000] {spark_submit.py:579} INFO - master                  spark://spark-master:7077
[2024-09-12T21:51:20.350+0000] {spark_submit.py:579} INFO - remote                  null
[2024-09-12T21:51:20.351+0000] {spark_submit.py:579} INFO - deployMode              client
[2024-09-12T21:51:20.353+0000] {spark_submit.py:579} INFO - executorMemory          null
[2024-09-12T21:51:20.355+0000] {spark_submit.py:579} INFO - executorCores           null
[2024-09-12T21:51:20.356+0000] {spark_submit.py:579} INFO - totalExecutorCores      null
[2024-09-12T21:51:20.358+0000] {spark_submit.py:579} INFO - propertiesFile          null
[2024-09-12T21:51:20.359+0000] {spark_submit.py:579} INFO - driverMemory            null
[2024-09-12T21:51:20.360+0000] {spark_submit.py:579} INFO - driverCores             null
[2024-09-12T21:51:20.361+0000] {spark_submit.py:579} INFO - driverExtraClassPath    null
[2024-09-12T21:51:20.363+0000] {spark_submit.py:579} INFO - driverExtraLibraryPath  null
[2024-09-12T21:51:20.364+0000] {spark_submit.py:579} INFO - driverExtraJavaOptions  null
[2024-09-12T21:51:20.365+0000] {spark_submit.py:579} INFO - supervise               false
[2024-09-12T21:51:20.366+0000] {spark_submit.py:579} INFO - queue                   null
[2024-09-12T21:51:20.367+0000] {spark_submit.py:579} INFO - numExecutors            null
[2024-09-12T21:51:20.369+0000] {spark_submit.py:579} INFO - files                   null
[2024-09-12T21:51:20.371+0000] {spark_submit.py:579} INFO - pyFiles                 null
[2024-09-12T21:51:20.372+0000] {spark_submit.py:579} INFO - archives                null
[2024-09-12T21:51:20.374+0000] {spark_submit.py:579} INFO - mainClass               null
[2024-09-12T21:51:20.375+0000] {spark_submit.py:579} INFO - primaryResource         file:/opt/***/dags/spark_job.py
[2024-09-12T21:51:20.377+0000] {spark_submit.py:579} INFO - name                    arrow-spark
[2024-09-12T21:51:20.378+0000] {spark_submit.py:579} INFO - childArgs               []
[2024-09-12T21:51:20.380+0000] {spark_submit.py:579} INFO - jars                    null
[2024-09-12T21:51:20.382+0000] {spark_submit.py:579} INFO - packages                null
[2024-09-12T21:51:20.384+0000] {spark_submit.py:579} INFO - packagesExclusions      null
[2024-09-12T21:51:20.385+0000] {spark_submit.py:579} INFO - repositories            null
[2024-09-12T21:51:20.387+0000] {spark_submit.py:579} INFO - verbose                 true
[2024-09-12T21:51:20.389+0000] {spark_submit.py:579} INFO - 
[2024-09-12T21:51:20.391+0000] {spark_submit.py:579} INFO - Spark properties used, including those specified through
[2024-09-12T21:51:20.392+0000] {spark_submit.py:579} INFO - --conf and those from the properties file null:
[2024-09-12T21:51:20.394+0000] {spark_submit.py:579} INFO - (spark.master,spark://spark-master:7077)
[2024-09-12T21:51:20.395+0000] {spark_submit.py:579} INFO - 
[2024-09-12T21:51:20.397+0000] {spark_submit.py:579} INFO - 
[2024-09-12T21:51:21.280+0000] {spark_submit.py:579} INFO - Main class:
[2024-09-12T21:51:21.282+0000] {spark_submit.py:579} INFO - org.apache.spark.deploy.PythonRunner
[2024-09-12T21:51:21.284+0000] {spark_submit.py:579} INFO - Arguments:
[2024-09-12T21:51:21.285+0000] {spark_submit.py:579} INFO - file:/opt/***/dags/spark_job.py
[2024-09-12T21:51:21.288+0000] {spark_submit.py:579} INFO - null
[2024-09-12T21:51:21.292+0000] {spark_submit.py:579} INFO - Spark config:
[2024-09-12T21:51:21.294+0000] {spark_submit.py:579} INFO - (spark.app.name,arrow-spark)
[2024-09-12T21:51:21.296+0000] {spark_submit.py:579} INFO - (spark.app.submitTime,1726177881225)
[2024-09-12T21:51:21.297+0000] {spark_submit.py:579} INFO - (spark.master,spark://spark-master:7077)
[2024-09-12T21:51:21.299+0000] {spark_submit.py:579} INFO - (spark.submit.deployMode,client)
[2024-09-12T21:51:21.300+0000] {spark_submit.py:579} INFO - (spark.submit.pyFiles,)
[2024-09-12T21:51:21.302+0000] {spark_submit.py:579} INFO - Classpath elements:
[2024-09-12T21:51:21.304+0000] {spark_submit.py:579} INFO - 
[2024-09-12T21:51:21.305+0000] {spark_submit.py:579} INFO - 
[2024-09-12T21:51:21.307+0000] {spark_submit.py:579} INFO - 
[2024-09-12T21:51:24.581+0000] {spark_submit.py:579} INFO - 24/09/12 21:51:24 INFO SparkContext: Running Spark version 3.5.2
[2024-09-12T21:51:24.592+0000] {spark_submit.py:579} INFO - 24/09/12 21:51:24 INFO SparkContext: OS info Linux, 5.15.153.1-microsoft-standard-WSL2, amd64
[2024-09-12T21:51:24.594+0000] {spark_submit.py:579} INFO - 24/09/12 21:51:24 INFO SparkContext: Java version 17.0.12
[2024-09-12T21:51:24.842+0000] {spark_submit.py:579} INFO - 24/09/12 21:51:24 WARN NativeCodeLoader: Unable to load native-hadoop library for your platform... using builtin-java classes where applicable
[2024-09-12T21:51:25.241+0000] {spark_submit.py:579} INFO - 24/09/12 21:51:25 INFO ResourceUtils: ==============================================================
[2024-09-12T21:51:25.243+0000] {spark_submit.py:579} INFO - 24/09/12 21:51:25 INFO ResourceUtils: No custom resources configured for spark.driver.
[2024-09-12T21:51:25.244+0000] {spark_submit.py:579} INFO - 24/09/12 21:51:25 INFO ResourceUtils: ==============================================================
[2024-09-12T21:51:25.245+0000] {spark_submit.py:579} INFO - 24/09/12 21:51:25 INFO SparkContext: Submitted application: SparkJob
[2024-09-12T21:51:25.343+0000] {spark_submit.py:579} INFO - 24/09/12 21:51:25 INFO ResourceProfile: Default ResourceProfile created, executor resources: Map(cores -> name: cores, amount: 1, script: , vendor: , memory -> name: memory, amount: 1024, script: , vendor: , offHeap -> name: offHeap, amount: 0, script: , vendor: ), task resources: Map(cpus -> name: cpus, amount: 1.0)
[2024-09-12T21:51:25.386+0000] {spark_submit.py:579} INFO - 24/09/12 21:51:25 INFO ResourceProfile: Limiting resource is cpu
[2024-09-12T21:51:25.390+0000] {spark_submit.py:579} INFO - 24/09/12 21:51:25 INFO ResourceProfileManager: Added ResourceProfile id: 0
[2024-09-12T21:51:25.642+0000] {spark_submit.py:579} INFO - 24/09/12 21:51:25 INFO SecurityManager: Changing view acls to: ***
[2024-09-12T21:51:25.644+0000] {spark_submit.py:579} INFO - 24/09/12 21:51:25 INFO SecurityManager: Changing modify acls to: ***
[2024-09-12T21:51:25.645+0000] {spark_submit.py:579} INFO - 24/09/12 21:51:25 INFO SecurityManager: Changing view acls groups to:
[2024-09-12T21:51:25.647+0000] {spark_submit.py:579} INFO - 24/09/12 21:51:25 INFO SecurityManager: Changing modify acls groups to:
[2024-09-12T21:51:25.649+0000] {spark_submit.py:579} INFO - 24/09/12 21:51:25 INFO SecurityManager: SecurityManager: authentication disabled; ui acls disabled; users with view permissions: ***; groups with view permissions: EMPTY; users with modify permissions: ***; groups with modify permissions: EMPTY
[2024-09-12T21:51:26.768+0000] {spark_submit.py:579} INFO - 24/09/12 21:51:26 INFO Utils: Successfully started service 'sparkDriver' on port 36439.
[2024-09-12T21:51:26.996+0000] {spark_submit.py:579} INFO - 24/09/12 21:51:26 INFO SparkEnv: Registering MapOutputTracker
[2024-09-12T21:51:27.259+0000] {spark_submit.py:579} INFO - 24/09/12 21:51:27 INFO SparkEnv: Registering BlockManagerMaster
[2024-09-12T21:51:27.362+0000] {spark_submit.py:579} INFO - 24/09/12 21:51:27 INFO BlockManagerMasterEndpoint: Using org.apache.spark.storage.DefaultTopologyMapper for getting topology information
[2024-09-12T21:51:27.368+0000] {spark_submit.py:579} INFO - 24/09/12 21:51:27 INFO BlockManagerMasterEndpoint: BlockManagerMasterEndpoint up
[2024-09-12T21:51:27.397+0000] {spark_submit.py:579} INFO - 24/09/12 21:51:27 INFO SparkEnv: Registering BlockManagerMasterHeartbeat
[2024-09-12T21:51:27.708+0000] {spark_submit.py:579} INFO - 24/09/12 21:51:27 INFO DiskBlockManager: Created local directory at /tmp/blockmgr-1384dd08-f11d-4196-b78a-6fcfd569f2bc
[2024-09-12T21:51:27.767+0000] {spark_submit.py:579} INFO - 24/09/12 21:51:27 INFO MemoryStore: MemoryStore started with capacity 434.4 MiB
[2024-09-12T21:51:27.829+0000] {spark_submit.py:579} INFO - 24/09/12 21:51:27 INFO SparkEnv: Registering OutputCommitCoordinator
[2024-09-12T21:51:28.219+0000] {spark_submit.py:579} INFO - 24/09/12 21:51:28 INFO JettyUtils: Start Jetty 0.0.0.0:4040 for SparkUI
[2024-09-12T21:51:28.383+0000] {spark_submit.py:579} INFO - 24/09/12 21:51:28 INFO Utils: Successfully started service 'SparkUI' on port 4040.
[2024-09-12T21:51:28.687+0000] {spark_submit.py:579} INFO - 24/09/12 21:51:28 INFO Executor: Starting executor ID driver on host e10d33bf7907
[2024-09-12T21:51:28.689+0000] {spark_submit.py:579} INFO - 24/09/12 21:51:28 INFO Executor: OS info Linux, 5.15.153.1-microsoft-standard-WSL2, amd64
[2024-09-12T21:51:28.691+0000] {spark_submit.py:579} INFO - 24/09/12 21:51:28 INFO Executor: Java version 17.0.12
[2024-09-12T21:51:28.730+0000] {spark_submit.py:579} INFO - 24/09/12 21:51:28 INFO Executor: Starting executor with user classpath (userClassPathFirst = false): ''
[2024-09-12T21:51:28.733+0000] {spark_submit.py:579} INFO - 24/09/12 21:51:28 INFO Executor: Created or updated repl class loader org.apache.spark.util.MutableURLClassLoader@2b2d567f for default.
[2024-09-12T21:51:28.803+0000] {spark_submit.py:579} INFO - 24/09/12 21:51:28 INFO Utils: Successfully started service 'org.apache.spark.network.netty.NettyBlockTransferService' on port 37371.
[2024-09-12T21:51:28.805+0000] {spark_submit.py:579} INFO - 24/09/12 21:51:28 INFO NettyBlockTransferService: Server created on e10d33bf7907:37371
[2024-09-12T21:51:28.808+0000] {spark_submit.py:579} INFO - 24/09/12 21:51:28 INFO BlockManager: Using org.apache.spark.storage.RandomBlockReplicationPolicy for block replication policy
[2024-09-12T21:51:28.821+0000] {spark_submit.py:579} INFO - 24/09/12 21:51:28 INFO BlockManagerMaster: Registering BlockManager BlockManagerId(driver, e10d33bf7907, 37371, None)
[2024-09-12T21:51:28.829+0000] {spark_submit.py:579} INFO - 24/09/12 21:51:28 INFO BlockManagerMasterEndpoint: Registering block manager e10d33bf7907:37371 with 434.4 MiB RAM, BlockManagerId(driver, e10d33bf7907, 37371, None)
[2024-09-12T21:51:28.834+0000] {spark_submit.py:579} INFO - 24/09/12 21:51:28 INFO BlockManagerMaster: Registered BlockManager BlockManagerId(driver, e10d33bf7907, 37371, None)
[2024-09-12T21:51:28.837+0000] {spark_submit.py:579} INFO - 24/09/12 21:51:28 INFO BlockManager: Initialized BlockManager: BlockManagerId(driver, e10d33bf7907, 37371, None)
[2024-09-12T21:51:30.050+0000] {spark_submit.py:579} INFO - 24/09/12 21:51:30 INFO SharedState: Setting hive.metastore.warehouse.dir ('null') to the value of spark.sql.warehouse.dir.
[2024-09-12T21:51:30.070+0000] {spark_submit.py:579} INFO - 24/09/12 21:51:30 INFO SharedState: Warehouse path is 'file:/user/hive/warehouse'.
[2024-09-12T21:51:32.594+0000] {spark_submit.py:579} INFO - 24/09/12 21:51:32 INFO InMemoryFileIndex: It took 109 ms to list leaf files for 1 paths.
[2024-09-12T21:51:35.615+0000] {spark_submit.py:579} INFO - 24/09/12 21:51:35 INFO InMemoryFileIndex: It took 7 ms to list leaf files for 1 paths.
[2024-09-12T21:51:36.016+0000] {spark_submit.py:579} INFO - 24/09/12 21:51:36 INFO HiveConf: Found configuration file null
[2024-09-12T21:51:36.047+0000] {spark_submit.py:579} INFO - 24/09/12 21:51:36 INFO HiveUtils: Initializing HiveMetastoreConnection version 2.3.9 using Spark classes.
[2024-09-12T21:51:37.318+0000] {spark_submit.py:579} INFO - 24/09/12 21:51:37 INFO HiveClientImpl: Warehouse location for Hive client (version 2.3.9) is file:/user/hive/warehouse
[2024-09-12T21:51:37.819+0000] {spark_submit.py:579} INFO - 24/09/12 21:51:37 WARN HiveConf: HiveConf of name hive.stats.jdbc.timeout does not exist
[2024-09-12T21:51:37.821+0000] {spark_submit.py:579} INFO - 24/09/12 21:51:37 WARN HiveConf: HiveConf of name hive.stats.retries.wait does not exist
[2024-09-12T21:51:37.822+0000] {spark_submit.py:579} INFO - 24/09/12 21:51:37 INFO HiveMetaStore: 0: Opening raw store with implementation class:org.apache.hadoop.hive.metastore.ObjectStore
[2024-09-12T21:51:37.952+0000] {spark_submit.py:579} INFO - 24/09/12 21:51:37 INFO ObjectStore: ObjectStore, initialize called
[2024-09-12T21:51:38.313+0000] {spark_submit.py:579} INFO - 24/09/12 21:51:38 INFO Persistence: Property hive.metastore.integral.jdo.pushdown unknown - will be ignored
[2024-09-12T21:51:38.316+0000] {spark_submit.py:579} INFO - 24/09/12 21:51:38 INFO Persistence: Property datanucleus.cache.level2 unknown - will be ignored
[2024-09-12T21:51:41.006+0000] {spark_submit.py:579} INFO - 24/09/12 21:51:41 INFO ObjectStore: Setting MetaStore object pin classes with hive.metastore.cache.pinobjtypes="Table,StorageDescriptor,SerDeInfo,Partition,Database,Type,FieldSchema,Order"
[2024-09-12T21:51:43.140+0000] {spark_submit.py:579} INFO - 24/09/12 21:51:43 INFO MetaStoreDirectSql: Using direct SQL, underlying DB is DERBY
[2024-09-12T21:51:43.144+0000] {spark_submit.py:579} INFO - 24/09/12 21:51:43 INFO ObjectStore: Initialized ObjectStore
[2024-09-12T21:51:43.362+0000] {spark_submit.py:579} INFO - 24/09/12 21:51:43 WARN ObjectStore: Version information not found in metastore. hive.metastore.schema.verification is not enabled so recording the schema version 2.3.0
[2024-09-12T21:51:43.363+0000] {spark_submit.py:579} INFO - 24/09/12 21:51:43 WARN ObjectStore: setMetaStoreSchemaVersion called but recording version is disabled: version = 2.3.0, comment = Set by MetaStore UNKNOWN@172.18.0.16
[2024-09-12T21:51:43.629+0000] {spark_submit.py:579} INFO - 24/09/12 21:51:43 INFO HiveMetaStore: Added admin role in metastore
[2024-09-12T21:51:43.633+0000] {spark_submit.py:579} INFO - 24/09/12 21:51:43 INFO HiveMetaStore: Added public role in metastore
[2024-09-12T21:51:43.717+0000] {spark_submit.py:579} INFO - 24/09/12 21:51:43 INFO HiveMetaStore: No user is added in admin role, since config is empty
[2024-09-12T21:51:43.975+0000] {spark_submit.py:579} INFO - 24/09/12 21:51:43 INFO HiveMetaStore: 0: get_database: default
[2024-09-12T21:51:43.979+0000] {spark_submit.py:579} INFO - 24/09/12 21:51:43 INFO audit: ugi=***	ip=unknown-ip-addr	cmd=get_database: default
[2024-09-12T21:51:43.992+0000] {spark_submit.py:579} INFO - 24/09/12 21:51:43 INFO HiveMetaStore: 0: get_database: default
[2024-09-12T21:51:43.996+0000] {spark_submit.py:579} INFO - 24/09/12 21:51:43 INFO audit: ugi=***	ip=unknown-ip-addr	cmd=get_database: default
[2024-09-12T21:51:44.013+0000] {spark_submit.py:579} INFO - 24/09/12 21:51:44 INFO HiveMetaStore: 0: get_table : db=default tbl=pc_makers
[2024-09-12T21:51:44.016+0000] {spark_submit.py:579} INFO - 24/09/12 21:51:44 INFO audit: ugi=***	ip=unknown-ip-addr	cmd=get_table : db=default tbl=pc_makers
[2024-09-12T21:51:44.149+0000] {spark_submit.py:579} INFO - 24/09/12 21:51:44 INFO HiveMetaStore: 0: get_database: default
[2024-09-12T21:51:44.150+0000] {spark_submit.py:579} INFO - 24/09/12 21:51:44 INFO audit: ugi=***	ip=unknown-ip-addr	cmd=get_database: default
[2024-09-12T21:51:44.161+0000] {spark_submit.py:579} INFO - 24/09/12 21:51:44 INFO HiveMetaStore: 0: get_database: default
[2024-09-12T21:51:44.163+0000] {spark_submit.py:579} INFO - 24/09/12 21:51:44 INFO audit: ugi=***	ip=unknown-ip-addr	cmd=get_database: default
[2024-09-12T21:51:44.183+0000] {spark_submit.py:579} INFO - 24/09/12 21:51:44 INFO HiveMetaStore: 0: get_database: default
[2024-09-12T21:51:44.185+0000] {spark_submit.py:579} INFO - 24/09/12 21:51:44 INFO audit: ugi=***	ip=unknown-ip-addr	cmd=get_database: default
[2024-09-12T21:51:44.193+0000] {spark_submit.py:579} INFO - 24/09/12 21:51:44 INFO HiveMetaStore: 0: get_table : db=default tbl=pc_makers
[2024-09-12T21:51:44.195+0000] {spark_submit.py:579} INFO - 24/09/12 21:51:44 INFO audit: ugi=***	ip=unknown-ip-addr	cmd=get_table : db=default tbl=pc_makers
[2024-09-12T21:51:44.202+0000] {spark_submit.py:579} INFO - 24/09/12 21:51:44 INFO HiveMetaStore: 0: get_database: default
[2024-09-12T21:51:44.208+0000] {spark_submit.py:579} INFO - 24/09/12 21:51:44 INFO audit: ugi=***	ip=unknown-ip-addr	cmd=get_database: default
[2024-09-12T21:51:44.535+0000] {spark_submit.py:579} INFO - 24/09/12 21:51:44 INFO SQLStdHiveAccessController: Created SQLStdHiveAccessController for session context : HiveAuthzSessionContext [sessionString=3727c2de-cbbf-4a6c-8d8c-a1bd2b16700f, clientType=HIVECLI]
[2024-09-12T21:51:44.543+0000] {spark_submit.py:579} INFO - 24/09/12 21:51:44 WARN SessionState: METASTORE_FILTER_HOOK will be ignored, since hive.security.authorization.manager is set to instance of HiveAuthorizerFactory.
[2024-09-12T21:51:44.545+0000] {spark_submit.py:579} INFO - 24/09/12 21:51:44 INFO metastore: Mestastore configuration hive.metastore.filter.hook changed from org.apache.hadoop.hive.metastore.DefaultMetaStoreFilterHookImpl to org.apache.hadoop.hive.ql.security.authorization.plugin.AuthorizationMetaStoreFilterHook
[2024-09-12T21:51:44.549+0000] {spark_submit.py:579} INFO - 24/09/12 21:51:44 INFO HiveMetaStore: 0: Cleaning up thread local RawStore...
[2024-09-12T21:51:44.553+0000] {spark_submit.py:579} INFO - 24/09/12 21:51:44 INFO audit: ugi=***	ip=unknown-ip-addr	cmd=Cleaning up thread local RawStore...
[2024-09-12T21:51:44.555+0000] {spark_submit.py:579} INFO - 24/09/12 21:51:44 INFO HiveMetaStore: 0: Done cleaning up thread local RawStore
[2024-09-12T21:51:44.556+0000] {spark_submit.py:579} INFO - 24/09/12 21:51:44 INFO audit: ugi=***	ip=unknown-ip-addr	cmd=Done cleaning up thread local RawStore
[2024-09-12T21:51:44.914+0000] {spark_submit.py:579} INFO - 24/09/12 21:51:44 INFO HiveMetaStore: 0: create_table: Table(tableName:pc_makers, dbName:default, owner:***, createTime:1726177895, lastAccessTime:0, retention:0, sd:StorageDescriptor(cols:[FieldSchema(name:maker, type:string, comment:null)], location:file:/user/hive/warehouse/pc_makers, inputFormat:org.apache.hadoop.mapred.TextInputFormat, outputFormat:org.apache.hadoop.hive.ql.io.HiveIgnoreKeyTextOutputFormat, compressed:false, numBuckets:-1, serdeInfo:SerDeInfo(name:null, serializationLib:org.apache.hadoop.hive.serde2.lazy.LazySimpleSerDe, parameters:{field.delim=,, serialization.format=,}), bucketCols:[], sortCols:[], parameters:{}, skewedInfo:SkewedInfo(skewedColNames:[], skewedColValues:[], skewedColValueLocationMaps:{})), partitionKeys:[], parameters:{spark.sql.sources.schema={"type":"struct","fields":[{"name":"maker","type":"string","nullable":true,"metadata":{}}]}, spark.sql.create.version=3.5.2}, viewOriginalText:null, viewExpandedText:null, tableType:MANAGED_TABLE, privileges:PrincipalPrivilegeSet(userPrivileges:{***=[PrivilegeGrantInfo(privilege:INSERT, createTime:-1, grantor:***, grantorType:USER, grantOption:true), PrivilegeGrantInfo(privilege:SELECT, createTime:-1, grantor:***, grantorType:USER, grantOption:true), PrivilegeGrantInfo(privilege:UPDATE, createTime:-1, grantor:***, grantorType:USER, grantOption:true), PrivilegeGrantInfo(privilege:DELETE, createTime:-1, grantor:***, grantorType:USER, grantOption:true)]}, groupPrivileges:null, rolePrivileges:null))
[2024-09-12T21:51:44.916+0000] {spark_submit.py:579} INFO - 24/09/12 21:51:44 INFO audit: ugi=***	ip=unknown-ip-addr	cmd=create_table: Table(tableName:pc_makers, dbName:default, owner:***, createTime:1726177895, lastAccessTime:0, retention:0, sd:StorageDescriptor(cols:[FieldSchema(name:maker, type:string, comment:null)], location:file:/user/hive/warehouse/pc_makers, inputFormat:org.apache.hadoop.mapred.TextInputFormat, outputFormat:org.apache.hadoop.hive.ql.io.HiveIgnoreKeyTextOutputFormat, compressed:false, numBuckets:-1, serdeInfo:SerDeInfo(name:null, serializationLib:org.apache.hadoop.hive.serde2.lazy.LazySimpleSerDe, parameters:{field.delim=,, serialization.format=,}), bucketCols:[], sortCols:[], parameters:{}, skewedInfo:SkewedInfo(skewedColNames:[], skewedColValues:[], skewedColValueLocationMaps:{})), partitionKeys:[], parameters:{spark.sql.sources.schema={"type":"struct","fields":[{"name":"maker","type":"string","nullable":true,"metadata":{}}]}, spark.sql.create.version=3.5.2}, viewOriginalText:null, viewExpandedText:null, tableType:MANAGED_TABLE, privileges:PrincipalPrivilegeSet(userPrivileges:{***=[PrivilegeGrantInfo(privilege:INSERT, createTime:-1, grantor:***, grantorType:USER, grantOption:true), PrivilegeGrantInfo(privilege:SELECT, createTime:-1, grantor:***, grantorType:USER, grantOption:true), PrivilegeGrantInfo(privilege:UPDATE, createTime:-1, grantor:***, grantorType:USER, grantOption:true), PrivilegeGrantInfo(privilege:DELETE, createTime:-1, grantor:***, grantorType:USER, grantOption:true)]}, groupPrivileges:null, rolePrivileges:null))
[2024-09-12T21:51:44.952+0000] {spark_submit.py:579} INFO - 24/09/12 21:51:44 WARN HiveConf: HiveConf of name hive.internal.ss.authz.settings.applied.marker does not exist
[2024-09-12T21:51:44.953+0000] {spark_submit.py:579} INFO - 24/09/12 21:51:44 WARN HiveConf: HiveConf of name hive.stats.jdbc.timeout does not exist
[2024-09-12T21:51:44.955+0000] {spark_submit.py:579} INFO - 24/09/12 21:51:44 WARN HiveConf: HiveConf of name hive.stats.retries.wait does not exist
[2024-09-12T21:51:44.956+0000] {spark_submit.py:579} INFO - 24/09/12 21:51:44 INFO HiveMetaStore: 0: Opening raw store with implementation class:org.apache.hadoop.hive.metastore.ObjectStore
[2024-09-12T21:51:44.958+0000] {spark_submit.py:579} INFO - 24/09/12 21:51:44 INFO ObjectStore: ObjectStore, initialize called
[2024-09-12T21:51:44.971+0000] {spark_submit.py:579} INFO - 24/09/12 21:51:44 INFO MetaStoreDirectSql: Using direct SQL, underlying DB is DERBY
[2024-09-12T21:51:44.972+0000] {spark_submit.py:579} INFO - 24/09/12 21:51:44 INFO ObjectStore: Initialized ObjectStore
[2024-09-12T21:51:44.980+0000] {spark_submit.py:579} INFO - 24/09/12 21:51:44 WARN HiveMetaStore: Location: file:/user/hive/warehouse/pc_makers specified for non-external table:pc_makers
[2024-09-12T21:51:44.982+0000] {spark_submit.py:579} INFO - 24/09/12 21:51:44 INFO FileUtils: Creating directory if it doesn't exist: file:/user/hive/warehouse/pc_makers
[2024-09-12T21:51:46.330+0000] {spark_submit.py:579} INFO - Traceback (most recent call last):
[2024-09-12T21:51:46.331+0000] {spark_submit.py:579} INFO - File "/opt/***/dags/spark_job.py", line 56, in <module>
[2024-09-12T21:51:46.339+0000] {spark_submit.py:579} INFO - spark.sql("""
[2024-09-12T21:51:46.341+0000] {spark_submit.py:579} INFO - File "/home/***/.local/lib/python3.12/site-packages/pyspark/sql/session.py", line 1631, in sql
[2024-09-12T21:51:46.345+0000] {spark_submit.py:579} INFO - return DataFrame(self._jsparkSession.sql(sqlQuery, litArgs), self)
[2024-09-12T21:51:46.348+0000] {spark_submit.py:579} INFO - ^^^^^^^^^^^^^^^^^^^^^^^^^^^^^^^^^^^^^^^^^^
[2024-09-12T21:51:46.349+0000] {spark_submit.py:579} INFO - File "/home/***/.local/lib/python3.12/site-packages/py4j/java_gateway.py", line 1322, in __call__
[2024-09-12T21:51:46.352+0000] {spark_submit.py:579} INFO - return_value = get_return_value(
[2024-09-12T21:51:46.354+0000] {spark_submit.py:579} INFO - ^^^^^^^^^^^^^^^^^
[2024-09-12T21:51:46.356+0000] {spark_submit.py:579} INFO - File "/home/***/.local/lib/python3.12/site-packages/pyspark/errors/exceptions/captured.py", line 185, in deco
[2024-09-12T21:51:46.361+0000] {spark_submit.py:579} INFO - raise converted from None
[2024-09-12T21:51:46.385+0000] {spark_submit.py:579} INFO - pyspark.errors.exceptions.captured.AnalysisException: org.apache.hadoop.hive.ql.metadata.HiveException: MetaException(message:file:/user/hive/warehouse/pc_makers is not a directory or unable to create one)
[2024-09-12T21:51:47.300+0000] {spark_submit.py:579} INFO - 24/09/12 21:51:47 INFO SparkContext: Invoking stop() from shutdown hook
[2024-09-12T21:51:47.302+0000] {spark_submit.py:579} INFO - 24/09/12 21:51:47 INFO SparkContext: SparkContext is stopping with exitCode 0.
[2024-09-12T21:51:47.344+0000] {spark_submit.py:579} INFO - 24/09/12 21:51:47 INFO SparkUI: Stopped Spark web UI at http://e10d33bf7907:4040
[2024-09-12T21:51:47.399+0000] {spark_submit.py:579} INFO - 24/09/12 21:51:47 INFO MapOutputTrackerMasterEndpoint: MapOutputTrackerMasterEndpoint stopped!
[2024-09-12T21:51:47.538+0000] {spark_submit.py:579} INFO - 24/09/12 21:51:47 INFO MemoryStore: MemoryStore cleared
[2024-09-12T21:51:47.539+0000] {spark_submit.py:579} INFO - 24/09/12 21:51:47 INFO BlockManager: BlockManager stopped
[2024-09-12T21:51:47.580+0000] {spark_submit.py:579} INFO - 24/09/12 21:51:47 INFO BlockManagerMaster: BlockManagerMaster stopped
[2024-09-12T21:51:47.593+0000] {spark_submit.py:579} INFO - 24/09/12 21:51:47 INFO OutputCommitCoordinator$OutputCommitCoordinatorEndpoint: OutputCommitCoordinator stopped!
[2024-09-12T21:51:47.705+0000] {spark_submit.py:579} INFO - 24/09/12 21:51:47 INFO SparkContext: Successfully stopped SparkContext
[2024-09-12T21:51:47.711+0000] {spark_submit.py:579} INFO - 24/09/12 21:51:47 INFO ShutdownHookManager: Shutdown hook called
[2024-09-12T21:51:47.713+0000] {spark_submit.py:579} INFO - 24/09/12 21:51:47 INFO ShutdownHookManager: Deleting directory /tmp/spark-96acadd5-1d1f-4bd2-a4f3-44cef62f92f6
[2024-09-12T21:51:47.754+0000] {spark_submit.py:579} INFO - 24/09/12 21:51:47 INFO ShutdownHookManager: Deleting directory /tmp/spark-96acadd5-1d1f-4bd2-a4f3-44cef62f92f6/pyspark-bb663d17-e57e-4073-b2bf-f590d6671f86
[2024-09-12T21:51:47.765+0000] {spark_submit.py:579} INFO - 24/09/12 21:51:47 INFO ShutdownHookManager: Deleting directory /tmp/spark-d7be5a53-f60d-47e2-a6eb-624283aa37c2
[2024-09-12T21:51:47.967+0000] {taskinstance.py:3310} ERROR - Task failed with exception
Traceback (most recent call last):
  File "/home/airflow/.local/lib/python3.12/site-packages/airflow/models/taskinstance.py", line 767, in _execute_task
    result = _execute_callable(context=context, **execute_callable_kwargs)
             ^^^^^^^^^^^^^^^^^^^^^^^^^^^^^^^^^^^^^^^^^^^^^^^^^^^^^^^^^^^^^
  File "/home/airflow/.local/lib/python3.12/site-packages/airflow/models/taskinstance.py", line 733, in _execute_callable
    return ExecutionCallableRunner(
           ^^^^^^^^^^^^^^^^^^^^^^^^
  File "/home/airflow/.local/lib/python3.12/site-packages/airflow/utils/operator_helpers.py", line 252, in run
    return self.func(*args, **kwargs)
           ^^^^^^^^^^^^^^^^^^^^^^^^^^
  File "/home/airflow/.local/lib/python3.12/site-packages/airflow/models/baseoperator.py", line 406, in wrapper
    return func(self, *args, **kwargs)
           ^^^^^^^^^^^^^^^^^^^^^^^^^^^
  File "/home/airflow/.local/lib/python3.12/site-packages/airflow/providers/apache/spark/operators/spark_submit.py", line 174, in execute
    self._hook.submit(self.application)
  File "/home/airflow/.local/lib/python3.12/site-packages/airflow/providers/apache/spark/hooks/spark_submit.py", line 505, in submit
    raise AirflowException(
airflow.exceptions.AirflowException: Cannot execute: spark-submit --master spark://spark-master:7077 --conf spark.master=spark://spark-master:7077 --name arrow-spark --verbose --deploy-mode client /opt/***/dags/spark_job.py. Error code is: 1.
[2024-09-12T21:51:48.001+0000] {taskinstance.py:1225} INFO - Marking task as UP_FOR_RETRY. dag_id=spark_find_makers_dag, task_id=spark_submit_task, run_id=scheduled__2024-09-11T00:00:00+00:00, execution_date=20240911T000000, start_date=20240912T215114, end_date=20240912T215147
[2024-09-12T21:51:48.084+0000] {taskinstance.py:340} INFO - ::group::Post task execution logs
[2024-09-12T21:51:48.086+0000] {standard_task_runner.py:124} ERROR - Failed to execute job 528 for task spark_submit_task (Cannot execute: spark-submit --master spark://spark-master:7077 --conf spark.master=spark://spark-master:7077 --name arrow-spark --verbose --deploy-mode client /opt/***/dags/spark_job.py. Error code is: 1.; 659)
Traceback (most recent call last):
  File "/home/airflow/.local/lib/python3.12/site-packages/airflow/task/task_runner/standard_task_runner.py", line 117, in _start_by_fork
    ret = args.func(args, dag=self.dag)
          ^^^^^^^^^^^^^^^^^^^^^^^^^^^^^
  File "/home/airflow/.local/lib/python3.12/site-packages/airflow/cli/cli_config.py", line 49, in command
    return func(*args, **kwargs)
           ^^^^^^^^^^^^^^^^^^^^^
  File "/home/airflow/.local/lib/python3.12/site-packages/airflow/utils/cli.py", line 115, in wrapper
    return f(*args, **kwargs)
           ^^^^^^^^^^^^^^^^^^
  File "/home/airflow/.local/lib/python3.12/site-packages/airflow/cli/commands/task_command.py", line 483, in task_run
    task_return_code = _run_task_by_selected_method(args, _dag, ti)
                       ^^^^^^^^^^^^^^^^^^^^^^^^^^^^^^^^^^^^^^^^^^^^
  File "/home/airflow/.local/lib/python3.12/site-packages/airflow/cli/commands/task_command.py", line 256, in _run_task_by_selected_method
    return _run_raw_task(args, ti)
           ^^^^^^^^^^^^^^^^^^^^^^^
  File "/home/airflow/.local/lib/python3.12/site-packages/airflow/cli/commands/task_command.py", line 341, in _run_raw_task
    return ti._run_raw_task(
           ^^^^^^^^^^^^^^^^^
  File "/home/airflow/.local/lib/python3.12/site-packages/airflow/utils/session.py", line 97, in wrapper
    return func(*args, session=session, **kwargs)
           ^^^^^^^^^^^^^^^^^^^^^^^^^^^^^^^^^^^^^^
  File "/home/airflow/.local/lib/python3.12/site-packages/airflow/models/taskinstance.py", line 3004, in _run_raw_task
    return _run_raw_task(
           ^^^^^^^^^^^^^^
  File "/home/airflow/.local/lib/python3.12/site-packages/airflow/models/taskinstance.py", line 273, in _run_raw_task
    TaskInstance._execute_task_with_callbacks(
  File "/home/airflow/.local/lib/python3.12/site-packages/airflow/models/taskinstance.py", line 3158, in _execute_task_with_callbacks
    result = self._execute_task(context, task_orig)
             ^^^^^^^^^^^^^^^^^^^^^^^^^^^^^^^^^^^^^^
  File "/home/airflow/.local/lib/python3.12/site-packages/airflow/models/taskinstance.py", line 3182, in _execute_task
    return _execute_task(self, context, task_orig)
           ^^^^^^^^^^^^^^^^^^^^^^^^^^^^^^^^^^^^^^^
  File "/home/airflow/.local/lib/python3.12/site-packages/airflow/models/taskinstance.py", line 767, in _execute_task
    result = _execute_callable(context=context, **execute_callable_kwargs)
             ^^^^^^^^^^^^^^^^^^^^^^^^^^^^^^^^^^^^^^^^^^^^^^^^^^^^^^^^^^^^^
  File "/home/airflow/.local/lib/python3.12/site-packages/airflow/models/taskinstance.py", line 733, in _execute_callable
    return ExecutionCallableRunner(
           ^^^^^^^^^^^^^^^^^^^^^^^^
  File "/home/airflow/.local/lib/python3.12/site-packages/airflow/utils/operator_helpers.py", line 252, in run
    return self.func(*args, **kwargs)
           ^^^^^^^^^^^^^^^^^^^^^^^^^^
  File "/home/airflow/.local/lib/python3.12/site-packages/airflow/models/baseoperator.py", line 406, in wrapper
    return func(self, *args, **kwargs)
           ^^^^^^^^^^^^^^^^^^^^^^^^^^^
  File "/home/airflow/.local/lib/python3.12/site-packages/airflow/providers/apache/spark/operators/spark_submit.py", line 174, in execute
    self._hook.submit(self.application)
  File "/home/airflow/.local/lib/python3.12/site-packages/airflow/providers/apache/spark/hooks/spark_submit.py", line 505, in submit
    raise AirflowException(
airflow.exceptions.AirflowException: Cannot execute: spark-submit --master spark://spark-master:7077 --conf spark.master=spark://spark-master:7077 --name arrow-spark --verbose --deploy-mode client /opt/***/dags/spark_job.py. Error code is: 1.
[2024-09-12T21:51:48.157+0000] {local_task_job_runner.py:266} INFO - Task exited with return code 1
[2024-09-12T21:51:48.205+0000] {taskinstance.py:3900} INFO - 0 downstream tasks scheduled from follow-on schedule check
[2024-09-12T21:51:48.209+0000] {local_task_job_runner.py:245} INFO - ::endgroup::
