[2024-09-12T19:58:00.665+0000] {local_task_job_runner.py:123} INFO - ::group::Pre task execution logs
[2024-09-12T19:58:00.747+0000] {taskinstance.py:2612} INFO - Dependencies all met for dep_context=non-requeueable deps ti=<TaskInstance: spark_find_makers_dag.spark_submit_task scheduled__2024-09-11T00:00:00+00:00 [queued]>
[2024-09-12T19:58:00.790+0000] {taskinstance.py:2612} INFO - Dependencies all met for dep_context=requeueable deps ti=<TaskInstance: spark_find_makers_dag.spark_submit_task scheduled__2024-09-11T00:00:00+00:00 [queued]>
[2024-09-12T19:58:00.791+0000] {taskinstance.py:2865} INFO - Starting attempt 8 of 11
[2024-09-12T19:58:00.849+0000] {taskinstance.py:2888} INFO - Executing <Task(SparkSubmitOperator): spark_submit_task> on 2024-09-11 00:00:00+00:00
[2024-09-12T19:58:00.872+0000] {warnings.py:112} WARNING - /home/***/.local/lib/python3.12/site-packages/***/task/task_runner/standard_task_runner.py:70: DeprecationWarning: This process (pid=111) is multi-threaded, use of fork() may lead to deadlocks in the child.
  pid = os.fork()

[2024-09-12T19:58:00.873+0000] {standard_task_runner.py:104} INFO - Running: ['***', 'tasks', 'run', 'spark_find_makers_dag', 'spark_submit_task', 'scheduled__2024-09-11T00:00:00+00:00', '--job-id', '483', '--raw', '--subdir', 'DAGS_FOLDER/spark_sql_dag.py', '--cfg-path', '/tmp/tmp84ewoida']
[2024-09-12T19:58:00.875+0000] {standard_task_runner.py:72} INFO - Started process 119 to run task
[2024-09-12T19:58:00.875+0000] {standard_task_runner.py:105} INFO - Job 483: Subtask spark_submit_task
[2024-09-12T19:58:00.979+0000] {task_command.py:467} INFO - Running <TaskInstance: spark_find_makers_dag.spark_submit_task scheduled__2024-09-11T00:00:00+00:00 [running]> on host e10d33bf7907
[2024-09-12T19:58:01.190+0000] {taskinstance.py:3131} INFO - Exporting env vars: AIRFLOW_CTX_DAG_OWNER='Denis' AIRFLOW_CTX_DAG_ID='spark_find_makers_dag' AIRFLOW_CTX_TASK_ID='spark_submit_task' AIRFLOW_CTX_EXECUTION_DATE='2024-09-11T00:00:00+00:00' AIRFLOW_CTX_TRY_NUMBER='8' AIRFLOW_CTX_DAG_RUN_ID='scheduled__2024-09-11T00:00:00+00:00'
[2024-09-12T19:58:01.194+0000] {taskinstance.py:731} INFO - ::endgroup::
[2024-09-12T19:58:01.316+0000] {base.py:84} INFO - Retrieving connection 'spark_default'
[2024-09-12T19:58:01.321+0000] {spark_submit.py:403} INFO - Spark-Submit cmd: spark-submit --master spark://spark-master:7077 --conf spark.master=spark://spark-master:7077 --name arrow-spark --verbose --deploy-mode client /opt/***/dags/spark_job.py
[2024-09-12T19:58:07.110+0000] {spark_submit.py:579} INFO - Using properties file: null
[2024-09-12T19:58:07.723+0000] {spark_submit.py:579} INFO - Parsed arguments:
[2024-09-12T19:58:07.726+0000] {spark_submit.py:579} INFO - master                  spark://spark-master:7077
[2024-09-12T19:58:07.729+0000] {spark_submit.py:579} INFO - remote                  null
[2024-09-12T19:58:07.731+0000] {spark_submit.py:579} INFO - deployMode              client
[2024-09-12T19:58:07.733+0000] {spark_submit.py:579} INFO - executorMemory          null
[2024-09-12T19:58:07.736+0000] {spark_submit.py:579} INFO - executorCores           null
[2024-09-12T19:58:07.737+0000] {spark_submit.py:579} INFO - totalExecutorCores      null
[2024-09-12T19:58:07.740+0000] {spark_submit.py:579} INFO - propertiesFile          null
[2024-09-12T19:58:07.742+0000] {spark_submit.py:579} INFO - driverMemory            null
[2024-09-12T19:58:07.744+0000] {spark_submit.py:579} INFO - driverCores             null
[2024-09-12T19:58:07.746+0000] {spark_submit.py:579} INFO - driverExtraClassPath    null
[2024-09-12T19:58:07.748+0000] {spark_submit.py:579} INFO - driverExtraLibraryPath  null
[2024-09-12T19:58:07.750+0000] {spark_submit.py:579} INFO - driverExtraJavaOptions  null
[2024-09-12T19:58:07.751+0000] {spark_submit.py:579} INFO - supervise               false
[2024-09-12T19:58:07.753+0000] {spark_submit.py:579} INFO - queue                   null
[2024-09-12T19:58:07.756+0000] {spark_submit.py:579} INFO - numExecutors            null
[2024-09-12T19:58:07.759+0000] {spark_submit.py:579} INFO - files                   null
[2024-09-12T19:58:07.763+0000] {spark_submit.py:579} INFO - pyFiles                 null
[2024-09-12T19:58:07.764+0000] {spark_submit.py:579} INFO - archives                null
[2024-09-12T19:58:07.766+0000] {spark_submit.py:579} INFO - mainClass               null
[2024-09-12T19:58:07.768+0000] {spark_submit.py:579} INFO - primaryResource         file:/opt/***/dags/spark_job.py
[2024-09-12T19:58:07.770+0000] {spark_submit.py:579} INFO - name                    arrow-spark
[2024-09-12T19:58:07.773+0000] {spark_submit.py:579} INFO - childArgs               []
[2024-09-12T19:58:07.775+0000] {spark_submit.py:579} INFO - jars                    null
[2024-09-12T19:58:07.777+0000] {spark_submit.py:579} INFO - packages                null
[2024-09-12T19:58:07.779+0000] {spark_submit.py:579} INFO - packagesExclusions      null
[2024-09-12T19:58:07.782+0000] {spark_submit.py:579} INFO - repositories            null
[2024-09-12T19:58:07.783+0000] {spark_submit.py:579} INFO - verbose                 true
[2024-09-12T19:58:07.785+0000] {spark_submit.py:579} INFO - 
[2024-09-12T19:58:07.787+0000] {spark_submit.py:579} INFO - Spark properties used, including those specified through
[2024-09-12T19:58:07.789+0000] {spark_submit.py:579} INFO - --conf and those from the properties file null:
[2024-09-12T19:58:07.791+0000] {spark_submit.py:579} INFO - (spark.master,spark://spark-master:7077)
[2024-09-12T19:58:07.793+0000] {spark_submit.py:579} INFO - 
[2024-09-12T19:58:07.797+0000] {spark_submit.py:579} INFO - 
[2024-09-12T19:58:15.194+0000] {spark_submit.py:579} INFO - Main class:
[2024-09-12T19:58:15.196+0000] {spark_submit.py:579} INFO - org.apache.spark.deploy.PythonRunner
[2024-09-12T19:58:15.198+0000] {spark_submit.py:579} INFO - Arguments:
[2024-09-12T19:58:15.199+0000] {spark_submit.py:579} INFO - file:/opt/***/dags/spark_job.py
[2024-09-12T19:58:15.201+0000] {spark_submit.py:579} INFO - null
[2024-09-12T19:58:15.206+0000] {spark_submit.py:579} INFO - Spark config:
[2024-09-12T19:58:15.208+0000] {spark_submit.py:579} INFO - (spark.app.name,arrow-spark)
[2024-09-12T19:58:15.211+0000] {spark_submit.py:579} INFO - (spark.app.submitTime,1726171095143)
[2024-09-12T19:58:15.212+0000] {spark_submit.py:579} INFO - (spark.master,spark://spark-master:7077)
[2024-09-12T19:58:15.219+0000] {spark_submit.py:579} INFO - (spark.submit.deployMode,client)
[2024-09-12T19:58:15.221+0000] {spark_submit.py:579} INFO - (spark.submit.pyFiles,)
[2024-09-12T19:58:15.222+0000] {spark_submit.py:579} INFO - Classpath elements:
[2024-09-12T19:58:15.224+0000] {spark_submit.py:579} INFO - 
[2024-09-12T19:58:15.225+0000] {spark_submit.py:579} INFO - 
[2024-09-12T19:58:15.227+0000] {spark_submit.py:579} INFO - 
[2024-09-12T19:58:17.488+0000] {spark_submit.py:579} INFO - 24/09/12 19:58:17 INFO SparkContext: Running Spark version 3.5.2
[2024-09-12T19:58:17.496+0000] {spark_submit.py:579} INFO - 24/09/12 19:58:17 INFO SparkContext: OS info Linux, 5.15.153.1-microsoft-standard-WSL2, amd64
[2024-09-12T19:58:17.498+0000] {spark_submit.py:579} INFO - 24/09/12 19:58:17 INFO SparkContext: Java version 17.0.12
[2024-09-12T19:58:17.740+0000] {spark_submit.py:579} INFO - 24/09/12 19:58:17 WARN NativeCodeLoader: Unable to load native-hadoop library for your platform... using builtin-java classes where applicable
[2024-09-12T19:58:18.102+0000] {spark_submit.py:579} INFO - 24/09/12 19:58:18 INFO ResourceUtils: ==============================================================
[2024-09-12T19:58:18.103+0000] {spark_submit.py:579} INFO - 24/09/12 19:58:18 INFO ResourceUtils: No custom resources configured for spark.driver.
[2024-09-12T19:58:18.109+0000] {spark_submit.py:579} INFO - 24/09/12 19:58:18 INFO ResourceUtils: ==============================================================
[2024-09-12T19:58:18.111+0000] {spark_submit.py:579} INFO - 24/09/12 19:58:18 INFO SparkContext: Submitted application: SparkJob
[2024-09-12T19:58:18.174+0000] {spark_submit.py:579} INFO - 24/09/12 19:58:18 INFO ResourceProfile: Default ResourceProfile created, executor resources: Map(cores -> name: cores, amount: 1, script: , vendor: , memory -> name: memory, amount: 1024, script: , vendor: , offHeap -> name: offHeap, amount: 0, script: , vendor: ), task resources: Map(cpus -> name: cpus, amount: 1.0)
[2024-09-12T19:58:18.201+0000] {spark_submit.py:579} INFO - 24/09/12 19:58:18 INFO ResourceProfile: Limiting resource is cpu
[2024-09-12T19:58:18.203+0000] {spark_submit.py:579} INFO - 24/09/12 19:58:18 INFO ResourceProfileManager: Added ResourceProfile id: 0
[2024-09-12T19:58:18.555+0000] {spark_submit.py:579} INFO - 24/09/12 19:58:18 INFO SecurityManager: Changing view acls to: ***
[2024-09-12T19:58:18.557+0000] {spark_submit.py:579} INFO - 24/09/12 19:58:18 INFO SecurityManager: Changing modify acls to: ***
[2024-09-12T19:58:18.559+0000] {spark_submit.py:579} INFO - 24/09/12 19:58:18 INFO SecurityManager: Changing view acls groups to:
[2024-09-12T19:58:18.561+0000] {spark_submit.py:579} INFO - 24/09/12 19:58:18 INFO SecurityManager: Changing modify acls groups to:
[2024-09-12T19:58:18.563+0000] {spark_submit.py:579} INFO - 24/09/12 19:58:18 INFO SecurityManager: SecurityManager: authentication disabled; ui acls disabled; users with view permissions: ***; groups with view permissions: EMPTY; users with modify permissions: ***; groups with modify permissions: EMPTY
[2024-09-12T19:58:19.592+0000] {spark_submit.py:579} INFO - 24/09/12 19:58:19 INFO Utils: Successfully started service 'sparkDriver' on port 46323.
[2024-09-12T19:58:19.738+0000] {spark_submit.py:579} INFO - 24/09/12 19:58:19 INFO SparkEnv: Registering MapOutputTracker
[2024-09-12T19:58:20.041+0000] {spark_submit.py:579} INFO - 24/09/12 19:58:20 INFO SparkEnv: Registering BlockManagerMaster
[2024-09-12T19:58:20.097+0000] {spark_submit.py:579} INFO - 24/09/12 19:58:20 INFO BlockManagerMasterEndpoint: Using org.apache.spark.storage.DefaultTopologyMapper for getting topology information
[2024-09-12T19:58:20.099+0000] {spark_submit.py:579} INFO - 24/09/12 19:58:20 INFO BlockManagerMasterEndpoint: BlockManagerMasterEndpoint up
[2024-09-12T19:58:20.111+0000] {spark_submit.py:579} INFO - 24/09/12 19:58:20 INFO SparkEnv: Registering BlockManagerMasterHeartbeat
[2024-09-12T19:58:20.185+0000] {spark_submit.py:579} INFO - 24/09/12 19:58:20 INFO DiskBlockManager: Created local directory at /tmp/blockmgr-f9ac478d-0098-48c2-a355-544cfe5f0c8e
[2024-09-12T19:58:20.224+0000] {spark_submit.py:579} INFO - 24/09/12 19:58:20 INFO MemoryStore: MemoryStore started with capacity 434.4 MiB
[2024-09-12T19:58:20.271+0000] {spark_submit.py:579} INFO - 24/09/12 19:58:20 INFO SparkEnv: Registering OutputCommitCoordinator
[2024-09-12T19:58:20.790+0000] {spark_submit.py:579} INFO - 24/09/12 19:58:20 INFO JettyUtils: Start Jetty 0.0.0.0:4040 for SparkUI
[2024-09-12T19:58:21.093+0000] {spark_submit.py:579} INFO - 24/09/12 19:58:21 INFO Utils: Successfully started service 'SparkUI' on port 4040.
[2024-09-12T19:58:21.463+0000] {spark_submit.py:579} INFO - 24/09/12 19:58:21 INFO Executor: Starting executor ID driver on host e10d33bf7907
[2024-09-12T19:58:21.465+0000] {spark_submit.py:579} INFO - 24/09/12 19:58:21 INFO Executor: OS info Linux, 5.15.153.1-microsoft-standard-WSL2, amd64
[2024-09-12T19:58:21.466+0000] {spark_submit.py:579} INFO - 24/09/12 19:58:21 INFO Executor: Java version 17.0.12
[2024-09-12T19:58:21.506+0000] {spark_submit.py:579} INFO - 24/09/12 19:58:21 INFO Executor: Starting executor with user classpath (userClassPathFirst = false): ''
[2024-09-12T19:58:21.509+0000] {spark_submit.py:579} INFO - 24/09/12 19:58:21 INFO Executor: Created or updated repl class loader org.apache.spark.util.MutableURLClassLoader@7432b5cc for default.
[2024-09-12T19:58:21.648+0000] {spark_submit.py:579} INFO - 24/09/12 19:58:21 INFO Utils: Successfully started service 'org.apache.spark.network.netty.NettyBlockTransferService' on port 38445.
[2024-09-12T19:58:21.650+0000] {spark_submit.py:579} INFO - 24/09/12 19:58:21 INFO NettyBlockTransferService: Server created on e10d33bf7907:38445
[2024-09-12T19:58:21.654+0000] {spark_submit.py:579} INFO - 24/09/12 19:58:21 INFO BlockManager: Using org.apache.spark.storage.RandomBlockReplicationPolicy for block replication policy
[2024-09-12T19:58:21.670+0000] {spark_submit.py:579} INFO - 24/09/12 19:58:21 INFO BlockManagerMaster: Registering BlockManager BlockManagerId(driver, e10d33bf7907, 38445, None)
[2024-09-12T19:58:21.678+0000] {spark_submit.py:579} INFO - 24/09/12 19:58:21 INFO BlockManagerMasterEndpoint: Registering block manager e10d33bf7907:38445 with 434.4 MiB RAM, BlockManagerId(driver, e10d33bf7907, 38445, None)
[2024-09-12T19:58:21.687+0000] {spark_submit.py:579} INFO - 24/09/12 19:58:21 INFO BlockManagerMaster: Registered BlockManager BlockManagerId(driver, e10d33bf7907, 38445, None)
[2024-09-12T19:58:21.692+0000] {spark_submit.py:579} INFO - 24/09/12 19:58:21 INFO BlockManager: Initialized BlockManager: BlockManagerId(driver, e10d33bf7907, 38445, None)
[2024-09-12T19:58:23.564+0000] {spark_submit.py:579} INFO - 24/09/12 19:58:23 INFO SharedState: Setting hive.metastore.warehouse.dir ('null') to the value of spark.sql.warehouse.dir.
[2024-09-12T19:58:23.585+0000] {spark_submit.py:579} INFO - 24/09/12 19:58:23 INFO SharedState: Warehouse path is 'file:/user/hive/warehouse'.
[2024-09-12T19:58:32.194+0000] {spark_submit.py:579} INFO - 24/09/12 19:58:32 INFO InMemoryFileIndex: It took 153 ms to list leaf files for 1 paths.
[2024-09-12T19:58:37.447+0000] {spark_submit.py:579} INFO - 24/09/12 19:58:37 INFO InMemoryFileIndex: It took 5 ms to list leaf files for 1 paths.
[2024-09-12T19:58:38.851+0000] {spark_submit.py:579} INFO - 24/09/12 19:58:38 INFO HiveConf: Found configuration file null
[2024-09-12T19:58:38.882+0000] {spark_submit.py:579} INFO - 24/09/12 19:58:38 INFO HiveUtils: Initializing HiveMetastoreConnection version 2.3.9 using Spark classes.
[2024-09-12T19:58:39.818+0000] {spark_submit.py:579} INFO - 24/09/12 19:58:39 INFO HiveClientImpl: Warehouse location for Hive client (version 2.3.9) is file:/user/hive/warehouse
[2024-09-12T19:58:40.720+0000] {spark_submit.py:579} INFO - 24/09/12 19:58:40 WARN HiveConf: HiveConf of name hive.stats.jdbc.timeout does not exist
[2024-09-12T19:58:40.724+0000] {spark_submit.py:579} INFO - 24/09/12 19:58:40 WARN HiveConf: HiveConf of name hive.stats.retries.wait does not exist
[2024-09-12T19:58:40.727+0000] {spark_submit.py:579} INFO - 24/09/12 19:58:40 INFO HiveMetaStore: 0: Opening raw store with implementation class:org.apache.hadoop.hive.metastore.ObjectStore
[2024-09-12T19:58:41.335+0000] {spark_submit.py:579} INFO - 24/09/12 19:58:41 INFO ObjectStore: ObjectStore, initialize called
[2024-09-12T19:58:41.990+0000] {spark_submit.py:579} INFO - 24/09/12 19:58:41 INFO Persistence: Property hive.metastore.integral.jdo.pushdown unknown - will be ignored
[2024-09-12T19:58:41.993+0000] {spark_submit.py:579} INFO - 24/09/12 19:58:41 INFO Persistence: Property datanucleus.cache.level2 unknown - will be ignored
[2024-09-12T19:58:49.685+0000] {spark_submit.py:579} INFO - 24/09/12 19:58:49 INFO ObjectStore: Setting MetaStore object pin classes with hive.metastore.cache.pinobjtypes="Table,StorageDescriptor,SerDeInfo,Partition,Database,Type,FieldSchema,Order"
[2024-09-12T19:59:01.539+0000] {spark_submit.py:579} INFO - 24/09/12 19:59:01 INFO MetaStoreDirectSql: Using direct SQL, underlying DB is DERBY
[2024-09-12T19:59:01.548+0000] {spark_submit.py:579} INFO - 24/09/12 19:59:01 INFO ObjectStore: Initialized ObjectStore
[2024-09-12T19:59:01.768+0000] {spark_submit.py:579} INFO - 24/09/12 19:59:01 WARN ObjectStore: Version information not found in metastore. hive.metastore.schema.verification is not enabled so recording the schema version 2.3.0
[2024-09-12T19:59:01.770+0000] {spark_submit.py:579} INFO - 24/09/12 19:59:01 WARN ObjectStore: setMetaStoreSchemaVersion called but recording version is disabled: version = 2.3.0, comment = Set by MetaStore UNKNOWN@172.18.0.5
[2024-09-12T19:59:01.824+0000] {spark_submit.py:579} INFO - 24/09/12 19:59:01 WARN ObjectStore: Failed to get database default, returning NoSuchObjectException
[2024-09-12T19:59:02.574+0000] {spark_submit.py:579} INFO - 24/09/12 19:59:02 INFO HiveMetaStore: Added admin role in metastore
[2024-09-12T19:59:02.592+0000] {spark_submit.py:579} INFO - 24/09/12 19:59:02 INFO HiveMetaStore: Added public role in metastore
[2024-09-12T19:59:02.860+0000] {spark_submit.py:579} INFO - 24/09/12 19:59:02 INFO HiveMetaStore: No user is added in admin role, since config is empty
[2024-09-12T19:59:03.215+0000] {spark_submit.py:579} INFO - 24/09/12 19:59:03 INFO HiveMetaStore: 0: get_database: default
[2024-09-12T19:59:03.222+0000] {spark_submit.py:579} INFO - 24/09/12 19:59:03 INFO audit: ugi=***	ip=unknown-ip-addr	cmd=get_database: default
[2024-09-12T19:59:03.289+0000] {spark_submit.py:579} INFO - 24/09/12 19:59:03 INFO HiveMetaStore: 0: get_table : db=default tbl=pc_makers
[2024-09-12T19:59:03.291+0000] {spark_submit.py:579} INFO - 24/09/12 19:59:03 INFO audit: ugi=***	ip=unknown-ip-addr	cmd=get_table : db=default tbl=pc_makers
[2024-09-12T19:59:03.573+0000] {spark_submit.py:579} INFO - 24/09/12 19:59:03 INFO HiveMetaStore: 0: get_table : db=default tbl=pc_makers
[2024-09-12T19:59:03.576+0000] {spark_submit.py:579} INFO - 24/09/12 19:59:03 INFO audit: ugi=***	ip=unknown-ip-addr	cmd=get_table : db=default tbl=pc_makers
[2024-09-12T19:59:03.602+0000] {spark_submit.py:579} INFO - 24/09/12 19:59:03 INFO HiveMetaStore: 0: get_database: default
[2024-09-12T19:59:03.605+0000] {spark_submit.py:579} INFO - 24/09/12 19:59:03 INFO audit: ugi=***	ip=unknown-ip-addr	cmd=get_database: default
[2024-09-12T19:59:03.611+0000] {spark_submit.py:579} INFO - 24/09/12 19:59:03 INFO HiveMetaStore: 0: get_table : db=default tbl=pc_makers
[2024-09-12T19:59:03.616+0000] {spark_submit.py:579} INFO - 24/09/12 19:59:03 INFO audit: ugi=***	ip=unknown-ip-addr	cmd=get_table : db=default tbl=pc_makers
[2024-09-12T19:59:03.623+0000] {spark_submit.py:579} INFO - 24/09/12 19:59:03 INFO HiveMetaStore: 0: get_database: default
[2024-09-12T19:59:03.625+0000] {spark_submit.py:579} INFO - 24/09/12 19:59:03 INFO audit: ugi=***	ip=unknown-ip-addr	cmd=get_database: default
[2024-09-12T19:59:03.638+0000] {spark_submit.py:579} INFO - 24/09/12 19:59:03 INFO HiveMetaStore: 0: get_database: default
[2024-09-12T19:59:03.640+0000] {spark_submit.py:579} INFO - 24/09/12 19:59:03 INFO audit: ugi=***	ip=unknown-ip-addr	cmd=get_database: default
[2024-09-12T19:59:03.676+0000] {spark_submit.py:579} INFO - 24/09/12 19:59:03 INFO HiveMetaStore: 0: get_database: default
[2024-09-12T19:59:03.682+0000] {spark_submit.py:579} INFO - 24/09/12 19:59:03 INFO audit: ugi=***	ip=unknown-ip-addr	cmd=get_database: default
[2024-09-12T19:59:03.702+0000] {spark_submit.py:579} INFO - 24/09/12 19:59:03 INFO HiveMetaStore: 0: get_table : db=default tbl=pc_makers
[2024-09-12T19:59:03.704+0000] {spark_submit.py:579} INFO - 24/09/12 19:59:03 INFO audit: ugi=***	ip=unknown-ip-addr	cmd=get_table : db=default tbl=pc_makers
[2024-09-12T19:59:03.710+0000] {spark_submit.py:579} INFO - 24/09/12 19:59:03 INFO HiveMetaStore: 0: get_database: default
[2024-09-12T19:59:03.711+0000] {spark_submit.py:579} INFO - 24/09/12 19:59:03 INFO audit: ugi=***	ip=unknown-ip-addr	cmd=get_database: default
[2024-09-12T19:59:04.168+0000] {spark_submit.py:579} INFO - 24/09/12 19:59:04 INFO SQLStdHiveAccessController: Created SQLStdHiveAccessController for session context : HiveAuthzSessionContext [sessionString=88ad6d0e-c355-4908-a6fd-65674af3c252, clientType=HIVECLI]
[2024-09-12T19:59:04.175+0000] {spark_submit.py:579} INFO - 24/09/12 19:59:04 WARN SessionState: METASTORE_FILTER_HOOK will be ignored, since hive.security.authorization.manager is set to instance of HiveAuthorizerFactory.
[2024-09-12T19:59:04.177+0000] {spark_submit.py:579} INFO - 24/09/12 19:59:04 INFO metastore: Mestastore configuration hive.metastore.filter.hook changed from org.apache.hadoop.hive.metastore.DefaultMetaStoreFilterHookImpl to org.apache.hadoop.hive.ql.security.authorization.plugin.AuthorizationMetaStoreFilterHook
[2024-09-12T19:59:04.184+0000] {spark_submit.py:579} INFO - 24/09/12 19:59:04 INFO HiveMetaStore: 0: Cleaning up thread local RawStore...
[2024-09-12T19:59:04.186+0000] {spark_submit.py:579} INFO - 24/09/12 19:59:04 INFO audit: ugi=***	ip=unknown-ip-addr	cmd=Cleaning up thread local RawStore...
[2024-09-12T19:59:04.188+0000] {spark_submit.py:579} INFO - 24/09/12 19:59:04 INFO HiveMetaStore: 0: Done cleaning up thread local RawStore
[2024-09-12T19:59:04.190+0000] {spark_submit.py:579} INFO - 24/09/12 19:59:04 INFO audit: ugi=***	ip=unknown-ip-addr	cmd=Done cleaning up thread local RawStore
[2024-09-12T19:59:05.510+0000] {spark_submit.py:579} INFO - 24/09/12 19:59:05 INFO HiveMetaStore: 0: create_table: Table(tableName:pc_makers, dbName:default, owner:***, createTime:1726171143, lastAccessTime:0, retention:0, sd:StorageDescriptor(cols:[FieldSchema(name:maker, type:string, comment:null)], location:file:/user/hive/warehouse/pc_makers, inputFormat:org.apache.hadoop.mapred.TextInputFormat, outputFormat:org.apache.hadoop.hive.ql.io.HiveIgnoreKeyTextOutputFormat, compressed:false, numBuckets:-1, serdeInfo:SerDeInfo(name:null, serializationLib:org.apache.hadoop.hive.serde2.lazy.LazySimpleSerDe, parameters:{serialization.format=1}), bucketCols:[], sortCols:[], parameters:{}, skewedInfo:SkewedInfo(skewedColNames:[], skewedColValues:[], skewedColValueLocationMaps:{})), partitionKeys:[], parameters:{spark.sql.sources.schema={"type":"struct","fields":[{"name":"maker","type":"string","nullable":true,"metadata":{}}]}, spark.sql.create.version=3.5.2}, viewOriginalText:null, viewExpandedText:null, tableType:MANAGED_TABLE, privileges:PrincipalPrivilegeSet(userPrivileges:{***=[PrivilegeGrantInfo(privilege:INSERT, createTime:-1, grantor:***, grantorType:USER, grantOption:true), PrivilegeGrantInfo(privilege:SELECT, createTime:-1, grantor:***, grantorType:USER, grantOption:true), PrivilegeGrantInfo(privilege:UPDATE, createTime:-1, grantor:***, grantorType:USER, grantOption:true), PrivilegeGrantInfo(privilege:DELETE, createTime:-1, grantor:***, grantorType:USER, grantOption:true)]}, groupPrivileges:null, rolePrivileges:null))
[2024-09-12T19:59:05.512+0000] {spark_submit.py:579} INFO - 24/09/12 19:59:05 INFO audit: ugi=***	ip=unknown-ip-addr	cmd=create_table: Table(tableName:pc_makers, dbName:default, owner:***, createTime:1726171143, lastAccessTime:0, retention:0, sd:StorageDescriptor(cols:[FieldSchema(name:maker, type:string, comment:null)], location:file:/user/hive/warehouse/pc_makers, inputFormat:org.apache.hadoop.mapred.TextInputFormat, outputFormat:org.apache.hadoop.hive.ql.io.HiveIgnoreKeyTextOutputFormat, compressed:false, numBuckets:-1, serdeInfo:SerDeInfo(name:null, serializationLib:org.apache.hadoop.hive.serde2.lazy.LazySimpleSerDe, parameters:{serialization.format=1}), bucketCols:[], sortCols:[], parameters:{}, skewedInfo:SkewedInfo(skewedColNames:[], skewedColValues:[], skewedColValueLocationMaps:{})), partitionKeys:[], parameters:{spark.sql.sources.schema={"type":"struct","fields":[{"name":"maker","type":"string","nullable":true,"metadata":{}}]}, spark.sql.create.version=3.5.2}, viewOriginalText:null, viewExpandedText:null, tableType:MANAGED_TABLE, privileges:PrincipalPrivilegeSet(userPrivileges:{***=[PrivilegeGrantInfo(privilege:INSERT, createTime:-1, grantor:***, grantorType:USER, grantOption:true), PrivilegeGrantInfo(privilege:SELECT, createTime:-1, grantor:***, grantorType:USER, grantOption:true), PrivilegeGrantInfo(privilege:UPDATE, createTime:-1, grantor:***, grantorType:USER, grantOption:true), PrivilegeGrantInfo(privilege:DELETE, createTime:-1, grantor:***, grantorType:USER, grantOption:true)]}, groupPrivileges:null, rolePrivileges:null))
[2024-09-12T19:59:05.605+0000] {spark_submit.py:579} INFO - 24/09/12 19:59:05 WARN HiveConf: HiveConf of name hive.internal.ss.authz.settings.applied.marker does not exist
[2024-09-12T19:59:05.607+0000] {spark_submit.py:579} INFO - 24/09/12 19:59:05 WARN HiveConf: HiveConf of name hive.stats.jdbc.timeout does not exist
[2024-09-12T19:59:05.609+0000] {spark_submit.py:579} INFO - 24/09/12 19:59:05 WARN HiveConf: HiveConf of name hive.stats.retries.wait does not exist
[2024-09-12T19:59:05.611+0000] {spark_submit.py:579} INFO - 24/09/12 19:59:05 INFO HiveMetaStore: 0: Opening raw store with implementation class:org.apache.hadoop.hive.metastore.ObjectStore
[2024-09-12T19:59:05.613+0000] {spark_submit.py:579} INFO - 24/09/12 19:59:05 INFO ObjectStore: ObjectStore, initialize called
[2024-09-12T19:59:05.642+0000] {spark_submit.py:579} INFO - 24/09/12 19:59:05 INFO MetaStoreDirectSql: Using direct SQL, underlying DB is DERBY
[2024-09-12T19:59:05.646+0000] {spark_submit.py:579} INFO - 24/09/12 19:59:05 INFO ObjectStore: Initialized ObjectStore
[2024-09-12T19:59:05.658+0000] {spark_submit.py:579} INFO - 24/09/12 19:59:05 WARN HiveMetaStore: Location: file:/user/hive/warehouse/pc_makers specified for non-external table:pc_makers
[2024-09-12T19:59:05.665+0000] {spark_submit.py:579} INFO - 24/09/12 19:59:05 INFO FileUtils: Creating directory if it doesn't exist: file:/user/hive/warehouse/pc_makers
[2024-09-12T19:59:07.187+0000] {spark_submit.py:579} INFO - Traceback (most recent call last):
[2024-09-12T19:59:07.189+0000] {spark_submit.py:579} INFO - File "/opt/***/dags/spark_job.py", line 75, in <module>
[2024-09-12T19:59:07.193+0000] {spark_submit.py:579} INFO - .saveAsTable("pc_makers")
[2024-09-12T19:59:07.194+0000] {spark_submit.py:579} INFO - ^^^^^^^^^^^^^^^^^^^^^^^^
[2024-09-12T19:59:07.195+0000] {spark_submit.py:579} INFO - File "/home/***/.local/lib/python3.12/site-packages/pyspark/sql/readwriter.py", line 1586, in saveAsTable
[2024-09-12T19:59:07.199+0000] {spark_submit.py:579} INFO - self._jwrite.saveAsTable(name)
[2024-09-12T19:59:07.201+0000] {spark_submit.py:579} INFO - File "/home/***/.local/lib/python3.12/site-packages/py4j/java_gateway.py", line 1322, in __call__
[2024-09-12T19:59:07.203+0000] {spark_submit.py:579} INFO - return_value = get_return_value(
[2024-09-12T19:59:07.204+0000] {spark_submit.py:579} INFO - ^^^^^^^^^^^^^^^^^
[2024-09-12T19:59:07.206+0000] {spark_submit.py:579} INFO - File "/home/***/.local/lib/python3.12/site-packages/pyspark/errors/exceptions/captured.py", line 185, in deco
[2024-09-12T19:59:07.208+0000] {spark_submit.py:579} INFO - raise converted from None
[2024-09-12T19:59:07.219+0000] {spark_submit.py:579} INFO - pyspark.errors.exceptions.captured.AnalysisException: org.apache.hadoop.hive.ql.metadata.HiveException: MetaException(message:file:/user/hive/warehouse/pc_makers is not a directory or unable to create one)
[2024-09-12T19:59:07.437+0000] {spark_submit.py:579} INFO - 24/09/12 19:59:07 INFO SparkContext: Invoking stop() from shutdown hook
[2024-09-12T19:59:07.439+0000] {spark_submit.py:579} INFO - 24/09/12 19:59:07 INFO SparkContext: SparkContext is stopping with exitCode 0.
[2024-09-12T19:59:07.486+0000] {spark_submit.py:579} INFO - 24/09/12 19:59:07 INFO SparkUI: Stopped Spark web UI at http://e10d33bf7907:4040
[2024-09-12T19:59:07.530+0000] {spark_submit.py:579} INFO - 24/09/12 19:59:07 INFO MapOutputTrackerMasterEndpoint: MapOutputTrackerMasterEndpoint stopped!
[2024-09-12T19:59:07.586+0000] {spark_submit.py:579} INFO - 24/09/12 19:59:07 INFO MemoryStore: MemoryStore cleared
[2024-09-12T19:59:07.587+0000] {spark_submit.py:579} INFO - 24/09/12 19:59:07 INFO BlockManager: BlockManager stopped
[2024-09-12T19:59:07.622+0000] {spark_submit.py:579} INFO - 24/09/12 19:59:07 INFO BlockManagerMaster: BlockManagerMaster stopped
[2024-09-12T19:59:07.638+0000] {spark_submit.py:579} INFO - 24/09/12 19:59:07 INFO OutputCommitCoordinator$OutputCommitCoordinatorEndpoint: OutputCommitCoordinator stopped!
[2024-09-12T19:59:07.688+0000] {spark_submit.py:579} INFO - 24/09/12 19:59:07 INFO SparkContext: Successfully stopped SparkContext
[2024-09-12T19:59:07.690+0000] {spark_submit.py:579} INFO - 24/09/12 19:59:07 INFO ShutdownHookManager: Shutdown hook called
[2024-09-12T19:59:07.693+0000] {spark_submit.py:579} INFO - 24/09/12 19:59:07 INFO ShutdownHookManager: Deleting directory /tmp/spark-aa780b21-3c96-46cc-99c2-78c079ef0eb0
[2024-09-12T19:59:07.710+0000] {spark_submit.py:579} INFO - 24/09/12 19:59:07 INFO ShutdownHookManager: Deleting directory /tmp/spark-aa780b21-3c96-46cc-99c2-78c079ef0eb0/pyspark-6f5047a9-c42e-45a9-b458-2dd2b6c23db2
[2024-09-12T19:59:07.722+0000] {spark_submit.py:579} INFO - 24/09/12 19:59:07 INFO ShutdownHookManager: Deleting directory /tmp/spark-696a5a8a-b990-4c06-a7f6-92da10397792
[2024-09-12T19:59:07.938+0000] {taskinstance.py:3310} ERROR - Task failed with exception
Traceback (most recent call last):
  File "/home/airflow/.local/lib/python3.12/site-packages/airflow/models/taskinstance.py", line 767, in _execute_task
    result = _execute_callable(context=context, **execute_callable_kwargs)
             ^^^^^^^^^^^^^^^^^^^^^^^^^^^^^^^^^^^^^^^^^^^^^^^^^^^^^^^^^^^^^
  File "/home/airflow/.local/lib/python3.12/site-packages/airflow/models/taskinstance.py", line 733, in _execute_callable
    return ExecutionCallableRunner(
           ^^^^^^^^^^^^^^^^^^^^^^^^
  File "/home/airflow/.local/lib/python3.12/site-packages/airflow/utils/operator_helpers.py", line 252, in run
    return self.func(*args, **kwargs)
           ^^^^^^^^^^^^^^^^^^^^^^^^^^
  File "/home/airflow/.local/lib/python3.12/site-packages/airflow/models/baseoperator.py", line 406, in wrapper
    return func(self, *args, **kwargs)
           ^^^^^^^^^^^^^^^^^^^^^^^^^^^
  File "/home/airflow/.local/lib/python3.12/site-packages/airflow/providers/apache/spark/operators/spark_submit.py", line 174, in execute
    self._hook.submit(self.application)
  File "/home/airflow/.local/lib/python3.12/site-packages/airflow/providers/apache/spark/hooks/spark_submit.py", line 505, in submit
    raise AirflowException(
airflow.exceptions.AirflowException: Cannot execute: spark-submit --master spark://spark-master:7077 --conf spark.master=spark://spark-master:7077 --name arrow-spark --verbose --deploy-mode client /opt/***/dags/spark_job.py. Error code is: 1.
[2024-09-12T19:59:08.003+0000] {taskinstance.py:1225} INFO - Marking task as UP_FOR_RETRY. dag_id=spark_find_makers_dag, task_id=spark_submit_task, run_id=scheduled__2024-09-11T00:00:00+00:00, execution_date=20240911T000000, start_date=20240912T195800, end_date=20240912T195907
[2024-09-12T19:59:08.146+0000] {taskinstance.py:340} INFO - ::group::Post task execution logs
[2024-09-12T19:59:08.151+0000] {standard_task_runner.py:124} ERROR - Failed to execute job 483 for task spark_submit_task (Cannot execute: spark-submit --master spark://spark-master:7077 --conf spark.master=spark://spark-master:7077 --name arrow-spark --verbose --deploy-mode client /opt/***/dags/spark_job.py. Error code is: 1.; 119)
Traceback (most recent call last):
  File "/home/airflow/.local/lib/python3.12/site-packages/airflow/task/task_runner/standard_task_runner.py", line 117, in _start_by_fork
    ret = args.func(args, dag=self.dag)
          ^^^^^^^^^^^^^^^^^^^^^^^^^^^^^
  File "/home/airflow/.local/lib/python3.12/site-packages/airflow/cli/cli_config.py", line 49, in command
    return func(*args, **kwargs)
           ^^^^^^^^^^^^^^^^^^^^^
  File "/home/airflow/.local/lib/python3.12/site-packages/airflow/utils/cli.py", line 115, in wrapper
    return f(*args, **kwargs)
           ^^^^^^^^^^^^^^^^^^
  File "/home/airflow/.local/lib/python3.12/site-packages/airflow/cli/commands/task_command.py", line 483, in task_run
    task_return_code = _run_task_by_selected_method(args, _dag, ti)
                       ^^^^^^^^^^^^^^^^^^^^^^^^^^^^^^^^^^^^^^^^^^^^
  File "/home/airflow/.local/lib/python3.12/site-packages/airflow/cli/commands/task_command.py", line 256, in _run_task_by_selected_method
    return _run_raw_task(args, ti)
           ^^^^^^^^^^^^^^^^^^^^^^^
  File "/home/airflow/.local/lib/python3.12/site-packages/airflow/cli/commands/task_command.py", line 341, in _run_raw_task
    return ti._run_raw_task(
           ^^^^^^^^^^^^^^^^^
  File "/home/airflow/.local/lib/python3.12/site-packages/airflow/utils/session.py", line 97, in wrapper
    return func(*args, session=session, **kwargs)
           ^^^^^^^^^^^^^^^^^^^^^^^^^^^^^^^^^^^^^^
  File "/home/airflow/.local/lib/python3.12/site-packages/airflow/models/taskinstance.py", line 3004, in _run_raw_task
    return _run_raw_task(
           ^^^^^^^^^^^^^^
  File "/home/airflow/.local/lib/python3.12/site-packages/airflow/models/taskinstance.py", line 273, in _run_raw_task
    TaskInstance._execute_task_with_callbacks(
  File "/home/airflow/.local/lib/python3.12/site-packages/airflow/models/taskinstance.py", line 3158, in _execute_task_with_callbacks
    result = self._execute_task(context, task_orig)
             ^^^^^^^^^^^^^^^^^^^^^^^^^^^^^^^^^^^^^^
  File "/home/airflow/.local/lib/python3.12/site-packages/airflow/models/taskinstance.py", line 3182, in _execute_task
    return _execute_task(self, context, task_orig)
           ^^^^^^^^^^^^^^^^^^^^^^^^^^^^^^^^^^^^^^^
  File "/home/airflow/.local/lib/python3.12/site-packages/airflow/models/taskinstance.py", line 767, in _execute_task
    result = _execute_callable(context=context, **execute_callable_kwargs)
             ^^^^^^^^^^^^^^^^^^^^^^^^^^^^^^^^^^^^^^^^^^^^^^^^^^^^^^^^^^^^^
  File "/home/airflow/.local/lib/python3.12/site-packages/airflow/models/taskinstance.py", line 733, in _execute_callable
    return ExecutionCallableRunner(
           ^^^^^^^^^^^^^^^^^^^^^^^^
  File "/home/airflow/.local/lib/python3.12/site-packages/airflow/utils/operator_helpers.py", line 252, in run
    return self.func(*args, **kwargs)
           ^^^^^^^^^^^^^^^^^^^^^^^^^^
  File "/home/airflow/.local/lib/python3.12/site-packages/airflow/models/baseoperator.py", line 406, in wrapper
    return func(self, *args, **kwargs)
           ^^^^^^^^^^^^^^^^^^^^^^^^^^^
  File "/home/airflow/.local/lib/python3.12/site-packages/airflow/providers/apache/spark/operators/spark_submit.py", line 174, in execute
    self._hook.submit(self.application)
  File "/home/airflow/.local/lib/python3.12/site-packages/airflow/providers/apache/spark/hooks/spark_submit.py", line 505, in submit
    raise AirflowException(
airflow.exceptions.AirflowException: Cannot execute: spark-submit --master spark://spark-master:7077 --conf spark.master=spark://spark-master:7077 --name arrow-spark --verbose --deploy-mode client /opt/***/dags/spark_job.py. Error code is: 1.
[2024-09-12T19:59:08.208+0000] {local_task_job_runner.py:266} INFO - Task exited with return code 1
[2024-09-12T19:59:08.288+0000] {taskinstance.py:3900} INFO - 0 downstream tasks scheduled from follow-on schedule check
[2024-09-12T19:59:08.295+0000] {local_task_job_runner.py:245} INFO - ::endgroup::
