[2024-09-12T22:07:58.134+0000] {local_task_job_runner.py:123} INFO - ::group::Pre task execution logs
[2024-09-12T22:07:58.231+0000] {taskinstance.py:2612} INFO - Dependencies all met for dep_context=non-requeueable deps ti=<TaskInstance: spark_find_makers_dag.spark_submit_task scheduled__2024-09-11T00:00:00+00:00 [queued]>
[2024-09-12T22:07:58.283+0000] {taskinstance.py:2612} INFO - Dependencies all met for dep_context=requeueable deps ti=<TaskInstance: spark_find_makers_dag.spark_submit_task scheduled__2024-09-11T00:00:00+00:00 [queued]>
[2024-09-12T22:07:58.285+0000] {taskinstance.py:2865} INFO - Starting attempt 18 of 21
[2024-09-12T22:07:58.340+0000] {taskinstance.py:2888} INFO - Executing <Task(SparkSubmitOperator): spark_submit_task> on 2024-09-11 00:00:00+00:00
[2024-09-12T22:07:58.359+0000] {warnings.py:112} WARNING - /home/***/.local/lib/python3.12/site-packages/***/task/task_runner/standard_task_runner.py:70: DeprecationWarning: This process (pid=358) is multi-threaded, use of fork() may lead to deadlocks in the child.
  pid = os.fork()

[2024-09-12T22:07:58.362+0000] {standard_task_runner.py:72} INFO - Started process 359 to run task
[2024-09-12T22:07:58.361+0000] {standard_task_runner.py:104} INFO - Running: ['***', 'tasks', 'run', 'spark_find_makers_dag', 'spark_submit_task', 'scheduled__2024-09-11T00:00:00+00:00', '--job-id', '565', '--raw', '--subdir', 'DAGS_FOLDER/spark_sql_dag.py', '--cfg-path', '/tmp/tmp_1aakcfo']
[2024-09-12T22:07:58.364+0000] {standard_task_runner.py:105} INFO - Job 565: Subtask spark_submit_task
[2024-09-12T22:07:58.503+0000] {task_command.py:467} INFO - Running <TaskInstance: spark_find_makers_dag.spark_submit_task scheduled__2024-09-11T00:00:00+00:00 [running]> on host e10d33bf7907
[2024-09-12T22:07:58.811+0000] {taskinstance.py:3131} INFO - Exporting env vars: AIRFLOW_CTX_DAG_OWNER='Denis' AIRFLOW_CTX_DAG_ID='spark_find_makers_dag' AIRFLOW_CTX_TASK_ID='spark_submit_task' AIRFLOW_CTX_EXECUTION_DATE='2024-09-11T00:00:00+00:00' AIRFLOW_CTX_TRY_NUMBER='18' AIRFLOW_CTX_DAG_RUN_ID='scheduled__2024-09-11T00:00:00+00:00'
[2024-09-12T22:07:58.813+0000] {taskinstance.py:731} INFO - ::endgroup::
[2024-09-12T22:07:58.901+0000] {base.py:84} INFO - Retrieving connection 'spark_default'
[2024-09-12T22:07:58.907+0000] {spark_submit.py:403} INFO - Spark-Submit cmd: spark-submit --master spark://spark-master:7077 --conf spark.master=spark://spark-master:7077 --name arrow-spark --verbose --deploy-mode client /opt/***/dags/spark_job.py
[2024-09-12T22:08:02.873+0000] {spark_submit.py:579} INFO - Using properties file: null
[2024-09-12T22:08:03.096+0000] {spark_submit.py:579} INFO - Parsed arguments:
[2024-09-12T22:08:03.098+0000] {spark_submit.py:579} INFO - master                  spark://spark-master:7077
[2024-09-12T22:08:03.099+0000] {spark_submit.py:579} INFO - remote                  null
[2024-09-12T22:08:03.100+0000] {spark_submit.py:579} INFO - deployMode              client
[2024-09-12T22:08:03.101+0000] {spark_submit.py:579} INFO - executorMemory          null
[2024-09-12T22:08:03.103+0000] {spark_submit.py:579} INFO - executorCores           null
[2024-09-12T22:08:03.104+0000] {spark_submit.py:579} INFO - totalExecutorCores      null
[2024-09-12T22:08:03.105+0000] {spark_submit.py:579} INFO - propertiesFile          null
[2024-09-12T22:08:03.106+0000] {spark_submit.py:579} INFO - driverMemory            null
[2024-09-12T22:08:03.107+0000] {spark_submit.py:579} INFO - driverCores             null
[2024-09-12T22:08:03.108+0000] {spark_submit.py:579} INFO - driverExtraClassPath    null
[2024-09-12T22:08:03.110+0000] {spark_submit.py:579} INFO - driverExtraLibraryPath  null
[2024-09-12T22:08:03.111+0000] {spark_submit.py:579} INFO - driverExtraJavaOptions  null
[2024-09-12T22:08:03.112+0000] {spark_submit.py:579} INFO - supervise               false
[2024-09-12T22:08:03.113+0000] {spark_submit.py:579} INFO - queue                   null
[2024-09-12T22:08:03.114+0000] {spark_submit.py:579} INFO - numExecutors            null
[2024-09-12T22:08:03.115+0000] {spark_submit.py:579} INFO - files                   null
[2024-09-12T22:08:03.117+0000] {spark_submit.py:579} INFO - pyFiles                 null
[2024-09-12T22:08:03.118+0000] {spark_submit.py:579} INFO - archives                null
[2024-09-12T22:08:03.119+0000] {spark_submit.py:579} INFO - mainClass               null
[2024-09-12T22:08:03.120+0000] {spark_submit.py:579} INFO - primaryResource         file:/opt/***/dags/spark_job.py
[2024-09-12T22:08:03.121+0000] {spark_submit.py:579} INFO - name                    arrow-spark
[2024-09-12T22:08:03.123+0000] {spark_submit.py:579} INFO - childArgs               []
[2024-09-12T22:08:03.124+0000] {spark_submit.py:579} INFO - jars                    null
[2024-09-12T22:08:03.125+0000] {spark_submit.py:579} INFO - packages                null
[2024-09-12T22:08:03.126+0000] {spark_submit.py:579} INFO - packagesExclusions      null
[2024-09-12T22:08:03.128+0000] {spark_submit.py:579} INFO - repositories            null
[2024-09-12T22:08:03.129+0000] {spark_submit.py:579} INFO - verbose                 true
[2024-09-12T22:08:03.131+0000] {spark_submit.py:579} INFO - 
[2024-09-12T22:08:03.132+0000] {spark_submit.py:579} INFO - Spark properties used, including those specified through
[2024-09-12T22:08:03.133+0000] {spark_submit.py:579} INFO - --conf and those from the properties file null:
[2024-09-12T22:08:03.134+0000] {spark_submit.py:579} INFO - (spark.master,spark://spark-master:7077)
[2024-09-12T22:08:03.135+0000] {spark_submit.py:579} INFO - 
[2024-09-12T22:08:03.137+0000] {spark_submit.py:579} INFO - 
[2024-09-12T22:08:03.865+0000] {spark_submit.py:579} INFO - Main class:
[2024-09-12T22:08:03.866+0000] {spark_submit.py:579} INFO - org.apache.spark.deploy.PythonRunner
[2024-09-12T22:08:03.869+0000] {spark_submit.py:579} INFO - Arguments:
[2024-09-12T22:08:03.870+0000] {spark_submit.py:579} INFO - file:/opt/***/dags/spark_job.py
[2024-09-12T22:08:03.872+0000] {spark_submit.py:579} INFO - null
[2024-09-12T22:08:03.875+0000] {spark_submit.py:579} INFO - Spark config:
[2024-09-12T22:08:03.877+0000] {spark_submit.py:579} INFO - (spark.app.name,arrow-spark)
[2024-09-12T22:08:03.882+0000] {spark_submit.py:579} INFO - (spark.app.submitTime,1726178883807)
[2024-09-12T22:08:03.885+0000] {spark_submit.py:579} INFO - (spark.master,spark://spark-master:7077)
[2024-09-12T22:08:03.887+0000] {spark_submit.py:579} INFO - (spark.submit.deployMode,client)
[2024-09-12T22:08:03.889+0000] {spark_submit.py:579} INFO - (spark.submit.pyFiles,)
[2024-09-12T22:08:03.890+0000] {spark_submit.py:579} INFO - Classpath elements:
[2024-09-12T22:08:03.892+0000] {spark_submit.py:579} INFO - 
[2024-09-12T22:08:03.893+0000] {spark_submit.py:579} INFO - 
[2024-09-12T22:08:03.897+0000] {spark_submit.py:579} INFO - 
[2024-09-12T22:08:06.779+0000] {spark_submit.py:579} INFO - 24/09/12 22:08:06 INFO SparkContext: Running Spark version 3.5.2
[2024-09-12T22:08:06.789+0000] {spark_submit.py:579} INFO - 24/09/12 22:08:06 INFO SparkContext: OS info Linux, 5.15.153.1-microsoft-standard-WSL2, amd64
[2024-09-12T22:08:06.793+0000] {spark_submit.py:579} INFO - 24/09/12 22:08:06 INFO SparkContext: Java version 17.0.12
[2024-09-12T22:08:07.036+0000] {spark_submit.py:579} INFO - 24/09/12 22:08:07 WARN NativeCodeLoader: Unable to load native-hadoop library for your platform... using builtin-java classes where applicable
[2024-09-12T22:08:07.810+0000] {spark_submit.py:579} INFO - 24/09/12 22:08:07 INFO ResourceUtils: ==============================================================
[2024-09-12T22:08:07.811+0000] {spark_submit.py:579} INFO - 24/09/12 22:08:07 INFO ResourceUtils: No custom resources configured for spark.driver.
[2024-09-12T22:08:07.813+0000] {spark_submit.py:579} INFO - 24/09/12 22:08:07 INFO ResourceUtils: ==============================================================
[2024-09-12T22:08:07.814+0000] {spark_submit.py:579} INFO - 24/09/12 22:08:07 INFO SparkContext: Submitted application: SparkJob
[2024-09-12T22:08:07.867+0000] {spark_submit.py:579} INFO - 24/09/12 22:08:07 INFO ResourceProfile: Default ResourceProfile created, executor resources: Map(cores -> name: cores, amount: 1, script: , vendor: , memory -> name: memory, amount: 1024, script: , vendor: , offHeap -> name: offHeap, amount: 0, script: , vendor: ), task resources: Map(cpus -> name: cpus, amount: 1.0)
[2024-09-12T22:08:07.885+0000] {spark_submit.py:579} INFO - 24/09/12 22:08:07 INFO ResourceProfile: Limiting resource is cpu
[2024-09-12T22:08:07.887+0000] {spark_submit.py:579} INFO - 24/09/12 22:08:07 INFO ResourceProfileManager: Added ResourceProfile id: 0
[2024-09-12T22:08:08.053+0000] {spark_submit.py:579} INFO - 24/09/12 22:08:08 INFO SecurityManager: Changing view acls to: ***
[2024-09-12T22:08:08.055+0000] {spark_submit.py:579} INFO - 24/09/12 22:08:08 INFO SecurityManager: Changing modify acls to: ***
[2024-09-12T22:08:08.057+0000] {spark_submit.py:579} INFO - 24/09/12 22:08:08 INFO SecurityManager: Changing view acls groups to:
[2024-09-12T22:08:08.058+0000] {spark_submit.py:579} INFO - 24/09/12 22:08:08 INFO SecurityManager: Changing modify acls groups to:
[2024-09-12T22:08:08.060+0000] {spark_submit.py:579} INFO - 24/09/12 22:08:08 INFO SecurityManager: SecurityManager: authentication disabled; ui acls disabled; users with view permissions: ***; groups with view permissions: EMPTY; users with modify permissions: ***; groups with modify permissions: EMPTY
[2024-09-12T22:08:08.648+0000] {spark_submit.py:579} INFO - 24/09/12 22:08:08 INFO Utils: Successfully started service 'sparkDriver' on port 45221.
[2024-09-12T22:08:08.736+0000] {spark_submit.py:579} INFO - 24/09/12 22:08:08 INFO SparkEnv: Registering MapOutputTracker
[2024-09-12T22:08:08.819+0000] {spark_submit.py:579} INFO - 24/09/12 22:08:08 INFO SparkEnv: Registering BlockManagerMaster
[2024-09-12T22:08:08.861+0000] {spark_submit.py:579} INFO - 24/09/12 22:08:08 INFO BlockManagerMasterEndpoint: Using org.apache.spark.storage.DefaultTopologyMapper for getting topology information
[2024-09-12T22:08:08.863+0000] {spark_submit.py:579} INFO - 24/09/12 22:08:08 INFO BlockManagerMasterEndpoint: BlockManagerMasterEndpoint up
[2024-09-12T22:08:08.872+0000] {spark_submit.py:579} INFO - 24/09/12 22:08:08 INFO SparkEnv: Registering BlockManagerMasterHeartbeat
[2024-09-12T22:08:08.930+0000] {spark_submit.py:579} INFO - 24/09/12 22:08:08 INFO DiskBlockManager: Created local directory at /tmp/blockmgr-a02dc331-0401-428f-b98b-6044ca37eff0
[2024-09-12T22:08:08.994+0000] {spark_submit.py:579} INFO - 24/09/12 22:08:08 INFO MemoryStore: MemoryStore started with capacity 434.4 MiB
[2024-09-12T22:08:09.041+0000] {spark_submit.py:579} INFO - 24/09/12 22:08:09 INFO SparkEnv: Registering OutputCommitCoordinator
[2024-09-12T22:08:09.420+0000] {spark_submit.py:579} INFO - 24/09/12 22:08:09 INFO JettyUtils: Start Jetty 0.0.0.0:4040 for SparkUI
[2024-09-12T22:08:09.571+0000] {spark_submit.py:579} INFO - 24/09/12 22:08:09 INFO Utils: Successfully started service 'SparkUI' on port 4040.
[2024-09-12T22:08:09.807+0000] {spark_submit.py:579} INFO - 24/09/12 22:08:09 INFO Executor: Starting executor ID driver on host e10d33bf7907
[2024-09-12T22:08:09.808+0000] {spark_submit.py:579} INFO - 24/09/12 22:08:09 INFO Executor: OS info Linux, 5.15.153.1-microsoft-standard-WSL2, amd64
[2024-09-12T22:08:09.809+0000] {spark_submit.py:579} INFO - 24/09/12 22:08:09 INFO Executor: Java version 17.0.12
[2024-09-12T22:08:09.824+0000] {spark_submit.py:579} INFO - 24/09/12 22:08:09 INFO Executor: Starting executor with user classpath (userClassPathFirst = false): ''
[2024-09-12T22:08:09.826+0000] {spark_submit.py:579} INFO - 24/09/12 22:08:09 INFO Executor: Created or updated repl class loader org.apache.spark.util.MutableURLClassLoader@2b2d567f for default.
[2024-09-12T22:08:09.869+0000] {spark_submit.py:579} INFO - 24/09/12 22:08:09 INFO Utils: Successfully started service 'org.apache.spark.network.netty.NettyBlockTransferService' on port 38055.
[2024-09-12T22:08:09.870+0000] {spark_submit.py:579} INFO - 24/09/12 22:08:09 INFO NettyBlockTransferService: Server created on e10d33bf7907:38055
[2024-09-12T22:08:09.873+0000] {spark_submit.py:579} INFO - 24/09/12 22:08:09 INFO BlockManager: Using org.apache.spark.storage.RandomBlockReplicationPolicy for block replication policy
[2024-09-12T22:08:09.885+0000] {spark_submit.py:579} INFO - 24/09/12 22:08:09 INFO BlockManagerMaster: Registering BlockManager BlockManagerId(driver, e10d33bf7907, 38055, None)
[2024-09-12T22:08:09.891+0000] {spark_submit.py:579} INFO - 24/09/12 22:08:09 INFO BlockManagerMasterEndpoint: Registering block manager e10d33bf7907:38055 with 434.4 MiB RAM, BlockManagerId(driver, e10d33bf7907, 38055, None)
[2024-09-12T22:08:09.894+0000] {spark_submit.py:579} INFO - 24/09/12 22:08:09 INFO BlockManagerMaster: Registered BlockManager BlockManagerId(driver, e10d33bf7907, 38055, None)
[2024-09-12T22:08:09.897+0000] {spark_submit.py:579} INFO - 24/09/12 22:08:09 INFO BlockManager: Initialized BlockManager: BlockManagerId(driver, e10d33bf7907, 38055, None)
[2024-09-12T22:08:10.967+0000] {spark_submit.py:579} INFO - 24/09/12 22:08:10 INFO SharedState: Setting hive.metastore.warehouse.dir ('null') to the value of spark.sql.warehouse.dir.
[2024-09-12T22:08:10.985+0000] {spark_submit.py:579} INFO - 24/09/12 22:08:10 INFO SharedState: Warehouse path is 'file:/user/hive/warehouse'.
[2024-09-12T22:08:12.958+0000] {spark_submit.py:579} INFO - 24/09/12 22:08:12 INFO InMemoryFileIndex: It took 118 ms to list leaf files for 1 paths.
[2024-09-12T22:08:15.866+0000] {spark_submit.py:579} INFO - 24/09/12 22:08:15 INFO InMemoryFileIndex: It took 6 ms to list leaf files for 1 paths.
[2024-09-12T22:08:16.608+0000] {spark_submit.py:579} INFO - Тип данной таблицы -  <class 'pyspark.sql.dataframe.DataFrame'>
[2024-09-12T22:08:17.340+0000] {spark_submit.py:579} INFO - 24/09/12 22:08:17 INFO FileSourceStrategy: Pushed Filters: IsNotNull(Type),EqualTo(Type,PC)
[2024-09-12T22:08:17.343+0000] {spark_submit.py:579} INFO - 24/09/12 22:08:17 INFO FileSourceStrategy: Post-Scan Filters: isnotnull(type#16),(type#16 = PC)
[2024-09-12T22:08:17.375+0000] {spark_submit.py:579} INFO - 24/09/12 22:08:17 INFO FileSourceStrategy: Pushed Filters: IsNotNull(MODEL)
[2024-09-12T22:08:17.376+0000] {spark_submit.py:579} INFO - 24/09/12 22:08:17 INFO FileSourceStrategy: Post-Scan Filters: isnotnull(model#1)
[2024-09-12T22:08:19.330+0000] {spark_submit.py:579} INFO - 24/09/12 22:08:19 INFO CodeGenerator: Code generated in 598.094044 ms
[2024-09-12T22:08:19.515+0000] {spark_submit.py:579} INFO - 24/09/12 22:08:19 INFO MemoryStore: Block broadcast_0 stored as values in memory (estimated size 199.6 KiB, free 434.2 MiB)
[2024-09-12T22:08:19.799+0000] {spark_submit.py:579} INFO - 24/09/12 22:08:19 INFO MemoryStore: Block broadcast_0_piece0 stored as bytes in memory (estimated size 34.3 KiB, free 434.2 MiB)
[2024-09-12T22:08:19.807+0000] {spark_submit.py:579} INFO - 24/09/12 22:08:19 INFO BlockManagerInfo: Added broadcast_0_piece0 in memory on e10d33bf7907:38055 (size: 34.3 KiB, free: 434.4 MiB)
[2024-09-12T22:08:19.822+0000] {spark_submit.py:579} INFO - 24/09/12 22:08:19 INFO SparkContext: Created broadcast 0 from $anonfun$withThreadLocalCaptured$1 at FutureTask.java:264
[2024-09-12T22:08:19.927+0000] {spark_submit.py:579} INFO - 24/09/12 22:08:19 INFO FileSourceScanExec: Planning scan with bin packing, max size: 4194304 bytes, open cost is considered as scanning 4194304 bytes.
[2024-09-12T22:08:21.075+0000] {spark_submit.py:579} INFO - 24/09/12 22:08:21 INFO SparkContext: Starting job: $anonfun$withThreadLocalCaptured$1 at FutureTask.java:264
[2024-09-12T22:08:21.180+0000] {spark_submit.py:579} INFO - 24/09/12 22:08:21 INFO DAGScheduler: Got job 0 ($anonfun$withThreadLocalCaptured$1 at FutureTask.java:264) with 1 output partitions
[2024-09-12T22:08:21.183+0000] {spark_submit.py:579} INFO - 24/09/12 22:08:21 INFO DAGScheduler: Final stage: ResultStage 0 ($anonfun$withThreadLocalCaptured$1 at FutureTask.java:264)
[2024-09-12T22:08:21.185+0000] {spark_submit.py:579} INFO - 24/09/12 22:08:21 INFO DAGScheduler: Parents of final stage: List()
[2024-09-12T22:08:21.189+0000] {spark_submit.py:579} INFO - 24/09/12 22:08:21 INFO DAGScheduler: Missing parents: List()
[2024-09-12T22:08:21.203+0000] {spark_submit.py:579} INFO - 24/09/12 22:08:21 INFO DAGScheduler: Submitting ResultStage 0 (MapPartitionsRDD[3] at $anonfun$withThreadLocalCaptured$1 at FutureTask.java:264), which has no missing parents
[2024-09-12T22:08:21.289+0000] {spark_submit.py:579} INFO - 24/09/12 22:08:21 INFO MemoryStore: Block broadcast_1 stored as values in memory (estimated size 15.1 KiB, free 434.2 MiB)
[2024-09-12T22:08:21.306+0000] {spark_submit.py:579} INFO - 24/09/12 22:08:21 INFO MemoryStore: Block broadcast_1_piece0 stored as bytes in memory (estimated size 7.5 KiB, free 434.1 MiB)
[2024-09-12T22:08:21.309+0000] {spark_submit.py:579} INFO - 24/09/12 22:08:21 INFO BlockManagerInfo: Added broadcast_1_piece0 in memory on e10d33bf7907:38055 (size: 7.5 KiB, free: 434.4 MiB)
[2024-09-12T22:08:21.314+0000] {spark_submit.py:579} INFO - 24/09/12 22:08:21 INFO SparkContext: Created broadcast 1 from broadcast at DAGScheduler.scala:1585
[2024-09-12T22:08:21.433+0000] {spark_submit.py:579} INFO - 24/09/12 22:08:21 INFO DAGScheduler: Submitting 1 missing tasks from ResultStage 0 (MapPartitionsRDD[3] at $anonfun$withThreadLocalCaptured$1 at FutureTask.java:264) (first 15 tasks are for partitions Vector(0))
[2024-09-12T22:08:21.440+0000] {spark_submit.py:579} INFO - 24/09/12 22:08:21 INFO TaskSchedulerImpl: Adding task set 0.0 with 1 tasks resource profile 0
[2024-09-12T22:08:21.818+0000] {spark_submit.py:579} INFO - 24/09/12 22:08:21 INFO TaskSetManager: Starting task 0.0 in stage 0.0 (TID 0) (e10d33bf7907, executor driver, partition 0, PROCESS_LOCAL, 9600 bytes)
[2024-09-12T22:08:22.000+0000] {spark_submit.py:579} INFO - 24/09/12 22:08:21 INFO Executor: Running task 0.0 in stage 0.0 (TID 0)
[2024-09-12T22:08:23.181+0000] {spark_submit.py:579} INFO - 24/09/12 22:08:23 INFO CodeGenerator: Code generated in 182.107331 ms
[2024-09-12T22:08:23.335+0000] {spark_submit.py:579} INFO - 24/09/12 22:08:23 INFO FileScanRDD: Reading File path: file:///opt/***/datasets/pc/pc.txt, range: 0-304, partition values: [empty row]
[2024-09-12T22:08:23.450+0000] {spark_submit.py:579} INFO - 24/09/12 22:08:23 INFO CodeGenerator: Code generated in 55.343483 ms
[2024-09-12T22:08:24.837+0000] {spark_submit.py:579} INFO - 24/09/12 22:08:24 INFO CodeGenerator: Code generated in 48.563929 ms
[2024-09-12T22:08:34.804+0000] {spark_submit.py:579} INFO - 24/09/12 22:08:34 INFO AsyncEventQueue: Process of event SparkListenerExecutorMetricsUpdate(driver,WrappedArray(),Map((-1,-1) -> org.apache.spark.executor.ExecutorMetrics@14e93bb0)) by listener AppStatusListener took 4.837013005s.
