[2024-09-15T13:49:12.764+0000] {local_task_job_runner.py:123} INFO - ::group::Pre task execution logs
[2024-09-15T13:49:12.805+0000] {taskinstance.py:2612} INFO - Dependencies all met for dep_context=non-requeueable deps ti=<TaskInstance: airbnb_model.train_model scheduled__2024-09-14T00:00:00+00:00 [queued]>
[2024-09-15T13:49:12.830+0000] {taskinstance.py:2612} INFO - Dependencies all met for dep_context=requeueable deps ti=<TaskInstance: airbnb_model.train_model scheduled__2024-09-14T00:00:00+00:00 [queued]>
[2024-09-15T13:49:12.831+0000] {taskinstance.py:2865} INFO - Starting attempt 4 of 7
[2024-09-15T13:49:12.857+0000] {taskinstance.py:2888} INFO - Executing <Task(SparkSubmitOperator): train_model> on 2024-09-14 00:00:00+00:00
[2024-09-15T13:49:12.873+0000] {standard_task_runner.py:104} INFO - Running: ['***', 'tasks', 'run', 'airbnb_model', 'train_model', 'scheduled__2024-09-14T00:00:00+00:00', '--job-id', '742', '--raw', '--subdir', 'DAGS_FOLDER/air_price_pred_dag.py', '--cfg-path', '/tmp/tmp25wvxcn3']
[2024-09-15T13:49:12.877+0000] {standard_task_runner.py:105} INFO - Job 742: Subtask train_model
[2024-09-15T13:49:12.881+0000] {logging_mixin.py:190} WARNING - /home/***/.local/lib/python3.12/site-packages/***/task/task_runner/standard_task_runner.py:70 DeprecationWarning: This process (pid=10248) is multi-threaded, use of fork() may lead to deadlocks in the child.
[2024-09-15T13:49:12.883+0000] {standard_task_runner.py:72} INFO - Started process 10262 to run task
[2024-09-15T13:49:12.960+0000] {task_command.py:467} INFO - Running <TaskInstance: airbnb_model.train_model scheduled__2024-09-14T00:00:00+00:00 [running]> on host fb744bf0dc86
[2024-09-15T13:49:13.164+0000] {taskinstance.py:3131} INFO - Exporting env vars: AIRFLOW_CTX_DAG_OWNER='Denis' AIRFLOW_CTX_DAG_ID='airbnb_model' AIRFLOW_CTX_TASK_ID='train_model' AIRFLOW_CTX_EXECUTION_DATE='2024-09-14T00:00:00+00:00' AIRFLOW_CTX_TRY_NUMBER='4' AIRFLOW_CTX_DAG_RUN_ID='scheduled__2024-09-14T00:00:00+00:00'
[2024-09-15T13:49:13.167+0000] {taskinstance.py:731} INFO - ::endgroup::
[2024-09-15T13:49:13.269+0000] {base.py:84} INFO - Retrieving connection 'spark_default'
[2024-09-15T13:49:13.272+0000] {spark_submit.py:403} INFO - Spark-Submit cmd: spark-submit --master spark://spark-master:7077 --conf spark.master=spark://spark-master:7077 --name arrow-spark --verbose --deploy-mode client /opt/***/dags/air_train_model.py
[2024-09-15T13:49:16.963+0000] {spark_submit.py:579} INFO - Using properties file: null
[2024-09-15T13:49:17.194+0000] {spark_submit.py:579} INFO - Parsed arguments:
[2024-09-15T13:49:17.196+0000] {spark_submit.py:579} INFO - master                  spark://spark-master:7077
[2024-09-15T13:49:17.197+0000] {spark_submit.py:579} INFO - remote                  null
[2024-09-15T13:49:17.199+0000] {spark_submit.py:579} INFO - deployMode              client
[2024-09-15T13:49:17.200+0000] {spark_submit.py:579} INFO - executorMemory          null
[2024-09-15T13:49:17.201+0000] {spark_submit.py:579} INFO - executorCores           null
[2024-09-15T13:49:17.202+0000] {spark_submit.py:579} INFO - totalExecutorCores      null
[2024-09-15T13:49:17.203+0000] {spark_submit.py:579} INFO - propertiesFile          null
[2024-09-15T13:49:17.205+0000] {spark_submit.py:579} INFO - driverMemory            null
[2024-09-15T13:49:17.206+0000] {spark_submit.py:579} INFO - driverCores             null
[2024-09-15T13:49:17.207+0000] {spark_submit.py:579} INFO - driverExtraClassPath    null
[2024-09-15T13:49:17.209+0000] {spark_submit.py:579} INFO - driverExtraLibraryPath  null
[2024-09-15T13:49:17.210+0000] {spark_submit.py:579} INFO - driverExtraJavaOptions  null
[2024-09-15T13:49:17.212+0000] {spark_submit.py:579} INFO - supervise               false
[2024-09-15T13:49:17.213+0000] {spark_submit.py:579} INFO - queue                   null
[2024-09-15T13:49:17.215+0000] {spark_submit.py:579} INFO - numExecutors            null
[2024-09-15T13:49:17.216+0000] {spark_submit.py:579} INFO - files                   null
[2024-09-15T13:49:17.218+0000] {spark_submit.py:579} INFO - pyFiles                 null
[2024-09-15T13:49:17.219+0000] {spark_submit.py:579} INFO - archives                null
[2024-09-15T13:49:17.221+0000] {spark_submit.py:579} INFO - mainClass               null
[2024-09-15T13:49:17.222+0000] {spark_submit.py:579} INFO - primaryResource         file:/opt/***/dags/air_train_model.py
[2024-09-15T13:49:17.224+0000] {spark_submit.py:579} INFO - name                    arrow-spark
[2024-09-15T13:49:17.226+0000] {spark_submit.py:579} INFO - childArgs               []
[2024-09-15T13:49:17.227+0000] {spark_submit.py:579} INFO - jars                    null
[2024-09-15T13:49:17.229+0000] {spark_submit.py:579} INFO - packages                null
[2024-09-15T13:49:17.233+0000] {spark_submit.py:579} INFO - packagesExclusions      null
[2024-09-15T13:49:17.236+0000] {spark_submit.py:579} INFO - repositories            null
[2024-09-15T13:49:17.237+0000] {spark_submit.py:579} INFO - verbose                 true
[2024-09-15T13:49:17.239+0000] {spark_submit.py:579} INFO - 
[2024-09-15T13:49:17.240+0000] {spark_submit.py:579} INFO - Spark properties used, including those specified through
[2024-09-15T13:49:17.242+0000] {spark_submit.py:579} INFO - --conf and those from the properties file null:
[2024-09-15T13:49:17.243+0000] {spark_submit.py:579} INFO - (spark.master,spark://spark-master:7077)
[2024-09-15T13:49:17.245+0000] {spark_submit.py:579} INFO - 
[2024-09-15T13:49:17.246+0000] {spark_submit.py:579} INFO - 
[2024-09-15T13:49:18.364+0000] {spark_submit.py:579} INFO - Main class:
[2024-09-15T13:49:18.366+0000] {spark_submit.py:579} INFO - org.apache.spark.deploy.PythonRunner
[2024-09-15T13:49:18.367+0000] {spark_submit.py:579} INFO - Arguments:
[2024-09-15T13:49:18.368+0000] {spark_submit.py:579} INFO - file:/opt/***/dags/air_train_model.py
[2024-09-15T13:49:18.369+0000] {spark_submit.py:579} INFO - null
[2024-09-15T13:49:18.372+0000] {spark_submit.py:579} INFO - Spark config:
[2024-09-15T13:49:18.374+0000] {spark_submit.py:579} INFO - (spark.app.name,arrow-spark)
[2024-09-15T13:49:18.375+0000] {spark_submit.py:579} INFO - (spark.app.submitTime,1726408158338)
[2024-09-15T13:49:18.376+0000] {spark_submit.py:579} INFO - (spark.master,spark://spark-master:7077)
[2024-09-15T13:49:18.377+0000] {spark_submit.py:579} INFO - (spark.submit.deployMode,client)
[2024-09-15T13:49:18.379+0000] {spark_submit.py:579} INFO - (spark.submit.pyFiles,)
[2024-09-15T13:49:18.380+0000] {spark_submit.py:579} INFO - Classpath elements:
[2024-09-15T13:49:18.381+0000] {spark_submit.py:579} INFO - 
[2024-09-15T13:49:18.382+0000] {spark_submit.py:579} INFO - 
[2024-09-15T13:49:18.383+0000] {spark_submit.py:579} INFO - 
[2024-09-15T13:49:21.226+0000] {spark_submit.py:579} INFO - 24/09/15 13:49:21 INFO SparkContext: Running Spark version 3.5.2
[2024-09-15T13:49:21.230+0000] {spark_submit.py:579} INFO - 24/09/15 13:49:21 INFO SparkContext: OS info Linux, 5.15.153.1-microsoft-standard-WSL2, amd64
[2024-09-15T13:49:21.232+0000] {spark_submit.py:579} INFO - 24/09/15 13:49:21 INFO SparkContext: Java version 17.0.12
[2024-09-15T13:49:21.378+0000] {spark_submit.py:579} INFO - 24/09/15 13:49:21 WARN NativeCodeLoader: Unable to load native-hadoop library for your platform... using builtin-java classes where applicable
[2024-09-15T13:49:21.664+0000] {spark_submit.py:579} INFO - 24/09/15 13:49:21 INFO ResourceUtils: ==============================================================
[2024-09-15T13:49:21.666+0000] {spark_submit.py:579} INFO - 24/09/15 13:49:21 INFO ResourceUtils: No custom resources configured for spark.driver.
[2024-09-15T13:49:21.668+0000] {spark_submit.py:579} INFO - 24/09/15 13:49:21 INFO ResourceUtils: ==============================================================
[2024-09-15T13:49:21.670+0000] {spark_submit.py:579} INFO - 24/09/15 13:49:21 INFO SparkContext: Submitted application: Airbnb_train_model
[2024-09-15T13:49:21.730+0000] {spark_submit.py:579} INFO - 24/09/15 13:49:21 INFO ResourceProfile: Default ResourceProfile created, executor resources: Map(cores -> name: cores, amount: 1, script: , vendor: , memory -> name: memory, amount: 1024, script: , vendor: , offHeap -> name: offHeap, amount: 0, script: , vendor: ), task resources: Map(cpus -> name: cpus, amount: 1.0)
[2024-09-15T13:49:21.749+0000] {spark_submit.py:579} INFO - 24/09/15 13:49:21 INFO ResourceProfile: Limiting resource is cpu
[2024-09-15T13:49:21.752+0000] {spark_submit.py:579} INFO - 24/09/15 13:49:21 INFO ResourceProfileManager: Added ResourceProfile id: 0
[2024-09-15T13:49:21.898+0000] {spark_submit.py:579} INFO - 24/09/15 13:49:21 INFO SecurityManager: Changing view acls to: ***
[2024-09-15T13:49:21.899+0000] {spark_submit.py:579} INFO - 24/09/15 13:49:21 INFO SecurityManager: Changing modify acls to: ***
[2024-09-15T13:49:21.901+0000] {spark_submit.py:579} INFO - 24/09/15 13:49:21 INFO SecurityManager: Changing view acls groups to:
[2024-09-15T13:49:21.902+0000] {spark_submit.py:579} INFO - 24/09/15 13:49:21 INFO SecurityManager: Changing modify acls groups to:
[2024-09-15T13:49:21.903+0000] {spark_submit.py:579} INFO - 24/09/15 13:49:21 INFO SecurityManager: SecurityManager: authentication disabled; ui acls disabled; users with view permissions: ***; groups with view permissions: EMPTY; users with modify permissions: ***; groups with modify permissions: EMPTY
[2024-09-15T13:49:22.494+0000] {spark_submit.py:579} INFO - 24/09/15 13:49:22 INFO Utils: Successfully started service 'sparkDriver' on port 39051.
[2024-09-15T13:49:22.574+0000] {spark_submit.py:579} INFO - 24/09/15 13:49:22 INFO SparkEnv: Registering MapOutputTracker
[2024-09-15T13:49:22.648+0000] {spark_submit.py:579} INFO - 24/09/15 13:49:22 INFO SparkEnv: Registering BlockManagerMaster
[2024-09-15T13:49:22.690+0000] {spark_submit.py:579} INFO - 24/09/15 13:49:22 INFO BlockManagerMasterEndpoint: Using org.apache.spark.storage.DefaultTopologyMapper for getting topology information
[2024-09-15T13:49:22.691+0000] {spark_submit.py:579} INFO - 24/09/15 13:49:22 INFO BlockManagerMasterEndpoint: BlockManagerMasterEndpoint up
[2024-09-15T13:49:22.699+0000] {spark_submit.py:579} INFO - 24/09/15 13:49:22 INFO SparkEnv: Registering BlockManagerMasterHeartbeat
[2024-09-15T13:49:22.743+0000] {spark_submit.py:579} INFO - 24/09/15 13:49:22 INFO DiskBlockManager: Created local directory at /tmp/blockmgr-b5652335-fd54-4fde-9bd1-baf2b4aa8a1e
[2024-09-15T13:49:22.771+0000] {spark_submit.py:579} INFO - 24/09/15 13:49:22 INFO MemoryStore: MemoryStore started with capacity 434.4 MiB
[2024-09-15T13:49:22.805+0000] {spark_submit.py:579} INFO - 24/09/15 13:49:22 INFO SparkEnv: Registering OutputCommitCoordinator
[2024-09-15T13:49:23.185+0000] {spark_submit.py:579} INFO - 24/09/15 13:49:23 INFO JettyUtils: Start Jetty 0.0.0.0:4040 for SparkUI
[2024-09-15T13:49:23.421+0000] {spark_submit.py:579} INFO - 24/09/15 13:49:23 INFO Utils: Successfully started service 'SparkUI' on port 4040.
[2024-09-15T13:49:23.845+0000] {spark_submit.py:579} INFO - 24/09/15 13:49:23 INFO Executor: Starting executor ID driver on host fb744bf0dc86
[2024-09-15T13:49:23.848+0000] {spark_submit.py:579} INFO - 24/09/15 13:49:23 INFO Executor: OS info Linux, 5.15.153.1-microsoft-standard-WSL2, amd64
[2024-09-15T13:49:23.850+0000] {spark_submit.py:579} INFO - 24/09/15 13:49:23 INFO Executor: Java version 17.0.12
[2024-09-15T13:49:23.889+0000] {spark_submit.py:579} INFO - 24/09/15 13:49:23 INFO Executor: Starting executor with user classpath (userClassPathFirst = false): ''
[2024-09-15T13:49:23.892+0000] {spark_submit.py:579} INFO - 24/09/15 13:49:23 INFO Executor: Created or updated repl class loader org.apache.spark.util.MutableURLClassLoader@12f948e4 for default.
[2024-09-15T13:49:23.956+0000] {spark_submit.py:579} INFO - 24/09/15 13:49:23 INFO Utils: Successfully started service 'org.apache.spark.network.netty.NettyBlockTransferService' on port 36541.
[2024-09-15T13:49:23.957+0000] {spark_submit.py:579} INFO - 24/09/15 13:49:23 INFO NettyBlockTransferService: Server created on fb744bf0dc86:36541
[2024-09-15T13:49:23.960+0000] {spark_submit.py:579} INFO - 24/09/15 13:49:23 INFO BlockManager: Using org.apache.spark.storage.RandomBlockReplicationPolicy for block replication policy
[2024-09-15T13:49:23.977+0000] {spark_submit.py:579} INFO - 24/09/15 13:49:23 INFO BlockManagerMaster: Registering BlockManager BlockManagerId(driver, fb744bf0dc86, 36541, None)
[2024-09-15T13:49:23.987+0000] {spark_submit.py:579} INFO - 24/09/15 13:49:23 INFO BlockManagerMasterEndpoint: Registering block manager fb744bf0dc86:36541 with 434.4 MiB RAM, BlockManagerId(driver, fb744bf0dc86, 36541, None)
[2024-09-15T13:49:23.991+0000] {spark_submit.py:579} INFO - 24/09/15 13:49:23 INFO BlockManagerMaster: Registered BlockManager BlockManagerId(driver, fb744bf0dc86, 36541, None)
[2024-09-15T13:49:23.996+0000] {spark_submit.py:579} INFO - 24/09/15 13:49:23 INFO BlockManager: Initialized BlockManager: BlockManagerId(driver, fb744bf0dc86, 36541, None)
[2024-09-15T13:49:25.122+0000] {spark_submit.py:579} INFO - 24/09/15 13:49:25 INFO SharedState: Setting hive.metastore.warehouse.dir ('null') to the value of spark.sql.warehouse.dir.
[2024-09-15T13:49:25.146+0000] {spark_submit.py:579} INFO - 24/09/15 13:49:25 INFO SharedState: Warehouse path is 'file:/user/hive/warehouse'.
[2024-09-15T13:49:28.102+0000] {spark_submit.py:579} INFO - 24/09/15 13:49:28 INFO HiveConf: Found configuration file null
[2024-09-15T13:49:28.128+0000] {spark_submit.py:579} INFO - 24/09/15 13:49:28 INFO HiveUtils: Initializing HiveMetastoreConnection version 2.3.9 using Spark classes.
[2024-09-15T13:49:28.715+0000] {spark_submit.py:579} INFO - 24/09/15 13:49:28 INFO HiveClientImpl: Warehouse location for Hive client (version 2.3.9) is file:/user/hive/warehouse
[2024-09-15T13:49:28.792+0000] {spark_submit.py:579} INFO - 24/09/15 13:49:28 INFO metastore: Trying to connect to metastore with URI thrift://hive-metastore:9083
[2024-09-15T13:49:28.835+0000] {spark_submit.py:579} INFO - 24/09/15 13:49:28 INFO metastore: Opened a connection to metastore, current connections: 1
[2024-09-15T13:49:28.927+0000] {spark_submit.py:579} INFO - 24/09/15 13:49:28 INFO metastore: Connected to metastore.
[2024-09-15T13:49:31.211+0000] {spark_submit.py:579} INFO - Таблица успешно считана!
[2024-09-15T13:49:34.473+0000] {spark_submit.py:579} INFO - 24/09/15 13:49:34 INFO CodeGenerator: Code generated in 754.956848 ms
[2024-09-15T13:49:34.514+0000] {spark_submit.py:579} INFO - 24/09/15 13:49:34 INFO SQLStdHiveAccessController: Created SQLStdHiveAccessController for session context : HiveAuthzSessionContext [sessionString=f282d532-b0b2-456c-8c57-c911e768ca5e, clientType=HIVECLI]
[2024-09-15T13:49:34.517+0000] {spark_submit.py:579} INFO - 24/09/15 13:49:34 WARN SessionState: METASTORE_FILTER_HOOK will be ignored, since hive.security.authorization.manager is set to instance of HiveAuthorizerFactory.
[2024-09-15T13:49:34.519+0000] {spark_submit.py:579} INFO - 24/09/15 13:49:34 INFO metastore: Mestastore configuration hive.metastore.filter.hook changed from org.apache.hadoop.hive.metastore.DefaultMetaStoreFilterHookImpl to org.apache.hadoop.hive.ql.security.authorization.plugin.AuthorizationMetaStoreFilterHook
[2024-09-15T13:49:34.528+0000] {spark_submit.py:579} INFO - 24/09/15 13:49:34 INFO metastore: Closed a connection to metastore, current connections: 0
[2024-09-15T13:49:34.533+0000] {spark_submit.py:579} INFO - 24/09/15 13:49:34 INFO metastore: Trying to connect to metastore with URI thrift://hive-metastore:9083
[2024-09-15T13:49:34.534+0000] {spark_submit.py:579} INFO - 24/09/15 13:49:34 INFO metastore: Opened a connection to metastore, current connections: 1
[2024-09-15T13:49:34.536+0000] {spark_submit.py:579} INFO - 24/09/15 13:49:34 INFO metastore: Connected to metastore.
[2024-09-15T13:49:35.017+0000] {spark_submit.py:579} INFO - 24/09/15 13:49:35 INFO MemoryStore: Block broadcast_0 stored as values in memory (estimated size 200.7 KiB, free 434.2 MiB)
[2024-09-15T13:49:35.182+0000] {spark_submit.py:579} INFO - 24/09/15 13:49:35 INFO MemoryStore: Block broadcast_0_piece0 stored as bytes in memory (estimated size 34.7 KiB, free 434.2 MiB)
[2024-09-15T13:49:35.189+0000] {spark_submit.py:579} INFO - 24/09/15 13:49:35 INFO BlockManagerInfo: Added broadcast_0_piece0 in memory on fb744bf0dc86:36541 (size: 34.7 KiB, free: 434.4 MiB)
[2024-09-15T13:49:35.201+0000] {spark_submit.py:579} INFO - 24/09/15 13:49:35 INFO SparkContext: Created broadcast 0 from
[2024-09-15T13:49:36.665+0000] {spark_submit.py:579} INFO - 24/09/15 13:49:36 INFO FileInputFormat: Total input files to process : 2
[2024-09-15T13:49:36.767+0000] {spark_submit.py:579} INFO - 24/09/15 13:49:36 INFO DAGScheduler: Registering RDD 6 (collect at StringIndexer.scala:204) as input to shuffle 0
[2024-09-15T13:49:36.782+0000] {spark_submit.py:579} INFO - 24/09/15 13:49:36 INFO DAGScheduler: Got map stage job 0 (collect at StringIndexer.scala:204) with 2 output partitions
[2024-09-15T13:49:36.783+0000] {spark_submit.py:579} INFO - 24/09/15 13:49:36 INFO DAGScheduler: Final stage: ShuffleMapStage 0 (collect at StringIndexer.scala:204)
[2024-09-15T13:49:36.784+0000] {spark_submit.py:579} INFO - 24/09/15 13:49:36 INFO DAGScheduler: Parents of final stage: List()
[2024-09-15T13:49:36.787+0000] {spark_submit.py:579} INFO - 24/09/15 13:49:36 INFO DAGScheduler: Missing parents: List()
[2024-09-15T13:49:36.799+0000] {spark_submit.py:579} INFO - 24/09/15 13:49:36 INFO DAGScheduler: Submitting ShuffleMapStage 0 (MapPartitionsRDD[6] at collect at StringIndexer.scala:204), which has no missing parents
[2024-09-15T13:49:37.136+0000] {spark_submit.py:579} INFO - 24/09/15 13:49:37 INFO MemoryStore: Block broadcast_1 stored as values in memory (estimated size 37.4 KiB, free 434.1 MiB)
[2024-09-15T13:49:37.143+0000] {spark_submit.py:579} INFO - 24/09/15 13:49:37 INFO MemoryStore: Block broadcast_1_piece0 stored as bytes in memory (estimated size 17.4 KiB, free 434.1 MiB)
[2024-09-15T13:49:37.145+0000] {spark_submit.py:579} INFO - 24/09/15 13:49:37 INFO BlockManagerInfo: Added broadcast_1_piece0 in memory on fb744bf0dc86:36541 (size: 17.4 KiB, free: 434.3 MiB)
[2024-09-15T13:49:37.147+0000] {spark_submit.py:579} INFO - 24/09/15 13:49:37 INFO SparkContext: Created broadcast 1 from broadcast at DAGScheduler.scala:1585
[2024-09-15T13:49:37.192+0000] {spark_submit.py:579} INFO - 24/09/15 13:49:37 INFO DAGScheduler: Submitting 2 missing tasks from ShuffleMapStage 0 (MapPartitionsRDD[6] at collect at StringIndexer.scala:204) (first 15 tasks are for partitions Vector(0, 1))
[2024-09-15T13:49:37.194+0000] {spark_submit.py:579} INFO - 24/09/15 13:49:37 INFO TaskSchedulerImpl: Adding task set 0.0 with 2 tasks resource profile 0
[2024-09-15T13:49:37.347+0000] {spark_submit.py:579} INFO - 24/09/15 13:49:37 INFO TaskSetManager: Starting task 0.0 in stage 0.0 (TID 0) (fb744bf0dc86, executor driver, partition 0, ANY, 9119 bytes)
[2024-09-15T13:49:37.355+0000] {spark_submit.py:579} INFO - 24/09/15 13:49:37 INFO TaskSetManager: Starting task 1.0 in stage 0.0 (TID 1) (fb744bf0dc86, executor driver, partition 1, ANY, 9119 bytes)
[2024-09-15T13:49:37.384+0000] {spark_submit.py:579} INFO - 24/09/15 13:49:37 INFO Executor: Running task 0.0 in stage 0.0 (TID 0)
[2024-09-15T13:49:37.385+0000] {spark_submit.py:579} INFO - 24/09/15 13:49:37 INFO Executor: Running task 1.0 in stage 0.0 (TID 1)
[2024-09-15T13:49:37.655+0000] {spark_submit.py:579} INFO - 24/09/15 13:49:37 INFO HadoopRDD: Input split: hdfs://namenode:9000/user/hive/warehouse/processed_airbnb_data/part-00001-5e934543-511c-482f-8421-8f93be900468-c000:0+693561
[2024-09-15T13:49:37.656+0000] {spark_submit.py:579} INFO - 24/09/15 13:49:37 INFO HadoopRDD: Input split: hdfs://namenode:9000/user/hive/warehouse/processed_airbnb_data/part-00000-5e934543-511c-482f-8421-8f93be900468-c000:0+710549
[2024-09-15T13:49:37.813+0000] {spark_submit.py:579} INFO - 24/09/15 13:49:37 INFO CodeGenerator: Code generated in 47.074593 ms
[2024-09-15T13:49:37.846+0000] {spark_submit.py:579} INFO - 24/09/15 13:49:37 INFO CodeGenerator: Code generated in 28.313475 ms
[2024-09-15T13:49:38.039+0000] {spark_submit.py:579} INFO - 24/09/15 13:49:38 INFO CodeGenerator: Code generated in 16.232172 ms
[2024-09-15T13:49:38.068+0000] {spark_submit.py:579} INFO - 24/09/15 13:49:38 INFO CodeGenerator: Code generated in 12.087425 ms
[2024-09-15T13:49:38.090+0000] {spark_submit.py:579} INFO - 24/09/15 13:49:38 INFO CodeGenerator: Code generated in 13.0275 ms
[2024-09-15T13:49:40.205+0000] {spark_submit.py:579} INFO - 24/09/15 13:49:40 INFO CodeGenerator: Code generated in 28.608997 ms
[2024-09-15T13:49:40.606+0000] {spark_submit.py:579} INFO - 24/09/15 13:49:40 INFO CodeGenerator: Code generated in 33.372966 ms
[2024-09-15T13:49:41.225+0000] {spark_submit.py:579} INFO - 24/09/15 13:49:41 INFO Executor: Finished task 1.0 in stage 0.0 (TID 1). 2229 bytes result sent to driver
[2024-09-15T13:49:41.226+0000] {spark_submit.py:579} INFO - 24/09/15 13:49:41 INFO Executor: Finished task 0.0 in stage 0.0 (TID 0). 2229 bytes result sent to driver
[2024-09-15T13:49:41.246+0000] {spark_submit.py:579} INFO - 24/09/15 13:49:41 INFO TaskSetManager: Finished task 0.0 in stage 0.0 (TID 0) in 3935 ms on fb744bf0dc86 (executor driver) (1/2)
[2024-09-15T13:49:41.249+0000] {spark_submit.py:579} INFO - 24/09/15 13:49:41 INFO TaskSetManager: Finished task 1.0 in stage 0.0 (TID 1) in 3896 ms on fb744bf0dc86 (executor driver) (2/2)
[2024-09-15T13:49:41.251+0000] {spark_submit.py:579} INFO - 24/09/15 13:49:41 INFO TaskSchedulerImpl: Removed TaskSet 0.0, whose tasks have all completed, from pool
[2024-09-15T13:49:41.273+0000] {spark_submit.py:579} INFO - 24/09/15 13:49:41 INFO DAGScheduler: ShuffleMapStage 0 (collect at StringIndexer.scala:204) finished in 4.417 s
[2024-09-15T13:49:41.274+0000] {spark_submit.py:579} INFO - 24/09/15 13:49:41 INFO DAGScheduler: looking for newly runnable stages
[2024-09-15T13:49:41.276+0000] {spark_submit.py:579} INFO - 24/09/15 13:49:41 INFO DAGScheduler: running: Set()
[2024-09-15T13:49:41.277+0000] {spark_submit.py:579} INFO - 24/09/15 13:49:41 INFO DAGScheduler: waiting: Set()
[2024-09-15T13:49:41.279+0000] {spark_submit.py:579} INFO - 24/09/15 13:49:41 INFO DAGScheduler: failed: Set()
[2024-09-15T13:49:41.404+0000] {spark_submit.py:579} INFO - 24/09/15 13:49:41 INFO SparkContext: Starting job: collect at StringIndexer.scala:204
[2024-09-15T13:49:41.411+0000] {spark_submit.py:579} INFO - 24/09/15 13:49:41 INFO DAGScheduler: Got job 1 (collect at StringIndexer.scala:204) with 1 output partitions
[2024-09-15T13:49:41.412+0000] {spark_submit.py:579} INFO - 24/09/15 13:49:41 INFO DAGScheduler: Final stage: ResultStage 2 (collect at StringIndexer.scala:204)
[2024-09-15T13:49:41.413+0000] {spark_submit.py:579} INFO - 24/09/15 13:49:41 INFO DAGScheduler: Parents of final stage: List(ShuffleMapStage 1)
[2024-09-15T13:49:41.414+0000] {spark_submit.py:579} INFO - 24/09/15 13:49:41 INFO DAGScheduler: Missing parents: List()
[2024-09-15T13:49:41.417+0000] {spark_submit.py:579} INFO - 24/09/15 13:49:41 INFO DAGScheduler: Submitting ResultStage 2 (MapPartitionsRDD[9] at collect at StringIndexer.scala:204), which has no missing parents
[2024-09-15T13:49:41.433+0000] {spark_submit.py:579} INFO - 24/09/15 13:49:41 INFO MemoryStore: Block broadcast_2 stored as values in memory (estimated size 33.7 KiB, free 434.1 MiB)
[2024-09-15T13:49:41.438+0000] {spark_submit.py:579} INFO - 24/09/15 13:49:41 INFO MemoryStore: Block broadcast_2_piece0 stored as bytes in memory (estimated size 16.1 KiB, free 434.1 MiB)
[2024-09-15T13:49:41.439+0000] {spark_submit.py:579} INFO - 24/09/15 13:49:41 INFO BlockManagerInfo: Added broadcast_2_piece0 in memory on fb744bf0dc86:36541 (size: 16.1 KiB, free: 434.3 MiB)
[2024-09-15T13:49:41.440+0000] {spark_submit.py:579} INFO - 24/09/15 13:49:41 INFO SparkContext: Created broadcast 2 from broadcast at DAGScheduler.scala:1585
[2024-09-15T13:49:41.443+0000] {spark_submit.py:579} INFO - 24/09/15 13:49:41 INFO DAGScheduler: Submitting 1 missing tasks from ResultStage 2 (MapPartitionsRDD[9] at collect at StringIndexer.scala:204) (first 15 tasks are for partitions Vector(0))
[2024-09-15T13:49:41.444+0000] {spark_submit.py:579} INFO - 24/09/15 13:49:41 INFO TaskSchedulerImpl: Adding task set 2.0 with 1 tasks resource profile 0
[2024-09-15T13:49:41.457+0000] {spark_submit.py:579} INFO - 24/09/15 13:49:41 INFO TaskSetManager: Starting task 0.0 in stage 2.0 (TID 2) (fb744bf0dc86, executor driver, partition 0, NODE_LOCAL, 8999 bytes)
[2024-09-15T13:49:41.458+0000] {spark_submit.py:579} INFO - 24/09/15 13:49:41 INFO Executor: Running task 0.0 in stage 2.0 (TID 2)
[2024-09-15T13:49:41.580+0000] {spark_submit.py:579} INFO - 24/09/15 13:49:41 INFO ShuffleBlockFetcherIterator: Getting 2 (810.0 B) non-empty blocks including 2 (810.0 B) local and 0 (0.0 B) host-local and 0 (0.0 B) push-merged-local and 0 (0.0 B) remote blocks
[2024-09-15T13:49:41.589+0000] {spark_submit.py:579} INFO - 24/09/15 13:49:41 INFO ShuffleBlockFetcherIterator: Started 0 remote fetches in 29 ms
[2024-09-15T13:49:41.684+0000] {spark_submit.py:579} INFO - 24/09/15 13:49:41 INFO CodeGenerator: Code generated in 40.026973 ms
[2024-09-15T13:49:41.781+0000] {spark_submit.py:579} INFO - 24/09/15 13:49:41 INFO Executor: Finished task 0.0 in stage 2.0 (TID 2). 4918 bytes result sent to driver
[2024-09-15T13:49:41.788+0000] {spark_submit.py:579} INFO - 24/09/15 13:49:41 INFO TaskSetManager: Finished task 0.0 in stage 2.0 (TID 2) in 341 ms on fb744bf0dc86 (executor driver) (1/1)
[2024-09-15T13:49:41.790+0000] {spark_submit.py:579} INFO - 24/09/15 13:49:41 INFO TaskSchedulerImpl: Removed TaskSet 2.0, whose tasks have all completed, from pool
[2024-09-15T13:49:41.792+0000] {spark_submit.py:579} INFO - 24/09/15 13:49:41 INFO DAGScheduler: ResultStage 2 (collect at StringIndexer.scala:204) finished in 0.364 s
[2024-09-15T13:49:41.795+0000] {spark_submit.py:579} INFO - 24/09/15 13:49:41 INFO DAGScheduler: Job 1 is finished. Cancelling potential speculative or zombie tasks for this job
[2024-09-15T13:49:41.796+0000] {spark_submit.py:579} INFO - 24/09/15 13:49:41 INFO TaskSchedulerImpl: Killing all running tasks in stage 2: Stage finished
[2024-09-15T13:49:41.800+0000] {spark_submit.py:579} INFO - 24/09/15 13:49:41 INFO DAGScheduler: Job 1 finished: collect at StringIndexer.scala:204, took 0.395390 s
[2024-09-15T13:49:41.846+0000] {spark_submit.py:579} INFO - 24/09/15 13:49:41 INFO CodeGenerator: Code generated in 21.138987 ms
[2024-09-15T13:49:42.613+0000] {spark_submit.py:579} INFO - 24/09/15 13:49:42 INFO CodeGenerator: Code generated in 58.894335 ms
[2024-09-15T13:49:42.629+0000] {spark_submit.py:579} INFO - 24/09/15 13:49:42 INFO MemoryStore: Block broadcast_3 stored as values in memory (estimated size 200.7 KiB, free 433.9 MiB)
[2024-09-15T13:49:42.646+0000] {spark_submit.py:579} INFO - 24/09/15 13:49:42 INFO MemoryStore: Block broadcast_3_piece0 stored as bytes in memory (estimated size 34.7 KiB, free 433.8 MiB)
[2024-09-15T13:49:42.648+0000] {spark_submit.py:579} INFO - 24/09/15 13:49:42 INFO BlockManagerInfo: Added broadcast_3_piece0 in memory on fb744bf0dc86:36541 (size: 34.7 KiB, free: 434.3 MiB)
[2024-09-15T13:49:42.650+0000] {spark_submit.py:579} INFO - 24/09/15 13:49:42 INFO SparkContext: Created broadcast 3 from
[2024-09-15T13:49:42.681+0000] {spark_submit.py:579} INFO - 24/09/15 13:49:42 INFO BlockManagerInfo: Removed broadcast_1_piece0 on fb744bf0dc86:36541 in memory (size: 17.4 KiB, free: 434.3 MiB)
[2024-09-15T13:49:42.691+0000] {spark_submit.py:579} INFO - 24/09/15 13:49:42 INFO FileInputFormat: Total input files to process : 2
[2024-09-15T13:49:42.693+0000] {spark_submit.py:579} INFO - 24/09/15 13:49:42 INFO BlockManagerInfo: Removed broadcast_2_piece0 on fb744bf0dc86:36541 in memory (size: 16.1 KiB, free: 434.3 MiB)
[2024-09-15T13:49:42.699+0000] {spark_submit.py:579} INFO - 24/09/15 13:49:42 INFO DAGScheduler: Registering RDD 16 (collect at StringIndexer.scala:204) as input to shuffle 1
[2024-09-15T13:49:42.702+0000] {spark_submit.py:579} INFO - 24/09/15 13:49:42 INFO DAGScheduler: Got map stage job 2 (collect at StringIndexer.scala:204) with 2 output partitions
[2024-09-15T13:49:42.704+0000] {spark_submit.py:579} INFO - 24/09/15 13:49:42 INFO DAGScheduler: Final stage: ShuffleMapStage 3 (collect at StringIndexer.scala:204)
[2024-09-15T13:49:42.705+0000] {spark_submit.py:579} INFO - 24/09/15 13:49:42 INFO DAGScheduler: Parents of final stage: List()
[2024-09-15T13:49:42.706+0000] {spark_submit.py:579} INFO - 24/09/15 13:49:42 INFO DAGScheduler: Missing parents: List()
[2024-09-15T13:49:42.707+0000] {spark_submit.py:579} INFO - 24/09/15 13:49:42 INFO DAGScheduler: Submitting ShuffleMapStage 3 (MapPartitionsRDD[16] at collect at StringIndexer.scala:204), which has no missing parents
[2024-09-15T13:49:42.714+0000] {spark_submit.py:579} INFO - 24/09/15 13:49:42 INFO MemoryStore: Block broadcast_4 stored as values in memory (estimated size 37.1 KiB, free 433.9 MiB)
[2024-09-15T13:49:42.720+0000] {spark_submit.py:579} INFO - 24/09/15 13:49:42 INFO MemoryStore: Block broadcast_4_piece0 stored as bytes in memory (estimated size 17.3 KiB, free 433.9 MiB)
[2024-09-15T13:49:42.722+0000] {spark_submit.py:579} INFO - 24/09/15 13:49:42 INFO BlockManagerInfo: Added broadcast_4_piece0 in memory on fb744bf0dc86:36541 (size: 17.3 KiB, free: 434.3 MiB)
[2024-09-15T13:49:42.724+0000] {spark_submit.py:579} INFO - 24/09/15 13:49:42 INFO SparkContext: Created broadcast 4 from broadcast at DAGScheduler.scala:1585
[2024-09-15T13:49:42.726+0000] {spark_submit.py:579} INFO - 24/09/15 13:49:42 INFO DAGScheduler: Submitting 2 missing tasks from ShuffleMapStage 3 (MapPartitionsRDD[16] at collect at StringIndexer.scala:204) (first 15 tasks are for partitions Vector(0, 1))
[2024-09-15T13:49:42.727+0000] {spark_submit.py:579} INFO - 24/09/15 13:49:42 INFO TaskSchedulerImpl: Adding task set 3.0 with 2 tasks resource profile 0
[2024-09-15T13:49:42.729+0000] {spark_submit.py:579} INFO - 24/09/15 13:49:42 INFO TaskSetManager: Starting task 0.0 in stage 3.0 (TID 3) (fb744bf0dc86, executor driver, partition 0, ANY, 9119 bytes)
[2024-09-15T13:49:42.731+0000] {spark_submit.py:579} INFO - 24/09/15 13:49:42 INFO TaskSetManager: Starting task 1.0 in stage 3.0 (TID 4) (fb744bf0dc86, executor driver, partition 1, ANY, 9119 bytes)
[2024-09-15T13:49:42.733+0000] {spark_submit.py:579} INFO - 24/09/15 13:49:42 INFO Executor: Running task 1.0 in stage 3.0 (TID 4)
[2024-09-15T13:49:42.735+0000] {spark_submit.py:579} INFO - 24/09/15 13:49:42 INFO Executor: Running task 0.0 in stage 3.0 (TID 3)
[2024-09-15T13:49:42.754+0000] {spark_submit.py:579} INFO - 24/09/15 13:49:42 INFO HadoopRDD: Input split: hdfs://namenode:9000/user/hive/warehouse/processed_airbnb_data/part-00001-5e934543-511c-482f-8421-8f93be900468-c000:0+693561
[2024-09-15T13:49:42.755+0000] {spark_submit.py:579} INFO - 24/09/15 13:49:42 INFO HadoopRDD: Input split: hdfs://namenode:9000/user/hive/warehouse/processed_airbnb_data/part-00000-5e934543-511c-482f-8421-8f93be900468-c000:0+710549
[2024-09-15T13:49:42.805+0000] {spark_submit.py:579} INFO - 24/09/15 13:49:42 INFO CodeGenerator: Code generated in 22.400392 ms
[2024-09-15T13:49:43.051+0000] {spark_submit.py:579} INFO - 24/09/15 13:49:43 INFO Executor: Finished task 0.0 in stage 3.0 (TID 3). 2143 bytes result sent to driver
[2024-09-15T13:49:43.073+0000] {spark_submit.py:579} INFO - 24/09/15 13:49:43 INFO TaskSetManager: Finished task 0.0 in stage 3.0 (TID 3) in 332 ms on fb744bf0dc86 (executor driver) (1/2)
[2024-09-15T13:49:43.075+0000] {spark_submit.py:579} INFO - 24/09/15 13:49:43 INFO Executor: Finished task 1.0 in stage 3.0 (TID 4). 2143 bytes result sent to driver
[2024-09-15T13:49:43.079+0000] {spark_submit.py:579} INFO - 24/09/15 13:49:43 INFO TaskSetManager: Finished task 1.0 in stage 3.0 (TID 4) in 349 ms on fb744bf0dc86 (executor driver) (2/2)
[2024-09-15T13:49:43.081+0000] {spark_submit.py:579} INFO - 24/09/15 13:49:43 INFO TaskSchedulerImpl: Removed TaskSet 3.0, whose tasks have all completed, from pool
[2024-09-15T13:49:43.083+0000] {spark_submit.py:579} INFO - 24/09/15 13:49:43 INFO DAGScheduler: ShuffleMapStage 3 (collect at StringIndexer.scala:204) finished in 0.374 s
[2024-09-15T13:49:43.086+0000] {spark_submit.py:579} INFO - 24/09/15 13:49:43 INFO DAGScheduler: looking for newly runnable stages
[2024-09-15T13:49:43.089+0000] {spark_submit.py:579} INFO - 24/09/15 13:49:43 INFO DAGScheduler: running: Set()
[2024-09-15T13:49:43.090+0000] {spark_submit.py:579} INFO - 24/09/15 13:49:43 INFO DAGScheduler: waiting: Set()
[2024-09-15T13:49:43.092+0000] {spark_submit.py:579} INFO - 24/09/15 13:49:43 INFO DAGScheduler: failed: Set()
[2024-09-15T13:49:43.137+0000] {spark_submit.py:579} INFO - 24/09/15 13:49:43 INFO SparkContext: Starting job: collect at StringIndexer.scala:204
[2024-09-15T13:49:43.141+0000] {spark_submit.py:579} INFO - 24/09/15 13:49:43 INFO DAGScheduler: Got job 3 (collect at StringIndexer.scala:204) with 1 output partitions
[2024-09-15T13:49:43.142+0000] {spark_submit.py:579} INFO - 24/09/15 13:49:43 INFO DAGScheduler: Final stage: ResultStage 5 (collect at StringIndexer.scala:204)
[2024-09-15T13:49:43.144+0000] {spark_submit.py:579} INFO - 24/09/15 13:49:43 INFO DAGScheduler: Parents of final stage: List(ShuffleMapStage 4)
[2024-09-15T13:49:43.145+0000] {spark_submit.py:579} INFO - 24/09/15 13:49:43 INFO DAGScheduler: Missing parents: List()
[2024-09-15T13:49:43.147+0000] {spark_submit.py:579} INFO - 24/09/15 13:49:43 INFO DAGScheduler: Submitting ResultStage 5 (MapPartitionsRDD[19] at collect at StringIndexer.scala:204), which has no missing parents
[2024-09-15T13:49:43.153+0000] {spark_submit.py:579} INFO - 24/09/15 13:49:43 INFO MemoryStore: Block broadcast_5 stored as values in memory (estimated size 33.7 KiB, free 433.9 MiB)
[2024-09-15T13:49:43.160+0000] {spark_submit.py:579} INFO - 24/09/15 13:49:43 INFO MemoryStore: Block broadcast_5_piece0 stored as bytes in memory (estimated size 16.1 KiB, free 433.8 MiB)
[2024-09-15T13:49:43.164+0000] {spark_submit.py:579} INFO - 24/09/15 13:49:43 INFO BlockManagerInfo: Added broadcast_5_piece0 in memory on fb744bf0dc86:36541 (size: 16.1 KiB, free: 434.3 MiB)
[2024-09-15T13:49:43.165+0000] {spark_submit.py:579} INFO - 24/09/15 13:49:43 INFO SparkContext: Created broadcast 5 from broadcast at DAGScheduler.scala:1585
[2024-09-15T13:49:43.168+0000] {spark_submit.py:579} INFO - 24/09/15 13:49:43 INFO DAGScheduler: Submitting 1 missing tasks from ResultStage 5 (MapPartitionsRDD[19] at collect at StringIndexer.scala:204) (first 15 tasks are for partitions Vector(0))
[2024-09-15T13:49:43.169+0000] {spark_submit.py:579} INFO - 24/09/15 13:49:43 INFO TaskSchedulerImpl: Adding task set 5.0 with 1 tasks resource profile 0
[2024-09-15T13:49:43.173+0000] {spark_submit.py:579} INFO - 24/09/15 13:49:43 INFO TaskSetManager: Starting task 0.0 in stage 5.0 (TID 5) (fb744bf0dc86, executor driver, partition 0, NODE_LOCAL, 8999 bytes)
[2024-09-15T13:49:43.175+0000] {spark_submit.py:579} INFO - 24/09/15 13:49:43 INFO Executor: Running task 0.0 in stage 5.0 (TID 5)
[2024-09-15T13:49:43.195+0000] {spark_submit.py:579} INFO - 24/09/15 13:49:43 INFO ShuffleBlockFetcherIterator: Getting 2 (7.1 KiB) non-empty blocks including 2 (7.1 KiB) local and 0 (0.0 B) host-local and 0 (0.0 B) push-merged-local and 0 (0.0 B) remote blocks
[2024-09-15T13:49:43.196+0000] {spark_submit.py:579} INFO - 24/09/15 13:49:43 INFO ShuffleBlockFetcherIterator: Started 0 remote fetches in 2 ms
[2024-09-15T13:49:43.300+0000] {spark_submit.py:579} INFO - 24/09/15 13:49:43 INFO Executor: Finished task 0.0 in stage 5.0 (TID 5). 8203 bytes result sent to driver
[2024-09-15T13:49:43.304+0000] {spark_submit.py:579} INFO - 24/09/15 13:49:43 INFO TaskSetManager: Finished task 0.0 in stage 5.0 (TID 5) in 132 ms on fb744bf0dc86 (executor driver) (1/1)
[2024-09-15T13:49:43.305+0000] {spark_submit.py:579} INFO - 24/09/15 13:49:43 INFO TaskSchedulerImpl: Removed TaskSet 5.0, whose tasks have all completed, from pool
[2024-09-15T13:49:43.312+0000] {spark_submit.py:579} INFO - 24/09/15 13:49:43 INFO DAGScheduler: ResultStage 5 (collect at StringIndexer.scala:204) finished in 0.161 s
[2024-09-15T13:49:43.313+0000] {spark_submit.py:579} INFO - 24/09/15 13:49:43 INFO DAGScheduler: Job 3 is finished. Cancelling potential speculative or zombie tasks for this job
[2024-09-15T13:49:43.315+0000] {spark_submit.py:579} INFO - 24/09/15 13:49:43 INFO TaskSchedulerImpl: Killing all running tasks in stage 5: Stage finished
[2024-09-15T13:49:43.319+0000] {spark_submit.py:579} INFO - 24/09/15 13:49:43 INFO DAGScheduler: Job 3 finished: collect at StringIndexer.scala:204, took 0.172436 s
[2024-09-15T13:49:43.907+0000] {spark_submit.py:579} INFO - 24/09/15 13:49:43 INFO CodeGenerator: Code generated in 32.140883 ms
[2024-09-15T13:49:43.922+0000] {spark_submit.py:579} INFO - 24/09/15 13:49:43 INFO MemoryStore: Block broadcast_6 stored as values in memory (estimated size 200.7 KiB, free 433.6 MiB)
[2024-09-15T13:49:43.943+0000] {spark_submit.py:579} INFO - 24/09/15 13:49:43 INFO MemoryStore: Block broadcast_6_piece0 stored as bytes in memory (estimated size 34.7 KiB, free 433.6 MiB)
[2024-09-15T13:49:43.947+0000] {spark_submit.py:579} INFO - 24/09/15 13:49:43 INFO BlockManagerInfo: Added broadcast_6_piece0 in memory on fb744bf0dc86:36541 (size: 34.7 KiB, free: 434.3 MiB)
[2024-09-15T13:49:43.948+0000] {spark_submit.py:579} INFO - 24/09/15 13:49:43 INFO SparkContext: Created broadcast 6 from
[2024-09-15T13:49:43.987+0000] {spark_submit.py:579} INFO - 24/09/15 13:49:43 INFO FileInputFormat: Total input files to process : 2
[2024-09-15T13:49:43.995+0000] {spark_submit.py:579} INFO - 24/09/15 13:49:43 INFO DAGScheduler: Registering RDD 26 (collect at StringIndexer.scala:204) as input to shuffle 2
[2024-09-15T13:49:43.996+0000] {spark_submit.py:579} INFO - 24/09/15 13:49:43 INFO DAGScheduler: Got map stage job 4 (collect at StringIndexer.scala:204) with 2 output partitions
[2024-09-15T13:49:43.998+0000] {spark_submit.py:579} INFO - 24/09/15 13:49:43 INFO DAGScheduler: Final stage: ShuffleMapStage 6 (collect at StringIndexer.scala:204)
[2024-09-15T13:49:44.000+0000] {spark_submit.py:579} INFO - 24/09/15 13:49:43 INFO DAGScheduler: Parents of final stage: List()
[2024-09-15T13:49:44.001+0000] {spark_submit.py:579} INFO - 24/09/15 13:49:43 INFO DAGScheduler: Missing parents: List()
[2024-09-15T13:49:44.005+0000] {spark_submit.py:579} INFO - 24/09/15 13:49:44 INFO DAGScheduler: Submitting ShuffleMapStage 6 (MapPartitionsRDD[26] at collect at StringIndexer.scala:204), which has no missing parents
[2024-09-15T13:49:44.017+0000] {spark_submit.py:579} INFO - 24/09/15 13:49:44 INFO MemoryStore: Block broadcast_7 stored as values in memory (estimated size 37.1 KiB, free 433.6 MiB)
[2024-09-15T13:49:44.045+0000] {spark_submit.py:579} INFO - 24/09/15 13:49:44 INFO MemoryStore: Block broadcast_7_piece0 stored as bytes in memory (estimated size 17.3 KiB, free 433.6 MiB)
[2024-09-15T13:49:44.049+0000] {spark_submit.py:579} INFO - 24/09/15 13:49:44 INFO BlockManagerInfo: Added broadcast_7_piece0 in memory on fb744bf0dc86:36541 (size: 17.3 KiB, free: 434.2 MiB)
[2024-09-15T13:49:44.052+0000] {spark_submit.py:579} INFO - 24/09/15 13:49:44 INFO SparkContext: Created broadcast 7 from broadcast at DAGScheduler.scala:1585
[2024-09-15T13:49:44.053+0000] {spark_submit.py:579} INFO - 24/09/15 13:49:44 INFO BlockManagerInfo: Removed broadcast_4_piece0 on fb744bf0dc86:36541 in memory (size: 17.3 KiB, free: 434.3 MiB)
[2024-09-15T13:49:44.055+0000] {spark_submit.py:579} INFO - 24/09/15 13:49:44 INFO DAGScheduler: Submitting 2 missing tasks from ShuffleMapStage 6 (MapPartitionsRDD[26] at collect at StringIndexer.scala:204) (first 15 tasks are for partitions Vector(0, 1))
[2024-09-15T13:49:44.056+0000] {spark_submit.py:579} INFO - 24/09/15 13:49:44 INFO TaskSchedulerImpl: Adding task set 6.0 with 2 tasks resource profile 0
[2024-09-15T13:49:44.059+0000] {spark_submit.py:579} INFO - 24/09/15 13:49:44 INFO TaskSetManager: Starting task 0.0 in stage 6.0 (TID 6) (fb744bf0dc86, executor driver, partition 0, ANY, 9119 bytes)
[2024-09-15T13:49:44.062+0000] {spark_submit.py:579} INFO - 24/09/15 13:49:44 INFO TaskSetManager: Starting task 1.0 in stage 6.0 (TID 7) (fb744bf0dc86, executor driver, partition 1, ANY, 9119 bytes)
[2024-09-15T13:49:44.067+0000] {spark_submit.py:579} INFO - 24/09/15 13:49:44 INFO Executor: Running task 0.0 in stage 6.0 (TID 6)
[2024-09-15T13:49:44.072+0000] {spark_submit.py:579} INFO - 24/09/15 13:49:44 INFO Executor: Running task 1.0 in stage 6.0 (TID 7)
[2024-09-15T13:49:44.109+0000] {spark_submit.py:579} INFO - 24/09/15 13:49:44 INFO HadoopRDD: Input split: hdfs://namenode:9000/user/hive/warehouse/processed_airbnb_data/part-00000-5e934543-511c-482f-8421-8f93be900468-c000:0+710549
[2024-09-15T13:49:44.110+0000] {spark_submit.py:579} INFO - 24/09/15 13:49:44 INFO BlockManagerInfo: Removed broadcast_3_piece0 on fb744bf0dc86:36541 in memory (size: 34.7 KiB, free: 434.3 MiB)
[2024-09-15T13:49:44.126+0000] {spark_submit.py:579} INFO - 24/09/15 13:49:44 INFO HadoopRDD: Input split: hdfs://namenode:9000/user/hive/warehouse/processed_airbnb_data/part-00001-5e934543-511c-482f-8421-8f93be900468-c000:0+693561
[2024-09-15T13:49:44.157+0000] {spark_submit.py:579} INFO - 24/09/15 13:49:44 INFO BlockManagerInfo: Removed broadcast_5_piece0 on fb744bf0dc86:36541 in memory (size: 16.1 KiB, free: 434.3 MiB)
[2024-09-15T13:49:44.198+0000] {spark_submit.py:579} INFO - 24/09/15 13:49:44 INFO CodeGenerator: Code generated in 40.108261 ms
[2024-09-15T13:49:44.409+0000] {spark_submit.py:579} INFO - 24/09/15 13:49:44 INFO Executor: Finished task 0.0 in stage 6.0 (TID 6). 2143 bytes result sent to driver
[2024-09-15T13:49:44.412+0000] {spark_submit.py:579} INFO - 24/09/15 13:49:44 INFO Executor: Finished task 1.0 in stage 6.0 (TID 7). 2143 bytes result sent to driver
[2024-09-15T13:49:44.413+0000] {spark_submit.py:579} INFO - 24/09/15 13:49:44 INFO TaskSetManager: Finished task 0.0 in stage 6.0 (TID 6) in 354 ms on fb744bf0dc86 (executor driver) (1/2)
[2024-09-15T13:49:44.415+0000] {spark_submit.py:579} INFO - 24/09/15 13:49:44 INFO TaskSetManager: Finished task 1.0 in stage 6.0 (TID 7) in 354 ms on fb744bf0dc86 (executor driver) (2/2)
[2024-09-15T13:49:44.417+0000] {spark_submit.py:579} INFO - 24/09/15 13:49:44 INFO TaskSchedulerImpl: Removed TaskSet 6.0, whose tasks have all completed, from pool
[2024-09-15T13:49:44.419+0000] {spark_submit.py:579} INFO - 24/09/15 13:49:44 INFO DAGScheduler: ShuffleMapStage 6 (collect at StringIndexer.scala:204) finished in 0.409 s
[2024-09-15T13:49:44.420+0000] {spark_submit.py:579} INFO - 24/09/15 13:49:44 INFO DAGScheduler: looking for newly runnable stages
[2024-09-15T13:49:44.422+0000] {spark_submit.py:579} INFO - 24/09/15 13:49:44 INFO DAGScheduler: running: Set()
[2024-09-15T13:49:44.424+0000] {spark_submit.py:579} INFO - 24/09/15 13:49:44 INFO DAGScheduler: waiting: Set()
[2024-09-15T13:49:44.425+0000] {spark_submit.py:579} INFO - 24/09/15 13:49:44 INFO DAGScheduler: failed: Set()
[2024-09-15T13:49:44.470+0000] {spark_submit.py:579} INFO - 24/09/15 13:49:44 INFO SparkContext: Starting job: collect at StringIndexer.scala:204
[2024-09-15T13:49:44.473+0000] {spark_submit.py:579} INFO - 24/09/15 13:49:44 INFO DAGScheduler: Got job 5 (collect at StringIndexer.scala:204) with 1 output partitions
[2024-09-15T13:49:44.474+0000] {spark_submit.py:579} INFO - 24/09/15 13:49:44 INFO DAGScheduler: Final stage: ResultStage 8 (collect at StringIndexer.scala:204)
[2024-09-15T13:49:44.476+0000] {spark_submit.py:579} INFO - 24/09/15 13:49:44 INFO DAGScheduler: Parents of final stage: List(ShuffleMapStage 7)
[2024-09-15T13:49:44.477+0000] {spark_submit.py:579} INFO - 24/09/15 13:49:44 INFO DAGScheduler: Missing parents: List()
[2024-09-15T13:49:44.478+0000] {spark_submit.py:579} INFO - 24/09/15 13:49:44 INFO DAGScheduler: Submitting ResultStage 8 (MapPartitionsRDD[29] at collect at StringIndexer.scala:204), which has no missing parents
[2024-09-15T13:49:44.485+0000] {spark_submit.py:579} INFO - 24/09/15 13:49:44 INFO MemoryStore: Block broadcast_8 stored as values in memory (estimated size 33.7 KiB, free 433.9 MiB)
[2024-09-15T13:49:44.490+0000] {spark_submit.py:579} INFO - 24/09/15 13:49:44 INFO MemoryStore: Block broadcast_8_piece0 stored as bytes in memory (estimated size 16.1 KiB, free 433.8 MiB)
[2024-09-15T13:49:44.491+0000] {spark_submit.py:579} INFO - 24/09/15 13:49:44 INFO BlockManagerInfo: Added broadcast_8_piece0 in memory on fb744bf0dc86:36541 (size: 16.1 KiB, free: 434.3 MiB)
[2024-09-15T13:49:44.492+0000] {spark_submit.py:579} INFO - 24/09/15 13:49:44 INFO SparkContext: Created broadcast 8 from broadcast at DAGScheduler.scala:1585
[2024-09-15T13:49:44.494+0000] {spark_submit.py:579} INFO - 24/09/15 13:49:44 INFO DAGScheduler: Submitting 1 missing tasks from ResultStage 8 (MapPartitionsRDD[29] at collect at StringIndexer.scala:204) (first 15 tasks are for partitions Vector(0))
[2024-09-15T13:49:44.495+0000] {spark_submit.py:579} INFO - 24/09/15 13:49:44 INFO TaskSchedulerImpl: Adding task set 8.0 with 1 tasks resource profile 0
[2024-09-15T13:49:44.499+0000] {spark_submit.py:579} INFO - 24/09/15 13:49:44 INFO TaskSetManager: Starting task 0.0 in stage 8.0 (TID 8) (fb744bf0dc86, executor driver, partition 0, NODE_LOCAL, 8999 bytes)
[2024-09-15T13:49:44.502+0000] {spark_submit.py:579} INFO - 24/09/15 13:49:44 INFO Executor: Running task 0.0 in stage 8.0 (TID 8)
[2024-09-15T13:49:44.521+0000] {spark_submit.py:579} INFO - 24/09/15 13:49:44 INFO ShuffleBlockFetcherIterator: Getting 2 (736.0 B) non-empty blocks including 2 (736.0 B) local and 0 (0.0 B) host-local and 0 (0.0 B) push-merged-local and 0 (0.0 B) remote blocks
[2024-09-15T13:49:44.522+0000] {spark_submit.py:579} INFO - 24/09/15 13:49:44 INFO ShuffleBlockFetcherIterator: Started 0 remote fetches in 1 ms
[2024-09-15T13:49:44.573+0000] {spark_submit.py:579} INFO - 24/09/15 13:49:44 INFO Executor: Finished task 0.0 in stage 8.0 (TID 8). 4852 bytes result sent to driver
[2024-09-15T13:49:44.576+0000] {spark_submit.py:579} INFO - 24/09/15 13:49:44 INFO TaskSetManager: Finished task 0.0 in stage 8.0 (TID 8) in 78 ms on fb744bf0dc86 (executor driver) (1/1)
[2024-09-15T13:49:44.577+0000] {spark_submit.py:579} INFO - 24/09/15 13:49:44 INFO TaskSchedulerImpl: Removed TaskSet 8.0, whose tasks have all completed, from pool
[2024-09-15T13:49:44.579+0000] {spark_submit.py:579} INFO - 24/09/15 13:49:44 INFO DAGScheduler: ResultStage 8 (collect at StringIndexer.scala:204) finished in 0.099 s
[2024-09-15T13:49:44.580+0000] {spark_submit.py:579} INFO - 24/09/15 13:49:44 INFO DAGScheduler: Job 5 is finished. Cancelling potential speculative or zombie tasks for this job
[2024-09-15T13:49:44.582+0000] {spark_submit.py:579} INFO - 24/09/15 13:49:44 INFO TaskSchedulerImpl: Killing all running tasks in stage 8: Stage finished
[2024-09-15T13:49:44.583+0000] {spark_submit.py:579} INFO - 24/09/15 13:49:44 INFO DAGScheduler: Job 5 finished: collect at StringIndexer.scala:204, took 0.110634 s
[2024-09-15T13:49:45.546+0000] {spark_submit.py:579} INFO - root
[2024-09-15T13:49:45.547+0000] {spark_submit.py:579} INFO - |-- neighbourhood_group: string (nullable = true)
[2024-09-15T13:49:45.549+0000] {spark_submit.py:579} INFO - |-- neighbourhood: string (nullable = true)
[2024-09-15T13:49:45.550+0000] {spark_submit.py:579} INFO - |-- room_type: string (nullable = true)
[2024-09-15T13:49:45.551+0000] {spark_submit.py:579} INFO - |-- price: integer (nullable = true)
[2024-09-15T13:49:45.552+0000] {spark_submit.py:579} INFO - |-- minimum_nights: integer (nullable = true)
[2024-09-15T13:49:45.553+0000] {spark_submit.py:579} INFO - |-- number_of_reviews: integer (nullable = true)
[2024-09-15T13:49:45.554+0000] {spark_submit.py:579} INFO - |-- calculated_host_listings_count: integer (nullable = true)
[2024-09-15T13:49:45.555+0000] {spark_submit.py:579} INFO - |-- availability_365: integer (nullable = true)
[2024-09-15T13:49:45.556+0000] {spark_submit.py:579} INFO - |-- neighbourhood_group_index: double (nullable = false)
[2024-09-15T13:49:45.556+0000] {spark_submit.py:579} INFO - |-- neighbourhood_index: double (nullable = false)
[2024-09-15T13:49:45.557+0000] {spark_submit.py:579} INFO - |-- room_type_index: double (nullable = false)
[2024-09-15T13:49:45.558+0000] {spark_submit.py:579} INFO - |-- neighbourhood_group_ohe: vector (nullable = true)
[2024-09-15T13:49:45.559+0000] {spark_submit.py:579} INFO - |-- neighbourhood_ohe: vector (nullable = true)
[2024-09-15T13:49:45.560+0000] {spark_submit.py:579} INFO - |-- room_type_ohe: vector (nullable = true)
[2024-09-15T13:49:45.560+0000] {spark_submit.py:579} INFO - |-- features: vector (nullable = true)
[2024-09-15T13:49:45.561+0000] {spark_submit.py:579} INFO - 
[2024-09-15T13:49:45.603+0000] {spark_submit.py:579} INFO - root
[2024-09-15T13:49:45.604+0000] {spark_submit.py:579} INFO - |-- neighbourhood_group: string (nullable = true)
[2024-09-15T13:49:45.606+0000] {spark_submit.py:579} INFO - |-- neighbourhood: string (nullable = true)
[2024-09-15T13:49:45.607+0000] {spark_submit.py:579} INFO - |-- room_type: string (nullable = true)
[2024-09-15T13:49:45.608+0000] {spark_submit.py:579} INFO - |-- price: integer (nullable = true)
[2024-09-15T13:49:45.609+0000] {spark_submit.py:579} INFO - |-- minimum_nights: integer (nullable = true)
[2024-09-15T13:49:45.610+0000] {spark_submit.py:579} INFO - |-- number_of_reviews: integer (nullable = true)
[2024-09-15T13:49:45.611+0000] {spark_submit.py:579} INFO - |-- calculated_host_listings_count: integer (nullable = true)
[2024-09-15T13:49:45.612+0000] {spark_submit.py:579} INFO - |-- availability_365: integer (nullable = true)
[2024-09-15T13:49:45.614+0000] {spark_submit.py:579} INFO - |-- neighbourhood_group_index: double (nullable = false)
[2024-09-15T13:49:45.616+0000] {spark_submit.py:579} INFO - |-- neighbourhood_index: double (nullable = false)
[2024-09-15T13:49:45.617+0000] {spark_submit.py:579} INFO - |-- room_type_index: double (nullable = false)
[2024-09-15T13:49:45.617+0000] {spark_submit.py:579} INFO - |-- neighbourhood_group_ohe: vector (nullable = true)
[2024-09-15T13:49:45.618+0000] {spark_submit.py:579} INFO - |-- neighbourhood_ohe: vector (nullable = true)
[2024-09-15T13:49:45.619+0000] {spark_submit.py:579} INFO - |-- room_type_ohe: vector (nullable = true)
[2024-09-15T13:49:45.620+0000] {spark_submit.py:579} INFO - |-- features: vector (nullable = true)
[2024-09-15T13:49:45.621+0000] {spark_submit.py:579} INFO - 
[2024-09-15T13:49:45.749+0000] {spark_submit.py:579} INFO - 24/09/15 13:49:45 INFO Instrumentation: [8eec407e] Stage class: LinearRegression
[2024-09-15T13:49:45.751+0000] {spark_submit.py:579} INFO - 24/09/15 13:49:45 INFO Instrumentation: [8eec407e] Stage uid: LinearRegression_1a4ab999e553
[2024-09-15T13:49:46.242+0000] {spark_submit.py:579} INFO - 24/09/15 13:49:46 INFO BlockManagerInfo: Removed broadcast_8_piece0 on fb744bf0dc86:36541 in memory (size: 16.1 KiB, free: 434.3 MiB)
[2024-09-15T13:49:46.250+0000] {spark_submit.py:579} INFO - 24/09/15 13:49:46 INFO BlockManagerInfo: Removed broadcast_7_piece0 on fb744bf0dc86:36541 in memory (size: 17.3 KiB, free: 434.3 MiB)
[2024-09-15T13:49:46.379+0000] {spark_submit.py:579} INFO - 24/09/15 13:49:46 INFO CodeGenerator: Code generated in 296.795594 ms
[2024-09-15T13:49:46.388+0000] {spark_submit.py:579} INFO - 24/09/15 13:49:46 INFO MemoryStore: Block broadcast_9 stored as values in memory (estimated size 200.7 KiB, free 433.7 MiB)
[2024-09-15T13:49:46.420+0000] {spark_submit.py:579} INFO - 24/09/15 13:49:46 INFO MemoryStore: Block broadcast_9_piece0 stored as bytes in memory (estimated size 34.7 KiB, free 433.7 MiB)
[2024-09-15T13:49:46.423+0000] {spark_submit.py:579} INFO - 24/09/15 13:49:46 INFO BlockManagerInfo: Added broadcast_9_piece0 in memory on fb744bf0dc86:36541 (size: 34.7 KiB, free: 434.3 MiB)
[2024-09-15T13:49:46.424+0000] {spark_submit.py:579} INFO - 24/09/15 13:49:46 INFO SparkContext: Created broadcast 9 from
[2024-09-15T13:49:46.586+0000] {spark_submit.py:579} INFO - 24/09/15 13:49:46 INFO FileInputFormat: Total input files to process : 2
[2024-09-15T13:49:46.587+0000] {spark_submit.py:579} INFO - 24/09/15 13:49:46 INFO Instrumentation: [8eec407e] training: numPartitions=2 storageLevel=StorageLevel(1 replicas)
[2024-09-15T13:49:46.592+0000] {spark_submit.py:579} INFO - 24/09/15 13:49:46 INFO Instrumentation: [8eec407e] {"labelCol":"price","featuresCol":"features"}
[2024-09-15T13:49:46.609+0000] {spark_submit.py:579} INFO - 24/09/15 13:49:46 INFO Instrumentation: [8eec407e] {"numFeatures":227}
[2024-09-15T13:49:47.344+0000] {spark_submit.py:579} INFO - 24/09/15 13:49:47 INFO CodeGenerator: Code generated in 237.59491 ms
[2024-09-15T13:49:47.355+0000] {spark_submit.py:579} INFO - 24/09/15 13:49:47 INFO MemoryStore: Block broadcast_10 stored as values in memory (estimated size 200.7 KiB, free 433.5 MiB)
[2024-09-15T13:49:47.370+0000] {spark_submit.py:579} INFO - 24/09/15 13:49:47 INFO MemoryStore: Block broadcast_10_piece0 stored as bytes in memory (estimated size 34.7 KiB, free 433.5 MiB)
[2024-09-15T13:49:47.373+0000] {spark_submit.py:579} INFO - 24/09/15 13:49:47 INFO BlockManagerInfo: Added broadcast_10_piece0 in memory on fb744bf0dc86:36541 (size: 34.7 KiB, free: 434.3 MiB)
[2024-09-15T13:49:47.374+0000] {spark_submit.py:579} INFO - 24/09/15 13:49:47 INFO SparkContext: Created broadcast 10 from
[2024-09-15T13:49:47.450+0000] {spark_submit.py:579} INFO - 24/09/15 13:49:47 WARN Instrumentation: [8eec407e] regParam is zero, which might cause numerical instability and overfitting.
[2024-09-15T13:49:47.472+0000] {spark_submit.py:579} INFO - 24/09/15 13:49:47 INFO FileInputFormat: Total input files to process : 2
[2024-09-15T13:49:47.516+0000] {spark_submit.py:579} INFO - 24/09/15 13:49:47 INFO SparkContext: Starting job: treeAggregate at WeightedLeastSquares.scala:107
[2024-09-15T13:49:47.519+0000] {spark_submit.py:579} INFO - 24/09/15 13:49:47 INFO DAGScheduler: Got job 6 (treeAggregate at WeightedLeastSquares.scala:107) with 2 output partitions
[2024-09-15T13:49:47.520+0000] {spark_submit.py:579} INFO - 24/09/15 13:49:47 INFO DAGScheduler: Final stage: ResultStage 9 (treeAggregate at WeightedLeastSquares.scala:107)
[2024-09-15T13:49:47.521+0000] {spark_submit.py:579} INFO - 24/09/15 13:49:47 INFO DAGScheduler: Parents of final stage: List()
[2024-09-15T13:49:47.523+0000] {spark_submit.py:579} INFO - 24/09/15 13:49:47 INFO DAGScheduler: Missing parents: List()
[2024-09-15T13:49:47.524+0000] {spark_submit.py:579} INFO - 24/09/15 13:49:47 INFO DAGScheduler: Submitting ResultStage 9 (MapPartitionsRDD[47] at treeAggregate at WeightedLeastSquares.scala:107), which has no missing parents
[2024-09-15T13:49:47.541+0000] {spark_submit.py:579} INFO - 24/09/15 13:49:47 INFO MemoryStore: Block broadcast_11 stored as values in memory (estimated size 170.4 KiB, free 433.3 MiB)
[2024-09-15T13:49:47.547+0000] {spark_submit.py:579} INFO - 24/09/15 13:49:47 INFO MemoryStore: Block broadcast_11_piece0 stored as bytes in memory (estimated size 59.0 KiB, free 433.3 MiB)
[2024-09-15T13:49:47.550+0000] {spark_submit.py:579} INFO - 24/09/15 13:49:47 INFO BlockManagerInfo: Added broadcast_11_piece0 in memory on fb744bf0dc86:36541 (size: 59.0 KiB, free: 434.2 MiB)
[2024-09-15T13:49:47.552+0000] {spark_submit.py:579} INFO - 24/09/15 13:49:47 INFO SparkContext: Created broadcast 11 from broadcast at DAGScheduler.scala:1585
[2024-09-15T13:49:47.554+0000] {spark_submit.py:579} INFO - 24/09/15 13:49:47 INFO DAGScheduler: Submitting 2 missing tasks from ResultStage 9 (MapPartitionsRDD[47] at treeAggregate at WeightedLeastSquares.scala:107) (first 15 tasks are for partitions Vector(0, 1))
[2024-09-15T13:49:47.555+0000] {spark_submit.py:579} INFO - 24/09/15 13:49:47 INFO TaskSchedulerImpl: Adding task set 9.0 with 2 tasks resource profile 0
[2024-09-15T13:49:47.558+0000] {spark_submit.py:579} INFO - 24/09/15 13:49:47 INFO TaskSetManager: Starting task 0.0 in stage 9.0 (TID 9) (fb744bf0dc86, executor driver, partition 0, ANY, 9130 bytes)
[2024-09-15T13:49:47.560+0000] {spark_submit.py:579} INFO - 24/09/15 13:49:47 INFO TaskSetManager: Starting task 1.0 in stage 9.0 (TID 10) (fb744bf0dc86, executor driver, partition 1, ANY, 9130 bytes)
[2024-09-15T13:49:47.562+0000] {spark_submit.py:579} INFO - 24/09/15 13:49:47 INFO Executor: Running task 0.0 in stage 9.0 (TID 9)
[2024-09-15T13:49:47.564+0000] {spark_submit.py:579} INFO - 24/09/15 13:49:47 INFO Executor: Running task 1.0 in stage 9.0 (TID 10)
[2024-09-15T13:49:47.651+0000] {spark_submit.py:579} INFO - 24/09/15 13:49:47 INFO BlockManagerInfo: Removed broadcast_6_piece0 on fb744bf0dc86:36541 in memory (size: 34.7 KiB, free: 434.2 MiB)
[2024-09-15T13:49:47.695+0000] {spark_submit.py:579} INFO - 24/09/15 13:49:47 INFO HadoopRDD: Input split: hdfs://namenode:9000/user/hive/warehouse/processed_airbnb_data/part-00001-5e934543-511c-482f-8421-8f93be900468-c000:0+693561
[2024-09-15T13:49:47.697+0000] {spark_submit.py:579} INFO - 24/09/15 13:49:47 INFO HadoopRDD: Input split: hdfs://namenode:9000/user/hive/warehouse/processed_airbnb_data/part-00000-5e934543-511c-482f-8421-8f93be900468-c000:0+710549
[2024-09-15T13:49:47.845+0000] {spark_submit.py:579} INFO - 24/09/15 13:49:47 INFO CodeGenerator: Code generated in 136.911272 ms
[2024-09-15T13:49:47.952+0000] {spark_submit.py:579} INFO - 24/09/15 13:49:47 INFO CodeGenerator: Code generated in 74.318986 ms
[2024-09-15T13:49:47.988+0000] {spark_submit.py:579} INFO - 24/09/15 13:49:47 INFO CodeGenerator: Code generated in 12.727324 ms
[2024-09-15T13:49:48.089+0000] {spark_submit.py:579} INFO - 24/09/15 13:49:48 INFO CodeGenerator: Code generated in 40.081757 ms
[2024-09-15T13:49:48.151+0000] {spark_submit.py:579} INFO - 24/09/15 13:49:48 INFO CodeGenerator: Code generated in 12.449215 ms
[2024-09-15T13:49:48.188+0000] {spark_submit.py:579} INFO - 24/09/15 13:49:48 INFO CodeGenerator: Code generated in 14.791215 ms
[2024-09-15T13:49:49.169+0000] {spark_submit.py:579} INFO - 24/09/15 13:49:49 INFO BlockManagerInfo: Removed broadcast_0_piece0 on fb744bf0dc86:36541 in memory (size: 34.7 KiB, free: 434.3 MiB)
[2024-09-15T13:49:49.431+0000] {spark_submit.py:579} INFO - 24/09/15 13:49:49 INFO CodeGenerator: Code generated in 11.976392 ms
[2024-09-15T13:49:49.629+0000] {spark_submit.py:579} INFO - 24/09/15 13:49:49 WARN InstanceBuilder: Failed to load implementation from:dev.ludovic.netlib.blas.JNIBLAS
[2024-09-15T13:49:49.640+0000] {spark_submit.py:579} INFO - 24/09/15 13:49:49 WARN InstanceBuilder: Failed to load implementation from:dev.ludovic.netlib.blas.VectorBLAS
[2024-09-15T13:49:49.659+0000] {spark_submit.py:579} INFO - 24/09/15 13:49:49 INFO Executor: Finished task 0.0 in stage 9.0 (TID 9). 213758 bytes result sent to driver
[2024-09-15T13:49:49.660+0000] {spark_submit.py:579} INFO - 24/09/15 13:49:49 INFO Executor: Finished task 1.0 in stage 9.0 (TID 10). 213758 bytes result sent to driver
[2024-09-15T13:49:49.666+0000] {spark_submit.py:579} INFO - 24/09/15 13:49:49 INFO TaskSetManager: Finished task 1.0 in stage 9.0 (TID 10) in 2106 ms on fb744bf0dc86 (executor driver) (1/2)
[2024-09-15T13:49:49.667+0000] {spark_submit.py:579} INFO - 24/09/15 13:49:49 INFO TaskSetManager: Finished task 0.0 in stage 9.0 (TID 9) in 2109 ms on fb744bf0dc86 (executor driver) (2/2)
[2024-09-15T13:49:49.668+0000] {spark_submit.py:579} INFO - 24/09/15 13:49:49 INFO TaskSchedulerImpl: Removed TaskSet 9.0, whose tasks have all completed, from pool
[2024-09-15T13:49:49.671+0000] {spark_submit.py:579} INFO - 24/09/15 13:49:49 INFO DAGScheduler: ResultStage 9 (treeAggregate at WeightedLeastSquares.scala:107) finished in 2.146 s
[2024-09-15T13:49:49.672+0000] {spark_submit.py:579} INFO - 24/09/15 13:49:49 INFO DAGScheduler: Job 6 is finished. Cancelling potential speculative or zombie tasks for this job
[2024-09-15T13:49:49.673+0000] {spark_submit.py:579} INFO - 24/09/15 13:49:49 INFO TaskSchedulerImpl: Killing all running tasks in stage 9: Stage finished
[2024-09-15T13:49:49.675+0000] {spark_submit.py:579} INFO - 24/09/15 13:49:49 INFO DAGScheduler: Job 6 finished: treeAggregate at WeightedLeastSquares.scala:107, took 2.157166 s
[2024-09-15T13:49:49.679+0000] {spark_submit.py:579} INFO - 24/09/15 13:49:49 INFO Instrumentation: [8eec407e] Number of instances: 22280.
[2024-09-15T13:49:49.761+0000] {spark_submit.py:579} INFO - 24/09/15 13:49:49 WARN InstanceBuilder: Failed to load implementation from:dev.ludovic.netlib.lapack.JNILAPACK
[2024-09-15T13:49:49.805+0000] {spark_submit.py:579} INFO - 24/09/15 13:49:49 WARN Instrumentation: [8eec407e] Cholesky solver failed due to singular covariance matrix. Retrying with Quasi-Newton solver.
[2024-09-15T13:49:49.889+0000] {spark_submit.py:579} INFO - 24/09/15 13:49:49 INFO BlockManagerInfo: Removed broadcast_11_piece0 on fb744bf0dc86:36541 in memory (size: 59.0 KiB, free: 434.3 MiB)
[2024-09-15T13:49:52.127+0000] {spark_submit.py:579} INFO - 24/09/15 13:49:52 INFO StrongWolfeLineSearch: Line search t: 0.38562672113603336 fval: 0.4465851477157585 rhs: 0.49998931702954313 cdd: 2.4069288229178198E-17
[2024-09-15T13:49:52.128+0000] {spark_submit.py:579} INFO - 24/09/15 13:49:52 INFO LBFGS: Step Size: 0.3856
[2024-09-15T13:49:52.133+0000] {spark_submit.py:579} INFO - 24/09/15 13:49:52 INFO LBFGS: Val and Grad Norm: 0.446585 (rel: 0.107) 0.141325
[2024-09-15T13:49:52.137+0000] {spark_submit.py:579} INFO - 24/09/15 13:49:52 INFO LBFGS: Step Size: 1.000
[2024-09-15T13:49:52.139+0000] {spark_submit.py:579} INFO - 24/09/15 13:49:52 INFO LBFGS: Val and Grad Norm: 0.441144 (rel: 0.0122) 0.0779253
[2024-09-15T13:49:52.143+0000] {spark_submit.py:579} INFO - 24/09/15 13:49:52 INFO LBFGS: Step Size: 1.000
[2024-09-15T13:49:52.145+0000] {spark_submit.py:579} INFO - 24/09/15 13:49:52 INFO LBFGS: Val and Grad Norm: 0.438079 (rel: 0.00695) 0.0226411
[2024-09-15T13:49:52.149+0000] {spark_submit.py:579} INFO - 24/09/15 13:49:52 INFO LBFGS: Step Size: 1.000
[2024-09-15T13:49:52.152+0000] {spark_submit.py:579} INFO - 24/09/15 13:49:52 INFO LBFGS: Val and Grad Norm: 0.437811 (rel: 0.000611) 0.0199236
[2024-09-15T13:49:52.154+0000] {spark_submit.py:579} INFO - 24/09/15 13:49:52 INFO LBFGS: Step Size: 1.000
[2024-09-15T13:49:52.155+0000] {spark_submit.py:579} INFO - 24/09/15 13:49:52 INFO LBFGS: Val and Grad Norm: 0.437607 (rel: 0.000466) 0.0149448
[2024-09-15T13:49:52.157+0000] {spark_submit.py:579} INFO - 24/09/15 13:49:52 INFO LBFGS: Step Size: 1.000
[2024-09-15T13:49:52.158+0000] {spark_submit.py:579} INFO - 24/09/15 13:49:52 INFO LBFGS: Val and Grad Norm: 0.437223 (rel: 0.000877) 0.0131781
[2024-09-15T13:49:52.161+0000] {spark_submit.py:579} INFO - 24/09/15 13:49:52 INFO LBFGS: Step Size: 1.000
[2024-09-15T13:49:52.162+0000] {spark_submit.py:579} INFO - 24/09/15 13:49:52 INFO LBFGS: Val and Grad Norm: 0.436921 (rel: 0.000692) 0.0191657
[2024-09-15T13:49:52.164+0000] {spark_submit.py:579} INFO - 24/09/15 13:49:52 INFO LBFGS: Step Size: 1.000
[2024-09-15T13:49:52.165+0000] {spark_submit.py:579} INFO - 24/09/15 13:49:52 INFO LBFGS: Val and Grad Norm: 0.436662 (rel: 0.000592) 0.0134749
[2024-09-15T13:49:52.167+0000] {spark_submit.py:579} INFO - 24/09/15 13:49:52 INFO LBFGS: Step Size: 1.000
[2024-09-15T13:49:52.168+0000] {spark_submit.py:579} INFO - 24/09/15 13:49:52 INFO LBFGS: Val and Grad Norm: 0.436577 (rel: 0.000196) 0.00666648
[2024-09-15T13:49:52.171+0000] {spark_submit.py:579} INFO - 24/09/15 13:49:52 INFO LBFGS: Step Size: 1.000
[2024-09-15T13:49:52.172+0000] {spark_submit.py:579} INFO - 24/09/15 13:49:52 INFO LBFGS: Val and Grad Norm: 0.436559 (rel: 4.06e-05) 0.00121255
[2024-09-15T13:49:52.173+0000] {spark_submit.py:579} INFO - 24/09/15 13:49:52 INFO LBFGS: Step Size: 1.000
[2024-09-15T13:49:52.175+0000] {spark_submit.py:579} INFO - 24/09/15 13:49:52 INFO LBFGS: Val and Grad Norm: 0.436559 (rel: 1.16e-06) 0.000254488
[2024-09-15T13:49:52.177+0000] {spark_submit.py:579} INFO - 24/09/15 13:49:52 INFO LBFGS: Step Size: 1.000
[2024-09-15T13:49:52.178+0000] {spark_submit.py:579} INFO - 24/09/15 13:49:52 INFO LBFGS: Val and Grad Norm: 0.436559 (rel: 7.88e-08) 0.000106326
[2024-09-15T13:49:52.180+0000] {spark_submit.py:579} INFO - 24/09/15 13:49:52 INFO LBFGS: Step Size: 1.000
[2024-09-15T13:49:52.182+0000] {spark_submit.py:579} INFO - 24/09/15 13:49:52 INFO LBFGS: Val and Grad Norm: 0.436559 (rel: 1.40e-08) 2.70269e-05
[2024-09-15T13:49:52.183+0000] {spark_submit.py:579} INFO - 24/09/15 13:49:52 INFO LBFGS: Step Size: 1.000
[2024-09-15T13:49:52.185+0000] {spark_submit.py:579} INFO - 24/09/15 13:49:52 INFO LBFGS: Val and Grad Norm: 0.436559 (rel: 1.94e-10) 2.52166e-05
[2024-09-15T13:49:52.187+0000] {spark_submit.py:579} INFO - 24/09/15 13:49:52 INFO LBFGS: Step Size: 1.000
[2024-09-15T13:49:52.188+0000] {spark_submit.py:579} INFO - 24/09/15 13:49:52 INFO LBFGS: Val and Grad Norm: 0.436559 (rel: 2.73e-10) 1.45511e-06
[2024-09-15T13:49:52.190+0000] {spark_submit.py:579} INFO - 24/09/15 13:49:52 INFO LBFGS: Step Size: 1.000
[2024-09-15T13:49:52.191+0000] {spark_submit.py:579} INFO - 24/09/15 13:49:52 INFO LBFGS: Val and Grad Norm: 0.436559 (rel: 1.27e-12) 5.14010e-07
[2024-09-15T13:49:52.194+0000] {spark_submit.py:579} INFO - 24/09/15 13:49:52 INFO LBFGS: Step Size: 1.000
[2024-09-15T13:49:52.195+0000] {spark_submit.py:579} INFO - 24/09/15 13:49:52 INFO LBFGS: Val and Grad Norm: 0.436559 (rel: 3.00e-13) 3.46724e-07
[2024-09-15T13:49:52.197+0000] {spark_submit.py:579} INFO - 24/09/15 13:49:52 INFO LBFGS: Converged because gradient converged
[2024-09-15T13:49:52.802+0000] {spark_submit.py:579} INFO - 24/09/15 13:49:52 INFO CodeGenerator: Code generated in 101.152147 ms
[2024-09-15T13:49:52.809+0000] {spark_submit.py:579} INFO - 24/09/15 13:49:52 INFO MemoryStore: Block broadcast_12 stored as values in memory (estimated size 200.7 KiB, free 433.7 MiB)
[2024-09-15T13:49:52.838+0000] {spark_submit.py:579} INFO - 24/09/15 13:49:52 INFO MemoryStore: Block broadcast_12_piece0 stored as bytes in memory (estimated size 34.7 KiB, free 433.7 MiB)
[2024-09-15T13:49:52.842+0000] {spark_submit.py:579} INFO - 24/09/15 13:49:52 INFO BlockManagerInfo: Added broadcast_12_piece0 in memory on fb744bf0dc86:36541 (size: 34.7 KiB, free: 434.3 MiB)
[2024-09-15T13:49:52.844+0000] {spark_submit.py:579} INFO - 24/09/15 13:49:52 INFO SparkContext: Created broadcast 12 from
[2024-09-15T13:49:53.015+0000] {spark_submit.py:579} INFO - 24/09/15 13:49:53 INFO FileInputFormat: Total input files to process : 2
[2024-09-15T13:49:53.076+0000] {spark_submit.py:579} INFO - 24/09/15 13:49:53 INFO SparkContext: Starting job: treeAggregate at Statistics.scala:58
[2024-09-15T13:49:53.080+0000] {spark_submit.py:579} INFO - 24/09/15 13:49:53 INFO DAGScheduler: Got job 7 (treeAggregate at Statistics.scala:58) with 2 output partitions
[2024-09-15T13:49:53.082+0000] {spark_submit.py:579} INFO - 24/09/15 13:49:53 INFO DAGScheduler: Final stage: ResultStage 10 (treeAggregate at Statistics.scala:58)
[2024-09-15T13:49:53.089+0000] {spark_submit.py:579} INFO - 24/09/15 13:49:53 INFO DAGScheduler: Parents of final stage: List()
[2024-09-15T13:49:53.091+0000] {spark_submit.py:579} INFO - 24/09/15 13:49:53 INFO DAGScheduler: Missing parents: List()
[2024-09-15T13:49:53.093+0000] {spark_submit.py:579} INFO - 24/09/15 13:49:53 INFO DAGScheduler: Submitting ResultStage 10 (MapPartitionsRDD[58] at treeAggregate at Statistics.scala:58), which has no missing parents
[2024-09-15T13:49:53.102+0000] {spark_submit.py:579} INFO - 24/09/15 13:49:53 INFO MemoryStore: Block broadcast_13 stored as values in memory (estimated size 158.0 KiB, free 433.6 MiB)
[2024-09-15T13:49:53.125+0000] {spark_submit.py:579} INFO - 24/09/15 13:49:53 INFO MemoryStore: Block broadcast_13_piece0 stored as bytes in memory (estimated size 56.8 KiB, free 433.5 MiB)
[2024-09-15T13:49:53.129+0000] {spark_submit.py:579} INFO - 24/09/15 13:49:53 INFO BlockManagerInfo: Added broadcast_13_piece0 in memory on fb744bf0dc86:36541 (size: 56.8 KiB, free: 434.2 MiB)
[2024-09-15T13:49:53.131+0000] {spark_submit.py:579} INFO - 24/09/15 13:49:53 INFO SparkContext: Created broadcast 13 from broadcast at DAGScheduler.scala:1585
[2024-09-15T13:49:53.132+0000] {spark_submit.py:579} INFO - 24/09/15 13:49:53 INFO DAGScheduler: Submitting 2 missing tasks from ResultStage 10 (MapPartitionsRDD[58] at treeAggregate at Statistics.scala:58) (first 15 tasks are for partitions Vector(0, 1))
[2024-09-15T13:49:53.134+0000] {spark_submit.py:579} INFO - 24/09/15 13:49:53 INFO TaskSchedulerImpl: Adding task set 10.0 with 2 tasks resource profile 0
[2024-09-15T13:49:53.137+0000] {spark_submit.py:579} INFO - 24/09/15 13:49:53 INFO TaskSetManager: Starting task 0.0 in stage 10.0 (TID 11) (fb744bf0dc86, executor driver, partition 0, ANY, 9130 bytes)
[2024-09-15T13:49:53.139+0000] {spark_submit.py:579} INFO - 24/09/15 13:49:53 INFO TaskSetManager: Starting task 1.0 in stage 10.0 (TID 12) (fb744bf0dc86, executor driver, partition 1, ANY, 9130 bytes)
[2024-09-15T13:49:53.151+0000] {spark_submit.py:579} INFO - 24/09/15 13:49:53 INFO Executor: Running task 1.0 in stage 10.0 (TID 12)
[2024-09-15T13:49:53.152+0000] {spark_submit.py:579} INFO - 24/09/15 13:49:53 INFO Executor: Running task 0.0 in stage 10.0 (TID 11)
[2024-09-15T13:49:53.212+0000] {spark_submit.py:579} INFO - 24/09/15 13:49:53 INFO HadoopRDD: Input split: hdfs://namenode:9000/user/hive/warehouse/processed_airbnb_data/part-00000-5e934543-511c-482f-8421-8f93be900468-c000:0+710549
[2024-09-15T13:49:53.213+0000] {spark_submit.py:579} INFO - 24/09/15 13:49:53 INFO HadoopRDD: Input split: hdfs://namenode:9000/user/hive/warehouse/processed_airbnb_data/part-00001-5e934543-511c-482f-8421-8f93be900468-c000:0+693561
[2024-09-15T13:49:53.470+0000] {spark_submit.py:579} INFO - 24/09/15 13:49:53 INFO CodeGenerator: Code generated in 233.012223 ms
[2024-09-15T13:49:53.548+0000] {spark_submit.py:579} INFO - 24/09/15 13:49:53 INFO CodeGenerator: Code generated in 34.255546 ms
[2024-09-15T13:49:55.273+0000] {spark_submit.py:579} INFO - 24/09/15 13:49:55 INFO Executor: Finished task 1.0 in stage 10.0 (TID 12). 2944 bytes result sent to driver
[2024-09-15T13:49:55.317+0000] {spark_submit.py:579} INFO - 24/09/15 13:49:55 INFO TaskSetManager: Finished task 1.0 in stage 10.0 (TID 12) in 2144 ms on fb744bf0dc86 (executor driver) (1/2)
[2024-09-15T13:49:55.401+0000] {spark_submit.py:579} INFO - 24/09/15 13:49:55 INFO Executor: Finished task 0.0 in stage 10.0 (TID 11). 2944 bytes result sent to driver
[2024-09-15T13:49:55.411+0000] {spark_submit.py:579} INFO - 24/09/15 13:49:55 INFO TaskSetManager: Finished task 0.0 in stage 10.0 (TID 11) in 2275 ms on fb744bf0dc86 (executor driver) (2/2)
[2024-09-15T13:49:55.414+0000] {spark_submit.py:579} INFO - 24/09/15 13:49:55 INFO TaskSchedulerImpl: Removed TaskSet 10.0, whose tasks have all completed, from pool
[2024-09-15T13:49:55.416+0000] {spark_submit.py:579} INFO - 24/09/15 13:49:55 INFO DAGScheduler: ResultStage 10 (treeAggregate at Statistics.scala:58) finished in 2.325 s
[2024-09-15T13:49:55.418+0000] {spark_submit.py:579} INFO - 24/09/15 13:49:55 INFO DAGScheduler: Job 7 is finished. Cancelling potential speculative or zombie tasks for this job
[2024-09-15T13:49:55.420+0000] {spark_submit.py:579} INFO - 24/09/15 13:49:55 INFO TaskSchedulerImpl: Killing all running tasks in stage 10: Stage finished
[2024-09-15T13:49:55.430+0000] {spark_submit.py:579} INFO - 24/09/15 13:49:55 INFO DAGScheduler: Job 7 finished: treeAggregate at Statistics.scala:58, took 2.343741 s
[2024-09-15T13:49:55.492+0000] {spark_submit.py:579} INFO - Модель успешно обучена!
[2024-09-15T13:49:55.893+0000] {spark_submit.py:579} INFO - 24/09/15 13:49:55 INFO metastore: Trying to connect to metastore with URI thrift://hive-metastore:9083
[2024-09-15T13:49:55.901+0000] {spark_submit.py:579} INFO - 24/09/15 13:49:55 INFO metastore: Opened a connection to metastore, current connections: 2
[2024-09-15T13:49:55.978+0000] {spark_submit.py:579} INFO - 24/09/15 13:49:55 INFO metastore: Connected to metastore.
[2024-09-15T13:49:56.987+0000] {spark_submit.py:579} INFO - Успешно создана таблица processed_airbnb_data!
[2024-09-15T13:49:57.512+0000] {spark_submit.py:579} INFO - Traceback (most recent call last):
[2024-09-15T13:49:57.514+0000] {spark_submit.py:579} INFO - File "/opt/***/dags/air_train_model.py", line 86, in <module>
[2024-09-15T13:49:57.518+0000] {spark_submit.py:579} INFO - test_data.write.mode("overwrite").insertInto("test_data")
[2024-09-15T13:49:57.519+0000] {spark_submit.py:579} INFO - File "/home/***/.local/lib/python3.12/site-packages/pyspark/sql/readwriter.py", line 1513, in insertInto
[2024-09-15T13:49:57.530+0000] {spark_submit.py:579} INFO - self._jwrite.insertInto(tableName)
[2024-09-15T13:49:57.532+0000] {spark_submit.py:579} INFO - File "/home/***/.local/lib/python3.12/site-packages/py4j/java_gateway.py", line 1322, in __call__
[2024-09-15T13:49:57.535+0000] {spark_submit.py:579} INFO - return_value = get_return_value(
[2024-09-15T13:49:57.537+0000] {spark_submit.py:579} INFO - ^^^^^^^^^^^^^^^^^
[2024-09-15T13:49:57.539+0000] {spark_submit.py:579} INFO - File "/home/***/.local/lib/python3.12/site-packages/pyspark/errors/exceptions/captured.py", line 185, in deco
[2024-09-15T13:49:57.541+0000] {spark_submit.py:579} INFO - raise converted from None
[2024-09-15T13:49:57.572+0000] {spark_submit.py:579} INFO - pyspark.errors.exceptions.captured.AnalysisException: [INSERT_COLUMN_ARITY_MISMATCH.TOO_MANY_DATA_COLUMNS] Cannot write to `spark_catalog`.`default`.`test_data`, the reason is too many data columns:
[2024-09-15T13:49:57.576+0000] {spark_submit.py:579} INFO - Table columns: `neighbourhood_group`, `neighbourhood`, `room_type`, `price`, `minimum_nights`, `number_of_reviews`, `calculated_host_listings_count`, `availability_365`.
[2024-09-15T13:49:57.577+0000] {spark_submit.py:579} INFO - Data columns: `neighbourhood_group`, `neighbourhood`, `room_type`, `price`, `minimum_nights`, `number_of_reviews`, `calculated_host_listings_count`, `availability_365`, `neighbourhood_group_index`, `neighbourhood_index`, `room_type_index`, `neighbourhood_group_ohe`, `neighbourhood_ohe`, `room_type_ohe`, `features`.
[2024-09-15T13:49:58.101+0000] {spark_submit.py:579} INFO - 24/09/15 13:49:58 INFO SparkContext: Invoking stop() from shutdown hook
[2024-09-15T13:49:58.105+0000] {spark_submit.py:579} INFO - 24/09/15 13:49:58 INFO SparkContext: SparkContext is stopping with exitCode 0.
[2024-09-15T13:49:58.159+0000] {spark_submit.py:579} INFO - 24/09/15 13:49:58 INFO SparkUI: Stopped Spark web UI at http://fb744bf0dc86:4040
[2024-09-15T13:49:58.220+0000] {spark_submit.py:579} INFO - 24/09/15 13:49:58 INFO MapOutputTrackerMasterEndpoint: MapOutputTrackerMasterEndpoint stopped!
[2024-09-15T13:49:58.612+0000] {spark_submit.py:579} INFO - 24/09/15 13:49:58 INFO MemoryStore: MemoryStore cleared
[2024-09-15T13:49:58.615+0000] {spark_submit.py:579} INFO - 24/09/15 13:49:58 INFO BlockManager: BlockManager stopped
[2024-09-15T13:49:58.634+0000] {spark_submit.py:579} INFO - 24/09/15 13:49:58 INFO BlockManagerMaster: BlockManagerMaster stopped
[2024-09-15T13:49:58.653+0000] {spark_submit.py:579} INFO - 24/09/15 13:49:58 INFO OutputCommitCoordinator$OutputCommitCoordinatorEndpoint: OutputCommitCoordinator stopped!
[2024-09-15T13:49:58.697+0000] {spark_submit.py:579} INFO - 24/09/15 13:49:58 INFO SparkContext: Successfully stopped SparkContext
[2024-09-15T13:49:58.699+0000] {spark_submit.py:579} INFO - 24/09/15 13:49:58 INFO ShutdownHookManager: Shutdown hook called
[2024-09-15T13:49:58.701+0000] {spark_submit.py:579} INFO - 24/09/15 13:49:58 INFO ShutdownHookManager: Deleting directory /tmp/spark-ecd04a9f-879f-4554-bd4a-86231a6fad35/pyspark-39f27cd7-6a95-4784-a015-bc02dfe69be6
[2024-09-15T13:49:58.720+0000] {spark_submit.py:579} INFO - 24/09/15 13:49:58 INFO ShutdownHookManager: Deleting directory /tmp/spark-1a346d1e-66e1-4332-a4ba-b3e89ad3f325
[2024-09-15T13:49:58.744+0000] {spark_submit.py:579} INFO - 24/09/15 13:49:58 INFO ShutdownHookManager: Deleting directory /tmp/spark-ecd04a9f-879f-4554-bd4a-86231a6fad35
[2024-09-15T13:49:59.171+0000] {taskinstance.py:3310} ERROR - Task failed with exception
Traceback (most recent call last):
  File "/home/airflow/.local/lib/python3.12/site-packages/airflow/models/taskinstance.py", line 767, in _execute_task
    result = _execute_callable(context=context, **execute_callable_kwargs)
             ^^^^^^^^^^^^^^^^^^^^^^^^^^^^^^^^^^^^^^^^^^^^^^^^^^^^^^^^^^^^^
  File "/home/airflow/.local/lib/python3.12/site-packages/airflow/models/taskinstance.py", line 733, in _execute_callable
    return ExecutionCallableRunner(
           ^^^^^^^^^^^^^^^^^^^^^^^^
  File "/home/airflow/.local/lib/python3.12/site-packages/airflow/utils/operator_helpers.py", line 252, in run
    return self.func(*args, **kwargs)
           ^^^^^^^^^^^^^^^^^^^^^^^^^^
  File "/home/airflow/.local/lib/python3.12/site-packages/airflow/models/baseoperator.py", line 406, in wrapper
    return func(self, *args, **kwargs)
           ^^^^^^^^^^^^^^^^^^^^^^^^^^^
  File "/home/airflow/.local/lib/python3.12/site-packages/airflow/providers/apache/spark/operators/spark_submit.py", line 174, in execute
    self._hook.submit(self.application)
  File "/home/airflow/.local/lib/python3.12/site-packages/airflow/providers/apache/spark/hooks/spark_submit.py", line 505, in submit
    raise AirflowException(
airflow.exceptions.AirflowException: Cannot execute: spark-submit --master spark://spark-master:7077 --conf spark.master=spark://spark-master:7077 --name arrow-spark --verbose --deploy-mode client /opt/***/dags/air_train_model.py. Error code is: 1.
[2024-09-15T13:49:59.298+0000] {taskinstance.py:1225} INFO - Marking task as UP_FOR_RETRY. dag_id=airbnb_model, task_id=train_model, run_id=scheduled__2024-09-14T00:00:00+00:00, execution_date=20240914T000000, start_date=20240915T134912, end_date=20240915T134959
[2024-09-15T13:49:59.390+0000] {taskinstance.py:340} INFO - ::group::Post task execution logs
[2024-09-15T13:49:59.393+0000] {standard_task_runner.py:124} ERROR - Failed to execute job 742 for task train_model (Cannot execute: spark-submit --master spark://spark-master:7077 --conf spark.master=spark://spark-master:7077 --name arrow-spark --verbose --deploy-mode client /opt/***/dags/air_train_model.py. Error code is: 1.; 10262)
Traceback (most recent call last):
  File "/home/airflow/.local/lib/python3.12/site-packages/airflow/task/task_runner/standard_task_runner.py", line 117, in _start_by_fork
    ret = args.func(args, dag=self.dag)
          ^^^^^^^^^^^^^^^^^^^^^^^^^^^^^
  File "/home/airflow/.local/lib/python3.12/site-packages/airflow/cli/cli_config.py", line 49, in command
    return func(*args, **kwargs)
           ^^^^^^^^^^^^^^^^^^^^^
  File "/home/airflow/.local/lib/python3.12/site-packages/airflow/utils/cli.py", line 115, in wrapper
    return f(*args, **kwargs)
           ^^^^^^^^^^^^^^^^^^
  File "/home/airflow/.local/lib/python3.12/site-packages/airflow/cli/commands/task_command.py", line 483, in task_run
    task_return_code = _run_task_by_selected_method(args, _dag, ti)
                       ^^^^^^^^^^^^^^^^^^^^^^^^^^^^^^^^^^^^^^^^^^^^
  File "/home/airflow/.local/lib/python3.12/site-packages/airflow/cli/commands/task_command.py", line 256, in _run_task_by_selected_method
    return _run_raw_task(args, ti)
           ^^^^^^^^^^^^^^^^^^^^^^^
  File "/home/airflow/.local/lib/python3.12/site-packages/airflow/cli/commands/task_command.py", line 341, in _run_raw_task
    return ti._run_raw_task(
           ^^^^^^^^^^^^^^^^^
  File "/home/airflow/.local/lib/python3.12/site-packages/airflow/utils/session.py", line 97, in wrapper
    return func(*args, session=session, **kwargs)
           ^^^^^^^^^^^^^^^^^^^^^^^^^^^^^^^^^^^^^^
  File "/home/airflow/.local/lib/python3.12/site-packages/airflow/models/taskinstance.py", line 3004, in _run_raw_task
    return _run_raw_task(
           ^^^^^^^^^^^^^^
  File "/home/airflow/.local/lib/python3.12/site-packages/airflow/models/taskinstance.py", line 273, in _run_raw_task
    TaskInstance._execute_task_with_callbacks(
  File "/home/airflow/.local/lib/python3.12/site-packages/airflow/models/taskinstance.py", line 3158, in _execute_task_with_callbacks
    result = self._execute_task(context, task_orig)
             ^^^^^^^^^^^^^^^^^^^^^^^^^^^^^^^^^^^^^^
  File "/home/airflow/.local/lib/python3.12/site-packages/airflow/models/taskinstance.py", line 3182, in _execute_task
    return _execute_task(self, context, task_orig)
           ^^^^^^^^^^^^^^^^^^^^^^^^^^^^^^^^^^^^^^^
  File "/home/airflow/.local/lib/python3.12/site-packages/airflow/models/taskinstance.py", line 767, in _execute_task
    result = _execute_callable(context=context, **execute_callable_kwargs)
             ^^^^^^^^^^^^^^^^^^^^^^^^^^^^^^^^^^^^^^^^^^^^^^^^^^^^^^^^^^^^^
  File "/home/airflow/.local/lib/python3.12/site-packages/airflow/models/taskinstance.py", line 733, in _execute_callable
    return ExecutionCallableRunner(
           ^^^^^^^^^^^^^^^^^^^^^^^^
  File "/home/airflow/.local/lib/python3.12/site-packages/airflow/utils/operator_helpers.py", line 252, in run
    return self.func(*args, **kwargs)
           ^^^^^^^^^^^^^^^^^^^^^^^^^^
  File "/home/airflow/.local/lib/python3.12/site-packages/airflow/models/baseoperator.py", line 406, in wrapper
    return func(self, *args, **kwargs)
           ^^^^^^^^^^^^^^^^^^^^^^^^^^^
  File "/home/airflow/.local/lib/python3.12/site-packages/airflow/providers/apache/spark/operators/spark_submit.py", line 174, in execute
    self._hook.submit(self.application)
  File "/home/airflow/.local/lib/python3.12/site-packages/airflow/providers/apache/spark/hooks/spark_submit.py", line 505, in submit
    raise AirflowException(
airflow.exceptions.AirflowException: Cannot execute: spark-submit --master spark://spark-master:7077 --conf spark.master=spark://spark-master:7077 --name arrow-spark --verbose --deploy-mode client /opt/***/dags/air_train_model.py. Error code is: 1.
[2024-09-15T13:49:59.447+0000] {local_task_job_runner.py:266} INFO - Task exited with return code 1
[2024-09-15T13:49:59.545+0000] {taskinstance.py:3900} INFO - 0 downstream tasks scheduled from follow-on schedule check
[2024-09-15T13:49:59.551+0000] {local_task_job_runner.py:245} INFO - ::endgroup::
