[2024-09-15T13:55:41.166+0000] {local_task_job_runner.py:123} INFO - ::group::Pre task execution logs
[2024-09-15T13:55:41.195+0000] {taskinstance.py:2612} INFO - Dependencies all met for dep_context=non-requeueable deps ti=<TaskInstance: airbnb_model.train_model scheduled__2024-09-14T00:00:00+00:00 [queued]>
[2024-09-15T13:55:41.212+0000] {taskinstance.py:2612} INFO - Dependencies all met for dep_context=requeueable deps ti=<TaskInstance: airbnb_model.train_model scheduled__2024-09-14T00:00:00+00:00 [queued]>
[2024-09-15T13:55:41.213+0000] {taskinstance.py:2865} INFO - Starting attempt 5 of 8
[2024-09-15T13:55:41.238+0000] {taskinstance.py:2888} INFO - Executing <Task(SparkSubmitOperator): train_model> on 2024-09-14 00:00:00+00:00
[2024-09-15T13:55:41.254+0000] {standard_task_runner.py:104} INFO - Running: ['***', 'tasks', 'run', 'airbnb_model', 'train_model', 'scheduled__2024-09-14T00:00:00+00:00', '--job-id', '743', '--raw', '--subdir', 'DAGS_FOLDER/air_price_pred_dag.py', '--cfg-path', '/tmp/tmp7f9qbh0t']
[2024-09-15T13:55:41.257+0000] {standard_task_runner.py:105} INFO - Job 743: Subtask train_model
[2024-09-15T13:55:41.258+0000] {logging_mixin.py:190} WARNING - /home/***/.local/lib/python3.12/site-packages/***/task/task_runner/standard_task_runner.py:70 DeprecationWarning: This process (pid=10832) is multi-threaded, use of fork() may lead to deadlocks in the child.
[2024-09-15T13:55:41.260+0000] {standard_task_runner.py:72} INFO - Started process 10833 to run task
[2024-09-15T13:55:41.331+0000] {task_command.py:467} INFO - Running <TaskInstance: airbnb_model.train_model scheduled__2024-09-14T00:00:00+00:00 [running]> on host fb744bf0dc86
[2024-09-15T13:55:41.470+0000] {taskinstance.py:3131} INFO - Exporting env vars: AIRFLOW_CTX_DAG_OWNER='Denis' AIRFLOW_CTX_DAG_ID='airbnb_model' AIRFLOW_CTX_TASK_ID='train_model' AIRFLOW_CTX_EXECUTION_DATE='2024-09-14T00:00:00+00:00' AIRFLOW_CTX_TRY_NUMBER='5' AIRFLOW_CTX_DAG_RUN_ID='scheduled__2024-09-14T00:00:00+00:00'
[2024-09-15T13:55:41.472+0000] {taskinstance.py:731} INFO - ::endgroup::
[2024-09-15T13:55:41.563+0000] {base.py:84} INFO - Retrieving connection 'spark_default'
[2024-09-15T13:55:41.565+0000] {spark_submit.py:403} INFO - Spark-Submit cmd: spark-submit --master spark://spark-master:7077 --conf spark.master=spark://spark-master:7077 --name arrow-spark --verbose --deploy-mode client /opt/***/dags/air_train_model.py
[2024-09-15T13:55:45.818+0000] {spark_submit.py:579} INFO - Using properties file: null
[2024-09-15T13:55:46.037+0000] {spark_submit.py:579} INFO - Parsed arguments:
[2024-09-15T13:55:46.038+0000] {spark_submit.py:579} INFO - master                  spark://spark-master:7077
[2024-09-15T13:55:46.039+0000] {spark_submit.py:579} INFO - remote                  null
[2024-09-15T13:55:46.040+0000] {spark_submit.py:579} INFO - deployMode              client
[2024-09-15T13:55:46.041+0000] {spark_submit.py:579} INFO - executorMemory          null
[2024-09-15T13:55:46.042+0000] {spark_submit.py:579} INFO - executorCores           null
[2024-09-15T13:55:46.043+0000] {spark_submit.py:579} INFO - totalExecutorCores      null
[2024-09-15T13:55:46.044+0000] {spark_submit.py:579} INFO - propertiesFile          null
[2024-09-15T13:55:46.044+0000] {spark_submit.py:579} INFO - driverMemory            null
[2024-09-15T13:55:46.045+0000] {spark_submit.py:579} INFO - driverCores             null
[2024-09-15T13:55:46.046+0000] {spark_submit.py:579} INFO - driverExtraClassPath    null
[2024-09-15T13:55:46.047+0000] {spark_submit.py:579} INFO - driverExtraLibraryPath  null
[2024-09-15T13:55:46.048+0000] {spark_submit.py:579} INFO - driverExtraJavaOptions  null
[2024-09-15T13:55:46.049+0000] {spark_submit.py:579} INFO - supervise               false
[2024-09-15T13:55:46.050+0000] {spark_submit.py:579} INFO - queue                   null
[2024-09-15T13:55:46.051+0000] {spark_submit.py:579} INFO - numExecutors            null
[2024-09-15T13:55:46.052+0000] {spark_submit.py:579} INFO - files                   null
[2024-09-15T13:55:46.053+0000] {spark_submit.py:579} INFO - pyFiles                 null
[2024-09-15T13:55:46.054+0000] {spark_submit.py:579} INFO - archives                null
[2024-09-15T13:55:46.055+0000] {spark_submit.py:579} INFO - mainClass               null
[2024-09-15T13:55:46.056+0000] {spark_submit.py:579} INFO - primaryResource         file:/opt/***/dags/air_train_model.py
[2024-09-15T13:55:46.057+0000] {spark_submit.py:579} INFO - name                    arrow-spark
[2024-09-15T13:55:46.057+0000] {spark_submit.py:579} INFO - childArgs               []
[2024-09-15T13:55:46.058+0000] {spark_submit.py:579} INFO - jars                    null
[2024-09-15T13:55:46.060+0000] {spark_submit.py:579} INFO - packages                null
[2024-09-15T13:55:46.061+0000] {spark_submit.py:579} INFO - packagesExclusions      null
[2024-09-15T13:55:46.062+0000] {spark_submit.py:579} INFO - repositories            null
[2024-09-15T13:55:46.063+0000] {spark_submit.py:579} INFO - verbose                 true
[2024-09-15T13:55:46.064+0000] {spark_submit.py:579} INFO - 
[2024-09-15T13:55:46.065+0000] {spark_submit.py:579} INFO - Spark properties used, including those specified through
[2024-09-15T13:55:46.066+0000] {spark_submit.py:579} INFO - --conf and those from the properties file null:
[2024-09-15T13:55:46.067+0000] {spark_submit.py:579} INFO - (spark.master,spark://spark-master:7077)
[2024-09-15T13:55:46.068+0000] {spark_submit.py:579} INFO - 
[2024-09-15T13:55:46.069+0000] {spark_submit.py:579} INFO - 
[2024-09-15T13:55:46.730+0000] {spark_submit.py:579} INFO - Main class:
[2024-09-15T13:55:46.731+0000] {spark_submit.py:579} INFO - org.apache.spark.deploy.PythonRunner
[2024-09-15T13:55:46.733+0000] {spark_submit.py:579} INFO - Arguments:
[2024-09-15T13:55:46.734+0000] {spark_submit.py:579} INFO - file:/opt/***/dags/air_train_model.py
[2024-09-15T13:55:46.736+0000] {spark_submit.py:579} INFO - null
[2024-09-15T13:55:46.738+0000] {spark_submit.py:579} INFO - Spark config:
[2024-09-15T13:55:46.739+0000] {spark_submit.py:579} INFO - (spark.app.name,arrow-spark)
[2024-09-15T13:55:46.741+0000] {spark_submit.py:579} INFO - (spark.app.submitTime,1726408546693)
[2024-09-15T13:55:46.742+0000] {spark_submit.py:579} INFO - (spark.master,spark://spark-master:7077)
[2024-09-15T13:55:46.743+0000] {spark_submit.py:579} INFO - (spark.submit.deployMode,client)
[2024-09-15T13:55:46.745+0000] {spark_submit.py:579} INFO - (spark.submit.pyFiles,)
[2024-09-15T13:55:46.746+0000] {spark_submit.py:579} INFO - Classpath elements:
[2024-09-15T13:55:46.747+0000] {spark_submit.py:579} INFO - 
[2024-09-15T13:55:46.748+0000] {spark_submit.py:579} INFO - 
[2024-09-15T13:55:46.750+0000] {spark_submit.py:579} INFO - 
[2024-09-15T13:55:49.690+0000] {spark_submit.py:579} INFO - 24/09/15 13:55:49 INFO SparkContext: Running Spark version 3.5.2
[2024-09-15T13:55:49.698+0000] {spark_submit.py:579} INFO - 24/09/15 13:55:49 INFO SparkContext: OS info Linux, 5.15.153.1-microsoft-standard-WSL2, amd64
[2024-09-15T13:55:49.699+0000] {spark_submit.py:579} INFO - 24/09/15 13:55:49 INFO SparkContext: Java version 17.0.12
[2024-09-15T13:55:49.855+0000] {spark_submit.py:579} INFO - 24/09/15 13:55:49 WARN NativeCodeLoader: Unable to load native-hadoop library for your platform... using builtin-java classes where applicable
[2024-09-15T13:55:50.112+0000] {spark_submit.py:579} INFO - 24/09/15 13:55:50 INFO ResourceUtils: ==============================================================
[2024-09-15T13:55:50.122+0000] {spark_submit.py:579} INFO - 24/09/15 13:55:50 INFO ResourceUtils: No custom resources configured for spark.driver.
[2024-09-15T13:55:50.132+0000] {spark_submit.py:579} INFO - 24/09/15 13:55:50 INFO ResourceUtils: ==============================================================
[2024-09-15T13:55:50.134+0000] {spark_submit.py:579} INFO - 24/09/15 13:55:50 INFO SparkContext: Submitted application: Airbnb_train_model
[2024-09-15T13:55:50.163+0000] {spark_submit.py:579} INFO - 24/09/15 13:55:50 INFO ResourceProfile: Default ResourceProfile created, executor resources: Map(cores -> name: cores, amount: 1, script: , vendor: , memory -> name: memory, amount: 1024, script: , vendor: , offHeap -> name: offHeap, amount: 0, script: , vendor: ), task resources: Map(cpus -> name: cpus, amount: 1.0)
[2024-09-15T13:55:50.184+0000] {spark_submit.py:579} INFO - 24/09/15 13:55:50 INFO ResourceProfile: Limiting resource is cpu
[2024-09-15T13:55:50.186+0000] {spark_submit.py:579} INFO - 24/09/15 13:55:50 INFO ResourceProfileManager: Added ResourceProfile id: 0
[2024-09-15T13:55:50.345+0000] {spark_submit.py:579} INFO - 24/09/15 13:55:50 INFO SecurityManager: Changing view acls to: ***
[2024-09-15T13:55:50.346+0000] {spark_submit.py:579} INFO - 24/09/15 13:55:50 INFO SecurityManager: Changing modify acls to: ***
[2024-09-15T13:55:50.348+0000] {spark_submit.py:579} INFO - 24/09/15 13:55:50 INFO SecurityManager: Changing view acls groups to:
[2024-09-15T13:55:50.349+0000] {spark_submit.py:579} INFO - 24/09/15 13:55:50 INFO SecurityManager: Changing modify acls groups to:
[2024-09-15T13:55:50.350+0000] {spark_submit.py:579} INFO - 24/09/15 13:55:50 INFO SecurityManager: SecurityManager: authentication disabled; ui acls disabled; users with view permissions: ***; groups with view permissions: EMPTY; users with modify permissions: ***; groups with modify permissions: EMPTY
[2024-09-15T13:55:50.897+0000] {spark_submit.py:579} INFO - 24/09/15 13:55:50 INFO Utils: Successfully started service 'sparkDriver' on port 36899.
[2024-09-15T13:55:50.990+0000] {spark_submit.py:579} INFO - 24/09/15 13:55:50 INFO SparkEnv: Registering MapOutputTracker
[2024-09-15T13:55:51.073+0000] {spark_submit.py:579} INFO - 24/09/15 13:55:51 INFO SparkEnv: Registering BlockManagerMaster
[2024-09-15T13:55:51.108+0000] {spark_submit.py:579} INFO - 24/09/15 13:55:51 INFO BlockManagerMasterEndpoint: Using org.apache.spark.storage.DefaultTopologyMapper for getting topology information
[2024-09-15T13:55:51.110+0000] {spark_submit.py:579} INFO - 24/09/15 13:55:51 INFO BlockManagerMasterEndpoint: BlockManagerMasterEndpoint up
[2024-09-15T13:55:51.118+0000] {spark_submit.py:579} INFO - 24/09/15 13:55:51 INFO SparkEnv: Registering BlockManagerMasterHeartbeat
[2024-09-15T13:55:51.169+0000] {spark_submit.py:579} INFO - 24/09/15 13:55:51 INFO DiskBlockManager: Created local directory at /tmp/blockmgr-9328511e-fae6-427c-850c-20b2221f5a6b
[2024-09-15T13:55:51.197+0000] {spark_submit.py:579} INFO - 24/09/15 13:55:51 INFO MemoryStore: MemoryStore started with capacity 434.4 MiB
[2024-09-15T13:55:51.237+0000] {spark_submit.py:579} INFO - 24/09/15 13:55:51 INFO SparkEnv: Registering OutputCommitCoordinator
[2024-09-15T13:55:51.572+0000] {spark_submit.py:579} INFO - 24/09/15 13:55:51 INFO JettyUtils: Start Jetty 0.0.0.0:4040 for SparkUI
[2024-09-15T13:55:51.711+0000] {spark_submit.py:579} INFO - 24/09/15 13:55:51 INFO Utils: Successfully started service 'SparkUI' on port 4040.
[2024-09-15T13:55:51.905+0000] {spark_submit.py:579} INFO - 24/09/15 13:55:51 INFO Executor: Starting executor ID driver on host fb744bf0dc86
[2024-09-15T13:55:51.908+0000] {spark_submit.py:579} INFO - 24/09/15 13:55:51 INFO Executor: OS info Linux, 5.15.153.1-microsoft-standard-WSL2, amd64
[2024-09-15T13:55:51.909+0000] {spark_submit.py:579} INFO - 24/09/15 13:55:51 INFO Executor: Java version 17.0.12
[2024-09-15T13:55:51.944+0000] {spark_submit.py:579} INFO - 24/09/15 13:55:51 INFO Executor: Starting executor with user classpath (userClassPathFirst = false): ''
[2024-09-15T13:55:51.946+0000] {spark_submit.py:579} INFO - 24/09/15 13:55:51 INFO Executor: Created or updated repl class loader org.apache.spark.util.MutableURLClassLoader@2b2d567f for default.
[2024-09-15T13:55:52.026+0000] {spark_submit.py:579} INFO - 24/09/15 13:55:52 INFO Utils: Successfully started service 'org.apache.spark.network.netty.NettyBlockTransferService' on port 36087.
[2024-09-15T13:55:52.028+0000] {spark_submit.py:579} INFO - 24/09/15 13:55:52 INFO NettyBlockTransferService: Server created on fb744bf0dc86:36087
[2024-09-15T13:55:52.034+0000] {spark_submit.py:579} INFO - 24/09/15 13:55:52 INFO BlockManager: Using org.apache.spark.storage.RandomBlockReplicationPolicy for block replication policy
[2024-09-15T13:55:52.052+0000] {spark_submit.py:579} INFO - 24/09/15 13:55:52 INFO BlockManagerMaster: Registering BlockManager BlockManagerId(driver, fb744bf0dc86, 36087, None)
[2024-09-15T13:55:52.062+0000] {spark_submit.py:579} INFO - 24/09/15 13:55:52 INFO BlockManagerMasterEndpoint: Registering block manager fb744bf0dc86:36087 with 434.4 MiB RAM, BlockManagerId(driver, fb744bf0dc86, 36087, None)
[2024-09-15T13:55:52.068+0000] {spark_submit.py:579} INFO - 24/09/15 13:55:52 INFO BlockManagerMaster: Registered BlockManager BlockManagerId(driver, fb744bf0dc86, 36087, None)
[2024-09-15T13:55:52.071+0000] {spark_submit.py:579} INFO - 24/09/15 13:55:52 INFO BlockManager: Initialized BlockManager: BlockManagerId(driver, fb744bf0dc86, 36087, None)
[2024-09-15T13:55:53.723+0000] {spark_submit.py:579} INFO - 24/09/15 13:55:53 INFO SharedState: Setting hive.metastore.warehouse.dir ('null') to the value of spark.sql.warehouse.dir.
[2024-09-15T13:55:53.747+0000] {spark_submit.py:579} INFO - 24/09/15 13:55:53 INFO SharedState: Warehouse path is 'file:/user/hive/warehouse'.
[2024-09-15T13:55:55.893+0000] {spark_submit.py:579} INFO - 24/09/15 13:55:55 INFO HiveConf: Found configuration file null
[2024-09-15T13:55:55.910+0000] {spark_submit.py:579} INFO - 24/09/15 13:55:55 INFO HiveUtils: Initializing HiveMetastoreConnection version 2.3.9 using Spark classes.
[2024-09-15T13:55:56.345+0000] {spark_submit.py:579} INFO - 24/09/15 13:55:56 INFO HiveClientImpl: Warehouse location for Hive client (version 2.3.9) is file:/user/hive/warehouse
[2024-09-15T13:55:56.423+0000] {spark_submit.py:579} INFO - 24/09/15 13:55:56 INFO metastore: Trying to connect to metastore with URI thrift://hive-metastore:9083
[2024-09-15T13:55:56.471+0000] {spark_submit.py:579} INFO - 24/09/15 13:55:56 INFO metastore: Opened a connection to metastore, current connections: 1
[2024-09-15T13:55:56.573+0000] {spark_submit.py:579} INFO - 24/09/15 13:55:56 INFO metastore: Connected to metastore.
[2024-09-15T13:55:58.486+0000] {spark_submit.py:579} INFO - Таблица успешно считана!
[2024-09-15T13:56:01.535+0000] {spark_submit.py:579} INFO - 24/09/15 13:56:01 INFO CodeGenerator: Code generated in 341.820696 ms
[2024-09-15T13:56:01.582+0000] {spark_submit.py:579} INFO - 24/09/15 13:56:01 INFO SQLStdHiveAccessController: Created SQLStdHiveAccessController for session context : HiveAuthzSessionContext [sessionString=fe34d112-183a-4fdb-b959-71e137317eee, clientType=HIVECLI]
[2024-09-15T13:56:01.585+0000] {spark_submit.py:579} INFO - 24/09/15 13:56:01 WARN SessionState: METASTORE_FILTER_HOOK will be ignored, since hive.security.authorization.manager is set to instance of HiveAuthorizerFactory.
[2024-09-15T13:56:01.586+0000] {spark_submit.py:579} INFO - 24/09/15 13:56:01 INFO metastore: Mestastore configuration hive.metastore.filter.hook changed from org.apache.hadoop.hive.metastore.DefaultMetaStoreFilterHookImpl to org.apache.hadoop.hive.ql.security.authorization.plugin.AuthorizationMetaStoreFilterHook
[2024-09-15T13:56:01.597+0000] {spark_submit.py:579} INFO - 24/09/15 13:56:01 INFO metastore: Closed a connection to metastore, current connections: 0
[2024-09-15T13:56:01.602+0000] {spark_submit.py:579} INFO - 24/09/15 13:56:01 INFO metastore: Trying to connect to metastore with URI thrift://hive-metastore:9083
[2024-09-15T13:56:01.603+0000] {spark_submit.py:579} INFO - 24/09/15 13:56:01 INFO metastore: Opened a connection to metastore, current connections: 1
[2024-09-15T13:56:01.618+0000] {spark_submit.py:579} INFO - 24/09/15 13:56:01 INFO metastore: Connected to metastore.
[2024-09-15T13:56:02.118+0000] {spark_submit.py:579} INFO - 24/09/15 13:56:02 INFO MemoryStore: Block broadcast_0 stored as values in memory (estimated size 200.7 KiB, free 434.2 MiB)
[2024-09-15T13:56:02.231+0000] {spark_submit.py:579} INFO - 24/09/15 13:56:02 INFO MemoryStore: Block broadcast_0_piece0 stored as bytes in memory (estimated size 34.7 KiB, free 434.2 MiB)
[2024-09-15T13:56:02.238+0000] {spark_submit.py:579} INFO - 24/09/15 13:56:02 INFO BlockManagerInfo: Added broadcast_0_piece0 in memory on fb744bf0dc86:36087 (size: 34.7 KiB, free: 434.4 MiB)
[2024-09-15T13:56:02.247+0000] {spark_submit.py:579} INFO - 24/09/15 13:56:02 INFO SparkContext: Created broadcast 0 from
[2024-09-15T13:56:03.487+0000] {spark_submit.py:579} INFO - 24/09/15 13:56:03 INFO FileInputFormat: Total input files to process : 2
[2024-09-15T13:56:03.604+0000] {spark_submit.py:579} INFO - 24/09/15 13:56:03 INFO DAGScheduler: Registering RDD 6 (collect at StringIndexer.scala:204) as input to shuffle 0
[2024-09-15T13:56:03.617+0000] {spark_submit.py:579} INFO - 24/09/15 13:56:03 INFO DAGScheduler: Got map stage job 0 (collect at StringIndexer.scala:204) with 2 output partitions
[2024-09-15T13:56:03.618+0000] {spark_submit.py:579} INFO - 24/09/15 13:56:03 INFO DAGScheduler: Final stage: ShuffleMapStage 0 (collect at StringIndexer.scala:204)
[2024-09-15T13:56:03.619+0000] {spark_submit.py:579} INFO - 24/09/15 13:56:03 INFO DAGScheduler: Parents of final stage: List()
[2024-09-15T13:56:03.623+0000] {spark_submit.py:579} INFO - 24/09/15 13:56:03 INFO DAGScheduler: Missing parents: List()
[2024-09-15T13:56:03.634+0000] {spark_submit.py:579} INFO - 24/09/15 13:56:03 INFO DAGScheduler: Submitting ShuffleMapStage 0 (MapPartitionsRDD[6] at collect at StringIndexer.scala:204), which has no missing parents
[2024-09-15T13:56:04.009+0000] {spark_submit.py:579} INFO - 24/09/15 13:56:04 INFO MemoryStore: Block broadcast_1 stored as values in memory (estimated size 37.4 KiB, free 434.1 MiB)
[2024-09-15T13:56:04.017+0000] {spark_submit.py:579} INFO - 24/09/15 13:56:04 INFO MemoryStore: Block broadcast_1_piece0 stored as bytes in memory (estimated size 17.4 KiB, free 434.1 MiB)
[2024-09-15T13:56:04.020+0000] {spark_submit.py:579} INFO - 24/09/15 13:56:04 INFO BlockManagerInfo: Added broadcast_1_piece0 in memory on fb744bf0dc86:36087 (size: 17.4 KiB, free: 434.3 MiB)
[2024-09-15T13:56:04.022+0000] {spark_submit.py:579} INFO - 24/09/15 13:56:04 INFO SparkContext: Created broadcast 1 from broadcast at DAGScheduler.scala:1585
[2024-09-15T13:56:04.096+0000] {spark_submit.py:579} INFO - 24/09/15 13:56:04 INFO DAGScheduler: Submitting 2 missing tasks from ShuffleMapStage 0 (MapPartitionsRDD[6] at collect at StringIndexer.scala:204) (first 15 tasks are for partitions Vector(0, 1))
[2024-09-15T13:56:04.101+0000] {spark_submit.py:579} INFO - 24/09/15 13:56:04 INFO TaskSchedulerImpl: Adding task set 0.0 with 2 tasks resource profile 0
[2024-09-15T13:56:04.267+0000] {spark_submit.py:579} INFO - 24/09/15 13:56:04 INFO TaskSetManager: Starting task 0.0 in stage 0.0 (TID 0) (fb744bf0dc86, executor driver, partition 0, ANY, 9119 bytes)
[2024-09-15T13:56:04.277+0000] {spark_submit.py:579} INFO - 24/09/15 13:56:04 INFO TaskSetManager: Starting task 1.0 in stage 0.0 (TID 1) (fb744bf0dc86, executor driver, partition 1, ANY, 9119 bytes)
[2024-09-15T13:56:04.312+0000] {spark_submit.py:579} INFO - 24/09/15 13:56:04 INFO Executor: Running task 1.0 in stage 0.0 (TID 1)
[2024-09-15T13:56:04.313+0000] {spark_submit.py:579} INFO - 24/09/15 13:56:04 INFO Executor: Running task 0.0 in stage 0.0 (TID 0)
[2024-09-15T13:56:04.623+0000] {spark_submit.py:579} INFO - 24/09/15 13:56:04 INFO HadoopRDD: Input split: hdfs://namenode:9000/user/hive/warehouse/processed_airbnb_data/part-00001-5e934543-511c-482f-8421-8f93be900468-c000:0+693561
[2024-09-15T13:56:04.625+0000] {spark_submit.py:579} INFO - 24/09/15 13:56:04 INFO HadoopRDD: Input split: hdfs://namenode:9000/user/hive/warehouse/processed_airbnb_data/part-00000-5e934543-511c-482f-8421-8f93be900468-c000:0+710549
[2024-09-15T13:56:04.824+0000] {spark_submit.py:579} INFO - 24/09/15 13:56:04 INFO CodeGenerator: Code generated in 43.285962 ms
[2024-09-15T13:56:04.858+0000] {spark_submit.py:579} INFO - 24/09/15 13:56:04 INFO CodeGenerator: Code generated in 27.898788 ms
[2024-09-15T13:56:05.101+0000] {spark_submit.py:579} INFO - 24/09/15 13:56:05 INFO CodeGenerator: Code generated in 12.731201 ms
[2024-09-15T13:56:05.124+0000] {spark_submit.py:579} INFO - 24/09/15 13:56:05 INFO CodeGenerator: Code generated in 9.999381 ms
[2024-09-15T13:56:05.143+0000] {spark_submit.py:579} INFO - 24/09/15 13:56:05 INFO CodeGenerator: Code generated in 12.183149 ms
[2024-09-15T13:56:07.275+0000] {spark_submit.py:579} INFO - 24/09/15 13:56:07 INFO CodeGenerator: Code generated in 23.55591 ms
[2024-09-15T13:56:07.779+0000] {spark_submit.py:579} INFO - 24/09/15 13:56:07 INFO CodeGenerator: Code generated in 43.832862 ms
[2024-09-15T13:56:08.416+0000] {spark_submit.py:579} INFO - 24/09/15 13:56:08 INFO Executor: Finished task 1.0 in stage 0.0 (TID 1). 2229 bytes result sent to driver
[2024-09-15T13:56:08.417+0000] {spark_submit.py:579} INFO - 24/09/15 13:56:08 INFO Executor: Finished task 0.0 in stage 0.0 (TID 0). 2229 bytes result sent to driver
[2024-09-15T13:56:08.440+0000] {spark_submit.py:579} INFO - 24/09/15 13:56:08 INFO TaskSetManager: Finished task 0.0 in stage 0.0 (TID 0) in 4204 ms on fb744bf0dc86 (executor driver) (1/2)
[2024-09-15T13:56:08.446+0000] {spark_submit.py:579} INFO - 24/09/15 13:56:08 INFO TaskSetManager: Finished task 1.0 in stage 0.0 (TID 1) in 4170 ms on fb744bf0dc86 (executor driver) (2/2)
[2024-09-15T13:56:08.448+0000] {spark_submit.py:579} INFO - 24/09/15 13:56:08 INFO TaskSchedulerImpl: Removed TaskSet 0.0, whose tasks have all completed, from pool
[2024-09-15T13:56:08.470+0000] {spark_submit.py:579} INFO - 24/09/15 13:56:08 INFO DAGScheduler: ShuffleMapStage 0 (collect at StringIndexer.scala:204) finished in 4.794 s
[2024-09-15T13:56:08.472+0000] {spark_submit.py:579} INFO - 24/09/15 13:56:08 INFO DAGScheduler: looking for newly runnable stages
[2024-09-15T13:56:08.473+0000] {spark_submit.py:579} INFO - 24/09/15 13:56:08 INFO DAGScheduler: running: Set()
[2024-09-15T13:56:08.474+0000] {spark_submit.py:579} INFO - 24/09/15 13:56:08 INFO DAGScheduler: waiting: Set()
[2024-09-15T13:56:08.476+0000] {spark_submit.py:579} INFO - 24/09/15 13:56:08 INFO DAGScheduler: failed: Set()
[2024-09-15T13:56:08.672+0000] {spark_submit.py:579} INFO - 24/09/15 13:56:08 INFO SparkContext: Starting job: collect at StringIndexer.scala:204
[2024-09-15T13:56:08.681+0000] {spark_submit.py:579} INFO - 24/09/15 13:56:08 INFO DAGScheduler: Got job 1 (collect at StringIndexer.scala:204) with 1 output partitions
[2024-09-15T13:56:08.682+0000] {spark_submit.py:579} INFO - 24/09/15 13:56:08 INFO DAGScheduler: Final stage: ResultStage 2 (collect at StringIndexer.scala:204)
[2024-09-15T13:56:08.684+0000] {spark_submit.py:579} INFO - 24/09/15 13:56:08 INFO DAGScheduler: Parents of final stage: List(ShuffleMapStage 1)
[2024-09-15T13:56:08.686+0000] {spark_submit.py:579} INFO - 24/09/15 13:56:08 INFO DAGScheduler: Missing parents: List()
[2024-09-15T13:56:08.689+0000] {spark_submit.py:579} INFO - 24/09/15 13:56:08 INFO DAGScheduler: Submitting ResultStage 2 (MapPartitionsRDD[9] at collect at StringIndexer.scala:204), which has no missing parents
[2024-09-15T13:56:08.706+0000] {spark_submit.py:579} INFO - 24/09/15 13:56:08 INFO MemoryStore: Block broadcast_2 stored as values in memory (estimated size 33.7 KiB, free 434.1 MiB)
[2024-09-15T13:56:08.722+0000] {spark_submit.py:579} INFO - 24/09/15 13:56:08 INFO MemoryStore: Block broadcast_2_piece0 stored as bytes in memory (estimated size 16.1 KiB, free 434.1 MiB)
[2024-09-15T13:56:08.725+0000] {spark_submit.py:579} INFO - 24/09/15 13:56:08 INFO BlockManagerInfo: Added broadcast_2_piece0 in memory on fb744bf0dc86:36087 (size: 16.1 KiB, free: 434.3 MiB)
[2024-09-15T13:56:08.727+0000] {spark_submit.py:579} INFO - 24/09/15 13:56:08 INFO SparkContext: Created broadcast 2 from broadcast at DAGScheduler.scala:1585
[2024-09-15T13:56:08.731+0000] {spark_submit.py:579} INFO - 24/09/15 13:56:08 INFO DAGScheduler: Submitting 1 missing tasks from ResultStage 2 (MapPartitionsRDD[9] at collect at StringIndexer.scala:204) (first 15 tasks are for partitions Vector(0))
[2024-09-15T13:56:08.732+0000] {spark_submit.py:579} INFO - 24/09/15 13:56:08 INFO TaskSchedulerImpl: Adding task set 2.0 with 1 tasks resource profile 0
[2024-09-15T13:56:08.743+0000] {spark_submit.py:579} INFO - 24/09/15 13:56:08 INFO TaskSetManager: Starting task 0.0 in stage 2.0 (TID 2) (fb744bf0dc86, executor driver, partition 0, NODE_LOCAL, 8999 bytes)
[2024-09-15T13:56:08.748+0000] {spark_submit.py:579} INFO - 24/09/15 13:56:08 INFO Executor: Running task 0.0 in stage 2.0 (TID 2)
[2024-09-15T13:56:08.860+0000] {spark_submit.py:579} INFO - 24/09/15 13:56:08 INFO ShuffleBlockFetcherIterator: Getting 2 (810.0 B) non-empty blocks including 2 (810.0 B) local and 0 (0.0 B) host-local and 0 (0.0 B) push-merged-local and 0 (0.0 B) remote blocks
[2024-09-15T13:56:08.873+0000] {spark_submit.py:579} INFO - 24/09/15 13:56:08 INFO ShuffleBlockFetcherIterator: Started 0 remote fetches in 39 ms
[2024-09-15T13:56:08.975+0000] {spark_submit.py:579} INFO - 24/09/15 13:56:08 INFO CodeGenerator: Code generated in 36.187445 ms
[2024-09-15T13:56:09.125+0000] {spark_submit.py:579} INFO - 24/09/15 13:56:09 INFO Executor: Finished task 0.0 in stage 2.0 (TID 2). 4961 bytes result sent to driver
[2024-09-15T13:56:09.134+0000] {spark_submit.py:579} INFO - 24/09/15 13:56:09 INFO TaskSetManager: Finished task 0.0 in stage 2.0 (TID 2) in 397 ms on fb744bf0dc86 (executor driver) (1/1)
[2024-09-15T13:56:09.135+0000] {spark_submit.py:579} INFO - 24/09/15 13:56:09 INFO TaskSchedulerImpl: Removed TaskSet 2.0, whose tasks have all completed, from pool
[2024-09-15T13:56:09.138+0000] {spark_submit.py:579} INFO - 24/09/15 13:56:09 INFO DAGScheduler: ResultStage 2 (collect at StringIndexer.scala:204) finished in 0.436 s
[2024-09-15T13:56:09.141+0000] {spark_submit.py:579} INFO - 24/09/15 13:56:09 INFO DAGScheduler: Job 1 is finished. Cancelling potential speculative or zombie tasks for this job
[2024-09-15T13:56:09.142+0000] {spark_submit.py:579} INFO - 24/09/15 13:56:09 INFO TaskSchedulerImpl: Killing all running tasks in stage 2: Stage finished
[2024-09-15T13:56:09.146+0000] {spark_submit.py:579} INFO - 24/09/15 13:56:09 INFO DAGScheduler: Job 1 finished: collect at StringIndexer.scala:204, took 0.472609 s
[2024-09-15T13:56:09.192+0000] {spark_submit.py:579} INFO - 24/09/15 13:56:09 INFO CodeGenerator: Code generated in 22.416272 ms
[2024-09-15T13:56:10.037+0000] {spark_submit.py:579} INFO - 24/09/15 13:56:10 INFO CodeGenerator: Code generated in 48.436164 ms
[2024-09-15T13:56:10.058+0000] {spark_submit.py:579} INFO - 24/09/15 13:56:10 INFO MemoryStore: Block broadcast_3 stored as values in memory (estimated size 200.7 KiB, free 433.9 MiB)
[2024-09-15T13:56:10.117+0000] {spark_submit.py:579} INFO - 24/09/15 13:56:10 INFO MemoryStore: Block broadcast_3_piece0 stored as bytes in memory (estimated size 34.7 KiB, free 433.8 MiB)
[2024-09-15T13:56:10.121+0000] {spark_submit.py:579} INFO - 24/09/15 13:56:10 INFO BlockManagerInfo: Added broadcast_3_piece0 in memory on fb744bf0dc86:36087 (size: 34.7 KiB, free: 434.3 MiB)
[2024-09-15T13:56:10.122+0000] {spark_submit.py:579} INFO - 24/09/15 13:56:10 INFO SparkContext: Created broadcast 3 from
[2024-09-15T13:56:10.213+0000] {spark_submit.py:579} INFO - 24/09/15 13:56:10 INFO FileInputFormat: Total input files to process : 2
[2024-09-15T13:56:10.226+0000] {spark_submit.py:579} INFO - 24/09/15 13:56:10 INFO DAGScheduler: Registering RDD 16 (collect at StringIndexer.scala:204) as input to shuffle 1
[2024-09-15T13:56:10.228+0000] {spark_submit.py:579} INFO - 24/09/15 13:56:10 INFO DAGScheduler: Got map stage job 2 (collect at StringIndexer.scala:204) with 2 output partitions
[2024-09-15T13:56:10.231+0000] {spark_submit.py:579} INFO - 24/09/15 13:56:10 INFO DAGScheduler: Final stage: ShuffleMapStage 3 (collect at StringIndexer.scala:204)
[2024-09-15T13:56:10.234+0000] {spark_submit.py:579} INFO - 24/09/15 13:56:10 INFO DAGScheduler: Parents of final stage: List()
[2024-09-15T13:56:10.239+0000] {spark_submit.py:579} INFO - 24/09/15 13:56:10 INFO DAGScheduler: Missing parents: List()
[2024-09-15T13:56:10.240+0000] {spark_submit.py:579} INFO - 24/09/15 13:56:10 INFO DAGScheduler: Submitting ShuffleMapStage 3 (MapPartitionsRDD[16] at collect at StringIndexer.scala:204), which has no missing parents
[2024-09-15T13:56:10.253+0000] {spark_submit.py:579} INFO - 24/09/15 13:56:10 INFO MemoryStore: Block broadcast_4 stored as values in memory (estimated size 37.1 KiB, free 433.8 MiB)
[2024-09-15T13:56:10.289+0000] {spark_submit.py:579} INFO - 24/09/15 13:56:10 INFO MemoryStore: Block broadcast_4_piece0 stored as bytes in memory (estimated size 17.3 KiB, free 433.8 MiB)
[2024-09-15T13:56:10.291+0000] {spark_submit.py:579} INFO - 24/09/15 13:56:10 INFO BlockManagerInfo: Added broadcast_4_piece0 in memory on fb744bf0dc86:36087 (size: 17.3 KiB, free: 434.3 MiB)
[2024-09-15T13:56:10.293+0000] {spark_submit.py:579} INFO - 24/09/15 13:56:10 INFO SparkContext: Created broadcast 4 from broadcast at DAGScheduler.scala:1585
[2024-09-15T13:56:10.296+0000] {spark_submit.py:579} INFO - 24/09/15 13:56:10 INFO DAGScheduler: Submitting 2 missing tasks from ShuffleMapStage 3 (MapPartitionsRDD[16] at collect at StringIndexer.scala:204) (first 15 tasks are for partitions Vector(0, 1))
[2024-09-15T13:56:10.298+0000] {spark_submit.py:579} INFO - 24/09/15 13:56:10 INFO TaskSchedulerImpl: Adding task set 3.0 with 2 tasks resource profile 0
[2024-09-15T13:56:10.305+0000] {spark_submit.py:579} INFO - 24/09/15 13:56:10 INFO TaskSetManager: Starting task 0.0 in stage 3.0 (TID 3) (fb744bf0dc86, executor driver, partition 0, ANY, 9119 bytes)
[2024-09-15T13:56:10.306+0000] {spark_submit.py:579} INFO - 24/09/15 13:56:10 INFO TaskSetManager: Starting task 1.0 in stage 3.0 (TID 4) (fb744bf0dc86, executor driver, partition 1, ANY, 9119 bytes)
[2024-09-15T13:56:10.308+0000] {spark_submit.py:579} INFO - 24/09/15 13:56:10 INFO Executor: Running task 0.0 in stage 3.0 (TID 3)
[2024-09-15T13:56:10.309+0000] {spark_submit.py:579} INFO - 24/09/15 13:56:10 INFO Executor: Running task 1.0 in stage 3.0 (TID 4)
[2024-09-15T13:56:10.339+0000] {spark_submit.py:579} INFO - 24/09/15 13:56:10 INFO HadoopRDD: Input split: hdfs://namenode:9000/user/hive/warehouse/processed_airbnb_data/part-00001-5e934543-511c-482f-8421-8f93be900468-c000:0+693561
[2024-09-15T13:56:10.348+0000] {spark_submit.py:579} INFO - 24/09/15 13:56:10 INFO HadoopRDD: Input split: hdfs://namenode:9000/user/hive/warehouse/processed_airbnb_data/part-00000-5e934543-511c-482f-8421-8f93be900468-c000:0+710549
[2024-09-15T13:56:10.428+0000] {spark_submit.py:579} INFO - 24/09/15 13:56:10 INFO BlockManagerInfo: Removed broadcast_2_piece0 on fb744bf0dc86:36087 in memory (size: 16.1 KiB, free: 434.3 MiB)
[2024-09-15T13:56:10.431+0000] {spark_submit.py:579} INFO - 24/09/15 13:56:10 INFO CodeGenerator: Code generated in 57.564838 ms
[2024-09-15T13:56:10.783+0000] {spark_submit.py:579} INFO - 24/09/15 13:56:10 INFO Executor: Finished task 1.0 in stage 3.0 (TID 4). 2186 bytes result sent to driver
[2024-09-15T13:56:10.792+0000] {spark_submit.py:579} INFO - 24/09/15 13:56:10 INFO Executor: Finished task 0.0 in stage 3.0 (TID 3). 2143 bytes result sent to driver
[2024-09-15T13:56:10.794+0000] {spark_submit.py:579} INFO - 24/09/15 13:56:10 INFO TaskSetManager: Finished task 0.0 in stage 3.0 (TID 3) in 493 ms on fb744bf0dc86 (executor driver) (1/2)
[2024-09-15T13:56:10.796+0000] {spark_submit.py:579} INFO - 24/09/15 13:56:10 INFO TaskSetManager: Finished task 1.0 in stage 3.0 (TID 4) in 493 ms on fb744bf0dc86 (executor driver) (2/2)
[2024-09-15T13:56:10.798+0000] {spark_submit.py:579} INFO - 24/09/15 13:56:10 INFO TaskSchedulerImpl: Removed TaskSet 3.0, whose tasks have all completed, from pool
[2024-09-15T13:56:10.799+0000] {spark_submit.py:579} INFO - 24/09/15 13:56:10 INFO DAGScheduler: ShuffleMapStage 3 (collect at StringIndexer.scala:204) finished in 0.563 s
[2024-09-15T13:56:10.800+0000] {spark_submit.py:579} INFO - 24/09/15 13:56:10 INFO DAGScheduler: looking for newly runnable stages
[2024-09-15T13:56:10.802+0000] {spark_submit.py:579} INFO - 24/09/15 13:56:10 INFO DAGScheduler: running: Set()
[2024-09-15T13:56:10.803+0000] {spark_submit.py:579} INFO - 24/09/15 13:56:10 INFO DAGScheduler: waiting: Set()
[2024-09-15T13:56:10.804+0000] {spark_submit.py:579} INFO - 24/09/15 13:56:10 INFO DAGScheduler: failed: Set()
[2024-09-15T13:56:10.856+0000] {spark_submit.py:579} INFO - 24/09/15 13:56:10 INFO SparkContext: Starting job: collect at StringIndexer.scala:204
[2024-09-15T13:56:10.860+0000] {spark_submit.py:579} INFO - 24/09/15 13:56:10 INFO DAGScheduler: Got job 3 (collect at StringIndexer.scala:204) with 1 output partitions
[2024-09-15T13:56:10.861+0000] {spark_submit.py:579} INFO - 24/09/15 13:56:10 INFO DAGScheduler: Final stage: ResultStage 5 (collect at StringIndexer.scala:204)
[2024-09-15T13:56:10.863+0000] {spark_submit.py:579} INFO - 24/09/15 13:56:10 INFO DAGScheduler: Parents of final stage: List(ShuffleMapStage 4)
[2024-09-15T13:56:10.864+0000] {spark_submit.py:579} INFO - 24/09/15 13:56:10 INFO DAGScheduler: Missing parents: List()
[2024-09-15T13:56:10.865+0000] {spark_submit.py:579} INFO - 24/09/15 13:56:10 INFO DAGScheduler: Submitting ResultStage 5 (MapPartitionsRDD[19] at collect at StringIndexer.scala:204), which has no missing parents
[2024-09-15T13:56:10.875+0000] {spark_submit.py:579} INFO - 24/09/15 13:56:10 INFO MemoryStore: Block broadcast_5 stored as values in memory (estimated size 33.7 KiB, free 433.8 MiB)
[2024-09-15T13:56:10.909+0000] {spark_submit.py:579} INFO - 24/09/15 13:56:10 INFO MemoryStore: Block broadcast_5_piece0 stored as bytes in memory (estimated size 16.1 KiB, free 433.8 MiB)
[2024-09-15T13:56:10.913+0000] {spark_submit.py:579} INFO - 24/09/15 13:56:10 INFO BlockManagerInfo: Added broadcast_5_piece0 in memory on fb744bf0dc86:36087 (size: 16.1 KiB, free: 434.3 MiB)
[2024-09-15T13:56:10.915+0000] {spark_submit.py:579} INFO - 24/09/15 13:56:10 INFO BlockManagerInfo: Removed broadcast_4_piece0 on fb744bf0dc86:36087 in memory (size: 17.3 KiB, free: 434.3 MiB)
[2024-09-15T13:56:10.916+0000] {spark_submit.py:579} INFO - 24/09/15 13:56:10 INFO SparkContext: Created broadcast 5 from broadcast at DAGScheduler.scala:1585
[2024-09-15T13:56:10.918+0000] {spark_submit.py:579} INFO - 24/09/15 13:56:10 INFO DAGScheduler: Submitting 1 missing tasks from ResultStage 5 (MapPartitionsRDD[19] at collect at StringIndexer.scala:204) (first 15 tasks are for partitions Vector(0))
[2024-09-15T13:56:10.919+0000] {spark_submit.py:579} INFO - 24/09/15 13:56:10 INFO TaskSchedulerImpl: Adding task set 5.0 with 1 tasks resource profile 0
[2024-09-15T13:56:10.922+0000] {spark_submit.py:579} INFO - 24/09/15 13:56:10 INFO TaskSetManager: Starting task 0.0 in stage 5.0 (TID 5) (fb744bf0dc86, executor driver, partition 0, NODE_LOCAL, 8999 bytes)
[2024-09-15T13:56:10.924+0000] {spark_submit.py:579} INFO - 24/09/15 13:56:10 INFO Executor: Running task 0.0 in stage 5.0 (TID 5)
[2024-09-15T13:56:10.952+0000] {spark_submit.py:579} INFO - 24/09/15 13:56:10 INFO ShuffleBlockFetcherIterator: Getting 2 (7.1 KiB) non-empty blocks including 2 (7.1 KiB) local and 0 (0.0 B) host-local and 0 (0.0 B) push-merged-local and 0 (0.0 B) remote blocks
[2024-09-15T13:56:10.953+0000] {spark_submit.py:579} INFO - 24/09/15 13:56:10 INFO ShuffleBlockFetcherIterator: Started 0 remote fetches in 1 ms
[2024-09-15T13:56:11.044+0000] {spark_submit.py:579} INFO - 24/09/15 13:56:11 INFO Executor: Finished task 0.0 in stage 5.0 (TID 5). 8203 bytes result sent to driver
[2024-09-15T13:56:11.048+0000] {spark_submit.py:579} INFO - 24/09/15 13:56:11 INFO TaskSetManager: Finished task 0.0 in stage 5.0 (TID 5) in 127 ms on fb744bf0dc86 (executor driver) (1/1)
[2024-09-15T13:56:11.050+0000] {spark_submit.py:579} INFO - 24/09/15 13:56:11 INFO TaskSchedulerImpl: Removed TaskSet 5.0, whose tasks have all completed, from pool
[2024-09-15T13:56:11.053+0000] {spark_submit.py:579} INFO - 24/09/15 13:56:11 INFO DAGScheduler: ResultStage 5 (collect at StringIndexer.scala:204) finished in 0.183 s
[2024-09-15T13:56:11.060+0000] {spark_submit.py:579} INFO - 24/09/15 13:56:11 INFO DAGScheduler: Job 3 is finished. Cancelling potential speculative or zombie tasks for this job
[2024-09-15T13:56:11.062+0000] {spark_submit.py:579} INFO - 24/09/15 13:56:11 INFO TaskSchedulerImpl: Killing all running tasks in stage 5: Stage finished
[2024-09-15T13:56:11.063+0000] {spark_submit.py:579} INFO - 24/09/15 13:56:11 INFO DAGScheduler: Job 3 finished: collect at StringIndexer.scala:204, took 0.201583 s
[2024-09-15T13:56:11.667+0000] {spark_submit.py:579} INFO - 24/09/15 13:56:11 INFO CodeGenerator: Code generated in 20.903539 ms
[2024-09-15T13:56:11.681+0000] {spark_submit.py:579} INFO - 24/09/15 13:56:11 INFO MemoryStore: Block broadcast_6 stored as values in memory (estimated size 200.7 KiB, free 433.6 MiB)
[2024-09-15T13:56:11.724+0000] {spark_submit.py:579} INFO - 24/09/15 13:56:11 INFO BlockManagerInfo: Removed broadcast_3_piece0 on fb744bf0dc86:36087 in memory (size: 34.7 KiB, free: 434.3 MiB)
[2024-09-15T13:56:11.728+0000] {spark_submit.py:579} INFO - 24/09/15 13:56:11 INFO MemoryStore: Block broadcast_6_piece0 stored as bytes in memory (estimated size 34.7 KiB, free 433.8 MiB)
[2024-09-15T13:56:11.733+0000] {spark_submit.py:579} INFO - 24/09/15 13:56:11 INFO BlockManagerInfo: Added broadcast_6_piece0 in memory on fb744bf0dc86:36087 (size: 34.7 KiB, free: 434.3 MiB)
[2024-09-15T13:56:11.736+0000] {spark_submit.py:579} INFO - 24/09/15 13:56:11 INFO SparkContext: Created broadcast 6 from
[2024-09-15T13:56:11.738+0000] {spark_submit.py:579} INFO - 24/09/15 13:56:11 INFO BlockManagerInfo: Removed broadcast_5_piece0 on fb744bf0dc86:36087 in memory (size: 16.1 KiB, free: 434.3 MiB)
[2024-09-15T13:56:11.789+0000] {spark_submit.py:579} INFO - 24/09/15 13:56:11 INFO FileInputFormat: Total input files to process : 2
[2024-09-15T13:56:11.797+0000] {spark_submit.py:579} INFO - 24/09/15 13:56:11 INFO DAGScheduler: Registering RDD 26 (collect at StringIndexer.scala:204) as input to shuffle 2
[2024-09-15T13:56:11.798+0000] {spark_submit.py:579} INFO - 24/09/15 13:56:11 INFO DAGScheduler: Got map stage job 4 (collect at StringIndexer.scala:204) with 2 output partitions
[2024-09-15T13:56:11.799+0000] {spark_submit.py:579} INFO - 24/09/15 13:56:11 INFO DAGScheduler: Final stage: ShuffleMapStage 6 (collect at StringIndexer.scala:204)
[2024-09-15T13:56:11.800+0000] {spark_submit.py:579} INFO - 24/09/15 13:56:11 INFO DAGScheduler: Parents of final stage: List()
[2024-09-15T13:56:11.802+0000] {spark_submit.py:579} INFO - 24/09/15 13:56:11 INFO DAGScheduler: Missing parents: List()
[2024-09-15T13:56:11.803+0000] {spark_submit.py:579} INFO - 24/09/15 13:56:11 INFO DAGScheduler: Submitting ShuffleMapStage 6 (MapPartitionsRDD[26] at collect at StringIndexer.scala:204), which has no missing parents
[2024-09-15T13:56:11.810+0000] {spark_submit.py:579} INFO - 24/09/15 13:56:11 INFO MemoryStore: Block broadcast_7 stored as values in memory (estimated size 37.1 KiB, free 433.9 MiB)
[2024-09-15T13:56:11.815+0000] {spark_submit.py:579} INFO - 24/09/15 13:56:11 INFO MemoryStore: Block broadcast_7_piece0 stored as bytes in memory (estimated size 17.3 KiB, free 433.8 MiB)
[2024-09-15T13:56:11.818+0000] {spark_submit.py:579} INFO - 24/09/15 13:56:11 INFO BlockManagerInfo: Added broadcast_7_piece0 in memory on fb744bf0dc86:36087 (size: 17.3 KiB, free: 434.3 MiB)
[2024-09-15T13:56:11.820+0000] {spark_submit.py:579} INFO - 24/09/15 13:56:11 INFO SparkContext: Created broadcast 7 from broadcast at DAGScheduler.scala:1585
[2024-09-15T13:56:11.822+0000] {spark_submit.py:579} INFO - 24/09/15 13:56:11 INFO DAGScheduler: Submitting 2 missing tasks from ShuffleMapStage 6 (MapPartitionsRDD[26] at collect at StringIndexer.scala:204) (first 15 tasks are for partitions Vector(0, 1))
[2024-09-15T13:56:11.824+0000] {spark_submit.py:579} INFO - 24/09/15 13:56:11 INFO TaskSchedulerImpl: Adding task set 6.0 with 2 tasks resource profile 0
[2024-09-15T13:56:11.827+0000] {spark_submit.py:579} INFO - 24/09/15 13:56:11 INFO TaskSetManager: Starting task 0.0 in stage 6.0 (TID 6) (fb744bf0dc86, executor driver, partition 0, ANY, 9119 bytes)
[2024-09-15T13:56:11.830+0000] {spark_submit.py:579} INFO - 24/09/15 13:56:11 INFO TaskSetManager: Starting task 1.0 in stage 6.0 (TID 7) (fb744bf0dc86, executor driver, partition 1, ANY, 9119 bytes)
[2024-09-15T13:56:11.832+0000] {spark_submit.py:579} INFO - 24/09/15 13:56:11 INFO Executor: Running task 1.0 in stage 6.0 (TID 7)
[2024-09-15T13:56:11.833+0000] {spark_submit.py:579} INFO - 24/09/15 13:56:11 INFO Executor: Running task 0.0 in stage 6.0 (TID 6)
[2024-09-15T13:56:11.855+0000] {spark_submit.py:579} INFO - 24/09/15 13:56:11 INFO HadoopRDD: Input split: hdfs://namenode:9000/user/hive/warehouse/processed_airbnb_data/part-00001-5e934543-511c-482f-8421-8f93be900468-c000:0+693561
[2024-09-15T13:56:11.857+0000] {spark_submit.py:579} INFO - 24/09/15 13:56:11 INFO HadoopRDD: Input split: hdfs://namenode:9000/user/hive/warehouse/processed_airbnb_data/part-00000-5e934543-511c-482f-8421-8f93be900468-c000:0+710549
[2024-09-15T13:56:11.916+0000] {spark_submit.py:579} INFO - 24/09/15 13:56:11 INFO CodeGenerator: Code generated in 23.877756 ms
[2024-09-15T13:56:12.170+0000] {spark_submit.py:579} INFO - 24/09/15 13:56:12 INFO Executor: Finished task 1.0 in stage 6.0 (TID 7). 2229 bytes result sent to driver
[2024-09-15T13:56:12.174+0000] {spark_submit.py:579} INFO - 24/09/15 13:56:12 INFO Executor: Finished task 0.0 in stage 6.0 (TID 6). 2186 bytes result sent to driver
[2024-09-15T13:56:12.176+0000] {spark_submit.py:579} INFO - 24/09/15 13:56:12 INFO TaskSetManager: Finished task 0.0 in stage 6.0 (TID 6) in 348 ms on fb744bf0dc86 (executor driver) (1/2)
[2024-09-15T13:56:12.177+0000] {spark_submit.py:579} INFO - 24/09/15 13:56:12 INFO TaskSetManager: Finished task 1.0 in stage 6.0 (TID 7) in 347 ms on fb744bf0dc86 (executor driver) (2/2)
[2024-09-15T13:56:12.178+0000] {spark_submit.py:579} INFO - 24/09/15 13:56:12 INFO TaskSchedulerImpl: Removed TaskSet 6.0, whose tasks have all completed, from pool
[2024-09-15T13:56:12.180+0000] {spark_submit.py:579} INFO - 24/09/15 13:56:12 INFO DAGScheduler: ShuffleMapStage 6 (collect at StringIndexer.scala:204) finished in 0.374 s
[2024-09-15T13:56:12.182+0000] {spark_submit.py:579} INFO - 24/09/15 13:56:12 INFO DAGScheduler: looking for newly runnable stages
[2024-09-15T13:56:12.183+0000] {spark_submit.py:579} INFO - 24/09/15 13:56:12 INFO DAGScheduler: running: Set()
[2024-09-15T13:56:12.185+0000] {spark_submit.py:579} INFO - 24/09/15 13:56:12 INFO DAGScheduler: waiting: Set()
[2024-09-15T13:56:12.186+0000] {spark_submit.py:579} INFO - 24/09/15 13:56:12 INFO DAGScheduler: failed: Set()
[2024-09-15T13:56:12.247+0000] {spark_submit.py:579} INFO - 24/09/15 13:56:12 INFO SparkContext: Starting job: collect at StringIndexer.scala:204
[2024-09-15T13:56:12.257+0000] {spark_submit.py:579} INFO - 24/09/15 13:56:12 INFO DAGScheduler: Got job 5 (collect at StringIndexer.scala:204) with 1 output partitions
[2024-09-15T13:56:12.258+0000] {spark_submit.py:579} INFO - 24/09/15 13:56:12 INFO DAGScheduler: Final stage: ResultStage 8 (collect at StringIndexer.scala:204)
[2024-09-15T13:56:12.259+0000] {spark_submit.py:579} INFO - 24/09/15 13:56:12 INFO DAGScheduler: Parents of final stage: List(ShuffleMapStage 7)
[2024-09-15T13:56:12.260+0000] {spark_submit.py:579} INFO - 24/09/15 13:56:12 INFO DAGScheduler: Missing parents: List()
[2024-09-15T13:56:12.262+0000] {spark_submit.py:579} INFO - 24/09/15 13:56:12 INFO DAGScheduler: Submitting ResultStage 8 (MapPartitionsRDD[29] at collect at StringIndexer.scala:204), which has no missing parents
[2024-09-15T13:56:12.263+0000] {spark_submit.py:579} INFO - 24/09/15 13:56:12 INFO MemoryStore: Block broadcast_8 stored as values in memory (estimated size 33.7 KiB, free 433.8 MiB)
[2024-09-15T13:56:12.269+0000] {spark_submit.py:579} INFO - 24/09/15 13:56:12 INFO MemoryStore: Block broadcast_8_piece0 stored as bytes in memory (estimated size 16.1 KiB, free 433.8 MiB)
[2024-09-15T13:56:12.270+0000] {spark_submit.py:579} INFO - 24/09/15 13:56:12 INFO BlockManagerInfo: Added broadcast_8_piece0 in memory on fb744bf0dc86:36087 (size: 16.1 KiB, free: 434.3 MiB)
[2024-09-15T13:56:12.272+0000] {spark_submit.py:579} INFO - 24/09/15 13:56:12 INFO SparkContext: Created broadcast 8 from broadcast at DAGScheduler.scala:1585
[2024-09-15T13:56:12.274+0000] {spark_submit.py:579} INFO - 24/09/15 13:56:12 INFO DAGScheduler: Submitting 1 missing tasks from ResultStage 8 (MapPartitionsRDD[29] at collect at StringIndexer.scala:204) (first 15 tasks are for partitions Vector(0))
[2024-09-15T13:56:12.276+0000] {spark_submit.py:579} INFO - 24/09/15 13:56:12 INFO TaskSchedulerImpl: Adding task set 8.0 with 1 tasks resource profile 0
[2024-09-15T13:56:12.279+0000] {spark_submit.py:579} INFO - 24/09/15 13:56:12 INFO TaskSetManager: Starting task 0.0 in stage 8.0 (TID 8) (fb744bf0dc86, executor driver, partition 0, NODE_LOCAL, 8999 bytes)
[2024-09-15T13:56:12.282+0000] {spark_submit.py:579} INFO - 24/09/15 13:56:12 INFO Executor: Running task 0.0 in stage 8.0 (TID 8)
[2024-09-15T13:56:12.312+0000] {spark_submit.py:579} INFO - 24/09/15 13:56:12 INFO ShuffleBlockFetcherIterator: Getting 2 (736.0 B) non-empty blocks including 2 (736.0 B) local and 0 (0.0 B) host-local and 0 (0.0 B) push-merged-local and 0 (0.0 B) remote blocks
[2024-09-15T13:56:12.314+0000] {spark_submit.py:579} INFO - 24/09/15 13:56:12 INFO ShuffleBlockFetcherIterator: Started 0 remote fetches in 2 ms
[2024-09-15T13:56:12.450+0000] {spark_submit.py:579} INFO - 24/09/15 13:56:12 INFO Executor: Finished task 0.0 in stage 8.0 (TID 8). 4895 bytes result sent to driver
[2024-09-15T13:56:12.456+0000] {spark_submit.py:579} INFO - 24/09/15 13:56:12 INFO TaskSetManager: Finished task 0.0 in stage 8.0 (TID 8) in 178 ms on fb744bf0dc86 (executor driver) (1/1)
[2024-09-15T13:56:12.457+0000] {spark_submit.py:579} INFO - 24/09/15 13:56:12 INFO TaskSchedulerImpl: Removed TaskSet 8.0, whose tasks have all completed, from pool
[2024-09-15T13:56:12.459+0000] {spark_submit.py:579} INFO - 24/09/15 13:56:12 INFO BlockManagerInfo: Removed broadcast_7_piece0 on fb744bf0dc86:36087 in memory (size: 17.3 KiB, free: 434.3 MiB)
[2024-09-15T13:56:12.460+0000] {spark_submit.py:579} INFO - 24/09/15 13:56:12 INFO DAGScheduler: ResultStage 8 (collect at StringIndexer.scala:204) finished in 0.201 s
[2024-09-15T13:56:12.462+0000] {spark_submit.py:579} INFO - 24/09/15 13:56:12 INFO DAGScheduler: Job 5 is finished. Cancelling potential speculative or zombie tasks for this job
[2024-09-15T13:56:12.463+0000] {spark_submit.py:579} INFO - 24/09/15 13:56:12 INFO TaskSchedulerImpl: Killing all running tasks in stage 8: Stage finished
[2024-09-15T13:56:12.465+0000] {spark_submit.py:579} INFO - 24/09/15 13:56:12 INFO DAGScheduler: Job 5 finished: collect at StringIndexer.scala:204, took 0.214582 s
[2024-09-15T13:56:13.982+0000] {spark_submit.py:579} INFO - root
[2024-09-15T13:56:13.995+0000] {spark_submit.py:579} INFO - |-- neighbourhood_group: string (nullable = true)
[2024-09-15T13:56:13.996+0000] {spark_submit.py:579} INFO - |-- neighbourhood: string (nullable = true)
[2024-09-15T13:56:13.998+0000] {spark_submit.py:579} INFO - |-- room_type: string (nullable = true)
[2024-09-15T13:56:13.999+0000] {spark_submit.py:579} INFO - |-- price: integer (nullable = true)
[2024-09-15T13:56:14.000+0000] {spark_submit.py:579} INFO - |-- minimum_nights: integer (nullable = true)
[2024-09-15T13:56:14.001+0000] {spark_submit.py:579} INFO - |-- number_of_reviews: integer (nullable = true)
[2024-09-15T13:56:14.002+0000] {spark_submit.py:579} INFO - |-- calculated_host_listings_count: integer (nullable = true)
[2024-09-15T13:56:14.004+0000] {spark_submit.py:579} INFO - |-- availability_365: integer (nullable = true)
[2024-09-15T13:56:14.005+0000] {spark_submit.py:579} INFO - |-- neighbourhood_group_index: double (nullable = false)
[2024-09-15T13:56:14.006+0000] {spark_submit.py:579} INFO - |-- neighbourhood_index: double (nullable = false)
[2024-09-15T13:56:14.007+0000] {spark_submit.py:579} INFO - |-- room_type_index: double (nullable = false)
[2024-09-15T13:56:14.009+0000] {spark_submit.py:579} INFO - |-- neighbourhood_group_ohe: vector (nullable = true)
[2024-09-15T13:56:14.010+0000] {spark_submit.py:579} INFO - |-- neighbourhood_ohe: vector (nullable = true)
[2024-09-15T13:56:14.012+0000] {spark_submit.py:579} INFO - |-- room_type_ohe: vector (nullable = true)
[2024-09-15T13:56:14.013+0000] {spark_submit.py:579} INFO - |-- features: vector (nullable = true)
[2024-09-15T13:56:14.014+0000] {spark_submit.py:579} INFO - 
[2024-09-15T13:56:14.566+0000] {spark_submit.py:579} INFO - 24/09/15 13:56:14 INFO Instrumentation: [76ac684a] Stage class: LinearRegression
[2024-09-15T13:56:14.576+0000] {spark_submit.py:579} INFO - 24/09/15 13:56:14 INFO Instrumentation: [76ac684a] Stage uid: LinearRegression_1fe3cd3f7744
[2024-09-15T13:56:15.694+0000] {spark_submit.py:579} INFO - 24/09/15 13:56:15 INFO CodeGenerator: Code generated in 550.634488 ms
[2024-09-15T13:56:15.730+0000] {spark_submit.py:579} INFO - 24/09/15 13:56:15 INFO MemoryStore: Block broadcast_9 stored as values in memory (estimated size 200.7 KiB, free 433.6 MiB)
[2024-09-15T13:56:15.743+0000] {spark_submit.py:579} INFO - 24/09/15 13:56:15 INFO MemoryStore: Block broadcast_9_piece0 stored as bytes in memory (estimated size 34.7 KiB, free 433.6 MiB)
[2024-09-15T13:56:15.746+0000] {spark_submit.py:579} INFO - 24/09/15 13:56:15 INFO BlockManagerInfo: Added broadcast_9_piece0 in memory on fb744bf0dc86:36087 (size: 34.7 KiB, free: 434.3 MiB)
[2024-09-15T13:56:15.748+0000] {spark_submit.py:579} INFO - 24/09/15 13:56:15 INFO SparkContext: Created broadcast 9 from
[2024-09-15T13:56:15.926+0000] {spark_submit.py:579} INFO - 24/09/15 13:56:15 INFO BlockManagerInfo: Removed broadcast_6_piece0 on fb744bf0dc86:36087 in memory (size: 34.7 KiB, free: 434.3 MiB)
[2024-09-15T13:56:15.946+0000] {spark_submit.py:579} INFO - 24/09/15 13:56:15 INFO BlockManagerInfo: Removed broadcast_8_piece0 on fb744bf0dc86:36087 in memory (size: 16.1 KiB, free: 434.3 MiB)
[2024-09-15T13:56:16.100+0000] {spark_submit.py:579} INFO - 24/09/15 13:56:16 INFO FileInputFormat: Total input files to process : 2
[2024-09-15T13:56:16.123+0000] {spark_submit.py:579} INFO - 24/09/15 13:56:16 INFO Instrumentation: [76ac684a] training: numPartitions=2 storageLevel=StorageLevel(1 replicas)
[2024-09-15T13:56:16.124+0000] {spark_submit.py:579} INFO - 24/09/15 13:56:16 INFO Instrumentation: [76ac684a] {"labelCol":"price","featuresCol":"features"}
[2024-09-15T13:56:16.143+0000] {spark_submit.py:579} INFO - 24/09/15 13:56:16 INFO Instrumentation: [76ac684a] {"numFeatures":227}
[2024-09-15T13:56:17.429+0000] {spark_submit.py:579} INFO - 24/09/15 13:56:17 INFO CodeGenerator: Code generated in 412.12654 ms
[2024-09-15T13:56:17.448+0000] {spark_submit.py:579} INFO - 24/09/15 13:56:17 INFO MemoryStore: Block broadcast_10 stored as values in memory (estimated size 200.7 KiB, free 433.7 MiB)
[2024-09-15T13:56:17.476+0000] {spark_submit.py:579} INFO - 24/09/15 13:56:17 INFO MemoryStore: Block broadcast_10_piece0 stored as bytes in memory (estimated size 34.7 KiB, free 433.7 MiB)
[2024-09-15T13:56:17.481+0000] {spark_submit.py:579} INFO - 24/09/15 13:56:17 INFO BlockManagerInfo: Added broadcast_10_piece0 in memory on fb744bf0dc86:36087 (size: 34.7 KiB, free: 434.3 MiB)
[2024-09-15T13:56:17.483+0000] {spark_submit.py:579} INFO - 24/09/15 13:56:17 INFO SparkContext: Created broadcast 10 from
[2024-09-15T13:56:17.949+0000] {spark_submit.py:579} INFO - 24/09/15 13:56:17 WARN Instrumentation: [76ac684a] regParam is zero, which might cause numerical instability and overfitting.
[2024-09-15T13:56:18.015+0000] {spark_submit.py:579} INFO - 24/09/15 13:56:18 INFO FileInputFormat: Total input files to process : 2
[2024-09-15T13:56:18.094+0000] {spark_submit.py:579} INFO - 24/09/15 13:56:18 INFO SparkContext: Starting job: treeAggregate at WeightedLeastSquares.scala:107
[2024-09-15T13:56:18.101+0000] {spark_submit.py:579} INFO - 24/09/15 13:56:18 INFO DAGScheduler: Got job 6 (treeAggregate at WeightedLeastSquares.scala:107) with 2 output partitions
[2024-09-15T13:56:18.102+0000] {spark_submit.py:579} INFO - 24/09/15 13:56:18 INFO DAGScheduler: Final stage: ResultStage 9 (treeAggregate at WeightedLeastSquares.scala:107)
[2024-09-15T13:56:18.104+0000] {spark_submit.py:579} INFO - 24/09/15 13:56:18 INFO DAGScheduler: Parents of final stage: List()
[2024-09-15T13:56:18.106+0000] {spark_submit.py:579} INFO - 24/09/15 13:56:18 INFO DAGScheduler: Missing parents: List()
[2024-09-15T13:56:18.111+0000] {spark_submit.py:579} INFO - 24/09/15 13:56:18 INFO DAGScheduler: Submitting ResultStage 9 (MapPartitionsRDD[47] at treeAggregate at WeightedLeastSquares.scala:107), which has no missing parents
[2024-09-15T13:56:18.143+0000] {spark_submit.py:579} INFO - 24/09/15 13:56:18 INFO MemoryStore: Block broadcast_11 stored as values in memory (estimated size 170.4 KiB, free 433.5 MiB)
[2024-09-15T13:56:18.159+0000] {spark_submit.py:579} INFO - 24/09/15 13:56:18 INFO MemoryStore: Block broadcast_11_piece0 stored as bytes in memory (estimated size 59.0 KiB, free 433.4 MiB)
[2024-09-15T13:56:18.163+0000] {spark_submit.py:579} INFO - 24/09/15 13:56:18 INFO BlockManagerInfo: Added broadcast_11_piece0 in memory on fb744bf0dc86:36087 (size: 59.0 KiB, free: 434.2 MiB)
[2024-09-15T13:56:18.166+0000] {spark_submit.py:579} INFO - 24/09/15 13:56:18 INFO SparkContext: Created broadcast 11 from broadcast at DAGScheduler.scala:1585
[2024-09-15T13:56:18.168+0000] {spark_submit.py:579} INFO - 24/09/15 13:56:18 INFO DAGScheduler: Submitting 2 missing tasks from ResultStage 9 (MapPartitionsRDD[47] at treeAggregate at WeightedLeastSquares.scala:107) (first 15 tasks are for partitions Vector(0, 1))
[2024-09-15T13:56:18.170+0000] {spark_submit.py:579} INFO - 24/09/15 13:56:18 INFO TaskSchedulerImpl: Adding task set 9.0 with 2 tasks resource profile 0
[2024-09-15T13:56:18.174+0000] {spark_submit.py:579} INFO - 24/09/15 13:56:18 INFO TaskSetManager: Starting task 0.0 in stage 9.0 (TID 9) (fb744bf0dc86, executor driver, partition 0, ANY, 9130 bytes)
[2024-09-15T13:56:18.176+0000] {spark_submit.py:579} INFO - 24/09/15 13:56:18 INFO TaskSetManager: Starting task 1.0 in stage 9.0 (TID 10) (fb744bf0dc86, executor driver, partition 1, ANY, 9130 bytes)
[2024-09-15T13:56:18.182+0000] {spark_submit.py:579} INFO - 24/09/15 13:56:18 INFO Executor: Running task 0.0 in stage 9.0 (TID 9)
[2024-09-15T13:56:18.184+0000] {spark_submit.py:579} INFO - 24/09/15 13:56:18 INFO Executor: Running task 1.0 in stage 9.0 (TID 10)
[2024-09-15T13:56:18.426+0000] {spark_submit.py:579} INFO - 24/09/15 13:56:18 INFO HadoopRDD: Input split: hdfs://namenode:9000/user/hive/warehouse/processed_airbnb_data/part-00001-5e934543-511c-482f-8421-8f93be900468-c000:0+693561
[2024-09-15T13:56:18.452+0000] {spark_submit.py:579} INFO - 24/09/15 13:56:18 INFO HadoopRDD: Input split: hdfs://namenode:9000/user/hive/warehouse/processed_airbnb_data/part-00000-5e934543-511c-482f-8421-8f93be900468-c000:0+710549
[2024-09-15T13:56:18.922+0000] {spark_submit.py:579} INFO - 24/09/15 13:56:18 INFO CodeGenerator: Code generated in 414.15971 ms
[2024-09-15T13:56:19.865+0000] {spark_submit.py:579} INFO - 24/09/15 13:56:19 INFO CodeGenerator: Code generated in 852.255272 ms
[2024-09-15T13:56:20.435+0000] {spark_submit.py:579} INFO - 24/09/15 13:56:20 INFO CodeGenerator: Code generated in 378.804643 ms
[2024-09-15T13:57:48.612+0000] {spark_submit.py:579} INFO - 24/09/15 13:57:48 INFO AsyncEventQueue: Process of event SparkListenerExecutorMetricsUpdate(driver,WrappedArray(),Map((-1,-1) -> org.apache.spark.executor.ExecutorMetrics@796178ba)) by listener AppStatusListener took 9.385526672s.
[2024-09-15T13:57:48.808+0000] {spark_submit.py:579} INFO - 24/09/15 13:57:48 INFO CodeGenerator: Code generated in 84.707479 ms
[2024-09-15T13:57:49.162+0000] {spark_submit.py:579} INFO - 24/09/15 13:57:49 INFO CodeGenerator: Code generated in 98.545109 ms
[2024-09-15T13:57:49.270+0000] {spark_submit.py:579} INFO - 24/09/15 13:57:49 INFO CodeGenerator: Code generated in 43.332574 ms
[2024-09-15T13:57:51.557+0000] {job.py:229} INFO - Heartbeat recovered after 99.17 seconds
[2024-09-15T13:57:52.320+0000] {spark_submit.py:579} INFO - 24/09/15 13:57:52 INFO CodeGenerator: Code generated in 21.538163 ms
[2024-09-15T13:57:52.996+0000] {spark_submit.py:579} INFO - 24/09/15 13:57:52 WARN InstanceBuilder: Failed to load implementation from:dev.ludovic.netlib.blas.JNIBLAS
[2024-09-15T13:57:53.052+0000] {spark_submit.py:579} INFO - 24/09/15 13:57:53 WARN InstanceBuilder: Failed to load implementation from:dev.ludovic.netlib.blas.VectorBLAS
[2024-09-15T13:57:53.086+0000] {spark_submit.py:579} INFO - 24/09/15 13:57:53 INFO Executor: Finished task 0.0 in stage 9.0 (TID 9). 213758 bytes result sent to driver
[2024-09-15T13:57:53.108+0000] {spark_submit.py:579} INFO - 24/09/15 13:57:53 INFO Executor: Finished task 1.0 in stage 9.0 (TID 10). 213758 bytes result sent to driver
[2024-09-15T13:57:53.129+0000] {spark_submit.py:579} INFO - 24/09/15 13:57:53 INFO TaskSetManager: Finished task 1.0 in stage 9.0 (TID 10) in 94946 ms on fb744bf0dc86 (executor driver) (1/2)
[2024-09-15T13:57:53.138+0000] {spark_submit.py:579} INFO - 24/09/15 13:57:53 INFO TaskSetManager: Finished task 0.0 in stage 9.0 (TID 9) in 94961 ms on fb744bf0dc86 (executor driver) (2/2)
[2024-09-15T13:57:53.143+0000] {spark_submit.py:579} INFO - 24/09/15 13:57:53 INFO TaskSchedulerImpl: Removed TaskSet 9.0, whose tasks have all completed, from pool
[2024-09-15T13:57:53.175+0000] {spark_submit.py:579} INFO - 24/09/15 13:57:53 INFO DAGScheduler: ResultStage 9 (treeAggregate at WeightedLeastSquares.scala:107) finished in 95.039 s
[2024-09-15T13:57:53.191+0000] {spark_submit.py:579} INFO - 24/09/15 13:57:53 INFO DAGScheduler: Job 6 is finished. Cancelling potential speculative or zombie tasks for this job
[2024-09-15T13:57:53.192+0000] {spark_submit.py:579} INFO - 24/09/15 13:57:53 INFO TaskSchedulerImpl: Killing all running tasks in stage 9: Stage finished
[2024-09-15T13:57:53.194+0000] {spark_submit.py:579} INFO - 24/09/15 13:57:53 INFO DAGScheduler: Job 6 finished: treeAggregate at WeightedLeastSquares.scala:107, took 95.090119 s
[2024-09-15T13:57:53.195+0000] {spark_submit.py:579} INFO - 24/09/15 13:57:53 INFO Instrumentation: [76ac684a] Number of instances: 22280.
[2024-09-15T13:57:53.490+0000] {spark_submit.py:579} INFO - 24/09/15 13:57:53 WARN InstanceBuilder: Failed to load implementation from:dev.ludovic.netlib.lapack.JNILAPACK
[2024-09-15T13:57:53.608+0000] {spark_submit.py:579} INFO - 24/09/15 13:57:53 WARN Instrumentation: [76ac684a] Cholesky solver failed due to singular covariance matrix. Retrying with Quasi-Newton solver.
[2024-09-15T13:57:56.689+0000] {local_task_job_runner.py:346} WARNING - State of this instance has been externally set to None. Terminating instance.
[2024-09-15T13:57:56.692+0000] {local_task_job_runner.py:245} INFO - ::endgroup::
[2024-09-15T13:57:56.700+0000] {process_utils.py:132} INFO - Sending 15 to group 10833. PIDs of all processes in the group: [10835, 10894, 10833]
[2024-09-15T13:57:56.701+0000] {process_utils.py:87} INFO - Sending the signal 15 to group 10833
[2024-09-15T13:57:56.703+0000] {taskinstance.py:3092} ERROR - Received SIGTERM. Terminating subprocesses.
[2024-09-15T13:57:56.705+0000] {spark_submit.py:705} INFO - Sending kill signal to spark-submit
[2024-09-15T13:57:56.732+0000] {taskinstance.py:3310} ERROR - Task failed with exception
Traceback (most recent call last):
  File "/home/airflow/.local/lib/python3.12/site-packages/airflow/models/taskinstance.py", line 767, in _execute_task
    result = _execute_callable(context=context, **execute_callable_kwargs)
             ^^^^^^^^^^^^^^^^^^^^^^^^^^^^^^^^^^^^^^^^^^^^^^^^^^^^^^^^^^^^^
  File "/home/airflow/.local/lib/python3.12/site-packages/airflow/models/taskinstance.py", line 733, in _execute_callable
    return ExecutionCallableRunner(
           ^^^^^^^^^^^^^^^^^^^^^^^^
  File "/home/airflow/.local/lib/python3.12/site-packages/airflow/utils/operator_helpers.py", line 252, in run
    return self.func(*args, **kwargs)
           ^^^^^^^^^^^^^^^^^^^^^^^^^^
  File "/home/airflow/.local/lib/python3.12/site-packages/airflow/models/baseoperator.py", line 406, in wrapper
    return func(self, *args, **kwargs)
           ^^^^^^^^^^^^^^^^^^^^^^^^^^^
  File "/home/airflow/.local/lib/python3.12/site-packages/airflow/providers/apache/spark/operators/spark_submit.py", line 174, in execute
    self._hook.submit(self.application)
  File "/home/airflow/.local/lib/python3.12/site-packages/airflow/providers/apache/spark/hooks/spark_submit.py", line 493, in submit
    self._process_spark_submit_log(iter(self._submit_sp.stdout))  # type: ignore
    ^^^^^^^^^^^^^^^^^^^^^^^^^^^^^^^^^^^^^^^^^^^^^^^^^^^^^^^^^^^^
  File "/home/airflow/.local/lib/python3.12/site-packages/airflow/providers/apache/spark/hooks/spark_submit.py", line 542, in _process_spark_submit_log
    for line in itr:
                ^^^
  File "/home/airflow/.local/lib/python3.12/site-packages/airflow/models/taskinstance.py", line 3094, in signal_handler
    raise AirflowTaskTerminated("Task received SIGTERM signal")
airflow.exceptions.AirflowTaskTerminated: Task received SIGTERM signal
[2024-09-15T13:57:56.757+0000] {taskinstance.py:1225} INFO - Marking task as UP_FOR_RETRY. dag_id=airbnb_model, task_id=train_model, run_id=scheduled__2024-09-14T00:00:00+00:00, execution_date=20240914T000000, start_date=20240915T135541, end_date=20240915T135756
[2024-09-15T13:57:56.806+0000] {taskinstance.py:340} INFO - ::group::Post task execution logs
[2024-09-15T13:57:56.959+0000] {process_utils.py:80} INFO - Process psutil.Process(pid=10894, status='terminated', started='13:55:46') (10894) terminated with exit code None
[2024-09-15T13:57:56.961+0000] {process_utils.py:80} INFO - Process psutil.Process(pid=10835, status='terminated', started='13:55:41') (10835) terminated with exit code None
[2024-09-15T13:57:56.963+0000] {process_utils.py:80} INFO - Process psutil.Process(pid=10833, status='terminated', exitcode=2, started='13:55:41') (10833) terminated with exit code 2
