[2024-09-14T20:55:34.240+0000] {local_task_job_runner.py:123} INFO - ::group::Pre task execution logs
[2024-09-14T20:55:34.320+0000] {taskinstance.py:2612} INFO - Dependencies all met for dep_context=non-requeueable deps ti=<TaskInstance: airbnb_model.data_analysis manual__2024-09-14T17:50:30.952450+00:00 [queued]>
[2024-09-14T20:55:34.373+0000] {taskinstance.py:2612} INFO - Dependencies all met for dep_context=requeueable deps ti=<TaskInstance: airbnb_model.data_analysis manual__2024-09-14T17:50:30.952450+00:00 [queued]>
[2024-09-14T20:55:34.378+0000] {taskinstance.py:2865} INFO - Starting attempt 10 of 13
[2024-09-14T20:55:34.452+0000] {taskinstance.py:2888} INFO - Executing <Task(SparkSubmitOperator): data_analysis> on 2024-09-14 17:50:30.952450+00:00
[2024-09-14T20:55:34.481+0000] {standard_task_runner.py:104} INFO - Running: ['***', 'tasks', 'run', 'airbnb_model', 'data_analysis', 'manual__2024-09-14T17:50:30.952450+00:00', '--job-id', '684', '--raw', '--subdir', 'DAGS_FOLDER/air_price_pred_dag.py', '--cfg-path', '/tmp/tmpiwp1oklk']
[2024-09-14T20:55:34.511+0000] {standard_task_runner.py:105} INFO - Job 684: Subtask data_analysis
[2024-09-14T20:55:34.532+0000] {logging_mixin.py:190} WARNING - /home/***/.local/lib/python3.12/site-packages/***/task/task_runner/standard_task_runner.py:70 DeprecationWarning: This process (pid=15779) is multi-threaded, use of fork() may lead to deadlocks in the child.
[2024-09-14T20:55:34.534+0000] {standard_task_runner.py:72} INFO - Started process 15780 to run task
[2024-09-14T20:55:34.663+0000] {task_command.py:467} INFO - Running <TaskInstance: airbnb_model.data_analysis manual__2024-09-14T17:50:30.952450+00:00 [running]> on host fb744bf0dc86
[2024-09-14T20:55:34.991+0000] {taskinstance.py:3131} INFO - Exporting env vars: AIRFLOW_CTX_DAG_OWNER='Denis' AIRFLOW_CTX_DAG_ID='airbnb_model' AIRFLOW_CTX_TASK_ID='data_analysis' AIRFLOW_CTX_EXECUTION_DATE='2024-09-14T17:50:30.952450+00:00' AIRFLOW_CTX_TRY_NUMBER='10' AIRFLOW_CTX_DAG_RUN_ID='manual__2024-09-14T17:50:30.952450+00:00'
[2024-09-14T20:55:34.996+0000] {taskinstance.py:731} INFO - ::endgroup::
[2024-09-14T20:55:35.215+0000] {base.py:84} INFO - Retrieving connection 'spark_default'
[2024-09-14T20:55:35.223+0000] {spark_submit.py:403} INFO - Spark-Submit cmd: spark-submit --master spark://spark-master:7077 --conf spark.master=spark://spark-master:7077 --name arrow-spark --verbose --deploy-mode client /opt/***/dags/air_data_analysis.py
[2024-09-14T20:55:45.783+0000] {spark_submit.py:579} INFO - Using properties file: null
[2024-09-14T20:55:47.124+0000] {spark_submit.py:579} INFO - Parsed arguments:
[2024-09-14T20:55:47.205+0000] {spark_submit.py:579} INFO - master                  spark://spark-master:7077
[2024-09-14T20:55:47.206+0000] {spark_submit.py:579} INFO - remote                  null
[2024-09-14T20:55:47.208+0000] {spark_submit.py:579} INFO - deployMode              client
[2024-09-14T20:55:47.210+0000] {spark_submit.py:579} INFO - executorMemory          null
[2024-09-14T20:55:47.213+0000] {spark_submit.py:579} INFO - executorCores           null
[2024-09-14T20:55:47.215+0000] {spark_submit.py:579} INFO - totalExecutorCores      null
[2024-09-14T20:55:47.217+0000] {spark_submit.py:579} INFO - propertiesFile          null
[2024-09-14T20:55:47.219+0000] {spark_submit.py:579} INFO - driverMemory            null
[2024-09-14T20:55:47.220+0000] {spark_submit.py:579} INFO - driverCores             null
[2024-09-14T20:55:47.222+0000] {spark_submit.py:579} INFO - driverExtraClassPath    null
[2024-09-14T20:55:47.224+0000] {spark_submit.py:579} INFO - driverExtraLibraryPath  null
[2024-09-14T20:55:47.226+0000] {spark_submit.py:579} INFO - driverExtraJavaOptions  null
[2024-09-14T20:55:47.227+0000] {spark_submit.py:579} INFO - supervise               false
[2024-09-14T20:55:47.231+0000] {spark_submit.py:579} INFO - queue                   null
[2024-09-14T20:55:47.235+0000] {spark_submit.py:579} INFO - numExecutors            null
[2024-09-14T20:55:47.236+0000] {spark_submit.py:579} INFO - files                   null
[2024-09-14T20:55:47.238+0000] {spark_submit.py:579} INFO - pyFiles                 null
[2024-09-14T20:55:47.258+0000] {spark_submit.py:579} INFO - archives                null
[2024-09-14T20:55:47.268+0000] {spark_submit.py:579} INFO - mainClass               null
[2024-09-14T20:55:47.270+0000] {spark_submit.py:579} INFO - primaryResource         file:/opt/***/dags/air_data_analysis.py
[2024-09-14T20:55:47.275+0000] {spark_submit.py:579} INFO - name                    arrow-spark
[2024-09-14T20:55:47.278+0000] {spark_submit.py:579} INFO - childArgs               []
[2024-09-14T20:55:47.280+0000] {spark_submit.py:579} INFO - jars                    null
[2024-09-14T20:55:47.281+0000] {spark_submit.py:579} INFO - packages                null
[2024-09-14T20:55:47.283+0000] {spark_submit.py:579} INFO - packagesExclusions      null
[2024-09-14T20:55:47.284+0000] {spark_submit.py:579} INFO - repositories            null
[2024-09-14T20:55:47.286+0000] {spark_submit.py:579} INFO - verbose                 true
[2024-09-14T20:55:47.287+0000] {spark_submit.py:579} INFO - 
[2024-09-14T20:55:47.289+0000] {spark_submit.py:579} INFO - Spark properties used, including those specified through
[2024-09-14T20:55:47.290+0000] {spark_submit.py:579} INFO - --conf and those from the properties file null:
[2024-09-14T20:55:47.300+0000] {spark_submit.py:579} INFO - (spark.master,spark://spark-master:7077)
[2024-09-14T20:55:47.302+0000] {spark_submit.py:579} INFO - 
[2024-09-14T20:55:47.303+0000] {spark_submit.py:579} INFO - 
[2024-09-14T20:55:50.610+0000] {job.py:239} ERROR - Job heartbeat failed with error
Traceback (most recent call last):
  File "/home/airflow/.local/lib/python3.12/site-packages/sqlalchemy/engine/base.py", line 3371, in _wrap_pool_connect
    return fn()
           ^^^^
  File "/home/airflow/.local/lib/python3.12/site-packages/sqlalchemy/pool/base.py", line 327, in connect
    return _ConnectionFairy._checkout(self)
           ^^^^^^^^^^^^^^^^^^^^^^^^^^^^^^^^
  File "/home/airflow/.local/lib/python3.12/site-packages/sqlalchemy/pool/base.py", line 894, in _checkout
    fairy = _ConnectionRecord.checkout(pool)
            ^^^^^^^^^^^^^^^^^^^^^^^^^^^^^^^^
  File "/home/airflow/.local/lib/python3.12/site-packages/sqlalchemy/pool/base.py", line 493, in checkout
    rec = pool._do_get()
          ^^^^^^^^^^^^^^
  File "/home/airflow/.local/lib/python3.12/site-packages/sqlalchemy/pool/impl.py", line 256, in _do_get
    return self._create_connection()
           ^^^^^^^^^^^^^^^^^^^^^^^^^
  File "/home/airflow/.local/lib/python3.12/site-packages/sqlalchemy/pool/base.py", line 273, in _create_connection
    return _ConnectionRecord(self)
           ^^^^^^^^^^^^^^^^^^^^^^^
  File "/home/airflow/.local/lib/python3.12/site-packages/sqlalchemy/pool/base.py", line 388, in __init__
    self.__connect()
  File "/home/airflow/.local/lib/python3.12/site-packages/sqlalchemy/pool/base.py", line 690, in __connect
    with util.safe_reraise():
  File "/home/airflow/.local/lib/python3.12/site-packages/sqlalchemy/util/langhelpers.py", line 70, in __exit__
    compat.raise_(
  File "/home/airflow/.local/lib/python3.12/site-packages/sqlalchemy/util/compat.py", line 211, in raise_
    raise exception
  File "/home/airflow/.local/lib/python3.12/site-packages/sqlalchemy/pool/base.py", line 686, in __connect
    self.dbapi_connection = connection = pool._invoke_creator(self)
                                         ^^^^^^^^^^^^^^^^^^^^^^^^^^
  File "/home/airflow/.local/lib/python3.12/site-packages/sqlalchemy/engine/create.py", line 574, in connect
    return dialect.connect(*cargs, **cparams)
           ^^^^^^^^^^^^^^^^^^^^^^^^^^^^^^^^^^
  File "/home/airflow/.local/lib/python3.12/site-packages/sqlalchemy/engine/default.py", line 598, in connect
    return self.dbapi.connect(*cargs, **cparams)
           ^^^^^^^^^^^^^^^^^^^^^^^^^^^^^^^^^^^^^
  File "/home/airflow/.local/lib/python3.12/site-packages/psycopg2/__init__.py", line 122, in connect
    conn = _connect(dsn, connection_factory=connection_factory, **kwasync)
           ^^^^^^^^^^^^^^^^^^^^^^^^^^^^^^^^^^^^^^^^^^^^^^^^^^^^^^^^^^^^^^^
psycopg2.OperationalError: could not translate host name "postgres" to address: Temporary failure in name resolution


The above exception was the direct cause of the following exception:

Traceback (most recent call last):
  File "/home/airflow/.local/lib/python3.12/site-packages/airflow/jobs/job.py", line 233, in heartbeat
    heartbeat_callback(session)
  File "/home/airflow/.local/lib/python3.12/site-packages/airflow/utils/session.py", line 94, in wrapper
    return func(*args, **kwargs)
           ^^^^^^^^^^^^^^^^^^^^^
  File "/home/airflow/.local/lib/python3.12/site-packages/airflow/jobs/local_task_job_runner.py", line 284, in heartbeat_callback
    self.task_instance.refresh_from_db()
  File "/home/airflow/.local/lib/python3.12/site-packages/airflow/utils/session.py", line 97, in wrapper
    return func(*args, session=session, **kwargs)
           ^^^^^^^^^^^^^^^^^^^^^^^^^^^^^^^^^^^^^^
  File "/home/airflow/.local/lib/python3.12/site-packages/airflow/models/taskinstance.py", line 2358, in refresh_from_db
    _refresh_from_db(task_instance=self, session=session, lock_for_update=lock_for_update)
  File "/home/airflow/.local/lib/python3.12/site-packages/airflow/models/taskinstance.py", line 872, in _refresh_from_db
    ti = TaskInstance.get_task_instance(
         ^^^^^^^^^^^^^^^^^^^^^^^^^^^^^^^
  File "/home/airflow/.local/lib/python3.12/site-packages/airflow/api_internal/internal_api_call.py", line 139, in wrapper
    return func(*args, **kwargs)
           ^^^^^^^^^^^^^^^^^^^^^
  File "/home/airflow/.local/lib/python3.12/site-packages/airflow/utils/session.py", line 94, in wrapper
    return func(*args, **kwargs)
           ^^^^^^^^^^^^^^^^^^^^^
  File "/home/airflow/.local/lib/python3.12/site-packages/airflow/models/taskinstance.py", line 2344, in get_task_instance
    return query.one_or_none()
           ^^^^^^^^^^^^^^^^^^^
  File "/home/airflow/.local/lib/python3.12/site-packages/sqlalchemy/orm/query.py", line 2850, in one_or_none
    return self._iter().one_or_none()
           ^^^^^^^^^^^^
  File "/home/airflow/.local/lib/python3.12/site-packages/sqlalchemy/orm/query.py", line 2916, in _iter
    result = self.session.execute(
             ^^^^^^^^^^^^^^^^^^^^^
  File "/home/airflow/.local/lib/python3.12/site-packages/sqlalchemy/orm/session.py", line 1716, in execute
    conn = self._connection_for_bind(bind)
           ^^^^^^^^^^^^^^^^^^^^^^^^^^^^^^^
  File "/home/airflow/.local/lib/python3.12/site-packages/sqlalchemy/orm/session.py", line 1555, in _connection_for_bind
    return self._transaction._connection_for_bind(
           ^^^^^^^^^^^^^^^^^^^^^^^^^^^^^^^^^^^^^^^
  File "/home/airflow/.local/lib/python3.12/site-packages/sqlalchemy/orm/session.py", line 750, in _connection_for_bind
    conn = bind.connect()
           ^^^^^^^^^^^^^^
  File "/home/airflow/.local/lib/python3.12/site-packages/sqlalchemy/future/engine.py", line 412, in connect
    return super(Engine, self).connect()
           ^^^^^^^^^^^^^^^^^^^^^^^^^^^^^
  File "/home/airflow/.local/lib/python3.12/site-packages/sqlalchemy/engine/base.py", line 3325, in connect
    return self._connection_cls(self, close_with_result=close_with_result)
           ^^^^^^^^^^^^^^^^^^^^^^^^^^^^^^^^^^^^^^^^^^^^^^^^^^^^^^^^^^^^^^^
  File "/home/airflow/.local/lib/python3.12/site-packages/sqlalchemy/engine/base.py", line 96, in __init__
    else engine.raw_connection()
         ^^^^^^^^^^^^^^^^^^^^^^^
  File "/home/airflow/.local/lib/python3.12/site-packages/sqlalchemy/engine/base.py", line 3404, in raw_connection
    return self._wrap_pool_connect(self.pool.connect, _connection)
           ^^^^^^^^^^^^^^^^^^^^^^^^^^^^^^^^^^^^^^^^^^^^^^^^^^^^^^^
  File "/home/airflow/.local/lib/python3.12/site-packages/sqlalchemy/engine/base.py", line 3374, in _wrap_pool_connect
    Connection._handle_dbapi_exception_noconnection(
  File "/home/airflow/.local/lib/python3.12/site-packages/sqlalchemy/engine/base.py", line 2208, in _handle_dbapi_exception_noconnection
    util.raise_(
  File "/home/airflow/.local/lib/python3.12/site-packages/sqlalchemy/util/compat.py", line 211, in raise_
    raise exception
  File "/home/airflow/.local/lib/python3.12/site-packages/sqlalchemy/engine/base.py", line 3371, in _wrap_pool_connect
    return fn()
           ^^^^
  File "/home/airflow/.local/lib/python3.12/site-packages/sqlalchemy/pool/base.py", line 327, in connect
    return _ConnectionFairy._checkout(self)
           ^^^^^^^^^^^^^^^^^^^^^^^^^^^^^^^^
  File "/home/airflow/.local/lib/python3.12/site-packages/sqlalchemy/pool/base.py", line 894, in _checkout
    fairy = _ConnectionRecord.checkout(pool)
            ^^^^^^^^^^^^^^^^^^^^^^^^^^^^^^^^
  File "/home/airflow/.local/lib/python3.12/site-packages/sqlalchemy/pool/base.py", line 493, in checkout
    rec = pool._do_get()
          ^^^^^^^^^^^^^^
  File "/home/airflow/.local/lib/python3.12/site-packages/sqlalchemy/pool/impl.py", line 256, in _do_get
    return self._create_connection()
           ^^^^^^^^^^^^^^^^^^^^^^^^^
  File "/home/airflow/.local/lib/python3.12/site-packages/sqlalchemy/pool/base.py", line 273, in _create_connection
    return _ConnectionRecord(self)
           ^^^^^^^^^^^^^^^^^^^^^^^
  File "/home/airflow/.local/lib/python3.12/site-packages/sqlalchemy/pool/base.py", line 388, in __init__
    self.__connect()
  File "/home/airflow/.local/lib/python3.12/site-packages/sqlalchemy/pool/base.py", line 690, in __connect
    with util.safe_reraise():
  File "/home/airflow/.local/lib/python3.12/site-packages/sqlalchemy/util/langhelpers.py", line 70, in __exit__
    compat.raise_(
  File "/home/airflow/.local/lib/python3.12/site-packages/sqlalchemy/util/compat.py", line 211, in raise_
    raise exception
  File "/home/airflow/.local/lib/python3.12/site-packages/sqlalchemy/pool/base.py", line 686, in __connect
    self.dbapi_connection = connection = pool._invoke_creator(self)
                                         ^^^^^^^^^^^^^^^^^^^^^^^^^^
  File "/home/airflow/.local/lib/python3.12/site-packages/sqlalchemy/engine/create.py", line 574, in connect
    return dialect.connect(*cargs, **cparams)
           ^^^^^^^^^^^^^^^^^^^^^^^^^^^^^^^^^^
  File "/home/airflow/.local/lib/python3.12/site-packages/sqlalchemy/engine/default.py", line 598, in connect
    return self.dbapi.connect(*cargs, **cparams)
           ^^^^^^^^^^^^^^^^^^^^^^^^^^^^^^^^^^^^^
  File "/home/airflow/.local/lib/python3.12/site-packages/psycopg2/__init__.py", line 122, in connect
    conn = _connect(dsn, connection_factory=connection_factory, **kwasync)
           ^^^^^^^^^^^^^^^^^^^^^^^^^^^^^^^^^^^^^^^^^^^^^^^^^^^^^^^^^^^^^^^
sqlalchemy.exc.OperationalError: (psycopg2.OperationalError) could not translate host name "postgres" to address: Temporary failure in name resolution

(Background on this error at: https://sqlalche.me/e/14/e3q8)
[2024-09-14T20:55:50.741+0000] {job.py:245} ERROR - Job heartbeat failed with error. Scheduler may go into unhealthy state
[2024-09-14T20:55:52.797+0000] {spark_submit.py:579} INFO - Main class:
[2024-09-14T20:55:52.861+0000] {spark_submit.py:579} INFO - org.apache.spark.deploy.PythonRunner
[2024-09-14T20:55:52.863+0000] {spark_submit.py:579} INFO - Arguments:
[2024-09-14T20:55:52.865+0000] {spark_submit.py:579} INFO - file:/opt/***/dags/air_data_analysis.py
[2024-09-14T20:55:52.868+0000] {spark_submit.py:579} INFO - null
[2024-09-14T20:55:52.870+0000] {spark_submit.py:579} INFO - Spark config:
[2024-09-14T20:55:52.871+0000] {spark_submit.py:579} INFO - (spark.app.name,arrow-spark)
[2024-09-14T20:55:52.873+0000] {spark_submit.py:579} INFO - (spark.app.submitTime,1726347352558)
[2024-09-14T20:55:52.875+0000] {spark_submit.py:579} INFO - (spark.master,spark://spark-master:7077)
[2024-09-14T20:55:52.876+0000] {spark_submit.py:579} INFO - (spark.submit.deployMode,client)
[2024-09-14T20:55:52.878+0000] {spark_submit.py:579} INFO - (spark.submit.pyFiles,)
[2024-09-14T20:55:52.879+0000] {spark_submit.py:579} INFO - Classpath elements:
[2024-09-14T20:55:52.882+0000] {spark_submit.py:579} INFO - 
[2024-09-14T20:55:52.889+0000] {spark_submit.py:579} INFO - 
[2024-09-14T20:55:52.890+0000] {spark_submit.py:579} INFO - 
[2024-09-14T20:57:09.689+0000] {spark_submit.py:579} INFO - 24/09/14 20:57:09 INFO SparkContext: Running Spark version 3.5.2
[2024-09-14T20:57:09.726+0000] {spark_submit.py:579} INFO - 24/09/14 20:57:09 INFO SparkContext: OS info Linux, 5.15.153.1-microsoft-standard-WSL2, amd64
[2024-09-14T20:57:09.730+0000] {spark_submit.py:579} INFO - 24/09/14 20:57:09 INFO SparkContext: Java version 17.0.12
[2024-09-14T20:57:09.909+0000] {job.py:229} INFO - Heartbeat recovered after 89.38 seconds
[2024-09-14T20:57:10.336+0000] {spark_submit.py:579} INFO - 24/09/14 20:57:10 WARN NativeCodeLoader: Unable to load native-hadoop library for your platform... using builtin-java classes where applicable
[2024-09-14T20:57:11.304+0000] {spark_submit.py:579} INFO - 24/09/14 20:57:11 INFO ResourceUtils: ==============================================================
[2024-09-14T20:57:11.306+0000] {spark_submit.py:579} INFO - 24/09/14 20:57:11 INFO ResourceUtils: No custom resources configured for spark.driver.
[2024-09-14T20:57:11.308+0000] {spark_submit.py:579} INFO - 24/09/14 20:57:11 INFO ResourceUtils: ==============================================================
[2024-09-14T20:57:11.310+0000] {spark_submit.py:579} INFO - 24/09/14 20:57:11 INFO SparkContext: Submitted application: Airbnb_regr_model
[2024-09-14T20:57:11.434+0000] {spark_submit.py:579} INFO - 24/09/14 20:57:11 INFO ResourceProfile: Default ResourceProfile created, executor resources: Map(cores -> name: cores, amount: 1, script: , vendor: , memory -> name: memory, amount: 1024, script: , vendor: , offHeap -> name: offHeap, amount: 0, script: , vendor: ), task resources: Map(cpus -> name: cpus, amount: 1.0)
[2024-09-14T20:57:11.473+0000] {spark_submit.py:579} INFO - 24/09/14 20:57:11 INFO ResourceProfile: Limiting resource is cpu
[2024-09-14T20:57:11.478+0000] {spark_submit.py:579} INFO - 24/09/14 20:57:11 INFO ResourceProfileManager: Added ResourceProfile id: 0
[2024-09-14T20:57:11.824+0000] {spark_submit.py:579} INFO - 24/09/14 20:57:11 INFO SecurityManager: Changing view acls to: ***
[2024-09-14T20:57:11.827+0000] {spark_submit.py:579} INFO - 24/09/14 20:57:11 INFO SecurityManager: Changing modify acls to: ***
[2024-09-14T20:57:11.831+0000] {spark_submit.py:579} INFO - 24/09/14 20:57:11 INFO SecurityManager: Changing view acls groups to:
[2024-09-14T20:57:11.834+0000] {spark_submit.py:579} INFO - 24/09/14 20:57:11 INFO SecurityManager: Changing modify acls groups to:
[2024-09-14T20:57:11.836+0000] {spark_submit.py:579} INFO - 24/09/14 20:57:11 INFO SecurityManager: SecurityManager: authentication disabled; ui acls disabled; users with view permissions: ***; groups with view permissions: EMPTY; users with modify permissions: ***; groups with modify permissions: EMPTY
[2024-09-14T20:57:14.102+0000] {spark_submit.py:579} INFO - 24/09/14 20:57:14 INFO Utils: Successfully started service 'sparkDriver' on port 42345.
[2024-09-14T20:57:14.575+0000] {spark_submit.py:579} INFO - 24/09/14 20:57:14 INFO SparkEnv: Registering MapOutputTracker
[2024-09-14T20:57:14.782+0000] {spark_submit.py:579} INFO - 24/09/14 20:57:14 INFO SparkEnv: Registering BlockManagerMaster
[2024-09-14T20:57:14.856+0000] {spark_submit.py:579} INFO - 24/09/14 20:57:14 INFO BlockManagerMasterEndpoint: Using org.apache.spark.storage.DefaultTopologyMapper for getting topology information
[2024-09-14T20:57:14.858+0000] {spark_submit.py:579} INFO - 24/09/14 20:57:14 INFO BlockManagerMasterEndpoint: BlockManagerMasterEndpoint up
[2024-09-14T20:57:14.874+0000] {spark_submit.py:579} INFO - 24/09/14 20:57:14 INFO SparkEnv: Registering BlockManagerMasterHeartbeat
[2024-09-14T20:57:14.997+0000] {spark_submit.py:579} INFO - 24/09/14 20:57:14 INFO DiskBlockManager: Created local directory at /tmp/blockmgr-f3e429cb-0144-477f-a1a7-d2cd149b0a14
[2024-09-14T20:57:15.084+0000] {spark_submit.py:579} INFO - 24/09/14 20:57:15 INFO MemoryStore: MemoryStore started with capacity 434.4 MiB
[2024-09-14T20:57:15.164+0000] {spark_submit.py:579} INFO - 24/09/14 20:57:15 INFO SparkEnv: Registering OutputCommitCoordinator
[2024-09-14T20:57:15.738+0000] {spark_submit.py:579} INFO - 24/09/14 20:57:15 INFO JettyUtils: Start Jetty 0.0.0.0:4040 for SparkUI
[2024-09-14T20:57:16.045+0000] {spark_submit.py:579} INFO - 24/09/14 20:57:16 INFO Utils: Successfully started service 'SparkUI' on port 4040.
[2024-09-14T20:57:16.473+0000] {spark_submit.py:579} INFO - 24/09/14 20:57:16 INFO Executor: Starting executor ID driver on host fb744bf0dc86
[2024-09-14T20:57:16.475+0000] {spark_submit.py:579} INFO - 24/09/14 20:57:16 INFO Executor: OS info Linux, 5.15.153.1-microsoft-standard-WSL2, amd64
[2024-09-14T20:57:16.477+0000] {spark_submit.py:579} INFO - 24/09/14 20:57:16 INFO Executor: Java version 17.0.12
[2024-09-14T20:57:16.511+0000] {spark_submit.py:579} INFO - 24/09/14 20:57:16 INFO Executor: Starting executor with user classpath (userClassPathFirst = false): ''
[2024-09-14T20:57:16.514+0000] {spark_submit.py:579} INFO - 24/09/14 20:57:16 INFO Executor: Created or updated repl class loader org.apache.spark.util.MutableURLClassLoader@2b2d567f for default.
[2024-09-14T20:57:16.589+0000] {spark_submit.py:579} INFO - 24/09/14 20:57:16 INFO Utils: Successfully started service 'org.apache.spark.network.netty.NettyBlockTransferService' on port 32911.
[2024-09-14T20:57:16.591+0000] {spark_submit.py:579} INFO - 24/09/14 20:57:16 INFO NettyBlockTransferService: Server created on fb744bf0dc86:32911
[2024-09-14T20:57:16.598+0000] {spark_submit.py:579} INFO - 24/09/14 20:57:16 INFO BlockManager: Using org.apache.spark.storage.RandomBlockReplicationPolicy for block replication policy
[2024-09-14T20:57:16.620+0000] {spark_submit.py:579} INFO - 24/09/14 20:57:16 INFO BlockManagerMaster: Registering BlockManager BlockManagerId(driver, fb744bf0dc86, 32911, None)
[2024-09-14T20:57:16.630+0000] {spark_submit.py:579} INFO - 24/09/14 20:57:16 INFO BlockManagerMasterEndpoint: Registering block manager fb744bf0dc86:32911 with 434.4 MiB RAM, BlockManagerId(driver, fb744bf0dc86, 32911, None)
[2024-09-14T20:57:16.641+0000] {spark_submit.py:579} INFO - 24/09/14 20:57:16 INFO BlockManagerMaster: Registered BlockManager BlockManagerId(driver, fb744bf0dc86, 32911, None)
[2024-09-14T20:57:16.647+0000] {spark_submit.py:579} INFO - 24/09/14 20:57:16 INFO BlockManager: Initialized BlockManager: BlockManagerId(driver, fb744bf0dc86, 32911, None)
[2024-09-14T20:57:18.466+0000] {spark_submit.py:579} INFO - 24/09/14 20:57:18 INFO SharedState: Setting hive.metastore.warehouse.dir ('null') to the value of spark.sql.warehouse.dir.
[2024-09-14T20:57:18.501+0000] {spark_submit.py:579} INFO - 24/09/14 20:57:18 INFO SharedState: Warehouse path is 'file:/user/hive/warehouse'.
[2024-09-14T20:57:21.942+0000] {spark_submit.py:579} INFO - 24/09/14 20:57:21 INFO InMemoryFileIndex: It took 203 ms to list leaf files for 1 paths.
[2024-09-14T20:57:22.221+0000] {spark_submit.py:579} INFO - 24/09/14 20:57:22 INFO InMemoryFileIndex: It took 4 ms to list leaf files for 1 paths.
[2024-09-14T20:57:32.880+0000] {spark_submit.py:579} INFO - 24/09/14 20:57:32 INFO FileSourceStrategy: Pushed Filters:
[2024-09-14T20:57:32.886+0000] {spark_submit.py:579} INFO - 24/09/14 20:57:32 INFO FileSourceStrategy: Post-Scan Filters:
[2024-09-14T20:57:33.678+0000] {spark_submit.py:579} INFO - 24/09/14 20:57:33 INFO MemoryStore: Block broadcast_0 stored as values in memory (estimated size 200.2 KiB, free 434.2 MiB)
[2024-09-14T20:57:33.825+0000] {spark_submit.py:579} INFO - 24/09/14 20:57:33 INFO MemoryStore: Block broadcast_0_piece0 stored as bytes in memory (estimated size 34.5 KiB, free 434.2 MiB)
[2024-09-14T20:57:33.834+0000] {spark_submit.py:579} INFO - 24/09/14 20:57:33 INFO BlockManagerInfo: Added broadcast_0_piece0 in memory on fb744bf0dc86:32911 (size: 34.5 KiB, free: 434.4 MiB)
[2024-09-14T20:57:33.853+0000] {spark_submit.py:579} INFO - 24/09/14 20:57:33 INFO SparkContext: Created broadcast 0 from csv at NativeMethodAccessorImpl.java:0
[2024-09-14T20:57:33.887+0000] {spark_submit.py:579} INFO - 24/09/14 20:57:33 INFO FileSourceScanExec: Planning scan with bin packing, max size: 4194304 bytes, open cost is considered as scanning 4194304 bytes.
[2024-09-14T20:57:35.948+0000] {spark_submit.py:579} INFO - 24/09/14 20:57:35 INFO CodeGenerator: Code generated in 863.710644 ms
[2024-09-14T20:57:36.113+0000] {spark_submit.py:579} INFO - 24/09/14 20:57:36 INFO SparkContext: Starting job: csv at NativeMethodAccessorImpl.java:0
[2024-09-14T20:57:36.190+0000] {spark_submit.py:579} INFO - 24/09/14 20:57:36 INFO DAGScheduler: Got job 0 (csv at NativeMethodAccessorImpl.java:0) with 1 output partitions
[2024-09-14T20:57:36.192+0000] {spark_submit.py:579} INFO - 24/09/14 20:57:36 INFO DAGScheduler: Final stage: ResultStage 0 (csv at NativeMethodAccessorImpl.java:0)
[2024-09-14T20:57:36.193+0000] {spark_submit.py:579} INFO - 24/09/14 20:57:36 INFO DAGScheduler: Parents of final stage: List()
[2024-09-14T20:57:36.199+0000] {spark_submit.py:579} INFO - 24/09/14 20:57:36 INFO DAGScheduler: Missing parents: List()
[2024-09-14T20:57:36.210+0000] {spark_submit.py:579} INFO - 24/09/14 20:57:36 INFO DAGScheduler: Submitting ResultStage 0 (MapPartitionsRDD[6] at csv at NativeMethodAccessorImpl.java:0), which has no missing parents
[2024-09-14T20:57:36.531+0000] {spark_submit.py:579} INFO - 24/09/14 20:57:36 INFO MemoryStore: Block broadcast_1 stored as values in memory (estimated size 19.1 KiB, free 434.2 MiB)
[2024-09-14T20:57:36.559+0000] {spark_submit.py:579} INFO - 24/09/14 20:57:36 INFO MemoryStore: Block broadcast_1_piece0 stored as bytes in memory (estimated size 8.3 KiB, free 434.1 MiB)
[2024-09-14T20:57:36.561+0000] {spark_submit.py:579} INFO - 24/09/14 20:57:36 INFO BlockManagerInfo: Added broadcast_1_piece0 in memory on fb744bf0dc86:32911 (size: 8.3 KiB, free: 434.4 MiB)
[2024-09-14T20:57:36.565+0000] {spark_submit.py:579} INFO - 24/09/14 20:57:36 INFO SparkContext: Created broadcast 1 from broadcast at DAGScheduler.scala:1585
[2024-09-14T20:57:36.643+0000] {spark_submit.py:579} INFO - 24/09/14 20:57:36 INFO DAGScheduler: Submitting 1 missing tasks from ResultStage 0 (MapPartitionsRDD[6] at csv at NativeMethodAccessorImpl.java:0) (first 15 tasks are for partitions Vector(0))
[2024-09-14T20:57:36.650+0000] {spark_submit.py:579} INFO - 24/09/14 20:57:36 INFO TaskSchedulerImpl: Adding task set 0.0 with 1 tasks resource profile 0
[2024-09-14T20:57:36.832+0000] {spark_submit.py:579} INFO - 24/09/14 20:57:36 INFO TaskSetManager: Starting task 0.0 in stage 0.0 (TID 0) (fb744bf0dc86, executor driver, partition 0, PROCESS_LOCAL, 9601 bytes)
[2024-09-14T20:57:36.879+0000] {spark_submit.py:579} INFO - 24/09/14 20:57:36 INFO Executor: Running task 0.0 in stage 0.0 (TID 0)
[2024-09-14T20:57:37.464+0000] {spark_submit.py:579} INFO - 24/09/14 20:57:37 INFO CodeGenerator: Code generated in 68.260267 ms
[2024-09-14T20:57:37.476+0000] {spark_submit.py:579} INFO - 24/09/14 20:57:37 INFO FileScanRDD: Reading File path: file:///opt/***/datasets/Airbnb.csv, range: 0-4194304, partition values: [empty row]
[2024-09-14T20:57:37.555+0000] {spark_submit.py:579} INFO - 24/09/14 20:57:37 INFO CodeGenerator: Code generated in 48.396583 ms
[2024-09-14T20:57:38.301+0000] {spark_submit.py:579} INFO - 24/09/14 20:57:38 INFO Executor: Finished task 0.0 in stage 0.0 (TID 0). 1851 bytes result sent to driver
[2024-09-14T20:57:38.338+0000] {spark_submit.py:579} INFO - 24/09/14 20:57:38 INFO TaskSetManager: Finished task 0.0 in stage 0.0 (TID 0) in 1539 ms on fb744bf0dc86 (executor driver) (1/1)
[2024-09-14T20:57:38.345+0000] {spark_submit.py:579} INFO - 24/09/14 20:57:38 INFO TaskSchedulerImpl: Removed TaskSet 0.0, whose tasks have all completed, from pool
[2024-09-14T20:57:38.363+0000] {spark_submit.py:579} INFO - 24/09/14 20:57:38 INFO DAGScheduler: ResultStage 0 (csv at NativeMethodAccessorImpl.java:0) finished in 2.103 s
[2024-09-14T20:57:38.379+0000] {spark_submit.py:579} INFO - 24/09/14 20:57:38 INFO DAGScheduler: Job 0 is finished. Cancelling potential speculative or zombie tasks for this job
[2024-09-14T20:57:38.382+0000] {spark_submit.py:579} INFO - 24/09/14 20:57:38 INFO TaskSchedulerImpl: Killing all running tasks in stage 0: Stage finished
[2024-09-14T20:57:38.391+0000] {spark_submit.py:579} INFO - 24/09/14 20:57:38 INFO DAGScheduler: Job 0 finished: csv at NativeMethodAccessorImpl.java:0, took 2.275588 s
[2024-09-14T20:57:38.478+0000] {spark_submit.py:579} INFO - 24/09/14 20:57:38 INFO CodeGenerator: Code generated in 37.248326 ms
[2024-09-14T20:57:38.858+0000] {spark_submit.py:579} INFO - 24/09/14 20:57:38 INFO SparkContext: Starting job: csv at NativeMethodAccessorImpl.java:0
[2024-09-14T20:57:38.862+0000] {spark_submit.py:579} INFO - 24/09/14 20:57:38 INFO DAGScheduler: Got job 1 (csv at NativeMethodAccessorImpl.java:0) with 2 output partitions
[2024-09-14T20:57:38.864+0000] {spark_submit.py:579} INFO - 24/09/14 20:57:38 INFO DAGScheduler: Final stage: ResultStage 1 (csv at NativeMethodAccessorImpl.java:0)
[2024-09-14T20:57:38.865+0000] {spark_submit.py:579} INFO - 24/09/14 20:57:38 INFO DAGScheduler: Parents of final stage: List()
[2024-09-14T20:57:38.868+0000] {spark_submit.py:579} INFO - 24/09/14 20:57:38 INFO DAGScheduler: Missing parents: List()
[2024-09-14T20:57:38.871+0000] {spark_submit.py:579} INFO - 24/09/14 20:57:38 INFO DAGScheduler: Submitting ResultStage 1 (MapPartitionsRDD[10] at csv at NativeMethodAccessorImpl.java:0), which has no missing parents
[2024-09-14T20:57:38.889+0000] {spark_submit.py:579} INFO - 24/09/14 20:57:38 INFO MemoryStore: Block broadcast_2 stored as values in memory (estimated size 19.7 KiB, free 434.1 MiB)
[2024-09-14T20:57:38.895+0000] {spark_submit.py:579} INFO - 24/09/14 20:57:38 INFO MemoryStore: Block broadcast_2_piece0 stored as bytes in memory (estimated size 9.1 KiB, free 434.1 MiB)
[2024-09-14T20:57:38.900+0000] {spark_submit.py:579} INFO - 24/09/14 20:57:38 INFO BlockManagerInfo: Added broadcast_2_piece0 in memory on fb744bf0dc86:32911 (size: 9.1 KiB, free: 434.3 MiB)
[2024-09-14T20:57:38.903+0000] {spark_submit.py:579} INFO - 24/09/14 20:57:38 INFO SparkContext: Created broadcast 2 from broadcast at DAGScheduler.scala:1585
[2024-09-14T20:57:38.907+0000] {spark_submit.py:579} INFO - 24/09/14 20:57:38 INFO DAGScheduler: Submitting 2 missing tasks from ResultStage 1 (MapPartitionsRDD[10] at csv at NativeMethodAccessorImpl.java:0) (first 15 tasks are for partitions Vector(0, 1))
[2024-09-14T20:57:38.908+0000] {spark_submit.py:579} INFO - 24/09/14 20:57:38 INFO TaskSchedulerImpl: Adding task set 1.0 with 2 tasks resource profile 0
[2024-09-14T20:57:38.913+0000] {spark_submit.py:579} INFO - 24/09/14 20:57:38 INFO TaskSetManager: Starting task 0.0 in stage 1.0 (TID 1) (fb744bf0dc86, executor driver, partition 0, PROCESS_LOCAL, 9601 bytes)
[2024-09-14T20:57:38.915+0000] {spark_submit.py:579} INFO - 24/09/14 20:57:38 INFO TaskSetManager: Starting task 1.0 in stage 1.0 (TID 2) (fb744bf0dc86, executor driver, partition 1, PROCESS_LOCAL, 9601 bytes)
[2024-09-14T20:57:38.919+0000] {spark_submit.py:579} INFO - 24/09/14 20:57:38 INFO Executor: Running task 0.0 in stage 1.0 (TID 1)
[2024-09-14T20:57:38.922+0000] {spark_submit.py:579} INFO - 24/09/14 20:57:38 INFO Executor: Running task 1.0 in stage 1.0 (TID 2)
[2024-09-14T20:57:39.031+0000] {spark_submit.py:579} INFO - 24/09/14 20:57:39 INFO FileScanRDD: Reading File path: file:///opt/***/datasets/Airbnb.csv, range: 0-4194304, partition values: [empty row]
[2024-09-14T20:57:39.034+0000] {spark_submit.py:579} INFO - 24/09/14 20:57:39 INFO FileScanRDD: Reading File path: file:///opt/***/datasets/Airbnb.csv, range: 4194304-7081245, partition values: [empty row]
[2024-09-14T20:57:39.795+0000] {spark_submit.py:579} INFO - 24/09/14 20:57:39 INFO BlockManagerInfo: Removed broadcast_1_piece0 on fb744bf0dc86:32911 in memory (size: 8.3 KiB, free: 434.4 MiB)
[2024-09-14T20:57:40.994+0000] {spark_submit.py:579} INFO - 24/09/14 20:57:40 INFO Executor: Finished task 1.0 in stage 1.0 (TID 2). 1546 bytes result sent to driver
[2024-09-14T20:57:41.013+0000] {spark_submit.py:579} INFO - 24/09/14 20:57:41 INFO TaskSetManager: Finished task 1.0 in stage 1.0 (TID 2) in 2098 ms on fb744bf0dc86 (executor driver) (1/2)
[2024-09-14T20:57:41.754+0000] {spark_submit.py:579} INFO - 24/09/14 20:57:41 INFO Executor: Finished task 0.0 in stage 1.0 (TID 1). 1546 bytes result sent to driver
[2024-09-14T20:57:41.764+0000] {spark_submit.py:579} INFO - 24/09/14 20:57:41 INFO TaskSetManager: Finished task 0.0 in stage 1.0 (TID 1) in 2851 ms on fb744bf0dc86 (executor driver) (2/2)
[2024-09-14T20:57:41.775+0000] {spark_submit.py:579} INFO - 24/09/14 20:57:41 INFO TaskSchedulerImpl: Removed TaskSet 1.0, whose tasks have all completed, from pool
[2024-09-14T20:57:41.777+0000] {spark_submit.py:579} INFO - 24/09/14 20:57:41 INFO DAGScheduler: ResultStage 1 (csv at NativeMethodAccessorImpl.java:0) finished in 2.893 s
[2024-09-14T20:57:41.779+0000] {spark_submit.py:579} INFO - 24/09/14 20:57:41 INFO DAGScheduler: Job 1 is finished. Cancelling potential speculative or zombie tasks for this job
[2024-09-14T20:57:41.781+0000] {spark_submit.py:579} INFO - 24/09/14 20:57:41 INFO TaskSchedulerImpl: Killing all running tasks in stage 1: Stage finished
[2024-09-14T20:57:41.783+0000] {spark_submit.py:579} INFO - 24/09/14 20:57:41 INFO DAGScheduler: Job 1 finished: csv at NativeMethodAccessorImpl.java:0, took 2.787169 s
[2024-09-14T20:57:42.582+0000] {spark_submit.py:579} INFO - 24/09/14 20:57:42 INFO FileSourceStrategy: Pushed Filters:
[2024-09-14T20:57:42.583+0000] {spark_submit.py:579} INFO - 24/09/14 20:57:42 INFO FileSourceStrategy: Post-Scan Filters:
[2024-09-14T20:57:42.972+0000] {spark_submit.py:579} INFO - 24/09/14 20:57:42 INFO CodeGenerator: Code generated in 155.963846 ms
[2024-09-14T20:57:42.990+0000] {spark_submit.py:579} INFO - 24/09/14 20:57:42 INFO MemoryStore: Block broadcast_3 stored as values in memory (estimated size 200.1 KiB, free 433.9 MiB)
[2024-09-14T20:57:43.012+0000] {spark_submit.py:579} INFO - 24/09/14 20:57:43 INFO MemoryStore: Block broadcast_3_piece0 stored as bytes in memory (estimated size 34.5 KiB, free 433.9 MiB)
[2024-09-14T20:57:43.014+0000] {spark_submit.py:579} INFO - 24/09/14 20:57:43 INFO BlockManagerInfo: Added broadcast_3_piece0 in memory on fb744bf0dc86:32911 (size: 34.5 KiB, free: 434.3 MiB)
[2024-09-14T20:57:43.017+0000] {spark_submit.py:579} INFO - 24/09/14 20:57:43 INFO SparkContext: Created broadcast 3 from showString at NativeMethodAccessorImpl.java:0
[2024-09-14T20:57:43.032+0000] {spark_submit.py:579} INFO - 24/09/14 20:57:43 INFO FileSourceScanExec: Planning scan with bin packing, max size: 4194304 bytes, open cost is considered as scanning 4194304 bytes.
[2024-09-14T20:57:43.077+0000] {spark_submit.py:579} INFO - 24/09/14 20:57:43 INFO SparkContext: Starting job: showString at NativeMethodAccessorImpl.java:0
[2024-09-14T20:57:43.081+0000] {spark_submit.py:579} INFO - 24/09/14 20:57:43 INFO DAGScheduler: Got job 2 (showString at NativeMethodAccessorImpl.java:0) with 1 output partitions
[2024-09-14T20:57:43.082+0000] {spark_submit.py:579} INFO - 24/09/14 20:57:43 INFO DAGScheduler: Final stage: ResultStage 2 (showString at NativeMethodAccessorImpl.java:0)
[2024-09-14T20:57:43.084+0000] {spark_submit.py:579} INFO - 24/09/14 20:57:43 INFO DAGScheduler: Parents of final stage: List()
[2024-09-14T20:57:43.086+0000] {spark_submit.py:579} INFO - 24/09/14 20:57:43 INFO DAGScheduler: Missing parents: List()
[2024-09-14T20:57:43.087+0000] {spark_submit.py:579} INFO - 24/09/14 20:57:43 INFO DAGScheduler: Submitting ResultStage 2 (MapPartitionsRDD[14] at showString at NativeMethodAccessorImpl.java:0), which has no missing parents
[2024-09-14T20:57:43.096+0000] {spark_submit.py:579} INFO - 24/09/14 20:57:43 INFO MemoryStore: Block broadcast_4 stored as values in memory (estimated size 20.4 KiB, free 433.9 MiB)
[2024-09-14T20:57:43.103+0000] {spark_submit.py:579} INFO - 24/09/14 20:57:43 INFO MemoryStore: Block broadcast_4_piece0 stored as bytes in memory (estimated size 9.2 KiB, free 433.9 MiB)
[2024-09-14T20:57:43.107+0000] {spark_submit.py:579} INFO - 24/09/14 20:57:43 INFO BlockManagerInfo: Added broadcast_4_piece0 in memory on fb744bf0dc86:32911 (size: 9.2 KiB, free: 434.3 MiB)
[2024-09-14T20:57:43.110+0000] {spark_submit.py:579} INFO - 24/09/14 20:57:43 INFO SparkContext: Created broadcast 4 from broadcast at DAGScheduler.scala:1585
[2024-09-14T20:57:43.112+0000] {spark_submit.py:579} INFO - 24/09/14 20:57:43 INFO DAGScheduler: Submitting 1 missing tasks from ResultStage 2 (MapPartitionsRDD[14] at showString at NativeMethodAccessorImpl.java:0) (first 15 tasks are for partitions Vector(0))
[2024-09-14T20:57:43.114+0000] {spark_submit.py:579} INFO - 24/09/14 20:57:43 INFO TaskSchedulerImpl: Adding task set 2.0 with 1 tasks resource profile 0
[2024-09-14T20:57:43.118+0000] {spark_submit.py:579} INFO - 24/09/14 20:57:43 INFO TaskSetManager: Starting task 0.0 in stage 2.0 (TID 3) (fb744bf0dc86, executor driver, partition 0, PROCESS_LOCAL, 9601 bytes)
[2024-09-14T20:57:43.121+0000] {spark_submit.py:579} INFO - 24/09/14 20:57:43 INFO Executor: Running task 0.0 in stage 2.0 (TID 3)
[2024-09-14T20:57:43.217+0000] {spark_submit.py:579} INFO - 24/09/14 20:57:43 INFO CodeGenerator: Code generated in 64.052642 ms
[2024-09-14T20:57:43.222+0000] {spark_submit.py:579} INFO - 24/09/14 20:57:43 INFO FileScanRDD: Reading File path: file:///opt/***/datasets/Airbnb.csv, range: 0-4194304, partition values: [empty row]
[2024-09-14T20:57:43.257+0000] {spark_submit.py:579} INFO - 24/09/14 20:57:43 INFO CodeGenerator: Code generated in 24.434567 ms
[2024-09-14T20:57:43.349+0000] {spark_submit.py:579} INFO - 24/09/14 20:57:43 INFO Executor: Finished task 0.0 in stage 2.0 (TID 3). 1731 bytes result sent to driver
[2024-09-14T20:57:43.355+0000] {spark_submit.py:579} INFO - 24/09/14 20:57:43 INFO TaskSetManager: Finished task 0.0 in stage 2.0 (TID 3) in 238 ms on fb744bf0dc86 (executor driver) (1/1)
[2024-09-14T20:57:43.357+0000] {spark_submit.py:579} INFO - 24/09/14 20:57:43 INFO TaskSchedulerImpl: Removed TaskSet 2.0, whose tasks have all completed, from pool
[2024-09-14T20:57:43.359+0000] {spark_submit.py:579} INFO - 24/09/14 20:57:43 INFO DAGScheduler: ResultStage 2 (showString at NativeMethodAccessorImpl.java:0) finished in 0.269 s
[2024-09-14T20:57:43.361+0000] {spark_submit.py:579} INFO - 24/09/14 20:57:43 INFO DAGScheduler: Job 2 is finished. Cancelling potential speculative or zombie tasks for this job
[2024-09-14T20:57:43.363+0000] {spark_submit.py:579} INFO - 24/09/14 20:57:43 INFO TaskSchedulerImpl: Killing all running tasks in stage 2: Stage finished
[2024-09-14T20:57:43.365+0000] {spark_submit.py:579} INFO - 24/09/14 20:57:43 INFO DAGScheduler: Job 2 finished: showString at NativeMethodAccessorImpl.java:0, took 0.284849 s
[2024-09-14T20:57:43.404+0000] {spark_submit.py:579} INFO - 24/09/14 20:57:43 INFO CodeGenerator: Code generated in 23.640441 ms
[2024-09-14T20:57:43.423+0000] {spark_submit.py:579} INFO - +--------+---------+
[2024-09-14T20:57:43.425+0000] {spark_submit.py:579} INFO - |latitude|longitude|
[2024-09-14T20:57:43.427+0000] {spark_submit.py:579} INFO - +--------+---------+
[2024-09-14T20:57:43.428+0000] {spark_submit.py:579} INFO - |40.64749|-73.97237|
[2024-09-14T20:57:43.429+0000] {spark_submit.py:579} INFO - |40.75362|-73.98377|
[2024-09-14T20:57:43.430+0000] {spark_submit.py:579} INFO - |40.80902| -73.9419|
[2024-09-14T20:57:43.432+0000] {spark_submit.py:579} INFO - |40.68514|-73.95976|
[2024-09-14T20:57:43.433+0000] {spark_submit.py:579} INFO - |40.79851|-73.94399|
[2024-09-14T20:57:43.435+0000] {spark_submit.py:579} INFO - |40.74767|  -73.975|
[2024-09-14T20:57:43.437+0000] {spark_submit.py:579} INFO - |40.68688|-73.95596|
[2024-09-14T20:57:43.438+0000] {spark_submit.py:579} INFO - |40.76489|-73.98493|
[2024-09-14T20:57:43.439+0000] {spark_submit.py:579} INFO - |40.80178|-73.96723|
[2024-09-14T20:57:43.441+0000] {spark_submit.py:579} INFO - |40.71344|-73.99037|
[2024-09-14T20:57:43.442+0000] {spark_submit.py:579} INFO - +--------+---------+
[2024-09-14T20:57:43.443+0000] {spark_submit.py:579} INFO - only showing top 10 rows
[2024-09-14T20:57:43.445+0000] {spark_submit.py:579} INFO - 
[2024-09-14T20:57:44.270+0000] {spark_submit.py:579} INFO - 24/09/14 20:57:44 INFO FileSourceStrategy: Pushed Filters:
[2024-09-14T20:57:44.272+0000] {spark_submit.py:579} INFO - 24/09/14 20:57:44 INFO FileSourceStrategy: Post-Scan Filters: atleastnnonnulls(10, neighbourhood_group#25, neighbourhood#26, cast(regexp_replace(latitude#27, ,, ., 1) as float), cast(regexp_replace(longitude#28, ,, ., 1) as float), room_type#29, price#30, minimum_nights#31, number_of_reviews#32, calculated_host_listings_count#35, availability_365#36)
[2024-09-14T20:57:44.845+0000] {spark_submit.py:579} INFO - 24/09/14 20:57:44 INFO CodeGenerator: Code generated in 165.346716 ms
[2024-09-14T20:57:44.854+0000] {spark_submit.py:579} INFO - 24/09/14 20:57:44 INFO MemoryStore: Block broadcast_5 stored as values in memory (estimated size 200.1 KiB, free 433.7 MiB)
[2024-09-14T20:57:44.890+0000] {spark_submit.py:579} INFO - 24/09/14 20:57:44 INFO BlockManagerInfo: Removed broadcast_4_piece0 on fb744bf0dc86:32911 in memory (size: 9.2 KiB, free: 434.3 MiB)
[2024-09-14T20:57:44.907+0000] {spark_submit.py:579} INFO - 24/09/14 20:57:44 INFO BlockManagerInfo: Removed broadcast_3_piece0 on fb744bf0dc86:32911 in memory (size: 34.5 KiB, free: 434.4 MiB)
[2024-09-14T20:57:44.911+0000] {spark_submit.py:579} INFO - 24/09/14 20:57:44 INFO MemoryStore: Block broadcast_5_piece0 stored as bytes in memory (estimated size 34.5 KiB, free 433.9 MiB)
[2024-09-14T20:57:44.920+0000] {spark_submit.py:579} INFO - 24/09/14 20:57:44 INFO BlockManagerInfo: Added broadcast_5_piece0 in memory on fb744bf0dc86:32911 (size: 34.5 KiB, free: 434.3 MiB)
[2024-09-14T20:57:44.924+0000] {spark_submit.py:579} INFO - 24/09/14 20:57:44 INFO BlockManagerInfo: Removed broadcast_2_piece0 on fb744bf0dc86:32911 in memory (size: 9.1 KiB, free: 434.3 MiB)
[2024-09-14T20:57:44.928+0000] {spark_submit.py:579} INFO - 24/09/14 20:57:44 INFO SparkContext: Created broadcast 5 from showString at NativeMethodAccessorImpl.java:0
[2024-09-14T20:57:44.935+0000] {spark_submit.py:579} INFO - 24/09/14 20:57:44 INFO FileSourceScanExec: Planning scan with bin packing, max size: 4194304 bytes, open cost is considered as scanning 4194304 bytes.
[2024-09-14T20:57:45.046+0000] {spark_submit.py:579} INFO - 24/09/14 20:57:45 INFO DAGScheduler: Registering RDD 18 (showString at NativeMethodAccessorImpl.java:0) as input to shuffle 0
[2024-09-14T20:57:45.056+0000] {spark_submit.py:579} INFO - 24/09/14 20:57:45 INFO DAGScheduler: Got map stage job 3 (showString at NativeMethodAccessorImpl.java:0) with 2 output partitions
[2024-09-14T20:57:45.057+0000] {spark_submit.py:579} INFO - 24/09/14 20:57:45 INFO DAGScheduler: Final stage: ShuffleMapStage 3 (showString at NativeMethodAccessorImpl.java:0)
[2024-09-14T20:57:45.059+0000] {spark_submit.py:579} INFO - 24/09/14 20:57:45 INFO DAGScheduler: Parents of final stage: List()
[2024-09-14T20:57:45.060+0000] {spark_submit.py:579} INFO - 24/09/14 20:57:45 INFO DAGScheduler: Missing parents: List()
[2024-09-14T20:57:45.064+0000] {spark_submit.py:579} INFO - 24/09/14 20:57:45 INFO DAGScheduler: Submitting ShuffleMapStage 3 (MapPartitionsRDD[18] at showString at NativeMethodAccessorImpl.java:0), which has no missing parents
[2024-09-14T20:57:45.106+0000] {spark_submit.py:579} INFO - 24/09/14 20:57:45 INFO MemoryStore: Block broadcast_6 stored as values in memory (estimated size 45.3 KiB, free 433.9 MiB)
[2024-09-14T20:57:45.112+0000] {spark_submit.py:579} INFO - 24/09/14 20:57:45 INFO MemoryStore: Block broadcast_6_piece0 stored as bytes in memory (estimated size 16.4 KiB, free 433.9 MiB)
[2024-09-14T20:57:45.116+0000] {spark_submit.py:579} INFO - 24/09/14 20:57:45 INFO BlockManagerInfo: Added broadcast_6_piece0 in memory on fb744bf0dc86:32911 (size: 16.4 KiB, free: 434.3 MiB)
[2024-09-14T20:57:45.119+0000] {spark_submit.py:579} INFO - 24/09/14 20:57:45 INFO SparkContext: Created broadcast 6 from broadcast at DAGScheduler.scala:1585
[2024-09-14T20:57:45.124+0000] {spark_submit.py:579} INFO - 24/09/14 20:57:45 INFO DAGScheduler: Submitting 2 missing tasks from ShuffleMapStage 3 (MapPartitionsRDD[18] at showString at NativeMethodAccessorImpl.java:0) (first 15 tasks are for partitions Vector(0, 1))
[2024-09-14T20:57:45.126+0000] {spark_submit.py:579} INFO - 24/09/14 20:57:45 INFO TaskSchedulerImpl: Adding task set 3.0 with 2 tasks resource profile 0
[2024-09-14T20:57:45.131+0000] {spark_submit.py:579} INFO - 24/09/14 20:57:45 INFO TaskSetManager: Starting task 0.0 in stage 3.0 (TID 4) (fb744bf0dc86, executor driver, partition 0, PROCESS_LOCAL, 9590 bytes)
[2024-09-14T20:57:45.133+0000] {spark_submit.py:579} INFO - 24/09/14 20:57:45 INFO TaskSetManager: Starting task 1.0 in stage 3.0 (TID 5) (fb744bf0dc86, executor driver, partition 1, PROCESS_LOCAL, 9590 bytes)
[2024-09-14T20:57:45.135+0000] {spark_submit.py:579} INFO - 24/09/14 20:57:45 INFO Executor: Running task 0.0 in stage 3.0 (TID 4)
[2024-09-14T20:57:45.137+0000] {spark_submit.py:579} INFO - 24/09/14 20:57:45 INFO Executor: Running task 1.0 in stage 3.0 (TID 5)
[2024-09-14T20:57:45.294+0000] {spark_submit.py:579} INFO - 24/09/14 20:57:45 INFO CodeGenerator: Code generated in 114.105416 ms
[2024-09-14T20:57:45.332+0000] {spark_submit.py:579} INFO - 24/09/14 20:57:45 INFO FileScanRDD: Reading File path: file:///opt/***/datasets/Airbnb.csv, range: 4194304-7081245, partition values: [empty row]
[2024-09-14T20:57:45.334+0000] {spark_submit.py:579} INFO - 24/09/14 20:57:45 INFO FileScanRDD: Reading File path: file:///opt/***/datasets/Airbnb.csv, range: 0-4194304, partition values: [empty row]
[2024-09-14T20:57:45.378+0000] {spark_submit.py:579} INFO - 24/09/14 20:57:45 INFO CodeGenerator: Code generated in 22.409132 ms
[2024-09-14T20:57:46.878+0000] {spark_submit.py:579} INFO - 24/09/14 20:57:46 INFO Executor: Finished task 1.0 in stage 3.0 (TID 5). 2070 bytes result sent to driver
[2024-09-14T20:57:46.884+0000] {spark_submit.py:579} INFO - 24/09/14 20:57:46 INFO TaskSetManager: Finished task 1.0 in stage 3.0 (TID 5) in 1751 ms on fb744bf0dc86 (executor driver) (1/2)
[2024-09-14T20:57:47.020+0000] {spark_submit.py:579} INFO - 24/09/14 20:57:47 INFO Executor: Finished task 0.0 in stage 3.0 (TID 4). 2027 bytes result sent to driver
[2024-09-14T20:57:47.023+0000] {spark_submit.py:579} INFO - 24/09/14 20:57:47 INFO TaskSetManager: Finished task 0.0 in stage 3.0 (TID 4) in 1894 ms on fb744bf0dc86 (executor driver) (2/2)
[2024-09-14T20:57:47.025+0000] {spark_submit.py:579} INFO - 24/09/14 20:57:47 INFO TaskSchedulerImpl: Removed TaskSet 3.0, whose tasks have all completed, from pool
[2024-09-14T20:57:47.026+0000] {spark_submit.py:579} INFO - 24/09/14 20:57:47 INFO DAGScheduler: ShuffleMapStage 3 (showString at NativeMethodAccessorImpl.java:0) finished in 1.953 s
[2024-09-14T20:57:47.028+0000] {spark_submit.py:579} INFO - 24/09/14 20:57:47 INFO DAGScheduler: looking for newly runnable stages
[2024-09-14T20:57:47.030+0000] {spark_submit.py:579} INFO - 24/09/14 20:57:47 INFO DAGScheduler: running: Set()
[2024-09-14T20:57:47.032+0000] {spark_submit.py:579} INFO - 24/09/14 20:57:47 INFO DAGScheduler: waiting: Set()
[2024-09-14T20:57:47.033+0000] {spark_submit.py:579} INFO - 24/09/14 20:57:47 INFO DAGScheduler: failed: Set()
[2024-09-14T20:57:47.235+0000] {spark_submit.py:579} INFO - 24/09/14 20:57:47 INFO CodeGenerator: Code generated in 76.803385 ms
[2024-09-14T20:57:47.343+0000] {spark_submit.py:579} INFO - 24/09/14 20:57:47 INFO SparkContext: Starting job: showString at NativeMethodAccessorImpl.java:0
[2024-09-14T20:57:47.352+0000] {spark_submit.py:579} INFO - 24/09/14 20:57:47 INFO DAGScheduler: Got job 4 (showString at NativeMethodAccessorImpl.java:0) with 1 output partitions
[2024-09-14T20:57:47.355+0000] {spark_submit.py:579} INFO - 24/09/14 20:57:47 INFO DAGScheduler: Final stage: ResultStage 5 (showString at NativeMethodAccessorImpl.java:0)
[2024-09-14T20:57:47.358+0000] {spark_submit.py:579} INFO - 24/09/14 20:57:47 INFO DAGScheduler: Parents of final stage: List(ShuffleMapStage 4)
[2024-09-14T20:57:47.360+0000] {spark_submit.py:579} INFO - 24/09/14 20:57:47 INFO DAGScheduler: Missing parents: List()
[2024-09-14T20:57:47.362+0000] {spark_submit.py:579} INFO - 24/09/14 20:57:47 INFO DAGScheduler: Submitting ResultStage 5 (MapPartitionsRDD[21] at showString at NativeMethodAccessorImpl.java:0), which has no missing parents
[2024-09-14T20:57:47.391+0000] {spark_submit.py:579} INFO - 24/09/14 20:57:47 INFO MemoryStore: Block broadcast_7 stored as values in memory (estimated size 30.0 KiB, free 433.9 MiB)
[2024-09-14T20:57:47.404+0000] {spark_submit.py:579} INFO - 24/09/14 20:57:47 INFO MemoryStore: Block broadcast_7_piece0 stored as bytes in memory (estimated size 9.9 KiB, free 433.8 MiB)
[2024-09-14T20:57:47.407+0000] {spark_submit.py:579} INFO - 24/09/14 20:57:47 INFO BlockManagerInfo: Added broadcast_7_piece0 in memory on fb744bf0dc86:32911 (size: 9.9 KiB, free: 434.3 MiB)
[2024-09-14T20:57:47.409+0000] {spark_submit.py:579} INFO - 24/09/14 20:57:47 INFO SparkContext: Created broadcast 7 from broadcast at DAGScheduler.scala:1585
[2024-09-14T20:57:47.413+0000] {spark_submit.py:579} INFO - 24/09/14 20:57:47 INFO DAGScheduler: Submitting 1 missing tasks from ResultStage 5 (MapPartitionsRDD[21] at showString at NativeMethodAccessorImpl.java:0) (first 15 tasks are for partitions Vector(0))
[2024-09-14T20:57:47.415+0000] {spark_submit.py:579} INFO - 24/09/14 20:57:47 INFO TaskSchedulerImpl: Adding task set 5.0 with 1 tasks resource profile 0
[2024-09-14T20:57:47.432+0000] {spark_submit.py:579} INFO - 24/09/14 20:57:47 INFO TaskSetManager: Starting task 0.0 in stage 5.0 (TID 6) (fb744bf0dc86, executor driver, partition 0, NODE_LOCAL, 8999 bytes)
[2024-09-14T20:57:47.449+0000] {spark_submit.py:579} INFO - 24/09/14 20:57:47 INFO Executor: Running task 0.0 in stage 5.0 (TID 6)
[2024-09-14T20:57:47.540+0000] {spark_submit.py:579} INFO - 24/09/14 20:57:47 INFO ShuffleBlockFetcherIterator: Getting 2 (120.0 B) non-empty blocks including 2 (120.0 B) local and 0 (0.0 B) host-local and 0 (0.0 B) push-merged-local and 0 (0.0 B) remote blocks
[2024-09-14T20:57:47.549+0000] {spark_submit.py:579} INFO - 24/09/14 20:57:47 INFO ShuffleBlockFetcherIterator: Started 0 remote fetches in 42 ms
[2024-09-14T20:57:47.671+0000] {spark_submit.py:579} INFO - 24/09/14 20:57:47 INFO CodeGenerator: Code generated in 103.965512 ms
[2024-09-14T20:57:47.717+0000] {spark_submit.py:579} INFO - 24/09/14 20:57:47 INFO Executor: Finished task 0.0 in stage 5.0 (TID 6). 4083 bytes result sent to driver
[2024-09-14T20:57:47.722+0000] {spark_submit.py:579} INFO - 24/09/14 20:57:47 INFO TaskSetManager: Finished task 0.0 in stage 5.0 (TID 6) in 295 ms on fb744bf0dc86 (executor driver) (1/1)
[2024-09-14T20:57:47.724+0000] {spark_submit.py:579} INFO - 24/09/14 20:57:47 INFO TaskSchedulerImpl: Removed TaskSet 5.0, whose tasks have all completed, from pool
[2024-09-14T20:57:47.727+0000] {spark_submit.py:579} INFO - 24/09/14 20:57:47 INFO DAGScheduler: ResultStage 5 (showString at NativeMethodAccessorImpl.java:0) finished in 0.339 s
[2024-09-14T20:57:47.729+0000] {spark_submit.py:579} INFO - 24/09/14 20:57:47 INFO DAGScheduler: Job 4 is finished. Cancelling potential speculative or zombie tasks for this job
[2024-09-14T20:57:47.733+0000] {spark_submit.py:579} INFO - 24/09/14 20:57:47 INFO TaskSchedulerImpl: Killing all running tasks in stage 5: Stage finished
[2024-09-14T20:57:47.736+0000] {spark_submit.py:579} INFO - 24/09/14 20:57:47 INFO DAGScheduler: Job 4 finished: showString at NativeMethodAccessorImpl.java:0, took 0.384103 s
[2024-09-14T20:57:47.848+0000] {spark_submit.py:579} INFO - 24/09/14 20:57:47 INFO CodeGenerator: Code generated in 88.70242 ms
[2024-09-14T20:57:47.870+0000] {spark_submit.py:579} INFO - +-------------------+-------------+--------+---------+---------+-----+--------------+-----------------+------------------------------+----------------+
[2024-09-14T20:57:47.873+0000] {spark_submit.py:579} INFO - |neighbourhood_group|neighbourhood|latitude|longitude|room_type|price|minimum_nights|number_of_reviews|calculated_host_listings_count|availability_365|
[2024-09-14T20:57:47.876+0000] {spark_submit.py:579} INFO - +-------------------+-------------+--------+---------+---------+-----+--------------+-----------------+------------------------------+----------------+
[2024-09-14T20:57:47.878+0000] {spark_submit.py:579} INFO - |                  0|            0|       0|        0|        0|    0|             0|                0|                             0|               0|
[2024-09-14T20:57:47.879+0000] {spark_submit.py:579} INFO - +-------------------+-------------+--------+---------+---------+-----+--------------+-----------------+------------------------------+----------------+
[2024-09-14T20:57:47.881+0000] {spark_submit.py:579} INFO - 
[2024-09-14T20:57:48.259+0000] {spark_submit.py:579} INFO - 24/09/14 20:57:48 INFO HiveConf: Found configuration file null
[2024-09-14T20:57:48.282+0000] {spark_submit.py:579} INFO - 24/09/14 20:57:48 INFO HiveUtils: Initializing HiveMetastoreConnection version 2.3.9 using Spark classes.
[2024-09-14T20:57:48.877+0000] {spark_submit.py:579} INFO - 24/09/14 20:57:48 INFO HiveClientImpl: Warehouse location for Hive client (version 2.3.9) is file:/user/hive/warehouse
[2024-09-14T20:57:48.971+0000] {spark_submit.py:579} INFO - 24/09/14 20:57:48 INFO metastore: Trying to connect to metastore with URI thrift://hive-metastore:9083
[2024-09-14T20:57:49.030+0000] {spark_submit.py:579} INFO - 24/09/14 20:57:49 INFO metastore: Opened a connection to metastore, current connections: 1
[2024-09-14T20:57:49.143+0000] {spark_submit.py:579} INFO - 24/09/14 20:57:49 INFO metastore: Connected to metastore.
[2024-09-14T20:57:52.737+0000] {spark_submit.py:579} INFO - 24/09/14 20:57:52 INFO BlockManagerInfo: Removed broadcast_7_piece0 on fb744bf0dc86:32911 in memory (size: 9.9 KiB, free: 434.3 MiB)
[2024-09-14T20:57:52.754+0000] {spark_submit.py:579} INFO - 24/09/14 20:57:52 INFO BlockManagerInfo: Removed broadcast_5_piece0 on fb744bf0dc86:32911 in memory (size: 34.5 KiB, free: 434.4 MiB)
[2024-09-14T20:57:52.775+0000] {spark_submit.py:579} INFO - 24/09/14 20:57:52 INFO BlockManagerInfo: Removed broadcast_6_piece0 on fb744bf0dc86:32911 in memory (size: 16.4 KiB, free: 434.4 MiB)
[2024-09-14T20:57:52.928+0000] {spark_submit.py:579} INFO - 24/09/14 20:57:52 INFO InMemoryFileIndex: It took 99 ms to list leaf files for 1 paths.
[2024-09-14T20:57:53.925+0000] {spark_submit.py:579} INFO - 24/09/14 20:57:53 INFO FileSourceStrategy: Pushed Filters:
[2024-09-14T20:57:53.927+0000] {spark_submit.py:579} INFO - 24/09/14 20:57:53 INFO FileSourceStrategy: Post-Scan Filters: atleastnnonnulls(10, neighbourhood_group#25, neighbourhood#26, cast(regexp_replace(latitude#27, ,, ., 1) as float), cast(regexp_replace(longitude#28, ,, ., 1) as float), room_type#29, price#30, minimum_nights#31, number_of_reviews#32, calculated_host_listings_count#35, availability_365#36)
[2024-09-14T20:57:54.354+0000] {spark_submit.py:579} INFO - 24/09/14 20:57:54 INFO CodeGenerator: Code generated in 198.61336 ms
[2024-09-14T20:57:54.363+0000] {spark_submit.py:579} INFO - 24/09/14 20:57:54 INFO MemoryStore: Block broadcast_8 stored as values in memory (estimated size 200.1 KiB, free 434.0 MiB)
[2024-09-14T20:57:54.381+0000] {spark_submit.py:579} INFO - 24/09/14 20:57:54 INFO MemoryStore: Block broadcast_8_piece0 stored as bytes in memory (estimated size 34.5 KiB, free 433.9 MiB)
[2024-09-14T20:57:54.383+0000] {spark_submit.py:579} INFO - 24/09/14 20:57:54 INFO BlockManagerInfo: Added broadcast_8_piece0 in memory on fb744bf0dc86:32911 (size: 34.5 KiB, free: 434.3 MiB)
[2024-09-14T20:57:54.386+0000] {spark_submit.py:579} INFO - 24/09/14 20:57:54 INFO SparkContext: Created broadcast 8 from saveAsTable at NativeMethodAccessorImpl.java:0
[2024-09-14T20:57:54.389+0000] {spark_submit.py:579} INFO - 24/09/14 20:57:54 INFO FileSourceScanExec: Planning scan with bin packing, max size: 4194304 bytes, open cost is considered as scanning 4194304 bytes.
[2024-09-14T20:57:54.552+0000] {spark_submit.py:579} INFO - 24/09/14 20:57:54 INFO DAGScheduler: Registering RDD 25 (saveAsTable at NativeMethodAccessorImpl.java:0) as input to shuffle 1
[2024-09-14T20:57:54.555+0000] {spark_submit.py:579} INFO - 24/09/14 20:57:54 INFO DAGScheduler: Got map stage job 5 (saveAsTable at NativeMethodAccessorImpl.java:0) with 2 output partitions
[2024-09-14T20:57:54.558+0000] {spark_submit.py:579} INFO - 24/09/14 20:57:54 INFO DAGScheduler: Final stage: ShuffleMapStage 6 (saveAsTable at NativeMethodAccessorImpl.java:0)
[2024-09-14T20:57:54.560+0000] {spark_submit.py:579} INFO - 24/09/14 20:57:54 INFO DAGScheduler: Parents of final stage: List()
[2024-09-14T20:57:54.563+0000] {spark_submit.py:579} INFO - 24/09/14 20:57:54 INFO DAGScheduler: Missing parents: List()
[2024-09-14T20:57:54.565+0000] {spark_submit.py:579} INFO - 24/09/14 20:57:54 INFO DAGScheduler: Submitting ShuffleMapStage 6 (MapPartitionsRDD[25] at saveAsTable at NativeMethodAccessorImpl.java:0), which has no missing parents
[2024-09-14T20:57:54.578+0000] {spark_submit.py:579} INFO - 24/09/14 20:57:54 INFO MemoryStore: Block broadcast_9 stored as values in memory (estimated size 61.1 KiB, free 433.9 MiB)
[2024-09-14T20:57:54.584+0000] {spark_submit.py:579} INFO - 24/09/14 20:57:54 INFO MemoryStore: Block broadcast_9_piece0 stored as bytes in memory (estimated size 25.6 KiB, free 433.9 MiB)
[2024-09-14T20:57:54.589+0000] {spark_submit.py:579} INFO - 24/09/14 20:57:54 INFO BlockManagerInfo: Added broadcast_9_piece0 in memory on fb744bf0dc86:32911 (size: 25.6 KiB, free: 434.3 MiB)
[2024-09-14T20:57:54.591+0000] {spark_submit.py:579} INFO - 24/09/14 20:57:54 INFO SparkContext: Created broadcast 9 from broadcast at DAGScheduler.scala:1585
[2024-09-14T20:57:54.594+0000] {spark_submit.py:579} INFO - 24/09/14 20:57:54 INFO DAGScheduler: Submitting 2 missing tasks from ShuffleMapStage 6 (MapPartitionsRDD[25] at saveAsTable at NativeMethodAccessorImpl.java:0) (first 15 tasks are for partitions Vector(0, 1))
[2024-09-14T20:57:54.596+0000] {spark_submit.py:579} INFO - 24/09/14 20:57:54 INFO TaskSchedulerImpl: Adding task set 6.0 with 2 tasks resource profile 0
[2024-09-14T20:57:54.599+0000] {spark_submit.py:579} INFO - 24/09/14 20:57:54 INFO TaskSetManager: Starting task 0.0 in stage 6.0 (TID 7) (fb744bf0dc86, executor driver, partition 0, PROCESS_LOCAL, 9590 bytes)
[2024-09-14T20:57:54.601+0000] {spark_submit.py:579} INFO - 24/09/14 20:57:54 INFO TaskSetManager: Starting task 1.0 in stage 6.0 (TID 8) (fb744bf0dc86, executor driver, partition 1, PROCESS_LOCAL, 9590 bytes)
[2024-09-14T20:57:54.605+0000] {spark_submit.py:579} INFO - 24/09/14 20:57:54 INFO Executor: Running task 1.0 in stage 6.0 (TID 8)
[2024-09-14T20:57:54.607+0000] {spark_submit.py:579} INFO - 24/09/14 20:57:54 INFO Executor: Running task 0.0 in stage 6.0 (TID 7)
[2024-09-14T20:57:54.733+0000] {spark_submit.py:579} INFO - 24/09/14 20:57:54 INFO CodeGenerator: Code generated in 101.871288 ms
[2024-09-14T20:57:54.773+0000] {spark_submit.py:579} INFO - 24/09/14 20:57:54 INFO CodeGenerator: Code generated in 23.495936 ms
[2024-09-14T20:57:54.807+0000] {spark_submit.py:579} INFO - 24/09/14 20:57:54 INFO CodeGenerator: Code generated in 13.618351 ms
[2024-09-14T20:57:54.842+0000] {spark_submit.py:579} INFO - 24/09/14 20:57:54 INFO CodeGenerator: Code generated in 13.355119 ms
[2024-09-14T20:57:54.876+0000] {spark_submit.py:579} INFO - 24/09/14 20:57:54 INFO FileScanRDD: Reading File path: file:///opt/***/datasets/Airbnb.csv, range: 0-4194304, partition values: [empty row]
[2024-09-14T20:57:54.878+0000] {spark_submit.py:579} INFO - 24/09/14 20:57:54 INFO FileScanRDD: Reading File path: file:///opt/***/datasets/Airbnb.csv, range: 4194304-7081245, partition values: [empty row]
[2024-09-14T20:57:55.444+0000] {spark_submit.py:579} INFO - 24/09/14 20:57:55 INFO Executor: Finished task 1.0 in stage 6.0 (TID 8). 2864 bytes result sent to driver
[2024-09-14T20:57:55.449+0000] {spark_submit.py:579} INFO - 24/09/14 20:57:55 INFO TaskSetManager: Finished task 1.0 in stage 6.0 (TID 8) in 849 ms on fb744bf0dc86 (executor driver) (1/2)
[2024-09-14T20:57:55.460+0000] {spark_submit.py:579} INFO - 24/09/14 20:57:55 INFO Executor: Finished task 0.0 in stage 6.0 (TID 7). 2821 bytes result sent to driver
[2024-09-14T20:57:55.464+0000] {spark_submit.py:579} INFO - 24/09/14 20:57:55 INFO TaskSetManager: Finished task 0.0 in stage 6.0 (TID 7) in 865 ms on fb744bf0dc86 (executor driver) (2/2)
[2024-09-14T20:57:55.466+0000] {spark_submit.py:579} INFO - 24/09/14 20:57:55 INFO TaskSchedulerImpl: Removed TaskSet 6.0, whose tasks have all completed, from pool
[2024-09-14T20:57:55.468+0000] {spark_submit.py:579} INFO - 24/09/14 20:57:55 INFO DAGScheduler: ShuffleMapStage 6 (saveAsTable at NativeMethodAccessorImpl.java:0) finished in 0.903 s
[2024-09-14T20:57:55.470+0000] {spark_submit.py:579} INFO - 24/09/14 20:57:55 INFO DAGScheduler: looking for newly runnable stages
[2024-09-14T20:57:55.473+0000] {spark_submit.py:579} INFO - 24/09/14 20:57:55 INFO DAGScheduler: running: Set()
[2024-09-14T20:57:55.475+0000] {spark_submit.py:579} INFO - 24/09/14 20:57:55 INFO DAGScheduler: waiting: Set()
[2024-09-14T20:57:55.477+0000] {spark_submit.py:579} INFO - 24/09/14 20:57:55 INFO DAGScheduler: failed: Set()
[2024-09-14T20:57:55.513+0000] {spark_submit.py:579} INFO - 24/09/14 20:57:55 INFO ShufflePartitionsUtil: For shuffle(1), advisory target size: 67108864, actual target size 1048576, minimum partition size: 1048576
[2024-09-14T20:57:55.748+0000] {spark_submit.py:579} INFO - 24/09/14 20:57:55 INFO ParquetUtils: Using default output committer for Parquet: org.apache.parquet.hadoop.ParquetOutputCommitter
[2024-09-14T20:57:55.820+0000] {spark_submit.py:579} INFO - 24/09/14 20:57:55 INFO FileOutputCommitter: File Output Committer Algorithm version is 1
[2024-09-14T20:57:55.822+0000] {spark_submit.py:579} INFO - 24/09/14 20:57:55 INFO FileOutputCommitter: FileOutputCommitter skip cleanup _temporary folders under output directory:false, ignore cleanup failures: false
[2024-09-14T20:57:55.826+0000] {spark_submit.py:579} INFO - 24/09/14 20:57:55 INFO SQLHadoopMapReduceCommitProtocol: Using user defined output committer class org.apache.parquet.hadoop.ParquetOutputCommitter
[2024-09-14T20:57:55.827+0000] {spark_submit.py:579} INFO - 24/09/14 20:57:55 INFO FileOutputCommitter: File Output Committer Algorithm version is 1
[2024-09-14T20:57:55.828+0000] {spark_submit.py:579} INFO - 24/09/14 20:57:55 INFO FileOutputCommitter: FileOutputCommitter skip cleanup _temporary folders under output directory:false, ignore cleanup failures: false
[2024-09-14T20:57:55.830+0000] {spark_submit.py:579} INFO - 24/09/14 20:57:55 INFO SQLHadoopMapReduceCommitProtocol: Using output committer class org.apache.parquet.hadoop.ParquetOutputCommitter
[2024-09-14T20:57:55.868+0000] {spark_submit.py:579} INFO - 24/09/14 20:57:55 INFO HashAggregateExec: spark.sql.codegen.aggregate.map.twolevel.enabled is set to true, but current version of codegened fast hashmap does not support this aggregate.
[2024-09-14T20:57:55.946+0000] {spark_submit.py:579} INFO - 24/09/14 20:57:55 INFO CodeGenerator: Code generated in 46.560718 ms
[2024-09-14T20:57:56.065+0000] {spark_submit.py:579} INFO - 24/09/14 20:57:56 INFO SparkContext: Starting job: saveAsTable at NativeMethodAccessorImpl.java:0
[2024-09-14T20:57:56.072+0000] {spark_submit.py:579} INFO - 24/09/14 20:57:56 INFO DAGScheduler: Got job 6 (saveAsTable at NativeMethodAccessorImpl.java:0) with 1 output partitions
[2024-09-14T20:57:56.079+0000] {spark_submit.py:579} INFO - 24/09/14 20:57:56 INFO DAGScheduler: Final stage: ResultStage 8 (saveAsTable at NativeMethodAccessorImpl.java:0)
[2024-09-14T20:57:56.082+0000] {spark_submit.py:579} INFO - 24/09/14 20:57:56 INFO DAGScheduler: Parents of final stage: List(ShuffleMapStage 7)
[2024-09-14T20:57:56.088+0000] {spark_submit.py:579} INFO - 24/09/14 20:57:56 INFO DAGScheduler: Missing parents: List()
[2024-09-14T20:57:56.094+0000] {spark_submit.py:579} INFO - 24/09/14 20:57:56 INFO DAGScheduler: Submitting ResultStage 8 (MapPartitionsRDD[28] at saveAsTable at NativeMethodAccessorImpl.java:0), which has no missing parents
[2024-09-14T20:57:56.198+0000] {spark_submit.py:579} INFO - 24/09/14 20:57:56 INFO MemoryStore: Block broadcast_10 stored as values in memory (estimated size 261.3 KiB, free 433.6 MiB)
[2024-09-14T20:57:56.219+0000] {spark_submit.py:579} INFO - 24/09/14 20:57:56 INFO MemoryStore: Block broadcast_10_piece0 stored as bytes in memory (estimated size 96.6 KiB, free 433.5 MiB)
[2024-09-14T20:57:56.222+0000] {spark_submit.py:579} INFO - 24/09/14 20:57:56 INFO BlockManagerInfo: Added broadcast_10_piece0 in memory on fb744bf0dc86:32911 (size: 96.6 KiB, free: 434.2 MiB)
[2024-09-14T20:57:56.231+0000] {spark_submit.py:579} INFO - 24/09/14 20:57:56 INFO BlockManagerInfo: Removed broadcast_9_piece0 on fb744bf0dc86:32911 in memory (size: 25.6 KiB, free: 434.2 MiB)
[2024-09-14T20:57:56.238+0000] {spark_submit.py:579} INFO - 24/09/14 20:57:56 INFO SparkContext: Created broadcast 10 from broadcast at DAGScheduler.scala:1585
[2024-09-14T20:57:56.243+0000] {spark_submit.py:579} INFO - 24/09/14 20:57:56 INFO DAGScheduler: Submitting 1 missing tasks from ResultStage 8 (MapPartitionsRDD[28] at saveAsTable at NativeMethodAccessorImpl.java:0) (first 15 tasks are for partitions Vector(0))
[2024-09-14T20:57:56.244+0000] {spark_submit.py:579} INFO - 24/09/14 20:57:56 INFO TaskSchedulerImpl: Adding task set 8.0 with 1 tasks resource profile 0
[2024-09-14T20:57:56.246+0000] {spark_submit.py:579} INFO - 24/09/14 20:57:56 INFO TaskSetManager: Starting task 0.0 in stage 8.0 (TID 9) (fb744bf0dc86, executor driver, partition 0, NODE_LOCAL, 8999 bytes)
[2024-09-14T20:57:56.250+0000] {spark_submit.py:579} INFO - 24/09/14 20:57:56 INFO Executor: Running task 0.0 in stage 8.0 (TID 9)
[2024-09-14T20:57:56.447+0000] {spark_submit.py:579} INFO - 24/09/14 20:57:56 INFO ShuffleBlockFetcherIterator: Getting 2 (943.0 B) non-empty blocks including 2 (943.0 B) local and 0 (0.0 B) host-local and 0 (0.0 B) push-merged-local and 0 (0.0 B) remote blocks
[2024-09-14T20:57:56.453+0000] {spark_submit.py:579} INFO - 24/09/14 20:57:56 INFO ShuffleBlockFetcherIterator: Started 0 remote fetches in 4 ms
[2024-09-14T20:57:56.490+0000] {spark_submit.py:579} INFO - 24/09/14 20:57:56 INFO CodeGenerator: Code generated in 39.60564 ms
[2024-09-14T20:57:56.494+0000] {spark_submit.py:579} INFO - 24/09/14 20:57:56 INFO FileOutputCommitter: File Output Committer Algorithm version is 1
[2024-09-14T20:57:56.496+0000] {spark_submit.py:579} INFO - 24/09/14 20:57:56 INFO FileOutputCommitter: FileOutputCommitter skip cleanup _temporary folders under output directory:false, ignore cleanup failures: false
[2024-09-14T20:57:56.497+0000] {spark_submit.py:579} INFO - 24/09/14 20:57:56 INFO SQLHadoopMapReduceCommitProtocol: Using user defined output committer class org.apache.parquet.hadoop.ParquetOutputCommitter
[2024-09-14T20:57:56.498+0000] {spark_submit.py:579} INFO - 24/09/14 20:57:56 INFO FileOutputCommitter: File Output Committer Algorithm version is 1
[2024-09-14T20:57:56.500+0000] {spark_submit.py:579} INFO - 24/09/14 20:57:56 INFO FileOutputCommitter: FileOutputCommitter skip cleanup _temporary folders under output directory:false, ignore cleanup failures: false
[2024-09-14T20:57:56.501+0000] {spark_submit.py:579} INFO - 24/09/14 20:57:56 INFO SQLHadoopMapReduceCommitProtocol: Using output committer class org.apache.parquet.hadoop.ParquetOutputCommitter
[2024-09-14T20:57:56.511+0000] {spark_submit.py:579} INFO - 24/09/14 20:57:56 INFO CodecConfig: Compression: SNAPPY
[2024-09-14T20:57:56.518+0000] {spark_submit.py:579} INFO - 24/09/14 20:57:56 INFO CodecConfig: Compression: SNAPPY
[2024-09-14T20:57:56.587+0000] {spark_submit.py:579} INFO - 24/09/14 20:57:56 INFO ParquetOutputFormat: ParquetRecordWriter [block size: 134217728b, row group padding size: 8388608b, validating: false]
[2024-09-14T20:57:56.656+0000] {spark_submit.py:579} INFO - 24/09/14 20:57:56 INFO ParquetWriteSupport: Initialized Parquet WriteSupport with Catalyst schema:
[2024-09-14T20:57:56.657+0000] {spark_submit.py:579} INFO - {
[2024-09-14T20:57:56.659+0000] {spark_submit.py:579} INFO - "type" : "struct",
[2024-09-14T20:57:56.660+0000] {spark_submit.py:579} INFO - "fields" : [ {
[2024-09-14T20:57:56.661+0000] {spark_submit.py:579} INFO - "name" : "neighbourhood_group",
[2024-09-14T20:57:56.663+0000] {spark_submit.py:579} INFO - "type" : "string",
[2024-09-14T20:57:56.664+0000] {spark_submit.py:579} INFO - "nullable" : true,
[2024-09-14T20:57:56.665+0000] {spark_submit.py:579} INFO - "metadata" : { }
[2024-09-14T20:57:56.666+0000] {spark_submit.py:579} INFO - }, {
[2024-09-14T20:57:56.667+0000] {spark_submit.py:579} INFO - "name" : "average_price",
[2024-09-14T20:57:56.669+0000] {spark_submit.py:579} INFO - "type" : "double",
[2024-09-14T20:57:56.671+0000] {spark_submit.py:579} INFO - "nullable" : true,
[2024-09-14T20:57:56.672+0000] {spark_submit.py:579} INFO - "metadata" : { }
[2024-09-14T20:57:56.674+0000] {spark_submit.py:579} INFO - }, {
[2024-09-14T20:57:56.675+0000] {spark_submit.py:579} INFO - "name" : "min_price",
[2024-09-14T20:57:56.677+0000] {spark_submit.py:579} INFO - "type" : "integer",
[2024-09-14T20:57:56.678+0000] {spark_submit.py:579} INFO - "nullable" : true,
[2024-09-14T20:57:56.681+0000] {spark_submit.py:579} INFO - "metadata" : { }
[2024-09-14T20:57:56.682+0000] {spark_submit.py:579} INFO - }, {
[2024-09-14T20:57:56.683+0000] {spark_submit.py:579} INFO - "name" : "max_price",
[2024-09-14T20:57:56.684+0000] {spark_submit.py:579} INFO - "type" : "integer",
[2024-09-14T20:57:56.685+0000] {spark_submit.py:579} INFO - "nullable" : true,
[2024-09-14T20:57:56.686+0000] {spark_submit.py:579} INFO - "metadata" : { }
[2024-09-14T20:57:56.687+0000] {spark_submit.py:579} INFO - }, {
[2024-09-14T20:57:56.689+0000] {spark_submit.py:579} INFO - "name" : "count",
[2024-09-14T20:57:56.690+0000] {spark_submit.py:579} INFO - "type" : "long",
[2024-09-14T20:57:56.691+0000] {spark_submit.py:579} INFO - "nullable" : false,
[2024-09-14T20:57:56.692+0000] {spark_submit.py:579} INFO - "metadata" : { }
[2024-09-14T20:57:56.692+0000] {spark_submit.py:579} INFO - } ]
[2024-09-14T20:57:56.694+0000] {spark_submit.py:579} INFO - }
[2024-09-14T20:57:56.695+0000] {spark_submit.py:579} INFO - and corresponding Parquet message type:
[2024-09-14T20:57:56.696+0000] {spark_submit.py:579} INFO - message spark_schema {
[2024-09-14T20:57:56.697+0000] {spark_submit.py:579} INFO - optional binary neighbourhood_group (STRING);
[2024-09-14T20:57:56.698+0000] {spark_submit.py:579} INFO - optional double average_price;
[2024-09-14T20:57:56.699+0000] {spark_submit.py:579} INFO - optional int32 min_price;
[2024-09-14T20:57:56.700+0000] {spark_submit.py:579} INFO - optional int32 max_price;
[2024-09-14T20:57:56.701+0000] {spark_submit.py:579} INFO - required int64 count;
[2024-09-14T20:57:56.702+0000] {spark_submit.py:579} INFO - }
[2024-09-14T20:57:56.703+0000] {spark_submit.py:579} INFO - 
[2024-09-14T20:57:56.704+0000] {spark_submit.py:579} INFO - 
[2024-09-14T20:57:56.810+0000] {spark_submit.py:579} INFO - 24/09/14 20:57:56 INFO CodecPool: Got brand-new compressor [.snappy]
[2024-09-14T20:57:58.869+0000] {spark_submit.py:579} INFO - 24/09/14 20:57:58 INFO FileOutputCommitter: Saved output of task 'attempt_20240914205756359046191370426962_0008_m_000000_9' to hdfs://namenode:9000/user/hive/warehouse/price_distribution/_temporary/0/task_20240914205756359046191370426962_0008_m_000000
[2024-09-14T20:57:58.872+0000] {spark_submit.py:579} INFO - 24/09/14 20:57:58 INFO SparkHadoopMapRedUtil: attempt_20240914205756359046191370426962_0008_m_000000_9: Committed. Elapsed time: 24 ms.
[2024-09-14T20:57:58.892+0000] {spark_submit.py:579} INFO - 24/09/14 20:57:58 INFO Executor: Finished task 0.0 in stage 8.0 (TID 9). 6193 bytes result sent to driver
[2024-09-14T20:57:58.897+0000] {spark_submit.py:579} INFO - 24/09/14 20:57:58 INFO TaskSetManager: Finished task 0.0 in stage 8.0 (TID 9) in 2652 ms on fb744bf0dc86 (executor driver) (1/1)
[2024-09-14T20:57:58.898+0000] {spark_submit.py:579} INFO - 24/09/14 20:57:58 INFO TaskSchedulerImpl: Removed TaskSet 8.0, whose tasks have all completed, from pool
[2024-09-14T20:57:58.901+0000] {spark_submit.py:579} INFO - 24/09/14 20:57:58 INFO DAGScheduler: ResultStage 8 (saveAsTable at NativeMethodAccessorImpl.java:0) finished in 2.806 s
[2024-09-14T20:57:58.903+0000] {spark_submit.py:579} INFO - 24/09/14 20:57:58 INFO DAGScheduler: Job 6 is finished. Cancelling potential speculative or zombie tasks for this job
[2024-09-14T20:57:58.905+0000] {spark_submit.py:579} INFO - 24/09/14 20:57:58 INFO TaskSchedulerImpl: Killing all running tasks in stage 8: Stage finished
[2024-09-14T20:57:58.909+0000] {spark_submit.py:579} INFO - 24/09/14 20:57:58 INFO DAGScheduler: Job 6 finished: saveAsTable at NativeMethodAccessorImpl.java:0, took 2.841514 s
[2024-09-14T20:57:58.915+0000] {spark_submit.py:579} INFO - 24/09/14 20:57:58 INFO FileFormatWriter: Start to commit write Job 87fb2613-64e7-467b-ba44-b522ad73ca9f.
[2024-09-14T20:57:58.985+0000] {spark_submit.py:579} INFO - 24/09/14 20:57:58 INFO FileFormatWriter: Write Job 87fb2613-64e7-467b-ba44-b522ad73ca9f committed. Elapsed time: 67 ms.
[2024-09-14T20:57:58.995+0000] {spark_submit.py:579} INFO - 24/09/14 20:57:58 INFO FileFormatWriter: Finished processing stats for write job 87fb2613-64e7-467b-ba44-b522ad73ca9f.
[2024-09-14T20:57:59.044+0000] {spark_submit.py:579} INFO - 24/09/14 20:57:59 INFO InMemoryFileIndex: It took 11 ms to list leaf files for 1 paths.
[2024-09-14T20:57:59.125+0000] {spark_submit.py:579} INFO - 24/09/14 20:57:59 INFO HiveExternalCatalog: Persisting file based data source table `spark_catalog`.`default`.`price_distribution` into Hive metastore in Hive compatible format.
[2024-09-14T20:57:59.163+0000] {spark_submit.py:579} INFO - 24/09/14 20:57:59 INFO SQLStdHiveAccessController: Created SQLStdHiveAccessController for session context : HiveAuthzSessionContext [sessionString=7971c733-38a3-4536-89f4-e7a9bb58b806, clientType=HIVECLI]
[2024-09-14T20:57:59.168+0000] {spark_submit.py:579} INFO - 24/09/14 20:57:59 WARN SessionState: METASTORE_FILTER_HOOK will be ignored, since hive.security.authorization.manager is set to instance of HiveAuthorizerFactory.
[2024-09-14T20:57:59.170+0000] {spark_submit.py:579} INFO - 24/09/14 20:57:59 INFO metastore: Mestastore configuration hive.metastore.filter.hook changed from org.apache.hadoop.hive.metastore.DefaultMetaStoreFilterHookImpl to org.apache.hadoop.hive.ql.security.authorization.plugin.AuthorizationMetaStoreFilterHook
[2024-09-14T20:57:59.179+0000] {spark_submit.py:579} INFO - 24/09/14 20:57:59 INFO metastore: Closed a connection to metastore, current connections: 0
[2024-09-14T20:57:59.183+0000] {spark_submit.py:579} INFO - 24/09/14 20:57:59 INFO metastore: Trying to connect to metastore with URI thrift://hive-metastore:9083
[2024-09-14T20:57:59.184+0000] {spark_submit.py:579} INFO - 24/09/14 20:57:59 INFO metastore: Opened a connection to metastore, current connections: 1
[2024-09-14T20:57:59.187+0000] {spark_submit.py:579} INFO - 24/09/14 20:57:59 INFO metastore: Connected to metastore.
[2024-09-14T20:57:59.387+0000] {spark_submit.py:579} INFO - 24/09/14 20:57:59 INFO metastore: Trying to connect to metastore with URI thrift://hive-metastore:9083
[2024-09-14T20:57:59.389+0000] {spark_submit.py:579} INFO - 24/09/14 20:57:59 INFO metastore: Opened a connection to metastore, current connections: 2
[2024-09-14T20:57:59.392+0000] {spark_submit.py:579} INFO - 24/09/14 20:57:59 INFO metastore: Connected to metastore.
[2024-09-14T20:58:00.574+0000] {spark_submit.py:579} INFO -  price_distribution    Hive!
[2024-09-14T20:58:01.376+0000] {spark_submit.py:579} INFO -    processed_airbnb_data!
[2024-09-14T20:58:01.956+0000] {spark_submit.py:579} INFO - 24/09/14 20:58:01 INFO FileSourceStrategy: Pushed Filters:
[2024-09-14T20:58:01.958+0000] {spark_submit.py:579} INFO - 24/09/14 20:58:01 INFO FileSourceStrategy: Post-Scan Filters: atleastnnonnulls(10, neighbourhood_group#25, neighbourhood#26, cast(regexp_replace(latitude#27, ,, ., 1) as float), cast(regexp_replace(longitude#28, ,, ., 1) as float), room_type#29, price#30, minimum_nights#31, number_of_reviews#32, calculated_host_listings_count#35, availability_365#36)
[2024-09-14T20:58:01.987+0000] {spark_submit.py:579} INFO - 24/09/14 20:58:01 INFO FileUtils: Creating directory if it doesn't exist: hdfs://namenode:9000/user/hive/warehouse/processed_airbnb_data/.hive-staging_hive_2024-09-14_20-58-01_742_1942356695780177488-1
[2024-09-14T20:58:02.501+0000] {spark_submit.py:579} INFO - 24/09/14 20:58:02 INFO FileOutputCommitter: File Output Committer Algorithm version is 1
[2024-09-14T20:58:02.503+0000] {spark_submit.py:579} INFO - 24/09/14 20:58:02 INFO FileOutputCommitter: FileOutputCommitter skip cleanup _temporary folders under output directory:false, ignore cleanup failures: false
[2024-09-14T20:58:02.505+0000] {spark_submit.py:579} INFO - 24/09/14 20:58:02 INFO SQLHadoopMapReduceCommitProtocol: Using output committer class org.apache.hadoop.mapreduce.lib.output.FileOutputCommitter
[2024-09-14T20:58:02.582+0000] {spark_submit.py:579} INFO - 24/09/14 20:58:02 INFO BlockManagerInfo: Removed broadcast_10_piece0 on fb744bf0dc86:32911 in memory (size: 96.6 KiB, free: 434.3 MiB)
[2024-09-14T20:58:02.614+0000] {spark_submit.py:579} INFO - 24/09/14 20:58:02 INFO BlockManagerInfo: Removed broadcast_8_piece0 on fb744bf0dc86:32911 in memory (size: 34.5 KiB, free: 434.4 MiB)
[2024-09-14T20:58:02.684+0000] {spark_submit.py:579} INFO - 24/09/14 20:58:02 INFO CodeGenerator: Code generated in 105.313612 ms
[2024-09-14T20:58:02.693+0000] {spark_submit.py:579} INFO - 24/09/14 20:58:02 INFO MemoryStore: Block broadcast_11 stored as values in memory (estimated size 200.1 KiB, free 434.0 MiB)
[2024-09-14T20:58:02.715+0000] {spark_submit.py:579} INFO - 24/09/14 20:58:02 INFO MemoryStore: Block broadcast_11_piece0 stored as bytes in memory (estimated size 34.5 KiB, free 433.9 MiB)
[2024-09-14T20:58:02.717+0000] {spark_submit.py:579} INFO - 24/09/14 20:58:02 INFO BlockManagerInfo: Added broadcast_11_piece0 in memory on fb744bf0dc86:32911 (size: 34.5 KiB, free: 434.3 MiB)
[2024-09-14T20:58:02.720+0000] {spark_submit.py:579} INFO - 24/09/14 20:58:02 INFO SparkContext: Created broadcast 11 from insertInto at NativeMethodAccessorImpl.java:0
[2024-09-14T20:58:02.726+0000] {spark_submit.py:579} INFO - 24/09/14 20:58:02 INFO FileSourceScanExec: Planning scan with bin packing, max size: 4194304 bytes, open cost is considered as scanning 4194304 bytes.
[2024-09-14T20:58:02.748+0000] {spark_submit.py:579} INFO - 24/09/14 20:58:02 INFO SparkContext: Starting job: insertInto at NativeMethodAccessorImpl.java:0
[2024-09-14T20:58:02.751+0000] {spark_submit.py:579} INFO - 24/09/14 20:58:02 INFO DAGScheduler: Got job 7 (insertInto at NativeMethodAccessorImpl.java:0) with 2 output partitions
[2024-09-14T20:58:02.753+0000] {spark_submit.py:579} INFO - 24/09/14 20:58:02 INFO DAGScheduler: Final stage: ResultStage 9 (insertInto at NativeMethodAccessorImpl.java:0)
[2024-09-14T20:58:02.755+0000] {spark_submit.py:579} INFO - 24/09/14 20:58:02 INFO DAGScheduler: Parents of final stage: List()
[2024-09-14T20:58:02.757+0000] {spark_submit.py:579} INFO - 24/09/14 20:58:02 INFO DAGScheduler: Missing parents: List()
[2024-09-14T20:58:02.758+0000] {spark_submit.py:579} INFO - 24/09/14 20:58:02 INFO DAGScheduler: Submitting ResultStage 9 (MapPartitionsRDD[32] at insertInto at NativeMethodAccessorImpl.java:0), which has no missing parents
[2024-09-14T20:58:02.831+0000] {spark_submit.py:579} INFO - 24/09/14 20:58:02 INFO MemoryStore: Block broadcast_12 stored as values in memory (estimated size 334.5 KiB, free 433.6 MiB)
[2024-09-14T20:58:02.838+0000] {spark_submit.py:579} INFO - 24/09/14 20:58:02 INFO MemoryStore: Block broadcast_12_piece0 stored as bytes in memory (estimated size 118.7 KiB, free 433.5 MiB)
[2024-09-14T20:58:02.839+0000] {spark_submit.py:579} INFO - 24/09/14 20:58:02 INFO BlockManagerInfo: Added broadcast_12_piece0 in memory on fb744bf0dc86:32911 (size: 118.7 KiB, free: 434.2 MiB)
[2024-09-14T20:58:02.841+0000] {spark_submit.py:579} INFO - 24/09/14 20:58:02 INFO SparkContext: Created broadcast 12 from broadcast at DAGScheduler.scala:1585
[2024-09-14T20:58:02.843+0000] {spark_submit.py:579} INFO - 24/09/14 20:58:02 INFO DAGScheduler: Submitting 2 missing tasks from ResultStage 9 (MapPartitionsRDD[32] at insertInto at NativeMethodAccessorImpl.java:0) (first 15 tasks are for partitions Vector(0, 1))
[2024-09-14T20:58:02.844+0000] {spark_submit.py:579} INFO - 24/09/14 20:58:02 INFO TaskSchedulerImpl: Adding task set 9.0 with 2 tasks resource profile 0
[2024-09-14T20:58:02.848+0000] {spark_submit.py:579} INFO - 24/09/14 20:58:02 INFO TaskSetManager: Starting task 0.0 in stage 9.0 (TID 10) (fb744bf0dc86, executor driver, partition 0, PROCESS_LOCAL, 9601 bytes)
[2024-09-14T20:58:02.850+0000] {spark_submit.py:579} INFO - 24/09/14 20:58:02 INFO TaskSetManager: Starting task 1.0 in stage 9.0 (TID 11) (fb744bf0dc86, executor driver, partition 1, PROCESS_LOCAL, 9601 bytes)
[2024-09-14T20:58:02.853+0000] {spark_submit.py:579} INFO - 24/09/14 20:58:02 INFO Executor: Running task 1.0 in stage 9.0 (TID 11)
[2024-09-14T20:58:02.855+0000] {spark_submit.py:579} INFO - 24/09/14 20:58:02 INFO Executor: Running task 0.0 in stage 9.0 (TID 10)
[2024-09-14T20:58:02.959+0000] {spark_submit.py:579} INFO - 24/09/14 20:58:02 INFO CodeGenerator: Code generated in 61.341574 ms
[2024-09-14T20:58:02.963+0000] {spark_submit.py:579} INFO - 24/09/14 20:58:02 INFO FileOutputCommitter: File Output Committer Algorithm version is 1
[2024-09-14T20:58:02.965+0000] {spark_submit.py:579} INFO - 24/09/14 20:58:02 INFO FileOutputCommitter: FileOutputCommitter skip cleanup _temporary folders under output directory:false, ignore cleanup failures: false
[2024-09-14T20:58:02.967+0000] {spark_submit.py:579} INFO - 24/09/14 20:58:02 INFO FileOutputCommitter: File Output Committer Algorithm version is 1
[2024-09-14T20:58:02.969+0000] {spark_submit.py:579} INFO - 24/09/14 20:58:02 INFO FileOutputCommitter: FileOutputCommitter skip cleanup _temporary folders under output directory:false, ignore cleanup failures: false
[2024-09-14T20:58:02.971+0000] {spark_submit.py:579} INFO - 24/09/14 20:58:02 INFO SQLHadoopMapReduceCommitProtocol: Using output committer class org.apache.hadoop.mapreduce.lib.output.FileOutputCommitter
[2024-09-14T20:58:02.972+0000] {spark_submit.py:579} INFO - 24/09/14 20:58:02 INFO SQLHadoopMapReduceCommitProtocol: Using output committer class org.apache.hadoop.mapreduce.lib.output.FileOutputCommitter
[2024-09-14T20:58:02.974+0000] {spark_submit.py:579} INFO - 24/09/14 20:58:02 INFO FileScanRDD: Reading File path: file:///opt/***/datasets/Airbnb.csv, range: 4194304-7081245, partition values: [empty row]
[2024-09-14T20:58:03.035+0000] {spark_submit.py:579} INFO - 24/09/14 20:58:03 INFO FileScanRDD: Reading File path: file:///opt/***/datasets/Airbnb.csv, range: 0-4194304, partition values: [empty row]
[2024-09-14T20:58:03.989+0000] {spark_submit.py:579} INFO - 24/09/14 20:58:03 INFO FileOutputCommitter: Saved output of task 'attempt_202409142058022251847137951211180_0009_m_000001_11' to hdfs://namenode:9000/user/hive/warehouse/processed_airbnb_data/.hive-staging_hive_2024-09-14_20-58-01_742_1942356695780177488-1/-ext-10000/_temporary/0/task_202409142058022251847137951211180_0009_m_000001
[2024-09-14T20:58:03.991+0000] {spark_submit.py:579} INFO - 24/09/14 20:58:03 INFO SparkHadoopMapRedUtil: attempt_202409142058022251847137951211180_0009_m_000001_11: Committed. Elapsed time: 18 ms.
[2024-09-14T20:58:04.004+0000] {spark_submit.py:579} INFO - 24/09/14 20:58:04 INFO Executor: Finished task 1.0 in stage 9.0 (TID 11). 2669 bytes result sent to driver
[2024-09-14T20:58:04.008+0000] {spark_submit.py:579} INFO - 24/09/14 20:58:04 INFO TaskSetManager: Finished task 1.0 in stage 9.0 (TID 11) in 1159 ms on fb744bf0dc86 (executor driver) (1/2)
[2024-09-14T20:58:04.235+0000] {spark_submit.py:579} INFO - 24/09/14 20:58:04 INFO FileOutputCommitter: Saved output of task 'attempt_202409142058022251847137951211180_0009_m_000000_10' to hdfs://namenode:9000/user/hive/warehouse/processed_airbnb_data/.hive-staging_hive_2024-09-14_20-58-01_742_1942356695780177488-1/-ext-10000/_temporary/0/task_202409142058022251847137951211180_0009_m_000000
[2024-09-14T20:58:04.237+0000] {spark_submit.py:579} INFO - 24/09/14 20:58:04 INFO SparkHadoopMapRedUtil: attempt_202409142058022251847137951211180_0009_m_000000_10: Committed. Elapsed time: 21 ms.
[2024-09-14T20:58:04.240+0000] {spark_submit.py:579} INFO - 24/09/14 20:58:04 INFO Executor: Finished task 0.0 in stage 9.0 (TID 10). 2626 bytes result sent to driver
[2024-09-14T20:58:04.243+0000] {spark_submit.py:579} INFO - 24/09/14 20:58:04 INFO TaskSetManager: Finished task 0.0 in stage 9.0 (TID 10) in 1397 ms on fb744bf0dc86 (executor driver) (2/2)
[2024-09-14T20:58:04.245+0000] {spark_submit.py:579} INFO - 24/09/14 20:58:04 INFO TaskSchedulerImpl: Removed TaskSet 9.0, whose tasks have all completed, from pool
[2024-09-14T20:58:04.247+0000] {spark_submit.py:579} INFO - 24/09/14 20:58:04 INFO DAGScheduler: ResultStage 9 (insertInto at NativeMethodAccessorImpl.java:0) finished in 1.487 s
[2024-09-14T20:58:04.249+0000] {spark_submit.py:579} INFO - 24/09/14 20:58:04 INFO DAGScheduler: Job 7 is finished. Cancelling potential speculative or zombie tasks for this job
[2024-09-14T20:58:04.251+0000] {spark_submit.py:579} INFO - 24/09/14 20:58:04 INFO TaskSchedulerImpl: Killing all running tasks in stage 9: Stage finished
[2024-09-14T20:58:04.253+0000] {spark_submit.py:579} INFO - 24/09/14 20:58:04 INFO DAGScheduler: Job 7 finished: insertInto at NativeMethodAccessorImpl.java:0, took 1.499820 s
[2024-09-14T20:58:04.255+0000] {spark_submit.py:579} INFO - 24/09/14 20:58:04 INFO FileFormatWriter: Start to commit write Job dc5d2642-50d1-4ed8-a363-e212788a9959.
[2024-09-14T20:58:04.340+0000] {spark_submit.py:579} INFO - 24/09/14 20:58:04 INFO FileFormatWriter: Write Job dc5d2642-50d1-4ed8-a363-e212788a9959 committed. Elapsed time: 88 ms.
[2024-09-14T20:58:04.341+0000] {spark_submit.py:579} INFO - 24/09/14 20:58:04 INFO FileFormatWriter: Finished processing stats for write job dc5d2642-50d1-4ed8-a363-e212788a9959.
[2024-09-14T20:58:04.527+0000] {spark_submit.py:579} INFO - 24/09/14 20:58:04 INFO FileUtils: Creating directory if it doesn't exist: hdfs://namenode:9000/user/hive/warehouse/processed_airbnb_data
[2024-09-14T20:58:05.280+0000] {spark_submit.py:579} INFO -      processed_airbnb_data
[2024-09-14T20:58:05.488+0000] {spark_submit.py:579} INFO - 24/09/14 20:58:05 INFO SparkContext: Invoking stop() from shutdown hook
[2024-09-14T20:58:05.490+0000] {spark_submit.py:579} INFO - 24/09/14 20:58:05 INFO SparkContext: SparkContext is stopping with exitCode 0.
[2024-09-14T20:58:05.535+0000] {spark_submit.py:579} INFO - 24/09/14 20:58:05 INFO SparkUI: Stopped Spark web UI at http://fb744bf0dc86:4040
[2024-09-14T20:58:05.576+0000] {spark_submit.py:579} INFO - 24/09/14 20:58:05 INFO MapOutputTrackerMasterEndpoint: MapOutputTrackerMasterEndpoint stopped!
[2024-09-14T20:58:05.631+0000] {spark_submit.py:579} INFO - 24/09/14 20:58:05 INFO MemoryStore: MemoryStore cleared
[2024-09-14T20:58:05.635+0000] {spark_submit.py:579} INFO - 24/09/14 20:58:05 INFO BlockManager: BlockManager stopped
[2024-09-14T20:58:05.643+0000] {spark_submit.py:579} INFO - 24/09/14 20:58:05 INFO BlockManagerMaster: BlockManagerMaster stopped
[2024-09-14T20:58:05.653+0000] {spark_submit.py:579} INFO - 24/09/14 20:58:05 INFO OutputCommitCoordinator$OutputCommitCoordinatorEndpoint: OutputCommitCoordinator stopped!
[2024-09-14T20:58:05.681+0000] {spark_submit.py:579} INFO - 24/09/14 20:58:05 INFO SparkContext: Successfully stopped SparkContext
[2024-09-14T20:58:05.683+0000] {spark_submit.py:579} INFO - 24/09/14 20:58:05 INFO ShutdownHookManager: Shutdown hook called
[2024-09-14T20:58:05.685+0000] {spark_submit.py:579} INFO - 24/09/14 20:58:05 INFO ShutdownHookManager: Deleting directory /tmp/spark-239fb424-915e-48b3-8992-33b7e116e41f
[2024-09-14T20:58:05.699+0000] {spark_submit.py:579} INFO - 24/09/14 20:58:05 INFO ShutdownHookManager: Deleting directory /tmp/spark-9d986804-39ac-4104-8374-ee2d5cf6ea12/pyspark-07eb0af3-4ce7-458b-921a-1c18f56fba1f
[2024-09-14T20:58:05.712+0000] {spark_submit.py:579} INFO - 24/09/14 20:58:05 INFO ShutdownHookManager: Deleting directory /tmp/spark-9d986804-39ac-4104-8374-ee2d5cf6ea12
[2024-09-14T20:58:05.906+0000] {taskinstance.py:340} INFO - ::group::Post task execution logs
[2024-09-14T20:58:05.907+0000] {taskinstance.py:352} INFO - Marking task as SUCCESS. dag_id=airbnb_model, task_id=data_analysis, run_id=manual__2024-09-14T17:50:30.952450+00:00, execution_date=20240914T175030, start_date=20240914T205534, end_date=20240914T205805
[2024-09-14T20:58:05.970+0000] {local_task_job_runner.py:266} INFO - Task exited with return code 0
[2024-09-14T20:58:06.044+0000] {taskinstance.py:3900} INFO - 1 downstream tasks scheduled from follow-on schedule check
[2024-09-14T20:58:06.051+0000] {local_task_job_runner.py:245} INFO - ::endgroup::
