[2024-09-14T18:54:37.297+0000] {local_task_job_runner.py:123} INFO - ::group::Pre task execution logs
[2024-09-14T18:54:37.333+0000] {taskinstance.py:2612} INFO - Dependencies all met for dep_context=non-requeueable deps ti=<TaskInstance: airbnb_model.data_analysis manual__2024-09-14T17:50:30.952450+00:00 [queued]>
[2024-09-14T18:54:37.359+0000] {taskinstance.py:2612} INFO - Dependencies all met for dep_context=requeueable deps ti=<TaskInstance: airbnb_model.data_analysis manual__2024-09-14T17:50:30.952450+00:00 [queued]>
[2024-09-14T18:54:37.361+0000] {taskinstance.py:2865} INFO - Starting attempt 6 of 9
[2024-09-14T18:54:37.391+0000] {taskinstance.py:2888} INFO - Executing <Task(SparkSubmitOperator): data_analysis> on 2024-09-14 17:50:30.952450+00:00
[2024-09-14T18:54:37.409+0000] {standard_task_runner.py:104} INFO - Running: ['***', 'tasks', 'run', 'airbnb_model', 'data_analysis', 'manual__2024-09-14T17:50:30.952450+00:00', '--job-id', '676', '--raw', '--subdir', 'DAGS_FOLDER/air_price_pred_dag.py', '--cfg-path', '/tmp/tmpe8u6437z']
[2024-09-14T18:54:37.413+0000] {standard_task_runner.py:105} INFO - Job 676: Subtask data_analysis
[2024-09-14T18:54:37.417+0000] {logging_mixin.py:190} WARNING - /home/***/.local/lib/python3.12/site-packages/***/task/task_runner/standard_task_runner.py:70 DeprecationWarning: This process (pid=7862) is multi-threaded, use of fork() may lead to deadlocks in the child.
[2024-09-14T18:54:37.418+0000] {standard_task_runner.py:72} INFO - Started process 7863 to run task
[2024-09-14T18:54:37.658+0000] {task_command.py:467} INFO - Running <TaskInstance: airbnb_model.data_analysis manual__2024-09-14T17:50:30.952450+00:00 [running]> on host fb744bf0dc86
[2024-09-14T18:54:37.909+0000] {taskinstance.py:3131} INFO - Exporting env vars: AIRFLOW_CTX_DAG_OWNER='Denis' AIRFLOW_CTX_DAG_ID='airbnb_model' AIRFLOW_CTX_TASK_ID='data_analysis' AIRFLOW_CTX_EXECUTION_DATE='2024-09-14T17:50:30.952450+00:00' AIRFLOW_CTX_TRY_NUMBER='6' AIRFLOW_CTX_DAG_RUN_ID='manual__2024-09-14T17:50:30.952450+00:00'
[2024-09-14T18:54:37.914+0000] {taskinstance.py:731} INFO - ::endgroup::
[2024-09-14T18:54:38.085+0000] {base.py:84} INFO - Retrieving connection 'spark_default'
[2024-09-14T18:54:38.090+0000] {spark_submit.py:403} INFO - Spark-Submit cmd: spark-submit --master spark://spark-master:7077 --conf spark.master=spark://spark-master:7077 --name arrow-spark --verbose --deploy-mode client /opt/***/dags/air_data_analysis.py
[2024-09-14T18:54:45.858+0000] {spark_submit.py:579} INFO - Using properties file: null
[2024-09-14T18:54:46.458+0000] {spark_submit.py:579} INFO - Parsed arguments:
[2024-09-14T18:54:46.460+0000] {spark_submit.py:579} INFO - master                  spark://spark-master:7077
[2024-09-14T18:54:46.461+0000] {spark_submit.py:579} INFO - remote                  null
[2024-09-14T18:54:46.462+0000] {spark_submit.py:579} INFO - deployMode              client
[2024-09-14T18:54:46.463+0000] {spark_submit.py:579} INFO - executorMemory          null
[2024-09-14T18:54:46.465+0000] {spark_submit.py:579} INFO - executorCores           null
[2024-09-14T18:54:46.466+0000] {spark_submit.py:579} INFO - totalExecutorCores      null
[2024-09-14T18:54:46.467+0000] {spark_submit.py:579} INFO - propertiesFile          null
[2024-09-14T18:54:46.469+0000] {spark_submit.py:579} INFO - driverMemory            null
[2024-09-14T18:54:46.470+0000] {spark_submit.py:579} INFO - driverCores             null
[2024-09-14T18:54:46.472+0000] {spark_submit.py:579} INFO - driverExtraClassPath    null
[2024-09-14T18:54:46.476+0000] {spark_submit.py:579} INFO - driverExtraLibraryPath  null
[2024-09-14T18:54:46.477+0000] {spark_submit.py:579} INFO - driverExtraJavaOptions  null
[2024-09-14T18:54:46.478+0000] {spark_submit.py:579} INFO - supervise               false
[2024-09-14T18:54:46.480+0000] {spark_submit.py:579} INFO - queue                   null
[2024-09-14T18:54:46.481+0000] {spark_submit.py:579} INFO - numExecutors            null
[2024-09-14T18:54:46.482+0000] {spark_submit.py:579} INFO - files                   null
[2024-09-14T18:54:46.483+0000] {spark_submit.py:579} INFO - pyFiles                 null
[2024-09-14T18:54:46.485+0000] {spark_submit.py:579} INFO - archives                null
[2024-09-14T18:54:46.486+0000] {spark_submit.py:579} INFO - mainClass               null
[2024-09-14T18:54:46.488+0000] {spark_submit.py:579} INFO - primaryResource         file:/opt/***/dags/air_data_analysis.py
[2024-09-14T18:54:46.491+0000] {spark_submit.py:579} INFO - name                    arrow-spark
[2024-09-14T18:54:46.492+0000] {spark_submit.py:579} INFO - childArgs               []
[2024-09-14T18:54:46.495+0000] {spark_submit.py:579} INFO - jars                    null
[2024-09-14T18:54:46.496+0000] {spark_submit.py:579} INFO - packages                null
[2024-09-14T18:54:46.498+0000] {spark_submit.py:579} INFO - packagesExclusions      null
[2024-09-14T18:54:46.498+0000] {spark_submit.py:579} INFO - repositories            null
[2024-09-14T18:54:46.500+0000] {spark_submit.py:579} INFO - verbose                 true
[2024-09-14T18:54:46.502+0000] {spark_submit.py:579} INFO - 
[2024-09-14T18:54:46.506+0000] {spark_submit.py:579} INFO - Spark properties used, including those specified through
[2024-09-14T18:54:46.507+0000] {spark_submit.py:579} INFO - --conf and those from the properties file null:
[2024-09-14T18:54:46.508+0000] {spark_submit.py:579} INFO - (spark.master,spark://spark-master:7077)
[2024-09-14T18:54:46.510+0000] {spark_submit.py:579} INFO - 
[2024-09-14T18:54:46.511+0000] {spark_submit.py:579} INFO - 
[2024-09-14T18:54:47.792+0000] {spark_submit.py:579} INFO - Main class:
[2024-09-14T18:54:47.793+0000] {spark_submit.py:579} INFO - org.apache.spark.deploy.PythonRunner
[2024-09-14T18:54:47.794+0000] {spark_submit.py:579} INFO - Arguments:
[2024-09-14T18:54:47.795+0000] {spark_submit.py:579} INFO - file:/opt/***/dags/air_data_analysis.py
[2024-09-14T18:54:47.797+0000] {spark_submit.py:579} INFO - null
[2024-09-14T18:54:47.799+0000] {spark_submit.py:579} INFO - Spark config:
[2024-09-14T18:54:47.800+0000] {spark_submit.py:579} INFO - (spark.app.name,arrow-spark)
[2024-09-14T18:54:47.801+0000] {spark_submit.py:579} INFO - (spark.app.submitTime,1726340087756)
[2024-09-14T18:54:47.803+0000] {spark_submit.py:579} INFO - (spark.master,spark://spark-master:7077)
[2024-09-14T18:54:47.804+0000] {spark_submit.py:579} INFO - (spark.submit.deployMode,client)
[2024-09-14T18:54:47.805+0000] {spark_submit.py:579} INFO - (spark.submit.pyFiles,)
[2024-09-14T18:54:47.806+0000] {spark_submit.py:579} INFO - Classpath elements:
[2024-09-14T18:54:47.807+0000] {spark_submit.py:579} INFO - 
[2024-09-14T18:54:47.808+0000] {spark_submit.py:579} INFO - 
[2024-09-14T18:54:47.809+0000] {spark_submit.py:579} INFO - 
[2024-09-14T18:54:51.386+0000] {spark_submit.py:579} INFO - 24/09/14 18:54:51 INFO SparkContext: Running Spark version 3.5.2
[2024-09-14T18:54:51.394+0000] {spark_submit.py:579} INFO - 24/09/14 18:54:51 INFO SparkContext: OS info Linux, 5.15.153.1-microsoft-standard-WSL2, amd64
[2024-09-14T18:54:51.395+0000] {spark_submit.py:579} INFO - 24/09/14 18:54:51 INFO SparkContext: Java version 17.0.12
[2024-09-14T18:54:51.713+0000] {spark_submit.py:579} INFO - 24/09/14 18:54:51 WARN NativeCodeLoader: Unable to load native-hadoop library for your platform... using builtin-java classes where applicable
[2024-09-14T18:54:52.221+0000] {spark_submit.py:579} INFO - 24/09/14 18:54:52 INFO ResourceUtils: ==============================================================
[2024-09-14T18:54:52.223+0000] {spark_submit.py:579} INFO - 24/09/14 18:54:52 INFO ResourceUtils: No custom resources configured for spark.driver.
[2024-09-14T18:54:52.235+0000] {spark_submit.py:579} INFO - 24/09/14 18:54:52 INFO ResourceUtils: ==============================================================
[2024-09-14T18:54:52.238+0000] {spark_submit.py:579} INFO - 24/09/14 18:54:52 INFO SparkContext: Submitted application: Airbnb_regr_model
[2024-09-14T18:54:52.404+0000] {spark_submit.py:579} INFO - 24/09/14 18:54:52 INFO ResourceProfile: Default ResourceProfile created, executor resources: Map(cores -> name: cores, amount: 1, script: , vendor: , memory -> name: memory, amount: 1024, script: , vendor: , offHeap -> name: offHeap, amount: 0, script: , vendor: ), task resources: Map(cpus -> name: cpus, amount: 1.0)
[2024-09-14T18:54:52.517+0000] {spark_submit.py:579} INFO - 24/09/14 18:54:52 INFO ResourceProfile: Limiting resource is cpu
[2024-09-14T18:54:52.519+0000] {spark_submit.py:579} INFO - 24/09/14 18:54:52 INFO ResourceProfileManager: Added ResourceProfile id: 0
[2024-09-14T18:54:52.866+0000] {spark_submit.py:579} INFO - 24/09/14 18:54:52 INFO SecurityManager: Changing view acls to: ***
[2024-09-14T18:54:52.867+0000] {spark_submit.py:579} INFO - 24/09/14 18:54:52 INFO SecurityManager: Changing modify acls to: ***
[2024-09-14T18:54:52.869+0000] {spark_submit.py:579} INFO - 24/09/14 18:54:52 INFO SecurityManager: Changing view acls groups to:
[2024-09-14T18:54:52.870+0000] {spark_submit.py:579} INFO - 24/09/14 18:54:52 INFO SecurityManager: Changing modify acls groups to:
[2024-09-14T18:54:52.872+0000] {spark_submit.py:579} INFO - 24/09/14 18:54:52 INFO SecurityManager: SecurityManager: authentication disabled; ui acls disabled; users with view permissions: ***; groups with view permissions: EMPTY; users with modify permissions: ***; groups with modify permissions: EMPTY
[2024-09-14T18:54:54.086+0000] {spark_submit.py:579} INFO - 24/09/14 18:54:54 INFO Utils: Successfully started service 'sparkDriver' on port 35301.
[2024-09-14T18:54:54.304+0000] {spark_submit.py:579} INFO - 24/09/14 18:54:54 INFO SparkEnv: Registering MapOutputTracker
[2024-09-14T18:54:54.442+0000] {spark_submit.py:579} INFO - 24/09/14 18:54:54 INFO SparkEnv: Registering BlockManagerMaster
[2024-09-14T18:54:54.489+0000] {spark_submit.py:579} INFO - 24/09/14 18:54:54 INFO BlockManagerMasterEndpoint: Using org.apache.spark.storage.DefaultTopologyMapper for getting topology information
[2024-09-14T18:54:54.490+0000] {spark_submit.py:579} INFO - 24/09/14 18:54:54 INFO BlockManagerMasterEndpoint: BlockManagerMasterEndpoint up
[2024-09-14T18:54:54.499+0000] {spark_submit.py:579} INFO - 24/09/14 18:54:54 INFO SparkEnv: Registering BlockManagerMasterHeartbeat
[2024-09-14T18:54:54.573+0000] {spark_submit.py:579} INFO - 24/09/14 18:54:54 INFO DiskBlockManager: Created local directory at /tmp/blockmgr-5023601e-aeca-4d60-b357-646810c9acda
[2024-09-14T18:54:54.606+0000] {spark_submit.py:579} INFO - 24/09/14 18:54:54 INFO MemoryStore: MemoryStore started with capacity 434.4 MiB
[2024-09-14T18:54:54.652+0000] {spark_submit.py:579} INFO - 24/09/14 18:54:54 INFO SparkEnv: Registering OutputCommitCoordinator
[2024-09-14T18:54:55.176+0000] {spark_submit.py:579} INFO - 24/09/14 18:54:55 INFO JettyUtils: Start Jetty 0.0.0.0:4040 for SparkUI
[2024-09-14T18:54:55.407+0000] {spark_submit.py:579} INFO - 24/09/14 18:54:55 INFO Utils: Successfully started service 'SparkUI' on port 4040.
[2024-09-14T18:54:55.737+0000] {spark_submit.py:579} INFO - 24/09/14 18:54:55 INFO Executor: Starting executor ID driver on host fb744bf0dc86
[2024-09-14T18:54:55.739+0000] {spark_submit.py:579} INFO - 24/09/14 18:54:55 INFO Executor: OS info Linux, 5.15.153.1-microsoft-standard-WSL2, amd64
[2024-09-14T18:54:55.740+0000] {spark_submit.py:579} INFO - 24/09/14 18:54:55 INFO Executor: Java version 17.0.12
[2024-09-14T18:54:55.764+0000] {spark_submit.py:579} INFO - 24/09/14 18:54:55 INFO Executor: Starting executor with user classpath (userClassPathFirst = false): ''
[2024-09-14T18:54:55.767+0000] {spark_submit.py:579} INFO - 24/09/14 18:54:55 INFO Executor: Created or updated repl class loader org.apache.spark.util.MutableURLClassLoader@12f948e4 for default.
[2024-09-14T18:54:55.835+0000] {spark_submit.py:579} INFO - 24/09/14 18:54:55 INFO Utils: Successfully started service 'org.apache.spark.network.netty.NettyBlockTransferService' on port 44841.
[2024-09-14T18:54:55.836+0000] {spark_submit.py:579} INFO - 24/09/14 18:54:55 INFO NettyBlockTransferService: Server created on fb744bf0dc86:44841
[2024-09-14T18:54:55.840+0000] {spark_submit.py:579} INFO - 24/09/14 18:54:55 INFO BlockManager: Using org.apache.spark.storage.RandomBlockReplicationPolicy for block replication policy
[2024-09-14T18:54:55.861+0000] {spark_submit.py:579} INFO - 24/09/14 18:54:55 INFO BlockManagerMaster: Registering BlockManager BlockManagerId(driver, fb744bf0dc86, 44841, None)
[2024-09-14T18:54:55.873+0000] {spark_submit.py:579} INFO - 24/09/14 18:54:55 INFO BlockManagerMasterEndpoint: Registering block manager fb744bf0dc86:44841 with 434.4 MiB RAM, BlockManagerId(driver, fb744bf0dc86, 44841, None)
[2024-09-14T18:54:55.881+0000] {spark_submit.py:579} INFO - 24/09/14 18:54:55 INFO BlockManagerMaster: Registered BlockManager BlockManagerId(driver, fb744bf0dc86, 44841, None)
[2024-09-14T18:54:55.885+0000] {spark_submit.py:579} INFO - 24/09/14 18:54:55 INFO BlockManager: Initialized BlockManager: BlockManagerId(driver, fb744bf0dc86, 44841, None)
[2024-09-14T18:54:58.946+0000] {spark_submit.py:579} INFO - 24/09/14 18:54:58 INFO SharedState: Setting hive.metastore.warehouse.dir ('null') to the value of spark.sql.warehouse.dir.
[2024-09-14T18:54:58.998+0000] {spark_submit.py:579} INFO - 24/09/14 18:54:58 INFO SharedState: Warehouse path is 'file:/user/hive/warehouse'.
[2024-09-14T18:55:01.815+0000] {spark_submit.py:579} INFO - 24/09/14 18:55:01 INFO InMemoryFileIndex: It took 117 ms to list leaf files for 1 paths.
[2024-09-14T18:55:02.149+0000] {spark_submit.py:579} INFO - 24/09/14 18:55:02 INFO InMemoryFileIndex: It took 5 ms to list leaf files for 1 paths.
[2024-09-14T18:55:08.061+0000] {spark_submit.py:579} INFO - 24/09/14 18:55:08 INFO FileSourceStrategy: Pushed Filters:
[2024-09-14T18:55:08.065+0000] {spark_submit.py:579} INFO - 24/09/14 18:55:08 INFO FileSourceStrategy: Post-Scan Filters:
[2024-09-14T18:55:08.746+0000] {spark_submit.py:579} INFO - 24/09/14 18:55:08 INFO MemoryStore: Block broadcast_0 stored as values in memory (estimated size 200.2 KiB, free 434.2 MiB)
[2024-09-14T18:55:08.925+0000] {spark_submit.py:579} INFO - 24/09/14 18:55:08 INFO MemoryStore: Block broadcast_0_piece0 stored as bytes in memory (estimated size 34.5 KiB, free 434.2 MiB)
[2024-09-14T18:55:08.938+0000] {spark_submit.py:579} INFO - 24/09/14 18:55:08 INFO BlockManagerInfo: Added broadcast_0_piece0 in memory on fb744bf0dc86:44841 (size: 34.5 KiB, free: 434.4 MiB)
[2024-09-14T18:55:08.953+0000] {spark_submit.py:579} INFO - 24/09/14 18:55:08 INFO SparkContext: Created broadcast 0 from csv at NativeMethodAccessorImpl.java:0
[2024-09-14T18:55:08.995+0000] {spark_submit.py:579} INFO - 24/09/14 18:55:08 INFO FileSourceScanExec: Planning scan with bin packing, max size: 4194304 bytes, open cost is considered as scanning 4194304 bytes.
[2024-09-14T18:55:11.417+0000] {spark_submit.py:579} INFO - 24/09/14 18:55:11 INFO CodeGenerator: Code generated in 905.886256 ms
[2024-09-14T18:55:12.038+0000] {spark_submit.py:579} INFO - 24/09/14 18:55:12 INFO SparkContext: Starting job: csv at NativeMethodAccessorImpl.java:0
[2024-09-14T18:55:12.109+0000] {spark_submit.py:579} INFO - 24/09/14 18:55:12 INFO DAGScheduler: Got job 0 (csv at NativeMethodAccessorImpl.java:0) with 1 output partitions
[2024-09-14T18:55:12.111+0000] {spark_submit.py:579} INFO - 24/09/14 18:55:12 INFO DAGScheduler: Final stage: ResultStage 0 (csv at NativeMethodAccessorImpl.java:0)
[2024-09-14T18:55:12.114+0000] {spark_submit.py:579} INFO - 24/09/14 18:55:12 INFO DAGScheduler: Parents of final stage: List()
[2024-09-14T18:55:12.119+0000] {spark_submit.py:579} INFO - 24/09/14 18:55:12 INFO DAGScheduler: Missing parents: List()
[2024-09-14T18:55:12.129+0000] {spark_submit.py:579} INFO - 24/09/14 18:55:12 INFO DAGScheduler: Submitting ResultStage 0 (MapPartitionsRDD[6] at csv at NativeMethodAccessorImpl.java:0), which has no missing parents
[2024-09-14T18:55:12.446+0000] {spark_submit.py:579} INFO - 24/09/14 18:55:12 INFO MemoryStore: Block broadcast_1 stored as values in memory (estimated size 19.1 KiB, free 434.2 MiB)
[2024-09-14T18:55:12.451+0000] {spark_submit.py:579} INFO - 24/09/14 18:55:12 INFO MemoryStore: Block broadcast_1_piece0 stored as bytes in memory (estimated size 8.3 KiB, free 434.1 MiB)
[2024-09-14T18:55:12.452+0000] {spark_submit.py:579} INFO - 24/09/14 18:55:12 INFO BlockManagerInfo: Added broadcast_1_piece0 in memory on fb744bf0dc86:44841 (size: 8.3 KiB, free: 434.4 MiB)
[2024-09-14T18:55:12.454+0000] {spark_submit.py:579} INFO - 24/09/14 18:55:12 INFO SparkContext: Created broadcast 1 from broadcast at DAGScheduler.scala:1585
[2024-09-14T18:55:12.491+0000] {spark_submit.py:579} INFO - 24/09/14 18:55:12 INFO DAGScheduler: Submitting 1 missing tasks from ResultStage 0 (MapPartitionsRDD[6] at csv at NativeMethodAccessorImpl.java:0) (first 15 tasks are for partitions Vector(0))
[2024-09-14T18:55:12.494+0000] {spark_submit.py:579} INFO - 24/09/14 18:55:12 INFO TaskSchedulerImpl: Adding task set 0.0 with 1 tasks resource profile 0
[2024-09-14T18:55:12.629+0000] {spark_submit.py:579} INFO - 24/09/14 18:55:12 INFO TaskSetManager: Starting task 0.0 in stage 0.0 (TID 0) (fb744bf0dc86, executor driver, partition 0, PROCESS_LOCAL, 9601 bytes)
[2024-09-14T18:55:12.665+0000] {spark_submit.py:579} INFO - 24/09/14 18:55:12 INFO Executor: Running task 0.0 in stage 0.0 (TID 0)
[2024-09-14T18:55:13.027+0000] {spark_submit.py:579} INFO - 24/09/14 18:55:13 INFO CodeGenerator: Code generated in 80.694406 ms
[2024-09-14T18:55:13.043+0000] {spark_submit.py:579} INFO - 24/09/14 18:55:13 INFO FileScanRDD: Reading File path: file:///opt/***/datasets/Airbnb.csv, range: 0-4194304, partition values: [empty row]
[2024-09-14T18:55:13.122+0000] {spark_submit.py:579} INFO - 24/09/14 18:55:13 INFO CodeGenerator: Code generated in 54.559216 ms
[2024-09-14T18:55:13.370+0000] {spark_submit.py:579} INFO - 24/09/14 18:55:13 INFO Executor: Finished task 0.0 in stage 0.0 (TID 0). 1851 bytes result sent to driver
[2024-09-14T18:55:13.423+0000] {spark_submit.py:579} INFO - 24/09/14 18:55:13 INFO TaskSetManager: Finished task 0.0 in stage 0.0 (TID 0) in 817 ms on fb744bf0dc86 (executor driver) (1/1)
[2024-09-14T18:55:13.430+0000] {spark_submit.py:579} INFO - 24/09/14 18:55:13 INFO TaskSchedulerImpl: Removed TaskSet 0.0, whose tasks have all completed, from pool
[2024-09-14T18:55:13.446+0000] {spark_submit.py:579} INFO - 24/09/14 18:55:13 INFO DAGScheduler: ResultStage 0 (csv at NativeMethodAccessorImpl.java:0) finished in 1.240 s
[2024-09-14T18:55:13.456+0000] {spark_submit.py:579} INFO - 24/09/14 18:55:13 INFO DAGScheduler: Job 0 is finished. Cancelling potential speculative or zombie tasks for this job
[2024-09-14T18:55:13.459+0000] {spark_submit.py:579} INFO - 24/09/14 18:55:13 INFO TaskSchedulerImpl: Killing all running tasks in stage 0: Stage finished
[2024-09-14T18:55:13.470+0000] {spark_submit.py:579} INFO - 24/09/14 18:55:13 INFO DAGScheduler: Job 0 finished: csv at NativeMethodAccessorImpl.java:0, took 1.430401 s
[2024-09-14T18:55:13.542+0000] {spark_submit.py:579} INFO - 24/09/14 18:55:13 INFO CodeGenerator: Code generated in 26.913761 ms
[2024-09-14T18:55:13.770+0000] {spark_submit.py:579} INFO - 24/09/14 18:55:13 INFO SparkContext: Starting job: csv at NativeMethodAccessorImpl.java:0
[2024-09-14T18:55:13.773+0000] {spark_submit.py:579} INFO - 24/09/14 18:55:13 INFO DAGScheduler: Got job 1 (csv at NativeMethodAccessorImpl.java:0) with 2 output partitions
[2024-09-14T18:55:13.774+0000] {spark_submit.py:579} INFO - 24/09/14 18:55:13 INFO DAGScheduler: Final stage: ResultStage 1 (csv at NativeMethodAccessorImpl.java:0)
[2024-09-14T18:55:13.776+0000] {spark_submit.py:579} INFO - 24/09/14 18:55:13 INFO DAGScheduler: Parents of final stage: List()
[2024-09-14T18:55:13.777+0000] {spark_submit.py:579} INFO - 24/09/14 18:55:13 INFO DAGScheduler: Missing parents: List()
[2024-09-14T18:55:13.779+0000] {spark_submit.py:579} INFO - 24/09/14 18:55:13 INFO DAGScheduler: Submitting ResultStage 1 (MapPartitionsRDD[10] at csv at NativeMethodAccessorImpl.java:0), which has no missing parents
[2024-09-14T18:55:13.792+0000] {spark_submit.py:579} INFO - 24/09/14 18:55:13 INFO MemoryStore: Block broadcast_2 stored as values in memory (estimated size 19.7 KiB, free 434.1 MiB)
[2024-09-14T18:55:13.815+0000] {spark_submit.py:579} INFO - 24/09/14 18:55:13 INFO MemoryStore: Block broadcast_2_piece0 stored as bytes in memory (estimated size 9.1 KiB, free 434.1 MiB)
[2024-09-14T18:55:13.820+0000] {spark_submit.py:579} INFO - 24/09/14 18:55:13 INFO BlockManagerInfo: Added broadcast_2_piece0 in memory on fb744bf0dc86:44841 (size: 9.1 KiB, free: 434.3 MiB)
[2024-09-14T18:55:13.822+0000] {spark_submit.py:579} INFO - 24/09/14 18:55:13 INFO SparkContext: Created broadcast 2 from broadcast at DAGScheduler.scala:1585
[2024-09-14T18:55:13.824+0000] {spark_submit.py:579} INFO - 24/09/14 18:55:13 INFO DAGScheduler: Submitting 2 missing tasks from ResultStage 1 (MapPartitionsRDD[10] at csv at NativeMethodAccessorImpl.java:0) (first 15 tasks are for partitions Vector(0, 1))
[2024-09-14T18:55:13.825+0000] {spark_submit.py:579} INFO - 24/09/14 18:55:13 INFO TaskSchedulerImpl: Adding task set 1.0 with 2 tasks resource profile 0
[2024-09-14T18:55:13.829+0000] {spark_submit.py:579} INFO - 24/09/14 18:55:13 INFO TaskSetManager: Starting task 0.0 in stage 1.0 (TID 1) (fb744bf0dc86, executor driver, partition 0, PROCESS_LOCAL, 9601 bytes)
[2024-09-14T18:55:13.831+0000] {spark_submit.py:579} INFO - 24/09/14 18:55:13 INFO TaskSetManager: Starting task 1.0 in stage 1.0 (TID 2) (fb744bf0dc86, executor driver, partition 1, PROCESS_LOCAL, 9601 bytes)
[2024-09-14T18:55:13.833+0000] {spark_submit.py:579} INFO - 24/09/14 18:55:13 INFO Executor: Running task 0.0 in stage 1.0 (TID 1)
[2024-09-14T18:55:13.835+0000] {spark_submit.py:579} INFO - 24/09/14 18:55:13 INFO Executor: Running task 1.0 in stage 1.0 (TID 2)
[2024-09-14T18:55:13.892+0000] {spark_submit.py:579} INFO - 24/09/14 18:55:13 INFO BlockManagerInfo: Removed broadcast_1_piece0 on fb744bf0dc86:44841 in memory (size: 8.3 KiB, free: 434.4 MiB)
[2024-09-14T18:55:13.895+0000] {spark_submit.py:579} INFO - 24/09/14 18:55:13 INFO FileScanRDD: Reading File path: file:///opt/***/datasets/Airbnb.csv, range: 4194304-7081245, partition values: [empty row]
[2024-09-14T18:55:13.896+0000] {spark_submit.py:579} INFO - 24/09/14 18:55:13 INFO FileScanRDD: Reading File path: file:///opt/***/datasets/Airbnb.csv, range: 0-4194304, partition values: [empty row]
[2024-09-14T18:55:15.092+0000] {spark_submit.py:579} INFO - 24/09/14 18:55:15 INFO Executor: Finished task 1.0 in stage 1.0 (TID 2). 1546 bytes result sent to driver
[2024-09-14T18:55:15.099+0000] {spark_submit.py:579} INFO - 24/09/14 18:55:15 INFO TaskSetManager: Finished task 1.0 in stage 1.0 (TID 2) in 1269 ms on fb744bf0dc86 (executor driver) (1/2)
[2024-09-14T18:55:15.516+0000] {spark_submit.py:579} INFO - 24/09/14 18:55:15 INFO Executor: Finished task 0.0 in stage 1.0 (TID 1). 1503 bytes result sent to driver
[2024-09-14T18:55:15.523+0000] {spark_submit.py:579} INFO - 24/09/14 18:55:15 INFO TaskSetManager: Finished task 0.0 in stage 1.0 (TID 1) in 1695 ms on fb744bf0dc86 (executor driver) (2/2)
[2024-09-14T18:55:15.524+0000] {spark_submit.py:579} INFO - 24/09/14 18:55:15 INFO TaskSchedulerImpl: Removed TaskSet 1.0, whose tasks have all completed, from pool
[2024-09-14T18:55:15.527+0000] {spark_submit.py:579} INFO - 24/09/14 18:55:15 INFO DAGScheduler: ResultStage 1 (csv at NativeMethodAccessorImpl.java:0) finished in 1.744 s
[2024-09-14T18:55:15.529+0000] {spark_submit.py:579} INFO - 24/09/14 18:55:15 INFO DAGScheduler: Job 1 is finished. Cancelling potential speculative or zombie tasks for this job
[2024-09-14T18:55:15.531+0000] {spark_submit.py:579} INFO - 24/09/14 18:55:15 INFO TaskSchedulerImpl: Killing all running tasks in stage 1: Stage finished
[2024-09-14T18:55:15.532+0000] {spark_submit.py:579} INFO - 24/09/14 18:55:15 INFO DAGScheduler: Job 1 finished: csv at NativeMethodAccessorImpl.java:0, took 1.758727 s
[2024-09-14T18:55:16.223+0000] {spark_submit.py:579} INFO - 24/09/14 18:55:16 INFO HiveConf: Found configuration file null
[2024-09-14T18:55:16.252+0000] {spark_submit.py:579} INFO - 24/09/14 18:55:16 INFO HiveUtils: Initializing HiveMetastoreConnection version 2.3.9 using Spark classes.
[2024-09-14T18:55:17.160+0000] {spark_submit.py:579} INFO - 24/09/14 18:55:17 INFO HiveClientImpl: Warehouse location for Hive client (version 2.3.9) is file:/user/hive/warehouse
[2024-09-14T18:55:17.268+0000] {spark_submit.py:579} INFO - 24/09/14 18:55:17 INFO metastore: Trying to connect to metastore with URI thrift://hive-metastore:9083
[2024-09-14T18:55:17.329+0000] {spark_submit.py:579} INFO - 24/09/14 18:55:17 INFO metastore: Opened a connection to metastore, current connections: 1
[2024-09-14T18:55:17.514+0000] {spark_submit.py:579} INFO - 24/09/14 18:55:17 INFO metastore: Connected to metastore.
[2024-09-14T18:55:21.012+0000] {spark_submit.py:579} INFO - 24/09/14 18:55:21 INFO InMemoryFileIndex: It took 107 ms to list leaf files for 1 paths.
[2024-09-14T18:55:22.117+0000] {spark_submit.py:579} INFO - 24/09/14 18:55:22 INFO FileSourceStrategy: Pushed Filters:
[2024-09-14T18:55:22.118+0000] {spark_submit.py:579} INFO - 24/09/14 18:55:22 INFO FileSourceStrategy: Post-Scan Filters: atleastnnonnulls(10, neighbourhood_group#25, neighbourhood#26, latitude#27, longitude#28, room_type#29, price#30, minimum_nights#31, number_of_reviews#32, calculated_host_listings_count#35, availability_365#36)
[2024-09-14T18:55:22.718+0000] {spark_submit.py:579} INFO - 24/09/14 18:55:22 INFO CodeGenerator: Code generated in 165.630897 ms
[2024-09-14T18:55:22.725+0000] {spark_submit.py:579} INFO - 24/09/14 18:55:22 INFO MemoryStore: Block broadcast_3 stored as values in memory (estimated size 200.1 KiB, free 433.9 MiB)
[2024-09-14T18:55:22.744+0000] {spark_submit.py:579} INFO - 24/09/14 18:55:22 INFO MemoryStore: Block broadcast_3_piece0 stored as bytes in memory (estimated size 34.5 KiB, free 433.9 MiB)
[2024-09-14T18:55:22.745+0000] {spark_submit.py:579} INFO - 24/09/14 18:55:22 INFO BlockManagerInfo: Added broadcast_3_piece0 in memory on fb744bf0dc86:44841 (size: 34.5 KiB, free: 434.3 MiB)
[2024-09-14T18:55:22.747+0000] {spark_submit.py:579} INFO - 24/09/14 18:55:22 INFO SparkContext: Created broadcast 3 from saveAsTable at NativeMethodAccessorImpl.java:0
[2024-09-14T18:55:22.759+0000] {spark_submit.py:579} INFO - 24/09/14 18:55:22 INFO FileSourceScanExec: Planning scan with bin packing, max size: 4194304 bytes, open cost is considered as scanning 4194304 bytes.
[2024-09-14T18:55:22.934+0000] {spark_submit.py:579} INFO - 24/09/14 18:55:22 INFO DAGScheduler: Registering RDD 14 (saveAsTable at NativeMethodAccessorImpl.java:0) as input to shuffle 0
[2024-09-14T18:55:22.945+0000] {spark_submit.py:579} INFO - 24/09/14 18:55:22 INFO DAGScheduler: Got map stage job 2 (saveAsTable at NativeMethodAccessorImpl.java:0) with 2 output partitions
[2024-09-14T18:55:22.946+0000] {spark_submit.py:579} INFO - 24/09/14 18:55:22 INFO DAGScheduler: Final stage: ShuffleMapStage 2 (saveAsTable at NativeMethodAccessorImpl.java:0)
[2024-09-14T18:55:22.948+0000] {spark_submit.py:579} INFO - 24/09/14 18:55:22 INFO DAGScheduler: Parents of final stage: List()
[2024-09-14T18:55:22.950+0000] {spark_submit.py:579} INFO - 24/09/14 18:55:22 INFO DAGScheduler: Missing parents: List()
[2024-09-14T18:55:22.953+0000] {spark_submit.py:579} INFO - 24/09/14 18:55:22 INFO DAGScheduler: Submitting ShuffleMapStage 2 (MapPartitionsRDD[14] at saveAsTable at NativeMethodAccessorImpl.java:0), which has no missing parents
[2024-09-14T18:55:22.985+0000] {spark_submit.py:579} INFO - 24/09/14 18:55:22 INFO MemoryStore: Block broadcast_4 stored as values in memory (estimated size 55.7 KiB, free 433.9 MiB)
[2024-09-14T18:55:22.991+0000] {spark_submit.py:579} INFO - 24/09/14 18:55:22 INFO MemoryStore: Block broadcast_4_piece0 stored as bytes in memory (estimated size 23.6 KiB, free 433.8 MiB)
[2024-09-14T18:55:22.995+0000] {spark_submit.py:579} INFO - 24/09/14 18:55:22 INFO BlockManagerInfo: Added broadcast_4_piece0 in memory on fb744bf0dc86:44841 (size: 23.6 KiB, free: 434.3 MiB)
[2024-09-14T18:55:22.996+0000] {spark_submit.py:579} INFO - 24/09/14 18:55:22 INFO SparkContext: Created broadcast 4 from broadcast at DAGScheduler.scala:1585
[2024-09-14T18:55:23.000+0000] {spark_submit.py:579} INFO - 24/09/14 18:55:22 INFO DAGScheduler: Submitting 2 missing tasks from ShuffleMapStage 2 (MapPartitionsRDD[14] at saveAsTable at NativeMethodAccessorImpl.java:0) (first 15 tasks are for partitions Vector(0, 1))
[2024-09-14T18:55:23.001+0000] {spark_submit.py:579} INFO - 24/09/14 18:55:23 INFO TaskSchedulerImpl: Adding task set 2.0 with 2 tasks resource profile 0
[2024-09-14T18:55:23.006+0000] {spark_submit.py:579} INFO - 24/09/14 18:55:23 INFO TaskSetManager: Starting task 0.0 in stage 2.0 (TID 3) (fb744bf0dc86, executor driver, partition 0, PROCESS_LOCAL, 9590 bytes)
[2024-09-14T18:55:23.007+0000] {spark_submit.py:579} INFO - 24/09/14 18:55:23 INFO TaskSetManager: Starting task 1.0 in stage 2.0 (TID 4) (fb744bf0dc86, executor driver, partition 1, PROCESS_LOCAL, 9590 bytes)
[2024-09-14T18:55:23.010+0000] {spark_submit.py:579} INFO - 24/09/14 18:55:23 INFO Executor: Running task 0.0 in stage 2.0 (TID 3)
[2024-09-14T18:55:23.011+0000] {spark_submit.py:579} INFO - 24/09/14 18:55:23 INFO Executor: Running task 1.0 in stage 2.0 (TID 4)
[2024-09-14T18:55:23.157+0000] {spark_submit.py:579} INFO - 24/09/14 18:55:23 INFO CodeGenerator: Code generated in 98.980748 ms
[2024-09-14T18:55:23.204+0000] {spark_submit.py:579} INFO - 24/09/14 18:55:23 INFO CodeGenerator: Code generated in 30.022874 ms
[2024-09-14T18:55:23.273+0000] {spark_submit.py:579} INFO - 24/09/14 18:55:23 INFO CodeGenerator: Code generated in 12.341777 ms
[2024-09-14T18:55:23.306+0000] {spark_submit.py:579} INFO - 24/09/14 18:55:23 INFO CodeGenerator: Code generated in 15.771575 ms
[2024-09-14T18:55:23.337+0000] {spark_submit.py:579} INFO - 24/09/14 18:55:23 INFO FileScanRDD: Reading File path: file:///opt/***/datasets/Airbnb.csv, range: 0-4194304, partition values: [empty row]
[2024-09-14T18:55:23.344+0000] {spark_submit.py:579} INFO - 24/09/14 18:55:23 INFO FileScanRDD: Reading File path: file:///opt/***/datasets/Airbnb.csv, range: 4194304-7081245, partition values: [empty row]
[2024-09-14T18:55:23.385+0000] {spark_submit.py:579} INFO - 24/09/14 18:55:23 INFO CodeGenerator: Code generated in 25.761852 ms
[2024-09-14T18:55:24.490+0000] {spark_submit.py:579} INFO - 24/09/14 18:55:24 INFO Executor: Finished task 1.0 in stage 2.0 (TID 4). 2864 bytes result sent to driver
[2024-09-14T18:55:24.491+0000] {spark_submit.py:579} INFO - 24/09/14 18:55:24 INFO Executor: Finished task 0.0 in stage 2.0 (TID 3). 2864 bytes result sent to driver
[2024-09-14T18:55:24.495+0000] {spark_submit.py:579} INFO - 24/09/14 18:55:24 INFO TaskSetManager: Finished task 1.0 in stage 2.0 (TID 4) in 1488 ms on fb744bf0dc86 (executor driver) (1/2)
[2024-09-14T18:55:24.496+0000] {spark_submit.py:579} INFO - 24/09/14 18:55:24 INFO TaskSetManager: Finished task 0.0 in stage 2.0 (TID 3) in 1493 ms on fb744bf0dc86 (executor driver) (2/2)
[2024-09-14T18:55:24.497+0000] {spark_submit.py:579} INFO - 24/09/14 18:55:24 INFO TaskSchedulerImpl: Removed TaskSet 2.0, whose tasks have all completed, from pool
[2024-09-14T18:55:24.500+0000] {spark_submit.py:579} INFO - 24/09/14 18:55:24 INFO DAGScheduler: ShuffleMapStage 2 (saveAsTable at NativeMethodAccessorImpl.java:0) finished in 1.538 s
[2024-09-14T18:55:24.502+0000] {spark_submit.py:579} INFO - 24/09/14 18:55:24 INFO DAGScheduler: looking for newly runnable stages
[2024-09-14T18:55:24.503+0000] {spark_submit.py:579} INFO - 24/09/14 18:55:24 INFO DAGScheduler: running: Set()
[2024-09-14T18:55:24.504+0000] {spark_submit.py:579} INFO - 24/09/14 18:55:24 INFO DAGScheduler: waiting: Set()
[2024-09-14T18:55:24.505+0000] {spark_submit.py:579} INFO - 24/09/14 18:55:24 INFO DAGScheduler: failed: Set()
[2024-09-14T18:55:24.552+0000] {spark_submit.py:579} INFO - 24/09/14 18:55:24 INFO ShufflePartitionsUtil: For shuffle(0), advisory target size: 67108864, actual target size 1048576, minimum partition size: 1048576
[2024-09-14T18:55:24.723+0000] {spark_submit.py:579} INFO - 24/09/14 18:55:24 INFO ParquetUtils: Using default output committer for Parquet: org.apache.parquet.hadoop.ParquetOutputCommitter
[2024-09-14T18:55:24.762+0000] {spark_submit.py:579} INFO - 24/09/14 18:55:24 INFO FileOutputCommitter: File Output Committer Algorithm version is 1
[2024-09-14T18:55:24.763+0000] {spark_submit.py:579} INFO - 24/09/14 18:55:24 INFO FileOutputCommitter: FileOutputCommitter skip cleanup _temporary folders under output directory:false, ignore cleanup failures: false
[2024-09-14T18:55:24.764+0000] {spark_submit.py:579} INFO - 24/09/14 18:55:24 INFO SQLHadoopMapReduceCommitProtocol: Using user defined output committer class org.apache.parquet.hadoop.ParquetOutputCommitter
[2024-09-14T18:55:24.766+0000] {spark_submit.py:579} INFO - 24/09/14 18:55:24 INFO FileOutputCommitter: File Output Committer Algorithm version is 1
[2024-09-14T18:55:24.767+0000] {spark_submit.py:579} INFO - 24/09/14 18:55:24 INFO FileOutputCommitter: FileOutputCommitter skip cleanup _temporary folders under output directory:false, ignore cleanup failures: false
[2024-09-14T18:55:24.768+0000] {spark_submit.py:579} INFO - 24/09/14 18:55:24 INFO SQLHadoopMapReduceCommitProtocol: Using output committer class org.apache.parquet.hadoop.ParquetOutputCommitter
[2024-09-14T18:55:24.809+0000] {spark_submit.py:579} INFO - 24/09/14 18:55:24 INFO HashAggregateExec: spark.sql.codegen.aggregate.map.twolevel.enabled is set to true, but current version of codegened fast hashmap does not support this aggregate.
[2024-09-14T18:55:24.913+0000] {spark_submit.py:579} INFO - 24/09/14 18:55:24 INFO CodeGenerator: Code generated in 62.374373 ms
[2024-09-14T18:55:24.988+0000] {spark_submit.py:579} INFO - 24/09/14 18:55:24 INFO SparkContext: Starting job: saveAsTable at NativeMethodAccessorImpl.java:0
[2024-09-14T18:55:24.992+0000] {spark_submit.py:579} INFO - 24/09/14 18:55:24 INFO DAGScheduler: Got job 3 (saveAsTable at NativeMethodAccessorImpl.java:0) with 1 output partitions
[2024-09-14T18:55:24.994+0000] {spark_submit.py:579} INFO - 24/09/14 18:55:24 INFO DAGScheduler: Final stage: ResultStage 4 (saveAsTable at NativeMethodAccessorImpl.java:0)
[2024-09-14T18:55:24.995+0000] {spark_submit.py:579} INFO - 24/09/14 18:55:24 INFO DAGScheduler: Parents of final stage: List(ShuffleMapStage 3)
[2024-09-14T18:55:24.997+0000] {spark_submit.py:579} INFO - 24/09/14 18:55:24 INFO DAGScheduler: Missing parents: List()
[2024-09-14T18:55:24.998+0000] {spark_submit.py:579} INFO - 24/09/14 18:55:24 INFO DAGScheduler: Submitting ResultStage 4 (MapPartitionsRDD[17] at saveAsTable at NativeMethodAccessorImpl.java:0), which has no missing parents
[2024-09-14T18:55:25.080+0000] {spark_submit.py:579} INFO - 24/09/14 18:55:25 INFO MemoryStore: Block broadcast_5 stored as values in memory (estimated size 259.9 KiB, free 433.6 MiB)
[2024-09-14T18:55:25.095+0000] {spark_submit.py:579} INFO - 24/09/14 18:55:25 INFO MemoryStore: Block broadcast_5_piece0 stored as bytes in memory (estimated size 95.9 KiB, free 433.5 MiB)
[2024-09-14T18:55:25.096+0000] {spark_submit.py:579} INFO - 24/09/14 18:55:25 INFO BlockManagerInfo: Added broadcast_5_piece0 in memory on fb744bf0dc86:44841 (size: 95.9 KiB, free: 434.2 MiB)
[2024-09-14T18:55:25.098+0000] {spark_submit.py:579} INFO - 24/09/14 18:55:25 INFO SparkContext: Created broadcast 5 from broadcast at DAGScheduler.scala:1585
[2024-09-14T18:55:25.100+0000] {spark_submit.py:579} INFO - 24/09/14 18:55:25 INFO DAGScheduler: Submitting 1 missing tasks from ResultStage 4 (MapPartitionsRDD[17] at saveAsTable at NativeMethodAccessorImpl.java:0) (first 15 tasks are for partitions Vector(0))
[2024-09-14T18:55:25.101+0000] {spark_submit.py:579} INFO - 24/09/14 18:55:25 INFO TaskSchedulerImpl: Adding task set 4.0 with 1 tasks resource profile 0
[2024-09-14T18:55:25.113+0000] {spark_submit.py:579} INFO - 24/09/14 18:55:25 INFO TaskSetManager: Starting task 0.0 in stage 4.0 (TID 5) (fb744bf0dc86, executor driver, partition 0, NODE_LOCAL, 8999 bytes)
[2024-09-14T18:55:25.114+0000] {spark_submit.py:579} INFO - 24/09/14 18:55:25 INFO Executor: Running task 0.0 in stage 4.0 (TID 5)
[2024-09-14T18:55:25.241+0000] {spark_submit.py:579} INFO - 24/09/14 18:55:25 INFO ShuffleBlockFetcherIterator: Getting 2 (943.0 B) non-empty blocks including 2 (943.0 B) local and 0 (0.0 B) host-local and 0 (0.0 B) push-merged-local and 0 (0.0 B) remote blocks
[2024-09-14T18:55:25.247+0000] {spark_submit.py:579} INFO - 24/09/14 18:55:25 INFO ShuffleBlockFetcherIterator: Started 0 remote fetches in 26 ms
[2024-09-14T18:55:25.298+0000] {spark_submit.py:579} INFO - 24/09/14 18:55:25 INFO CodeGenerator: Code generated in 36.983996 ms
[2024-09-14T18:55:25.301+0000] {spark_submit.py:579} INFO - 24/09/14 18:55:25 INFO FileOutputCommitter: File Output Committer Algorithm version is 1
[2024-09-14T18:55:25.303+0000] {spark_submit.py:579} INFO - 24/09/14 18:55:25 INFO FileOutputCommitter: FileOutputCommitter skip cleanup _temporary folders under output directory:false, ignore cleanup failures: false
[2024-09-14T18:55:25.306+0000] {spark_submit.py:579} INFO - 24/09/14 18:55:25 INFO SQLHadoopMapReduceCommitProtocol: Using user defined output committer class org.apache.parquet.hadoop.ParquetOutputCommitter
[2024-09-14T18:55:25.308+0000] {spark_submit.py:579} INFO - 24/09/14 18:55:25 INFO FileOutputCommitter: File Output Committer Algorithm version is 1
[2024-09-14T18:55:25.309+0000] {spark_submit.py:579} INFO - 24/09/14 18:55:25 INFO FileOutputCommitter: FileOutputCommitter skip cleanup _temporary folders under output directory:false, ignore cleanup failures: false
[2024-09-14T18:55:25.315+0000] {spark_submit.py:579} INFO - 24/09/14 18:55:25 INFO SQLHadoopMapReduceCommitProtocol: Using output committer class org.apache.parquet.hadoop.ParquetOutputCommitter
[2024-09-14T18:55:25.328+0000] {spark_submit.py:579} INFO - 24/09/14 18:55:25 INFO CodecConfig: Compression: SNAPPY
[2024-09-14T18:55:25.335+0000] {spark_submit.py:579} INFO - 24/09/14 18:55:25 INFO CodecConfig: Compression: SNAPPY
[2024-09-14T18:55:25.377+0000] {spark_submit.py:579} INFO - 24/09/14 18:55:25 INFO ParquetOutputFormat: ParquetRecordWriter [block size: 134217728b, row group padding size: 8388608b, validating: false]
[2024-09-14T18:55:25.439+0000] {spark_submit.py:579} INFO - 24/09/14 18:55:25 INFO ParquetWriteSupport: Initialized Parquet WriteSupport with Catalyst schema:
[2024-09-14T18:55:25.440+0000] {spark_submit.py:579} INFO - {
[2024-09-14T18:55:25.441+0000] {spark_submit.py:579} INFO - "type" : "struct",
[2024-09-14T18:55:25.442+0000] {spark_submit.py:579} INFO - "fields" : [ {
[2024-09-14T18:55:25.443+0000] {spark_submit.py:579} INFO - "name" : "neighbourhood_group",
[2024-09-14T18:55:25.445+0000] {spark_submit.py:579} INFO - "type" : "string",
[2024-09-14T18:55:25.446+0000] {spark_submit.py:579} INFO - "nullable" : true,
[2024-09-14T18:55:25.449+0000] {spark_submit.py:579} INFO - "metadata" : { }
[2024-09-14T18:55:25.451+0000] {spark_submit.py:579} INFO - }, {
[2024-09-14T18:55:25.456+0000] {spark_submit.py:579} INFO - "name" : "average_price",
[2024-09-14T18:55:25.458+0000] {spark_submit.py:579} INFO - "type" : "double",
[2024-09-14T18:55:25.459+0000] {spark_submit.py:579} INFO - "nullable" : true,
[2024-09-14T18:55:25.460+0000] {spark_submit.py:579} INFO - "metadata" : { }
[2024-09-14T18:55:25.461+0000] {spark_submit.py:579} INFO - }, {
[2024-09-14T18:55:25.463+0000] {spark_submit.py:579} INFO - "name" : "min_price",
[2024-09-14T18:55:25.464+0000] {spark_submit.py:579} INFO - "type" : "integer",
[2024-09-14T18:55:25.465+0000] {spark_submit.py:579} INFO - "nullable" : true,
[2024-09-14T18:55:25.466+0000] {spark_submit.py:579} INFO - "metadata" : { }
[2024-09-14T18:55:25.467+0000] {spark_submit.py:579} INFO - }, {
[2024-09-14T18:55:25.468+0000] {spark_submit.py:579} INFO - "name" : "max_price",
[2024-09-14T18:55:25.470+0000] {spark_submit.py:579} INFO - "type" : "integer",
[2024-09-14T18:55:25.471+0000] {spark_submit.py:579} INFO - "nullable" : true,
[2024-09-14T18:55:25.472+0000] {spark_submit.py:579} INFO - "metadata" : { }
[2024-09-14T18:55:25.473+0000] {spark_submit.py:579} INFO - }, {
[2024-09-14T18:55:25.474+0000] {spark_submit.py:579} INFO - "name" : "count",
[2024-09-14T18:55:25.475+0000] {spark_submit.py:579} INFO - "type" : "long",
[2024-09-14T18:55:25.476+0000] {spark_submit.py:579} INFO - "nullable" : false,
[2024-09-14T18:55:25.477+0000] {spark_submit.py:579} INFO - "metadata" : { }
[2024-09-14T18:55:25.479+0000] {spark_submit.py:579} INFO - } ]
[2024-09-14T18:55:25.480+0000] {spark_submit.py:579} INFO - }
[2024-09-14T18:55:25.481+0000] {spark_submit.py:579} INFO - and corresponding Parquet message type:
[2024-09-14T18:55:25.482+0000] {spark_submit.py:579} INFO - message spark_schema {
[2024-09-14T18:55:25.483+0000] {spark_submit.py:579} INFO - optional binary neighbourhood_group (STRING);
[2024-09-14T18:55:25.484+0000] {spark_submit.py:579} INFO - optional double average_price;
[2024-09-14T18:55:25.485+0000] {spark_submit.py:579} INFO - optional int32 min_price;
[2024-09-14T18:55:25.486+0000] {spark_submit.py:579} INFO - optional int32 max_price;
[2024-09-14T18:55:25.488+0000] {spark_submit.py:579} INFO - required int64 count;
[2024-09-14T18:55:25.489+0000] {spark_submit.py:579} INFO - }
[2024-09-14T18:55:25.490+0000] {spark_submit.py:579} INFO - 
[2024-09-14T18:55:25.491+0000] {spark_submit.py:579} INFO - 
[2024-09-14T18:55:25.603+0000] {spark_submit.py:579} INFO - 24/09/14 18:55:25 INFO CodecPool: Got brand-new compressor [.snappy]
[2024-09-14T18:55:27.468+0000] {spark_submit.py:579} INFO - 24/09/14 18:55:27 INFO FileOutputCommitter: Saved output of task 'attempt_202409141855247602325549199306577_0004_m_000000_5' to hdfs://namenode:9000/user/hive/warehouse/price_distribution/_temporary/0/task_202409141855247602325549199306577_0004_m_000000
[2024-09-14T18:55:27.479+0000] {spark_submit.py:579} INFO - 24/09/14 18:55:27 INFO SparkHadoopMapRedUtil: attempt_202409141855247602325549199306577_0004_m_000000_5: Committed. Elapsed time: 38 ms.
[2024-09-14T18:55:27.519+0000] {spark_submit.py:579} INFO - 24/09/14 18:55:27 INFO Executor: Finished task 0.0 in stage 4.0 (TID 5). 6236 bytes result sent to driver
[2024-09-14T18:55:27.526+0000] {spark_submit.py:579} INFO - 24/09/14 18:55:27 INFO TaskSetManager: Finished task 0.0 in stage 4.0 (TID 5) in 2416 ms on fb744bf0dc86 (executor driver) (1/1)
[2024-09-14T18:55:27.528+0000] {spark_submit.py:579} INFO - 24/09/14 18:55:27 INFO TaskSchedulerImpl: Removed TaskSet 4.0, whose tasks have all completed, from pool
[2024-09-14T18:55:27.535+0000] {spark_submit.py:579} INFO - 24/09/14 18:55:27 INFO DAGScheduler: ResultStage 4 (saveAsTable at NativeMethodAccessorImpl.java:0) finished in 2.501 s
[2024-09-14T18:55:27.536+0000] {spark_submit.py:579} INFO - 24/09/14 18:55:27 INFO DAGScheduler: Job 3 is finished. Cancelling potential speculative or zombie tasks for this job
[2024-09-14T18:55:27.538+0000] {spark_submit.py:579} INFO - 24/09/14 18:55:27 INFO TaskSchedulerImpl: Killing all running tasks in stage 4: Stage finished
[2024-09-14T18:55:27.539+0000] {spark_submit.py:579} INFO - 24/09/14 18:55:27 INFO DAGScheduler: Job 3 finished: saveAsTable at NativeMethodAccessorImpl.java:0, took 2.551802 s
[2024-09-14T18:55:27.541+0000] {spark_submit.py:579} INFO - 24/09/14 18:55:27 INFO FileFormatWriter: Start to commit write Job 412cadb2-df98-41dd-b1ca-0a362c730926.
[2024-09-14T18:55:27.643+0000] {spark_submit.py:579} INFO - 24/09/14 18:55:27 INFO FileFormatWriter: Write Job 412cadb2-df98-41dd-b1ca-0a362c730926 committed. Elapsed time: 100 ms.
[2024-09-14T18:55:27.656+0000] {spark_submit.py:579} INFO - 24/09/14 18:55:27 INFO FileFormatWriter: Finished processing stats for write job 412cadb2-df98-41dd-b1ca-0a362c730926.
[2024-09-14T18:55:27.700+0000] {spark_submit.py:579} INFO - 24/09/14 18:55:27 INFO InMemoryFileIndex: It took 10 ms to list leaf files for 1 paths.
[2024-09-14T18:55:27.850+0000] {spark_submit.py:579} INFO - 24/09/14 18:55:27 INFO HiveExternalCatalog: Persisting file based data source table `spark_catalog`.`default`.`price_distribution` into Hive metastore in Hive compatible format.
[2024-09-14T18:55:27.893+0000] {spark_submit.py:579} INFO - 24/09/14 18:55:27 INFO SQLStdHiveAccessController: Created SQLStdHiveAccessController for session context : HiveAuthzSessionContext [sessionString=61d74deb-62f4-421d-8586-bae0afa3e1f1, clientType=HIVECLI]
[2024-09-14T18:55:27.898+0000] {spark_submit.py:579} INFO - 24/09/14 18:55:27 WARN SessionState: METASTORE_FILTER_HOOK will be ignored, since hive.security.authorization.manager is set to instance of HiveAuthorizerFactory.
[2024-09-14T18:55:27.900+0000] {spark_submit.py:579} INFO - 24/09/14 18:55:27 INFO metastore: Mestastore configuration hive.metastore.filter.hook changed from org.apache.hadoop.hive.metastore.DefaultMetaStoreFilterHookImpl to org.apache.hadoop.hive.ql.security.authorization.plugin.AuthorizationMetaStoreFilterHook
[2024-09-14T18:55:27.909+0000] {spark_submit.py:579} INFO - 24/09/14 18:55:27 INFO metastore: Closed a connection to metastore, current connections: 0
[2024-09-14T18:55:27.914+0000] {spark_submit.py:579} INFO - 24/09/14 18:55:27 INFO metastore: Trying to connect to metastore with URI thrift://hive-metastore:9083
[2024-09-14T18:55:27.916+0000] {spark_submit.py:579} INFO - 24/09/14 18:55:27 INFO metastore: Opened a connection to metastore, current connections: 1
[2024-09-14T18:55:27.921+0000] {spark_submit.py:579} INFO - 24/09/14 18:55:27 INFO metastore: Connected to metastore.
[2024-09-14T18:55:28.137+0000] {spark_submit.py:579} INFO - 24/09/14 18:55:28 INFO metastore: Trying to connect to metastore with URI thrift://hive-metastore:9083
[2024-09-14T18:55:28.138+0000] {spark_submit.py:579} INFO - 24/09/14 18:55:28 INFO metastore: Opened a connection to metastore, current connections: 2
[2024-09-14T18:55:28.141+0000] {spark_submit.py:579} INFO - 24/09/14 18:55:28 INFO metastore: Connected to metastore.
[2024-09-14T18:55:29.419+0000] {spark_submit.py:579} INFO - Таблица price_distribution успешно загружена в Hive!
[2024-09-14T18:55:29.651+0000] {spark_submit.py:579} INFO - Успешно создана таблица processed_airbnb_data!
[2024-09-14T18:55:30.087+0000] {spark_submit.py:579} INFO - 24/09/14 18:55:30 INFO FileSourceStrategy: Pushed Filters:
[2024-09-14T18:55:30.088+0000] {spark_submit.py:579} INFO - 24/09/14 18:55:30 INFO FileSourceStrategy: Post-Scan Filters: atleastnnonnulls(10, neighbourhood_group#25, neighbourhood#26, latitude#27, longitude#28, room_type#29, price#30, minimum_nights#31, number_of_reviews#32, calculated_host_listings_count#35, availability_365#36)
[2024-09-14T18:55:30.107+0000] {spark_submit.py:579} INFO - 24/09/14 18:55:30 INFO FileUtils: Creating directory if it doesn't exist: hdfs://namenode:9000/user/hive/warehouse/processed_airbnb_data/.hive-staging_hive_2024-09-14_18-55-29_892_2288804021316393191-1
[2024-09-14T18:55:30.411+0000] {spark_submit.py:579} INFO - 24/09/14 18:55:30 INFO FileOutputCommitter: File Output Committer Algorithm version is 1
[2024-09-14T18:55:30.412+0000] {spark_submit.py:579} INFO - 24/09/14 18:55:30 INFO FileOutputCommitter: FileOutputCommitter skip cleanup _temporary folders under output directory:false, ignore cleanup failures: false
[2024-09-14T18:55:30.413+0000] {spark_submit.py:579} INFO - 24/09/14 18:55:30 INFO SQLHadoopMapReduceCommitProtocol: Using output committer class org.apache.hadoop.mapreduce.lib.output.FileOutputCommitter
[2024-09-14T18:55:30.465+0000] {spark_submit.py:579} INFO - 24/09/14 18:55:30 INFO BlockManagerInfo: Removed broadcast_5_piece0 on fb744bf0dc86:44841 in memory (size: 95.9 KiB, free: 434.3 MiB)
[2024-09-14T18:55:30.534+0000] {spark_submit.py:579} INFO - 24/09/14 18:55:30 INFO CodeGenerator: Code generated in 94.697988 ms
[2024-09-14T18:55:30.544+0000] {spark_submit.py:579} INFO - 24/09/14 18:55:30 INFO MemoryStore: Block broadcast_6 stored as values in memory (estimated size 200.1 KiB, free 433.6 MiB)
[2024-09-14T18:55:30.578+0000] {spark_submit.py:579} INFO - 24/09/14 18:55:30 INFO MemoryStore: Block broadcast_6_piece0 stored as bytes in memory (estimated size 34.5 KiB, free 433.6 MiB)
[2024-09-14T18:55:30.585+0000] {spark_submit.py:579} INFO - 24/09/14 18:55:30 INFO BlockManagerInfo: Added broadcast_6_piece0 in memory on fb744bf0dc86:44841 (size: 34.5 KiB, free: 434.3 MiB)
[2024-09-14T18:55:30.587+0000] {spark_submit.py:579} INFO - 24/09/14 18:55:30 INFO SparkContext: Created broadcast 6 from insertInto at NativeMethodAccessorImpl.java:0
[2024-09-14T18:55:30.592+0000] {spark_submit.py:579} INFO - 24/09/14 18:55:30 INFO FileSourceScanExec: Planning scan with bin packing, max size: 4194304 bytes, open cost is considered as scanning 4194304 bytes.
[2024-09-14T18:55:30.618+0000] {spark_submit.py:579} INFO - 24/09/14 18:55:30 INFO SparkContext: Starting job: insertInto at NativeMethodAccessorImpl.java:0
[2024-09-14T18:55:30.620+0000] {spark_submit.py:579} INFO - 24/09/14 18:55:30 INFO DAGScheduler: Got job 4 (insertInto at NativeMethodAccessorImpl.java:0) with 2 output partitions
[2024-09-14T18:55:30.621+0000] {spark_submit.py:579} INFO - 24/09/14 18:55:30 INFO DAGScheduler: Final stage: ResultStage 5 (insertInto at NativeMethodAccessorImpl.java:0)
[2024-09-14T18:55:30.622+0000] {spark_submit.py:579} INFO - 24/09/14 18:55:30 INFO DAGScheduler: Parents of final stage: List()
[2024-09-14T18:55:30.623+0000] {spark_submit.py:579} INFO - 24/09/14 18:55:30 INFO DAGScheduler: Missing parents: List()
[2024-09-14T18:55:30.624+0000] {spark_submit.py:579} INFO - 24/09/14 18:55:30 INFO DAGScheduler: Submitting ResultStage 5 (MapPartitionsRDD[21] at insertInto at NativeMethodAccessorImpl.java:0), which has no missing parents
[2024-09-14T18:55:30.702+0000] {spark_submit.py:579} INFO - 24/09/14 18:55:30 INFO MemoryStore: Block broadcast_7 stored as values in memory (estimated size 330.4 KiB, free 433.3 MiB)
[2024-09-14T18:55:30.715+0000] {spark_submit.py:579} INFO - 24/09/14 18:55:30 INFO MemoryStore: Block broadcast_7_piece0 stored as bytes in memory (estimated size 118.2 KiB, free 433.2 MiB)
[2024-09-14T18:55:30.717+0000] {spark_submit.py:579} INFO - 24/09/14 18:55:30 INFO BlockManagerInfo: Added broadcast_7_piece0 in memory on fb744bf0dc86:44841 (size: 118.2 KiB, free: 434.2 MiB)
[2024-09-14T18:55:30.718+0000] {spark_submit.py:579} INFO - 24/09/14 18:55:30 INFO SparkContext: Created broadcast 7 from broadcast at DAGScheduler.scala:1585
[2024-09-14T18:55:30.720+0000] {spark_submit.py:579} INFO - 24/09/14 18:55:30 INFO DAGScheduler: Submitting 2 missing tasks from ResultStage 5 (MapPartitionsRDD[21] at insertInto at NativeMethodAccessorImpl.java:0) (first 15 tasks are for partitions Vector(0, 1))
[2024-09-14T18:55:30.721+0000] {spark_submit.py:579} INFO - 24/09/14 18:55:30 INFO TaskSchedulerImpl: Adding task set 5.0 with 2 tasks resource profile 0
[2024-09-14T18:55:30.723+0000] {spark_submit.py:579} INFO - 24/09/14 18:55:30 INFO TaskSetManager: Starting task 0.0 in stage 5.0 (TID 6) (fb744bf0dc86, executor driver, partition 0, PROCESS_LOCAL, 9601 bytes)
[2024-09-14T18:55:30.726+0000] {spark_submit.py:579} INFO - 24/09/14 18:55:30 INFO TaskSetManager: Starting task 1.0 in stage 5.0 (TID 7) (fb744bf0dc86, executor driver, partition 1, PROCESS_LOCAL, 9601 bytes)
[2024-09-14T18:55:30.728+0000] {spark_submit.py:579} INFO - 24/09/14 18:55:30 INFO Executor: Running task 0.0 in stage 5.0 (TID 6)
[2024-09-14T18:55:30.729+0000] {spark_submit.py:579} INFO - 24/09/14 18:55:30 INFO Executor: Running task 1.0 in stage 5.0 (TID 7)
[2024-09-14T18:55:30.837+0000] {spark_submit.py:579} INFO - 24/09/14 18:55:30 INFO CodeGenerator: Code generated in 69.809328 ms
[2024-09-14T18:55:30.845+0000] {spark_submit.py:579} INFO - 24/09/14 18:55:30 INFO FileOutputCommitter: File Output Committer Algorithm version is 1
[2024-09-14T18:55:30.847+0000] {spark_submit.py:579} INFO - 24/09/14 18:55:30 INFO FileOutputCommitter: FileOutputCommitter skip cleanup _temporary folders under output directory:false, ignore cleanup failures: false
[2024-09-14T18:55:30.850+0000] {spark_submit.py:579} INFO - 24/09/14 18:55:30 INFO SQLHadoopMapReduceCommitProtocol: Using output committer class org.apache.hadoop.mapreduce.lib.output.FileOutputCommitter
[2024-09-14T18:55:30.859+0000] {spark_submit.py:579} INFO - 24/09/14 18:55:30 INFO FileOutputCommitter: File Output Committer Algorithm version is 1
[2024-09-14T18:55:30.866+0000] {spark_submit.py:579} INFO - 24/09/14 18:55:30 INFO FileOutputCommitter: FileOutputCommitter skip cleanup _temporary folders under output directory:false, ignore cleanup failures: false
[2024-09-14T18:55:30.869+0000] {spark_submit.py:579} INFO - 24/09/14 18:55:30 INFO SQLHadoopMapReduceCommitProtocol: Using output committer class org.apache.hadoop.mapreduce.lib.output.FileOutputCommitter
[2024-09-14T18:55:30.870+0000] {spark_submit.py:579} INFO - 24/09/14 18:55:30 INFO FileScanRDD: Reading File path: file:///opt/***/datasets/Airbnb.csv, range: 4194304-7081245, partition values: [empty row]
[2024-09-14T18:55:31.208+0000] {spark_submit.py:579} INFO - 24/09/14 18:55:31 INFO FileScanRDD: Reading File path: file:///opt/***/datasets/Airbnb.csv, range: 0-4194304, partition values: [empty row]
[2024-09-14T18:55:32.399+0000] {spark_submit.py:579} INFO - 24/09/14 18:55:32 INFO FileOutputCommitter: Saved output of task 'attempt_202409141855304560988051500635862_0005_m_000000_6' to hdfs://namenode:9000/user/hive/warehouse/processed_airbnb_data/.hive-staging_hive_2024-09-14_18-55-29_892_2288804021316393191-1/-ext-10000/_temporary/0/task_202409141855304560988051500635862_0005_m_000000
[2024-09-14T18:55:32.400+0000] {spark_submit.py:579} INFO - 24/09/14 18:55:32 INFO SparkHadoopMapRedUtil: attempt_202409141855304560988051500635862_0005_m_000000_6: Committed. Elapsed time: 17 ms.
[2024-09-14T18:55:32.405+0000] {spark_submit.py:579} INFO - 24/09/14 18:55:32 INFO Executor: Finished task 0.0 in stage 5.0 (TID 6). 2626 bytes result sent to driver
[2024-09-14T18:55:32.411+0000] {spark_submit.py:579} INFO - 24/09/14 18:55:32 INFO TaskSetManager: Finished task 0.0 in stage 5.0 (TID 6) in 1688 ms on fb744bf0dc86 (executor driver) (1/2)
[2024-09-14T18:55:32.653+0000] {spark_submit.py:579} INFO - 24/09/14 18:55:32 INFO FileOutputCommitter: Saved output of task 'attempt_202409141855304560988051500635862_0005_m_000001_7' to hdfs://namenode:9000/user/hive/warehouse/processed_airbnb_data/.hive-staging_hive_2024-09-14_18-55-29_892_2288804021316393191-1/-ext-10000/_temporary/0/task_202409141855304560988051500635862_0005_m_000001
[2024-09-14T18:55:32.655+0000] {spark_submit.py:579} INFO - 24/09/14 18:55:32 INFO SparkHadoopMapRedUtil: attempt_202409141855304560988051500635862_0005_m_000001_7: Committed. Elapsed time: 18 ms.
[2024-09-14T18:55:32.658+0000] {spark_submit.py:579} INFO - 24/09/14 18:55:32 INFO Executor: Finished task 1.0 in stage 5.0 (TID 7). 2626 bytes result sent to driver
[2024-09-14T18:55:32.661+0000] {spark_submit.py:579} INFO - 24/09/14 18:55:32 INFO TaskSetManager: Finished task 1.0 in stage 5.0 (TID 7) in 1936 ms on fb744bf0dc86 (executor driver) (2/2)
[2024-09-14T18:55:32.662+0000] {spark_submit.py:579} INFO - 24/09/14 18:55:32 INFO TaskSchedulerImpl: Removed TaskSet 5.0, whose tasks have all completed, from pool
[2024-09-14T18:55:32.667+0000] {spark_submit.py:579} INFO - 24/09/14 18:55:32 INFO DAGScheduler: ResultStage 5 (insertInto at NativeMethodAccessorImpl.java:0) finished in 2.040 s
[2024-09-14T18:55:32.668+0000] {spark_submit.py:579} INFO - 24/09/14 18:55:32 INFO DAGScheduler: Job 4 is finished. Cancelling potential speculative or zombie tasks for this job
[2024-09-14T18:55:32.670+0000] {spark_submit.py:579} INFO - 24/09/14 18:55:32 INFO TaskSchedulerImpl: Killing all running tasks in stage 5: Stage finished
[2024-09-14T18:55:32.671+0000] {spark_submit.py:579} INFO - 24/09/14 18:55:32 INFO DAGScheduler: Job 4 finished: insertInto at NativeMethodAccessorImpl.java:0, took 2.051019 s
[2024-09-14T18:55:32.673+0000] {spark_submit.py:579} INFO - 24/09/14 18:55:32 INFO FileFormatWriter: Start to commit write Job 04b396fc-4523-477c-9551-4420689eff2e.
[2024-09-14T18:55:32.734+0000] {spark_submit.py:579} INFO - 24/09/14 18:55:32 INFO FileFormatWriter: Write Job 04b396fc-4523-477c-9551-4420689eff2e committed. Elapsed time: 62 ms.
[2024-09-14T18:55:32.736+0000] {spark_submit.py:579} INFO - 24/09/14 18:55:32 INFO FileFormatWriter: Finished processing stats for write job 04b396fc-4523-477c-9551-4420689eff2e.
[2024-09-14T18:55:32.988+0000] {spark_submit.py:579} INFO - 24/09/14 18:55:32 INFO FileUtils: Creating directory if it doesn't exist: hdfs://namenode:9000/user/hive/warehouse/processed_airbnb_data
[2024-09-14T18:55:33.834+0000] {spark_submit.py:579} INFO - Данные успешно записаны в таблицу processed_airbnb_data
[2024-09-14T18:55:34.024+0000] {spark_submit.py:579} INFO - 24/09/14 18:55:34 INFO SparkContext: Invoking stop() from shutdown hook
[2024-09-14T18:55:34.026+0000] {spark_submit.py:579} INFO - 24/09/14 18:55:34 INFO SparkContext: SparkContext is stopping with exitCode 0.
[2024-09-14T18:55:34.066+0000] {spark_submit.py:579} INFO - 24/09/14 18:55:34 INFO SparkUI: Stopped Spark web UI at http://fb744bf0dc86:4040
[2024-09-14T18:55:34.105+0000] {spark_submit.py:579} INFO - 24/09/14 18:55:34 INFO MapOutputTrackerMasterEndpoint: MapOutputTrackerMasterEndpoint stopped!
[2024-09-14T18:55:34.224+0000] {spark_submit.py:579} INFO - 24/09/14 18:55:34 INFO MemoryStore: MemoryStore cleared
[2024-09-14T18:55:34.226+0000] {spark_submit.py:579} INFO - 24/09/14 18:55:34 INFO BlockManager: BlockManager stopped
[2024-09-14T18:55:34.232+0000] {spark_submit.py:579} INFO - 24/09/14 18:55:34 INFO BlockManagerMaster: BlockManagerMaster stopped
[2024-09-14T18:55:34.238+0000] {spark_submit.py:579} INFO - 24/09/14 18:55:34 INFO OutputCommitCoordinator$OutputCommitCoordinatorEndpoint: OutputCommitCoordinator stopped!
[2024-09-14T18:55:34.261+0000] {spark_submit.py:579} INFO - 24/09/14 18:55:34 INFO SparkContext: Successfully stopped SparkContext
[2024-09-14T18:55:34.262+0000] {spark_submit.py:579} INFO - 24/09/14 18:55:34 INFO ShutdownHookManager: Shutdown hook called
[2024-09-14T18:55:34.263+0000] {spark_submit.py:579} INFO - 24/09/14 18:55:34 INFO ShutdownHookManager: Deleting directory /tmp/spark-032af8b1-bce2-4902-bbc8-08ffefeaf7ab
[2024-09-14T18:55:34.276+0000] {spark_submit.py:579} INFO - 24/09/14 18:55:34 INFO ShutdownHookManager: Deleting directory /tmp/spark-67df8b76-fb83-4e3e-aafe-54bd4e0b8914
[2024-09-14T18:55:34.287+0000] {spark_submit.py:579} INFO - 24/09/14 18:55:34 INFO ShutdownHookManager: Deleting directory /tmp/spark-67df8b76-fb83-4e3e-aafe-54bd4e0b8914/pyspark-9aae85db-db59-45d8-b3d7-669ab85db89f
[2024-09-14T18:55:34.499+0000] {taskinstance.py:340} INFO - ::group::Post task execution logs
[2024-09-14T18:55:34.502+0000] {taskinstance.py:352} INFO - Marking task as SUCCESS. dag_id=airbnb_model, task_id=data_analysis, run_id=manual__2024-09-14T17:50:30.952450+00:00, execution_date=20240914T175030, start_date=20240914T185437, end_date=20240914T185534
[2024-09-14T18:55:34.599+0000] {local_task_job_runner.py:266} INFO - Task exited with return code 0
[2024-09-14T18:55:34.692+0000] {taskinstance.py:3900} INFO - 1 downstream tasks scheduled from follow-on schedule check
[2024-09-14T18:55:34.697+0000] {local_task_job_runner.py:245} INFO - ::endgroup::
