[2024-09-14T18:23:07.121+0000] {local_task_job_runner.py:123} INFO - ::group::Pre task execution logs
[2024-09-14T18:23:07.159+0000] {taskinstance.py:2612} INFO - Dependencies all met for dep_context=non-requeueable deps ti=<TaskInstance: airbnb_model.data_analysis manual__2024-09-14T17:50:30.952450+00:00 [queued]>
[2024-09-14T18:23:07.180+0000] {taskinstance.py:2612} INFO - Dependencies all met for dep_context=requeueable deps ti=<TaskInstance: airbnb_model.data_analysis manual__2024-09-14T17:50:30.952450+00:00 [queued]>
[2024-09-14T18:23:07.180+0000] {taskinstance.py:2865} INFO - Starting attempt 4 of 7
[2024-09-14T18:23:07.211+0000] {taskinstance.py:2888} INFO - Executing <Task(SparkSubmitOperator): data_analysis> on 2024-09-14 17:50:30.952450+00:00
[2024-09-14T18:23:07.228+0000] {standard_task_runner.py:104} INFO - Running: ['***', 'tasks', 'run', 'airbnb_model', 'data_analysis', 'manual__2024-09-14T17:50:30.952450+00:00', '--job-id', '672', '--raw', '--subdir', 'DAGS_FOLDER/air_price_pred_dag.py', '--cfg-path', '/tmp/tmpkbmxg7yu']
[2024-09-14T18:23:07.232+0000] {standard_task_runner.py:105} INFO - Job 672: Subtask data_analysis
[2024-09-14T18:23:07.235+0000] {logging_mixin.py:190} WARNING - /home/***/.local/lib/python3.12/site-packages/***/task/task_runner/standard_task_runner.py:70 DeprecationWarning: This process (pid=5360) is multi-threaded, use of fork() may lead to deadlocks in the child.
[2024-09-14T18:23:07.236+0000] {standard_task_runner.py:72} INFO - Started process 5361 to run task
[2024-09-14T18:23:07.307+0000] {task_command.py:467} INFO - Running <TaskInstance: airbnb_model.data_analysis manual__2024-09-14T17:50:30.952450+00:00 [running]> on host fb744bf0dc86
[2024-09-14T18:23:07.476+0000] {taskinstance.py:3131} INFO - Exporting env vars: AIRFLOW_CTX_DAG_OWNER='Denis' AIRFLOW_CTX_DAG_ID='airbnb_model' AIRFLOW_CTX_TASK_ID='data_analysis' AIRFLOW_CTX_EXECUTION_DATE='2024-09-14T17:50:30.952450+00:00' AIRFLOW_CTX_TRY_NUMBER='4' AIRFLOW_CTX_DAG_RUN_ID='manual__2024-09-14T17:50:30.952450+00:00'
[2024-09-14T18:23:07.478+0000] {taskinstance.py:731} INFO - ::endgroup::
[2024-09-14T18:23:07.559+0000] {base.py:84} INFO - Retrieving connection 'spark_default'
[2024-09-14T18:23:07.562+0000] {spark_submit.py:403} INFO - Spark-Submit cmd: spark-submit --master spark://spark-master:7077 --conf spark.master=spark://spark-master:7077 --name arrow-spark --verbose --deploy-mode client /opt/***/dags/air_data_analysis.py
[2024-09-14T18:23:11.643+0000] {spark_submit.py:579} INFO - Using properties file: null
[2024-09-14T18:23:11.874+0000] {spark_submit.py:579} INFO - Parsed arguments:
[2024-09-14T18:23:11.875+0000] {spark_submit.py:579} INFO - master                  spark://spark-master:7077
[2024-09-14T18:23:11.876+0000] {spark_submit.py:579} INFO - remote                  null
[2024-09-14T18:23:11.877+0000] {spark_submit.py:579} INFO - deployMode              client
[2024-09-14T18:23:11.879+0000] {spark_submit.py:579} INFO - executorMemory          null
[2024-09-14T18:23:11.880+0000] {spark_submit.py:579} INFO - executorCores           null
[2024-09-14T18:23:11.880+0000] {spark_submit.py:579} INFO - totalExecutorCores      null
[2024-09-14T18:23:11.881+0000] {spark_submit.py:579} INFO - propertiesFile          null
[2024-09-14T18:23:11.882+0000] {spark_submit.py:579} INFO - driverMemory            null
[2024-09-14T18:23:11.883+0000] {spark_submit.py:579} INFO - driverCores             null
[2024-09-14T18:23:11.884+0000] {spark_submit.py:579} INFO - driverExtraClassPath    null
[2024-09-14T18:23:11.885+0000] {spark_submit.py:579} INFO - driverExtraLibraryPath  null
[2024-09-14T18:23:11.886+0000] {spark_submit.py:579} INFO - driverExtraJavaOptions  null
[2024-09-14T18:23:11.887+0000] {spark_submit.py:579} INFO - supervise               false
[2024-09-14T18:23:11.888+0000] {spark_submit.py:579} INFO - queue                   null
[2024-09-14T18:23:11.889+0000] {spark_submit.py:579} INFO - numExecutors            null
[2024-09-14T18:23:11.890+0000] {spark_submit.py:579} INFO - files                   null
[2024-09-14T18:23:11.890+0000] {spark_submit.py:579} INFO - pyFiles                 null
[2024-09-14T18:23:11.891+0000] {spark_submit.py:579} INFO - archives                null
[2024-09-14T18:23:11.892+0000] {spark_submit.py:579} INFO - mainClass               null
[2024-09-14T18:23:11.893+0000] {spark_submit.py:579} INFO - primaryResource         file:/opt/***/dags/air_data_analysis.py
[2024-09-14T18:23:11.895+0000] {spark_submit.py:579} INFO - name                    arrow-spark
[2024-09-14T18:23:11.896+0000] {spark_submit.py:579} INFO - childArgs               []
[2024-09-14T18:23:11.897+0000] {spark_submit.py:579} INFO - jars                    null
[2024-09-14T18:23:11.898+0000] {spark_submit.py:579} INFO - packages                null
[2024-09-14T18:23:11.899+0000] {spark_submit.py:579} INFO - packagesExclusions      null
[2024-09-14T18:23:11.900+0000] {spark_submit.py:579} INFO - repositories            null
[2024-09-14T18:23:11.901+0000] {spark_submit.py:579} INFO - verbose                 true
[2024-09-14T18:23:11.902+0000] {spark_submit.py:579} INFO - 
[2024-09-14T18:23:11.903+0000] {spark_submit.py:579} INFO - Spark properties used, including those specified through
[2024-09-14T18:23:11.904+0000] {spark_submit.py:579} INFO - --conf and those from the properties file null:
[2024-09-14T18:23:11.905+0000] {spark_submit.py:579} INFO - (spark.master,spark://spark-master:7077)
[2024-09-14T18:23:11.906+0000] {spark_submit.py:579} INFO - 
[2024-09-14T18:23:11.907+0000] {spark_submit.py:579} INFO - 
[2024-09-14T18:23:12.987+0000] {spark_submit.py:579} INFO - Main class:
[2024-09-14T18:23:12.989+0000] {spark_submit.py:579} INFO - org.apache.spark.deploy.PythonRunner
[2024-09-14T18:23:12.990+0000] {spark_submit.py:579} INFO - Arguments:
[2024-09-14T18:23:12.992+0000] {spark_submit.py:579} INFO - file:/opt/***/dags/air_data_analysis.py
[2024-09-14T18:23:12.994+0000] {spark_submit.py:579} INFO - null
[2024-09-14T18:23:12.998+0000] {spark_submit.py:579} INFO - Spark config:
[2024-09-14T18:23:13.000+0000] {spark_submit.py:579} INFO - (spark.app.name,arrow-spark)
[2024-09-14T18:23:13.001+0000] {spark_submit.py:579} INFO - (spark.app.submitTime,1726338192931)
[2024-09-14T18:23:13.002+0000] {spark_submit.py:579} INFO - (spark.master,spark://spark-master:7077)
[2024-09-14T18:23:13.003+0000] {spark_submit.py:579} INFO - (spark.submit.deployMode,client)
[2024-09-14T18:23:13.006+0000] {spark_submit.py:579} INFO - (spark.submit.pyFiles,)
[2024-09-14T18:23:13.008+0000] {spark_submit.py:579} INFO - Classpath elements:
[2024-09-14T18:23:13.011+0000] {spark_submit.py:579} INFO - 
[2024-09-14T18:23:13.012+0000] {spark_submit.py:579} INFO - 
[2024-09-14T18:23:13.013+0000] {spark_submit.py:579} INFO - 
[2024-09-14T18:23:18.237+0000] {spark_submit.py:579} INFO - 24/09/14 18:23:18 INFO SparkContext: Running Spark version 3.5.2
[2024-09-14T18:23:18.242+0000] {spark_submit.py:579} INFO - 24/09/14 18:23:18 INFO SparkContext: OS info Linux, 5.15.153.1-microsoft-standard-WSL2, amd64
[2024-09-14T18:23:18.243+0000] {spark_submit.py:579} INFO - 24/09/14 18:23:18 INFO SparkContext: Java version 17.0.12
[2024-09-14T18:23:18.408+0000] {spark_submit.py:579} INFO - 24/09/14 18:23:18 WARN NativeCodeLoader: Unable to load native-hadoop library for your platform... using builtin-java classes where applicable
[2024-09-14T18:23:18.680+0000] {spark_submit.py:579} INFO - 24/09/14 18:23:18 INFO ResourceUtils: ==============================================================
[2024-09-14T18:23:18.682+0000] {spark_submit.py:579} INFO - 24/09/14 18:23:18 INFO ResourceUtils: No custom resources configured for spark.driver.
[2024-09-14T18:23:18.683+0000] {spark_submit.py:579} INFO - 24/09/14 18:23:18 INFO ResourceUtils: ==============================================================
[2024-09-14T18:23:18.684+0000] {spark_submit.py:579} INFO - 24/09/14 18:23:18 INFO SparkContext: Submitted application: Airbnb_regr_model
[2024-09-14T18:23:18.757+0000] {spark_submit.py:579} INFO - 24/09/14 18:23:18 INFO ResourceProfile: Default ResourceProfile created, executor resources: Map(cores -> name: cores, amount: 1, script: , vendor: , memory -> name: memory, amount: 1024, script: , vendor: , offHeap -> name: offHeap, amount: 0, script: , vendor: ), task resources: Map(cpus -> name: cpus, amount: 1.0)
[2024-09-14T18:23:18.782+0000] {spark_submit.py:579} INFO - 24/09/14 18:23:18 INFO ResourceProfile: Limiting resource is cpu
[2024-09-14T18:23:18.785+0000] {spark_submit.py:579} INFO - 24/09/14 18:23:18 INFO ResourceProfileManager: Added ResourceProfile id: 0
[2024-09-14T18:23:18.999+0000] {spark_submit.py:579} INFO - 24/09/14 18:23:18 INFO SecurityManager: Changing view acls to: ***
[2024-09-14T18:23:19.001+0000] {spark_submit.py:579} INFO - 24/09/14 18:23:19 INFO SecurityManager: Changing modify acls to: ***
[2024-09-14T18:23:19.003+0000] {spark_submit.py:579} INFO - 24/09/14 18:23:19 INFO SecurityManager: Changing view acls groups to:
[2024-09-14T18:23:19.006+0000] {spark_submit.py:579} INFO - 24/09/14 18:23:19 INFO SecurityManager: Changing modify acls groups to:
[2024-09-14T18:23:19.008+0000] {spark_submit.py:579} INFO - 24/09/14 18:23:19 INFO SecurityManager: SecurityManager: authentication disabled; ui acls disabled; users with view permissions: ***; groups with view permissions: EMPTY; users with modify permissions: ***; groups with modify permissions: EMPTY
[2024-09-14T18:23:19.587+0000] {spark_submit.py:579} INFO - 24/09/14 18:23:19 INFO Utils: Successfully started service 'sparkDriver' on port 34365.
[2024-09-14T18:23:19.717+0000] {spark_submit.py:579} INFO - 24/09/14 18:23:19 INFO SparkEnv: Registering MapOutputTracker
[2024-09-14T18:23:19.846+0000] {spark_submit.py:579} INFO - 24/09/14 18:23:19 INFO SparkEnv: Registering BlockManagerMaster
[2024-09-14T18:23:19.962+0000] {spark_submit.py:579} INFO - 24/09/14 18:23:19 INFO BlockManagerMasterEndpoint: Using org.apache.spark.storage.DefaultTopologyMapper for getting topology information
[2024-09-14T18:23:19.965+0000] {spark_submit.py:579} INFO - 24/09/14 18:23:19 INFO BlockManagerMasterEndpoint: BlockManagerMasterEndpoint up
[2024-09-14T18:23:19.983+0000] {spark_submit.py:579} INFO - 24/09/14 18:23:19 INFO SparkEnv: Registering BlockManagerMasterHeartbeat
[2024-09-14T18:23:20.066+0000] {spark_submit.py:579} INFO - 24/09/14 18:23:20 INFO DiskBlockManager: Created local directory at /tmp/blockmgr-1d1d1ce6-c78b-4b81-a97c-409d0204b93f
[2024-09-14T18:23:20.110+0000] {spark_submit.py:579} INFO - 24/09/14 18:23:20 INFO MemoryStore: MemoryStore started with capacity 434.4 MiB
[2024-09-14T18:23:20.163+0000] {spark_submit.py:579} INFO - 24/09/14 18:23:20 INFO SparkEnv: Registering OutputCommitCoordinator
[2024-09-14T18:23:20.664+0000] {spark_submit.py:579} INFO - 24/09/14 18:23:20 INFO JettyUtils: Start Jetty 0.0.0.0:4040 for SparkUI
[2024-09-14T18:23:20.794+0000] {spark_submit.py:579} INFO - 24/09/14 18:23:20 INFO Utils: Successfully started service 'SparkUI' on port 4040.
[2024-09-14T18:23:20.991+0000] {spark_submit.py:579} INFO - 24/09/14 18:23:20 INFO Executor: Starting executor ID driver on host fb744bf0dc86
[2024-09-14T18:23:20.993+0000] {spark_submit.py:579} INFO - 24/09/14 18:23:20 INFO Executor: OS info Linux, 5.15.153.1-microsoft-standard-WSL2, amd64
[2024-09-14T18:23:20.994+0000] {spark_submit.py:579} INFO - 24/09/14 18:23:20 INFO Executor: Java version 17.0.12
[2024-09-14T18:23:21.011+0000] {spark_submit.py:579} INFO - 24/09/14 18:23:21 INFO Executor: Starting executor with user classpath (userClassPathFirst = false): ''
[2024-09-14T18:23:21.013+0000] {spark_submit.py:579} INFO - 24/09/14 18:23:21 INFO Executor: Created or updated repl class loader org.apache.spark.util.MutableURLClassLoader@2b2d567f for default.
[2024-09-14T18:23:21.054+0000] {spark_submit.py:579} INFO - 24/09/14 18:23:21 INFO Utils: Successfully started service 'org.apache.spark.network.netty.NettyBlockTransferService' on port 39111.
[2024-09-14T18:23:21.056+0000] {spark_submit.py:579} INFO - 24/09/14 18:23:21 INFO NettyBlockTransferService: Server created on fb744bf0dc86:39111
[2024-09-14T18:23:21.059+0000] {spark_submit.py:579} INFO - 24/09/14 18:23:21 INFO BlockManager: Using org.apache.spark.storage.RandomBlockReplicationPolicy for block replication policy
[2024-09-14T18:23:21.069+0000] {spark_submit.py:579} INFO - 24/09/14 18:23:21 INFO BlockManagerMaster: Registering BlockManager BlockManagerId(driver, fb744bf0dc86, 39111, None)
[2024-09-14T18:23:21.076+0000] {spark_submit.py:579} INFO - 24/09/14 18:23:21 INFO BlockManagerMasterEndpoint: Registering block manager fb744bf0dc86:39111 with 434.4 MiB RAM, BlockManagerId(driver, fb744bf0dc86, 39111, None)
[2024-09-14T18:23:21.080+0000] {spark_submit.py:579} INFO - 24/09/14 18:23:21 INFO BlockManagerMaster: Registered BlockManager BlockManagerId(driver, fb744bf0dc86, 39111, None)
[2024-09-14T18:23:21.082+0000] {spark_submit.py:579} INFO - 24/09/14 18:23:21 INFO BlockManager: Initialized BlockManager: BlockManagerId(driver, fb744bf0dc86, 39111, None)
[2024-09-14T18:23:22.082+0000] {spark_submit.py:579} INFO - 24/09/14 18:23:22 INFO SharedState: Setting hive.metastore.warehouse.dir ('null') to the value of spark.sql.warehouse.dir.
[2024-09-14T18:23:22.102+0000] {spark_submit.py:579} INFO - 24/09/14 18:23:22 INFO SharedState: Warehouse path is 'file:/user/hive/warehouse'.
[2024-09-14T18:23:24.109+0000] {spark_submit.py:579} INFO - 24/09/14 18:23:24 INFO InMemoryFileIndex: It took 83 ms to list leaf files for 1 paths.
[2024-09-14T18:23:24.235+0000] {spark_submit.py:579} INFO - 24/09/14 18:23:24 INFO InMemoryFileIndex: It took 3 ms to list leaf files for 1 paths.
[2024-09-14T18:23:27.914+0000] {spark_submit.py:579} INFO - 24/09/14 18:23:27 INFO FileSourceStrategy: Pushed Filters:
[2024-09-14T18:23:27.916+0000] {spark_submit.py:579} INFO - 24/09/14 18:23:27 INFO FileSourceStrategy: Post-Scan Filters:
[2024-09-14T18:23:28.378+0000] {spark_submit.py:579} INFO - 24/09/14 18:23:28 INFO MemoryStore: Block broadcast_0 stored as values in memory (estimated size 200.2 KiB, free 434.2 MiB)
[2024-09-14T18:23:28.508+0000] {spark_submit.py:579} INFO - 24/09/14 18:23:28 INFO MemoryStore: Block broadcast_0_piece0 stored as bytes in memory (estimated size 34.5 KiB, free 434.2 MiB)
[2024-09-14T18:23:28.516+0000] {spark_submit.py:579} INFO - 24/09/14 18:23:28 INFO BlockManagerInfo: Added broadcast_0_piece0 in memory on fb744bf0dc86:39111 (size: 34.5 KiB, free: 434.4 MiB)
[2024-09-14T18:23:28.527+0000] {spark_submit.py:579} INFO - 24/09/14 18:23:28 INFO SparkContext: Created broadcast 0 from csv at NativeMethodAccessorImpl.java:0
[2024-09-14T18:23:28.547+0000] {spark_submit.py:579} INFO - 24/09/14 18:23:28 INFO FileSourceScanExec: Planning scan with bin packing, max size: 4194304 bytes, open cost is considered as scanning 4194304 bytes.
[2024-09-14T18:23:29.672+0000] {spark_submit.py:579} INFO - 24/09/14 18:23:29 INFO CodeGenerator: Code generated in 331.208604 ms
[2024-09-14T18:23:29.797+0000] {spark_submit.py:579} INFO - 24/09/14 18:23:29 INFO SparkContext: Starting job: csv at NativeMethodAccessorImpl.java:0
[2024-09-14T18:23:29.841+0000] {spark_submit.py:579} INFO - 24/09/14 18:23:29 INFO DAGScheduler: Got job 0 (csv at NativeMethodAccessorImpl.java:0) with 1 output partitions
[2024-09-14T18:23:29.842+0000] {spark_submit.py:579} INFO - 24/09/14 18:23:29 INFO DAGScheduler: Final stage: ResultStage 0 (csv at NativeMethodAccessorImpl.java:0)
[2024-09-14T18:23:29.843+0000] {spark_submit.py:579} INFO - 24/09/14 18:23:29 INFO DAGScheduler: Parents of final stage: List()
[2024-09-14T18:23:29.847+0000] {spark_submit.py:579} INFO - 24/09/14 18:23:29 INFO DAGScheduler: Missing parents: List()
[2024-09-14T18:23:29.855+0000] {spark_submit.py:579} INFO - 24/09/14 18:23:29 INFO DAGScheduler: Submitting ResultStage 0 (MapPartitionsRDD[6] at csv at NativeMethodAccessorImpl.java:0), which has no missing parents
[2024-09-14T18:23:30.090+0000] {spark_submit.py:579} INFO - 24/09/14 18:23:30 INFO MemoryStore: Block broadcast_1 stored as values in memory (estimated size 19.1 KiB, free 434.2 MiB)
[2024-09-14T18:23:30.116+0000] {spark_submit.py:579} INFO - 24/09/14 18:23:30 INFO MemoryStore: Block broadcast_1_piece0 stored as bytes in memory (estimated size 8.3 KiB, free 434.1 MiB)
[2024-09-14T18:23:30.117+0000] {spark_submit.py:579} INFO - 24/09/14 18:23:30 INFO BlockManagerInfo: Added broadcast_1_piece0 in memory on fb744bf0dc86:39111 (size: 8.3 KiB, free: 434.4 MiB)
[2024-09-14T18:23:30.119+0000] {spark_submit.py:579} INFO - 24/09/14 18:23:30 INFO SparkContext: Created broadcast 1 from broadcast at DAGScheduler.scala:1585
[2024-09-14T18:23:30.159+0000] {spark_submit.py:579} INFO - 24/09/14 18:23:30 INFO DAGScheduler: Submitting 1 missing tasks from ResultStage 0 (MapPartitionsRDD[6] at csv at NativeMethodAccessorImpl.java:0) (first 15 tasks are for partitions Vector(0))
[2024-09-14T18:23:30.162+0000] {spark_submit.py:579} INFO - 24/09/14 18:23:30 INFO TaskSchedulerImpl: Adding task set 0.0 with 1 tasks resource profile 0
[2024-09-14T18:23:30.261+0000] {spark_submit.py:579} INFO - 24/09/14 18:23:30 INFO TaskSetManager: Starting task 0.0 in stage 0.0 (TID 0) (fb744bf0dc86, executor driver, partition 0, PROCESS_LOCAL, 9601 bytes)
[2024-09-14T18:23:30.293+0000] {spark_submit.py:579} INFO - 24/09/14 18:23:30 INFO Executor: Running task 0.0 in stage 0.0 (TID 0)
[2024-09-14T18:23:30.591+0000] {spark_submit.py:579} INFO - 24/09/14 18:23:30 INFO CodeGenerator: Code generated in 35.789426 ms
[2024-09-14T18:23:30.597+0000] {spark_submit.py:579} INFO - 24/09/14 18:23:30 INFO FileScanRDD: Reading File path: file:///opt/***/datasets/Airbnb.csv, range: 0-4194304, partition values: [empty row]
[2024-09-14T18:23:30.631+0000] {spark_submit.py:579} INFO - 24/09/14 18:23:30 INFO CodeGenerator: Code generated in 19.496266 ms
[2024-09-14T18:23:30.752+0000] {spark_submit.py:579} INFO - 24/09/14 18:23:30 INFO Executor: Finished task 0.0 in stage 0.0 (TID 0). 1851 bytes result sent to driver
[2024-09-14T18:23:30.775+0000] {spark_submit.py:579} INFO - 24/09/14 18:23:30 INFO TaskSetManager: Finished task 0.0 in stage 0.0 (TID 0) in 540 ms on fb744bf0dc86 (executor driver) (1/1)
[2024-09-14T18:23:30.779+0000] {spark_submit.py:579} INFO - 24/09/14 18:23:30 INFO TaskSchedulerImpl: Removed TaskSet 0.0, whose tasks have all completed, from pool
[2024-09-14T18:23:30.792+0000] {spark_submit.py:579} INFO - 24/09/14 18:23:30 INFO DAGScheduler: ResultStage 0 (csv at NativeMethodAccessorImpl.java:0) finished in 0.897 s
[2024-09-14T18:23:30.798+0000] {spark_submit.py:579} INFO - 24/09/14 18:23:30 INFO DAGScheduler: Job 0 is finished. Cancelling potential speculative or zombie tasks for this job
[2024-09-14T18:23:30.799+0000] {spark_submit.py:579} INFO - 24/09/14 18:23:30 INFO TaskSchedulerImpl: Killing all running tasks in stage 0: Stage finished
[2024-09-14T18:23:30.803+0000] {spark_submit.py:579} INFO - 24/09/14 18:23:30 INFO DAGScheduler: Job 0 finished: csv at NativeMethodAccessorImpl.java:0, took 1.004710 s
[2024-09-14T18:23:30.840+0000] {spark_submit.py:579} INFO - 24/09/14 18:23:30 INFO CodeGenerator: Code generated in 17.425278 ms
[2024-09-14T18:23:31.011+0000] {spark_submit.py:579} INFO - 24/09/14 18:23:31 INFO SparkContext: Starting job: csv at NativeMethodAccessorImpl.java:0
[2024-09-14T18:23:31.014+0000] {spark_submit.py:579} INFO - 24/09/14 18:23:31 INFO DAGScheduler: Got job 1 (csv at NativeMethodAccessorImpl.java:0) with 2 output partitions
[2024-09-14T18:23:31.015+0000] {spark_submit.py:579} INFO - 24/09/14 18:23:31 INFO DAGScheduler: Final stage: ResultStage 1 (csv at NativeMethodAccessorImpl.java:0)
[2024-09-14T18:23:31.016+0000] {spark_submit.py:579} INFO - 24/09/14 18:23:31 INFO DAGScheduler: Parents of final stage: List()
[2024-09-14T18:23:31.017+0000] {spark_submit.py:579} INFO - 24/09/14 18:23:31 INFO DAGScheduler: Missing parents: List()
[2024-09-14T18:23:31.019+0000] {spark_submit.py:579} INFO - 24/09/14 18:23:31 INFO DAGScheduler: Submitting ResultStage 1 (MapPartitionsRDD[10] at csv at NativeMethodAccessorImpl.java:0), which has no missing parents
[2024-09-14T18:23:31.031+0000] {spark_submit.py:579} INFO - 24/09/14 18:23:31 INFO MemoryStore: Block broadcast_2 stored as values in memory (estimated size 19.7 KiB, free 434.1 MiB)
[2024-09-14T18:23:31.035+0000] {spark_submit.py:579} INFO - 24/09/14 18:23:31 INFO MemoryStore: Block broadcast_2_piece0 stored as bytes in memory (estimated size 9.1 KiB, free 434.1 MiB)
[2024-09-14T18:23:31.038+0000] {spark_submit.py:579} INFO - 24/09/14 18:23:31 INFO BlockManagerInfo: Added broadcast_2_piece0 in memory on fb744bf0dc86:39111 (size: 9.1 KiB, free: 434.3 MiB)
[2024-09-14T18:23:31.040+0000] {spark_submit.py:579} INFO - 24/09/14 18:23:31 INFO SparkContext: Created broadcast 2 from broadcast at DAGScheduler.scala:1585
[2024-09-14T18:23:31.042+0000] {spark_submit.py:579} INFO - 24/09/14 18:23:31 INFO DAGScheduler: Submitting 2 missing tasks from ResultStage 1 (MapPartitionsRDD[10] at csv at NativeMethodAccessorImpl.java:0) (first 15 tasks are for partitions Vector(0, 1))
[2024-09-14T18:23:31.043+0000] {spark_submit.py:579} INFO - 24/09/14 18:23:31 INFO TaskSchedulerImpl: Adding task set 1.0 with 2 tasks resource profile 0
[2024-09-14T18:23:31.047+0000] {spark_submit.py:579} INFO - 24/09/14 18:23:31 INFO TaskSetManager: Starting task 0.0 in stage 1.0 (TID 1) (fb744bf0dc86, executor driver, partition 0, PROCESS_LOCAL, 9601 bytes)
[2024-09-14T18:23:31.050+0000] {spark_submit.py:579} INFO - 24/09/14 18:23:31 INFO TaskSetManager: Starting task 1.0 in stage 1.0 (TID 2) (fb744bf0dc86, executor driver, partition 1, PROCESS_LOCAL, 9601 bytes)
[2024-09-14T18:23:31.060+0000] {spark_submit.py:579} INFO - 24/09/14 18:23:31 INFO Executor: Running task 0.0 in stage 1.0 (TID 1)
[2024-09-14T18:23:31.061+0000] {spark_submit.py:579} INFO - 24/09/14 18:23:31 INFO Executor: Running task 1.0 in stage 1.0 (TID 2)
[2024-09-14T18:23:31.096+0000] {spark_submit.py:579} INFO - 24/09/14 18:23:31 INFO FileScanRDD: Reading File path: file:///opt/***/datasets/Airbnb.csv, range: 0-4194304, partition values: [empty row]
[2024-09-14T18:23:31.097+0000] {spark_submit.py:579} INFO - 24/09/14 18:23:31 INFO FileScanRDD: Reading File path: file:///opt/***/datasets/Airbnb.csv, range: 4194304-7081245, partition values: [empty row]
[2024-09-14T18:23:31.448+0000] {spark_submit.py:579} INFO - 24/09/14 18:23:31 INFO BlockManagerInfo: Removed broadcast_1_piece0 on fb744bf0dc86:39111 in memory (size: 8.3 KiB, free: 434.4 MiB)
[2024-09-14T18:23:31.929+0000] {spark_submit.py:579} INFO - 24/09/14 18:23:31 INFO Executor: Finished task 1.0 in stage 1.0 (TID 2). 1546 bytes result sent to driver
[2024-09-14T18:23:31.934+0000] {spark_submit.py:579} INFO - 24/09/14 18:23:31 INFO TaskSetManager: Finished task 1.0 in stage 1.0 (TID 2) in 886 ms on fb744bf0dc86 (executor driver) (1/2)
[2024-09-14T18:23:32.034+0000] {spark_submit.py:579} INFO - 24/09/14 18:23:32 INFO Executor: Finished task 0.0 in stage 1.0 (TID 1). 1503 bytes result sent to driver
[2024-09-14T18:23:32.038+0000] {spark_submit.py:579} INFO - 24/09/14 18:23:32 INFO TaskSetManager: Finished task 0.0 in stage 1.0 (TID 1) in 992 ms on fb744bf0dc86 (executor driver) (2/2)
[2024-09-14T18:23:32.039+0000] {spark_submit.py:579} INFO - 24/09/14 18:23:32 INFO TaskSchedulerImpl: Removed TaskSet 1.0, whose tasks have all completed, from pool
[2024-09-14T18:23:32.041+0000] {spark_submit.py:579} INFO - 24/09/14 18:23:32 INFO DAGScheduler: ResultStage 1 (csv at NativeMethodAccessorImpl.java:0) finished in 1.016 s
[2024-09-14T18:23:32.042+0000] {spark_submit.py:579} INFO - 24/09/14 18:23:32 INFO DAGScheduler: Job 1 is finished. Cancelling potential speculative or zombie tasks for this job
[2024-09-14T18:23:32.043+0000] {spark_submit.py:579} INFO - 24/09/14 18:23:32 INFO TaskSchedulerImpl: Killing all running tasks in stage 1: Stage finished
[2024-09-14T18:23:32.044+0000] {spark_submit.py:579} INFO - 24/09/14 18:23:32 INFO DAGScheduler: Job 1 finished: csv at NativeMethodAccessorImpl.java:0, took 1.031244 s
[2024-09-14T18:23:32.743+0000] {spark_submit.py:579} INFO - 24/09/14 18:23:32 INFO HiveConf: Found configuration file null
[2024-09-14T18:23:32.775+0000] {spark_submit.py:579} INFO - 24/09/14 18:23:32 INFO HiveUtils: Initializing HiveMetastoreConnection version 2.3.9 using Spark classes.
[2024-09-14T18:23:33.502+0000] {spark_submit.py:579} INFO - 24/09/14 18:23:33 INFO HiveClientImpl: Warehouse location for Hive client (version 2.3.9) is file:/user/hive/warehouse
[2024-09-14T18:23:33.586+0000] {spark_submit.py:579} INFO - 24/09/14 18:23:33 INFO metastore: Trying to connect to metastore with URI thrift://hive-metastore:9083
[2024-09-14T18:23:33.628+0000] {spark_submit.py:579} INFO - 24/09/14 18:23:33 INFO metastore: Opened a connection to metastore, current connections: 1
[2024-09-14T18:23:33.832+0000] {spark_submit.py:579} INFO - 24/09/14 18:23:33 INFO metastore: Connected to metastore.
[2024-09-14T18:23:38.396+0000] {spark_submit.py:579} INFO - 24/09/14 18:23:38 INFO InMemoryFileIndex: It took 141 ms to list leaf files for 1 paths.
[2024-09-14T18:23:40.062+0000] {spark_submit.py:579} INFO - 24/09/14 18:23:40 INFO FileSourceStrategy: Pushed Filters:
[2024-09-14T18:23:40.063+0000] {spark_submit.py:579} INFO - 24/09/14 18:23:40 INFO FileSourceStrategy: Post-Scan Filters: atleastnnonnulls(10, neighbourhood_group#25, neighbourhood#26, latitude#27, longitude#28, room_type#29, price#30, minimum_nights#31, number_of_reviews#32, calculated_host_listings_count#35, availability_365#36)
[2024-09-14T18:23:40.942+0000] {spark_submit.py:579} INFO - 24/09/14 18:23:40 INFO CodeGenerator: Code generated in 327.536253 ms
[2024-09-14T18:23:40.951+0000] {spark_submit.py:579} INFO - 24/09/14 18:23:40 INFO MemoryStore: Block broadcast_3 stored as values in memory (estimated size 200.1 KiB, free 433.9 MiB)
[2024-09-14T18:23:41.070+0000] {spark_submit.py:579} INFO - 24/09/14 18:23:41 INFO MemoryStore: Block broadcast_3_piece0 stored as bytes in memory (estimated size 34.5 KiB, free 433.9 MiB)
[2024-09-14T18:23:41.072+0000] {spark_submit.py:579} INFO - 24/09/14 18:23:41 INFO BlockManagerInfo: Added broadcast_3_piece0 in memory on fb744bf0dc86:39111 (size: 34.5 KiB, free: 434.3 MiB)
[2024-09-14T18:23:41.074+0000] {spark_submit.py:579} INFO - 24/09/14 18:23:41 INFO SparkContext: Created broadcast 3 from saveAsTable at NativeMethodAccessorImpl.java:0
[2024-09-14T18:23:41.160+0000] {spark_submit.py:579} INFO - 24/09/14 18:23:41 INFO FileSourceScanExec: Planning scan with bin packing, max size: 4194304 bytes, open cost is considered as scanning 4194304 bytes.
[2024-09-14T18:23:41.320+0000] {spark_submit.py:579} INFO - 24/09/14 18:23:41 INFO DAGScheduler: Registering RDD 14 (saveAsTable at NativeMethodAccessorImpl.java:0) as input to shuffle 0
[2024-09-14T18:23:41.327+0000] {spark_submit.py:579} INFO - 24/09/14 18:23:41 INFO DAGScheduler: Got map stage job 2 (saveAsTable at NativeMethodAccessorImpl.java:0) with 2 output partitions
[2024-09-14T18:23:41.328+0000] {spark_submit.py:579} INFO - 24/09/14 18:23:41 INFO DAGScheduler: Final stage: ShuffleMapStage 2 (saveAsTable at NativeMethodAccessorImpl.java:0)
[2024-09-14T18:23:41.330+0000] {spark_submit.py:579} INFO - 24/09/14 18:23:41 INFO DAGScheduler: Parents of final stage: List()
[2024-09-14T18:23:41.331+0000] {spark_submit.py:579} INFO - 24/09/14 18:23:41 INFO DAGScheduler: Missing parents: List()
[2024-09-14T18:23:41.334+0000] {spark_submit.py:579} INFO - 24/09/14 18:23:41 INFO DAGScheduler: Submitting ShuffleMapStage 2 (MapPartitionsRDD[14] at saveAsTable at NativeMethodAccessorImpl.java:0), which has no missing parents
[2024-09-14T18:23:41.359+0000] {spark_submit.py:579} INFO - 24/09/14 18:23:41 INFO MemoryStore: Block broadcast_4 stored as values in memory (estimated size 55.7 KiB, free 433.9 MiB)
[2024-09-14T18:23:41.365+0000] {spark_submit.py:579} INFO - 24/09/14 18:23:41 INFO MemoryStore: Block broadcast_4_piece0 stored as bytes in memory (estimated size 23.6 KiB, free 433.8 MiB)
[2024-09-14T18:23:41.369+0000] {spark_submit.py:579} INFO - 24/09/14 18:23:41 INFO BlockManagerInfo: Added broadcast_4_piece0 in memory on fb744bf0dc86:39111 (size: 23.6 KiB, free: 434.3 MiB)
[2024-09-14T18:23:41.371+0000] {spark_submit.py:579} INFO - 24/09/14 18:23:41 INFO SparkContext: Created broadcast 4 from broadcast at DAGScheduler.scala:1585
[2024-09-14T18:23:41.374+0000] {spark_submit.py:579} INFO - 24/09/14 18:23:41 INFO DAGScheduler: Submitting 2 missing tasks from ShuffleMapStage 2 (MapPartitionsRDD[14] at saveAsTable at NativeMethodAccessorImpl.java:0) (first 15 tasks are for partitions Vector(0, 1))
[2024-09-14T18:23:41.375+0000] {spark_submit.py:579} INFO - 24/09/14 18:23:41 INFO TaskSchedulerImpl: Adding task set 2.0 with 2 tasks resource profile 0
[2024-09-14T18:23:41.379+0000] {spark_submit.py:579} INFO - 24/09/14 18:23:41 INFO TaskSetManager: Starting task 0.0 in stage 2.0 (TID 3) (fb744bf0dc86, executor driver, partition 0, PROCESS_LOCAL, 9590 bytes)
[2024-09-14T18:23:41.380+0000] {spark_submit.py:579} INFO - 24/09/14 18:23:41 INFO TaskSetManager: Starting task 1.0 in stage 2.0 (TID 4) (fb744bf0dc86, executor driver, partition 1, PROCESS_LOCAL, 9590 bytes)
[2024-09-14T18:23:41.382+0000] {spark_submit.py:579} INFO - 24/09/14 18:23:41 INFO Executor: Running task 1.0 in stage 2.0 (TID 4)
[2024-09-14T18:23:41.383+0000] {spark_submit.py:579} INFO - 24/09/14 18:23:41 INFO Executor: Running task 0.0 in stage 2.0 (TID 3)
[2024-09-14T18:23:41.546+0000] {spark_submit.py:579} INFO - 24/09/14 18:23:41 INFO CodeGenerator: Code generated in 101.627121 ms
[2024-09-14T18:23:41.587+0000] {spark_submit.py:579} INFO - 24/09/14 18:23:41 INFO CodeGenerator: Code generated in 23.118697 ms
[2024-09-14T18:23:41.636+0000] {spark_submit.py:579} INFO - 24/09/14 18:23:41 INFO CodeGenerator: Code generated in 12.263045 ms
[2024-09-14T18:23:41.703+0000] {spark_submit.py:579} INFO - 24/09/14 18:23:41 INFO CodeGenerator: Code generated in 24.355662 ms
[2024-09-14T18:23:41.759+0000] {spark_submit.py:579} INFO - 24/09/14 18:23:41 INFO FileScanRDD: Reading File path: file:///opt/***/datasets/Airbnb.csv, range: 4194304-7081245, partition values: [empty row]
[2024-09-14T18:23:41.762+0000] {spark_submit.py:579} INFO - 24/09/14 18:23:41 INFO FileScanRDD: Reading File path: file:///opt/***/datasets/Airbnb.csv, range: 0-4194304, partition values: [empty row]
[2024-09-14T18:23:41.808+0000] {spark_submit.py:579} INFO - 24/09/14 18:23:41 INFO CodeGenerator: Code generated in 27.094481 ms
[2024-09-14T18:23:42.868+0000] {spark_submit.py:579} INFO - 24/09/14 18:23:42 INFO Executor: Finished task 1.0 in stage 2.0 (TID 4). 2864 bytes result sent to driver
[2024-09-14T18:23:42.874+0000] {spark_submit.py:579} INFO - 24/09/14 18:23:42 INFO TaskSetManager: Finished task 1.0 in stage 2.0 (TID 4) in 1495 ms on fb744bf0dc86 (executor driver) (1/2)
[2024-09-14T18:23:42.898+0000] {spark_submit.py:579} INFO - 24/09/14 18:23:42 INFO Executor: Finished task 0.0 in stage 2.0 (TID 3). 2821 bytes result sent to driver
[2024-09-14T18:23:42.901+0000] {spark_submit.py:579} INFO - 24/09/14 18:23:42 INFO TaskSetManager: Finished task 0.0 in stage 2.0 (TID 3) in 1524 ms on fb744bf0dc86 (executor driver) (2/2)
[2024-09-14T18:23:42.902+0000] {spark_submit.py:579} INFO - 24/09/14 18:23:42 INFO TaskSchedulerImpl: Removed TaskSet 2.0, whose tasks have all completed, from pool
[2024-09-14T18:23:42.905+0000] {spark_submit.py:579} INFO - 24/09/14 18:23:42 INFO DAGScheduler: ShuffleMapStage 2 (saveAsTable at NativeMethodAccessorImpl.java:0) finished in 1.564 s
[2024-09-14T18:23:42.907+0000] {spark_submit.py:579} INFO - 24/09/14 18:23:42 INFO DAGScheduler: looking for newly runnable stages
[2024-09-14T18:23:42.909+0000] {spark_submit.py:579} INFO - 24/09/14 18:23:42 INFO DAGScheduler: running: Set()
[2024-09-14T18:23:42.910+0000] {spark_submit.py:579} INFO - 24/09/14 18:23:42 INFO DAGScheduler: waiting: Set()
[2024-09-14T18:23:42.912+0000] {spark_submit.py:579} INFO - 24/09/14 18:23:42 INFO DAGScheduler: failed: Set()
[2024-09-14T18:23:42.951+0000] {spark_submit.py:579} INFO - 24/09/14 18:23:42 INFO BlockManagerInfo: Removed broadcast_0_piece0 on fb744bf0dc86:39111 in memory (size: 34.5 KiB, free: 434.3 MiB)
[2024-09-14T18:23:42.973+0000] {spark_submit.py:579} INFO - 24/09/14 18:23:42 INFO BlockManagerInfo: Removed broadcast_2_piece0 on fb744bf0dc86:39111 in memory (size: 9.1 KiB, free: 434.3 MiB)
[2024-09-14T18:23:43.000+0000] {spark_submit.py:579} INFO - 24/09/14 18:23:42 INFO ShufflePartitionsUtil: For shuffle(0), advisory target size: 67108864, actual target size 1048576, minimum partition size: 1048576
[2024-09-14T18:23:43.147+0000] {spark_submit.py:579} INFO - 24/09/14 18:23:43 INFO ParquetUtils: Using default output committer for Parquet: org.apache.parquet.hadoop.ParquetOutputCommitter
[2024-09-14T18:23:43.185+0000] {spark_submit.py:579} INFO - 24/09/14 18:23:43 INFO FileOutputCommitter: File Output Committer Algorithm version is 1
[2024-09-14T18:23:43.186+0000] {spark_submit.py:579} INFO - 24/09/14 18:23:43 INFO FileOutputCommitter: FileOutputCommitter skip cleanup _temporary folders under output directory:false, ignore cleanup failures: false
[2024-09-14T18:23:43.189+0000] {spark_submit.py:579} INFO - 24/09/14 18:23:43 INFO SQLHadoopMapReduceCommitProtocol: Using user defined output committer class org.apache.parquet.hadoop.ParquetOutputCommitter
[2024-09-14T18:23:43.190+0000] {spark_submit.py:579} INFO - 24/09/14 18:23:43 INFO FileOutputCommitter: File Output Committer Algorithm version is 1
[2024-09-14T18:23:43.191+0000] {spark_submit.py:579} INFO - 24/09/14 18:23:43 INFO FileOutputCommitter: FileOutputCommitter skip cleanup _temporary folders under output directory:false, ignore cleanup failures: false
[2024-09-14T18:23:43.192+0000] {spark_submit.py:579} INFO - 24/09/14 18:23:43 INFO SQLHadoopMapReduceCommitProtocol: Using output committer class org.apache.parquet.hadoop.ParquetOutputCommitter
[2024-09-14T18:23:43.232+0000] {spark_submit.py:579} INFO - 24/09/14 18:23:43 INFO HashAggregateExec: spark.sql.codegen.aggregate.map.twolevel.enabled is set to true, but current version of codegened fast hashmap does not support this aggregate.
[2024-09-14T18:23:43.304+0000] {spark_submit.py:579} INFO - 24/09/14 18:23:43 INFO CodeGenerator: Code generated in 43.539556 ms
[2024-09-14T18:23:43.370+0000] {spark_submit.py:579} INFO - 24/09/14 18:23:43 INFO SparkContext: Starting job: saveAsTable at NativeMethodAccessorImpl.java:0
[2024-09-14T18:23:43.373+0000] {spark_submit.py:579} INFO - 24/09/14 18:23:43 INFO DAGScheduler: Got job 3 (saveAsTable at NativeMethodAccessorImpl.java:0) with 1 output partitions
[2024-09-14T18:23:43.374+0000] {spark_submit.py:579} INFO - 24/09/14 18:23:43 INFO DAGScheduler: Final stage: ResultStage 4 (saveAsTable at NativeMethodAccessorImpl.java:0)
[2024-09-14T18:23:43.376+0000] {spark_submit.py:579} INFO - 24/09/14 18:23:43 INFO DAGScheduler: Parents of final stage: List(ShuffleMapStage 3)
[2024-09-14T18:23:43.379+0000] {spark_submit.py:579} INFO - 24/09/14 18:23:43 INFO DAGScheduler: Missing parents: List()
[2024-09-14T18:23:43.381+0000] {spark_submit.py:579} INFO - 24/09/14 18:23:43 INFO DAGScheduler: Submitting ResultStage 4 (MapPartitionsRDD[17] at saveAsTable at NativeMethodAccessorImpl.java:0), which has no missing parents
[2024-09-14T18:23:43.437+0000] {spark_submit.py:579} INFO - 24/09/14 18:23:43 INFO MemoryStore: Block broadcast_5 stored as values in memory (estimated size 259.9 KiB, free 433.8 MiB)
[2024-09-14T18:23:43.448+0000] {spark_submit.py:579} INFO - 24/09/14 18:23:43 INFO MemoryStore: Block broadcast_5_piece0 stored as bytes in memory (estimated size 95.9 KiB, free 433.7 MiB)
[2024-09-14T18:23:43.449+0000] {spark_submit.py:579} INFO - 24/09/14 18:23:43 INFO BlockManagerInfo: Added broadcast_5_piece0 in memory on fb744bf0dc86:39111 (size: 95.9 KiB, free: 434.2 MiB)
[2024-09-14T18:23:43.451+0000] {spark_submit.py:579} INFO - 24/09/14 18:23:43 INFO SparkContext: Created broadcast 5 from broadcast at DAGScheduler.scala:1585
[2024-09-14T18:23:43.452+0000] {spark_submit.py:579} INFO - 24/09/14 18:23:43 INFO DAGScheduler: Submitting 1 missing tasks from ResultStage 4 (MapPartitionsRDD[17] at saveAsTable at NativeMethodAccessorImpl.java:0) (first 15 tasks are for partitions Vector(0))
[2024-09-14T18:23:43.453+0000] {spark_submit.py:579} INFO - 24/09/14 18:23:43 INFO TaskSchedulerImpl: Adding task set 4.0 with 1 tasks resource profile 0
[2024-09-14T18:23:43.461+0000] {spark_submit.py:579} INFO - 24/09/14 18:23:43 INFO TaskSetManager: Starting task 0.0 in stage 4.0 (TID 5) (fb744bf0dc86, executor driver, partition 0, NODE_LOCAL, 8999 bytes)
[2024-09-14T18:23:43.463+0000] {spark_submit.py:579} INFO - 24/09/14 18:23:43 INFO Executor: Running task 0.0 in stage 4.0 (TID 5)
[2024-09-14T18:23:43.555+0000] {spark_submit.py:579} INFO - 24/09/14 18:23:43 INFO ShuffleBlockFetcherIterator: Getting 2 (943.0 B) non-empty blocks including 2 (943.0 B) local and 0 (0.0 B) host-local and 0 (0.0 B) push-merged-local and 0 (0.0 B) remote blocks
[2024-09-14T18:23:43.559+0000] {spark_submit.py:579} INFO - 24/09/14 18:23:43 INFO ShuffleBlockFetcherIterator: Started 0 remote fetches in 17 ms
[2024-09-14T18:23:43.599+0000] {spark_submit.py:579} INFO - 24/09/14 18:23:43 INFO CodeGenerator: Code generated in 32.354959 ms
[2024-09-14T18:23:43.603+0000] {spark_submit.py:579} INFO - 24/09/14 18:23:43 INFO FileOutputCommitter: File Output Committer Algorithm version is 1
[2024-09-14T18:23:43.604+0000] {spark_submit.py:579} INFO - 24/09/14 18:23:43 INFO FileOutputCommitter: FileOutputCommitter skip cleanup _temporary folders under output directory:false, ignore cleanup failures: false
[2024-09-14T18:23:43.605+0000] {spark_submit.py:579} INFO - 24/09/14 18:23:43 INFO SQLHadoopMapReduceCommitProtocol: Using user defined output committer class org.apache.parquet.hadoop.ParquetOutputCommitter
[2024-09-14T18:23:43.606+0000] {spark_submit.py:579} INFO - 24/09/14 18:23:43 INFO FileOutputCommitter: File Output Committer Algorithm version is 1
[2024-09-14T18:23:43.607+0000] {spark_submit.py:579} INFO - 24/09/14 18:23:43 INFO FileOutputCommitter: FileOutputCommitter skip cleanup _temporary folders under output directory:false, ignore cleanup failures: false
[2024-09-14T18:23:43.608+0000] {spark_submit.py:579} INFO - 24/09/14 18:23:43 INFO SQLHadoopMapReduceCommitProtocol: Using output committer class org.apache.parquet.hadoop.ParquetOutputCommitter
[2024-09-14T18:23:43.615+0000] {spark_submit.py:579} INFO - 24/09/14 18:23:43 INFO CodecConfig: Compression: SNAPPY
[2024-09-14T18:23:43.619+0000] {spark_submit.py:579} INFO - 24/09/14 18:23:43 INFO CodecConfig: Compression: SNAPPY
[2024-09-14T18:23:43.653+0000] {spark_submit.py:579} INFO - 24/09/14 18:23:43 INFO ParquetOutputFormat: ParquetRecordWriter [block size: 134217728b, row group padding size: 8388608b, validating: false]
[2024-09-14T18:23:43.693+0000] {spark_submit.py:579} INFO - 24/09/14 18:23:43 INFO ParquetWriteSupport: Initialized Parquet WriteSupport with Catalyst schema:
[2024-09-14T18:23:43.695+0000] {spark_submit.py:579} INFO - {
[2024-09-14T18:23:43.696+0000] {spark_submit.py:579} INFO - "type" : "struct",
[2024-09-14T18:23:43.697+0000] {spark_submit.py:579} INFO - "fields" : [ {
[2024-09-14T18:23:43.697+0000] {spark_submit.py:579} INFO - "name" : "neighbourhood_group",
[2024-09-14T18:23:43.698+0000] {spark_submit.py:579} INFO - "type" : "string",
[2024-09-14T18:23:43.699+0000] {spark_submit.py:579} INFO - "nullable" : true,
[2024-09-14T18:23:43.700+0000] {spark_submit.py:579} INFO - "metadata" : { }
[2024-09-14T18:23:43.701+0000] {spark_submit.py:579} INFO - }, {
[2024-09-14T18:23:43.702+0000] {spark_submit.py:579} INFO - "name" : "average_price",
[2024-09-14T18:23:43.703+0000] {spark_submit.py:579} INFO - "type" : "double",
[2024-09-14T18:23:43.704+0000] {spark_submit.py:579} INFO - "nullable" : true,
[2024-09-14T18:23:43.705+0000] {spark_submit.py:579} INFO - "metadata" : { }
[2024-09-14T18:23:43.706+0000] {spark_submit.py:579} INFO - }, {
[2024-09-14T18:23:43.706+0000] {spark_submit.py:579} INFO - "name" : "min_price",
[2024-09-14T18:23:43.708+0000] {spark_submit.py:579} INFO - "type" : "integer",
[2024-09-14T18:23:43.709+0000] {spark_submit.py:579} INFO - "nullable" : true,
[2024-09-14T18:23:43.710+0000] {spark_submit.py:579} INFO - "metadata" : { }
[2024-09-14T18:23:43.711+0000] {spark_submit.py:579} INFO - }, {
[2024-09-14T18:23:43.712+0000] {spark_submit.py:579} INFO - "name" : "max_price",
[2024-09-14T18:23:43.712+0000] {spark_submit.py:579} INFO - "type" : "integer",
[2024-09-14T18:23:43.713+0000] {spark_submit.py:579} INFO - "nullable" : true,
[2024-09-14T18:23:43.714+0000] {spark_submit.py:579} INFO - "metadata" : { }
[2024-09-14T18:23:43.715+0000] {spark_submit.py:579} INFO - }, {
[2024-09-14T18:23:43.715+0000] {spark_submit.py:579} INFO - "name" : "count",
[2024-09-14T18:23:43.716+0000] {spark_submit.py:579} INFO - "type" : "long",
[2024-09-14T18:23:43.717+0000] {spark_submit.py:579} INFO - "nullable" : false,
[2024-09-14T18:23:43.718+0000] {spark_submit.py:579} INFO - "metadata" : { }
[2024-09-14T18:23:43.718+0000] {spark_submit.py:579} INFO - } ]
[2024-09-14T18:23:43.719+0000] {spark_submit.py:579} INFO - }
[2024-09-14T18:23:43.720+0000] {spark_submit.py:579} INFO - and corresponding Parquet message type:
[2024-09-14T18:23:43.721+0000] {spark_submit.py:579} INFO - message spark_schema {
[2024-09-14T18:23:43.721+0000] {spark_submit.py:579} INFO - optional binary neighbourhood_group (STRING);
[2024-09-14T18:23:43.722+0000] {spark_submit.py:579} INFO - optional double average_price;
[2024-09-14T18:23:43.722+0000] {spark_submit.py:579} INFO - optional int32 min_price;
[2024-09-14T18:23:43.723+0000] {spark_submit.py:579} INFO - optional int32 max_price;
[2024-09-14T18:23:43.724+0000] {spark_submit.py:579} INFO - required int64 count;
[2024-09-14T18:23:43.725+0000] {spark_submit.py:579} INFO - }
[2024-09-14T18:23:43.726+0000] {spark_submit.py:579} INFO - 
[2024-09-14T18:23:43.727+0000] {spark_submit.py:579} INFO - 
[2024-09-14T18:23:43.828+0000] {spark_submit.py:579} INFO - 24/09/14 18:23:43 INFO CodecPool: Got brand-new compressor [.snappy]
[2024-09-14T18:23:45.306+0000] {spark_submit.py:579} INFO - 24/09/14 18:23:45 INFO FileOutputCommitter: Saved output of task 'attempt_202409141823436270171948735667765_0004_m_000000_5' to hdfs://namenode:9000/user/hive/warehouse/price_distribution/_temporary/0/task_202409141823436270171948735667765_0004_m_000000
[2024-09-14T18:23:45.308+0000] {spark_submit.py:579} INFO - 24/09/14 18:23:45 INFO SparkHadoopMapRedUtil: attempt_202409141823436270171948735667765_0004_m_000000_5: Committed. Elapsed time: 23 ms.
[2024-09-14T18:23:45.322+0000] {spark_submit.py:579} INFO - 24/09/14 18:23:45 INFO Executor: Finished task 0.0 in stage 4.0 (TID 5). 6193 bytes result sent to driver
[2024-09-14T18:23:45.326+0000] {spark_submit.py:579} INFO - 24/09/14 18:23:45 INFO TaskSetManager: Finished task 0.0 in stage 4.0 (TID 5) in 1867 ms on fb744bf0dc86 (executor driver) (1/1)
[2024-09-14T18:23:45.327+0000] {spark_submit.py:579} INFO - 24/09/14 18:23:45 INFO TaskSchedulerImpl: Removed TaskSet 4.0, whose tasks have all completed, from pool
[2024-09-14T18:23:45.330+0000] {spark_submit.py:579} INFO - 24/09/14 18:23:45 INFO DAGScheduler: ResultStage 4 (saveAsTable at NativeMethodAccessorImpl.java:0) finished in 1.934 s
[2024-09-14T18:23:45.331+0000] {spark_submit.py:579} INFO - 24/09/14 18:23:45 INFO DAGScheduler: Job 3 is finished. Cancelling potential speculative or zombie tasks for this job
[2024-09-14T18:23:45.332+0000] {spark_submit.py:579} INFO - 24/09/14 18:23:45 INFO TaskSchedulerImpl: Killing all running tasks in stage 4: Stage finished
[2024-09-14T18:23:45.334+0000] {spark_submit.py:579} INFO - 24/09/14 18:23:45 INFO DAGScheduler: Job 3 finished: saveAsTable at NativeMethodAccessorImpl.java:0, took 1.963409 s
[2024-09-14T18:23:45.338+0000] {spark_submit.py:579} INFO - 24/09/14 18:23:45 INFO FileFormatWriter: Start to commit write Job 38eba734-cc44-4b39-9f93-34c96b7f9781.
[2024-09-14T18:23:45.399+0000] {spark_submit.py:579} INFO - 24/09/14 18:23:45 INFO FileFormatWriter: Write Job 38eba734-cc44-4b39-9f93-34c96b7f9781 committed. Elapsed time: 58 ms.
[2024-09-14T18:23:45.406+0000] {spark_submit.py:579} INFO - 24/09/14 18:23:45 INFO FileFormatWriter: Finished processing stats for write job 38eba734-cc44-4b39-9f93-34c96b7f9781.
[2024-09-14T18:23:45.443+0000] {spark_submit.py:579} INFO - 24/09/14 18:23:45 INFO InMemoryFileIndex: It took 10 ms to list leaf files for 1 paths.
[2024-09-14T18:23:45.519+0000] {spark_submit.py:579} INFO - 24/09/14 18:23:45 INFO HiveExternalCatalog: Persisting file based data source table `spark_catalog`.`default`.`price_distribution` into Hive metastore in Hive compatible format.
[2024-09-14T18:23:45.553+0000] {spark_submit.py:579} INFO - 24/09/14 18:23:45 INFO SQLStdHiveAccessController: Created SQLStdHiveAccessController for session context : HiveAuthzSessionContext [sessionString=f8bcd528-fcec-49bd-9506-ea2419aaa2ff, clientType=HIVECLI]
[2024-09-14T18:23:45.556+0000] {spark_submit.py:579} INFO - 24/09/14 18:23:45 WARN SessionState: METASTORE_FILTER_HOOK will be ignored, since hive.security.authorization.manager is set to instance of HiveAuthorizerFactory.
[2024-09-14T18:23:45.557+0000] {spark_submit.py:579} INFO - 24/09/14 18:23:45 INFO metastore: Mestastore configuration hive.metastore.filter.hook changed from org.apache.hadoop.hive.metastore.DefaultMetaStoreFilterHookImpl to org.apache.hadoop.hive.ql.security.authorization.plugin.AuthorizationMetaStoreFilterHook
[2024-09-14T18:23:45.563+0000] {spark_submit.py:579} INFO - 24/09/14 18:23:45 INFO metastore: Closed a connection to metastore, current connections: 0
[2024-09-14T18:23:45.566+0000] {spark_submit.py:579} INFO - 24/09/14 18:23:45 INFO metastore: Trying to connect to metastore with URI thrift://hive-metastore:9083
[2024-09-14T18:23:45.568+0000] {spark_submit.py:579} INFO - 24/09/14 18:23:45 INFO metastore: Opened a connection to metastore, current connections: 1
[2024-09-14T18:23:45.574+0000] {spark_submit.py:579} INFO - 24/09/14 18:23:45 INFO metastore: Connected to metastore.
[2024-09-14T18:23:45.766+0000] {spark_submit.py:579} INFO - 24/09/14 18:23:45 INFO metastore: Trying to connect to metastore with URI thrift://hive-metastore:9083
[2024-09-14T18:23:45.767+0000] {spark_submit.py:579} INFO - 24/09/14 18:23:45 INFO metastore: Opened a connection to metastore, current connections: 2
[2024-09-14T18:23:45.774+0000] {spark_submit.py:579} INFO - 24/09/14 18:23:45 INFO metastore: Connected to metastore.
[2024-09-14T18:23:46.845+0000] {spark_submit.py:579} INFO - Таблица price_distribution успешно загружена в Hive!
[2024-09-14T18:23:48.216+0000] {spark_submit.py:579} INFO - Успешно создана таблица processed_airbnb_data!
[2024-09-14T18:23:48.509+0000] {spark_submit.py:579} INFO - 24/09/14 18:23:48 INFO FileSourceStrategy: Pushed Filters:
[2024-09-14T18:23:48.510+0000] {spark_submit.py:579} INFO - 24/09/14 18:23:48 INFO FileSourceStrategy: Post-Scan Filters: atleastnnonnulls(10, neighbourhood_group#25, neighbourhood#26, latitude#27, longitude#28, room_type#29, price#30, minimum_nights#31, number_of_reviews#32, calculated_host_listings_count#35, availability_365#36)
[2024-09-14T18:23:48.532+0000] {spark_submit.py:579} INFO - 24/09/14 18:23:48 INFO FileUtils: Creating directory if it doesn't exist: hdfs://namenode:9000/user/hive/warehouse/processed_airbnb_data/.hive-staging_hive_2024-09-14_18-23-48_441_860777244104061536-1
[2024-09-14T18:23:48.608+0000] {spark_submit.py:579} INFO - 24/09/14 18:23:48 INFO BlockManagerInfo: Removed broadcast_5_piece0 on fb744bf0dc86:39111 in memory (size: 95.9 KiB, free: 434.3 MiB)
[2024-09-14T18:23:48.772+0000] {spark_submit.py:579} INFO - 24/09/14 18:23:48 INFO FileOutputCommitter: File Output Committer Algorithm version is 1
[2024-09-14T18:23:48.773+0000] {spark_submit.py:579} INFO - 24/09/14 18:23:48 INFO FileOutputCommitter: FileOutputCommitter skip cleanup _temporary folders under output directory:false, ignore cleanup failures: false
[2024-09-14T18:23:48.774+0000] {spark_submit.py:579} INFO - 24/09/14 18:23:48 INFO SQLHadoopMapReduceCommitProtocol: Using output committer class org.apache.hadoop.mapreduce.lib.output.FileOutputCommitter
[2024-09-14T18:23:48.846+0000] {spark_submit.py:579} INFO - 24/09/14 18:23:48 INFO CodeGenerator: Code generated in 46.990572 ms
[2024-09-14T18:23:48.851+0000] {spark_submit.py:579} INFO - 24/09/14 18:23:48 INFO MemoryStore: Block broadcast_6 stored as values in memory (estimated size 200.1 KiB, free 433.9 MiB)
[2024-09-14T18:23:48.862+0000] {spark_submit.py:579} INFO - 24/09/14 18:23:48 INFO MemoryStore: Block broadcast_6_piece0 stored as bytes in memory (estimated size 34.5 KiB, free 433.9 MiB)
[2024-09-14T18:23:48.863+0000] {spark_submit.py:579} INFO - 24/09/14 18:23:48 INFO BlockManagerInfo: Added broadcast_6_piece0 in memory on fb744bf0dc86:39111 (size: 34.5 KiB, free: 434.3 MiB)
[2024-09-14T18:23:48.865+0000] {spark_submit.py:579} INFO - 24/09/14 18:23:48 INFO SparkContext: Created broadcast 6 from insertInto at NativeMethodAccessorImpl.java:0
[2024-09-14T18:23:48.868+0000] {spark_submit.py:579} INFO - 24/09/14 18:23:48 INFO FileSourceScanExec: Planning scan with bin packing, max size: 4194304 bytes, open cost is considered as scanning 4194304 bytes.
[2024-09-14T18:23:48.883+0000] {spark_submit.py:579} INFO - 24/09/14 18:23:48 INFO SparkContext: Starting job: insertInto at NativeMethodAccessorImpl.java:0
[2024-09-14T18:23:48.885+0000] {spark_submit.py:579} INFO - 24/09/14 18:23:48 INFO DAGScheduler: Got job 4 (insertInto at NativeMethodAccessorImpl.java:0) with 2 output partitions
[2024-09-14T18:23:48.886+0000] {spark_submit.py:579} INFO - 24/09/14 18:23:48 INFO DAGScheduler: Final stage: ResultStage 5 (insertInto at NativeMethodAccessorImpl.java:0)
[2024-09-14T18:23:48.888+0000] {spark_submit.py:579} INFO - 24/09/14 18:23:48 INFO DAGScheduler: Parents of final stage: List()
[2024-09-14T18:23:48.889+0000] {spark_submit.py:579} INFO - 24/09/14 18:23:48 INFO DAGScheduler: Missing parents: List()
[2024-09-14T18:23:48.890+0000] {spark_submit.py:579} INFO - 24/09/14 18:23:48 INFO DAGScheduler: Submitting ResultStage 5 (MapPartitionsRDD[21] at insertInto at NativeMethodAccessorImpl.java:0), which has no missing parents
[2024-09-14T18:23:48.941+0000] {spark_submit.py:579} INFO - 24/09/14 18:23:48 INFO MemoryStore: Block broadcast_7 stored as values in memory (estimated size 330.4 KiB, free 433.5 MiB)
[2024-09-14T18:23:48.954+0000] {spark_submit.py:579} INFO - 24/09/14 18:23:48 INFO MemoryStore: Block broadcast_7_piece0 stored as bytes in memory (estimated size 118.2 KiB, free 433.4 MiB)
[2024-09-14T18:23:48.956+0000] {spark_submit.py:579} INFO - 24/09/14 18:23:48 INFO BlockManagerInfo: Added broadcast_7_piece0 in memory on fb744bf0dc86:39111 (size: 118.2 KiB, free: 434.2 MiB)
[2024-09-14T18:23:48.957+0000] {spark_submit.py:579} INFO - 24/09/14 18:23:48 INFO SparkContext: Created broadcast 7 from broadcast at DAGScheduler.scala:1585
[2024-09-14T18:23:48.958+0000] {spark_submit.py:579} INFO - 24/09/14 18:23:48 INFO DAGScheduler: Submitting 2 missing tasks from ResultStage 5 (MapPartitionsRDD[21] at insertInto at NativeMethodAccessorImpl.java:0) (first 15 tasks are for partitions Vector(0, 1))
[2024-09-14T18:23:48.959+0000] {spark_submit.py:579} INFO - 24/09/14 18:23:48 INFO TaskSchedulerImpl: Adding task set 5.0 with 2 tasks resource profile 0
[2024-09-14T18:23:48.962+0000] {spark_submit.py:579} INFO - 24/09/14 18:23:48 INFO TaskSetManager: Starting task 0.0 in stage 5.0 (TID 6) (fb744bf0dc86, executor driver, partition 0, PROCESS_LOCAL, 9601 bytes)
[2024-09-14T18:23:48.963+0000] {spark_submit.py:579} INFO - 24/09/14 18:23:48 INFO TaskSetManager: Starting task 1.0 in stage 5.0 (TID 7) (fb744bf0dc86, executor driver, partition 1, PROCESS_LOCAL, 9601 bytes)
[2024-09-14T18:23:48.965+0000] {spark_submit.py:579} INFO - 24/09/14 18:23:48 INFO Executor: Running task 1.0 in stage 5.0 (TID 7)
[2024-09-14T18:23:48.966+0000] {spark_submit.py:579} INFO - 24/09/14 18:23:48 INFO Executor: Running task 0.0 in stage 5.0 (TID 6)
[2024-09-14T18:23:49.026+0000] {spark_submit.py:579} INFO - 24/09/14 18:23:49 INFO CodeGenerator: Code generated in 33.024473 ms
[2024-09-14T18:23:49.029+0000] {spark_submit.py:579} INFO - 24/09/14 18:23:49 INFO FileOutputCommitter: File Output Committer Algorithm version is 1
[2024-09-14T18:23:49.030+0000] {spark_submit.py:579} INFO - 24/09/14 18:23:49 INFO FileOutputCommitter: File Output Committer Algorithm version is 1
[2024-09-14T18:23:49.032+0000] {spark_submit.py:579} INFO - 24/09/14 18:23:49 INFO FileOutputCommitter: FileOutputCommitter skip cleanup _temporary folders under output directory:false, ignore cleanup failures: false
[2024-09-14T18:23:49.033+0000] {spark_submit.py:579} INFO - 24/09/14 18:23:49 INFO FileOutputCommitter: FileOutputCommitter skip cleanup _temporary folders under output directory:false, ignore cleanup failures: false
[2024-09-14T18:23:49.034+0000] {spark_submit.py:579} INFO - 24/09/14 18:23:49 INFO SQLHadoopMapReduceCommitProtocol: Using output committer class org.apache.hadoop.mapreduce.lib.output.FileOutputCommitter
[2024-09-14T18:23:49.035+0000] {spark_submit.py:579} INFO - 24/09/14 18:23:49 INFO SQLHadoopMapReduceCommitProtocol: Using output committer class org.apache.hadoop.mapreduce.lib.output.FileOutputCommitter
[2024-09-14T18:23:49.036+0000] {spark_submit.py:579} INFO - 24/09/14 18:23:49 INFO FileScanRDD: Reading File path: file:///opt/***/datasets/Airbnb.csv, range: 4194304-7081245, partition values: [empty row]
[2024-09-14T18:23:49.070+0000] {spark_submit.py:579} INFO - 24/09/14 18:23:49 INFO FileScanRDD: Reading File path: file:///opt/***/datasets/Airbnb.csv, range: 0-4194304, partition values: [empty row]
[2024-09-14T18:23:49.626+0000] {spark_submit.py:579} INFO - 24/09/14 18:23:49 INFO BlockManagerInfo: Removed broadcast_4_piece0 on fb744bf0dc86:39111 in memory (size: 23.6 KiB, free: 434.2 MiB)
[2024-09-14T18:23:49.646+0000] {spark_submit.py:579} INFO - 24/09/14 18:23:49 INFO BlockManagerInfo: Removed broadcast_3_piece0 on fb744bf0dc86:39111 in memory (size: 34.5 KiB, free: 434.3 MiB)
[2024-09-14T18:23:50.107+0000] {spark_submit.py:579} INFO - 24/09/14 18:23:50 INFO FileOutputCommitter: Saved output of task 'attempt_202409141823484218846063385326757_0005_m_000000_6' to hdfs://namenode:9000/user/hive/warehouse/processed_airbnb_data/.hive-staging_hive_2024-09-14_18-23-48_441_860777244104061536-1/-ext-10000/_temporary/0/task_202409141823484218846063385326757_0005_m_000000
[2024-09-14T18:23:50.109+0000] {spark_submit.py:579} INFO - 24/09/14 18:23:50 INFO SparkHadoopMapRedUtil: attempt_202409141823484218846063385326757_0005_m_000000_6: Committed. Elapsed time: 22 ms.
[2024-09-14T18:23:50.113+0000] {spark_submit.py:579} INFO - 24/09/14 18:23:50 INFO Executor: Finished task 0.0 in stage 5.0 (TID 6). 2626 bytes result sent to driver
[2024-09-14T18:23:50.117+0000] {spark_submit.py:579} INFO - 24/09/14 18:23:50 INFO TaskSetManager: Finished task 0.0 in stage 5.0 (TID 6) in 1155 ms on fb744bf0dc86 (executor driver) (1/2)
[2024-09-14T18:23:50.193+0000] {spark_submit.py:579} INFO - 24/09/14 18:23:50 INFO FileOutputCommitter: Saved output of task 'attempt_202409141823484218846063385326757_0005_m_000001_7' to hdfs://namenode:9000/user/hive/warehouse/processed_airbnb_data/.hive-staging_hive_2024-09-14_18-23-48_441_860777244104061536-1/-ext-10000/_temporary/0/task_202409141823484218846063385326757_0005_m_000001
[2024-09-14T18:23:50.194+0000] {spark_submit.py:579} INFO - 24/09/14 18:23:50 INFO SparkHadoopMapRedUtil: attempt_202409141823484218846063385326757_0005_m_000001_7: Committed. Elapsed time: 19 ms.
[2024-09-14T18:23:50.198+0000] {spark_submit.py:579} INFO - 24/09/14 18:23:50 INFO Executor: Finished task 1.0 in stage 5.0 (TID 7). 2626 bytes result sent to driver
[2024-09-14T18:23:50.202+0000] {spark_submit.py:579} INFO - 24/09/14 18:23:50 INFO TaskSetManager: Finished task 1.0 in stage 5.0 (TID 7) in 1239 ms on fb744bf0dc86 (executor driver) (2/2)
[2024-09-14T18:23:50.204+0000] {spark_submit.py:579} INFO - 24/09/14 18:23:50 INFO TaskSchedulerImpl: Removed TaskSet 5.0, whose tasks have all completed, from pool
[2024-09-14T18:23:50.207+0000] {spark_submit.py:579} INFO - 24/09/14 18:23:50 INFO DAGScheduler: ResultStage 5 (insertInto at NativeMethodAccessorImpl.java:0) finished in 1.313 s
[2024-09-14T18:23:50.208+0000] {spark_submit.py:579} INFO - 24/09/14 18:23:50 INFO DAGScheduler: Job 4 is finished. Cancelling potential speculative or zombie tasks for this job
[2024-09-14T18:23:50.209+0000] {spark_submit.py:579} INFO - 24/09/14 18:23:50 INFO TaskSchedulerImpl: Killing all running tasks in stage 5: Stage finished
[2024-09-14T18:23:50.211+0000] {spark_submit.py:579} INFO - 24/09/14 18:23:50 INFO DAGScheduler: Job 4 finished: insertInto at NativeMethodAccessorImpl.java:0, took 1.323947 s
[2024-09-14T18:23:50.212+0000] {spark_submit.py:579} INFO - 24/09/14 18:23:50 INFO FileFormatWriter: Start to commit write Job 76286693-0f9e-4e11-a416-ec3623c0fea1.
[2024-09-14T18:23:50.292+0000] {spark_submit.py:579} INFO - 24/09/14 18:23:50 INFO FileFormatWriter: Write Job 76286693-0f9e-4e11-a416-ec3623c0fea1 committed. Elapsed time: 81 ms.
[2024-09-14T18:23:50.293+0000] {spark_submit.py:579} INFO - 24/09/14 18:23:50 INFO FileFormatWriter: Finished processing stats for write job 76286693-0f9e-4e11-a416-ec3623c0fea1.
[2024-09-14T18:23:50.508+0000] {spark_submit.py:579} INFO - 24/09/14 18:23:50 INFO FileUtils: Creating directory if it doesn't exist: hdfs://namenode:9000/user/hive/warehouse/processed_airbnb_data
[2024-09-14T18:23:51.576+0000] {spark_submit.py:579} INFO - Данные успешно записаны в таблицу processed_airbnb_data
[2024-09-14T18:23:51.712+0000] {spark_submit.py:579} INFO - 24/09/14 18:23:51 INFO SparkContext: Invoking stop() from shutdown hook
[2024-09-14T18:23:51.714+0000] {spark_submit.py:579} INFO - 24/09/14 18:23:51 INFO SparkContext: SparkContext is stopping with exitCode 0.
[2024-09-14T18:23:51.738+0000] {spark_submit.py:579} INFO - 24/09/14 18:23:51 INFO SparkUI: Stopped Spark web UI at http://fb744bf0dc86:4040
[2024-09-14T18:23:51.761+0000] {spark_submit.py:579} INFO - 24/09/14 18:23:51 INFO MapOutputTrackerMasterEndpoint: MapOutputTrackerMasterEndpoint stopped!
[2024-09-14T18:23:51.797+0000] {spark_submit.py:579} INFO - 24/09/14 18:23:51 INFO MemoryStore: MemoryStore cleared
[2024-09-14T18:23:51.798+0000] {spark_submit.py:579} INFO - 24/09/14 18:23:51 INFO BlockManager: BlockManager stopped
[2024-09-14T18:23:51.805+0000] {spark_submit.py:579} INFO - 24/09/14 18:23:51 INFO BlockManagerMaster: BlockManagerMaster stopped
[2024-09-14T18:23:51.811+0000] {spark_submit.py:579} INFO - 24/09/14 18:23:51 INFO OutputCommitCoordinator$OutputCommitCoordinatorEndpoint: OutputCommitCoordinator stopped!
[2024-09-14T18:23:51.832+0000] {spark_submit.py:579} INFO - 24/09/14 18:23:51 INFO SparkContext: Successfully stopped SparkContext
[2024-09-14T18:23:51.833+0000] {spark_submit.py:579} INFO - 24/09/14 18:23:51 INFO ShutdownHookManager: Shutdown hook called
[2024-09-14T18:23:51.834+0000] {spark_submit.py:579} INFO - 24/09/14 18:23:51 INFO ShutdownHookManager: Deleting directory /tmp/spark-7319e9f4-8efb-41a7-9789-0a78659a0f01/pyspark-446fef46-de9b-4c94-beba-06248829f9a7
[2024-09-14T18:23:51.844+0000] {spark_submit.py:579} INFO - 24/09/14 18:23:51 INFO ShutdownHookManager: Deleting directory /tmp/spark-7319e9f4-8efb-41a7-9789-0a78659a0f01
[2024-09-14T18:23:51.856+0000] {spark_submit.py:579} INFO - 24/09/14 18:23:51 INFO ShutdownHookManager: Deleting directory /tmp/spark-44a63d77-d066-4f26-9951-e197706de931
[2024-09-14T18:23:52.024+0000] {taskinstance.py:340} INFO - ::group::Post task execution logs
[2024-09-14T18:23:52.026+0000] {taskinstance.py:352} INFO - Marking task as SUCCESS. dag_id=airbnb_model, task_id=data_analysis, run_id=manual__2024-09-14T17:50:30.952450+00:00, execution_date=20240914T175030, start_date=20240914T182307, end_date=20240914T182352
[2024-09-14T18:23:52.094+0000] {local_task_job_runner.py:266} INFO - Task exited with return code 0
[2024-09-14T18:23:52.145+0000] {taskinstance.py:3900} INFO - 1 downstream tasks scheduled from follow-on schedule check
[2024-09-14T18:23:52.148+0000] {local_task_job_runner.py:245} INFO - ::endgroup::
