[2024-09-14T21:31:31.609+0000] {local_task_job_runner.py:123} INFO - ::group::Pre task execution logs
[2024-09-14T21:31:31.686+0000] {taskinstance.py:2612} INFO - Dependencies all met for dep_context=non-requeueable deps ti=<TaskInstance: airbnb_model.data_analysis manual__2024-09-14T17:50:30.952450+00:00 [queued]>
[2024-09-14T21:31:31.732+0000] {taskinstance.py:2612} INFO - Dependencies all met for dep_context=requeueable deps ti=<TaskInstance: airbnb_model.data_analysis manual__2024-09-14T17:50:30.952450+00:00 [queued]>
[2024-09-14T21:31:31.733+0000] {taskinstance.py:2865} INFO - Starting attempt 14 of 17
[2024-09-14T21:31:31.800+0000] {taskinstance.py:2888} INFO - Executing <Task(SparkSubmitOperator): data_analysis> on 2024-09-14 17:50:30.952450+00:00
[2024-09-14T21:31:31.827+0000] {standard_task_runner.py:104} INFO - Running: ['***', 'tasks', 'run', 'airbnb_model', 'data_analysis', 'manual__2024-09-14T17:50:30.952450+00:00', '--job-id', '690', '--raw', '--subdir', 'DAGS_FOLDER/air_price_pred_dag.py', '--cfg-path', '/tmp/tmpmdst1rtd']
[2024-09-14T21:31:31.833+0000] {standard_task_runner.py:105} INFO - Job 690: Subtask data_analysis
[2024-09-14T21:31:31.834+0000] {logging_mixin.py:190} WARNING - /home/***/.local/lib/python3.12/site-packages/***/task/task_runner/standard_task_runner.py:70 DeprecationWarning: This process (pid=18666) is multi-threaded, use of fork() may lead to deadlocks in the child.
[2024-09-14T21:31:31.836+0000] {standard_task_runner.py:72} INFO - Started process 18671 to run task
[2024-09-14T21:31:31.968+0000] {task_command.py:467} INFO - Running <TaskInstance: airbnb_model.data_analysis manual__2024-09-14T17:50:30.952450+00:00 [running]> on host fb744bf0dc86
[2024-09-14T21:31:32.329+0000] {taskinstance.py:3131} INFO - Exporting env vars: AIRFLOW_CTX_DAG_OWNER='Denis' AIRFLOW_CTX_DAG_ID='airbnb_model' AIRFLOW_CTX_TASK_ID='data_analysis' AIRFLOW_CTX_EXECUTION_DATE='2024-09-14T17:50:30.952450+00:00' AIRFLOW_CTX_TRY_NUMBER='14' AIRFLOW_CTX_DAG_RUN_ID='manual__2024-09-14T17:50:30.952450+00:00'
[2024-09-14T21:31:32.334+0000] {taskinstance.py:731} INFO - ::endgroup::
[2024-09-14T21:31:32.480+0000] {base.py:84} INFO - Retrieving connection 'spark_default'
[2024-09-14T21:31:32.484+0000] {spark_submit.py:403} INFO - Spark-Submit cmd: spark-submit --master spark://spark-master:7077 --conf spark.master=spark://spark-master:7077 --name arrow-spark --verbose --deploy-mode client /opt/***/dags/air_data_analysis.py
[2024-09-14T21:31:41.536+0000] {spark_submit.py:579} INFO - Using properties file: null
[2024-09-14T21:31:41.947+0000] {spark_submit.py:579} INFO - Parsed arguments:
[2024-09-14T21:31:41.948+0000] {spark_submit.py:579} INFO - master                  spark://spark-master:7077
[2024-09-14T21:31:41.949+0000] {spark_submit.py:579} INFO - remote                  null
[2024-09-14T21:31:41.950+0000] {spark_submit.py:579} INFO - deployMode              client
[2024-09-14T21:31:41.951+0000] {spark_submit.py:579} INFO - executorMemory          null
[2024-09-14T21:31:41.952+0000] {spark_submit.py:579} INFO - executorCores           null
[2024-09-14T21:31:41.953+0000] {spark_submit.py:579} INFO - totalExecutorCores      null
[2024-09-14T21:31:41.954+0000] {spark_submit.py:579} INFO - propertiesFile          null
[2024-09-14T21:31:41.955+0000] {spark_submit.py:579} INFO - driverMemory            null
[2024-09-14T21:31:41.955+0000] {spark_submit.py:579} INFO - driverCores             null
[2024-09-14T21:31:41.956+0000] {spark_submit.py:579} INFO - driverExtraClassPath    null
[2024-09-14T21:31:41.957+0000] {spark_submit.py:579} INFO - driverExtraLibraryPath  null
[2024-09-14T21:31:41.958+0000] {spark_submit.py:579} INFO - driverExtraJavaOptions  null
[2024-09-14T21:31:41.959+0000] {spark_submit.py:579} INFO - supervise               false
[2024-09-14T21:31:41.960+0000] {spark_submit.py:579} INFO - queue                   null
[2024-09-14T21:31:41.962+0000] {spark_submit.py:579} INFO - numExecutors            null
[2024-09-14T21:31:41.964+0000] {spark_submit.py:579} INFO - files                   null
[2024-09-14T21:31:41.965+0000] {spark_submit.py:579} INFO - pyFiles                 null
[2024-09-14T21:31:41.966+0000] {spark_submit.py:579} INFO - archives                null
[2024-09-14T21:31:41.967+0000] {spark_submit.py:579} INFO - mainClass               null
[2024-09-14T21:31:41.968+0000] {spark_submit.py:579} INFO - primaryResource         file:/opt/***/dags/air_data_analysis.py
[2024-09-14T21:31:41.969+0000] {spark_submit.py:579} INFO - name                    arrow-spark
[2024-09-14T21:31:41.970+0000] {spark_submit.py:579} INFO - childArgs               []
[2024-09-14T21:31:41.971+0000] {spark_submit.py:579} INFO - jars                    null
[2024-09-14T21:31:41.972+0000] {spark_submit.py:579} INFO - packages                null
[2024-09-14T21:31:41.974+0000] {spark_submit.py:579} INFO - packagesExclusions      null
[2024-09-14T21:31:41.975+0000] {spark_submit.py:579} INFO - repositories            null
[2024-09-14T21:31:41.976+0000] {spark_submit.py:579} INFO - verbose                 true
[2024-09-14T21:31:41.977+0000] {spark_submit.py:579} INFO - 
[2024-09-14T21:31:41.978+0000] {spark_submit.py:579} INFO - Spark properties used, including those specified through
[2024-09-14T21:31:41.979+0000] {spark_submit.py:579} INFO - --conf and those from the properties file null:
[2024-09-14T21:31:41.980+0000] {spark_submit.py:579} INFO - (spark.master,spark://spark-master:7077)
[2024-09-14T21:31:41.981+0000] {spark_submit.py:579} INFO - 
[2024-09-14T21:31:41.982+0000] {spark_submit.py:579} INFO - 
[2024-09-14T21:31:42.618+0000] {spark_submit.py:579} INFO - Main class:
[2024-09-14T21:31:42.619+0000] {spark_submit.py:579} INFO - org.apache.spark.deploy.PythonRunner
[2024-09-14T21:31:42.621+0000] {spark_submit.py:579} INFO - Arguments:
[2024-09-14T21:31:42.622+0000] {spark_submit.py:579} INFO - file:/opt/***/dags/air_data_analysis.py
[2024-09-14T21:31:42.623+0000] {spark_submit.py:579} INFO - null
[2024-09-14T21:31:42.625+0000] {spark_submit.py:579} INFO - Spark config:
[2024-09-14T21:31:42.627+0000] {spark_submit.py:579} INFO - (spark.app.name,arrow-spark)
[2024-09-14T21:31:42.628+0000] {spark_submit.py:579} INFO - (spark.app.submitTime,1726349502593)
[2024-09-14T21:31:42.629+0000] {spark_submit.py:579} INFO - (spark.master,spark://spark-master:7077)
[2024-09-14T21:31:42.630+0000] {spark_submit.py:579} INFO - (spark.submit.deployMode,client)
[2024-09-14T21:31:42.631+0000] {spark_submit.py:579} INFO - (spark.submit.pyFiles,)
[2024-09-14T21:31:42.632+0000] {spark_submit.py:579} INFO - Classpath elements:
[2024-09-14T21:31:42.634+0000] {spark_submit.py:579} INFO - 
[2024-09-14T21:31:42.635+0000] {spark_submit.py:579} INFO - 
[2024-09-14T21:31:42.636+0000] {spark_submit.py:579} INFO - 
[2024-09-14T21:31:44.834+0000] {spark_submit.py:579} INFO - 24/09/14 21:31:44 INFO SparkContext: Running Spark version 3.5.2
[2024-09-14T21:31:44.842+0000] {spark_submit.py:579} INFO - 24/09/14 21:31:44 INFO SparkContext: OS info Linux, 5.15.153.1-microsoft-standard-WSL2, amd64
[2024-09-14T21:31:44.843+0000] {spark_submit.py:579} INFO - 24/09/14 21:31:44 INFO SparkContext: Java version 17.0.12
[2024-09-14T21:31:45.001+0000] {spark_submit.py:579} INFO - 24/09/14 21:31:45 WARN NativeCodeLoader: Unable to load native-hadoop library for your platform... using builtin-java classes where applicable
[2024-09-14T21:31:45.316+0000] {spark_submit.py:579} INFO - 24/09/14 21:31:45 INFO ResourceUtils: ==============================================================
[2024-09-14T21:31:45.317+0000] {spark_submit.py:579} INFO - 24/09/14 21:31:45 INFO ResourceUtils: No custom resources configured for spark.driver.
[2024-09-14T21:31:45.318+0000] {spark_submit.py:579} INFO - 24/09/14 21:31:45 INFO ResourceUtils: ==============================================================
[2024-09-14T21:31:45.319+0000] {spark_submit.py:579} INFO - 24/09/14 21:31:45 INFO SparkContext: Submitted application: Airbnb_regr_model
[2024-09-14T21:31:45.370+0000] {spark_submit.py:579} INFO - 24/09/14 21:31:45 INFO ResourceProfile: Default ResourceProfile created, executor resources: Map(cores -> name: cores, amount: 1, script: , vendor: , memory -> name: memory, amount: 1024, script: , vendor: , offHeap -> name: offHeap, amount: 0, script: , vendor: ), task resources: Map(cpus -> name: cpus, amount: 1.0)
[2024-09-14T21:31:45.388+0000] {spark_submit.py:579} INFO - 24/09/14 21:31:45 INFO ResourceProfile: Limiting resource is cpu
[2024-09-14T21:31:45.389+0000] {spark_submit.py:579} INFO - 24/09/14 21:31:45 INFO ResourceProfileManager: Added ResourceProfile id: 0
[2024-09-14T21:31:45.575+0000] {spark_submit.py:579} INFO - 24/09/14 21:31:45 INFO SecurityManager: Changing view acls to: ***
[2024-09-14T21:31:45.577+0000] {spark_submit.py:579} INFO - 24/09/14 21:31:45 INFO SecurityManager: Changing modify acls to: ***
[2024-09-14T21:31:45.578+0000] {spark_submit.py:579} INFO - 24/09/14 21:31:45 INFO SecurityManager: Changing view acls groups to:
[2024-09-14T21:31:45.580+0000] {spark_submit.py:579} INFO - 24/09/14 21:31:45 INFO SecurityManager: Changing modify acls groups to:
[2024-09-14T21:31:45.581+0000] {spark_submit.py:579} INFO - 24/09/14 21:31:45 INFO SecurityManager: SecurityManager: authentication disabled; ui acls disabled; users with view permissions: ***; groups with view permissions: EMPTY; users with modify permissions: ***; groups with modify permissions: EMPTY
[2024-09-14T21:31:46.264+0000] {spark_submit.py:579} INFO - 24/09/14 21:31:46 INFO Utils: Successfully started service 'sparkDriver' on port 37217.
[2024-09-14T21:31:46.343+0000] {spark_submit.py:579} INFO - 24/09/14 21:31:46 INFO SparkEnv: Registering MapOutputTracker
[2024-09-14T21:31:46.434+0000] {spark_submit.py:579} INFO - 24/09/14 21:31:46 INFO SparkEnv: Registering BlockManagerMaster
[2024-09-14T21:31:46.479+0000] {spark_submit.py:579} INFO - 24/09/14 21:31:46 INFO BlockManagerMasterEndpoint: Using org.apache.spark.storage.DefaultTopologyMapper for getting topology information
[2024-09-14T21:31:46.481+0000] {spark_submit.py:579} INFO - 24/09/14 21:31:46 INFO BlockManagerMasterEndpoint: BlockManagerMasterEndpoint up
[2024-09-14T21:31:46.489+0000] {spark_submit.py:579} INFO - 24/09/14 21:31:46 INFO SparkEnv: Registering BlockManagerMasterHeartbeat
[2024-09-14T21:31:46.549+0000] {spark_submit.py:579} INFO - 24/09/14 21:31:46 INFO DiskBlockManager: Created local directory at /tmp/blockmgr-6727f346-d683-40f7-b469-834f69b10f0b
[2024-09-14T21:31:46.582+0000] {spark_submit.py:579} INFO - 24/09/14 21:31:46 INFO MemoryStore: MemoryStore started with capacity 434.4 MiB
[2024-09-14T21:31:46.614+0000] {spark_submit.py:579} INFO - 24/09/14 21:31:46 INFO SparkEnv: Registering OutputCommitCoordinator
[2024-09-14T21:31:46.928+0000] {spark_submit.py:579} INFO - 24/09/14 21:31:46 INFO JettyUtils: Start Jetty 0.0.0.0:4040 for SparkUI
[2024-09-14T21:31:47.060+0000] {spark_submit.py:579} INFO - 24/09/14 21:31:47 INFO Utils: Successfully started service 'SparkUI' on port 4040.
[2024-09-14T21:31:47.265+0000] {spark_submit.py:579} INFO - 24/09/14 21:31:47 INFO Executor: Starting executor ID driver on host fb744bf0dc86
[2024-09-14T21:31:47.266+0000] {spark_submit.py:579} INFO - 24/09/14 21:31:47 INFO Executor: OS info Linux, 5.15.153.1-microsoft-standard-WSL2, amd64
[2024-09-14T21:31:47.268+0000] {spark_submit.py:579} INFO - 24/09/14 21:31:47 INFO Executor: Java version 17.0.12
[2024-09-14T21:31:47.285+0000] {spark_submit.py:579} INFO - 24/09/14 21:31:47 INFO Executor: Starting executor with user classpath (userClassPathFirst = false): ''
[2024-09-14T21:31:47.286+0000] {spark_submit.py:579} INFO - 24/09/14 21:31:47 INFO Executor: Created or updated repl class loader org.apache.spark.util.MutableURLClassLoader@2b2d567f for default.
[2024-09-14T21:31:47.329+0000] {spark_submit.py:579} INFO - 24/09/14 21:31:47 INFO Utils: Successfully started service 'org.apache.spark.network.netty.NettyBlockTransferService' on port 42861.
[2024-09-14T21:31:47.331+0000] {spark_submit.py:579} INFO - 24/09/14 21:31:47 INFO NettyBlockTransferService: Server created on fb744bf0dc86:42861
[2024-09-14T21:31:47.335+0000] {spark_submit.py:579} INFO - 24/09/14 21:31:47 INFO BlockManager: Using org.apache.spark.storage.RandomBlockReplicationPolicy for block replication policy
[2024-09-14T21:31:47.350+0000] {spark_submit.py:579} INFO - 24/09/14 21:31:47 INFO BlockManagerMaster: Registering BlockManager BlockManagerId(driver, fb744bf0dc86, 42861, None)
[2024-09-14T21:31:47.357+0000] {spark_submit.py:579} INFO - 24/09/14 21:31:47 INFO BlockManagerMasterEndpoint: Registering block manager fb744bf0dc86:42861 with 434.4 MiB RAM, BlockManagerId(driver, fb744bf0dc86, 42861, None)
[2024-09-14T21:31:47.362+0000] {spark_submit.py:579} INFO - 24/09/14 21:31:47 INFO BlockManagerMaster: Registered BlockManager BlockManagerId(driver, fb744bf0dc86, 42861, None)
[2024-09-14T21:31:47.364+0000] {spark_submit.py:579} INFO - 24/09/14 21:31:47 INFO BlockManager: Initialized BlockManager: BlockManagerId(driver, fb744bf0dc86, 42861, None)
[2024-09-14T21:31:48.467+0000] {spark_submit.py:579} INFO - 24/09/14 21:31:48 INFO SharedState: Setting hive.metastore.warehouse.dir ('null') to the value of spark.sql.warehouse.dir.
[2024-09-14T21:31:48.485+0000] {spark_submit.py:579} INFO - 24/09/14 21:31:48 INFO SharedState: Warehouse path is 'file:/user/hive/warehouse'.
[2024-09-14T21:31:50.582+0000] {spark_submit.py:579} INFO - 24/09/14 21:31:50 INFO InMemoryFileIndex: It took 147 ms to list leaf files for 1 paths.
[2024-09-14T21:31:50.748+0000] {spark_submit.py:579} INFO - 24/09/14 21:31:50 INFO InMemoryFileIndex: It took 4 ms to list leaf files for 1 paths.
[2024-09-14T21:31:55.030+0000] {spark_submit.py:579} INFO - 24/09/14 21:31:55 INFO FileSourceStrategy: Pushed Filters:
[2024-09-14T21:31:55.032+0000] {spark_submit.py:579} INFO - 24/09/14 21:31:55 INFO FileSourceStrategy: Post-Scan Filters:
[2024-09-14T21:31:55.583+0000] {spark_submit.py:579} INFO - 24/09/14 21:31:55 INFO MemoryStore: Block broadcast_0 stored as values in memory (estimated size 200.2 KiB, free 434.2 MiB)
[2024-09-14T21:31:55.686+0000] {spark_submit.py:579} INFO - 24/09/14 21:31:55 INFO MemoryStore: Block broadcast_0_piece0 stored as bytes in memory (estimated size 34.5 KiB, free 434.2 MiB)
[2024-09-14T21:31:55.694+0000] {spark_submit.py:579} INFO - 24/09/14 21:31:55 INFO BlockManagerInfo: Added broadcast_0_piece0 in memory on fb744bf0dc86:42861 (size: 34.5 KiB, free: 434.4 MiB)
[2024-09-14T21:31:55.706+0000] {spark_submit.py:579} INFO - 24/09/14 21:31:55 INFO SparkContext: Created broadcast 0 from csv at NativeMethodAccessorImpl.java:0
[2024-09-14T21:31:55.728+0000] {spark_submit.py:579} INFO - 24/09/14 21:31:55 INFO FileSourceScanExec: Planning scan with bin packing, max size: 4194304 bytes, open cost is considered as scanning 4194304 bytes.
[2024-09-14T21:31:56.919+0000] {spark_submit.py:579} INFO - 24/09/14 21:31:56 INFO CodeGenerator: Code generated in 372.061856 ms
[2024-09-14T21:31:57.017+0000] {spark_submit.py:579} INFO - 24/09/14 21:31:57 INFO SparkContext: Starting job: csv at NativeMethodAccessorImpl.java:0
[2024-09-14T21:31:57.052+0000] {spark_submit.py:579} INFO - 24/09/14 21:31:57 INFO DAGScheduler: Got job 0 (csv at NativeMethodAccessorImpl.java:0) with 1 output partitions
[2024-09-14T21:31:57.053+0000] {spark_submit.py:579} INFO - 24/09/14 21:31:57 INFO DAGScheduler: Final stage: ResultStage 0 (csv at NativeMethodAccessorImpl.java:0)
[2024-09-14T21:31:57.054+0000] {spark_submit.py:579} INFO - 24/09/14 21:31:57 INFO DAGScheduler: Parents of final stage: List()
[2024-09-14T21:31:57.057+0000] {spark_submit.py:579} INFO - 24/09/14 21:31:57 INFO DAGScheduler: Missing parents: List()
[2024-09-14T21:31:57.063+0000] {spark_submit.py:579} INFO - 24/09/14 21:31:57 INFO DAGScheduler: Submitting ResultStage 0 (MapPartitionsRDD[6] at csv at NativeMethodAccessorImpl.java:0), which has no missing parents
[2024-09-14T21:31:57.249+0000] {spark_submit.py:579} INFO - 24/09/14 21:31:57 INFO MemoryStore: Block broadcast_1 stored as values in memory (estimated size 19.1 KiB, free 434.2 MiB)
[2024-09-14T21:31:57.253+0000] {spark_submit.py:579} INFO - 24/09/14 21:31:57 INFO MemoryStore: Block broadcast_1_piece0 stored as bytes in memory (estimated size 8.3 KiB, free 434.1 MiB)
[2024-09-14T21:31:57.255+0000] {spark_submit.py:579} INFO - 24/09/14 21:31:57 INFO BlockManagerInfo: Added broadcast_1_piece0 in memory on fb744bf0dc86:42861 (size: 8.3 KiB, free: 434.4 MiB)
[2024-09-14T21:31:57.257+0000] {spark_submit.py:579} INFO - 24/09/14 21:31:57 INFO SparkContext: Created broadcast 1 from broadcast at DAGScheduler.scala:1585
[2024-09-14T21:31:57.293+0000] {spark_submit.py:579} INFO - 24/09/14 21:31:57 INFO DAGScheduler: Submitting 1 missing tasks from ResultStage 0 (MapPartitionsRDD[6] at csv at NativeMethodAccessorImpl.java:0) (first 15 tasks are for partitions Vector(0))
[2024-09-14T21:31:57.296+0000] {spark_submit.py:579} INFO - 24/09/14 21:31:57 INFO TaskSchedulerImpl: Adding task set 0.0 with 1 tasks resource profile 0
[2024-09-14T21:31:57.374+0000] {spark_submit.py:579} INFO - 24/09/14 21:31:57 INFO TaskSetManager: Starting task 0.0 in stage 0.0 (TID 0) (fb744bf0dc86, executor driver, partition 0, PROCESS_LOCAL, 9601 bytes)
[2024-09-14T21:31:57.405+0000] {spark_submit.py:579} INFO - 24/09/14 21:31:57 INFO Executor: Running task 0.0 in stage 0.0 (TID 0)
[2024-09-14T21:31:57.662+0000] {spark_submit.py:579} INFO - 24/09/14 21:31:57 INFO CodeGenerator: Code generated in 35.467756 ms
[2024-09-14T21:31:57.671+0000] {spark_submit.py:579} INFO - 24/09/14 21:31:57 INFO FileScanRDD: Reading File path: file:///opt/***/datasets/Airbnb.csv, range: 0-4194304, partition values: [empty row]
[2024-09-14T21:31:57.710+0000] {spark_submit.py:579} INFO - 24/09/14 21:31:57 INFO CodeGenerator: Code generated in 26.389607 ms
[2024-09-14T21:31:57.828+0000] {spark_submit.py:579} INFO - 24/09/14 21:31:57 INFO Executor: Finished task 0.0 in stage 0.0 (TID 0). 1851 bytes result sent to driver
[2024-09-14T21:31:57.847+0000] {spark_submit.py:579} INFO - 24/09/14 21:31:57 INFO TaskSetManager: Finished task 0.0 in stage 0.0 (TID 0) in 493 ms on fb744bf0dc86 (executor driver) (1/1)
[2024-09-14T21:31:57.850+0000] {spark_submit.py:579} INFO - 24/09/14 21:31:57 INFO TaskSchedulerImpl: Removed TaskSet 0.0, whose tasks have all completed, from pool
[2024-09-14T21:31:57.860+0000] {spark_submit.py:579} INFO - 24/09/14 21:31:57 INFO DAGScheduler: ResultStage 0 (csv at NativeMethodAccessorImpl.java:0) finished in 0.766 s
[2024-09-14T21:31:57.866+0000] {spark_submit.py:579} INFO - 24/09/14 21:31:57 INFO DAGScheduler: Job 0 is finished. Cancelling potential speculative or zombie tasks for this job
[2024-09-14T21:31:57.867+0000] {spark_submit.py:579} INFO - 24/09/14 21:31:57 INFO TaskSchedulerImpl: Killing all running tasks in stage 0: Stage finished
[2024-09-14T21:31:57.873+0000] {spark_submit.py:579} INFO - 24/09/14 21:31:57 INFO DAGScheduler: Job 0 finished: csv at NativeMethodAccessorImpl.java:0, took 0.854357 s
[2024-09-14T21:31:57.915+0000] {spark_submit.py:579} INFO - 24/09/14 21:31:57 INFO CodeGenerator: Code generated in 16.882075 ms
[2024-09-14T21:31:58.007+0000] {spark_submit.py:579} INFO - 24/09/14 21:31:58 INFO BlockManagerInfo: Removed broadcast_1_piece0 on fb744bf0dc86:42861 in memory (size: 8.3 KiB, free: 434.4 MiB)
[2024-09-14T21:31:58.108+0000] {spark_submit.py:579} INFO - 24/09/14 21:31:58 INFO SparkContext: Starting job: csv at NativeMethodAccessorImpl.java:0
[2024-09-14T21:31:58.111+0000] {spark_submit.py:579} INFO - 24/09/14 21:31:58 INFO DAGScheduler: Got job 1 (csv at NativeMethodAccessorImpl.java:0) with 2 output partitions
[2024-09-14T21:31:58.112+0000] {spark_submit.py:579} INFO - 24/09/14 21:31:58 INFO DAGScheduler: Final stage: ResultStage 1 (csv at NativeMethodAccessorImpl.java:0)
[2024-09-14T21:31:58.113+0000] {spark_submit.py:579} INFO - 24/09/14 21:31:58 INFO DAGScheduler: Parents of final stage: List()
[2024-09-14T21:31:58.114+0000] {spark_submit.py:579} INFO - 24/09/14 21:31:58 INFO DAGScheduler: Missing parents: List()
[2024-09-14T21:31:58.115+0000] {spark_submit.py:579} INFO - 24/09/14 21:31:58 INFO DAGScheduler: Submitting ResultStage 1 (MapPartitionsRDD[10] at csv at NativeMethodAccessorImpl.java:0), which has no missing parents
[2024-09-14T21:31:58.125+0000] {spark_submit.py:579} INFO - 24/09/14 21:31:58 INFO MemoryStore: Block broadcast_2 stored as values in memory (estimated size 19.7 KiB, free 434.2 MiB)
[2024-09-14T21:31:58.130+0000] {spark_submit.py:579} INFO - 24/09/14 21:31:58 INFO MemoryStore: Block broadcast_2_piece0 stored as bytes in memory (estimated size 9.1 KiB, free 434.1 MiB)
[2024-09-14T21:31:58.133+0000] {spark_submit.py:579} INFO - 24/09/14 21:31:58 INFO BlockManagerInfo: Added broadcast_2_piece0 in memory on fb744bf0dc86:42861 (size: 9.1 KiB, free: 434.4 MiB)
[2024-09-14T21:31:58.134+0000] {spark_submit.py:579} INFO - 24/09/14 21:31:58 INFO SparkContext: Created broadcast 2 from broadcast at DAGScheduler.scala:1585
[2024-09-14T21:31:58.137+0000] {spark_submit.py:579} INFO - 24/09/14 21:31:58 INFO DAGScheduler: Submitting 2 missing tasks from ResultStage 1 (MapPartitionsRDD[10] at csv at NativeMethodAccessorImpl.java:0) (first 15 tasks are for partitions Vector(0, 1))
[2024-09-14T21:31:58.138+0000] {spark_submit.py:579} INFO - 24/09/14 21:31:58 INFO TaskSchedulerImpl: Adding task set 1.0 with 2 tasks resource profile 0
[2024-09-14T21:31:58.141+0000] {spark_submit.py:579} INFO - 24/09/14 21:31:58 INFO TaskSetManager: Starting task 0.0 in stage 1.0 (TID 1) (fb744bf0dc86, executor driver, partition 0, PROCESS_LOCAL, 9601 bytes)
[2024-09-14T21:31:58.142+0000] {spark_submit.py:579} INFO - 24/09/14 21:31:58 INFO TaskSetManager: Starting task 1.0 in stage 1.0 (TID 2) (fb744bf0dc86, executor driver, partition 1, PROCESS_LOCAL, 9601 bytes)
[2024-09-14T21:31:58.144+0000] {spark_submit.py:579} INFO - 24/09/14 21:31:58 INFO Executor: Running task 0.0 in stage 1.0 (TID 1)
[2024-09-14T21:31:58.145+0000] {spark_submit.py:579} INFO - 24/09/14 21:31:58 INFO Executor: Running task 1.0 in stage 1.0 (TID 2)
[2024-09-14T21:31:58.192+0000] {spark_submit.py:579} INFO - 24/09/14 21:31:58 INFO FileScanRDD: Reading File path: file:///opt/***/datasets/Airbnb.csv, range: 4194304-7081245, partition values: [empty row]
[2024-09-14T21:31:58.193+0000] {spark_submit.py:579} INFO - 24/09/14 21:31:58 INFO FileScanRDD: Reading File path: file:///opt/***/datasets/Airbnb.csv, range: 0-4194304, partition values: [empty row]
[2024-09-14T21:31:59.009+0000] {spark_submit.py:579} INFO - 24/09/14 21:31:59 INFO Executor: Finished task 1.0 in stage 1.0 (TID 2). 1546 bytes result sent to driver
[2024-09-14T21:31:59.013+0000] {spark_submit.py:579} INFO - 24/09/14 21:31:59 INFO TaskSetManager: Finished task 1.0 in stage 1.0 (TID 2) in 871 ms on fb744bf0dc86 (executor driver) (1/2)
[2024-09-14T21:31:59.160+0000] {spark_submit.py:579} INFO - 24/09/14 21:31:59 INFO Executor: Finished task 0.0 in stage 1.0 (TID 1). 1546 bytes result sent to driver
[2024-09-14T21:31:59.163+0000] {spark_submit.py:579} INFO - 24/09/14 21:31:59 INFO TaskSetManager: Finished task 0.0 in stage 1.0 (TID 1) in 1023 ms on fb744bf0dc86 (executor driver) (2/2)
[2024-09-14T21:31:59.165+0000] {spark_submit.py:579} INFO - 24/09/14 21:31:59 INFO TaskSchedulerImpl: Removed TaskSet 1.0, whose tasks have all completed, from pool
[2024-09-14T21:31:59.166+0000] {spark_submit.py:579} INFO - 24/09/14 21:31:59 INFO DAGScheduler: ResultStage 1 (csv at NativeMethodAccessorImpl.java:0) finished in 1.048 s
[2024-09-14T21:31:59.167+0000] {spark_submit.py:579} INFO - 24/09/14 21:31:59 INFO DAGScheduler: Job 1 is finished. Cancelling potential speculative or zombie tasks for this job
[2024-09-14T21:31:59.169+0000] {spark_submit.py:579} INFO - 24/09/14 21:31:59 INFO TaskSchedulerImpl: Killing all running tasks in stage 1: Stage finished
[2024-09-14T21:31:59.170+0000] {spark_submit.py:579} INFO - 24/09/14 21:31:59 INFO DAGScheduler: Job 1 finished: csv at NativeMethodAccessorImpl.java:0, took 1.059453 s
[2024-09-14T21:31:59.544+0000] {spark_submit.py:579} INFO - 24/09/14 21:31:59 INFO FileSourceStrategy: Pushed Filters:
[2024-09-14T21:31:59.546+0000] {spark_submit.py:579} INFO - 24/09/14 21:31:59 INFO FileSourceStrategy: Post-Scan Filters:
[2024-09-14T21:31:59.699+0000] {spark_submit.py:579} INFO - 24/09/14 21:31:59 INFO CodeGenerator: Code generated in 66.506989 ms
[2024-09-14T21:31:59.707+0000] {spark_submit.py:579} INFO - 24/09/14 21:31:59 INFO MemoryStore: Block broadcast_3 stored as values in memory (estimated size 200.1 KiB, free 433.9 MiB)
[2024-09-14T21:31:59.723+0000] {spark_submit.py:579} INFO - 24/09/14 21:31:59 INFO BlockManagerInfo: Removed broadcast_2_piece0 on fb744bf0dc86:42861 in memory (size: 9.1 KiB, free: 434.4 MiB)
[2024-09-14T21:31:59.729+0000] {spark_submit.py:579} INFO - 24/09/14 21:31:59 INFO MemoryStore: Block broadcast_3_piece0 stored as bytes in memory (estimated size 34.5 KiB, free 433.9 MiB)
[2024-09-14T21:31:59.730+0000] {spark_submit.py:579} INFO - 24/09/14 21:31:59 INFO BlockManagerInfo: Added broadcast_3_piece0 in memory on fb744bf0dc86:42861 (size: 34.5 KiB, free: 434.3 MiB)
[2024-09-14T21:31:59.733+0000] {spark_submit.py:579} INFO - 24/09/14 21:31:59 INFO SparkContext: Created broadcast 3 from showString at NativeMethodAccessorImpl.java:0
[2024-09-14T21:31:59.745+0000] {spark_submit.py:579} INFO - 24/09/14 21:31:59 INFO FileSourceScanExec: Planning scan with bin packing, max size: 4194304 bytes, open cost is considered as scanning 4194304 bytes.
[2024-09-14T21:31:59.774+0000] {spark_submit.py:579} INFO - 24/09/14 21:31:59 INFO SparkContext: Starting job: showString at NativeMethodAccessorImpl.java:0
[2024-09-14T21:31:59.776+0000] {spark_submit.py:579} INFO - 24/09/14 21:31:59 INFO DAGScheduler: Got job 2 (showString at NativeMethodAccessorImpl.java:0) with 1 output partitions
[2024-09-14T21:31:59.778+0000] {spark_submit.py:579} INFO - 24/09/14 21:31:59 INFO DAGScheduler: Final stage: ResultStage 2 (showString at NativeMethodAccessorImpl.java:0)
[2024-09-14T21:31:59.779+0000] {spark_submit.py:579} INFO - 24/09/14 21:31:59 INFO DAGScheduler: Parents of final stage: List()
[2024-09-14T21:31:59.780+0000] {spark_submit.py:579} INFO - 24/09/14 21:31:59 INFO DAGScheduler: Missing parents: List()
[2024-09-14T21:31:59.781+0000] {spark_submit.py:579} INFO - 24/09/14 21:31:59 INFO DAGScheduler: Submitting ResultStage 2 (MapPartitionsRDD[14] at showString at NativeMethodAccessorImpl.java:0), which has no missing parents
[2024-09-14T21:31:59.788+0000] {spark_submit.py:579} INFO - 24/09/14 21:31:59 INFO MemoryStore: Block broadcast_4 stored as values in memory (estimated size 20.4 KiB, free 433.9 MiB)
[2024-09-14T21:31:59.801+0000] {spark_submit.py:579} INFO - 24/09/14 21:31:59 INFO MemoryStore: Block broadcast_4_piece0 stored as bytes in memory (estimated size 9.2 KiB, free 433.9 MiB)
[2024-09-14T21:31:59.804+0000] {spark_submit.py:579} INFO - 24/09/14 21:31:59 INFO BlockManagerInfo: Added broadcast_4_piece0 in memory on fb744bf0dc86:42861 (size: 9.2 KiB, free: 434.3 MiB)
[2024-09-14T21:31:59.806+0000] {spark_submit.py:579} INFO - 24/09/14 21:31:59 INFO SparkContext: Created broadcast 4 from broadcast at DAGScheduler.scala:1585
[2024-09-14T21:31:59.808+0000] {spark_submit.py:579} INFO - 24/09/14 21:31:59 INFO DAGScheduler: Submitting 1 missing tasks from ResultStage 2 (MapPartitionsRDD[14] at showString at NativeMethodAccessorImpl.java:0) (first 15 tasks are for partitions Vector(0))
[2024-09-14T21:31:59.809+0000] {spark_submit.py:579} INFO - 24/09/14 21:31:59 INFO TaskSchedulerImpl: Adding task set 2.0 with 1 tasks resource profile 0
[2024-09-14T21:31:59.812+0000] {spark_submit.py:579} INFO - 24/09/14 21:31:59 INFO TaskSetManager: Starting task 0.0 in stage 2.0 (TID 3) (fb744bf0dc86, executor driver, partition 0, PROCESS_LOCAL, 9601 bytes)
[2024-09-14T21:31:59.814+0000] {spark_submit.py:579} INFO - 24/09/14 21:31:59 INFO Executor: Running task 0.0 in stage 2.0 (TID 3)
[2024-09-14T21:31:59.869+0000] {spark_submit.py:579} INFO - 24/09/14 21:31:59 INFO CodeGenerator: Code generated in 38.683961 ms
[2024-09-14T21:31:59.872+0000] {spark_submit.py:579} INFO - 24/09/14 21:31:59 INFO FileScanRDD: Reading File path: file:///opt/***/datasets/Airbnb.csv, range: 0-4194304, partition values: [empty row]
[2024-09-14T21:31:59.889+0000] {spark_submit.py:579} INFO - 24/09/14 21:31:59 INFO CodeGenerator: Code generated in 12.622764 ms
[2024-09-14T21:31:59.950+0000] {spark_submit.py:579} INFO - 24/09/14 21:31:59 INFO Executor: Finished task 0.0 in stage 2.0 (TID 3). 1774 bytes result sent to driver
[2024-09-14T21:31:59.955+0000] {spark_submit.py:579} INFO - 24/09/14 21:31:59 INFO TaskSetManager: Finished task 0.0 in stage 2.0 (TID 3) in 143 ms on fb744bf0dc86 (executor driver) (1/1)
[2024-09-14T21:31:59.956+0000] {spark_submit.py:579} INFO - 24/09/14 21:31:59 INFO TaskSchedulerImpl: Removed TaskSet 2.0, whose tasks have all completed, from pool
[2024-09-14T21:31:59.958+0000] {spark_submit.py:579} INFO - 24/09/14 21:31:59 INFO DAGScheduler: ResultStage 2 (showString at NativeMethodAccessorImpl.java:0) finished in 0.175 s
[2024-09-14T21:31:59.959+0000] {spark_submit.py:579} INFO - 24/09/14 21:31:59 INFO DAGScheduler: Job 2 is finished. Cancelling potential speculative or zombie tasks for this job
[2024-09-14T21:31:59.961+0000] {spark_submit.py:579} INFO - 24/09/14 21:31:59 INFO TaskSchedulerImpl: Killing all running tasks in stage 2: Stage finished
[2024-09-14T21:31:59.962+0000] {spark_submit.py:579} INFO - 24/09/14 21:31:59 INFO DAGScheduler: Job 2 finished: showString at NativeMethodAccessorImpl.java:0, took 0.185486 s
[2024-09-14T21:31:59.986+0000] {spark_submit.py:579} INFO - 24/09/14 21:31:59 INFO CodeGenerator: Code generated in 14.988479 ms
[2024-09-14T21:32:00.000+0000] {spark_submit.py:579} INFO - +--------+---------+
[2024-09-14T21:32:00.001+0000] {spark_submit.py:579} INFO - |latitude|longitude|
[2024-09-14T21:32:00.003+0000] {spark_submit.py:579} INFO - +--------+---------+
[2024-09-14T21:32:00.004+0000] {spark_submit.py:579} INFO - |40.64749|-73.97237|
[2024-09-14T21:32:00.005+0000] {spark_submit.py:579} INFO - |40.75362|-73.98377|
[2024-09-14T21:32:00.006+0000] {spark_submit.py:579} INFO - |40.80902| -73.9419|
[2024-09-14T21:32:00.007+0000] {spark_submit.py:579} INFO - |40.68514|-73.95976|
[2024-09-14T21:32:00.008+0000] {spark_submit.py:579} INFO - |40.79851|-73.94399|
[2024-09-14T21:32:00.009+0000] {spark_submit.py:579} INFO - |40.74767|  -73.975|
[2024-09-14T21:32:00.010+0000] {spark_submit.py:579} INFO - |40.68688|-73.95596|
[2024-09-14T21:32:00.010+0000] {spark_submit.py:579} INFO - |40.76489|-73.98493|
[2024-09-14T21:32:00.011+0000] {spark_submit.py:579} INFO - |40.80178|-73.96723|
[2024-09-14T21:32:00.012+0000] {spark_submit.py:579} INFO - |40.71344|-73.99037|
[2024-09-14T21:32:00.013+0000] {spark_submit.py:579} INFO - +--------+---------+
[2024-09-14T21:32:00.014+0000] {spark_submit.py:579} INFO - only showing top 10 rows
[2024-09-14T21:32:00.015+0000] {spark_submit.py:579} INFO - 
[2024-09-14T21:32:00.160+0000] {spark_submit.py:579} INFO - Таблица с нулами
[2024-09-14T21:32:00.473+0000] {spark_submit.py:579} INFO - 24/09/14 21:32:00 INFO FileSourceStrategy: Pushed Filters:
[2024-09-14T21:32:00.475+0000] {spark_submit.py:579} INFO - 24/09/14 21:32:00 INFO FileSourceStrategy: Post-Scan Filters: atleastnnonnulls(10, neighbourhood_group#25, neighbourhood#26, cast(regexp_replace(latitude#27, ,, ., 1) as float), cast(regexp_replace(longitude#28, ,, ., 1) as float), room_type#29, price#30, minimum_nights#31, number_of_reviews#32, calculated_host_listings_count#35, availability_365#36),(((((((((isnull(neighbourhood_group#25) OR isnull(neighbourhood#26)) OR isnull(cast(regexp_replace(latitude#27, ,, ., 1) as float))) OR isnull(cast(regexp_replace(longitude#28, ,, ., 1) as float))) OR isnull(room_type#29)) OR isnull(price#30)) OR isnull(minimum_nights#31)) OR isnull(number_of_reviews#32)) OR isnull(calculated_host_listings_count#35)) OR isnull(availability_365#36))
[2024-09-14T21:32:00.916+0000] {spark_submit.py:579} INFO - 24/09/14 21:32:00 INFO CodeGenerator: Code generated in 250.713278 ms
[2024-09-14T21:32:00.936+0000] {spark_submit.py:579} INFO - 24/09/14 21:32:00 INFO MemoryStore: Block broadcast_5 stored as values in memory (estimated size 200.1 KiB, free 433.7 MiB)
[2024-09-14T21:32:00.965+0000] {spark_submit.py:579} INFO - 24/09/14 21:32:00 INFO MemoryStore: Block broadcast_5_piece0 stored as bytes in memory (estimated size 34.5 KiB, free 433.7 MiB)
[2024-09-14T21:32:00.970+0000] {spark_submit.py:579} INFO - 24/09/14 21:32:00 INFO BlockManagerInfo: Added broadcast_5_piece0 in memory on fb744bf0dc86:42861 (size: 34.5 KiB, free: 434.3 MiB)
[2024-09-14T21:32:00.974+0000] {spark_submit.py:579} INFO - 24/09/14 21:32:00 INFO SparkContext: Created broadcast 5 from showString at NativeMethodAccessorImpl.java:0
[2024-09-14T21:32:00.986+0000] {spark_submit.py:579} INFO - 24/09/14 21:32:00 INFO FileSourceScanExec: Planning scan with bin packing, max size: 4194304 bytes, open cost is considered as scanning 4194304 bytes.
[2024-09-14T21:32:01.048+0000] {spark_submit.py:579} INFO - 24/09/14 21:32:01 INFO SparkContext: Starting job: showString at NativeMethodAccessorImpl.java:0
[2024-09-14T21:32:01.053+0000] {spark_submit.py:579} INFO - 24/09/14 21:32:01 INFO DAGScheduler: Got job 3 (showString at NativeMethodAccessorImpl.java:0) with 1 output partitions
[2024-09-14T21:32:01.055+0000] {spark_submit.py:579} INFO - 24/09/14 21:32:01 INFO DAGScheduler: Final stage: ResultStage 3 (showString at NativeMethodAccessorImpl.java:0)
[2024-09-14T21:32:01.057+0000] {spark_submit.py:579} INFO - 24/09/14 21:32:01 INFO DAGScheduler: Parents of final stage: List()
[2024-09-14T21:32:01.058+0000] {spark_submit.py:579} INFO - 24/09/14 21:32:01 INFO DAGScheduler: Missing parents: List()
[2024-09-14T21:32:01.060+0000] {spark_submit.py:579} INFO - 24/09/14 21:32:01 INFO DAGScheduler: Submitting ResultStage 3 (MapPartitionsRDD[18] at showString at NativeMethodAccessorImpl.java:0), which has no missing parents
[2024-09-14T21:32:01.070+0000] {spark_submit.py:579} INFO - 24/09/14 21:32:01 INFO MemoryStore: Block broadcast_6 stored as values in memory (estimated size 34.8 KiB, free 433.6 MiB)
[2024-09-14T21:32:01.075+0000] {spark_submit.py:579} INFO - 24/09/14 21:32:01 INFO MemoryStore: Block broadcast_6_piece0 stored as bytes in memory (estimated size 12.5 KiB, free 433.6 MiB)
[2024-09-14T21:32:01.077+0000] {spark_submit.py:579} INFO - 24/09/14 21:32:01 INFO BlockManagerInfo: Added broadcast_6_piece0 in memory on fb744bf0dc86:42861 (size: 12.5 KiB, free: 434.3 MiB)
[2024-09-14T21:32:01.079+0000] {spark_submit.py:579} INFO - 24/09/14 21:32:01 INFO SparkContext: Created broadcast 6 from broadcast at DAGScheduler.scala:1585
[2024-09-14T21:32:01.082+0000] {spark_submit.py:579} INFO - 24/09/14 21:32:01 INFO DAGScheduler: Submitting 1 missing tasks from ResultStage 3 (MapPartitionsRDD[18] at showString at NativeMethodAccessorImpl.java:0) (first 15 tasks are for partitions Vector(0))
[2024-09-14T21:32:01.083+0000] {spark_submit.py:579} INFO - 24/09/14 21:32:01 INFO TaskSchedulerImpl: Adding task set 3.0 with 1 tasks resource profile 0
[2024-09-14T21:32:01.087+0000] {spark_submit.py:579} INFO - 24/09/14 21:32:01 INFO TaskSetManager: Starting task 0.0 in stage 3.0 (TID 4) (fb744bf0dc86, executor driver, partition 0, PROCESS_LOCAL, 9601 bytes)
[2024-09-14T21:32:01.089+0000] {spark_submit.py:579} INFO - 24/09/14 21:32:01 INFO Executor: Running task 0.0 in stage 3.0 (TID 4)
[2024-09-14T21:32:01.213+0000] {spark_submit.py:579} INFO - 24/09/14 21:32:01 INFO CodeGenerator: Code generated in 110.197273 ms
[2024-09-14T21:32:01.216+0000] {spark_submit.py:579} INFO - 24/09/14 21:32:01 INFO FileScanRDD: Reading File path: file:///opt/***/datasets/Airbnb.csv, range: 0-4194304, partition values: [empty row]
[2024-09-14T21:32:01.262+0000] {spark_submit.py:579} INFO - 24/09/14 21:32:01 INFO CodeGenerator: Code generated in 28.756408 ms
[2024-09-14T21:32:01.691+0000] {spark_submit.py:579} INFO - 24/09/14 21:32:01 INFO BlockManagerInfo: Removed broadcast_3_piece0 on fb744bf0dc86:42861 in memory (size: 34.5 KiB, free: 434.3 MiB)
[2024-09-14T21:32:01.699+0000] {spark_submit.py:579} INFO - 24/09/14 21:32:01 INFO BlockManagerInfo: Removed broadcast_4_piece0 on fb744bf0dc86:42861 in memory (size: 9.2 KiB, free: 434.3 MiB)
[2024-09-14T21:32:02.212+0000] {spark_submit.py:579} INFO - 24/09/14 21:32:02 INFO Executor: Finished task 0.0 in stage 3.0 (TID 4). 1594 bytes result sent to driver
[2024-09-14T21:32:02.214+0000] {spark_submit.py:579} INFO - 24/09/14 21:32:02 INFO TaskSetManager: Finished task 0.0 in stage 3.0 (TID 4) in 1129 ms on fb744bf0dc86 (executor driver) (1/1)
[2024-09-14T21:32:02.216+0000] {spark_submit.py:579} INFO - 24/09/14 21:32:02 INFO TaskSchedulerImpl: Removed TaskSet 3.0, whose tasks have all completed, from pool
[2024-09-14T21:32:02.218+0000] {spark_submit.py:579} INFO - 24/09/14 21:32:02 INFO DAGScheduler: ResultStage 3 (showString at NativeMethodAccessorImpl.java:0) finished in 1.152 s
[2024-09-14T21:32:02.220+0000] {spark_submit.py:579} INFO - 24/09/14 21:32:02 INFO DAGScheduler: Job 3 is finished. Cancelling potential speculative or zombie tasks for this job
[2024-09-14T21:32:02.221+0000] {spark_submit.py:579} INFO - 24/09/14 21:32:02 INFO TaskSchedulerImpl: Killing all running tasks in stage 3: Stage finished
[2024-09-14T21:32:02.222+0000] {spark_submit.py:579} INFO - 24/09/14 21:32:02 INFO DAGScheduler: Job 3 finished: showString at NativeMethodAccessorImpl.java:0, took 1.171421 s
[2024-09-14T21:32:02.241+0000] {spark_submit.py:579} INFO - 24/09/14 21:32:02 INFO SparkContext: Starting job: showString at NativeMethodAccessorImpl.java:0
[2024-09-14T21:32:02.243+0000] {spark_submit.py:579} INFO - 24/09/14 21:32:02 INFO DAGScheduler: Got job 4 (showString at NativeMethodAccessorImpl.java:0) with 1 output partitions
[2024-09-14T21:32:02.244+0000] {spark_submit.py:579} INFO - 24/09/14 21:32:02 INFO DAGScheduler: Final stage: ResultStage 4 (showString at NativeMethodAccessorImpl.java:0)
[2024-09-14T21:32:02.245+0000] {spark_submit.py:579} INFO - 24/09/14 21:32:02 INFO DAGScheduler: Parents of final stage: List()
[2024-09-14T21:32:02.247+0000] {spark_submit.py:579} INFO - 24/09/14 21:32:02 INFO DAGScheduler: Missing parents: List()
[2024-09-14T21:32:02.248+0000] {spark_submit.py:579} INFO - 24/09/14 21:32:02 INFO DAGScheduler: Submitting ResultStage 4 (MapPartitionsRDD[18] at showString at NativeMethodAccessorImpl.java:0), which has no missing parents
[2024-09-14T21:32:02.252+0000] {spark_submit.py:579} INFO - 24/09/14 21:32:02 INFO MemoryStore: Block broadcast_7 stored as values in memory (estimated size 34.8 KiB, free 433.9 MiB)
[2024-09-14T21:32:02.257+0000] {spark_submit.py:579} INFO - 24/09/14 21:32:02 INFO MemoryStore: Block broadcast_7_piece0 stored as bytes in memory (estimated size 12.5 KiB, free 433.8 MiB)
[2024-09-14T21:32:02.260+0000] {spark_submit.py:579} INFO - 24/09/14 21:32:02 INFO BlockManagerInfo: Added broadcast_7_piece0 in memory on fb744bf0dc86:42861 (size: 12.5 KiB, free: 434.3 MiB)
[2024-09-14T21:32:02.261+0000] {spark_submit.py:579} INFO - 24/09/14 21:32:02 INFO SparkContext: Created broadcast 7 from broadcast at DAGScheduler.scala:1585
[2024-09-14T21:32:02.263+0000] {spark_submit.py:579} INFO - 24/09/14 21:32:02 INFO DAGScheduler: Submitting 1 missing tasks from ResultStage 4 (MapPartitionsRDD[18] at showString at NativeMethodAccessorImpl.java:0) (first 15 tasks are for partitions Vector(1))
[2024-09-14T21:32:02.264+0000] {spark_submit.py:579} INFO - 24/09/14 21:32:02 INFO TaskSchedulerImpl: Adding task set 4.0 with 1 tasks resource profile 0
[2024-09-14T21:32:02.267+0000] {spark_submit.py:579} INFO - 24/09/14 21:32:02 INFO TaskSetManager: Starting task 0.0 in stage 4.0 (TID 5) (fb744bf0dc86, executor driver, partition 1, PROCESS_LOCAL, 9601 bytes)
[2024-09-14T21:32:02.269+0000] {spark_submit.py:579} INFO - 24/09/14 21:32:02 INFO Executor: Running task 0.0 in stage 4.0 (TID 5)
[2024-09-14T21:32:02.277+0000] {spark_submit.py:579} INFO - 24/09/14 21:32:02 INFO FileScanRDD: Reading File path: file:///opt/***/datasets/Airbnb.csv, range: 4194304-7081245, partition values: [empty row]
[2024-09-14T21:32:02.438+0000] {spark_submit.py:579} INFO - 24/09/14 21:32:02 INFO BlockManagerInfo: Removed broadcast_6_piece0 on fb744bf0dc86:42861 in memory (size: 12.5 KiB, free: 434.3 MiB)
[2024-09-14T21:32:02.486+0000] {spark_submit.py:579} INFO - 24/09/14 21:32:02 INFO Executor: Finished task 0.0 in stage 4.0 (TID 5). 1594 bytes result sent to driver
[2024-09-14T21:32:02.489+0000] {spark_submit.py:579} INFO - 24/09/14 21:32:02 INFO TaskSetManager: Finished task 0.0 in stage 4.0 (TID 5) in 222 ms on fb744bf0dc86 (executor driver) (1/1)
[2024-09-14T21:32:02.490+0000] {spark_submit.py:579} INFO - 24/09/14 21:32:02 INFO TaskSchedulerImpl: Removed TaskSet 4.0, whose tasks have all completed, from pool
[2024-09-14T21:32:02.492+0000] {spark_submit.py:579} INFO - 24/09/14 21:32:02 INFO DAGScheduler: ResultStage 4 (showString at NativeMethodAccessorImpl.java:0) finished in 0.243 s
[2024-09-14T21:32:02.494+0000] {spark_submit.py:579} INFO - 24/09/14 21:32:02 INFO DAGScheduler: Job 4 is finished. Cancelling potential speculative or zombie tasks for this job
[2024-09-14T21:32:02.495+0000] {spark_submit.py:579} INFO - 24/09/14 21:32:02 INFO TaskSchedulerImpl: Killing all running tasks in stage 4: Stage finished
[2024-09-14T21:32:02.497+0000] {spark_submit.py:579} INFO - 24/09/14 21:32:02 INFO DAGScheduler: Job 4 finished: showString at NativeMethodAccessorImpl.java:0, took 0.252555 s
[2024-09-14T21:32:02.498+0000] {spark_submit.py:579} INFO - +-------------------+-------------+--------+---------+---------+-----+--------------+-----------------+------------------------------+----------------+
[2024-09-14T21:32:02.499+0000] {spark_submit.py:579} INFO - |neighbourhood_group|neighbourhood|latitude|longitude|room_type|price|minimum_nights|number_of_reviews|calculated_host_listings_count|availability_365|
[2024-09-14T21:32:02.501+0000] {spark_submit.py:579} INFO - +-------------------+-------------+--------+---------+---------+-----+--------------+-----------------+------------------------------+----------------+
[2024-09-14T21:32:02.502+0000] {spark_submit.py:579} INFO - +-------------------+-------------+--------+---------+---------+-----+--------------+-----------------+------------------------------+----------------+
[2024-09-14T21:32:02.504+0000] {spark_submit.py:579} INFO - 
[2024-09-14T21:32:02.959+0000] {spark_submit.py:579} INFO - 24/09/14 21:32:02 INFO FileSourceStrategy: Pushed Filters:
[2024-09-14T21:32:02.960+0000] {spark_submit.py:579} INFO - 24/09/14 21:32:02 INFO FileSourceStrategy: Post-Scan Filters: atleastnnonnulls(10, neighbourhood_group#25, neighbourhood#26, cast(regexp_replace(latitude#27, ,, ., 1) as float), cast(regexp_replace(longitude#28, ,, ., 1) as float), room_type#29, price#30, minimum_nights#31, number_of_reviews#32, calculated_host_listings_count#35, availability_365#36)
[2024-09-14T21:32:03.391+0000] {spark_submit.py:579} INFO - 24/09/14 21:32:03 INFO CodeGenerator: Code generated in 74.010727 ms
[2024-09-14T21:32:03.397+0000] {spark_submit.py:579} INFO - 24/09/14 21:32:03 INFO MemoryStore: Block broadcast_8 stored as values in memory (estimated size 200.1 KiB, free 433.7 MiB)
[2024-09-14T21:32:03.411+0000] {spark_submit.py:579} INFO - 24/09/14 21:32:03 INFO MemoryStore: Block broadcast_8_piece0 stored as bytes in memory (estimated size 34.5 KiB, free 433.7 MiB)
[2024-09-14T21:32:03.415+0000] {spark_submit.py:579} INFO - 24/09/14 21:32:03 INFO BlockManagerInfo: Added broadcast_8_piece0 in memory on fb744bf0dc86:42861 (size: 34.5 KiB, free: 434.3 MiB)
[2024-09-14T21:32:03.416+0000] {spark_submit.py:579} INFO - 24/09/14 21:32:03 INFO SparkContext: Created broadcast 8 from showString at NativeMethodAccessorImpl.java:0
[2024-09-14T21:32:03.420+0000] {spark_submit.py:579} INFO - 24/09/14 21:32:03 INFO FileSourceScanExec: Planning scan with bin packing, max size: 4194304 bytes, open cost is considered as scanning 4194304 bytes.
[2024-09-14T21:32:03.470+0000] {spark_submit.py:579} INFO - 24/09/14 21:32:03 INFO DAGScheduler: Registering RDD 22 (showString at NativeMethodAccessorImpl.java:0) as input to shuffle 0
[2024-09-14T21:32:03.479+0000] {spark_submit.py:579} INFO - 24/09/14 21:32:03 INFO DAGScheduler: Got map stage job 5 (showString at NativeMethodAccessorImpl.java:0) with 2 output partitions
[2024-09-14T21:32:03.480+0000] {spark_submit.py:579} INFO - 24/09/14 21:32:03 INFO DAGScheduler: Final stage: ShuffleMapStage 5 (showString at NativeMethodAccessorImpl.java:0)
[2024-09-14T21:32:03.481+0000] {spark_submit.py:579} INFO - 24/09/14 21:32:03 INFO DAGScheduler: Parents of final stage: List()
[2024-09-14T21:32:03.482+0000] {spark_submit.py:579} INFO - 24/09/14 21:32:03 INFO DAGScheduler: Missing parents: List()
[2024-09-14T21:32:03.486+0000] {spark_submit.py:579} INFO - 24/09/14 21:32:03 INFO DAGScheduler: Submitting ShuffleMapStage 5 (MapPartitionsRDD[22] at showString at NativeMethodAccessorImpl.java:0), which has no missing parents
[2024-09-14T21:32:03.510+0000] {spark_submit.py:579} INFO - 24/09/14 21:32:03 INFO MemoryStore: Block broadcast_9 stored as values in memory (estimated size 45.3 KiB, free 433.6 MiB)
[2024-09-14T21:32:03.515+0000] {spark_submit.py:579} INFO - 24/09/14 21:32:03 INFO MemoryStore: Block broadcast_9_piece0 stored as bytes in memory (estimated size 16.4 KiB, free 433.6 MiB)
[2024-09-14T21:32:03.518+0000] {spark_submit.py:579} INFO - 24/09/14 21:32:03 INFO BlockManagerInfo: Added broadcast_9_piece0 in memory on fb744bf0dc86:42861 (size: 16.4 KiB, free: 434.3 MiB)
[2024-09-14T21:32:03.519+0000] {spark_submit.py:579} INFO - 24/09/14 21:32:03 INFO SparkContext: Created broadcast 9 from broadcast at DAGScheduler.scala:1585
[2024-09-14T21:32:03.522+0000] {spark_submit.py:579} INFO - 24/09/14 21:32:03 INFO DAGScheduler: Submitting 2 missing tasks from ShuffleMapStage 5 (MapPartitionsRDD[22] at showString at NativeMethodAccessorImpl.java:0) (first 15 tasks are for partitions Vector(0, 1))
[2024-09-14T21:32:03.523+0000] {spark_submit.py:579} INFO - 24/09/14 21:32:03 INFO TaskSchedulerImpl: Adding task set 5.0 with 2 tasks resource profile 0
[2024-09-14T21:32:03.526+0000] {spark_submit.py:579} INFO - 24/09/14 21:32:03 INFO TaskSetManager: Starting task 0.0 in stage 5.0 (TID 6) (fb744bf0dc86, executor driver, partition 0, PROCESS_LOCAL, 9590 bytes)
[2024-09-14T21:32:03.527+0000] {spark_submit.py:579} INFO - 24/09/14 21:32:03 INFO TaskSetManager: Starting task 1.0 in stage 5.0 (TID 7) (fb744bf0dc86, executor driver, partition 1, PROCESS_LOCAL, 9590 bytes)
[2024-09-14T21:32:03.529+0000] {spark_submit.py:579} INFO - 24/09/14 21:32:03 INFO Executor: Running task 1.0 in stage 5.0 (TID 7)
[2024-09-14T21:32:03.530+0000] {spark_submit.py:579} INFO - 24/09/14 21:32:03 INFO Executor: Running task 0.0 in stage 5.0 (TID 6)
[2024-09-14T21:32:03.654+0000] {spark_submit.py:579} INFO - 24/09/14 21:32:03 INFO CodeGenerator: Code generated in 93.809529 ms
[2024-09-14T21:32:03.681+0000] {spark_submit.py:579} INFO - 24/09/14 21:32:03 INFO FileScanRDD: Reading File path: file:///opt/***/datasets/Airbnb.csv, range: 0-4194304, partition values: [empty row]
[2024-09-14T21:32:03.683+0000] {spark_submit.py:579} INFO - 24/09/14 21:32:03 INFO FileScanRDD: Reading File path: file:///opt/***/datasets/Airbnb.csv, range: 4194304-7081245, partition values: [empty row]
[2024-09-14T21:32:03.730+0000] {spark_submit.py:579} INFO - 24/09/14 21:32:03 INFO BlockManagerInfo: Removed broadcast_5_piece0 on fb744bf0dc86:42861 in memory (size: 34.5 KiB, free: 434.3 MiB)
[2024-09-14T21:32:03.743+0000] {spark_submit.py:579} INFO - 24/09/14 21:32:03 INFO BlockManagerInfo: Removed broadcast_7_piece0 on fb744bf0dc86:42861 in memory (size: 12.5 KiB, free: 434.3 MiB)
[2024-09-14T21:32:04.157+0000] {spark_submit.py:579} INFO - 24/09/14 21:32:04 INFO Executor: Finished task 1.0 in stage 5.0 (TID 7). 2070 bytes result sent to driver
[2024-09-14T21:32:04.160+0000] {spark_submit.py:579} INFO - 24/09/14 21:32:04 INFO TaskSetManager: Finished task 1.0 in stage 5.0 (TID 7) in 634 ms on fb744bf0dc86 (executor driver) (1/2)
[2024-09-14T21:32:04.194+0000] {spark_submit.py:579} INFO - 24/09/14 21:32:04 INFO Executor: Finished task 0.0 in stage 5.0 (TID 6). 2027 bytes result sent to driver
[2024-09-14T21:32:04.197+0000] {spark_submit.py:579} INFO - 24/09/14 21:32:04 INFO TaskSetManager: Finished task 0.0 in stage 5.0 (TID 6) in 672 ms on fb744bf0dc86 (executor driver) (2/2)
[2024-09-14T21:32:04.198+0000] {spark_submit.py:579} INFO - 24/09/14 21:32:04 INFO TaskSchedulerImpl: Removed TaskSet 5.0, whose tasks have all completed, from pool
[2024-09-14T21:32:04.199+0000] {spark_submit.py:579} INFO - 24/09/14 21:32:04 INFO DAGScheduler: ShuffleMapStage 5 (showString at NativeMethodAccessorImpl.java:0) finished in 0.708 s
[2024-09-14T21:32:04.202+0000] {spark_submit.py:579} INFO - 24/09/14 21:32:04 INFO DAGScheduler: looking for newly runnable stages
[2024-09-14T21:32:04.203+0000] {spark_submit.py:579} INFO - 24/09/14 21:32:04 INFO DAGScheduler: running: Set()
[2024-09-14T21:32:04.204+0000] {spark_submit.py:579} INFO - 24/09/14 21:32:04 INFO DAGScheduler: waiting: Set()
[2024-09-14T21:32:04.205+0000] {spark_submit.py:579} INFO - 24/09/14 21:32:04 INFO DAGScheduler: failed: Set()
[2024-09-14T21:32:04.356+0000] {spark_submit.py:579} INFO - 24/09/14 21:32:04 INFO CodeGenerator: Code generated in 50.295712 ms
[2024-09-14T21:32:04.395+0000] {spark_submit.py:579} INFO - 24/09/14 21:32:04 INFO SparkContext: Starting job: showString at NativeMethodAccessorImpl.java:0
[2024-09-14T21:32:04.399+0000] {spark_submit.py:579} INFO - 24/09/14 21:32:04 INFO DAGScheduler: Got job 6 (showString at NativeMethodAccessorImpl.java:0) with 1 output partitions
[2024-09-14T21:32:04.400+0000] {spark_submit.py:579} INFO - 24/09/14 21:32:04 INFO DAGScheduler: Final stage: ResultStage 7 (showString at NativeMethodAccessorImpl.java:0)
[2024-09-14T21:32:04.401+0000] {spark_submit.py:579} INFO - 24/09/14 21:32:04 INFO DAGScheduler: Parents of final stage: List(ShuffleMapStage 6)
[2024-09-14T21:32:04.402+0000] {spark_submit.py:579} INFO - 24/09/14 21:32:04 INFO DAGScheduler: Missing parents: List()
[2024-09-14T21:32:04.404+0000] {spark_submit.py:579} INFO - 24/09/14 21:32:04 INFO DAGScheduler: Submitting ResultStage 7 (MapPartitionsRDD[25] at showString at NativeMethodAccessorImpl.java:0), which has no missing parents
[2024-09-14T21:32:04.420+0000] {spark_submit.py:579} INFO - 24/09/14 21:32:04 INFO MemoryStore: Block broadcast_10 stored as values in memory (estimated size 30.0 KiB, free 433.9 MiB)
[2024-09-14T21:32:04.424+0000] {spark_submit.py:579} INFO - 24/09/14 21:32:04 INFO MemoryStore: Block broadcast_10_piece0 stored as bytes in memory (estimated size 9.9 KiB, free 433.8 MiB)
[2024-09-14T21:32:04.428+0000] {spark_submit.py:579} INFO - 24/09/14 21:32:04 INFO BlockManagerInfo: Added broadcast_10_piece0 in memory on fb744bf0dc86:42861 (size: 9.9 KiB, free: 434.3 MiB)
[2024-09-14T21:32:04.430+0000] {spark_submit.py:579} INFO - 24/09/14 21:32:04 INFO SparkContext: Created broadcast 10 from broadcast at DAGScheduler.scala:1585
[2024-09-14T21:32:04.432+0000] {spark_submit.py:579} INFO - 24/09/14 21:32:04 INFO DAGScheduler: Submitting 1 missing tasks from ResultStage 7 (MapPartitionsRDD[25] at showString at NativeMethodAccessorImpl.java:0) (first 15 tasks are for partitions Vector(0))
[2024-09-14T21:32:04.433+0000] {spark_submit.py:579} INFO - 24/09/14 21:32:04 INFO TaskSchedulerImpl: Adding task set 7.0 with 1 tasks resource profile 0
[2024-09-14T21:32:04.442+0000] {spark_submit.py:579} INFO - 24/09/14 21:32:04 INFO TaskSetManager: Starting task 0.0 in stage 7.0 (TID 8) (fb744bf0dc86, executor driver, partition 0, NODE_LOCAL, 8999 bytes)
[2024-09-14T21:32:04.444+0000] {spark_submit.py:579} INFO - 24/09/14 21:32:04 INFO Executor: Running task 0.0 in stage 7.0 (TID 8)
[2024-09-14T21:32:04.504+0000] {spark_submit.py:579} INFO - 24/09/14 21:32:04 INFO ShuffleBlockFetcherIterator: Getting 2 (120.0 B) non-empty blocks including 2 (120.0 B) local and 0 (0.0 B) host-local and 0 (0.0 B) push-merged-local and 0 (0.0 B) remote blocks
[2024-09-14T21:32:04.509+0000] {spark_submit.py:579} INFO - 24/09/14 21:32:04 INFO ShuffleBlockFetcherIterator: Started 0 remote fetches in 21 ms
[2024-09-14T21:32:04.569+0000] {spark_submit.py:579} INFO - 24/09/14 21:32:04 INFO CodeGenerator: Code generated in 49.795218 ms
[2024-09-14T21:32:04.593+0000] {spark_submit.py:579} INFO - 24/09/14 21:32:04 INFO Executor: Finished task 0.0 in stage 7.0 (TID 8). 4040 bytes result sent to driver
[2024-09-14T21:32:04.597+0000] {spark_submit.py:579} INFO - 24/09/14 21:32:04 INFO TaskSetManager: Finished task 0.0 in stage 7.0 (TID 8) in 158 ms on fb744bf0dc86 (executor driver) (1/1)
[2024-09-14T21:32:04.598+0000] {spark_submit.py:579} INFO - 24/09/14 21:32:04 INFO TaskSchedulerImpl: Removed TaskSet 7.0, whose tasks have all completed, from pool
[2024-09-14T21:32:04.600+0000] {spark_submit.py:579} INFO - 24/09/14 21:32:04 INFO DAGScheduler: ResultStage 7 (showString at NativeMethodAccessorImpl.java:0) finished in 0.183 s
[2024-09-14T21:32:04.601+0000] {spark_submit.py:579} INFO - 24/09/14 21:32:04 INFO DAGScheduler: Job 6 is finished. Cancelling potential speculative or zombie tasks for this job
[2024-09-14T21:32:04.602+0000] {spark_submit.py:579} INFO - 24/09/14 21:32:04 INFO TaskSchedulerImpl: Killing all running tasks in stage 7: Stage finished
[2024-09-14T21:32:04.603+0000] {spark_submit.py:579} INFO - 24/09/14 21:32:04 INFO DAGScheduler: Job 6 finished: showString at NativeMethodAccessorImpl.java:0, took 0.205717 s
[2024-09-14T21:32:04.638+0000] {spark_submit.py:579} INFO - 24/09/14 21:32:04 INFO CodeGenerator: Code generated in 19.895333 ms
[2024-09-14T21:32:04.652+0000] {spark_submit.py:579} INFO - +-------------------+-------------+--------+---------+---------+-----+--------------+-----------------+------------------------------+----------------+
[2024-09-14T21:32:04.653+0000] {spark_submit.py:579} INFO - |neighbourhood_group|neighbourhood|latitude|longitude|room_type|price|minimum_nights|number_of_reviews|calculated_host_listings_count|availability_365|
[2024-09-14T21:32:04.655+0000] {spark_submit.py:579} INFO - +-------------------+-------------+--------+---------+---------+-----+--------------+-----------------+------------------------------+----------------+
[2024-09-14T21:32:04.656+0000] {spark_submit.py:579} INFO - |                  0|            0|       0|        0|        0|    0|             0|                0|                             0|               0|
[2024-09-14T21:32:04.658+0000] {spark_submit.py:579} INFO - +-------------------+-------------+--------+---------+---------+-----+--------------+-----------------+------------------------------+----------------+
[2024-09-14T21:32:04.659+0000] {spark_submit.py:579} INFO - 
[2024-09-14T21:32:04.661+0000] {spark_submit.py:579} INFO - 24/09/14 21:32:04 INFO BlockManagerInfo: Removed broadcast_9_piece0 on fb744bf0dc86:42861 in memory (size: 16.4 KiB, free: 434.3 MiB)
[2024-09-14T21:32:04.666+0000] {spark_submit.py:579} INFO - 24/09/14 21:32:04 INFO BlockManagerInfo: Removed broadcast_10_piece0 on fb744bf0dc86:42861 in memory (size: 9.9 KiB, free: 434.3 MiB)
[2024-09-14T21:32:04.982+0000] {spark_submit.py:579} INFO - 24/09/14 21:32:04 INFO HiveConf: Found configuration file null
[2024-09-14T21:32:05.008+0000] {spark_submit.py:579} INFO - 24/09/14 21:32:05 INFO HiveUtils: Initializing HiveMetastoreConnection version 2.3.9 using Spark classes.
[2024-09-14T21:32:05.671+0000] {spark_submit.py:579} INFO - 24/09/14 21:32:05 INFO HiveClientImpl: Warehouse location for Hive client (version 2.3.9) is file:/user/hive/warehouse
[2024-09-14T21:32:05.784+0000] {spark_submit.py:579} INFO - 24/09/14 21:32:05 INFO metastore: Trying to connect to metastore with URI thrift://hive-metastore:9083
[2024-09-14T21:32:05.858+0000] {spark_submit.py:579} INFO - 24/09/14 21:32:05 INFO metastore: Opened a connection to metastore, current connections: 1
[2024-09-14T21:32:06.020+0000] {spark_submit.py:579} INFO - 24/09/14 21:32:06 INFO metastore: Connected to metastore.
[2024-09-14T21:32:09.424+0000] {spark_submit.py:579} INFO - 24/09/14 21:32:09 INFO InMemoryFileIndex: It took 97 ms to list leaf files for 1 paths.
[2024-09-14T21:32:10.248+0000] {spark_submit.py:579} INFO - 24/09/14 21:32:10 INFO FileSourceStrategy: Pushed Filters:
[2024-09-14T21:32:10.249+0000] {spark_submit.py:579} INFO - 24/09/14 21:32:10 INFO FileSourceStrategy: Post-Scan Filters: atleastnnonnulls(10, neighbourhood_group#25, neighbourhood#26, cast(regexp_replace(latitude#27, ,, ., 1) as float), cast(regexp_replace(longitude#28, ,, ., 1) as float), room_type#29, price#30, minimum_nights#31, number_of_reviews#32, calculated_host_listings_count#35, availability_365#36)
[2024-09-14T21:32:10.818+0000] {spark_submit.py:579} INFO - 24/09/14 21:32:10 INFO CodeGenerator: Code generated in 288.412632 ms
[2024-09-14T21:32:10.828+0000] {spark_submit.py:579} INFO - 24/09/14 21:32:10 INFO MemoryStore: Block broadcast_11 stored as values in memory (estimated size 200.1 KiB, free 433.7 MiB)
[2024-09-14T21:32:10.849+0000] {spark_submit.py:579} INFO - 24/09/14 21:32:10 INFO MemoryStore: Block broadcast_11_piece0 stored as bytes in memory (estimated size 34.5 KiB, free 433.7 MiB)
[2024-09-14T21:32:10.854+0000] {spark_submit.py:579} INFO - 24/09/14 21:32:10 INFO BlockManagerInfo: Added broadcast_11_piece0 in memory on fb744bf0dc86:42861 (size: 34.5 KiB, free: 434.3 MiB)
[2024-09-14T21:32:10.857+0000] {spark_submit.py:579} INFO - 24/09/14 21:32:10 INFO SparkContext: Created broadcast 11 from saveAsTable at NativeMethodAccessorImpl.java:0
[2024-09-14T21:32:10.861+0000] {spark_submit.py:579} INFO - 24/09/14 21:32:10 INFO FileSourceScanExec: Planning scan with bin packing, max size: 4194304 bytes, open cost is considered as scanning 4194304 bytes.
[2024-09-14T21:32:10.896+0000] {spark_submit.py:579} INFO - 24/09/14 21:32:10 INFO BlockManagerInfo: Removed broadcast_8_piece0 on fb744bf0dc86:42861 in memory (size: 34.5 KiB, free: 434.3 MiB)
[2024-09-14T21:32:11.025+0000] {spark_submit.py:579} INFO - 24/09/14 21:32:11 INFO DAGScheduler: Registering RDD 29 (saveAsTable at NativeMethodAccessorImpl.java:0) as input to shuffle 1
[2024-09-14T21:32:11.027+0000] {spark_submit.py:579} INFO - 24/09/14 21:32:11 INFO DAGScheduler: Got map stage job 7 (saveAsTable at NativeMethodAccessorImpl.java:0) with 2 output partitions
[2024-09-14T21:32:11.028+0000] {spark_submit.py:579} INFO - 24/09/14 21:32:11 INFO DAGScheduler: Final stage: ShuffleMapStage 8 (saveAsTable at NativeMethodAccessorImpl.java:0)
[2024-09-14T21:32:11.030+0000] {spark_submit.py:579} INFO - 24/09/14 21:32:11 INFO DAGScheduler: Parents of final stage: List()
[2024-09-14T21:32:11.032+0000] {spark_submit.py:579} INFO - 24/09/14 21:32:11 INFO DAGScheduler: Missing parents: List()
[2024-09-14T21:32:11.033+0000] {spark_submit.py:579} INFO - 24/09/14 21:32:11 INFO DAGScheduler: Submitting ShuffleMapStage 8 (MapPartitionsRDD[29] at saveAsTable at NativeMethodAccessorImpl.java:0), which has no missing parents
[2024-09-14T21:32:11.044+0000] {spark_submit.py:579} INFO - 24/09/14 21:32:11 INFO MemoryStore: Block broadcast_12 stored as values in memory (estimated size 61.1 KiB, free 433.9 MiB)
[2024-09-14T21:32:11.050+0000] {spark_submit.py:579} INFO - 24/09/14 21:32:11 INFO MemoryStore: Block broadcast_12_piece0 stored as bytes in memory (estimated size 25.6 KiB, free 433.9 MiB)
[2024-09-14T21:32:11.054+0000] {spark_submit.py:579} INFO - 24/09/14 21:32:11 INFO BlockManagerInfo: Added broadcast_12_piece0 in memory on fb744bf0dc86:42861 (size: 25.6 KiB, free: 434.3 MiB)
[2024-09-14T21:32:11.056+0000] {spark_submit.py:579} INFO - 24/09/14 21:32:11 INFO SparkContext: Created broadcast 12 from broadcast at DAGScheduler.scala:1585
[2024-09-14T21:32:11.058+0000] {spark_submit.py:579} INFO - 24/09/14 21:32:11 INFO DAGScheduler: Submitting 2 missing tasks from ShuffleMapStage 8 (MapPartitionsRDD[29] at saveAsTable at NativeMethodAccessorImpl.java:0) (first 15 tasks are for partitions Vector(0, 1))
[2024-09-14T21:32:11.059+0000] {spark_submit.py:579} INFO - 24/09/14 21:32:11 INFO TaskSchedulerImpl: Adding task set 8.0 with 2 tasks resource profile 0
[2024-09-14T21:32:11.062+0000] {spark_submit.py:579} INFO - 24/09/14 21:32:11 INFO TaskSetManager: Starting task 0.0 in stage 8.0 (TID 9) (fb744bf0dc86, executor driver, partition 0, PROCESS_LOCAL, 9590 bytes)
[2024-09-14T21:32:11.064+0000] {spark_submit.py:579} INFO - 24/09/14 21:32:11 INFO TaskSetManager: Starting task 1.0 in stage 8.0 (TID 10) (fb744bf0dc86, executor driver, partition 1, PROCESS_LOCAL, 9590 bytes)
[2024-09-14T21:32:11.066+0000] {spark_submit.py:579} INFO - 24/09/14 21:32:11 INFO Executor: Running task 0.0 in stage 8.0 (TID 9)
[2024-09-14T21:32:11.068+0000] {spark_submit.py:579} INFO - 24/09/14 21:32:11 INFO Executor: Running task 1.0 in stage 8.0 (TID 10)
[2024-09-14T21:32:11.208+0000] {spark_submit.py:579} INFO - 24/09/14 21:32:11 INFO CodeGenerator: Code generated in 112.445474 ms
[2024-09-14T21:32:11.240+0000] {spark_submit.py:579} INFO - 24/09/14 21:32:11 INFO CodeGenerator: Code generated in 15.089052 ms
[2024-09-14T21:32:11.265+0000] {spark_submit.py:579} INFO - 24/09/14 21:32:11 INFO CodeGenerator: Code generated in 14.381328 ms
[2024-09-14T21:32:11.295+0000] {spark_submit.py:579} INFO - 24/09/14 21:32:11 INFO CodeGenerator: Code generated in 11.26704 ms
[2024-09-14T21:32:11.327+0000] {spark_submit.py:579} INFO - 24/09/14 21:32:11 INFO FileScanRDD: Reading File path: file:///opt/***/datasets/Airbnb.csv, range: 0-4194304, partition values: [empty row]
[2024-09-14T21:32:11.328+0000] {spark_submit.py:579} INFO - 24/09/14 21:32:11 INFO FileScanRDD: Reading File path: file:///opt/***/datasets/Airbnb.csv, range: 4194304-7081245, partition values: [empty row]
[2024-09-14T21:32:11.740+0000] {spark_submit.py:579} INFO - 24/09/14 21:32:11 INFO Executor: Finished task 1.0 in stage 8.0 (TID 10). 2864 bytes result sent to driver
[2024-09-14T21:32:11.744+0000] {spark_submit.py:579} INFO - 24/09/14 21:32:11 INFO TaskSetManager: Finished task 1.0 in stage 8.0 (TID 10) in 681 ms on fb744bf0dc86 (executor driver) (1/2)
[2024-09-14T21:32:11.779+0000] {spark_submit.py:579} INFO - 24/09/14 21:32:11 INFO Executor: Finished task 0.0 in stage 8.0 (TID 9). 2821 bytes result sent to driver
[2024-09-14T21:32:11.782+0000] {spark_submit.py:579} INFO - 24/09/14 21:32:11 INFO TaskSetManager: Finished task 0.0 in stage 8.0 (TID 9) in 720 ms on fb744bf0dc86 (executor driver) (2/2)
[2024-09-14T21:32:11.783+0000] {spark_submit.py:579} INFO - 24/09/14 21:32:11 INFO TaskSchedulerImpl: Removed TaskSet 8.0, whose tasks have all completed, from pool
[2024-09-14T21:32:11.785+0000] {spark_submit.py:579} INFO - 24/09/14 21:32:11 INFO DAGScheduler: ShuffleMapStage 8 (saveAsTable at NativeMethodAccessorImpl.java:0) finished in 0.752 s
[2024-09-14T21:32:11.787+0000] {spark_submit.py:579} INFO - 24/09/14 21:32:11 INFO DAGScheduler: looking for newly runnable stages
[2024-09-14T21:32:11.788+0000] {spark_submit.py:579} INFO - 24/09/14 21:32:11 INFO DAGScheduler: running: Set()
[2024-09-14T21:32:11.790+0000] {spark_submit.py:579} INFO - 24/09/14 21:32:11 INFO DAGScheduler: waiting: Set()
[2024-09-14T21:32:11.791+0000] {spark_submit.py:579} INFO - 24/09/14 21:32:11 INFO DAGScheduler: failed: Set()
[2024-09-14T21:32:11.822+0000] {spark_submit.py:579} INFO - 24/09/14 21:32:11 INFO ShufflePartitionsUtil: For shuffle(1), advisory target size: 67108864, actual target size 1048576, minimum partition size: 1048576
[2024-09-14T21:32:12.148+0000] {spark_submit.py:579} INFO - 24/09/14 21:32:12 INFO ParquetUtils: Using default output committer for Parquet: org.apache.parquet.hadoop.ParquetOutputCommitter
[2024-09-14T21:32:12.215+0000] {spark_submit.py:579} INFO - 24/09/14 21:32:12 INFO FileOutputCommitter: File Output Committer Algorithm version is 1
[2024-09-14T21:32:12.216+0000] {spark_submit.py:579} INFO - 24/09/14 21:32:12 INFO FileOutputCommitter: FileOutputCommitter skip cleanup _temporary folders under output directory:false, ignore cleanup failures: false
[2024-09-14T21:32:12.221+0000] {spark_submit.py:579} INFO - 24/09/14 21:32:12 INFO SQLHadoopMapReduceCommitProtocol: Using user defined output committer class org.apache.parquet.hadoop.ParquetOutputCommitter
[2024-09-14T21:32:12.223+0000] {spark_submit.py:579} INFO - 24/09/14 21:32:12 INFO FileOutputCommitter: File Output Committer Algorithm version is 1
[2024-09-14T21:32:12.227+0000] {spark_submit.py:579} INFO - 24/09/14 21:32:12 INFO FileOutputCommitter: FileOutputCommitter skip cleanup _temporary folders under output directory:false, ignore cleanup failures: false
[2024-09-14T21:32:12.229+0000] {spark_submit.py:579} INFO - 24/09/14 21:32:12 INFO SQLHadoopMapReduceCommitProtocol: Using output committer class org.apache.parquet.hadoop.ParquetOutputCommitter
[2024-09-14T21:32:12.281+0000] {spark_submit.py:579} INFO - 24/09/14 21:32:12 INFO HashAggregateExec: spark.sql.codegen.aggregate.map.twolevel.enabled is set to true, but current version of codegened fast hashmap does not support this aggregate.
[2024-09-14T21:32:12.388+0000] {spark_submit.py:579} INFO - 24/09/14 21:32:12 INFO CodeGenerator: Code generated in 48.33819 ms
[2024-09-14T21:32:12.482+0000] {spark_submit.py:579} INFO - 24/09/14 21:32:12 INFO SparkContext: Starting job: saveAsTable at NativeMethodAccessorImpl.java:0
[2024-09-14T21:32:12.489+0000] {spark_submit.py:579} INFO - 24/09/14 21:32:12 INFO DAGScheduler: Got job 8 (saveAsTable at NativeMethodAccessorImpl.java:0) with 1 output partitions
[2024-09-14T21:32:12.496+0000] {spark_submit.py:579} INFO - 24/09/14 21:32:12 INFO DAGScheduler: Final stage: ResultStage 10 (saveAsTable at NativeMethodAccessorImpl.java:0)
[2024-09-14T21:32:12.498+0000] {spark_submit.py:579} INFO - 24/09/14 21:32:12 INFO DAGScheduler: Parents of final stage: List(ShuffleMapStage 9)
[2024-09-14T21:32:12.500+0000] {spark_submit.py:579} INFO - 24/09/14 21:32:12 INFO DAGScheduler: Missing parents: List()
[2024-09-14T21:32:12.501+0000] {spark_submit.py:579} INFO - 24/09/14 21:32:12 INFO DAGScheduler: Submitting ResultStage 10 (MapPartitionsRDD[32] at saveAsTable at NativeMethodAccessorImpl.java:0), which has no missing parents
[2024-09-14T21:32:12.577+0000] {spark_submit.py:579} INFO - 24/09/14 21:32:12 INFO MemoryStore: Block broadcast_13 stored as values in memory (estimated size 261.3 KiB, free 433.6 MiB)
[2024-09-14T21:32:12.581+0000] {spark_submit.py:579} INFO - 24/09/14 21:32:12 INFO MemoryStore: Block broadcast_13_piece0 stored as bytes in memory (estimated size 96.6 KiB, free 433.5 MiB)
[2024-09-14T21:32:12.583+0000] {spark_submit.py:579} INFO - 24/09/14 21:32:12 INFO BlockManagerInfo: Added broadcast_13_piece0 in memory on fb744bf0dc86:42861 (size: 96.6 KiB, free: 434.2 MiB)
[2024-09-14T21:32:12.584+0000] {spark_submit.py:579} INFO - 24/09/14 21:32:12 INFO SparkContext: Created broadcast 13 from broadcast at DAGScheduler.scala:1585
[2024-09-14T21:32:12.586+0000] {spark_submit.py:579} INFO - 24/09/14 21:32:12 INFO DAGScheduler: Submitting 1 missing tasks from ResultStage 10 (MapPartitionsRDD[32] at saveAsTable at NativeMethodAccessorImpl.java:0) (first 15 tasks are for partitions Vector(0))
[2024-09-14T21:32:12.587+0000] {spark_submit.py:579} INFO - 24/09/14 21:32:12 INFO TaskSchedulerImpl: Adding task set 10.0 with 1 tasks resource profile 0
[2024-09-14T21:32:12.590+0000] {spark_submit.py:579} INFO - 24/09/14 21:32:12 INFO TaskSetManager: Starting task 0.0 in stage 10.0 (TID 11) (fb744bf0dc86, executor driver, partition 0, NODE_LOCAL, 8999 bytes)
[2024-09-14T21:32:12.593+0000] {spark_submit.py:579} INFO - 24/09/14 21:32:12 INFO Executor: Running task 0.0 in stage 10.0 (TID 11)
[2024-09-14T21:32:12.688+0000] {spark_submit.py:579} INFO - 24/09/14 21:32:12 INFO ShuffleBlockFetcherIterator: Getting 2 (943.0 B) non-empty blocks including 2 (943.0 B) local and 0 (0.0 B) host-local and 0 (0.0 B) push-merged-local and 0 (0.0 B) remote blocks
[2024-09-14T21:32:12.689+0000] {spark_submit.py:579} INFO - 24/09/14 21:32:12 INFO ShuffleBlockFetcherIterator: Started 0 remote fetches in 3 ms
[2024-09-14T21:32:12.732+0000] {spark_submit.py:579} INFO - 24/09/14 21:32:12 INFO CodeGenerator: Code generated in 42.117936 ms
[2024-09-14T21:32:12.736+0000] {spark_submit.py:579} INFO - 24/09/14 21:32:12 INFO FileOutputCommitter: File Output Committer Algorithm version is 1
[2024-09-14T21:32:12.738+0000] {spark_submit.py:579} INFO - 24/09/14 21:32:12 INFO FileOutputCommitter: FileOutputCommitter skip cleanup _temporary folders under output directory:false, ignore cleanup failures: false
[2024-09-14T21:32:12.739+0000] {spark_submit.py:579} INFO - 24/09/14 21:32:12 INFO SQLHadoopMapReduceCommitProtocol: Using user defined output committer class org.apache.parquet.hadoop.ParquetOutputCommitter
[2024-09-14T21:32:12.740+0000] {spark_submit.py:579} INFO - 24/09/14 21:32:12 INFO FileOutputCommitter: File Output Committer Algorithm version is 1
[2024-09-14T21:32:12.742+0000] {spark_submit.py:579} INFO - 24/09/14 21:32:12 INFO FileOutputCommitter: FileOutputCommitter skip cleanup _temporary folders under output directory:false, ignore cleanup failures: false
[2024-09-14T21:32:12.743+0000] {spark_submit.py:579} INFO - 24/09/14 21:32:12 INFO SQLHadoopMapReduceCommitProtocol: Using output committer class org.apache.parquet.hadoop.ParquetOutputCommitter
[2024-09-14T21:32:12.752+0000] {spark_submit.py:579} INFO - 24/09/14 21:32:12 INFO CodecConfig: Compression: SNAPPY
[2024-09-14T21:32:12.757+0000] {spark_submit.py:579} INFO - 24/09/14 21:32:12 INFO CodecConfig: Compression: SNAPPY
[2024-09-14T21:32:12.811+0000] {spark_submit.py:579} INFO - 24/09/14 21:32:12 INFO ParquetOutputFormat: ParquetRecordWriter [block size: 134217728b, row group padding size: 8388608b, validating: false]
[2024-09-14T21:32:12.916+0000] {spark_submit.py:579} INFO - 24/09/14 21:32:12 INFO ParquetWriteSupport: Initialized Parquet WriteSupport with Catalyst schema:
[2024-09-14T21:32:12.917+0000] {spark_submit.py:579} INFO - {
[2024-09-14T21:32:12.918+0000] {spark_submit.py:579} INFO - "type" : "struct",
[2024-09-14T21:32:12.919+0000] {spark_submit.py:579} INFO - "fields" : [ {
[2024-09-14T21:32:12.920+0000] {spark_submit.py:579} INFO - "name" : "neighbourhood_group",
[2024-09-14T21:32:12.921+0000] {spark_submit.py:579} INFO - "type" : "string",
[2024-09-14T21:32:12.922+0000] {spark_submit.py:579} INFO - "nullable" : true,
[2024-09-14T21:32:12.924+0000] {spark_submit.py:579} INFO - "metadata" : { }
[2024-09-14T21:32:12.925+0000] {spark_submit.py:579} INFO - }, {
[2024-09-14T21:32:12.926+0000] {spark_submit.py:579} INFO - "name" : "average_price",
[2024-09-14T21:32:12.927+0000] {spark_submit.py:579} INFO - "type" : "double",
[2024-09-14T21:32:12.928+0000] {spark_submit.py:579} INFO - "nullable" : true,
[2024-09-14T21:32:12.929+0000] {spark_submit.py:579} INFO - "metadata" : { }
[2024-09-14T21:32:12.930+0000] {spark_submit.py:579} INFO - }, {
[2024-09-14T21:32:12.932+0000] {spark_submit.py:579} INFO - "name" : "min_price",
[2024-09-14T21:32:12.933+0000] {spark_submit.py:579} INFO - "type" : "integer",
[2024-09-14T21:32:12.935+0000] {spark_submit.py:579} INFO - "nullable" : true,
[2024-09-14T21:32:12.936+0000] {spark_submit.py:579} INFO - "metadata" : { }
[2024-09-14T21:32:12.939+0000] {spark_submit.py:579} INFO - }, {
[2024-09-14T21:32:12.941+0000] {spark_submit.py:579} INFO - "name" : "max_price",
[2024-09-14T21:32:12.942+0000] {spark_submit.py:579} INFO - "type" : "integer",
[2024-09-14T21:32:12.944+0000] {spark_submit.py:579} INFO - "nullable" : true,
[2024-09-14T21:32:12.946+0000] {spark_submit.py:579} INFO - "metadata" : { }
[2024-09-14T21:32:12.947+0000] {spark_submit.py:579} INFO - }, {
[2024-09-14T21:32:12.948+0000] {spark_submit.py:579} INFO - "name" : "count",
[2024-09-14T21:32:12.951+0000] {spark_submit.py:579} INFO - "type" : "long",
[2024-09-14T21:32:12.953+0000] {spark_submit.py:579} INFO - "nullable" : false,
[2024-09-14T21:32:12.954+0000] {spark_submit.py:579} INFO - "metadata" : { }
[2024-09-14T21:32:12.956+0000] {spark_submit.py:579} INFO - } ]
[2024-09-14T21:32:12.957+0000] {spark_submit.py:579} INFO - }
[2024-09-14T21:32:12.959+0000] {spark_submit.py:579} INFO - and corresponding Parquet message type:
[2024-09-14T21:32:12.960+0000] {spark_submit.py:579} INFO - message spark_schema {
[2024-09-14T21:32:12.961+0000] {spark_submit.py:579} INFO - optional binary neighbourhood_group (STRING);
[2024-09-14T21:32:12.962+0000] {spark_submit.py:579} INFO - optional double average_price;
[2024-09-14T21:32:12.963+0000] {spark_submit.py:579} INFO - optional int32 min_price;
[2024-09-14T21:32:12.965+0000] {spark_submit.py:579} INFO - optional int32 max_price;
[2024-09-14T21:32:12.966+0000] {spark_submit.py:579} INFO - required int64 count;
[2024-09-14T21:32:12.967+0000] {spark_submit.py:579} INFO - }
[2024-09-14T21:32:12.968+0000] {spark_submit.py:579} INFO - 
[2024-09-14T21:32:12.971+0000] {spark_submit.py:579} INFO - 
[2024-09-14T21:32:13.128+0000] {spark_submit.py:579} INFO - 24/09/14 21:32:13 INFO CodecPool: Got brand-new compressor [.snappy]
[2024-09-14T21:32:14.925+0000] {spark_submit.py:579} INFO - 24/09/14 21:32:14 INFO FileOutputCommitter: Saved output of task 'attempt_202409142132125693642909300585832_0010_m_000000_11' to hdfs://namenode:9000/user/hive/warehouse/price_distribution/_temporary/0/task_202409142132125693642909300585832_0010_m_000000
[2024-09-14T21:32:14.927+0000] {spark_submit.py:579} INFO - 24/09/14 21:32:14 INFO SparkHadoopMapRedUtil: attempt_202409142132125693642909300585832_0010_m_000000_11: Committed. Elapsed time: 21 ms.
[2024-09-14T21:32:14.946+0000] {spark_submit.py:579} INFO - 24/09/14 21:32:14 INFO Executor: Finished task 0.0 in stage 10.0 (TID 11). 6193 bytes result sent to driver
[2024-09-14T21:32:14.949+0000] {spark_submit.py:579} INFO - 24/09/14 21:32:14 INFO TaskSetManager: Finished task 0.0 in stage 10.0 (TID 11) in 2360 ms on fb744bf0dc86 (executor driver) (1/1)
[2024-09-14T21:32:14.951+0000] {spark_submit.py:579} INFO - 24/09/14 21:32:14 INFO TaskSchedulerImpl: Removed TaskSet 10.0, whose tasks have all completed, from pool
[2024-09-14T21:32:14.953+0000] {spark_submit.py:579} INFO - 24/09/14 21:32:14 INFO DAGScheduler: ResultStage 10 (saveAsTable at NativeMethodAccessorImpl.java:0) finished in 2.437 s
[2024-09-14T21:32:14.955+0000] {spark_submit.py:579} INFO - 24/09/14 21:32:14 INFO DAGScheduler: Job 8 is finished. Cancelling potential speculative or zombie tasks for this job
[2024-09-14T21:32:14.956+0000] {spark_submit.py:579} INFO - 24/09/14 21:32:14 INFO TaskSchedulerImpl: Killing all running tasks in stage 10: Stage finished
[2024-09-14T21:32:14.958+0000] {spark_submit.py:579} INFO - 24/09/14 21:32:14 INFO DAGScheduler: Job 8 finished: saveAsTable at NativeMethodAccessorImpl.java:0, took 2.474679 s
[2024-09-14T21:32:14.962+0000] {spark_submit.py:579} INFO - 24/09/14 21:32:14 INFO FileFormatWriter: Start to commit write Job 697cef31-6ace-45e3-970d-20c6d1c50ff2.
[2024-09-14T21:32:15.022+0000] {spark_submit.py:579} INFO - 24/09/14 21:32:15 INFO FileFormatWriter: Write Job 697cef31-6ace-45e3-970d-20c6d1c50ff2 committed. Elapsed time: 57 ms.
[2024-09-14T21:32:15.032+0000] {spark_submit.py:579} INFO - 24/09/14 21:32:15 INFO FileFormatWriter: Finished processing stats for write job 697cef31-6ace-45e3-970d-20c6d1c50ff2.
[2024-09-14T21:32:15.084+0000] {spark_submit.py:579} INFO - 24/09/14 21:32:15 INFO InMemoryFileIndex: It took 7 ms to list leaf files for 1 paths.
[2024-09-14T21:32:15.155+0000] {spark_submit.py:579} INFO - 24/09/14 21:32:15 INFO HiveExternalCatalog: Persisting file based data source table `spark_catalog`.`default`.`price_distribution` into Hive metastore in Hive compatible format.
[2024-09-14T21:32:15.246+0000] {spark_submit.py:579} INFO - 24/09/14 21:32:15 INFO SQLStdHiveAccessController: Created SQLStdHiveAccessController for session context : HiveAuthzSessionContext [sessionString=dc669442-9290-4759-8a23-43c7cf2af24b, clientType=HIVECLI]
[2024-09-14T21:32:15.249+0000] {spark_submit.py:579} INFO - 24/09/14 21:32:15 WARN SessionState: METASTORE_FILTER_HOOK will be ignored, since hive.security.authorization.manager is set to instance of HiveAuthorizerFactory.
[2024-09-14T21:32:15.250+0000] {spark_submit.py:579} INFO - 24/09/14 21:32:15 INFO metastore: Mestastore configuration hive.metastore.filter.hook changed from org.apache.hadoop.hive.metastore.DefaultMetaStoreFilterHookImpl to org.apache.hadoop.hive.ql.security.authorization.plugin.AuthorizationMetaStoreFilterHook
[2024-09-14T21:32:15.267+0000] {spark_submit.py:579} INFO - 24/09/14 21:32:15 INFO metastore: Closed a connection to metastore, current connections: 0
[2024-09-14T21:32:15.269+0000] {spark_submit.py:579} INFO - 24/09/14 21:32:15 INFO metastore: Trying to connect to metastore with URI thrift://hive-metastore:9083
[2024-09-14T21:32:15.270+0000] {spark_submit.py:579} INFO - 24/09/14 21:32:15 INFO metastore: Opened a connection to metastore, current connections: 1
[2024-09-14T21:32:15.314+0000] {spark_submit.py:579} INFO - 24/09/14 21:32:15 INFO metastore: Connected to metastore.
[2024-09-14T21:32:15.704+0000] {spark_submit.py:579} INFO - 24/09/14 21:32:15 INFO metastore: Trying to connect to metastore with URI thrift://hive-metastore:9083
[2024-09-14T21:32:15.705+0000] {spark_submit.py:579} INFO - 24/09/14 21:32:15 INFO metastore: Opened a connection to metastore, current connections: 2
[2024-09-14T21:32:15.708+0000] {spark_submit.py:579} INFO - 24/09/14 21:32:15 INFO metastore: Connected to metastore.
[2024-09-14T21:32:16.692+0000] {spark_submit.py:579} INFO - Таблица price_distribution успешно загружена в Hive!
[2024-09-14T21:32:17.133+0000] {spark_submit.py:579} INFO - Успешно создана таблица processed_airbnb_data!
[2024-09-14T21:32:17.412+0000] {spark_submit.py:579} INFO - 24/09/14 21:32:17 INFO FileSourceStrategy: Pushed Filters:
[2024-09-14T21:32:17.414+0000] {spark_submit.py:579} INFO - 24/09/14 21:32:17 INFO FileSourceStrategy: Post-Scan Filters: atleastnnonnulls(10, neighbourhood_group#25, neighbourhood#26, cast(regexp_replace(latitude#27, ,, ., 1) as float), cast(regexp_replace(longitude#28, ,, ., 1) as float), room_type#29, price#30, minimum_nights#31, number_of_reviews#32, calculated_host_listings_count#35, availability_365#36)
[2024-09-14T21:32:17.424+0000] {spark_submit.py:579} INFO - 24/09/14 21:32:17 INFO FileUtils: Creating directory if it doesn't exist: hdfs://namenode:9000/user/hive/warehouse/processed_airbnb_data/.hive-staging_hive_2024-09-14_21-32-17_361_1298039299409406589-1
[2024-09-14T21:32:17.705+0000] {spark_submit.py:579} INFO - 24/09/14 21:32:17 INFO FileOutputCommitter: File Output Committer Algorithm version is 1
[2024-09-14T21:32:17.706+0000] {spark_submit.py:579} INFO - 24/09/14 21:32:17 INFO FileOutputCommitter: FileOutputCommitter skip cleanup _temporary folders under output directory:false, ignore cleanup failures: false
[2024-09-14T21:32:17.707+0000] {spark_submit.py:579} INFO - 24/09/14 21:32:17 INFO SQLHadoopMapReduceCommitProtocol: Using output committer class org.apache.hadoop.mapreduce.lib.output.FileOutputCommitter
[2024-09-14T21:32:17.794+0000] {spark_submit.py:579} INFO - 24/09/14 21:32:17 INFO BlockManagerInfo: Removed broadcast_12_piece0 on fb744bf0dc86:42861 in memory (size: 25.6 KiB, free: 434.2 MiB)
[2024-09-14T21:32:17.802+0000] {spark_submit.py:579} INFO - 24/09/14 21:32:17 INFO CodeGenerator: Code generated in 77.728984 ms
[2024-09-14T21:32:17.804+0000] {spark_submit.py:579} INFO - 24/09/14 21:32:17 INFO BlockManagerInfo: Removed broadcast_13_piece0 on fb744bf0dc86:42861 in memory (size: 96.6 KiB, free: 434.3 MiB)
[2024-09-14T21:32:17.810+0000] {spark_submit.py:579} INFO - 24/09/14 21:32:17 INFO MemoryStore: Block broadcast_14 stored as values in memory (estimated size 200.1 KiB, free 433.7 MiB)
[2024-09-14T21:32:17.823+0000] {spark_submit.py:579} INFO - 24/09/14 21:32:17 INFO MemoryStore: Block broadcast_14_piece0 stored as bytes in memory (estimated size 34.5 KiB, free 433.7 MiB)
[2024-09-14T21:32:17.825+0000] {spark_submit.py:579} INFO - 24/09/14 21:32:17 INFO BlockManagerInfo: Added broadcast_14_piece0 in memory on fb744bf0dc86:42861 (size: 34.5 KiB, free: 434.3 MiB)
[2024-09-14T21:32:17.826+0000] {spark_submit.py:579} INFO - 24/09/14 21:32:17 INFO SparkContext: Created broadcast 14 from insertInto at NativeMethodAccessorImpl.java:0
[2024-09-14T21:32:17.828+0000] {spark_submit.py:579} INFO - 24/09/14 21:32:17 INFO FileSourceScanExec: Planning scan with bin packing, max size: 4194304 bytes, open cost is considered as scanning 4194304 bytes.
[2024-09-14T21:32:17.841+0000] {spark_submit.py:579} INFO - 24/09/14 21:32:17 INFO SparkContext: Starting job: insertInto at NativeMethodAccessorImpl.java:0
[2024-09-14T21:32:17.843+0000] {spark_submit.py:579} INFO - 24/09/14 21:32:17 INFO DAGScheduler: Got job 9 (insertInto at NativeMethodAccessorImpl.java:0) with 2 output partitions
[2024-09-14T21:32:17.845+0000] {spark_submit.py:579} INFO - 24/09/14 21:32:17 INFO DAGScheduler: Final stage: ResultStage 11 (insertInto at NativeMethodAccessorImpl.java:0)
[2024-09-14T21:32:17.846+0000] {spark_submit.py:579} INFO - 24/09/14 21:32:17 INFO DAGScheduler: Parents of final stage: List()
[2024-09-14T21:32:17.847+0000] {spark_submit.py:579} INFO - 24/09/14 21:32:17 INFO DAGScheduler: Missing parents: List()
[2024-09-14T21:32:17.849+0000] {spark_submit.py:579} INFO - 24/09/14 21:32:17 INFO DAGScheduler: Submitting ResultStage 11 (MapPartitionsRDD[36] at insertInto at NativeMethodAccessorImpl.java:0), which has no missing parents
[2024-09-14T21:32:17.895+0000] {spark_submit.py:579} INFO - 24/09/14 21:32:17 INFO MemoryStore: Block broadcast_15 stored as values in memory (estimated size 334.5 KiB, free 433.4 MiB)
[2024-09-14T21:32:17.899+0000] {spark_submit.py:579} INFO - 24/09/14 21:32:17 INFO MemoryStore: Block broadcast_15_piece0 stored as bytes in memory (estimated size 118.8 KiB, free 433.3 MiB)
[2024-09-14T21:32:17.900+0000] {spark_submit.py:579} INFO - 24/09/14 21:32:17 INFO BlockManagerInfo: Added broadcast_15_piece0 in memory on fb744bf0dc86:42861 (size: 118.8 KiB, free: 434.2 MiB)
[2024-09-14T21:32:17.902+0000] {spark_submit.py:579} INFO - 24/09/14 21:32:17 INFO SparkContext: Created broadcast 15 from broadcast at DAGScheduler.scala:1585
[2024-09-14T21:32:17.903+0000] {spark_submit.py:579} INFO - 24/09/14 21:32:17 INFO DAGScheduler: Submitting 2 missing tasks from ResultStage 11 (MapPartitionsRDD[36] at insertInto at NativeMethodAccessorImpl.java:0) (first 15 tasks are for partitions Vector(0, 1))
[2024-09-14T21:32:17.904+0000] {spark_submit.py:579} INFO - 24/09/14 21:32:17 INFO TaskSchedulerImpl: Adding task set 11.0 with 2 tasks resource profile 0
[2024-09-14T21:32:17.906+0000] {spark_submit.py:579} INFO - 24/09/14 21:32:17 INFO TaskSetManager: Starting task 0.0 in stage 11.0 (TID 12) (fb744bf0dc86, executor driver, partition 0, PROCESS_LOCAL, 9601 bytes)
[2024-09-14T21:32:17.908+0000] {spark_submit.py:579} INFO - 24/09/14 21:32:17 INFO TaskSetManager: Starting task 1.0 in stage 11.0 (TID 13) (fb744bf0dc86, executor driver, partition 1, PROCESS_LOCAL, 9601 bytes)
[2024-09-14T21:32:17.909+0000] {spark_submit.py:579} INFO - 24/09/14 21:32:17 INFO Executor: Running task 1.0 in stage 11.0 (TID 13)
[2024-09-14T21:32:17.910+0000] {spark_submit.py:579} INFO - 24/09/14 21:32:17 INFO Executor: Running task 0.0 in stage 11.0 (TID 12)
[2024-09-14T21:32:17.973+0000] {spark_submit.py:579} INFO - 24/09/14 21:32:17 INFO CodeGenerator: Code generated in 35.330009 ms
[2024-09-14T21:32:17.977+0000] {spark_submit.py:579} INFO - 24/09/14 21:32:17 INFO FileOutputCommitter: File Output Committer Algorithm version is 1
[2024-09-14T21:32:17.978+0000] {spark_submit.py:579} INFO - 24/09/14 21:32:17 INFO FileOutputCommitter: FileOutputCommitter skip cleanup _temporary folders under output directory:false, ignore cleanup failures: false
[2024-09-14T21:32:17.979+0000] {spark_submit.py:579} INFO - 24/09/14 21:32:17 INFO FileOutputCommitter: File Output Committer Algorithm version is 1
[2024-09-14T21:32:17.980+0000] {spark_submit.py:579} INFO - 24/09/14 21:32:17 INFO FileOutputCommitter: FileOutputCommitter skip cleanup _temporary folders under output directory:false, ignore cleanup failures: false
[2024-09-14T21:32:17.982+0000] {spark_submit.py:579} INFO - 24/09/14 21:32:17 INFO SQLHadoopMapReduceCommitProtocol: Using output committer class org.apache.hadoop.mapreduce.lib.output.FileOutputCommitter
[2024-09-14T21:32:17.983+0000] {spark_submit.py:579} INFO - 24/09/14 21:32:17 INFO FileScanRDD: Reading File path: file:///opt/***/datasets/Airbnb.csv, range: 4194304-7081245, partition values: [empty row]
[2024-09-14T21:32:17.989+0000] {spark_submit.py:579} INFO - 24/09/14 21:32:17 INFO SQLHadoopMapReduceCommitProtocol: Using output committer class org.apache.hadoop.mapreduce.lib.output.FileOutputCommitter
[2024-09-14T21:32:18.020+0000] {spark_submit.py:579} INFO - 24/09/14 21:32:18 INFO FileScanRDD: Reading File path: file:///opt/***/datasets/Airbnb.csv, range: 0-4194304, partition values: [empty row]
[2024-09-14T21:32:18.566+0000] {spark_submit.py:579} INFO - 24/09/14 21:32:18 INFO FileOutputCommitter: Saved output of task 'attempt_202409142132177710074430526547846_0011_m_000001_13' to hdfs://namenode:9000/user/hive/warehouse/processed_airbnb_data/.hive-staging_hive_2024-09-14_21-32-17_361_1298039299409406589-1/-ext-10000/_temporary/0/task_202409142132177710074430526547846_0011_m_000001
[2024-09-14T21:32:18.568+0000] {spark_submit.py:579} INFO - 24/09/14 21:32:18 INFO SparkHadoopMapRedUtil: attempt_202409142132177710074430526547846_0011_m_000001_13: Committed. Elapsed time: 13 ms.
[2024-09-14T21:32:18.571+0000] {spark_submit.py:579} INFO - 24/09/14 21:32:18 INFO Executor: Finished task 1.0 in stage 11.0 (TID 13). 2669 bytes result sent to driver
[2024-09-14T21:32:18.574+0000] {spark_submit.py:579} INFO - 24/09/14 21:32:18 INFO TaskSetManager: Finished task 1.0 in stage 11.0 (TID 13) in 666 ms on fb744bf0dc86 (executor driver) (1/2)
[2024-09-14T21:32:18.708+0000] {spark_submit.py:579} INFO - 24/09/14 21:32:18 INFO FileOutputCommitter: Saved output of task 'attempt_202409142132177710074430526547846_0011_m_000000_12' to hdfs://namenode:9000/user/hive/warehouse/processed_airbnb_data/.hive-staging_hive_2024-09-14_21-32-17_361_1298039299409406589-1/-ext-10000/_temporary/0/task_202409142132177710074430526547846_0011_m_000000
[2024-09-14T21:32:18.710+0000] {spark_submit.py:579} INFO - 24/09/14 21:32:18 INFO SparkHadoopMapRedUtil: attempt_202409142132177710074430526547846_0011_m_000000_12: Committed. Elapsed time: 12 ms.
[2024-09-14T21:32:18.712+0000] {spark_submit.py:579} INFO - 24/09/14 21:32:18 INFO Executor: Finished task 0.0 in stage 11.0 (TID 12). 2626 bytes result sent to driver
[2024-09-14T21:32:18.714+0000] {spark_submit.py:579} INFO - 24/09/14 21:32:18 INFO TaskSetManager: Finished task 0.0 in stage 11.0 (TID 12) in 809 ms on fb744bf0dc86 (executor driver) (2/2)
[2024-09-14T21:32:18.716+0000] {spark_submit.py:579} INFO - 24/09/14 21:32:18 INFO TaskSchedulerImpl: Removed TaskSet 11.0, whose tasks have all completed, from pool
[2024-09-14T21:32:18.718+0000] {spark_submit.py:579} INFO - 24/09/14 21:32:18 INFO DAGScheduler: ResultStage 11 (insertInto at NativeMethodAccessorImpl.java:0) finished in 0.868 s
[2024-09-14T21:32:18.719+0000] {spark_submit.py:579} INFO - 24/09/14 21:32:18 INFO DAGScheduler: Job 9 is finished. Cancelling potential speculative or zombie tasks for this job
[2024-09-14T21:32:18.720+0000] {spark_submit.py:579} INFO - 24/09/14 21:32:18 INFO TaskSchedulerImpl: Killing all running tasks in stage 11: Stage finished
[2024-09-14T21:32:18.722+0000] {spark_submit.py:579} INFO - 24/09/14 21:32:18 INFO DAGScheduler: Job 9 finished: insertInto at NativeMethodAccessorImpl.java:0, took 0.876054 s
[2024-09-14T21:32:18.723+0000] {spark_submit.py:579} INFO - 24/09/14 21:32:18 INFO FileFormatWriter: Start to commit write Job f752ad19-3427-4522-a995-c75087e32769.
[2024-09-14T21:32:18.780+0000] {spark_submit.py:579} INFO - 24/09/14 21:32:18 INFO FileFormatWriter: Write Job f752ad19-3427-4522-a995-c75087e32769 committed. Elapsed time: 60 ms.
[2024-09-14T21:32:18.781+0000] {spark_submit.py:579} INFO - 24/09/14 21:32:18 INFO FileFormatWriter: Finished processing stats for write job f752ad19-3427-4522-a995-c75087e32769.
[2024-09-14T21:32:18.890+0000] {spark_submit.py:579} INFO - 24/09/14 21:32:18 INFO FileUtils: Creating directory if it doesn't exist: hdfs://namenode:9000/user/hive/warehouse/processed_airbnb_data
[2024-09-14T21:32:19.568+0000] {spark_submit.py:579} INFO - 24/09/14 21:32:19 INFO FileSourceStrategy: Pushed Filters:
[2024-09-14T21:32:19.569+0000] {spark_submit.py:579} INFO - 24/09/14 21:32:19 INFO FileSourceStrategy: Post-Scan Filters: atleastnnonnulls(10, neighbourhood_group#25, neighbourhood#26, cast(regexp_replace(latitude#27, ,, ., 1) as float), cast(regexp_replace(longitude#28, ,, ., 1) as float), room_type#29, price#30, minimum_nights#31, number_of_reviews#32, calculated_host_listings_count#35, availability_365#36)
[2024-09-14T21:32:19.630+0000] {spark_submit.py:579} INFO - 24/09/14 21:32:19 INFO CodeGenerator: Code generated in 34.086202 ms
[2024-09-14T21:32:19.635+0000] {spark_submit.py:579} INFO - 24/09/14 21:32:19 INFO MemoryStore: Block broadcast_16 stored as values in memory (estimated size 200.1 KiB, free 433.1 MiB)
[2024-09-14T21:32:19.647+0000] {spark_submit.py:579} INFO - 24/09/14 21:32:19 INFO MemoryStore: Block broadcast_16_piece0 stored as bytes in memory (estimated size 34.5 KiB, free 433.0 MiB)
[2024-09-14T21:32:19.649+0000] {spark_submit.py:579} INFO - 24/09/14 21:32:19 INFO BlockManagerInfo: Added broadcast_16_piece0 in memory on fb744bf0dc86:42861 (size: 34.5 KiB, free: 434.1 MiB)
[2024-09-14T21:32:19.650+0000] {spark_submit.py:579} INFO - 24/09/14 21:32:19 INFO SparkContext: Created broadcast 16 from showString at NativeMethodAccessorImpl.java:0
[2024-09-14T21:32:19.652+0000] {spark_submit.py:579} INFO - 24/09/14 21:32:19 INFO FileSourceScanExec: Planning scan with bin packing, max size: 4194304 bytes, open cost is considered as scanning 4194304 bytes.
[2024-09-14T21:32:19.666+0000] {spark_submit.py:579} INFO - 24/09/14 21:32:19 INFO SparkContext: Starting job: showString at NativeMethodAccessorImpl.java:0
[2024-09-14T21:32:19.667+0000] {spark_submit.py:579} INFO - 24/09/14 21:32:19 INFO DAGScheduler: Got job 10 (showString at NativeMethodAccessorImpl.java:0) with 1 output partitions
[2024-09-14T21:32:19.669+0000] {spark_submit.py:579} INFO - 24/09/14 21:32:19 INFO DAGScheduler: Final stage: ResultStage 12 (showString at NativeMethodAccessorImpl.java:0)
[2024-09-14T21:32:19.670+0000] {spark_submit.py:579} INFO - 24/09/14 21:32:19 INFO DAGScheduler: Parents of final stage: List()
[2024-09-14T21:32:19.672+0000] {spark_submit.py:579} INFO - 24/09/14 21:32:19 INFO DAGScheduler: Missing parents: List()
[2024-09-14T21:32:19.673+0000] {spark_submit.py:579} INFO - 24/09/14 21:32:19 INFO DAGScheduler: Submitting ResultStage 12 (MapPartitionsRDD[40] at showString at NativeMethodAccessorImpl.java:0), which has no missing parents
[2024-09-14T21:32:19.675+0000] {spark_submit.py:579} INFO - 24/09/14 21:32:19 INFO MemoryStore: Block broadcast_17 stored as values in memory (estimated size 29.7 KiB, free 433.0 MiB)
[2024-09-14T21:32:19.678+0000] {spark_submit.py:579} INFO - 24/09/14 21:32:19 INFO MemoryStore: Block broadcast_17_piece0 stored as bytes in memory (estimated size 11.1 KiB, free 433.0 MiB)
[2024-09-14T21:32:19.680+0000] {spark_submit.py:579} INFO - 24/09/14 21:32:19 INFO BlockManagerInfo: Added broadcast_17_piece0 in memory on fb744bf0dc86:42861 (size: 11.1 KiB, free: 434.1 MiB)
[2024-09-14T21:32:19.681+0000] {spark_submit.py:579} INFO - 24/09/14 21:32:19 INFO SparkContext: Created broadcast 17 from broadcast at DAGScheduler.scala:1585
[2024-09-14T21:32:19.682+0000] {spark_submit.py:579} INFO - 24/09/14 21:32:19 INFO DAGScheduler: Submitting 1 missing tasks from ResultStage 12 (MapPartitionsRDD[40] at showString at NativeMethodAccessorImpl.java:0) (first 15 tasks are for partitions Vector(0))
[2024-09-14T21:32:19.683+0000] {spark_submit.py:579} INFO - 24/09/14 21:32:19 INFO TaskSchedulerImpl: Adding task set 12.0 with 1 tasks resource profile 0
[2024-09-14T21:32:19.685+0000] {spark_submit.py:579} INFO - 24/09/14 21:32:19 INFO TaskSetManager: Starting task 0.0 in stage 12.0 (TID 14) (fb744bf0dc86, executor driver, partition 0, PROCESS_LOCAL, 9601 bytes)
[2024-09-14T21:32:19.687+0000] {spark_submit.py:579} INFO - 24/09/14 21:32:19 INFO Executor: Running task 0.0 in stage 12.0 (TID 14)
[2024-09-14T21:32:19.733+0000] {spark_submit.py:579} INFO - 24/09/14 21:32:19 INFO CodeGenerator: Code generated in 36.498613 ms
[2024-09-14T21:32:19.735+0000] {spark_submit.py:579} INFO - 24/09/14 21:32:19 INFO FileScanRDD: Reading File path: file:///opt/***/datasets/Airbnb.csv, range: 0-4194304, partition values: [empty row]
[2024-09-14T21:32:19.757+0000] {spark_submit.py:579} INFO - 24/09/14 21:32:19 INFO Executor: Finished task 0.0 in stage 12.0 (TID 14). 1914 bytes result sent to driver
[2024-09-14T21:32:19.758+0000] {spark_submit.py:579} INFO - 24/09/14 21:32:19 INFO BlockManagerInfo: Removed broadcast_15_piece0 on fb744bf0dc86:42861 in memory (size: 118.8 KiB, free: 434.3 MiB)
[2024-09-14T21:32:19.759+0000] {spark_submit.py:579} INFO - 24/09/14 21:32:19 INFO TaskSetManager: Finished task 0.0 in stage 12.0 (TID 14) in 73 ms on fb744bf0dc86 (executor driver) (1/1)
[2024-09-14T21:32:19.761+0000] {spark_submit.py:579} INFO - 24/09/14 21:32:19 INFO TaskSchedulerImpl: Removed TaskSet 12.0, whose tasks have all completed, from pool
[2024-09-14T21:32:19.762+0000] {spark_submit.py:579} INFO - 24/09/14 21:32:19 INFO DAGScheduler: ResultStage 12 (showString at NativeMethodAccessorImpl.java:0) finished in 0.089 s
[2024-09-14T21:32:19.763+0000] {spark_submit.py:579} INFO - 24/09/14 21:32:19 INFO DAGScheduler: Job 10 is finished. Cancelling potential speculative or zombie tasks for this job
[2024-09-14T21:32:19.765+0000] {spark_submit.py:579} INFO - 24/09/14 21:32:19 INFO TaskSchedulerImpl: Killing all running tasks in stage 12: Stage finished
[2024-09-14T21:32:19.766+0000] {spark_submit.py:579} INFO - 24/09/14 21:32:19 INFO DAGScheduler: Job 10 finished: showString at NativeMethodAccessorImpl.java:0, took 0.096265 s
[2024-09-14T21:32:19.770+0000] {spark_submit.py:579} INFO - +-------------------+-------------+--------+---------+------------+-----+--------------+-----------------+------------------------------+----------------+
[2024-09-14T21:32:19.771+0000] {spark_submit.py:579} INFO - |neighbourhood_group|neighbourhood|latitude|longitude|   room_type|price|minimum_nights|number_of_reviews|calculated_host_listings_count|availability_365|
[2024-09-14T21:32:19.772+0000] {spark_submit.py:579} INFO - +-------------------+-------------+--------+---------+------------+-----+--------------+-----------------+------------------------------+----------------+
[2024-09-14T21:32:19.773+0000] {spark_submit.py:579} INFO - |           Brooklyn|   Kensington|40.64749|-73.97237|Private room|  149|             1|                9|                             6|             365|
[2024-09-14T21:32:19.774+0000] {spark_submit.py:579} INFO - +-------------------+-------------+--------+---------+------------+-----+--------------+-----------------+------------------------------+----------------+
[2024-09-14T21:32:19.776+0000] {spark_submit.py:579} INFO - only showing top 1 row
[2024-09-14T21:32:19.777+0000] {spark_submit.py:579} INFO - 
[2024-09-14T21:32:19.778+0000] {spark_submit.py:579} INFO - Данные успешно записаны в таблицу processed_airbnb_data
[2024-09-14T21:32:19.925+0000] {spark_submit.py:579} INFO - 24/09/14 21:32:19 INFO SparkContext: Invoking stop() from shutdown hook
[2024-09-14T21:32:19.926+0000] {spark_submit.py:579} INFO - 24/09/14 21:32:19 INFO SparkContext: SparkContext is stopping with exitCode 0.
[2024-09-14T21:32:19.954+0000] {spark_submit.py:579} INFO - 24/09/14 21:32:19 INFO SparkUI: Stopped Spark web UI at http://fb744bf0dc86:4040
[2024-09-14T21:32:19.984+0000] {spark_submit.py:579} INFO - 24/09/14 21:32:19 INFO MapOutputTrackerMasterEndpoint: MapOutputTrackerMasterEndpoint stopped!
[2024-09-14T21:32:20.071+0000] {spark_submit.py:579} INFO - 24/09/14 21:32:20 INFO MemoryStore: MemoryStore cleared
[2024-09-14T21:32:20.073+0000] {spark_submit.py:579} INFO - 24/09/14 21:32:20 INFO BlockManager: BlockManager stopped
[2024-09-14T21:32:20.081+0000] {spark_submit.py:579} INFO - 24/09/14 21:32:20 INFO BlockManagerMaster: BlockManagerMaster stopped
[2024-09-14T21:32:20.089+0000] {spark_submit.py:579} INFO - 24/09/14 21:32:20 INFO OutputCommitCoordinator$OutputCommitCoordinatorEndpoint: OutputCommitCoordinator stopped!
[2024-09-14T21:32:20.108+0000] {spark_submit.py:579} INFO - 24/09/14 21:32:20 INFO SparkContext: Successfully stopped SparkContext
[2024-09-14T21:32:20.109+0000] {spark_submit.py:579} INFO - 24/09/14 21:32:20 INFO ShutdownHookManager: Shutdown hook called
[2024-09-14T21:32:20.110+0000] {spark_submit.py:579} INFO - 24/09/14 21:32:20 INFO ShutdownHookManager: Deleting directory /tmp/spark-fcb0424b-ac3e-43e5-bb2e-6ca60f5e3444
[2024-09-14T21:32:20.121+0000] {spark_submit.py:579} INFO - 24/09/14 21:32:20 INFO ShutdownHookManager: Deleting directory /tmp/spark-82d0f487-b616-495f-919c-a54df985e24f
[2024-09-14T21:32:20.130+0000] {spark_submit.py:579} INFO - 24/09/14 21:32:20 INFO ShutdownHookManager: Deleting directory /tmp/spark-82d0f487-b616-495f-919c-a54df985e24f/pyspark-7e4b2126-e15d-4a96-9c9a-6ce483ffb57d
[2024-09-14T21:32:20.359+0000] {taskinstance.py:340} INFO - ::group::Post task execution logs
[2024-09-14T21:32:20.360+0000] {taskinstance.py:352} INFO - Marking task as SUCCESS. dag_id=airbnb_model, task_id=data_analysis, run_id=manual__2024-09-14T17:50:30.952450+00:00, execution_date=20240914T175030, start_date=20240914T213131, end_date=20240914T213220
[2024-09-14T21:32:20.423+0000] {local_task_job_runner.py:266} INFO - Task exited with return code 0
[2024-09-14T21:32:20.442+0000] {local_task_job_runner.py:245} INFO - ::endgroup::
