[2024-09-14T21:04:12.727+0000] {local_task_job_runner.py:123} INFO - ::group::Pre task execution logs
[2024-09-14T21:04:12.875+0000] {taskinstance.py:2612} INFO - Dependencies all met for dep_context=non-requeueable deps ti=<TaskInstance: airbnb_model.data_analysis manual__2024-09-14T17:50:30.952450+00:00 [queued]>
[2024-09-14T21:04:12.958+0000] {taskinstance.py:2612} INFO - Dependencies all met for dep_context=requeueable deps ti=<TaskInstance: airbnb_model.data_analysis manual__2024-09-14T17:50:30.952450+00:00 [queued]>
[2024-09-14T21:04:12.960+0000] {taskinstance.py:2865} INFO - Starting attempt 11 of 14
[2024-09-14T21:04:13.081+0000] {taskinstance.py:2888} INFO - Executing <Task(SparkSubmitOperator): data_analysis> on 2024-09-14 17:50:30.952450+00:00
[2024-09-14T21:04:13.117+0000] {standard_task_runner.py:104} INFO - Running: ['***', 'tasks', 'run', 'airbnb_model', 'data_analysis', 'manual__2024-09-14T17:50:30.952450+00:00', '--job-id', '686', '--raw', '--subdir', 'DAGS_FOLDER/air_price_pred_dag.py', '--cfg-path', '/tmp/tmpt2p6cqqq']
[2024-09-14T21:04:13.126+0000] {standard_task_runner.py:105} INFO - Job 686: Subtask data_analysis
[2024-09-14T21:04:13.141+0000] {logging_mixin.py:190} WARNING - /home/***/.local/lib/python3.12/site-packages/***/task/task_runner/standard_task_runner.py:70 DeprecationWarning: This process (pid=16637) is multi-threaded, use of fork() may lead to deadlocks in the child.
[2024-09-14T21:04:13.143+0000] {standard_task_runner.py:72} INFO - Started process 16638 to run task
[2024-09-14T21:04:13.382+0000] {task_command.py:467} INFO - Running <TaskInstance: airbnb_model.data_analysis manual__2024-09-14T17:50:30.952450+00:00 [running]> on host fb744bf0dc86
[2024-09-14T21:04:14.043+0000] {taskinstance.py:3131} INFO - Exporting env vars: AIRFLOW_CTX_DAG_OWNER='Denis' AIRFLOW_CTX_DAG_ID='airbnb_model' AIRFLOW_CTX_TASK_ID='data_analysis' AIRFLOW_CTX_EXECUTION_DATE='2024-09-14T17:50:30.952450+00:00' AIRFLOW_CTX_TRY_NUMBER='11' AIRFLOW_CTX_DAG_RUN_ID='manual__2024-09-14T17:50:30.952450+00:00'
[2024-09-14T21:04:14.049+0000] {taskinstance.py:731} INFO - ::endgroup::
[2024-09-14T21:04:14.243+0000] {base.py:84} INFO - Retrieving connection 'spark_default'
[2024-09-14T21:04:14.250+0000] {spark_submit.py:403} INFO - Spark-Submit cmd: spark-submit --master spark://spark-master:7077 --conf spark.master=spark://spark-master:7077 --name arrow-spark --verbose --deploy-mode client /opt/***/dags/air_data_analysis.py
[2024-09-14T21:04:20.054+0000] {spark_submit.py:579} INFO - Using properties file: null
[2024-09-14T21:04:20.433+0000] {spark_submit.py:579} INFO - Parsed arguments:
[2024-09-14T21:04:20.434+0000] {spark_submit.py:579} INFO - master                  spark://spark-master:7077
[2024-09-14T21:04:20.436+0000] {spark_submit.py:579} INFO - remote                  null
[2024-09-14T21:04:20.437+0000] {spark_submit.py:579} INFO - deployMode              client
[2024-09-14T21:04:20.439+0000] {spark_submit.py:579} INFO - executorMemory          null
[2024-09-14T21:04:20.440+0000] {spark_submit.py:579} INFO - executorCores           null
[2024-09-14T21:04:20.441+0000] {spark_submit.py:579} INFO - totalExecutorCores      null
[2024-09-14T21:04:20.443+0000] {spark_submit.py:579} INFO - propertiesFile          null
[2024-09-14T21:04:20.444+0000] {spark_submit.py:579} INFO - driverMemory            null
[2024-09-14T21:04:20.445+0000] {spark_submit.py:579} INFO - driverCores             null
[2024-09-14T21:04:20.446+0000] {spark_submit.py:579} INFO - driverExtraClassPath    null
[2024-09-14T21:04:20.448+0000] {spark_submit.py:579} INFO - driverExtraLibraryPath  null
[2024-09-14T21:04:20.449+0000] {spark_submit.py:579} INFO - driverExtraJavaOptions  null
[2024-09-14T21:04:20.450+0000] {spark_submit.py:579} INFO - supervise               false
[2024-09-14T21:04:20.451+0000] {spark_submit.py:579} INFO - queue                   null
[2024-09-14T21:04:20.452+0000] {spark_submit.py:579} INFO - numExecutors            null
[2024-09-14T21:04:20.453+0000] {spark_submit.py:579} INFO - files                   null
[2024-09-14T21:04:20.455+0000] {spark_submit.py:579} INFO - pyFiles                 null
[2024-09-14T21:04:20.456+0000] {spark_submit.py:579} INFO - archives                null
[2024-09-14T21:04:20.459+0000] {spark_submit.py:579} INFO - mainClass               null
[2024-09-14T21:04:20.460+0000] {spark_submit.py:579} INFO - primaryResource         file:/opt/***/dags/air_data_analysis.py
[2024-09-14T21:04:20.462+0000] {spark_submit.py:579} INFO - name                    arrow-spark
[2024-09-14T21:04:20.463+0000] {spark_submit.py:579} INFO - childArgs               []
[2024-09-14T21:04:20.465+0000] {spark_submit.py:579} INFO - jars                    null
[2024-09-14T21:04:20.466+0000] {spark_submit.py:579} INFO - packages                null
[2024-09-14T21:04:20.467+0000] {spark_submit.py:579} INFO - packagesExclusions      null
[2024-09-14T21:04:20.468+0000] {spark_submit.py:579} INFO - repositories            null
[2024-09-14T21:04:20.470+0000] {spark_submit.py:579} INFO - verbose                 true
[2024-09-14T21:04:20.471+0000] {spark_submit.py:579} INFO - 
[2024-09-14T21:04:20.474+0000] {spark_submit.py:579} INFO - Spark properties used, including those specified through
[2024-09-14T21:04:20.476+0000] {spark_submit.py:579} INFO - --conf and those from the properties file null:
[2024-09-14T21:04:20.478+0000] {spark_submit.py:579} INFO - (spark.master,spark://spark-master:7077)
[2024-09-14T21:04:20.479+0000] {spark_submit.py:579} INFO - 
[2024-09-14T21:04:20.480+0000] {spark_submit.py:579} INFO - 
[2024-09-14T21:04:21.315+0000] {spark_submit.py:579} INFO - Main class:
[2024-09-14T21:04:21.316+0000] {spark_submit.py:579} INFO - org.apache.spark.deploy.PythonRunner
[2024-09-14T21:04:21.318+0000] {spark_submit.py:579} INFO - Arguments:
[2024-09-14T21:04:21.319+0000] {spark_submit.py:579} INFO - file:/opt/***/dags/air_data_analysis.py
[2024-09-14T21:04:21.320+0000] {spark_submit.py:579} INFO - null
[2024-09-14T21:04:21.327+0000] {spark_submit.py:579} INFO - Spark config:
[2024-09-14T21:04:21.328+0000] {spark_submit.py:579} INFO - (spark.app.name,arrow-spark)
[2024-09-14T21:04:21.330+0000] {spark_submit.py:579} INFO - (spark.app.submitTime,1726347861272)
[2024-09-14T21:04:21.331+0000] {spark_submit.py:579} INFO - (spark.master,spark://spark-master:7077)
[2024-09-14T21:04:21.332+0000] {spark_submit.py:579} INFO - (spark.submit.deployMode,client)
[2024-09-14T21:04:21.334+0000] {spark_submit.py:579} INFO - (spark.submit.pyFiles,)
[2024-09-14T21:04:21.335+0000] {spark_submit.py:579} INFO - Classpath elements:
[2024-09-14T21:04:21.336+0000] {spark_submit.py:579} INFO - 
[2024-09-14T21:04:21.337+0000] {spark_submit.py:579} INFO - 
[2024-09-14T21:04:21.339+0000] {spark_submit.py:579} INFO - 
[2024-09-14T21:04:24.355+0000] {spark_submit.py:579} INFO - 24/09/14 21:04:24 INFO SparkContext: Running Spark version 3.5.2
[2024-09-14T21:04:24.364+0000] {spark_submit.py:579} INFO - 24/09/14 21:04:24 INFO SparkContext: OS info Linux, 5.15.153.1-microsoft-standard-WSL2, amd64
[2024-09-14T21:04:24.367+0000] {spark_submit.py:579} INFO - 24/09/14 21:04:24 INFO SparkContext: Java version 17.0.12
[2024-09-14T21:04:24.570+0000] {spark_submit.py:579} INFO - 24/09/14 21:04:24 WARN NativeCodeLoader: Unable to load native-hadoop library for your platform... using builtin-java classes where applicable
[2024-09-14T21:04:24.839+0000] {spark_submit.py:579} INFO - 24/09/14 21:04:24 INFO ResourceUtils: ==============================================================
[2024-09-14T21:04:24.841+0000] {spark_submit.py:579} INFO - 24/09/14 21:04:24 INFO ResourceUtils: No custom resources configured for spark.driver.
[2024-09-14T21:04:24.842+0000] {spark_submit.py:579} INFO - 24/09/14 21:04:24 INFO ResourceUtils: ==============================================================
[2024-09-14T21:04:24.844+0000] {spark_submit.py:579} INFO - 24/09/14 21:04:24 INFO SparkContext: Submitted application: Airbnb_regr_model
[2024-09-14T21:04:24.911+0000] {spark_submit.py:579} INFO - 24/09/14 21:04:24 INFO ResourceProfile: Default ResourceProfile created, executor resources: Map(cores -> name: cores, amount: 1, script: , vendor: , memory -> name: memory, amount: 1024, script: , vendor: , offHeap -> name: offHeap, amount: 0, script: , vendor: ), task resources: Map(cpus -> name: cpus, amount: 1.0)
[2024-09-14T21:04:24.936+0000] {spark_submit.py:579} INFO - 24/09/14 21:04:24 INFO ResourceProfile: Limiting resource is cpu
[2024-09-14T21:04:24.940+0000] {spark_submit.py:579} INFO - 24/09/14 21:04:24 INFO ResourceProfileManager: Added ResourceProfile id: 0
[2024-09-14T21:04:25.139+0000] {spark_submit.py:579} INFO - 24/09/14 21:04:25 INFO SecurityManager: Changing view acls to: ***
[2024-09-14T21:04:25.141+0000] {spark_submit.py:579} INFO - 24/09/14 21:04:25 INFO SecurityManager: Changing modify acls to: ***
[2024-09-14T21:04:25.143+0000] {spark_submit.py:579} INFO - 24/09/14 21:04:25 INFO SecurityManager: Changing view acls groups to:
[2024-09-14T21:04:25.144+0000] {spark_submit.py:579} INFO - 24/09/14 21:04:25 INFO SecurityManager: Changing modify acls groups to:
[2024-09-14T21:04:25.146+0000] {spark_submit.py:579} INFO - 24/09/14 21:04:25 INFO SecurityManager: SecurityManager: authentication disabled; ui acls disabled; users with view permissions: ***; groups with view permissions: EMPTY; users with modify permissions: ***; groups with modify permissions: EMPTY
[2024-09-14T21:04:26.010+0000] {spark_submit.py:579} INFO - 24/09/14 21:04:26 INFO Utils: Successfully started service 'sparkDriver' on port 34757.
[2024-09-14T21:04:26.138+0000] {spark_submit.py:579} INFO - 24/09/14 21:04:26 INFO SparkEnv: Registering MapOutputTracker
[2024-09-14T21:04:26.266+0000] {spark_submit.py:579} INFO - 24/09/14 21:04:26 INFO SparkEnv: Registering BlockManagerMaster
[2024-09-14T21:04:26.331+0000] {spark_submit.py:579} INFO - 24/09/14 21:04:26 INFO BlockManagerMasterEndpoint: Using org.apache.spark.storage.DefaultTopologyMapper for getting topology information
[2024-09-14T21:04:26.335+0000] {spark_submit.py:579} INFO - 24/09/14 21:04:26 INFO BlockManagerMasterEndpoint: BlockManagerMasterEndpoint up
[2024-09-14T21:04:26.347+0000] {spark_submit.py:579} INFO - 24/09/14 21:04:26 INFO SparkEnv: Registering BlockManagerMasterHeartbeat
[2024-09-14T21:04:26.471+0000] {spark_submit.py:579} INFO - 24/09/14 21:04:26 INFO DiskBlockManager: Created local directory at /tmp/blockmgr-3728aa0b-1545-4531-8a16-119e6a8a60e1
[2024-09-14T21:04:26.512+0000] {spark_submit.py:579} INFO - 24/09/14 21:04:26 INFO MemoryStore: MemoryStore started with capacity 434.4 MiB
[2024-09-14T21:04:26.559+0000] {spark_submit.py:579} INFO - 24/09/14 21:04:26 INFO SparkEnv: Registering OutputCommitCoordinator
[2024-09-14T21:04:27.062+0000] {spark_submit.py:579} INFO - 24/09/14 21:04:27 INFO JettyUtils: Start Jetty 0.0.0.0:4040 for SparkUI
[2024-09-14T21:04:27.253+0000] {spark_submit.py:579} INFO - 24/09/14 21:04:27 INFO Utils: Successfully started service 'SparkUI' on port 4040.
[2024-09-14T21:04:27.527+0000] {spark_submit.py:579} INFO - 24/09/14 21:04:27 INFO Executor: Starting executor ID driver on host fb744bf0dc86
[2024-09-14T21:04:27.529+0000] {spark_submit.py:579} INFO - 24/09/14 21:04:27 INFO Executor: OS info Linux, 5.15.153.1-microsoft-standard-WSL2, amd64
[2024-09-14T21:04:27.531+0000] {spark_submit.py:579} INFO - 24/09/14 21:04:27 INFO Executor: Java version 17.0.12
[2024-09-14T21:04:27.555+0000] {spark_submit.py:579} INFO - 24/09/14 21:04:27 INFO Executor: Starting executor with user classpath (userClassPathFirst = false): ''
[2024-09-14T21:04:27.558+0000] {spark_submit.py:579} INFO - 24/09/14 21:04:27 INFO Executor: Created or updated repl class loader org.apache.spark.util.MutableURLClassLoader@a36c5fd for default.
[2024-09-14T21:04:27.648+0000] {spark_submit.py:579} INFO - 24/09/14 21:04:27 INFO Utils: Successfully started service 'org.apache.spark.network.netty.NettyBlockTransferService' on port 37953.
[2024-09-14T21:04:27.649+0000] {spark_submit.py:579} INFO - 24/09/14 21:04:27 INFO NettyBlockTransferService: Server created on fb744bf0dc86:37953
[2024-09-14T21:04:27.655+0000] {spark_submit.py:579} INFO - 24/09/14 21:04:27 INFO BlockManager: Using org.apache.spark.storage.RandomBlockReplicationPolicy for block replication policy
[2024-09-14T21:04:27.671+0000] {spark_submit.py:579} INFO - 24/09/14 21:04:27 INFO BlockManagerMaster: Registering BlockManager BlockManagerId(driver, fb744bf0dc86, 37953, None)
[2024-09-14T21:04:27.679+0000] {spark_submit.py:579} INFO - 24/09/14 21:04:27 INFO BlockManagerMasterEndpoint: Registering block manager fb744bf0dc86:37953 with 434.4 MiB RAM, BlockManagerId(driver, fb744bf0dc86, 37953, None)
[2024-09-14T21:04:27.684+0000] {spark_submit.py:579} INFO - 24/09/14 21:04:27 INFO BlockManagerMaster: Registered BlockManager BlockManagerId(driver, fb744bf0dc86, 37953, None)
[2024-09-14T21:04:27.688+0000] {spark_submit.py:579} INFO - 24/09/14 21:04:27 INFO BlockManager: Initialized BlockManager: BlockManagerId(driver, fb744bf0dc86, 37953, None)
[2024-09-14T21:04:29.031+0000] {spark_submit.py:579} INFO - 24/09/14 21:04:29 INFO SharedState: Setting hive.metastore.warehouse.dir ('null') to the value of spark.sql.warehouse.dir.
[2024-09-14T21:04:29.055+0000] {spark_submit.py:579} INFO - 24/09/14 21:04:29 INFO SharedState: Warehouse path is 'file:/user/hive/warehouse'.
[2024-09-14T21:04:31.999+0000] {spark_submit.py:579} INFO - 24/09/14 21:04:31 INFO InMemoryFileIndex: It took 149 ms to list leaf files for 1 paths.
[2024-09-14T21:04:32.202+0000] {spark_submit.py:579} INFO - 24/09/14 21:04:32 INFO InMemoryFileIndex: It took 6 ms to list leaf files for 1 paths.
[2024-09-14T21:04:38.264+0000] {spark_submit.py:579} INFO - 24/09/14 21:04:38 INFO FileSourceStrategy: Pushed Filters:
[2024-09-14T21:04:38.268+0000] {spark_submit.py:579} INFO - 24/09/14 21:04:38 INFO FileSourceStrategy: Post-Scan Filters:
[2024-09-14T21:04:38.927+0000] {spark_submit.py:579} INFO - 24/09/14 21:04:38 INFO MemoryStore: Block broadcast_0 stored as values in memory (estimated size 200.2 KiB, free 434.2 MiB)
[2024-09-14T21:04:39.072+0000] {spark_submit.py:579} INFO - 24/09/14 21:04:39 INFO MemoryStore: Block broadcast_0_piece0 stored as bytes in memory (estimated size 34.5 KiB, free 434.2 MiB)
[2024-09-14T21:04:39.079+0000] {spark_submit.py:579} INFO - 24/09/14 21:04:39 INFO BlockManagerInfo: Added broadcast_0_piece0 in memory on fb744bf0dc86:37953 (size: 34.5 KiB, free: 434.4 MiB)
[2024-09-14T21:04:39.091+0000] {spark_submit.py:579} INFO - 24/09/14 21:04:39 INFO SparkContext: Created broadcast 0 from csv at NativeMethodAccessorImpl.java:0
[2024-09-14T21:04:39.117+0000] {spark_submit.py:579} INFO - 24/09/14 21:04:39 INFO FileSourceScanExec: Planning scan with bin packing, max size: 4194304 bytes, open cost is considered as scanning 4194304 bytes.
[2024-09-14T21:04:40.731+0000] {spark_submit.py:579} INFO - 24/09/14 21:04:40 INFO CodeGenerator: Code generated in 631.276681 ms
[2024-09-14T21:04:40.852+0000] {spark_submit.py:579} INFO - 24/09/14 21:04:40 INFO SparkContext: Starting job: csv at NativeMethodAccessorImpl.java:0
[2024-09-14T21:04:40.891+0000] {spark_submit.py:579} INFO - 24/09/14 21:04:40 INFO DAGScheduler: Got job 0 (csv at NativeMethodAccessorImpl.java:0) with 1 output partitions
[2024-09-14T21:04:40.893+0000] {spark_submit.py:579} INFO - 24/09/14 21:04:40 INFO DAGScheduler: Final stage: ResultStage 0 (csv at NativeMethodAccessorImpl.java:0)
[2024-09-14T21:04:40.894+0000] {spark_submit.py:579} INFO - 24/09/14 21:04:40 INFO DAGScheduler: Parents of final stage: List()
[2024-09-14T21:04:40.897+0000] {spark_submit.py:579} INFO - 24/09/14 21:04:40 INFO DAGScheduler: Missing parents: List()
[2024-09-14T21:04:40.904+0000] {spark_submit.py:579} INFO - 24/09/14 21:04:40 INFO DAGScheduler: Submitting ResultStage 0 (MapPartitionsRDD[6] at csv at NativeMethodAccessorImpl.java:0), which has no missing parents
[2024-09-14T21:04:41.104+0000] {spark_submit.py:579} INFO - 24/09/14 21:04:41 INFO MemoryStore: Block broadcast_1 stored as values in memory (estimated size 19.1 KiB, free 434.2 MiB)
[2024-09-14T21:04:41.109+0000] {spark_submit.py:579} INFO - 24/09/14 21:04:41 INFO MemoryStore: Block broadcast_1_piece0 stored as bytes in memory (estimated size 8.3 KiB, free 434.1 MiB)
[2024-09-14T21:04:41.111+0000] {spark_submit.py:579} INFO - 24/09/14 21:04:41 INFO BlockManagerInfo: Added broadcast_1_piece0 in memory on fb744bf0dc86:37953 (size: 8.3 KiB, free: 434.4 MiB)
[2024-09-14T21:04:41.113+0000] {spark_submit.py:579} INFO - 24/09/14 21:04:41 INFO SparkContext: Created broadcast 1 from broadcast at DAGScheduler.scala:1585
[2024-09-14T21:04:41.151+0000] {spark_submit.py:579} INFO - 24/09/14 21:04:41 INFO DAGScheduler: Submitting 1 missing tasks from ResultStage 0 (MapPartitionsRDD[6] at csv at NativeMethodAccessorImpl.java:0) (first 15 tasks are for partitions Vector(0))
[2024-09-14T21:04:41.154+0000] {spark_submit.py:579} INFO - 24/09/14 21:04:41 INFO TaskSchedulerImpl: Adding task set 0.0 with 1 tasks resource profile 0
[2024-09-14T21:04:41.252+0000] {spark_submit.py:579} INFO - 24/09/14 21:04:41 INFO TaskSetManager: Starting task 0.0 in stage 0.0 (TID 0) (fb744bf0dc86, executor driver, partition 0, PROCESS_LOCAL, 9601 bytes)
[2024-09-14T21:04:41.297+0000] {spark_submit.py:579} INFO - 24/09/14 21:04:41 INFO Executor: Running task 0.0 in stage 0.0 (TID 0)
[2024-09-14T21:04:41.570+0000] {spark_submit.py:579} INFO - 24/09/14 21:04:41 INFO CodeGenerator: Code generated in 34.54467 ms
[2024-09-14T21:04:41.579+0000] {spark_submit.py:579} INFO - 24/09/14 21:04:41 INFO FileScanRDD: Reading File path: file:///opt/***/datasets/Airbnb.csv, range: 0-4194304, partition values: [empty row]
[2024-09-14T21:04:41.618+0000] {spark_submit.py:579} INFO - 24/09/14 21:04:41 INFO CodeGenerator: Code generated in 23.260451 ms
[2024-09-14T21:04:41.754+0000] {spark_submit.py:579} INFO - 24/09/14 21:04:41 INFO Executor: Finished task 0.0 in stage 0.0 (TID 0). 1851 bytes result sent to driver
[2024-09-14T21:04:41.779+0000] {spark_submit.py:579} INFO - 24/09/14 21:04:41 INFO TaskSetManager: Finished task 0.0 in stage 0.0 (TID 0) in 560 ms on fb744bf0dc86 (executor driver) (1/1)
[2024-09-14T21:04:41.784+0000] {spark_submit.py:579} INFO - 24/09/14 21:04:41 INFO TaskSchedulerImpl: Removed TaskSet 0.0, whose tasks have all completed, from pool
[2024-09-14T21:04:41.800+0000] {spark_submit.py:579} INFO - 24/09/14 21:04:41 INFO DAGScheduler: ResultStage 0 (csv at NativeMethodAccessorImpl.java:0) finished in 0.870 s
[2024-09-14T21:04:41.808+0000] {spark_submit.py:579} INFO - 24/09/14 21:04:41 INFO DAGScheduler: Job 0 is finished. Cancelling potential speculative or zombie tasks for this job
[2024-09-14T21:04:41.811+0000] {spark_submit.py:579} INFO - 24/09/14 21:04:41 INFO TaskSchedulerImpl: Killing all running tasks in stage 0: Stage finished
[2024-09-14T21:04:41.817+0000] {spark_submit.py:579} INFO - 24/09/14 21:04:41 INFO DAGScheduler: Job 0 finished: csv at NativeMethodAccessorImpl.java:0, took 0.964226 s
[2024-09-14T21:04:41.870+0000] {spark_submit.py:579} INFO - 24/09/14 21:04:41 INFO CodeGenerator: Code generated in 23.333844 ms
[2024-09-14T21:04:41.974+0000] {spark_submit.py:579} INFO - 24/09/14 21:04:41 INFO BlockManagerInfo: Removed broadcast_1_piece0 on fb744bf0dc86:37953 in memory (size: 8.3 KiB, free: 434.4 MiB)
[2024-09-14T21:04:42.108+0000] {spark_submit.py:579} INFO - 24/09/14 21:04:42 INFO SparkContext: Starting job: csv at NativeMethodAccessorImpl.java:0
[2024-09-14T21:04:42.112+0000] {spark_submit.py:579} INFO - 24/09/14 21:04:42 INFO DAGScheduler: Got job 1 (csv at NativeMethodAccessorImpl.java:0) with 2 output partitions
[2024-09-14T21:04:42.113+0000] {spark_submit.py:579} INFO - 24/09/14 21:04:42 INFO DAGScheduler: Final stage: ResultStage 1 (csv at NativeMethodAccessorImpl.java:0)
[2024-09-14T21:04:42.115+0000] {spark_submit.py:579} INFO - 24/09/14 21:04:42 INFO DAGScheduler: Parents of final stage: List()
[2024-09-14T21:04:42.116+0000] {spark_submit.py:579} INFO - 24/09/14 21:04:42 INFO DAGScheduler: Missing parents: List()
[2024-09-14T21:04:42.119+0000] {spark_submit.py:579} INFO - 24/09/14 21:04:42 INFO DAGScheduler: Submitting ResultStage 1 (MapPartitionsRDD[10] at csv at NativeMethodAccessorImpl.java:0), which has no missing parents
[2024-09-14T21:04:42.139+0000] {spark_submit.py:579} INFO - 24/09/14 21:04:42 INFO MemoryStore: Block broadcast_2 stored as values in memory (estimated size 19.7 KiB, free 434.2 MiB)
[2024-09-14T21:04:42.145+0000] {spark_submit.py:579} INFO - 24/09/14 21:04:42 INFO MemoryStore: Block broadcast_2_piece0 stored as bytes in memory (estimated size 9.1 KiB, free 434.1 MiB)
[2024-09-14T21:04:42.149+0000] {spark_submit.py:579} INFO - 24/09/14 21:04:42 INFO BlockManagerInfo: Added broadcast_2_piece0 in memory on fb744bf0dc86:37953 (size: 9.1 KiB, free: 434.4 MiB)
[2024-09-14T21:04:42.151+0000] {spark_submit.py:579} INFO - 24/09/14 21:04:42 INFO SparkContext: Created broadcast 2 from broadcast at DAGScheduler.scala:1585
[2024-09-14T21:04:42.153+0000] {spark_submit.py:579} INFO - 24/09/14 21:04:42 INFO DAGScheduler: Submitting 2 missing tasks from ResultStage 1 (MapPartitionsRDD[10] at csv at NativeMethodAccessorImpl.java:0) (first 15 tasks are for partitions Vector(0, 1))
[2024-09-14T21:04:42.154+0000] {spark_submit.py:579} INFO - 24/09/14 21:04:42 INFO TaskSchedulerImpl: Adding task set 1.0 with 2 tasks resource profile 0
[2024-09-14T21:04:42.158+0000] {spark_submit.py:579} INFO - 24/09/14 21:04:42 INFO TaskSetManager: Starting task 0.0 in stage 1.0 (TID 1) (fb744bf0dc86, executor driver, partition 0, PROCESS_LOCAL, 9601 bytes)
[2024-09-14T21:04:42.160+0000] {spark_submit.py:579} INFO - 24/09/14 21:04:42 INFO TaskSetManager: Starting task 1.0 in stage 1.0 (TID 2) (fb744bf0dc86, executor driver, partition 1, PROCESS_LOCAL, 9601 bytes)
[2024-09-14T21:04:42.163+0000] {spark_submit.py:579} INFO - 24/09/14 21:04:42 INFO Executor: Running task 0.0 in stage 1.0 (TID 1)
[2024-09-14T21:04:42.165+0000] {spark_submit.py:579} INFO - 24/09/14 21:04:42 INFO Executor: Running task 1.0 in stage 1.0 (TID 2)
[2024-09-14T21:04:42.238+0000] {spark_submit.py:579} INFO - 24/09/14 21:04:42 INFO FileScanRDD: Reading File path: file:///opt/***/datasets/Airbnb.csv, range: 4194304-7081245, partition values: [empty row]
[2024-09-14T21:04:42.240+0000] {spark_submit.py:579} INFO - 24/09/14 21:04:42 INFO FileScanRDD: Reading File path: file:///opt/***/datasets/Airbnb.csv, range: 0-4194304, partition values: [empty row]
[2024-09-14T21:04:43.420+0000] {spark_submit.py:579} INFO - 24/09/14 21:04:43 INFO Executor: Finished task 1.0 in stage 1.0 (TID 2). 1546 bytes result sent to driver
[2024-09-14T21:04:43.427+0000] {spark_submit.py:579} INFO - 24/09/14 21:04:43 INFO TaskSetManager: Finished task 1.0 in stage 1.0 (TID 2) in 1268 ms on fb744bf0dc86 (executor driver) (1/2)
[2024-09-14T21:04:43.752+0000] {spark_submit.py:579} INFO - 24/09/14 21:04:43 INFO Executor: Finished task 0.0 in stage 1.0 (TID 1). 1546 bytes result sent to driver
[2024-09-14T21:04:43.759+0000] {spark_submit.py:579} INFO - 24/09/14 21:04:43 INFO TaskSetManager: Finished task 0.0 in stage 1.0 (TID 1) in 1602 ms on fb744bf0dc86 (executor driver) (2/2)
[2024-09-14T21:04:43.761+0000] {spark_submit.py:579} INFO - 24/09/14 21:04:43 INFO TaskSchedulerImpl: Removed TaskSet 1.0, whose tasks have all completed, from pool
[2024-09-14T21:04:43.767+0000] {spark_submit.py:579} INFO - 24/09/14 21:04:43 INFO DAGScheduler: ResultStage 1 (csv at NativeMethodAccessorImpl.java:0) finished in 1.638 s
[2024-09-14T21:04:43.768+0000] {spark_submit.py:579} INFO - 24/09/14 21:04:43 INFO DAGScheduler: Job 1 is finished. Cancelling potential speculative or zombie tasks for this job
[2024-09-14T21:04:43.771+0000] {spark_submit.py:579} INFO - 24/09/14 21:04:43 INFO TaskSchedulerImpl: Killing all running tasks in stage 1: Stage finished
[2024-09-14T21:04:43.776+0000] {spark_submit.py:579} INFO - 24/09/14 21:04:43 INFO DAGScheduler: Job 1 finished: csv at NativeMethodAccessorImpl.java:0, took 1.657644 s
[2024-09-14T21:04:44.249+0000] {spark_submit.py:579} INFO - 24/09/14 21:04:44 INFO FileSourceStrategy: Pushed Filters:
[2024-09-14T21:04:44.250+0000] {spark_submit.py:579} INFO - 24/09/14 21:04:44 INFO FileSourceStrategy: Post-Scan Filters:
[2024-09-14T21:04:44.441+0000] {spark_submit.py:579} INFO - 24/09/14 21:04:44 INFO CodeGenerator: Code generated in 87.807454 ms
[2024-09-14T21:04:44.453+0000] {spark_submit.py:579} INFO - 24/09/14 21:04:44 INFO MemoryStore: Block broadcast_3 stored as values in memory (estimated size 200.1 KiB, free 433.9 MiB)
[2024-09-14T21:04:44.472+0000] {spark_submit.py:579} INFO - 24/09/14 21:04:44 INFO MemoryStore: Block broadcast_3_piece0 stored as bytes in memory (estimated size 34.5 KiB, free 433.9 MiB)
[2024-09-14T21:04:44.473+0000] {spark_submit.py:579} INFO - 24/09/14 21:04:44 INFO BlockManagerInfo: Added broadcast_3_piece0 in memory on fb744bf0dc86:37953 (size: 34.5 KiB, free: 434.3 MiB)
[2024-09-14T21:04:44.476+0000] {spark_submit.py:579} INFO - 24/09/14 21:04:44 INFO SparkContext: Created broadcast 3 from showString at NativeMethodAccessorImpl.java:0
[2024-09-14T21:04:44.487+0000] {spark_submit.py:579} INFO - 24/09/14 21:04:44 INFO FileSourceScanExec: Planning scan with bin packing, max size: 4194304 bytes, open cost is considered as scanning 4194304 bytes.
[2024-09-14T21:04:44.518+0000] {spark_submit.py:579} INFO - 24/09/14 21:04:44 INFO SparkContext: Starting job: showString at NativeMethodAccessorImpl.java:0
[2024-09-14T21:04:44.521+0000] {spark_submit.py:579} INFO - 24/09/14 21:04:44 INFO DAGScheduler: Got job 2 (showString at NativeMethodAccessorImpl.java:0) with 1 output partitions
[2024-09-14T21:04:44.522+0000] {spark_submit.py:579} INFO - 24/09/14 21:04:44 INFO DAGScheduler: Final stage: ResultStage 2 (showString at NativeMethodAccessorImpl.java:0)
[2024-09-14T21:04:44.524+0000] {spark_submit.py:579} INFO - 24/09/14 21:04:44 INFO DAGScheduler: Parents of final stage: List()
[2024-09-14T21:04:44.525+0000] {spark_submit.py:579} INFO - 24/09/14 21:04:44 INFO DAGScheduler: Missing parents: List()
[2024-09-14T21:04:44.527+0000] {spark_submit.py:579} INFO - 24/09/14 21:04:44 INFO DAGScheduler: Submitting ResultStage 2 (MapPartitionsRDD[14] at showString at NativeMethodAccessorImpl.java:0), which has no missing parents
[2024-09-14T21:04:44.535+0000] {spark_submit.py:579} INFO - 24/09/14 21:04:44 INFO MemoryStore: Block broadcast_4 stored as values in memory (estimated size 20.4 KiB, free 433.9 MiB)
[2024-09-14T21:04:44.541+0000] {spark_submit.py:579} INFO - 24/09/14 21:04:44 INFO MemoryStore: Block broadcast_4_piece0 stored as bytes in memory (estimated size 9.2 KiB, free 433.9 MiB)
[2024-09-14T21:04:44.544+0000] {spark_submit.py:579} INFO - 24/09/14 21:04:44 INFO BlockManagerInfo: Added broadcast_4_piece0 in memory on fb744bf0dc86:37953 (size: 9.2 KiB, free: 434.3 MiB)
[2024-09-14T21:04:44.546+0000] {spark_submit.py:579} INFO - 24/09/14 21:04:44 INFO SparkContext: Created broadcast 4 from broadcast at DAGScheduler.scala:1585
[2024-09-14T21:04:44.548+0000] {spark_submit.py:579} INFO - 24/09/14 21:04:44 INFO DAGScheduler: Submitting 1 missing tasks from ResultStage 2 (MapPartitionsRDD[14] at showString at NativeMethodAccessorImpl.java:0) (first 15 tasks are for partitions Vector(0))
[2024-09-14T21:04:44.549+0000] {spark_submit.py:579} INFO - 24/09/14 21:04:44 INFO TaskSchedulerImpl: Adding task set 2.0 with 1 tasks resource profile 0
[2024-09-14T21:04:44.553+0000] {spark_submit.py:579} INFO - 24/09/14 21:04:44 INFO TaskSetManager: Starting task 0.0 in stage 2.0 (TID 3) (fb744bf0dc86, executor driver, partition 0, PROCESS_LOCAL, 9601 bytes)
[2024-09-14T21:04:44.556+0000] {spark_submit.py:579} INFO - 24/09/14 21:04:44 INFO Executor: Running task 0.0 in stage 2.0 (TID 3)
[2024-09-14T21:04:44.658+0000] {spark_submit.py:579} INFO - 24/09/14 21:04:44 INFO CodeGenerator: Code generated in 67.504846 ms
[2024-09-14T21:04:44.661+0000] {spark_submit.py:579} INFO - 24/09/14 21:04:44 INFO FileScanRDD: Reading File path: file:///opt/***/datasets/Airbnb.csv, range: 0-4194304, partition values: [empty row]
[2024-09-14T21:04:44.684+0000] {spark_submit.py:579} INFO - 24/09/14 21:04:44 INFO CodeGenerator: Code generated in 16.888656 ms
[2024-09-14T21:04:44.744+0000] {spark_submit.py:579} INFO - 24/09/14 21:04:44 INFO Executor: Finished task 0.0 in stage 2.0 (TID 3). 1731 bytes result sent to driver
[2024-09-14T21:04:44.749+0000] {spark_submit.py:579} INFO - 24/09/14 21:04:44 INFO TaskSetManager: Finished task 0.0 in stage 2.0 (TID 3) in 196 ms on fb744bf0dc86 (executor driver) (1/1)
[2024-09-14T21:04:44.751+0000] {spark_submit.py:579} INFO - 24/09/14 21:04:44 INFO TaskSchedulerImpl: Removed TaskSet 2.0, whose tasks have all completed, from pool
[2024-09-14T21:04:44.752+0000] {spark_submit.py:579} INFO - 24/09/14 21:04:44 INFO DAGScheduler: ResultStage 2 (showString at NativeMethodAccessorImpl.java:0) finished in 0.223 s
[2024-09-14T21:04:44.754+0000] {spark_submit.py:579} INFO - 24/09/14 21:04:44 INFO DAGScheduler: Job 2 is finished. Cancelling potential speculative or zombie tasks for this job
[2024-09-14T21:04:44.756+0000] {spark_submit.py:579} INFO - 24/09/14 21:04:44 INFO TaskSchedulerImpl: Killing all running tasks in stage 2: Stage finished
[2024-09-14T21:04:44.757+0000] {spark_submit.py:579} INFO - 24/09/14 21:04:44 INFO DAGScheduler: Job 2 finished: showString at NativeMethodAccessorImpl.java:0, took 0.235660 s
[2024-09-14T21:04:44.791+0000] {spark_submit.py:579} INFO - 24/09/14 21:04:44 INFO CodeGenerator: Code generated in 21.470655 ms
[2024-09-14T21:04:44.804+0000] {spark_submit.py:579} INFO - +--------+---------+
[2024-09-14T21:04:44.806+0000] {spark_submit.py:579} INFO - |latitude|longitude|
[2024-09-14T21:04:44.807+0000] {spark_submit.py:579} INFO - +--------+---------+
[2024-09-14T21:04:44.808+0000] {spark_submit.py:579} INFO - |40.64749|-73.97237|
[2024-09-14T21:04:44.810+0000] {spark_submit.py:579} INFO - |40.75362|-73.98377|
[2024-09-14T21:04:44.811+0000] {spark_submit.py:579} INFO - |40.80902| -73.9419|
[2024-09-14T21:04:44.812+0000] {spark_submit.py:579} INFO - |40.68514|-73.95976|
[2024-09-14T21:04:44.814+0000] {spark_submit.py:579} INFO - |40.79851|-73.94399|
[2024-09-14T21:04:44.815+0000] {spark_submit.py:579} INFO - |40.74767|  -73.975|
[2024-09-14T21:04:44.816+0000] {spark_submit.py:579} INFO - |40.68688|-73.95596|
[2024-09-14T21:04:44.817+0000] {spark_submit.py:579} INFO - |40.76489|-73.98493|
[2024-09-14T21:04:44.819+0000] {spark_submit.py:579} INFO - |40.80178|-73.96723|
[2024-09-14T21:04:44.820+0000] {spark_submit.py:579} INFO - |40.71344|-73.99037|
[2024-09-14T21:04:44.822+0000] {spark_submit.py:579} INFO - +--------+---------+
[2024-09-14T21:04:44.823+0000] {spark_submit.py:579} INFO - only showing top 10 rows
[2024-09-14T21:04:44.825+0000] {spark_submit.py:579} INFO - 
[2024-09-14T21:04:45.490+0000] {spark_submit.py:579} INFO - 24/09/14 21:04:45 INFO FileSourceStrategy: Pushed Filters:
[2024-09-14T21:04:45.492+0000] {spark_submit.py:579} INFO - 24/09/14 21:04:45 INFO FileSourceStrategy: Post-Scan Filters: atleastnnonnulls(10, neighbourhood_group#25, neighbourhood#26, cast(regexp_replace(latitude#27, ,, ., 1) as float), cast(regexp_replace(longitude#28, ,, ., 1) as float), room_type#29, price#30, minimum_nights#31, number_of_reviews#32, calculated_host_listings_count#35, availability_365#36)
[2024-09-14T21:04:46.033+0000] {spark_submit.py:579} INFO - 24/09/14 21:04:46 INFO BlockManagerInfo: Removed broadcast_3_piece0 on fb744bf0dc86:37953 in memory (size: 34.5 KiB, free: 434.3 MiB)
[2024-09-14T21:04:46.048+0000] {spark_submit.py:579} INFO - 24/09/14 21:04:46 INFO BlockManagerInfo: Removed broadcast_4_piece0 on fb744bf0dc86:37953 in memory (size: 9.2 KiB, free: 434.4 MiB)
[2024-09-14T21:04:46.630+0000] {spark_submit.py:579} INFO - 24/09/14 21:04:46 INFO CodeGenerator: Code generated in 274.588054 ms
[2024-09-14T21:04:46.642+0000] {spark_submit.py:579} INFO - 24/09/14 21:04:46 INFO MemoryStore: Block broadcast_5 stored as values in memory (estimated size 200.1 KiB, free 433.9 MiB)
[2024-09-14T21:04:46.688+0000] {spark_submit.py:579} INFO - 24/09/14 21:04:46 INFO MemoryStore: Block broadcast_5_piece0 stored as bytes in memory (estimated size 34.5 KiB, free 433.9 MiB)
[2024-09-14T21:04:46.693+0000] {spark_submit.py:579} INFO - 24/09/14 21:04:46 INFO BlockManagerInfo: Added broadcast_5_piece0 in memory on fb744bf0dc86:37953 (size: 34.5 KiB, free: 434.3 MiB)
[2024-09-14T21:04:46.696+0000] {spark_submit.py:579} INFO - 24/09/14 21:04:46 INFO SparkContext: Created broadcast 5 from showString at NativeMethodAccessorImpl.java:0
[2024-09-14T21:04:46.702+0000] {spark_submit.py:579} INFO - 24/09/14 21:04:46 INFO FileSourceScanExec: Planning scan with bin packing, max size: 4194304 bytes, open cost is considered as scanning 4194304 bytes.
[2024-09-14T21:04:46.784+0000] {spark_submit.py:579} INFO - 24/09/14 21:04:46 INFO DAGScheduler: Registering RDD 18 (showString at NativeMethodAccessorImpl.java:0) as input to shuffle 0
[2024-09-14T21:04:46.794+0000] {spark_submit.py:579} INFO - 24/09/14 21:04:46 INFO DAGScheduler: Got map stage job 3 (showString at NativeMethodAccessorImpl.java:0) with 2 output partitions
[2024-09-14T21:04:46.796+0000] {spark_submit.py:579} INFO - 24/09/14 21:04:46 INFO DAGScheduler: Final stage: ShuffleMapStage 3 (showString at NativeMethodAccessorImpl.java:0)
[2024-09-14T21:04:46.797+0000] {spark_submit.py:579} INFO - 24/09/14 21:04:46 INFO DAGScheduler: Parents of final stage: List()
[2024-09-14T21:04:46.799+0000] {spark_submit.py:579} INFO - 24/09/14 21:04:46 INFO DAGScheduler: Missing parents: List()
[2024-09-14T21:04:46.803+0000] {spark_submit.py:579} INFO - 24/09/14 21:04:46 INFO DAGScheduler: Submitting ShuffleMapStage 3 (MapPartitionsRDD[18] at showString at NativeMethodAccessorImpl.java:0), which has no missing parents
[2024-09-14T21:04:46.846+0000] {spark_submit.py:579} INFO - 24/09/14 21:04:46 INFO MemoryStore: Block broadcast_6 stored as values in memory (estimated size 45.3 KiB, free 433.9 MiB)
[2024-09-14T21:04:46.854+0000] {spark_submit.py:579} INFO - 24/09/14 21:04:46 INFO MemoryStore: Block broadcast_6_piece0 stored as bytes in memory (estimated size 16.4 KiB, free 433.9 MiB)
[2024-09-14T21:04:46.858+0000] {spark_submit.py:579} INFO - 24/09/14 21:04:46 INFO BlockManagerInfo: Added broadcast_6_piece0 in memory on fb744bf0dc86:37953 (size: 16.4 KiB, free: 434.3 MiB)
[2024-09-14T21:04:46.860+0000] {spark_submit.py:579} INFO - 24/09/14 21:04:46 INFO SparkContext: Created broadcast 6 from broadcast at DAGScheduler.scala:1585
[2024-09-14T21:04:46.865+0000] {spark_submit.py:579} INFO - 24/09/14 21:04:46 INFO DAGScheduler: Submitting 2 missing tasks from ShuffleMapStage 3 (MapPartitionsRDD[18] at showString at NativeMethodAccessorImpl.java:0) (first 15 tasks are for partitions Vector(0, 1))
[2024-09-14T21:04:46.867+0000] {spark_submit.py:579} INFO - 24/09/14 21:04:46 INFO TaskSchedulerImpl: Adding task set 3.0 with 2 tasks resource profile 0
[2024-09-14T21:04:46.873+0000] {spark_submit.py:579} INFO - 24/09/14 21:04:46 INFO TaskSetManager: Starting task 0.0 in stage 3.0 (TID 4) (fb744bf0dc86, executor driver, partition 0, PROCESS_LOCAL, 9590 bytes)
[2024-09-14T21:04:46.875+0000] {spark_submit.py:579} INFO - 24/09/14 21:04:46 INFO TaskSetManager: Starting task 1.0 in stage 3.0 (TID 5) (fb744bf0dc86, executor driver, partition 1, PROCESS_LOCAL, 9590 bytes)
[2024-09-14T21:04:46.878+0000] {spark_submit.py:579} INFO - 24/09/14 21:04:46 INFO Executor: Running task 0.0 in stage 3.0 (TID 4)
[2024-09-14T21:04:46.879+0000] {spark_submit.py:579} INFO - 24/09/14 21:04:46 INFO Executor: Running task 1.0 in stage 3.0 (TID 5)
[2024-09-14T21:04:47.092+0000] {spark_submit.py:579} INFO - 24/09/14 21:04:47 INFO CodeGenerator: Code generated in 171.65301 ms
[2024-09-14T21:04:47.124+0000] {spark_submit.py:579} INFO - 24/09/14 21:04:47 INFO FileScanRDD: Reading File path: file:///opt/***/datasets/Airbnb.csv, range: 0-4194304, partition values: [empty row]
[2024-09-14T21:04:47.126+0000] {spark_submit.py:579} INFO - 24/09/14 21:04:47 INFO FileScanRDD: Reading File path: file:///opt/***/datasets/Airbnb.csv, range: 4194304-7081245, partition values: [empty row]
[2024-09-14T21:04:47.173+0000] {spark_submit.py:579} INFO - 24/09/14 21:04:47 INFO CodeGenerator: Code generated in 27.672057 ms
[2024-09-14T21:04:48.201+0000] {spark_submit.py:579} INFO - 24/09/14 21:04:48 INFO Executor: Finished task 1.0 in stage 3.0 (TID 5). 2070 bytes result sent to driver
[2024-09-14T21:04:48.206+0000] {spark_submit.py:579} INFO - 24/09/14 21:04:48 INFO TaskSetManager: Finished task 1.0 in stage 3.0 (TID 5) in 1332 ms on fb744bf0dc86 (executor driver) (1/2)
[2024-09-14T21:04:48.277+0000] {spark_submit.py:579} INFO - 24/09/14 21:04:48 INFO Executor: Finished task 0.0 in stage 3.0 (TID 4). 2027 bytes result sent to driver
[2024-09-14T21:04:48.280+0000] {spark_submit.py:579} INFO - 24/09/14 21:04:48 INFO TaskSetManager: Finished task 0.0 in stage 3.0 (TID 4) in 1410 ms on fb744bf0dc86 (executor driver) (2/2)
[2024-09-14T21:04:48.282+0000] {spark_submit.py:579} INFO - 24/09/14 21:04:48 INFO TaskSchedulerImpl: Removed TaskSet 3.0, whose tasks have all completed, from pool
[2024-09-14T21:04:48.284+0000] {spark_submit.py:579} INFO - 24/09/14 21:04:48 INFO DAGScheduler: ShuffleMapStage 3 (showString at NativeMethodAccessorImpl.java:0) finished in 1.472 s
[2024-09-14T21:04:48.286+0000] {spark_submit.py:579} INFO - 24/09/14 21:04:48 INFO DAGScheduler: looking for newly runnable stages
[2024-09-14T21:04:48.287+0000] {spark_submit.py:579} INFO - 24/09/14 21:04:48 INFO DAGScheduler: running: Set()
[2024-09-14T21:04:48.289+0000] {spark_submit.py:579} INFO - 24/09/14 21:04:48 INFO DAGScheduler: waiting: Set()
[2024-09-14T21:04:48.290+0000] {spark_submit.py:579} INFO - 24/09/14 21:04:48 INFO DAGScheduler: failed: Set()
[2024-09-14T21:04:48.458+0000] {spark_submit.py:579} INFO - 24/09/14 21:04:48 INFO CodeGenerator: Code generated in 61.063694 ms
[2024-09-14T21:04:48.534+0000] {spark_submit.py:579} INFO - 24/09/14 21:04:48 INFO SparkContext: Starting job: showString at NativeMethodAccessorImpl.java:0
[2024-09-14T21:04:48.539+0000] {spark_submit.py:579} INFO - 24/09/14 21:04:48 INFO DAGScheduler: Got job 4 (showString at NativeMethodAccessorImpl.java:0) with 1 output partitions
[2024-09-14T21:04:48.540+0000] {spark_submit.py:579} INFO - 24/09/14 21:04:48 INFO DAGScheduler: Final stage: ResultStage 5 (showString at NativeMethodAccessorImpl.java:0)
[2024-09-14T21:04:48.542+0000] {spark_submit.py:579} INFO - 24/09/14 21:04:48 INFO DAGScheduler: Parents of final stage: List(ShuffleMapStage 4)
[2024-09-14T21:04:48.543+0000] {spark_submit.py:579} INFO - 24/09/14 21:04:48 INFO DAGScheduler: Missing parents: List()
[2024-09-14T21:04:48.545+0000] {spark_submit.py:579} INFO - 24/09/14 21:04:48 INFO DAGScheduler: Submitting ResultStage 5 (MapPartitionsRDD[21] at showString at NativeMethodAccessorImpl.java:0), which has no missing parents
[2024-09-14T21:04:48.568+0000] {spark_submit.py:579} INFO - 24/09/14 21:04:48 INFO MemoryStore: Block broadcast_7 stored as values in memory (estimated size 30.0 KiB, free 433.8 MiB)
[2024-09-14T21:04:48.573+0000] {spark_submit.py:579} INFO - 24/09/14 21:04:48 INFO MemoryStore: Block broadcast_7_piece0 stored as bytes in memory (estimated size 9.9 KiB, free 433.8 MiB)
[2024-09-14T21:04:48.574+0000] {spark_submit.py:579} INFO - 24/09/14 21:04:48 INFO BlockManagerInfo: Added broadcast_7_piece0 in memory on fb744bf0dc86:37953 (size: 9.9 KiB, free: 434.3 MiB)
[2024-09-14T21:04:48.576+0000] {spark_submit.py:579} INFO - 24/09/14 21:04:48 INFO SparkContext: Created broadcast 7 from broadcast at DAGScheduler.scala:1585
[2024-09-14T21:04:48.578+0000] {spark_submit.py:579} INFO - 24/09/14 21:04:48 INFO DAGScheduler: Submitting 1 missing tasks from ResultStage 5 (MapPartitionsRDD[21] at showString at NativeMethodAccessorImpl.java:0) (first 15 tasks are for partitions Vector(0))
[2024-09-14T21:04:48.579+0000] {spark_submit.py:579} INFO - 24/09/14 21:04:48 INFO TaskSchedulerImpl: Adding task set 5.0 with 1 tasks resource profile 0
[2024-09-14T21:04:48.591+0000] {spark_submit.py:579} INFO - 24/09/14 21:04:48 INFO TaskSetManager: Starting task 0.0 in stage 5.0 (TID 6) (fb744bf0dc86, executor driver, partition 0, NODE_LOCAL, 8999 bytes)
[2024-09-14T21:04:48.593+0000] {spark_submit.py:579} INFO - 24/09/14 21:04:48 INFO Executor: Running task 0.0 in stage 5.0 (TID 6)
[2024-09-14T21:04:48.659+0000] {spark_submit.py:579} INFO - 24/09/14 21:04:48 INFO ShuffleBlockFetcherIterator: Getting 2 (120.0 B) non-empty blocks including 2 (120.0 B) local and 0 (0.0 B) host-local and 0 (0.0 B) push-merged-local and 0 (0.0 B) remote blocks
[2024-09-14T21:04:48.664+0000] {spark_submit.py:579} INFO - 24/09/14 21:04:48 INFO ShuffleBlockFetcherIterator: Started 0 remote fetches in 26 ms
[2024-09-14T21:04:48.734+0000] {spark_submit.py:579} INFO - 24/09/14 21:04:48 INFO CodeGenerator: Code generated in 55.269798 ms
[2024-09-14T21:04:48.758+0000] {spark_submit.py:579} INFO - 24/09/14 21:04:48 INFO Executor: Finished task 0.0 in stage 5.0 (TID 6). 4083 bytes result sent to driver
[2024-09-14T21:04:48.762+0000] {spark_submit.py:579} INFO - 24/09/14 21:04:48 INFO TaskSetManager: Finished task 0.0 in stage 5.0 (TID 6) in 174 ms on fb744bf0dc86 (executor driver) (1/1)
[2024-09-14T21:04:48.764+0000] {spark_submit.py:579} INFO - 24/09/14 21:04:48 INFO TaskSchedulerImpl: Removed TaskSet 5.0, whose tasks have all completed, from pool
[2024-09-14T21:04:48.766+0000] {spark_submit.py:579} INFO - 24/09/14 21:04:48 INFO DAGScheduler: ResultStage 5 (showString at NativeMethodAccessorImpl.java:0) finished in 0.202 s
[2024-09-14T21:04:48.767+0000] {spark_submit.py:579} INFO - 24/09/14 21:04:48 INFO DAGScheduler: Job 4 is finished. Cancelling potential speculative or zombie tasks for this job
[2024-09-14T21:04:48.769+0000] {spark_submit.py:579} INFO - 24/09/14 21:04:48 INFO TaskSchedulerImpl: Killing all running tasks in stage 5: Stage finished
[2024-09-14T21:04:48.771+0000] {spark_submit.py:579} INFO - 24/09/14 21:04:48 INFO DAGScheduler: Job 4 finished: showString at NativeMethodAccessorImpl.java:0, took 0.234102 s
[2024-09-14T21:04:48.815+0000] {spark_submit.py:579} INFO - 24/09/14 21:04:48 INFO CodeGenerator: Code generated in 22.491882 ms
[2024-09-14T21:04:48.819+0000] {spark_submit.py:579} INFO - +-------------------+-------------+--------+---------+---------+-----+--------------+-----------------+------------------------------+----------------+
[2024-09-14T21:04:48.820+0000] {spark_submit.py:579} INFO - |neighbourhood_group|neighbourhood|latitude|longitude|room_type|price|minimum_nights|number_of_reviews|calculated_host_listings_count|availability_365|
[2024-09-14T21:04:48.822+0000] {spark_submit.py:579} INFO - +-------------------+-------------+--------+---------+---------+-----+--------------+-----------------+------------------------------+----------------+
[2024-09-14T21:04:48.823+0000] {spark_submit.py:579} INFO - |                  0|            0|       0|        0|        0|    0|             0|                0|                             0|               0|
[2024-09-14T21:04:48.825+0000] {spark_submit.py:579} INFO - +-------------------+-------------+--------+---------+---------+-----+--------------+-----------------+------------------------------+----------------+
[2024-09-14T21:04:48.826+0000] {spark_submit.py:579} INFO - 
[2024-09-14T21:04:49.088+0000] {spark_submit.py:579} INFO - 24/09/14 21:04:49 INFO HiveConf: Found configuration file null
[2024-09-14T21:04:49.112+0000] {spark_submit.py:579} INFO - 24/09/14 21:04:49 INFO HiveUtils: Initializing HiveMetastoreConnection version 2.3.9 using Spark classes.
[2024-09-14T21:04:49.652+0000] {spark_submit.py:579} INFO - 24/09/14 21:04:49 INFO HiveClientImpl: Warehouse location for Hive client (version 2.3.9) is file:/user/hive/warehouse
[2024-09-14T21:04:49.751+0000] {spark_submit.py:579} INFO - 24/09/14 21:04:49 INFO metastore: Trying to connect to metastore with URI thrift://hive-metastore:9083
[2024-09-14T21:04:49.807+0000] {spark_submit.py:579} INFO - 24/09/14 21:04:49 INFO metastore: Opened a connection to metastore, current connections: 1
[2024-09-14T21:04:49.889+0000] {spark_submit.py:579} INFO - 24/09/14 21:04:49 INFO metastore: Connected to metastore.
[2024-09-14T21:04:52.323+0000] {spark_submit.py:579} INFO - 24/09/14 21:04:52 INFO InMemoryFileIndex: It took 88 ms to list leaf files for 1 paths.
[2024-09-14T21:04:52.888+0000] {spark_submit.py:579} INFO - 24/09/14 21:04:52 INFO FileSourceStrategy: Pushed Filters:
[2024-09-14T21:04:52.889+0000] {spark_submit.py:579} INFO - 24/09/14 21:04:52 INFO FileSourceStrategy: Post-Scan Filters: atleastnnonnulls(10, neighbourhood_group#25, neighbourhood#26, cast(regexp_replace(latitude#27, ,, ., 1) as float), cast(regexp_replace(longitude#28, ,, ., 1) as float), room_type#29, price#30, minimum_nights#31, number_of_reviews#32, calculated_host_listings_count#35, availability_365#36)
[2024-09-14T21:04:53.437+0000] {spark_submit.py:579} INFO - 24/09/14 21:04:53 INFO CodeGenerator: Code generated in 267.046756 ms
[2024-09-14T21:04:53.450+0000] {spark_submit.py:579} INFO - 24/09/14 21:04:53 INFO MemoryStore: Block broadcast_8 stored as values in memory (estimated size 200.1 KiB, free 433.6 MiB)
[2024-09-14T21:04:53.476+0000] {spark_submit.py:579} INFO - 24/09/14 21:04:53 INFO MemoryStore: Block broadcast_8_piece0 stored as bytes in memory (estimated size 34.5 KiB, free 433.6 MiB)
[2024-09-14T21:04:53.480+0000] {spark_submit.py:579} INFO - 24/09/14 21:04:53 INFO BlockManagerInfo: Added broadcast_8_piece0 in memory on fb744bf0dc86:37953 (size: 34.5 KiB, free: 434.3 MiB)
[2024-09-14T21:04:53.481+0000] {spark_submit.py:579} INFO - 24/09/14 21:04:53 INFO SparkContext: Created broadcast 8 from saveAsTable at NativeMethodAccessorImpl.java:0
[2024-09-14T21:04:53.486+0000] {spark_submit.py:579} INFO - 24/09/14 21:04:53 INFO FileSourceScanExec: Planning scan with bin packing, max size: 4194304 bytes, open cost is considered as scanning 4194304 bytes.
[2024-09-14T21:04:53.703+0000] {spark_submit.py:579} INFO - 24/09/14 21:04:53 INFO BlockManagerInfo: Removed broadcast_6_piece0 on fb744bf0dc86:37953 in memory (size: 16.4 KiB, free: 434.3 MiB)
[2024-09-14T21:04:53.712+0000] {spark_submit.py:579} INFO - 24/09/14 21:04:53 INFO DAGScheduler: Registering RDD 25 (saveAsTable at NativeMethodAccessorImpl.java:0) as input to shuffle 1
[2024-09-14T21:04:53.714+0000] {spark_submit.py:579} INFO - 24/09/14 21:04:53 INFO DAGScheduler: Got map stage job 5 (saveAsTable at NativeMethodAccessorImpl.java:0) with 2 output partitions
[2024-09-14T21:04:53.716+0000] {spark_submit.py:579} INFO - 24/09/14 21:04:53 INFO DAGScheduler: Final stage: ShuffleMapStage 6 (saveAsTable at NativeMethodAccessorImpl.java:0)
[2024-09-14T21:04:53.718+0000] {spark_submit.py:579} INFO - 24/09/14 21:04:53 INFO DAGScheduler: Parents of final stage: List()
[2024-09-14T21:04:53.719+0000] {spark_submit.py:579} INFO - 24/09/14 21:04:53 INFO DAGScheduler: Missing parents: List()
[2024-09-14T21:04:53.721+0000] {spark_submit.py:579} INFO - 24/09/14 21:04:53 INFO BlockManagerInfo: Removed broadcast_7_piece0 on fb744bf0dc86:37953 in memory (size: 9.9 KiB, free: 434.3 MiB)
[2024-09-14T21:04:53.722+0000] {spark_submit.py:579} INFO - 24/09/14 21:04:53 INFO DAGScheduler: Submitting ShuffleMapStage 6 (MapPartitionsRDD[25] at saveAsTable at NativeMethodAccessorImpl.java:0), which has no missing parents
[2024-09-14T21:04:53.738+0000] {spark_submit.py:579} INFO - 24/09/14 21:04:53 INFO MemoryStore: Block broadcast_9 stored as values in memory (estimated size 61.1 KiB, free 433.6 MiB)
[2024-09-14T21:04:53.747+0000] {spark_submit.py:579} INFO - 24/09/14 21:04:53 INFO MemoryStore: Block broadcast_9_piece0 stored as bytes in memory (estimated size 25.6 KiB, free 433.6 MiB)
[2024-09-14T21:04:53.751+0000] {spark_submit.py:579} INFO - 24/09/14 21:04:53 INFO BlockManagerInfo: Added broadcast_9_piece0 in memory on fb744bf0dc86:37953 (size: 25.6 KiB, free: 434.3 MiB)
[2024-09-14T21:04:53.754+0000] {spark_submit.py:579} INFO - 24/09/14 21:04:53 INFO SparkContext: Created broadcast 9 from broadcast at DAGScheduler.scala:1585
[2024-09-14T21:04:53.756+0000] {spark_submit.py:579} INFO - 24/09/14 21:04:53 INFO DAGScheduler: Submitting 2 missing tasks from ShuffleMapStage 6 (MapPartitionsRDD[25] at saveAsTable at NativeMethodAccessorImpl.java:0) (first 15 tasks are for partitions Vector(0, 1))
[2024-09-14T21:04:53.759+0000] {spark_submit.py:579} INFO - 24/09/14 21:04:53 INFO TaskSchedulerImpl: Adding task set 6.0 with 2 tasks resource profile 0
[2024-09-14T21:04:53.766+0000] {spark_submit.py:579} INFO - 24/09/14 21:04:53 INFO TaskSetManager: Starting task 0.0 in stage 6.0 (TID 7) (fb744bf0dc86, executor driver, partition 0, PROCESS_LOCAL, 9590 bytes)
[2024-09-14T21:04:53.774+0000] {spark_submit.py:579} INFO - 24/09/14 21:04:53 INFO TaskSetManager: Starting task 1.0 in stage 6.0 (TID 8) (fb744bf0dc86, executor driver, partition 1, PROCESS_LOCAL, 9590 bytes)
[2024-09-14T21:04:53.778+0000] {spark_submit.py:579} INFO - 24/09/14 21:04:53 INFO Executor: Running task 0.0 in stage 6.0 (TID 7)
[2024-09-14T21:04:53.781+0000] {spark_submit.py:579} INFO - 24/09/14 21:04:53 INFO Executor: Running task 1.0 in stage 6.0 (TID 8)
[2024-09-14T21:04:53.915+0000] {spark_submit.py:579} INFO - 24/09/14 21:04:53 INFO CodeGenerator: Code generated in 110.524173 ms
[2024-09-14T21:04:53.950+0000] {spark_submit.py:579} INFO - 24/09/14 21:04:53 INFO CodeGenerator: Code generated in 18.805776 ms
[2024-09-14T21:04:53.975+0000] {spark_submit.py:579} INFO - 24/09/14 21:04:53 INFO CodeGenerator: Code generated in 12.901944 ms
[2024-09-14T21:04:54.011+0000] {spark_submit.py:579} INFO - 24/09/14 21:04:54 INFO CodeGenerator: Code generated in 13.684205 ms
[2024-09-14T21:04:54.041+0000] {spark_submit.py:579} INFO - 24/09/14 21:04:54 INFO FileScanRDD: Reading File path: file:///opt/***/datasets/Airbnb.csv, range: 4194304-7081245, partition values: [empty row]
[2024-09-14T21:04:54.043+0000] {spark_submit.py:579} INFO - 24/09/14 21:04:54 INFO FileScanRDD: Reading File path: file:///opt/***/datasets/Airbnb.csv, range: 0-4194304, partition values: [empty row]
[2024-09-14T21:04:54.523+0000] {spark_submit.py:579} INFO - 24/09/14 21:04:54 INFO Executor: Finished task 1.0 in stage 6.0 (TID 8). 2821 bytes result sent to driver
[2024-09-14T21:04:54.527+0000] {spark_submit.py:579} INFO - 24/09/14 21:04:54 INFO TaskSetManager: Finished task 1.0 in stage 6.0 (TID 8) in 760 ms on fb744bf0dc86 (executor driver) (1/2)
[2024-09-14T21:04:54.530+0000] {spark_submit.py:579} INFO - 24/09/14 21:04:54 INFO Executor: Finished task 0.0 in stage 6.0 (TID 7). 2821 bytes result sent to driver
[2024-09-14T21:04:54.532+0000] {spark_submit.py:579} INFO - 24/09/14 21:04:54 INFO TaskSetManager: Finished task 0.0 in stage 6.0 (TID 7) in 772 ms on fb744bf0dc86 (executor driver) (2/2)
[2024-09-14T21:04:54.534+0000] {spark_submit.py:579} INFO - 24/09/14 21:04:54 INFO TaskSchedulerImpl: Removed TaskSet 6.0, whose tasks have all completed, from pool
[2024-09-14T21:04:54.535+0000] {spark_submit.py:579} INFO - 24/09/14 21:04:54 INFO DAGScheduler: ShuffleMapStage 6 (saveAsTable at NativeMethodAccessorImpl.java:0) finished in 0.809 s
[2024-09-14T21:04:54.537+0000] {spark_submit.py:579} INFO - 24/09/14 21:04:54 INFO DAGScheduler: looking for newly runnable stages
[2024-09-14T21:04:54.539+0000] {spark_submit.py:579} INFO - 24/09/14 21:04:54 INFO DAGScheduler: running: Set()
[2024-09-14T21:04:54.541+0000] {spark_submit.py:579} INFO - 24/09/14 21:04:54 INFO DAGScheduler: waiting: Set()
[2024-09-14T21:04:54.542+0000] {spark_submit.py:579} INFO - 24/09/14 21:04:54 INFO DAGScheduler: failed: Set()
[2024-09-14T21:04:54.572+0000] {spark_submit.py:579} INFO - 24/09/14 21:04:54 INFO ShufflePartitionsUtil: For shuffle(1), advisory target size: 67108864, actual target size 1048576, minimum partition size: 1048576
[2024-09-14T21:04:54.736+0000] {spark_submit.py:579} INFO - 24/09/14 21:04:54 INFO ParquetUtils: Using default output committer for Parquet: org.apache.parquet.hadoop.ParquetOutputCommitter
[2024-09-14T21:04:54.772+0000] {spark_submit.py:579} INFO - 24/09/14 21:04:54 INFO FileOutputCommitter: File Output Committer Algorithm version is 1
[2024-09-14T21:04:54.774+0000] {spark_submit.py:579} INFO - 24/09/14 21:04:54 INFO FileOutputCommitter: FileOutputCommitter skip cleanup _temporary folders under output directory:false, ignore cleanup failures: false
[2024-09-14T21:04:54.775+0000] {spark_submit.py:579} INFO - 24/09/14 21:04:54 INFO SQLHadoopMapReduceCommitProtocol: Using user defined output committer class org.apache.parquet.hadoop.ParquetOutputCommitter
[2024-09-14T21:04:54.777+0000] {spark_submit.py:579} INFO - 24/09/14 21:04:54 INFO FileOutputCommitter: File Output Committer Algorithm version is 1
[2024-09-14T21:04:54.778+0000] {spark_submit.py:579} INFO - 24/09/14 21:04:54 INFO FileOutputCommitter: FileOutputCommitter skip cleanup _temporary folders under output directory:false, ignore cleanup failures: false
[2024-09-14T21:04:54.779+0000] {spark_submit.py:579} INFO - 24/09/14 21:04:54 INFO SQLHadoopMapReduceCommitProtocol: Using output committer class org.apache.parquet.hadoop.ParquetOutputCommitter
[2024-09-14T21:04:54.803+0000] {spark_submit.py:579} INFO - 24/09/14 21:04:54 INFO HashAggregateExec: spark.sql.codegen.aggregate.map.twolevel.enabled is set to true, but current version of codegened fast hashmap does not support this aggregate.
[2024-09-14T21:04:54.862+0000] {spark_submit.py:579} INFO - 24/09/14 21:04:54 INFO CodeGenerator: Code generated in 35.245519 ms
[2024-09-14T21:04:54.915+0000] {spark_submit.py:579} INFO - 24/09/14 21:04:54 INFO SparkContext: Starting job: saveAsTable at NativeMethodAccessorImpl.java:0
[2024-09-14T21:04:54.918+0000] {spark_submit.py:579} INFO - 24/09/14 21:04:54 INFO DAGScheduler: Got job 6 (saveAsTable at NativeMethodAccessorImpl.java:0) with 1 output partitions
[2024-09-14T21:04:54.920+0000] {spark_submit.py:579} INFO - 24/09/14 21:04:54 INFO DAGScheduler: Final stage: ResultStage 8 (saveAsTable at NativeMethodAccessorImpl.java:0)
[2024-09-14T21:04:54.922+0000] {spark_submit.py:579} INFO - 24/09/14 21:04:54 INFO DAGScheduler: Parents of final stage: List(ShuffleMapStage 7)
[2024-09-14T21:04:54.924+0000] {spark_submit.py:579} INFO - 24/09/14 21:04:54 INFO DAGScheduler: Missing parents: List()
[2024-09-14T21:04:54.925+0000] {spark_submit.py:579} INFO - 24/09/14 21:04:54 INFO DAGScheduler: Submitting ResultStage 8 (MapPartitionsRDD[28] at saveAsTable at NativeMethodAccessorImpl.java:0), which has no missing parents
[2024-09-14T21:04:54.979+0000] {spark_submit.py:579} INFO - 24/09/14 21:04:54 INFO MemoryStore: Block broadcast_10 stored as values in memory (estimated size 261.3 KiB, free 433.3 MiB)
[2024-09-14T21:04:54.984+0000] {spark_submit.py:579} INFO - 24/09/14 21:04:54 INFO MemoryStore: Block broadcast_10_piece0 stored as bytes in memory (estimated size 96.6 KiB, free 433.3 MiB)
[2024-09-14T21:04:54.985+0000] {spark_submit.py:579} INFO - 24/09/14 21:04:54 INFO BlockManagerInfo: Added broadcast_10_piece0 in memory on fb744bf0dc86:37953 (size: 96.6 KiB, free: 434.2 MiB)
[2024-09-14T21:04:54.987+0000] {spark_submit.py:579} INFO - 24/09/14 21:04:54 INFO SparkContext: Created broadcast 10 from broadcast at DAGScheduler.scala:1585
[2024-09-14T21:04:54.989+0000] {spark_submit.py:579} INFO - 24/09/14 21:04:54 INFO DAGScheduler: Submitting 1 missing tasks from ResultStage 8 (MapPartitionsRDD[28] at saveAsTable at NativeMethodAccessorImpl.java:0) (first 15 tasks are for partitions Vector(0))
[2024-09-14T21:04:54.990+0000] {spark_submit.py:579} INFO - 24/09/14 21:04:54 INFO TaskSchedulerImpl: Adding task set 8.0 with 1 tasks resource profile 0
[2024-09-14T21:04:54.993+0000] {spark_submit.py:579} INFO - 24/09/14 21:04:54 INFO TaskSetManager: Starting task 0.0 in stage 8.0 (TID 9) (fb744bf0dc86, executor driver, partition 0, NODE_LOCAL, 8999 bytes)
[2024-09-14T21:04:54.996+0000] {spark_submit.py:579} INFO - 24/09/14 21:04:54 INFO Executor: Running task 0.0 in stage 8.0 (TID 9)
[2024-09-14T21:04:55.090+0000] {spark_submit.py:579} INFO - 24/09/14 21:04:55 INFO ShuffleBlockFetcherIterator: Getting 2 (943.0 B) non-empty blocks including 2 (943.0 B) local and 0 (0.0 B) host-local and 0 (0.0 B) push-merged-local and 0 (0.0 B) remote blocks
[2024-09-14T21:04:55.092+0000] {spark_submit.py:579} INFO - 24/09/14 21:04:55 INFO ShuffleBlockFetcherIterator: Started 0 remote fetches in 4 ms
[2024-09-14T21:04:55.134+0000] {spark_submit.py:579} INFO - 24/09/14 21:04:55 INFO CodeGenerator: Code generated in 41.032255 ms
[2024-09-14T21:04:55.139+0000] {spark_submit.py:579} INFO - 24/09/14 21:04:55 INFO FileOutputCommitter: File Output Committer Algorithm version is 1
[2024-09-14T21:04:55.141+0000] {spark_submit.py:579} INFO - 24/09/14 21:04:55 INFO FileOutputCommitter: FileOutputCommitter skip cleanup _temporary folders under output directory:false, ignore cleanup failures: false
[2024-09-14T21:04:55.143+0000] {spark_submit.py:579} INFO - 24/09/14 21:04:55 INFO SQLHadoopMapReduceCommitProtocol: Using user defined output committer class org.apache.parquet.hadoop.ParquetOutputCommitter
[2024-09-14T21:04:55.144+0000] {spark_submit.py:579} INFO - 24/09/14 21:04:55 INFO FileOutputCommitter: File Output Committer Algorithm version is 1
[2024-09-14T21:04:55.146+0000] {spark_submit.py:579} INFO - 24/09/14 21:04:55 INFO FileOutputCommitter: FileOutputCommitter skip cleanup _temporary folders under output directory:false, ignore cleanup failures: false
[2024-09-14T21:04:55.148+0000] {spark_submit.py:579} INFO - 24/09/14 21:04:55 INFO SQLHadoopMapReduceCommitProtocol: Using output committer class org.apache.parquet.hadoop.ParquetOutputCommitter
[2024-09-14T21:04:55.158+0000] {spark_submit.py:579} INFO - 24/09/14 21:04:55 INFO CodecConfig: Compression: SNAPPY
[2024-09-14T21:04:55.166+0000] {spark_submit.py:579} INFO - 24/09/14 21:04:55 INFO CodecConfig: Compression: SNAPPY
[2024-09-14T21:04:55.212+0000] {spark_submit.py:579} INFO - 24/09/14 21:04:55 INFO ParquetOutputFormat: ParquetRecordWriter [block size: 134217728b, row group padding size: 8388608b, validating: false]
[2024-09-14T21:04:55.285+0000] {spark_submit.py:579} INFO - 24/09/14 21:04:55 INFO ParquetWriteSupport: Initialized Parquet WriteSupport with Catalyst schema:
[2024-09-14T21:04:55.287+0000] {spark_submit.py:579} INFO - {
[2024-09-14T21:04:55.288+0000] {spark_submit.py:579} INFO - "type" : "struct",
[2024-09-14T21:04:55.290+0000] {spark_submit.py:579} INFO - "fields" : [ {
[2024-09-14T21:04:55.291+0000] {spark_submit.py:579} INFO - "name" : "neighbourhood_group",
[2024-09-14T21:04:55.292+0000] {spark_submit.py:579} INFO - "type" : "string",
[2024-09-14T21:04:55.294+0000] {spark_submit.py:579} INFO - "nullable" : true,
[2024-09-14T21:04:55.295+0000] {spark_submit.py:579} INFO - "metadata" : { }
[2024-09-14T21:04:55.296+0000] {spark_submit.py:579} INFO - }, {
[2024-09-14T21:04:55.298+0000] {spark_submit.py:579} INFO - "name" : "average_price",
[2024-09-14T21:04:55.299+0000] {spark_submit.py:579} INFO - "type" : "double",
[2024-09-14T21:04:55.301+0000] {spark_submit.py:579} INFO - "nullable" : true,
[2024-09-14T21:04:55.302+0000] {spark_submit.py:579} INFO - "metadata" : { }
[2024-09-14T21:04:55.303+0000] {spark_submit.py:579} INFO - }, {
[2024-09-14T21:04:55.305+0000] {spark_submit.py:579} INFO - "name" : "min_price",
[2024-09-14T21:04:55.306+0000] {spark_submit.py:579} INFO - "type" : "integer",
[2024-09-14T21:04:55.308+0000] {spark_submit.py:579} INFO - "nullable" : true,
[2024-09-14T21:04:55.309+0000] {spark_submit.py:579} INFO - "metadata" : { }
[2024-09-14T21:04:55.311+0000] {spark_submit.py:579} INFO - }, {
[2024-09-14T21:04:55.312+0000] {spark_submit.py:579} INFO - "name" : "max_price",
[2024-09-14T21:04:55.314+0000] {spark_submit.py:579} INFO - "type" : "integer",
[2024-09-14T21:04:55.316+0000] {spark_submit.py:579} INFO - "nullable" : true,
[2024-09-14T21:04:55.317+0000] {spark_submit.py:579} INFO - "metadata" : { }
[2024-09-14T21:04:55.319+0000] {spark_submit.py:579} INFO - }, {
[2024-09-14T21:04:55.320+0000] {spark_submit.py:579} INFO - "name" : "count",
[2024-09-14T21:04:55.321+0000] {spark_submit.py:579} INFO - "type" : "long",
[2024-09-14T21:04:55.323+0000] {spark_submit.py:579} INFO - "nullable" : false,
[2024-09-14T21:04:55.324+0000] {spark_submit.py:579} INFO - "metadata" : { }
[2024-09-14T21:04:55.326+0000] {spark_submit.py:579} INFO - } ]
[2024-09-14T21:04:55.327+0000] {spark_submit.py:579} INFO - }
[2024-09-14T21:04:55.329+0000] {spark_submit.py:579} INFO - and corresponding Parquet message type:
[2024-09-14T21:04:55.330+0000] {spark_submit.py:579} INFO - message spark_schema {
[2024-09-14T21:04:55.332+0000] {spark_submit.py:579} INFO - optional binary neighbourhood_group (STRING);
[2024-09-14T21:04:55.334+0000] {spark_submit.py:579} INFO - optional double average_price;
[2024-09-14T21:04:55.336+0000] {spark_submit.py:579} INFO - optional int32 min_price;
[2024-09-14T21:04:55.337+0000] {spark_submit.py:579} INFO - optional int32 max_price;
[2024-09-14T21:04:55.339+0000] {spark_submit.py:579} INFO - required int64 count;
[2024-09-14T21:04:55.340+0000] {spark_submit.py:579} INFO - }
[2024-09-14T21:04:55.342+0000] {spark_submit.py:579} INFO - 
[2024-09-14T21:04:55.343+0000] {spark_submit.py:579} INFO - 
[2024-09-14T21:04:55.483+0000] {spark_submit.py:579} INFO - 24/09/14 21:04:55 INFO CodecPool: Got brand-new compressor [.snappy]
[2024-09-14T21:04:55.929+0000] {spark_submit.py:579} INFO - 24/09/14 21:04:55 INFO BlockManagerInfo: Removed broadcast_9_piece0 on fb744bf0dc86:37953 in memory (size: 25.6 KiB, free: 434.2 MiB)
[2024-09-14T21:04:57.699+0000] {spark_submit.py:579} INFO - 24/09/14 21:04:57 INFO FileOutputCommitter: Saved output of task 'attempt_202409142104541466686726027252645_0008_m_000000_9' to hdfs://namenode:9000/user/hive/warehouse/price_distribution/_temporary/0/task_202409142104541466686726027252645_0008_m_000000
[2024-09-14T21:04:57.702+0000] {spark_submit.py:579} INFO - 24/09/14 21:04:57 INFO SparkHadoopMapRedUtil: attempt_202409142104541466686726027252645_0008_m_000000_9: Committed. Elapsed time: 34 ms.
[2024-09-14T21:04:57.730+0000] {spark_submit.py:579} INFO - 24/09/14 21:04:57 INFO Executor: Finished task 0.0 in stage 8.0 (TID 9). 6236 bytes result sent to driver
[2024-09-14T21:04:57.739+0000] {spark_submit.py:579} INFO - 24/09/14 21:04:57 INFO TaskSetManager: Finished task 0.0 in stage 8.0 (TID 9) in 2746 ms on fb744bf0dc86 (executor driver) (1/1)
[2024-09-14T21:04:57.741+0000] {spark_submit.py:579} INFO - 24/09/14 21:04:57 INFO TaskSchedulerImpl: Removed TaskSet 8.0, whose tasks have all completed, from pool
[2024-09-14T21:04:57.746+0000] {spark_submit.py:579} INFO - 24/09/14 21:04:57 INFO DAGScheduler: ResultStage 8 (saveAsTable at NativeMethodAccessorImpl.java:0) finished in 2.812 s
[2024-09-14T21:04:57.751+0000] {spark_submit.py:579} INFO - 24/09/14 21:04:57 INFO DAGScheduler: Job 6 is finished. Cancelling potential speculative or zombie tasks for this job
[2024-09-14T21:04:57.753+0000] {spark_submit.py:579} INFO - 24/09/14 21:04:57 INFO TaskSchedulerImpl: Killing all running tasks in stage 8: Stage finished
[2024-09-14T21:04:57.756+0000] {spark_submit.py:579} INFO - 24/09/14 21:04:57 INFO DAGScheduler: Job 6 finished: saveAsTable at NativeMethodAccessorImpl.java:0, took 2.835151 s
[2024-09-14T21:04:57.761+0000] {spark_submit.py:579} INFO - 24/09/14 21:04:57 INFO FileFormatWriter: Start to commit write Job 715030a9-525e-4dbe-89e7-d377eb1c3687.
[2024-09-14T21:04:57.827+0000] {spark_submit.py:579} INFO - 24/09/14 21:04:57 INFO FileFormatWriter: Write Job 715030a9-525e-4dbe-89e7-d377eb1c3687 committed. Elapsed time: 63 ms.
[2024-09-14T21:04:57.836+0000] {spark_submit.py:579} INFO - 24/09/14 21:04:57 INFO FileFormatWriter: Finished processing stats for write job 715030a9-525e-4dbe-89e7-d377eb1c3687.
[2024-09-14T21:04:57.875+0000] {spark_submit.py:579} INFO - 24/09/14 21:04:57 INFO InMemoryFileIndex: It took 9 ms to list leaf files for 1 paths.
[2024-09-14T21:04:57.927+0000] {spark_submit.py:579} INFO - 24/09/14 21:04:57 INFO HiveExternalCatalog: Persisting file based data source table `spark_catalog`.`default`.`price_distribution` into Hive metastore in Hive compatible format.
[2024-09-14T21:04:57.961+0000] {spark_submit.py:579} INFO - 24/09/14 21:04:57 INFO SQLStdHiveAccessController: Created SQLStdHiveAccessController for session context : HiveAuthzSessionContext [sessionString=66c6c468-be92-44dc-aee4-d325d1028d07, clientType=HIVECLI]
[2024-09-14T21:04:57.965+0000] {spark_submit.py:579} INFO - 24/09/14 21:04:57 WARN SessionState: METASTORE_FILTER_HOOK will be ignored, since hive.security.authorization.manager is set to instance of HiveAuthorizerFactory.
[2024-09-14T21:04:57.966+0000] {spark_submit.py:579} INFO - 24/09/14 21:04:57 INFO metastore: Mestastore configuration hive.metastore.filter.hook changed from org.apache.hadoop.hive.metastore.DefaultMetaStoreFilterHookImpl to org.apache.hadoop.hive.ql.security.authorization.plugin.AuthorizationMetaStoreFilterHook
[2024-09-14T21:04:57.974+0000] {spark_submit.py:579} INFO - 24/09/14 21:04:57 INFO metastore: Closed a connection to metastore, current connections: 0
[2024-09-14T21:04:57.978+0000] {spark_submit.py:579} INFO - 24/09/14 21:04:57 INFO metastore: Trying to connect to metastore with URI thrift://hive-metastore:9083
[2024-09-14T21:04:57.979+0000] {spark_submit.py:579} INFO - 24/09/14 21:04:57 INFO metastore: Opened a connection to metastore, current connections: 1
[2024-09-14T21:04:57.983+0000] {spark_submit.py:579} INFO - 24/09/14 21:04:57 INFO metastore: Connected to metastore.
[2024-09-14T21:04:58.158+0000] {spark_submit.py:579} INFO - 24/09/14 21:04:58 INFO metastore: Trying to connect to metastore with URI thrift://hive-metastore:9083
[2024-09-14T21:04:58.161+0000] {spark_submit.py:579} INFO - 24/09/14 21:04:58 INFO metastore: Opened a connection to metastore, current connections: 2
[2024-09-14T21:04:58.164+0000] {spark_submit.py:579} INFO - 24/09/14 21:04:58 INFO metastore: Connected to metastore.
[2024-09-14T21:04:58.472+0000] {spark_submit.py:579} INFO -  price_distribution    Hive!
[2024-09-14T21:04:58.953+0000] {spark_submit.py:579} INFO -    processed_airbnb_data!
[2024-09-14T21:04:59.281+0000] {spark_submit.py:579} INFO - 24/09/14 21:04:59 INFO FileSourceStrategy: Pushed Filters:
[2024-09-14T21:04:59.282+0000] {spark_submit.py:579} INFO - 24/09/14 21:04:59 INFO FileSourceStrategy: Post-Scan Filters: atleastnnonnulls(10, neighbourhood_group#25, neighbourhood#26, cast(regexp_replace(latitude#27, ,, ., 1) as float), cast(regexp_replace(longitude#28, ,, ., 1) as float), room_type#29, price#30, minimum_nights#31, number_of_reviews#32, calculated_host_listings_count#35, availability_365#36)
[2024-09-14T21:04:59.298+0000] {spark_submit.py:579} INFO - 24/09/14 21:04:59 INFO FileUtils: Creating directory if it doesn't exist: hdfs://namenode:9000/user/hive/warehouse/processed_airbnb_data/.hive-staging_hive_2024-09-14_21-04-59_184_5604028853524949537-1
[2024-09-14T21:04:59.628+0000] {spark_submit.py:579} INFO - 24/09/14 21:04:59 INFO FileOutputCommitter: File Output Committer Algorithm version is 1
[2024-09-14T21:04:59.629+0000] {spark_submit.py:579} INFO - 24/09/14 21:04:59 INFO FileOutputCommitter: FileOutputCommitter skip cleanup _temporary folders under output directory:false, ignore cleanup failures: false
[2024-09-14T21:04:59.631+0000] {spark_submit.py:579} INFO - 24/09/14 21:04:59 INFO SQLHadoopMapReduceCommitProtocol: Using output committer class org.apache.hadoop.mapreduce.lib.output.FileOutputCommitter
[2024-09-14T21:04:59.724+0000] {spark_submit.py:579} INFO - 24/09/14 21:04:59 INFO CodeGenerator: Code generated in 64.302782 ms
[2024-09-14T21:04:59.732+0000] {spark_submit.py:579} INFO - 24/09/14 21:04:59 INFO MemoryStore: Block broadcast_11 stored as values in memory (estimated size 200.1 KiB, free 433.1 MiB)
[2024-09-14T21:04:59.749+0000] {spark_submit.py:579} INFO - 24/09/14 21:04:59 INFO MemoryStore: Block broadcast_11_piece0 stored as bytes in memory (estimated size 34.5 KiB, free 433.1 MiB)
[2024-09-14T21:04:59.751+0000] {spark_submit.py:579} INFO - 24/09/14 21:04:59 INFO BlockManagerInfo: Added broadcast_11_piece0 in memory on fb744bf0dc86:37953 (size: 34.5 KiB, free: 434.2 MiB)
[2024-09-14T21:04:59.754+0000] {spark_submit.py:579} INFO - 24/09/14 21:04:59 INFO SparkContext: Created broadcast 11 from insertInto at NativeMethodAccessorImpl.java:0
[2024-09-14T21:04:59.757+0000] {spark_submit.py:579} INFO - 24/09/14 21:04:59 INFO FileSourceScanExec: Planning scan with bin packing, max size: 4194304 bytes, open cost is considered as scanning 4194304 bytes.
[2024-09-14T21:04:59.773+0000] {spark_submit.py:579} INFO - 24/09/14 21:04:59 INFO SparkContext: Starting job: insertInto at NativeMethodAccessorImpl.java:0
[2024-09-14T21:04:59.775+0000] {spark_submit.py:579} INFO - 24/09/14 21:04:59 INFO DAGScheduler: Got job 7 (insertInto at NativeMethodAccessorImpl.java:0) with 2 output partitions
[2024-09-14T21:04:59.776+0000] {spark_submit.py:579} INFO - 24/09/14 21:04:59 INFO DAGScheduler: Final stage: ResultStage 9 (insertInto at NativeMethodAccessorImpl.java:0)
[2024-09-14T21:04:59.778+0000] {spark_submit.py:579} INFO - 24/09/14 21:04:59 INFO DAGScheduler: Parents of final stage: List()
[2024-09-14T21:04:59.780+0000] {spark_submit.py:579} INFO - 24/09/14 21:04:59 INFO DAGScheduler: Missing parents: List()
[2024-09-14T21:04:59.781+0000] {spark_submit.py:579} INFO - 24/09/14 21:04:59 INFO DAGScheduler: Submitting ResultStage 9 (MapPartitionsRDD[32] at insertInto at NativeMethodAccessorImpl.java:0), which has no missing parents
[2024-09-14T21:04:59.853+0000] {spark_submit.py:579} INFO - 24/09/14 21:04:59 INFO MemoryStore: Block broadcast_12 stored as values in memory (estimated size 334.5 KiB, free 432.8 MiB)
[2024-09-14T21:04:59.858+0000] {spark_submit.py:579} INFO - 24/09/14 21:04:59 INFO MemoryStore: Block broadcast_12_piece0 stored as bytes in memory (estimated size 118.8 KiB, free 432.7 MiB)
[2024-09-14T21:04:59.860+0000] {spark_submit.py:579} INFO - 24/09/14 21:04:59 INFO BlockManagerInfo: Added broadcast_12_piece0 in memory on fb744bf0dc86:37953 (size: 118.8 KiB, free: 434.0 MiB)
[2024-09-14T21:04:59.862+0000] {spark_submit.py:579} INFO - 24/09/14 21:04:59 INFO SparkContext: Created broadcast 12 from broadcast at DAGScheduler.scala:1585
[2024-09-14T21:04:59.864+0000] {spark_submit.py:579} INFO - 24/09/14 21:04:59 INFO DAGScheduler: Submitting 2 missing tasks from ResultStage 9 (MapPartitionsRDD[32] at insertInto at NativeMethodAccessorImpl.java:0) (first 15 tasks are for partitions Vector(0, 1))
[2024-09-14T21:04:59.866+0000] {spark_submit.py:579} INFO - 24/09/14 21:04:59 INFO TaskSchedulerImpl: Adding task set 9.0 with 2 tasks resource profile 0
[2024-09-14T21:04:59.869+0000] {spark_submit.py:579} INFO - 24/09/14 21:04:59 INFO TaskSetManager: Starting task 0.0 in stage 9.0 (TID 10) (fb744bf0dc86, executor driver, partition 0, PROCESS_LOCAL, 9601 bytes)
[2024-09-14T21:04:59.872+0000] {spark_submit.py:579} INFO - 24/09/14 21:04:59 INFO TaskSetManager: Starting task 1.0 in stage 9.0 (TID 11) (fb744bf0dc86, executor driver, partition 1, PROCESS_LOCAL, 9601 bytes)
[2024-09-14T21:04:59.874+0000] {spark_submit.py:579} INFO - 24/09/14 21:04:59 INFO Executor: Running task 1.0 in stage 9.0 (TID 11)
[2024-09-14T21:04:59.876+0000] {spark_submit.py:579} INFO - 24/09/14 21:04:59 INFO Executor: Running task 0.0 in stage 9.0 (TID 10)
[2024-09-14T21:04:59.976+0000] {spark_submit.py:579} INFO - 24/09/14 21:04:59 INFO CodeGenerator: Code generated in 51.665776 ms
[2024-09-14T21:04:59.981+0000] {spark_submit.py:579} INFO - 24/09/14 21:04:59 INFO FileOutputCommitter: File Output Committer Algorithm version is 1
[2024-09-14T21:04:59.983+0000] {spark_submit.py:579} INFO - 24/09/14 21:04:59 INFO FileOutputCommitter: File Output Committer Algorithm version is 1
[2024-09-14T21:04:59.985+0000] {spark_submit.py:579} INFO - 24/09/14 21:04:59 INFO FileOutputCommitter: FileOutputCommitter skip cleanup _temporary folders under output directory:false, ignore cleanup failures: false
[2024-09-14T21:04:59.987+0000] {spark_submit.py:579} INFO - 24/09/14 21:04:59 INFO FileOutputCommitter: FileOutputCommitter skip cleanup _temporary folders under output directory:false, ignore cleanup failures: false
[2024-09-14T21:04:59.989+0000] {spark_submit.py:579} INFO - 24/09/14 21:04:59 INFO SQLHadoopMapReduceCommitProtocol: Using output committer class org.apache.hadoop.mapreduce.lib.output.FileOutputCommitter
[2024-09-14T21:04:59.991+0000] {spark_submit.py:579} INFO - 24/09/14 21:04:59 INFO SQLHadoopMapReduceCommitProtocol: Using output committer class org.apache.hadoop.mapreduce.lib.output.FileOutputCommitter
[2024-09-14T21:04:59.992+0000] {spark_submit.py:579} INFO - 24/09/14 21:04:59 INFO FileScanRDD: Reading File path: file:///opt/***/datasets/Airbnb.csv, range: 4194304-7081245, partition values: [empty row]
[2024-09-14T21:05:00.064+0000] {spark_submit.py:579} INFO - 24/09/14 21:05:00 INFO FileScanRDD: Reading File path: file:///opt/***/datasets/Airbnb.csv, range: 0-4194304, partition values: [empty row]
[2024-09-14T21:05:00.385+0000] {spark_submit.py:579} INFO - 24/09/14 21:05:00 INFO BlockManagerInfo: Removed broadcast_10_piece0 on fb744bf0dc86:37953 in memory (size: 96.6 KiB, free: 434.1 MiB)
[2024-09-14T21:05:01.299+0000] {spark_submit.py:579} INFO - 24/09/14 21:05:01 INFO FileOutputCommitter: Saved output of task 'attempt_202409142104594834888199650941298_0009_m_000001_11' to hdfs://namenode:9000/user/hive/warehouse/processed_airbnb_data/.hive-staging_hive_2024-09-14_21-04-59_184_5604028853524949537-1/-ext-10000/_temporary/0/task_202409142104594834888199650941298_0009_m_000001
[2024-09-14T21:05:01.301+0000] {spark_submit.py:579} INFO - 24/09/14 21:05:01 INFO SparkHadoopMapRedUtil: attempt_202409142104594834888199650941298_0009_m_000001_11: Committed. Elapsed time: 24 ms.
[2024-09-14T21:05:01.305+0000] {spark_submit.py:579} INFO - 24/09/14 21:05:01 INFO Executor: Finished task 1.0 in stage 9.0 (TID 11). 2669 bytes result sent to driver
[2024-09-14T21:05:01.310+0000] {spark_submit.py:579} INFO - 24/09/14 21:05:01 INFO TaskSetManager: Finished task 1.0 in stage 9.0 (TID 11) in 1439 ms on fb744bf0dc86 (executor driver) (1/2)
[2024-09-14T21:05:01.542+0000] {spark_submit.py:579} INFO - 24/09/14 21:05:01 INFO FileOutputCommitter: Saved output of task 'attempt_202409142104594834888199650941298_0009_m_000000_10' to hdfs://namenode:9000/user/hive/warehouse/processed_airbnb_data/.hive-staging_hive_2024-09-14_21-04-59_184_5604028853524949537-1/-ext-10000/_temporary/0/task_202409142104594834888199650941298_0009_m_000000
[2024-09-14T21:05:01.543+0000] {spark_submit.py:579} INFO - 24/09/14 21:05:01 INFO SparkHadoopMapRedUtil: attempt_202409142104594834888199650941298_0009_m_000000_10: Committed. Elapsed time: 14 ms.
[2024-09-14T21:05:01.548+0000] {spark_submit.py:579} INFO - 24/09/14 21:05:01 INFO Executor: Finished task 0.0 in stage 9.0 (TID 10). 2669 bytes result sent to driver
[2024-09-14T21:05:01.554+0000] {spark_submit.py:579} INFO - 24/09/14 21:05:01 INFO TaskSetManager: Finished task 0.0 in stage 9.0 (TID 10) in 1685 ms on fb744bf0dc86 (executor driver) (2/2)
[2024-09-14T21:05:01.556+0000] {spark_submit.py:579} INFO - 24/09/14 21:05:01 INFO TaskSchedulerImpl: Removed TaskSet 9.0, whose tasks have all completed, from pool
[2024-09-14T21:05:01.558+0000] {spark_submit.py:579} INFO - 24/09/14 21:05:01 INFO DAGScheduler: ResultStage 9 (insertInto at NativeMethodAccessorImpl.java:0) finished in 1.777 s
[2024-09-14T21:05:01.561+0000] {spark_submit.py:579} INFO - 24/09/14 21:05:01 INFO DAGScheduler: Job 7 is finished. Cancelling potential speculative or zombie tasks for this job
[2024-09-14T21:05:01.563+0000] {spark_submit.py:579} INFO - 24/09/14 21:05:01 INFO TaskSchedulerImpl: Killing all running tasks in stage 9: Stage finished
[2024-09-14T21:05:01.565+0000] {spark_submit.py:579} INFO - 24/09/14 21:05:01 INFO DAGScheduler: Job 7 finished: insertInto at NativeMethodAccessorImpl.java:0, took 1.786786 s
[2024-09-14T21:05:01.567+0000] {spark_submit.py:579} INFO - 24/09/14 21:05:01 INFO FileFormatWriter: Start to commit write Job b4ebe970-eb02-4eb2-945b-1bac80185d56.
[2024-09-14T21:05:01.645+0000] {spark_submit.py:579} INFO - 24/09/14 21:05:01 INFO FileFormatWriter: Write Job b4ebe970-eb02-4eb2-945b-1bac80185d56 committed. Elapsed time: 80 ms.
[2024-09-14T21:05:01.647+0000] {spark_submit.py:579} INFO - 24/09/14 21:05:01 INFO FileFormatWriter: Finished processing stats for write job b4ebe970-eb02-4eb2-945b-1bac80185d56.
[2024-09-14T21:05:01.825+0000] {spark_submit.py:579} INFO - 24/09/14 21:05:01 INFO FileUtils: Creating directory if it doesn't exist: hdfs://namenode:9000/user/hive/warehouse/processed_airbnb_data
[2024-09-14T21:05:02.895+0000] {spark_submit.py:579} INFO - 24/09/14 21:05:02 INFO FileSourceStrategy: Pushed Filters:
[2024-09-14T21:05:02.903+0000] {spark_submit.py:579} INFO - 24/09/14 21:05:02 INFO FileSourceStrategy: Post-Scan Filters: atleastnnonnulls(10, neighbourhood_group#25, neighbourhood#26, cast(regexp_replace(latitude#27, ,, ., 1) as float), cast(regexp_replace(longitude#28, ,, ., 1) as float), room_type#29, price#30, minimum_nights#31, number_of_reviews#32, calculated_host_listings_count#35, availability_365#36)
[2024-09-14T21:05:03.167+0000] {spark_submit.py:579} INFO - 24/09/14 21:05:03 INFO CodeGenerator: Code generated in 144.699601 ms
[2024-09-14T21:05:03.178+0000] {spark_submit.py:579} INFO - 24/09/14 21:05:03 INFO MemoryStore: Block broadcast_13 stored as values in memory (estimated size 200.1 KiB, free 432.8 MiB)
[2024-09-14T21:05:03.212+0000] {spark_submit.py:579} INFO - 24/09/14 21:05:03 INFO MemoryStore: Block broadcast_13_piece0 stored as bytes in memory (estimated size 34.5 KiB, free 432.8 MiB)
[2024-09-14T21:05:03.216+0000] {spark_submit.py:579} INFO - 24/09/14 21:05:03 INFO BlockManagerInfo: Added broadcast_13_piece0 in memory on fb744bf0dc86:37953 (size: 34.5 KiB, free: 434.1 MiB)
[2024-09-14T21:05:03.223+0000] {spark_submit.py:579} INFO - 24/09/14 21:05:03 INFO SparkContext: Created broadcast 13 from showString at NativeMethodAccessorImpl.java:0
[2024-09-14T21:05:03.228+0000] {spark_submit.py:579} INFO - 24/09/14 21:05:03 INFO FileSourceScanExec: Planning scan with bin packing, max size: 4194304 bytes, open cost is considered as scanning 4194304 bytes.
[2024-09-14T21:05:03.275+0000] {spark_submit.py:579} INFO - 24/09/14 21:05:03 INFO SparkContext: Starting job: showString at NativeMethodAccessorImpl.java:0
[2024-09-14T21:05:03.282+0000] {spark_submit.py:579} INFO - 24/09/14 21:05:03 INFO DAGScheduler: Got job 8 (showString at NativeMethodAccessorImpl.java:0) with 1 output partitions
[2024-09-14T21:05:03.285+0000] {spark_submit.py:579} INFO - 24/09/14 21:05:03 INFO DAGScheduler: Final stage: ResultStage 10 (showString at NativeMethodAccessorImpl.java:0)
[2024-09-14T21:05:03.291+0000] {spark_submit.py:579} INFO - 24/09/14 21:05:03 INFO DAGScheduler: Parents of final stage: List()
[2024-09-14T21:05:03.293+0000] {spark_submit.py:579} INFO - 24/09/14 21:05:03 INFO DAGScheduler: Missing parents: List()
[2024-09-14T21:05:03.295+0000] {spark_submit.py:579} INFO - 24/09/14 21:05:03 INFO DAGScheduler: Submitting ResultStage 10 (MapPartitionsRDD[36] at showString at NativeMethodAccessorImpl.java:0), which has no missing parents
[2024-09-14T21:05:03.297+0000] {spark_submit.py:579} INFO - 24/09/14 21:05:03 INFO MemoryStore: Block broadcast_14 stored as values in memory (estimated size 29.7 KiB, free 432.8 MiB)
[2024-09-14T21:05:03.306+0000] {spark_submit.py:579} INFO - 24/09/14 21:05:03 INFO MemoryStore: Block broadcast_14_piece0 stored as bytes in memory (estimated size 11.1 KiB, free 432.7 MiB)
[2024-09-14T21:05:03.308+0000] {spark_submit.py:579} INFO - 24/09/14 21:05:03 INFO BlockManagerInfo: Added broadcast_14_piece0 in memory on fb744bf0dc86:37953 (size: 11.1 KiB, free: 434.1 MiB)
[2024-09-14T21:05:03.314+0000] {spark_submit.py:579} INFO - 24/09/14 21:05:03 INFO SparkContext: Created broadcast 14 from broadcast at DAGScheduler.scala:1585
[2024-09-14T21:05:03.322+0000] {spark_submit.py:579} INFO - 24/09/14 21:05:03 INFO DAGScheduler: Submitting 1 missing tasks from ResultStage 10 (MapPartitionsRDD[36] at showString at NativeMethodAccessorImpl.java:0) (first 15 tasks are for partitions Vector(0))
[2024-09-14T21:05:03.325+0000] {spark_submit.py:579} INFO - 24/09/14 21:05:03 INFO TaskSchedulerImpl: Adding task set 10.0 with 1 tasks resource profile 0
[2024-09-14T21:05:03.327+0000] {spark_submit.py:579} INFO - 24/09/14 21:05:03 INFO TaskSetManager: Starting task 0.0 in stage 10.0 (TID 12) (fb744bf0dc86, executor driver, partition 0, PROCESS_LOCAL, 9601 bytes)
[2024-09-14T21:05:03.335+0000] {spark_submit.py:579} INFO - 24/09/14 21:05:03 INFO Executor: Running task 0.0 in stage 10.0 (TID 12)
[2024-09-14T21:05:03.470+0000] {spark_submit.py:579} INFO - 24/09/14 21:05:03 INFO CodeGenerator: Code generated in 119.083627 ms
[2024-09-14T21:05:03.476+0000] {spark_submit.py:579} INFO - 24/09/14 21:05:03 INFO FileScanRDD: Reading File path: file:///opt/***/datasets/Airbnb.csv, range: 0-4194304, partition values: [empty row]
[2024-09-14T21:05:03.543+0000] {spark_submit.py:579} INFO - 24/09/14 21:05:03 INFO Executor: Finished task 0.0 in stage 10.0 (TID 12). 1871 bytes result sent to driver
[2024-09-14T21:05:03.549+0000] {spark_submit.py:579} INFO - 24/09/14 21:05:03 INFO TaskSetManager: Finished task 0.0 in stage 10.0 (TID 12) in 225 ms on fb744bf0dc86 (executor driver) (1/1)
[2024-09-14T21:05:03.551+0000] {spark_submit.py:579} INFO - 24/09/14 21:05:03 INFO TaskSchedulerImpl: Removed TaskSet 10.0, whose tasks have all completed, from pool
[2024-09-14T21:05:03.556+0000] {spark_submit.py:579} INFO - 24/09/14 21:05:03 INFO DAGScheduler: ResultStage 10 (showString at NativeMethodAccessorImpl.java:0) finished in 0.260 s
[2024-09-14T21:05:03.558+0000] {spark_submit.py:579} INFO - 24/09/14 21:05:03 INFO DAGScheduler: Job 8 is finished. Cancelling potential speculative or zombie tasks for this job
[2024-09-14T21:05:03.561+0000] {spark_submit.py:579} INFO - 24/09/14 21:05:03 INFO TaskSchedulerImpl: Killing all running tasks in stage 10: Stage finished
[2024-09-14T21:05:03.563+0000] {spark_submit.py:579} INFO - 24/09/14 21:05:03 INFO DAGScheduler: Job 8 finished: showString at NativeMethodAccessorImpl.java:0, took 0.280668 s
[2024-09-14T21:05:03.566+0000] {spark_submit.py:579} INFO - 24/09/14 21:05:03 INFO BlockManagerInfo: Removed broadcast_11_piece0 on fb744bf0dc86:37953 in memory (size: 34.5 KiB, free: 434.1 MiB)
[2024-09-14T21:05:03.590+0000] {spark_submit.py:579} INFO - 24/09/14 21:05:03 INFO BlockManagerInfo: Removed broadcast_12_piece0 on fb744bf0dc86:37953 in memory (size: 118.8 KiB, free: 434.2 MiB)
[2024-09-14T21:05:03.603+0000] {spark_submit.py:579} INFO - +-------------------+-------------+--------+---------+------------+-----+--------------+-----------------+------------------------------+----------------+
[2024-09-14T21:05:03.606+0000] {spark_submit.py:579} INFO - |neighbourhood_group|neighbourhood|latitude|longitude|   room_type|price|minimum_nights|number_of_reviews|calculated_host_listings_count|availability_365|
[2024-09-14T21:05:03.608+0000] {spark_submit.py:579} INFO - +-------------------+-------------+--------+---------+------------+-----+--------------+-----------------+------------------------------+----------------+
[2024-09-14T21:05:03.610+0000] {spark_submit.py:579} INFO - |           Brooklyn|   Kensington|40.64749|-73.97237|Private room|  149|             1|                9|                             6|             365|
[2024-09-14T21:05:03.612+0000] {spark_submit.py:579} INFO - +-------------------+-------------+--------+---------+------------+-----+--------------+-----------------+------------------------------+----------------+
[2024-09-14T21:05:03.613+0000] {spark_submit.py:579} INFO - only showing top 1 row
[2024-09-14T21:05:03.615+0000] {spark_submit.py:579} INFO - 
[2024-09-14T21:05:03.616+0000] {spark_submit.py:579} INFO -      processed_airbnb_data
[2024-09-14T21:05:03.912+0000] {spark_submit.py:579} INFO - 24/09/14 21:05:03 INFO SparkContext: Invoking stop() from shutdown hook
[2024-09-14T21:05:03.915+0000] {spark_submit.py:579} INFO - 24/09/14 21:05:03 INFO SparkContext: SparkContext is stopping with exitCode 0.
[2024-09-14T21:05:03.977+0000] {spark_submit.py:579} INFO - 24/09/14 21:05:03 INFO SparkUI: Stopped Spark web UI at http://fb744bf0dc86:4040
[2024-09-14T21:05:04.051+0000] {spark_submit.py:579} INFO - 24/09/14 21:05:04 INFO MapOutputTrackerMasterEndpoint: MapOutputTrackerMasterEndpoint stopped!
[2024-09-14T21:05:04.168+0000] {spark_submit.py:579} INFO - 24/09/14 21:05:04 INFO MemoryStore: MemoryStore cleared
[2024-09-14T21:05:04.170+0000] {spark_submit.py:579} INFO - 24/09/14 21:05:04 INFO BlockManager: BlockManager stopped
[2024-09-14T21:05:04.187+0000] {spark_submit.py:579} INFO - 24/09/14 21:05:04 INFO BlockManagerMaster: BlockManagerMaster stopped
[2024-09-14T21:05:04.202+0000] {spark_submit.py:579} INFO - 24/09/14 21:05:04 INFO OutputCommitCoordinator$OutputCommitCoordinatorEndpoint: OutputCommitCoordinator stopped!
[2024-09-14T21:05:04.248+0000] {spark_submit.py:579} INFO - 24/09/14 21:05:04 INFO SparkContext: Successfully stopped SparkContext
[2024-09-14T21:05:04.249+0000] {spark_submit.py:579} INFO - 24/09/14 21:05:04 INFO ShutdownHookManager: Shutdown hook called
[2024-09-14T21:05:04.251+0000] {spark_submit.py:579} INFO - 24/09/14 21:05:04 INFO ShutdownHookManager: Deleting directory /tmp/spark-7f108991-f244-465c-94e1-0913ffd26c9d
[2024-09-14T21:05:04.267+0000] {spark_submit.py:579} INFO - 24/09/14 21:05:04 INFO ShutdownHookManager: Deleting directory /tmp/spark-f8c0559a-c66d-4c31-8b1a-4ebfd4e0766b/pyspark-514e5dba-2c20-4c83-9eeb-d2c23c6d89be
[2024-09-14T21:05:04.286+0000] {spark_submit.py:579} INFO - 24/09/14 21:05:04 INFO ShutdownHookManager: Deleting directory /tmp/spark-f8c0559a-c66d-4c31-8b1a-4ebfd4e0766b
[2024-09-14T21:05:04.617+0000] {taskinstance.py:340} INFO - ::group::Post task execution logs
[2024-09-14T21:05:04.619+0000] {taskinstance.py:352} INFO - Marking task as SUCCESS. dag_id=airbnb_model, task_id=data_analysis, run_id=manual__2024-09-14T17:50:30.952450+00:00, execution_date=20240914T175030, start_date=20240914T210412, end_date=20240914T210504
[2024-09-14T21:05:04.725+0000] {local_task_job_runner.py:266} INFO - Task exited with return code 0
[2024-09-14T21:05:04.797+0000] {taskinstance.py:3900} INFO - 1 downstream tasks scheduled from follow-on schedule check
[2024-09-14T21:05:04.802+0000] {local_task_job_runner.py:245} INFO - ::endgroup::
