[2024-09-14T22:22:24.392+0000] {local_task_job_runner.py:123} INFO - ::group::Pre task execution logs
[2024-09-14T22:22:24.446+0000] {taskinstance.py:2612} INFO - Dependencies all met for dep_context=non-requeueable deps ti=<TaskInstance: airbnb_model.data_analysis manual__2024-09-14T17:50:30.952450+00:00 [queued]>
[2024-09-14T22:22:24.472+0000] {taskinstance.py:2612} INFO - Dependencies all met for dep_context=requeueable deps ti=<TaskInstance: airbnb_model.data_analysis manual__2024-09-14T17:50:30.952450+00:00 [queued]>
[2024-09-14T22:22:24.474+0000] {taskinstance.py:2865} INFO - Starting attempt 19 of 22
[2024-09-14T22:22:24.523+0000] {taskinstance.py:2888} INFO - Executing <Task(SparkSubmitOperator): data_analysis> on 2024-09-14 17:50:30.952450+00:00
[2024-09-14T22:22:24.542+0000] {standard_task_runner.py:104} INFO - Running: ['***', 'tasks', 'run', 'airbnb_model', 'data_analysis', 'manual__2024-09-14T17:50:30.952450+00:00', '--job-id', '702', '--raw', '--subdir', 'DAGS_FOLDER/air_price_pred_dag.py', '--cfg-path', '/tmp/tmpokejbvt0']
[2024-09-14T22:22:24.549+0000] {standard_task_runner.py:105} INFO - Job 702: Subtask data_analysis
[2024-09-14T22:22:24.553+0000] {logging_mixin.py:190} WARNING - /home/***/.local/lib/python3.12/site-packages/***/task/task_runner/standard_task_runner.py:70 DeprecationWarning: This process (pid=3814) is multi-threaded, use of fork() may lead to deadlocks in the child.
[2024-09-14T22:22:24.555+0000] {standard_task_runner.py:72} INFO - Started process 3822 to run task
[2024-09-14T22:22:24.735+0000] {task_command.py:467} INFO - Running <TaskInstance: airbnb_model.data_analysis manual__2024-09-14T17:50:30.952450+00:00 [running]> on host fb744bf0dc86
[2024-09-14T22:22:25.082+0000] {taskinstance.py:3131} INFO - Exporting env vars: AIRFLOW_CTX_DAG_OWNER='Denis' AIRFLOW_CTX_DAG_ID='airbnb_model' AIRFLOW_CTX_TASK_ID='data_analysis' AIRFLOW_CTX_EXECUTION_DATE='2024-09-14T17:50:30.952450+00:00' AIRFLOW_CTX_TRY_NUMBER='19' AIRFLOW_CTX_DAG_RUN_ID='manual__2024-09-14T17:50:30.952450+00:00'
[2024-09-14T22:22:25.084+0000] {taskinstance.py:731} INFO - ::endgroup::
[2024-09-14T22:22:25.150+0000] {base.py:84} INFO - Retrieving connection 'spark_default'
[2024-09-14T22:22:25.154+0000] {spark_submit.py:403} INFO - Spark-Submit cmd: spark-submit --master spark://spark-master:7077 --conf spark.master=spark://spark-master:7077 --name arrow-spark --verbose --deploy-mode client /opt/***/dags/air_data_analysis.py
[2024-09-14T22:22:32.946+0000] {spark_submit.py:579} INFO - Using properties file: null
[2024-09-14T22:22:33.387+0000] {spark_submit.py:579} INFO - Parsed arguments:
[2024-09-14T22:22:33.389+0000] {spark_submit.py:579} INFO - master                  spark://spark-master:7077
[2024-09-14T22:22:33.391+0000] {spark_submit.py:579} INFO - remote                  null
[2024-09-14T22:22:33.392+0000] {spark_submit.py:579} INFO - deployMode              client
[2024-09-14T22:22:33.393+0000] {spark_submit.py:579} INFO - executorMemory          null
[2024-09-14T22:22:33.395+0000] {spark_submit.py:579} INFO - executorCores           null
[2024-09-14T22:22:33.396+0000] {spark_submit.py:579} INFO - totalExecutorCores      null
[2024-09-14T22:22:33.397+0000] {spark_submit.py:579} INFO - propertiesFile          null
[2024-09-14T22:22:33.398+0000] {spark_submit.py:579} INFO - driverMemory            null
[2024-09-14T22:22:33.400+0000] {spark_submit.py:579} INFO - driverCores             null
[2024-09-14T22:22:33.401+0000] {spark_submit.py:579} INFO - driverExtraClassPath    null
[2024-09-14T22:22:33.402+0000] {spark_submit.py:579} INFO - driverExtraLibraryPath  null
[2024-09-14T22:22:33.404+0000] {spark_submit.py:579} INFO - driverExtraJavaOptions  null
[2024-09-14T22:22:33.406+0000] {spark_submit.py:579} INFO - supervise               false
[2024-09-14T22:22:33.408+0000] {spark_submit.py:579} INFO - queue                   null
[2024-09-14T22:22:33.409+0000] {spark_submit.py:579} INFO - numExecutors            null
[2024-09-14T22:22:33.410+0000] {spark_submit.py:579} INFO - files                   null
[2024-09-14T22:22:33.412+0000] {spark_submit.py:579} INFO - pyFiles                 null
[2024-09-14T22:22:33.414+0000] {spark_submit.py:579} INFO - archives                null
[2024-09-14T22:22:33.415+0000] {spark_submit.py:579} INFO - mainClass               null
[2024-09-14T22:22:33.417+0000] {spark_submit.py:579} INFO - primaryResource         file:/opt/***/dags/air_data_analysis.py
[2024-09-14T22:22:33.419+0000] {spark_submit.py:579} INFO - name                    arrow-spark
[2024-09-14T22:22:33.421+0000] {spark_submit.py:579} INFO - childArgs               []
[2024-09-14T22:22:33.422+0000] {spark_submit.py:579} INFO - jars                    null
[2024-09-14T22:22:33.424+0000] {spark_submit.py:579} INFO - packages                null
[2024-09-14T22:22:33.426+0000] {spark_submit.py:579} INFO - packagesExclusions      null
[2024-09-14T22:22:33.427+0000] {spark_submit.py:579} INFO - repositories            null
[2024-09-14T22:22:33.429+0000] {spark_submit.py:579} INFO - verbose                 true
[2024-09-14T22:22:33.430+0000] {spark_submit.py:579} INFO - 
[2024-09-14T22:22:33.431+0000] {spark_submit.py:579} INFO - Spark properties used, including those specified through
[2024-09-14T22:22:33.433+0000] {spark_submit.py:579} INFO - --conf and those from the properties file null:
[2024-09-14T22:22:33.434+0000] {spark_submit.py:579} INFO - (spark.master,spark://spark-master:7077)
[2024-09-14T22:22:33.436+0000] {spark_submit.py:579} INFO - 
[2024-09-14T22:22:33.438+0000] {spark_submit.py:579} INFO - 
[2024-09-14T22:22:34.886+0000] {spark_submit.py:579} INFO - Main class:
[2024-09-14T22:22:34.899+0000] {spark_submit.py:579} INFO - org.apache.spark.deploy.PythonRunner
[2024-09-14T22:22:34.900+0000] {spark_submit.py:579} INFO - Arguments:
[2024-09-14T22:22:34.903+0000] {spark_submit.py:579} INFO - file:/opt/***/dags/air_data_analysis.py
[2024-09-14T22:22:34.909+0000] {spark_submit.py:579} INFO - null
[2024-09-14T22:22:34.912+0000] {spark_submit.py:579} INFO - Spark config:
[2024-09-14T22:22:34.914+0000] {spark_submit.py:579} INFO - (spark.app.name,arrow-spark)
[2024-09-14T22:22:34.916+0000] {spark_submit.py:579} INFO - (spark.app.submitTime,1726352554774)
[2024-09-14T22:22:34.918+0000] {spark_submit.py:579} INFO - (spark.master,spark://spark-master:7077)
[2024-09-14T22:22:34.919+0000] {spark_submit.py:579} INFO - (spark.submit.deployMode,client)
[2024-09-14T22:22:34.922+0000] {spark_submit.py:579} INFO - (spark.submit.pyFiles,)
[2024-09-14T22:22:34.924+0000] {spark_submit.py:579} INFO - Classpath elements:
[2024-09-14T22:22:34.925+0000] {spark_submit.py:579} INFO - 
[2024-09-14T22:22:34.927+0000] {spark_submit.py:579} INFO - 
[2024-09-14T22:22:34.929+0000] {spark_submit.py:579} INFO - 
[2024-09-14T22:22:42.104+0000] {spark_submit.py:579} INFO - 24/09/14 22:22:42 INFO SparkContext: Running Spark version 3.5.2
[2024-09-14T22:22:42.138+0000] {spark_submit.py:579} INFO - 24/09/14 22:22:42 INFO SparkContext: OS info Linux, 5.15.153.1-microsoft-standard-WSL2, amd64
[2024-09-14T22:22:42.141+0000] {spark_submit.py:579} INFO - 24/09/14 22:22:42 INFO SparkContext: Java version 17.0.12
[2024-09-14T22:22:42.617+0000] {spark_submit.py:579} INFO - 24/09/14 22:22:42 WARN NativeCodeLoader: Unable to load native-hadoop library for your platform... using builtin-java classes where applicable
[2024-09-14T22:22:43.587+0000] {spark_submit.py:579} INFO - 24/09/14 22:22:43 INFO ResourceUtils: ==============================================================
[2024-09-14T22:22:43.591+0000] {spark_submit.py:579} INFO - 24/09/14 22:22:43 INFO ResourceUtils: No custom resources configured for spark.driver.
[2024-09-14T22:22:43.596+0000] {spark_submit.py:579} INFO - 24/09/14 22:22:43 INFO ResourceUtils: ==============================================================
[2024-09-14T22:22:43.598+0000] {spark_submit.py:579} INFO - 24/09/14 22:22:43 INFO SparkContext: Submitted application: Airbnb_regr_model
[2024-09-14T22:22:43.818+0000] {spark_submit.py:579} INFO - 24/09/14 22:22:43 INFO ResourceProfile: Default ResourceProfile created, executor resources: Map(cores -> name: cores, amount: 1, script: , vendor: , memory -> name: memory, amount: 1024, script: , vendor: , offHeap -> name: offHeap, amount: 0, script: , vendor: ), task resources: Map(cpus -> name: cpus, amount: 1.0)
[2024-09-14T22:22:43.861+0000] {spark_submit.py:579} INFO - 24/09/14 22:22:43 INFO ResourceProfile: Limiting resource is cpu
[2024-09-14T22:22:43.864+0000] {spark_submit.py:579} INFO - 24/09/14 22:22:43 INFO ResourceProfileManager: Added ResourceProfile id: 0
[2024-09-14T22:22:44.099+0000] {spark_submit.py:579} INFO - 24/09/14 22:22:44 INFO SecurityManager: Changing view acls to: ***
[2024-09-14T22:22:44.106+0000] {spark_submit.py:579} INFO - 24/09/14 22:22:44 INFO SecurityManager: Changing modify acls to: ***
[2024-09-14T22:22:44.107+0000] {spark_submit.py:579} INFO - 24/09/14 22:22:44 INFO SecurityManager: Changing view acls groups to:
[2024-09-14T22:22:44.108+0000] {spark_submit.py:579} INFO - 24/09/14 22:22:44 INFO SecurityManager: Changing modify acls groups to:
[2024-09-14T22:22:44.110+0000] {spark_submit.py:579} INFO - 24/09/14 22:22:44 INFO SecurityManager: SecurityManager: authentication disabled; ui acls disabled; users with view permissions: ***; groups with view permissions: EMPTY; users with modify permissions: ***; groups with modify permissions: EMPTY
[2024-09-14T22:22:45.309+0000] {spark_submit.py:579} INFO - 24/09/14 22:22:45 INFO Utils: Successfully started service 'sparkDriver' on port 39465.
[2024-09-14T22:22:45.525+0000] {spark_submit.py:579} INFO - 24/09/14 22:22:45 INFO SparkEnv: Registering MapOutputTracker
[2024-09-14T22:22:45.753+0000] {spark_submit.py:579} INFO - 24/09/14 22:22:45 INFO SparkEnv: Registering BlockManagerMaster
[2024-09-14T22:22:45.820+0000] {spark_submit.py:579} INFO - 24/09/14 22:22:45 INFO BlockManagerMasterEndpoint: Using org.apache.spark.storage.DefaultTopologyMapper for getting topology information
[2024-09-14T22:22:45.822+0000] {spark_submit.py:579} INFO - 24/09/14 22:22:45 INFO BlockManagerMasterEndpoint: BlockManagerMasterEndpoint up
[2024-09-14T22:22:45.858+0000] {spark_submit.py:579} INFO - 24/09/14 22:22:45 INFO SparkEnv: Registering BlockManagerMasterHeartbeat
[2024-09-14T22:22:46.085+0000] {spark_submit.py:579} INFO - 24/09/14 22:22:46 INFO DiskBlockManager: Created local directory at /tmp/blockmgr-d542385b-9fe4-49fd-96d3-8e2d9cf9f11c
[2024-09-14T22:22:46.179+0000] {spark_submit.py:579} INFO - 24/09/14 22:22:46 INFO MemoryStore: MemoryStore started with capacity 434.4 MiB
[2024-09-14T22:22:46.249+0000] {spark_submit.py:579} INFO - 24/09/14 22:22:46 INFO SparkEnv: Registering OutputCommitCoordinator
[2024-09-14T22:22:47.175+0000] {spark_submit.py:579} INFO - 24/09/14 22:22:47 INFO JettyUtils: Start Jetty 0.0.0.0:4040 for SparkUI
[2024-09-14T22:22:47.606+0000] {spark_submit.py:579} INFO - 24/09/14 22:22:47 WARN Utils: Service 'SparkUI' could not bind on port 4040. Attempting port 4041.
[2024-09-14T22:22:47.648+0000] {spark_submit.py:579} INFO - 24/09/14 22:22:47 INFO Utils: Successfully started service 'SparkUI' on port 4041.
[2024-09-14T22:22:48.839+0000] {spark_submit.py:579} INFO - 24/09/14 22:22:48 INFO Executor: Starting executor ID driver on host fb744bf0dc86
[2024-09-14T22:22:48.883+0000] {spark_submit.py:579} INFO - 24/09/14 22:22:48 INFO Executor: OS info Linux, 5.15.153.1-microsoft-standard-WSL2, amd64
[2024-09-14T22:22:48.886+0000] {spark_submit.py:579} INFO - 24/09/14 22:22:48 INFO Executor: Java version 17.0.12
[2024-09-14T22:22:48.921+0000] {spark_submit.py:579} INFO - 24/09/14 22:22:48 INFO Executor: Starting executor with user classpath (userClassPathFirst = false): ''
[2024-09-14T22:22:48.939+0000] {spark_submit.py:579} INFO - 24/09/14 22:22:48 INFO Executor: Created or updated repl class loader org.apache.spark.util.MutableURLClassLoader@3603f4a for default.
[2024-09-14T22:22:49.138+0000] {spark_submit.py:579} INFO - 24/09/14 22:22:49 INFO Utils: Successfully started service 'org.apache.spark.network.netty.NettyBlockTransferService' on port 36063.
[2024-09-14T22:22:49.141+0000] {spark_submit.py:579} INFO - 24/09/14 22:22:49 INFO NettyBlockTransferService: Server created on fb744bf0dc86:36063
[2024-09-14T22:22:49.147+0000] {spark_submit.py:579} INFO - 24/09/14 22:22:49 INFO BlockManager: Using org.apache.spark.storage.RandomBlockReplicationPolicy for block replication policy
[2024-09-14T22:22:49.196+0000] {spark_submit.py:579} INFO - 24/09/14 22:22:49 INFO BlockManagerMaster: Registering BlockManager BlockManagerId(driver, fb744bf0dc86, 36063, None)
[2024-09-14T22:22:49.216+0000] {spark_submit.py:579} INFO - 24/09/14 22:22:49 INFO BlockManagerMasterEndpoint: Registering block manager fb744bf0dc86:36063 with 434.4 MiB RAM, BlockManagerId(driver, fb744bf0dc86, 36063, None)
[2024-09-14T22:22:49.240+0000] {spark_submit.py:579} INFO - 24/09/14 22:22:49 INFO BlockManagerMaster: Registered BlockManager BlockManagerId(driver, fb744bf0dc86, 36063, None)
[2024-09-14T22:22:49.244+0000] {spark_submit.py:579} INFO - 24/09/14 22:22:49 INFO BlockManager: Initialized BlockManager: BlockManagerId(driver, fb744bf0dc86, 36063, None)
[2024-09-14T22:22:55.818+0000] {spark_submit.py:579} INFO - 24/09/14 22:22:55 INFO SharedState: Setting hive.metastore.warehouse.dir ('null') to the value of spark.sql.warehouse.dir.
[2024-09-14T22:22:56.013+0000] {spark_submit.py:579} INFO - 24/09/14 22:22:55 INFO SharedState: Warehouse path is 'file:/user/hive/warehouse'.
[2024-09-14T22:22:56.854+0000] {job.py:239} ERROR - Job heartbeat failed with error
Traceback (most recent call last):
  File "/home/airflow/.local/lib/python3.12/site-packages/sqlalchemy/engine/base.py", line 3371, in _wrap_pool_connect
    return fn()
           ^^^^
  File "/home/airflow/.local/lib/python3.12/site-packages/sqlalchemy/pool/base.py", line 327, in connect
    return _ConnectionFairy._checkout(self)
           ^^^^^^^^^^^^^^^^^^^^^^^^^^^^^^^^
  File "/home/airflow/.local/lib/python3.12/site-packages/sqlalchemy/pool/base.py", line 894, in _checkout
    fairy = _ConnectionRecord.checkout(pool)
            ^^^^^^^^^^^^^^^^^^^^^^^^^^^^^^^^
  File "/home/airflow/.local/lib/python3.12/site-packages/sqlalchemy/pool/base.py", line 493, in checkout
    rec = pool._do_get()
          ^^^^^^^^^^^^^^
  File "/home/airflow/.local/lib/python3.12/site-packages/sqlalchemy/pool/impl.py", line 256, in _do_get
    return self._create_connection()
           ^^^^^^^^^^^^^^^^^^^^^^^^^
  File "/home/airflow/.local/lib/python3.12/site-packages/sqlalchemy/pool/base.py", line 273, in _create_connection
    return _ConnectionRecord(self)
           ^^^^^^^^^^^^^^^^^^^^^^^
  File "/home/airflow/.local/lib/python3.12/site-packages/sqlalchemy/pool/base.py", line 388, in __init__
    self.__connect()
  File "/home/airflow/.local/lib/python3.12/site-packages/sqlalchemy/pool/base.py", line 690, in __connect
    with util.safe_reraise():
  File "/home/airflow/.local/lib/python3.12/site-packages/sqlalchemy/util/langhelpers.py", line 70, in __exit__
    compat.raise_(
  File "/home/airflow/.local/lib/python3.12/site-packages/sqlalchemy/util/compat.py", line 211, in raise_
    raise exception
  File "/home/airflow/.local/lib/python3.12/site-packages/sqlalchemy/pool/base.py", line 686, in __connect
    self.dbapi_connection = connection = pool._invoke_creator(self)
                                         ^^^^^^^^^^^^^^^^^^^^^^^^^^
  File "/home/airflow/.local/lib/python3.12/site-packages/sqlalchemy/engine/create.py", line 574, in connect
    return dialect.connect(*cargs, **cparams)
           ^^^^^^^^^^^^^^^^^^^^^^^^^^^^^^^^^^
  File "/home/airflow/.local/lib/python3.12/site-packages/sqlalchemy/engine/default.py", line 598, in connect
    return self.dbapi.connect(*cargs, **cparams)
           ^^^^^^^^^^^^^^^^^^^^^^^^^^^^^^^^^^^^^
  File "/home/airflow/.local/lib/python3.12/site-packages/psycopg2/__init__.py", line 122, in connect
    conn = _connect(dsn, connection_factory=connection_factory, **kwasync)
           ^^^^^^^^^^^^^^^^^^^^^^^^^^^^^^^^^^^^^^^^^^^^^^^^^^^^^^^^^^^^^^^
psycopg2.OperationalError: could not translate host name "postgres" to address: Temporary failure in name resolution


The above exception was the direct cause of the following exception:

Traceback (most recent call last):
  File "/home/airflow/.local/lib/python3.12/site-packages/airflow/jobs/job.py", line 233, in heartbeat
    heartbeat_callback(session)
  File "/home/airflow/.local/lib/python3.12/site-packages/airflow/utils/session.py", line 94, in wrapper
    return func(*args, **kwargs)
           ^^^^^^^^^^^^^^^^^^^^^
  File "/home/airflow/.local/lib/python3.12/site-packages/airflow/jobs/local_task_job_runner.py", line 284, in heartbeat_callback
    self.task_instance.refresh_from_db()
  File "/home/airflow/.local/lib/python3.12/site-packages/airflow/utils/session.py", line 97, in wrapper
    return func(*args, session=session, **kwargs)
           ^^^^^^^^^^^^^^^^^^^^^^^^^^^^^^^^^^^^^^
  File "/home/airflow/.local/lib/python3.12/site-packages/airflow/models/taskinstance.py", line 2358, in refresh_from_db
    _refresh_from_db(task_instance=self, session=session, lock_for_update=lock_for_update)
  File "/home/airflow/.local/lib/python3.12/site-packages/airflow/models/taskinstance.py", line 872, in _refresh_from_db
    ti = TaskInstance.get_task_instance(
         ^^^^^^^^^^^^^^^^^^^^^^^^^^^^^^^
  File "/home/airflow/.local/lib/python3.12/site-packages/airflow/api_internal/internal_api_call.py", line 139, in wrapper
    return func(*args, **kwargs)
           ^^^^^^^^^^^^^^^^^^^^^
  File "/home/airflow/.local/lib/python3.12/site-packages/airflow/utils/session.py", line 94, in wrapper
    return func(*args, **kwargs)
           ^^^^^^^^^^^^^^^^^^^^^
  File "/home/airflow/.local/lib/python3.12/site-packages/airflow/models/taskinstance.py", line 2344, in get_task_instance
    return query.one_or_none()
           ^^^^^^^^^^^^^^^^^^^
  File "/home/airflow/.local/lib/python3.12/site-packages/sqlalchemy/orm/query.py", line 2850, in one_or_none
    return self._iter().one_or_none()
           ^^^^^^^^^^^^
  File "/home/airflow/.local/lib/python3.12/site-packages/sqlalchemy/orm/query.py", line 2916, in _iter
    result = self.session.execute(
             ^^^^^^^^^^^^^^^^^^^^^
  File "/home/airflow/.local/lib/python3.12/site-packages/sqlalchemy/orm/session.py", line 1716, in execute
    conn = self._connection_for_bind(bind)
           ^^^^^^^^^^^^^^^^^^^^^^^^^^^^^^^
  File "/home/airflow/.local/lib/python3.12/site-packages/sqlalchemy/orm/session.py", line 1555, in _connection_for_bind
    return self._transaction._connection_for_bind(
           ^^^^^^^^^^^^^^^^^^^^^^^^^^^^^^^^^^^^^^^
  File "/home/airflow/.local/lib/python3.12/site-packages/sqlalchemy/orm/session.py", line 750, in _connection_for_bind
    conn = bind.connect()
           ^^^^^^^^^^^^^^
  File "/home/airflow/.local/lib/python3.12/site-packages/sqlalchemy/future/engine.py", line 412, in connect
    return super(Engine, self).connect()
           ^^^^^^^^^^^^^^^^^^^^^^^^^^^^^
  File "/home/airflow/.local/lib/python3.12/site-packages/sqlalchemy/engine/base.py", line 3325, in connect
    return self._connection_cls(self, close_with_result=close_with_result)
           ^^^^^^^^^^^^^^^^^^^^^^^^^^^^^^^^^^^^^^^^^^^^^^^^^^^^^^^^^^^^^^^
  File "/home/airflow/.local/lib/python3.12/site-packages/sqlalchemy/engine/base.py", line 96, in __init__
    else engine.raw_connection()
         ^^^^^^^^^^^^^^^^^^^^^^^
  File "/home/airflow/.local/lib/python3.12/site-packages/sqlalchemy/engine/base.py", line 3404, in raw_connection
    return self._wrap_pool_connect(self.pool.connect, _connection)
           ^^^^^^^^^^^^^^^^^^^^^^^^^^^^^^^^^^^^^^^^^^^^^^^^^^^^^^^
  File "/home/airflow/.local/lib/python3.12/site-packages/sqlalchemy/engine/base.py", line 3374, in _wrap_pool_connect
    Connection._handle_dbapi_exception_noconnection(
  File "/home/airflow/.local/lib/python3.12/site-packages/sqlalchemy/engine/base.py", line 2208, in _handle_dbapi_exception_noconnection
    util.raise_(
  File "/home/airflow/.local/lib/python3.12/site-packages/sqlalchemy/util/compat.py", line 211, in raise_
    raise exception
  File "/home/airflow/.local/lib/python3.12/site-packages/sqlalchemy/engine/base.py", line 3371, in _wrap_pool_connect
    return fn()
           ^^^^
  File "/home/airflow/.local/lib/python3.12/site-packages/sqlalchemy/pool/base.py", line 327, in connect
    return _ConnectionFairy._checkout(self)
           ^^^^^^^^^^^^^^^^^^^^^^^^^^^^^^^^
  File "/home/airflow/.local/lib/python3.12/site-packages/sqlalchemy/pool/base.py", line 894, in _checkout
    fairy = _ConnectionRecord.checkout(pool)
            ^^^^^^^^^^^^^^^^^^^^^^^^^^^^^^^^
  File "/home/airflow/.local/lib/python3.12/site-packages/sqlalchemy/pool/base.py", line 493, in checkout
    rec = pool._do_get()
          ^^^^^^^^^^^^^^
  File "/home/airflow/.local/lib/python3.12/site-packages/sqlalchemy/pool/impl.py", line 256, in _do_get
    return self._create_connection()
           ^^^^^^^^^^^^^^^^^^^^^^^^^
  File "/home/airflow/.local/lib/python3.12/site-packages/sqlalchemy/pool/base.py", line 273, in _create_connection
    return _ConnectionRecord(self)
           ^^^^^^^^^^^^^^^^^^^^^^^
  File "/home/airflow/.local/lib/python3.12/site-packages/sqlalchemy/pool/base.py", line 388, in __init__
    self.__connect()
  File "/home/airflow/.local/lib/python3.12/site-packages/sqlalchemy/pool/base.py", line 690, in __connect
    with util.safe_reraise():
  File "/home/airflow/.local/lib/python3.12/site-packages/sqlalchemy/util/langhelpers.py", line 70, in __exit__
    compat.raise_(
  File "/home/airflow/.local/lib/python3.12/site-packages/sqlalchemy/util/compat.py", line 211, in raise_
    raise exception
  File "/home/airflow/.local/lib/python3.12/site-packages/sqlalchemy/pool/base.py", line 686, in __connect
    self.dbapi_connection = connection = pool._invoke_creator(self)
                                         ^^^^^^^^^^^^^^^^^^^^^^^^^^
  File "/home/airflow/.local/lib/python3.12/site-packages/sqlalchemy/engine/create.py", line 574, in connect
    return dialect.connect(*cargs, **cparams)
           ^^^^^^^^^^^^^^^^^^^^^^^^^^^^^^^^^^
  File "/home/airflow/.local/lib/python3.12/site-packages/sqlalchemy/engine/default.py", line 598, in connect
    return self.dbapi.connect(*cargs, **cparams)
           ^^^^^^^^^^^^^^^^^^^^^^^^^^^^^^^^^^^^^
  File "/home/airflow/.local/lib/python3.12/site-packages/psycopg2/__init__.py", line 122, in connect
    conn = _connect(dsn, connection_factory=connection_factory, **kwasync)
           ^^^^^^^^^^^^^^^^^^^^^^^^^^^^^^^^^^^^^^^^^^^^^^^^^^^^^^^^^^^^^^^
sqlalchemy.exc.OperationalError: (psycopg2.OperationalError) could not translate host name "postgres" to address: Temporary failure in name resolution

(Background on this error at: https://sqlalche.me/e/14/e3q8)
[2024-09-14T22:22:57.165+0000] {job.py:245} ERROR - Job heartbeat failed with error. Scheduler may go into unhealthy state
[2024-09-14T22:23:10.179+0000] {job.py:229} INFO - Heartbeat recovered after 23.45 seconds
[2024-09-14T22:23:12.963+0000] {spark_submit.py:579} INFO - 24/09/14 22:23:12 INFO InMemoryFileIndex: It took 153 ms to list leaf files for 1 paths.
[2024-09-14T22:23:13.152+0000] {spark_submit.py:579} INFO - 24/09/14 22:23:13 INFO InMemoryFileIndex: It took 4 ms to list leaf files for 1 paths.
[2024-09-14T22:23:26.766+0000] {spark_submit.py:579} INFO - 24/09/14 22:23:26 INFO FileSourceStrategy: Pushed Filters:
[2024-09-14T22:23:26.775+0000] {spark_submit.py:579} INFO - 24/09/14 22:23:26 INFO FileSourceStrategy: Post-Scan Filters:
[2024-09-14T22:23:27.890+0000] {spark_submit.py:579} INFO - 24/09/14 22:23:27 INFO MemoryStore: Block broadcast_0 stored as values in memory (estimated size 200.2 KiB, free 434.2 MiB)
[2024-09-14T22:23:28.384+0000] {spark_submit.py:579} INFO - 24/09/14 22:23:28 INFO MemoryStore: Block broadcast_0_piece0 stored as bytes in memory (estimated size 34.5 KiB, free 434.2 MiB)
[2024-09-14T22:23:28.414+0000] {spark_submit.py:579} INFO - 24/09/14 22:23:28 INFO BlockManagerInfo: Added broadcast_0_piece0 in memory on fb744bf0dc86:36063 (size: 34.5 KiB, free: 434.4 MiB)
[2024-09-14T22:23:28.437+0000] {spark_submit.py:579} INFO - 24/09/14 22:23:28 INFO SparkContext: Created broadcast 0 from csv at NativeMethodAccessorImpl.java:0
[2024-09-14T22:23:28.505+0000] {spark_submit.py:579} INFO - 24/09/14 22:23:28 INFO FileSourceScanExec: Planning scan with bin packing, max size: 4194304 bytes, open cost is considered as scanning 4194304 bytes.
[2024-09-14T22:23:30.817+0000] {spark_submit.py:579} INFO - 24/09/14 22:23:30 INFO CodeGenerator: Code generated in 696.114471 ms
[2024-09-14T22:23:31.080+0000] {spark_submit.py:579} INFO - 24/09/14 22:23:31 INFO SparkContext: Starting job: csv at NativeMethodAccessorImpl.java:0
[2024-09-14T22:23:31.186+0000] {spark_submit.py:579} INFO - 24/09/14 22:23:31 INFO DAGScheduler: Got job 0 (csv at NativeMethodAccessorImpl.java:0) with 1 output partitions
[2024-09-14T22:23:31.188+0000] {spark_submit.py:579} INFO - 24/09/14 22:23:31 INFO DAGScheduler: Final stage: ResultStage 0 (csv at NativeMethodAccessorImpl.java:0)
[2024-09-14T22:23:31.190+0000] {spark_submit.py:579} INFO - 24/09/14 22:23:31 INFO DAGScheduler: Parents of final stage: List()
[2024-09-14T22:23:31.195+0000] {spark_submit.py:579} INFO - 24/09/14 22:23:31 INFO DAGScheduler: Missing parents: List()
[2024-09-14T22:23:31.213+0000] {spark_submit.py:579} INFO - 24/09/14 22:23:31 INFO DAGScheduler: Submitting ResultStage 0 (MapPartitionsRDD[6] at csv at NativeMethodAccessorImpl.java:0), which has no missing parents
[2024-09-14T22:23:31.483+0000] {spark_submit.py:579} INFO - 24/09/14 22:23:31 INFO MemoryStore: Block broadcast_1 stored as values in memory (estimated size 19.1 KiB, free 434.2 MiB)
[2024-09-14T22:23:31.490+0000] {spark_submit.py:579} INFO - 24/09/14 22:23:31 INFO MemoryStore: Block broadcast_1_piece0 stored as bytes in memory (estimated size 8.3 KiB, free 434.1 MiB)
[2024-09-14T22:23:31.492+0000] {spark_submit.py:579} INFO - 24/09/14 22:23:31 INFO BlockManagerInfo: Added broadcast_1_piece0 in memory on fb744bf0dc86:36063 (size: 8.3 KiB, free: 434.4 MiB)
[2024-09-14T22:23:31.494+0000] {spark_submit.py:579} INFO - 24/09/14 22:23:31 INFO SparkContext: Created broadcast 1 from broadcast at DAGScheduler.scala:1585
[2024-09-14T22:23:31.536+0000] {spark_submit.py:579} INFO - 24/09/14 22:23:31 INFO DAGScheduler: Submitting 1 missing tasks from ResultStage 0 (MapPartitionsRDD[6] at csv at NativeMethodAccessorImpl.java:0) (first 15 tasks are for partitions Vector(0))
[2024-09-14T22:23:31.539+0000] {spark_submit.py:579} INFO - 24/09/14 22:23:31 INFO TaskSchedulerImpl: Adding task set 0.0 with 1 tasks resource profile 0
[2024-09-14T22:23:31.660+0000] {spark_submit.py:579} INFO - 24/09/14 22:23:31 INFO TaskSetManager: Starting task 0.0 in stage 0.0 (TID 0) (fb744bf0dc86, executor driver, partition 0, PROCESS_LOCAL, 9601 bytes)
[2024-09-14T22:23:31.700+0000] {spark_submit.py:579} INFO - 24/09/14 22:23:31 INFO Executor: Running task 0.0 in stage 0.0 (TID 0)
[2024-09-14T22:23:31.959+0000] {spark_submit.py:579} INFO - 24/09/14 22:23:31 INFO CodeGenerator: Code generated in 36.710079 ms
[2024-09-14T22:23:31.972+0000] {spark_submit.py:579} INFO - 24/09/14 22:23:31 INFO FileScanRDD: Reading File path: file:///opt/***/datasets/Airbnb.csv, range: 0-4194304, partition values: [empty row]
[2024-09-14T22:23:32.023+0000] {spark_submit.py:579} INFO - 24/09/14 22:23:32 INFO CodeGenerator: Code generated in 31.550409 ms
[2024-09-14T22:23:32.184+0000] {spark_submit.py:579} INFO - 24/09/14 22:23:32 INFO Executor: Finished task 0.0 in stage 0.0 (TID 0). 1851 bytes result sent to driver
[2024-09-14T22:23:32.211+0000] {spark_submit.py:579} INFO - 24/09/14 22:23:32 INFO TaskSetManager: Finished task 0.0 in stage 0.0 (TID 0) in 585 ms on fb744bf0dc86 (executor driver) (1/1)
[2024-09-14T22:23:32.215+0000] {spark_submit.py:579} INFO - 24/09/14 22:23:32 INFO TaskSchedulerImpl: Removed TaskSet 0.0, whose tasks have all completed, from pool
[2024-09-14T22:23:32.230+0000] {spark_submit.py:579} INFO - 24/09/14 22:23:32 INFO DAGScheduler: ResultStage 0 (csv at NativeMethodAccessorImpl.java:0) finished in 0.965 s
[2024-09-14T22:23:32.241+0000] {spark_submit.py:579} INFO - 24/09/14 22:23:32 INFO DAGScheduler: Job 0 is finished. Cancelling potential speculative or zombie tasks for this job
[2024-09-14T22:23:32.243+0000] {spark_submit.py:579} INFO - 24/09/14 22:23:32 INFO TaskSchedulerImpl: Killing all running tasks in stage 0: Stage finished
[2024-09-14T22:23:32.247+0000] {spark_submit.py:579} INFO - 24/09/14 22:23:32 INFO DAGScheduler: Job 0 finished: csv at NativeMethodAccessorImpl.java:0, took 1.165888 s
[2024-09-14T22:23:32.301+0000] {spark_submit.py:579} INFO - 24/09/14 22:23:32 INFO CodeGenerator: Code generated in 26.998066 ms
[2024-09-14T22:23:32.619+0000] {spark_submit.py:579} INFO - 24/09/14 22:23:32 INFO SparkContext: Starting job: csv at NativeMethodAccessorImpl.java:0
[2024-09-14T22:23:32.627+0000] {spark_submit.py:579} INFO - 24/09/14 22:23:32 INFO DAGScheduler: Got job 1 (csv at NativeMethodAccessorImpl.java:0) with 2 output partitions
[2024-09-14T22:23:32.629+0000] {spark_submit.py:579} INFO - 24/09/14 22:23:32 INFO DAGScheduler: Final stage: ResultStage 1 (csv at NativeMethodAccessorImpl.java:0)
[2024-09-14T22:23:32.632+0000] {spark_submit.py:579} INFO - 24/09/14 22:23:32 INFO DAGScheduler: Parents of final stage: List()
[2024-09-14T22:23:32.634+0000] {spark_submit.py:579} INFO - 24/09/14 22:23:32 INFO DAGScheduler: Missing parents: List()
[2024-09-14T22:23:32.636+0000] {spark_submit.py:579} INFO - 24/09/14 22:23:32 INFO DAGScheduler: Submitting ResultStage 1 (MapPartitionsRDD[10] at csv at NativeMethodAccessorImpl.java:0), which has no missing parents
[2024-09-14T22:23:32.664+0000] {spark_submit.py:579} INFO - 24/09/14 22:23:32 INFO MemoryStore: Block broadcast_2 stored as values in memory (estimated size 19.7 KiB, free 434.1 MiB)
[2024-09-14T22:23:32.693+0000] {spark_submit.py:579} INFO - 24/09/14 22:23:32 INFO MemoryStore: Block broadcast_2_piece0 stored as bytes in memory (estimated size 9.1 KiB, free 434.1 MiB)
[2024-09-14T22:23:32.699+0000] {spark_submit.py:579} INFO - 24/09/14 22:23:32 INFO BlockManagerInfo: Added broadcast_2_piece0 in memory on fb744bf0dc86:36063 (size: 9.1 KiB, free: 434.3 MiB)
[2024-09-14T22:23:32.702+0000] {spark_submit.py:579} INFO - 24/09/14 22:23:32 INFO SparkContext: Created broadcast 2 from broadcast at DAGScheduler.scala:1585
[2024-09-14T22:23:32.709+0000] {spark_submit.py:579} INFO - 24/09/14 22:23:32 INFO DAGScheduler: Submitting 2 missing tasks from ResultStage 1 (MapPartitionsRDD[10] at csv at NativeMethodAccessorImpl.java:0) (first 15 tasks are for partitions Vector(0, 1))
[2024-09-14T22:23:32.711+0000] {spark_submit.py:579} INFO - 24/09/14 22:23:32 INFO TaskSchedulerImpl: Adding task set 1.0 with 2 tasks resource profile 0
[2024-09-14T22:23:32.716+0000] {spark_submit.py:579} INFO - 24/09/14 22:23:32 INFO TaskSetManager: Starting task 0.0 in stage 1.0 (TID 1) (fb744bf0dc86, executor driver, partition 0, PROCESS_LOCAL, 9601 bytes)
[2024-09-14T22:23:32.718+0000] {spark_submit.py:579} INFO - 24/09/14 22:23:32 INFO TaskSetManager: Starting task 1.0 in stage 1.0 (TID 2) (fb744bf0dc86, executor driver, partition 1, PROCESS_LOCAL, 9601 bytes)
[2024-09-14T22:23:32.723+0000] {spark_submit.py:579} INFO - 24/09/14 22:23:32 INFO Executor: Running task 0.0 in stage 1.0 (TID 1)
[2024-09-14T22:23:32.732+0000] {spark_submit.py:579} INFO - 24/09/14 22:23:32 INFO Executor: Running task 1.0 in stage 1.0 (TID 2)
[2024-09-14T22:23:32.799+0000] {spark_submit.py:579} INFO - 24/09/14 22:23:32 INFO BlockManagerInfo: Removed broadcast_1_piece0 on fb744bf0dc86:36063 in memory (size: 8.3 KiB, free: 434.4 MiB)
[2024-09-14T22:23:32.846+0000] {spark_submit.py:579} INFO - 24/09/14 22:23:32 INFO FileScanRDD: Reading File path: file:///opt/***/datasets/Airbnb.csv, range: 4194304-7081245, partition values: [empty row]
[2024-09-14T22:23:32.849+0000] {spark_submit.py:579} INFO - 24/09/14 22:23:32 INFO FileScanRDD: Reading File path: file:///opt/***/datasets/Airbnb.csv, range: 0-4194304, partition values: [empty row]
[2024-09-14T22:23:34.380+0000] {spark_submit.py:579} INFO - 24/09/14 22:23:34 INFO Executor: Finished task 1.0 in stage 1.0 (TID 2). 1546 bytes result sent to driver
[2024-09-14T22:23:34.392+0000] {spark_submit.py:579} INFO - 24/09/14 22:23:34 INFO TaskSetManager: Finished task 1.0 in stage 1.0 (TID 2) in 1674 ms on fb744bf0dc86 (executor driver) (1/2)
[2024-09-14T22:23:34.640+0000] {spark_submit.py:579} INFO - 24/09/14 22:23:34 INFO Executor: Finished task 0.0 in stage 1.0 (TID 1). 1503 bytes result sent to driver
[2024-09-14T22:23:34.645+0000] {spark_submit.py:579} INFO - 24/09/14 22:23:34 INFO TaskSetManager: Finished task 0.0 in stage 1.0 (TID 1) in 1930 ms on fb744bf0dc86 (executor driver) (2/2)
[2024-09-14T22:23:34.647+0000] {spark_submit.py:579} INFO - 24/09/14 22:23:34 INFO TaskSchedulerImpl: Removed TaskSet 1.0, whose tasks have all completed, from pool
[2024-09-14T22:23:34.652+0000] {spark_submit.py:579} INFO - 24/09/14 22:23:34 INFO DAGScheduler: ResultStage 1 (csv at NativeMethodAccessorImpl.java:0) finished in 2.003 s
[2024-09-14T22:23:34.654+0000] {spark_submit.py:579} INFO - 24/09/14 22:23:34 INFO DAGScheduler: Job 1 is finished. Cancelling potential speculative or zombie tasks for this job
[2024-09-14T22:23:34.655+0000] {spark_submit.py:579} INFO - 24/09/14 22:23:34 INFO TaskSchedulerImpl: Killing all running tasks in stage 1: Stage finished
[2024-09-14T22:23:34.657+0000] {spark_submit.py:579} INFO - 24/09/14 22:23:34 INFO DAGScheduler: Job 1 finished: csv at NativeMethodAccessorImpl.java:0, took 2.034920 s
[2024-09-14T22:23:35.524+0000] {spark_submit.py:579} INFO - 24/09/14 22:23:35 INFO FileSourceStrategy: Pushed Filters:
[2024-09-14T22:23:35.526+0000] {spark_submit.py:579} INFO - 24/09/14 22:23:35 INFO FileSourceStrategy: Post-Scan Filters:
[2024-09-14T22:23:35.908+0000] {spark_submit.py:579} INFO - 24/09/14 22:23:35 INFO CodeGenerator: Code generated in 177.512449 ms
[2024-09-14T22:23:35.925+0000] {spark_submit.py:579} INFO - 24/09/14 22:23:35 INFO MemoryStore: Block broadcast_3 stored as values in memory (estimated size 200.1 KiB, free 433.9 MiB)
[2024-09-14T22:23:36.017+0000] {spark_submit.py:579} INFO - 24/09/14 22:23:36 INFO MemoryStore: Block broadcast_3_piece0 stored as bytes in memory (estimated size 34.4 KiB, free 433.9 MiB)
[2024-09-14T22:23:36.019+0000] {spark_submit.py:579} INFO - 24/09/14 22:23:36 INFO BlockManagerInfo: Added broadcast_3_piece0 in memory on fb744bf0dc86:36063 (size: 34.4 KiB, free: 434.3 MiB)
[2024-09-14T22:23:36.029+0000] {spark_submit.py:579} INFO - 24/09/14 22:23:36 INFO SparkContext: Created broadcast 3 from showString at NativeMethodAccessorImpl.java:0
[2024-09-14T22:23:36.057+0000] {spark_submit.py:579} INFO - 24/09/14 22:23:36 INFO FileSourceScanExec: Planning scan with bin packing, max size: 4194304 bytes, open cost is considered as scanning 4194304 bytes.
[2024-09-14T22:23:36.143+0000] {spark_submit.py:579} INFO - 24/09/14 22:23:36 INFO SparkContext: Starting job: showString at NativeMethodAccessorImpl.java:0
[2024-09-14T22:23:36.150+0000] {spark_submit.py:579} INFO - 24/09/14 22:23:36 INFO DAGScheduler: Got job 2 (showString at NativeMethodAccessorImpl.java:0) with 1 output partitions
[2024-09-14T22:23:36.152+0000] {spark_submit.py:579} INFO - 24/09/14 22:23:36 INFO DAGScheduler: Final stage: ResultStage 2 (showString at NativeMethodAccessorImpl.java:0)
[2024-09-14T22:23:36.154+0000] {spark_submit.py:579} INFO - 24/09/14 22:23:36 INFO DAGScheduler: Parents of final stage: List()
[2024-09-14T22:23:36.155+0000] {spark_submit.py:579} INFO - 24/09/14 22:23:36 INFO DAGScheduler: Missing parents: List()
[2024-09-14T22:23:36.161+0000] {spark_submit.py:579} INFO - 24/09/14 22:23:36 INFO DAGScheduler: Submitting ResultStage 2 (MapPartitionsRDD[14] at showString at NativeMethodAccessorImpl.java:0), which has no missing parents
[2024-09-14T22:23:36.179+0000] {spark_submit.py:579} INFO - 24/09/14 22:23:36 INFO MemoryStore: Block broadcast_4 stored as values in memory (estimated size 20.4 KiB, free 433.9 MiB)
[2024-09-14T22:23:36.207+0000] {spark_submit.py:579} INFO - 24/09/14 22:23:36 INFO MemoryStore: Block broadcast_4_piece0 stored as bytes in memory (estimated size 9.2 KiB, free 433.9 MiB)
[2024-09-14T22:23:36.215+0000] {spark_submit.py:579} INFO - 24/09/14 22:23:36 INFO BlockManagerInfo: Added broadcast_4_piece0 in memory on fb744bf0dc86:36063 (size: 9.2 KiB, free: 434.3 MiB)
[2024-09-14T22:23:36.218+0000] {spark_submit.py:579} INFO - 24/09/14 22:23:36 INFO SparkContext: Created broadcast 4 from broadcast at DAGScheduler.scala:1585
[2024-09-14T22:23:36.223+0000] {spark_submit.py:579} INFO - 24/09/14 22:23:36 INFO DAGScheduler: Submitting 1 missing tasks from ResultStage 2 (MapPartitionsRDD[14] at showString at NativeMethodAccessorImpl.java:0) (first 15 tasks are for partitions Vector(0))
[2024-09-14T22:23:36.227+0000] {spark_submit.py:579} INFO - 24/09/14 22:23:36 INFO TaskSchedulerImpl: Adding task set 2.0 with 1 tasks resource profile 0
[2024-09-14T22:23:36.236+0000] {spark_submit.py:579} INFO - 24/09/14 22:23:36 INFO TaskSetManager: Starting task 0.0 in stage 2.0 (TID 3) (fb744bf0dc86, executor driver, partition 0, PROCESS_LOCAL, 9601 bytes)
[2024-09-14T22:23:36.239+0000] {spark_submit.py:579} INFO - 24/09/14 22:23:36 INFO Executor: Running task 0.0 in stage 2.0 (TID 3)
[2024-09-14T22:23:36.404+0000] {spark_submit.py:579} INFO - 24/09/14 22:23:36 INFO CodeGenerator: Code generated in 124.337957 ms
[2024-09-14T22:23:36.409+0000] {spark_submit.py:579} INFO - 24/09/14 22:23:36 INFO FileScanRDD: Reading File path: file:///opt/***/datasets/Airbnb.csv, range: 0-4194304, partition values: [empty row]
[2024-09-14T22:23:36.467+0000] {spark_submit.py:579} INFO - 24/09/14 22:23:36 INFO CodeGenerator: Code generated in 44.304824 ms
[2024-09-14T22:23:36.610+0000] {spark_submit.py:579} INFO - 24/09/14 22:23:36 INFO Executor: Finished task 0.0 in stage 2.0 (TID 3). 1817 bytes result sent to driver
[2024-09-14T22:23:36.634+0000] {spark_submit.py:579} INFO - 24/09/14 22:23:36 INFO TaskSetManager: Finished task 0.0 in stage 2.0 (TID 3) in 400 ms on fb744bf0dc86 (executor driver) (1/1)
[2024-09-14T22:23:36.637+0000] {spark_submit.py:579} INFO - 24/09/14 22:23:36 INFO TaskSchedulerImpl: Removed TaskSet 2.0, whose tasks have all completed, from pool
[2024-09-14T22:23:36.649+0000] {spark_submit.py:579} INFO - 24/09/14 22:23:36 INFO DAGScheduler: ResultStage 2 (showString at NativeMethodAccessorImpl.java:0) finished in 0.475 s
[2024-09-14T22:23:36.652+0000] {spark_submit.py:579} INFO - 24/09/14 22:23:36 INFO DAGScheduler: Job 2 is finished. Cancelling potential speculative or zombie tasks for this job
[2024-09-14T22:23:36.654+0000] {spark_submit.py:579} INFO - 24/09/14 22:23:36 INFO TaskSchedulerImpl: Killing all running tasks in stage 2: Stage finished
[2024-09-14T22:23:36.665+0000] {spark_submit.py:579} INFO - 24/09/14 22:23:36 INFO DAGScheduler: Job 2 finished: showString at NativeMethodAccessorImpl.java:0, took 0.512302 s
[2024-09-14T22:23:36.717+0000] {spark_submit.py:579} INFO - 24/09/14 22:23:36 INFO CodeGenerator: Code generated in 30.847027 ms
[2024-09-14T22:23:36.734+0000] {spark_submit.py:579} INFO - +--------+---------+
[2024-09-14T22:23:36.737+0000] {spark_submit.py:579} INFO - |latitude|longitude|
[2024-09-14T22:23:36.742+0000] {spark_submit.py:579} INFO - +--------+---------+
[2024-09-14T22:23:36.745+0000] {spark_submit.py:579} INFO - |40.64749|-73.97237|
[2024-09-14T22:23:36.748+0000] {spark_submit.py:579} INFO - |40.75362|-73.98377|
[2024-09-14T22:23:36.750+0000] {spark_submit.py:579} INFO - |40.80902| -73.9419|
[2024-09-14T22:23:36.755+0000] {spark_submit.py:579} INFO - |40.68514|-73.95976|
[2024-09-14T22:23:36.757+0000] {spark_submit.py:579} INFO - |40.79851|-73.94399|
[2024-09-14T22:23:36.758+0000] {spark_submit.py:579} INFO - |40.74767|  -73.975|
[2024-09-14T22:23:36.760+0000] {spark_submit.py:579} INFO - |40.68688|-73.95596|
[2024-09-14T22:23:36.761+0000] {spark_submit.py:579} INFO - |40.76489|-73.98493|
[2024-09-14T22:23:36.763+0000] {spark_submit.py:579} INFO - |40.80178|-73.96723|
[2024-09-14T22:23:36.764+0000] {spark_submit.py:579} INFO - |40.71344|-73.99037|
[2024-09-14T22:23:36.766+0000] {spark_submit.py:579} INFO - +--------+---------+
[2024-09-14T22:23:36.768+0000] {spark_submit.py:579} INFO - only showing top 10 rows
[2024-09-14T22:23:36.769+0000] {spark_submit.py:579} INFO - 
[2024-09-14T22:23:37.142+0000] {spark_submit.py:579} INFO - Таблица с нулами
[2024-09-14T22:23:37.452+0000] {spark_submit.py:579} INFO - 24/09/14 22:23:37 INFO FileSourceStrategy: Pushed Filters: IsNotNull(availability_365),GreaterThan(availability_365,15)
[2024-09-14T22:23:37.454+0000] {spark_submit.py:579} INFO - 24/09/14 22:23:37 INFO FileSourceStrategy: Post-Scan Filters: isnotnull(availability_365#36),atleastnnonnulls(10, neighbourhood_group#25, neighbourhood#26, cast(regexp_replace(latitude#27, ,, ., 1) as float), cast(regexp_replace(longitude#28, ,, ., 1) as float), room_type#29, price#30, minimum_nights#31, number_of_reviews#32, calculated_host_listings_count#35, availability_365#36),(availability_365#36 > 15),(((((((((isnull(neighbourhood_group#25) OR isnull(neighbourhood#26)) OR isnull(cast(regexp_replace(latitude#27, ,, ., 1) as float))) OR isnull(cast(regexp_replace(longitude#28, ,, ., 1) as float))) OR isnull(room_type#29)) OR isnull(price#30)) OR isnull(minimum_nights#31)) OR isnull(number_of_reviews#32)) OR isnull(calculated_host_listings_count#35)) OR isnull(availability_365#36))
[2024-09-14T22:23:37.790+0000] {spark_submit.py:579} INFO - 24/09/14 22:23:37 INFO CodeGenerator: Code generated in 204.917625 ms
[2024-09-14T22:23:37.804+0000] {spark_submit.py:579} INFO - 24/09/14 22:23:37 INFO MemoryStore: Block broadcast_5 stored as values in memory (estimated size 200.1 KiB, free 433.7 MiB)
[2024-09-14T22:23:37.839+0000] {spark_submit.py:579} INFO - 24/09/14 22:23:37 INFO BlockManagerInfo: Removed broadcast_3_piece0 on fb744bf0dc86:36063 in memory (size: 34.4 KiB, free: 434.3 MiB)
[2024-09-14T22:23:37.857+0000] {spark_submit.py:579} INFO - 24/09/14 22:23:37 INFO BlockManagerInfo: Removed broadcast_4_piece0 on fb744bf0dc86:36063 in memory (size: 9.2 KiB, free: 434.4 MiB)
[2024-09-14T22:23:37.867+0000] {spark_submit.py:579} INFO - 24/09/14 22:23:37 INFO MemoryStore: Block broadcast_5_piece0 stored as bytes in memory (estimated size 34.4 KiB, free 433.9 MiB)
[2024-09-14T22:23:37.870+0000] {spark_submit.py:579} INFO - 24/09/14 22:23:37 INFO BlockManagerInfo: Added broadcast_5_piece0 in memory on fb744bf0dc86:36063 (size: 34.4 KiB, free: 434.3 MiB)
[2024-09-14T22:23:37.873+0000] {spark_submit.py:579} INFO - 24/09/14 22:23:37 INFO SparkContext: Created broadcast 5 from showString at NativeMethodAccessorImpl.java:0
[2024-09-14T22:23:37.881+0000] {spark_submit.py:579} INFO - 24/09/14 22:23:37 INFO FileSourceScanExec: Planning scan with bin packing, max size: 4194304 bytes, open cost is considered as scanning 4194304 bytes.
[2024-09-14T22:23:37.941+0000] {spark_submit.py:579} INFO - 24/09/14 22:23:37 INFO SparkContext: Starting job: showString at NativeMethodAccessorImpl.java:0
[2024-09-14T22:23:37.944+0000] {spark_submit.py:579} INFO - 24/09/14 22:23:37 INFO DAGScheduler: Got job 3 (showString at NativeMethodAccessorImpl.java:0) with 1 output partitions
[2024-09-14T22:23:37.946+0000] {spark_submit.py:579} INFO - 24/09/14 22:23:37 INFO DAGScheduler: Final stage: ResultStage 3 (showString at NativeMethodAccessorImpl.java:0)
[2024-09-14T22:23:37.948+0000] {spark_submit.py:579} INFO - 24/09/14 22:23:37 INFO DAGScheduler: Parents of final stage: List()
[2024-09-14T22:23:37.950+0000] {spark_submit.py:579} INFO - 24/09/14 22:23:37 INFO DAGScheduler: Missing parents: List()
[2024-09-14T22:23:37.952+0000] {spark_submit.py:579} INFO - 24/09/14 22:23:37 INFO DAGScheduler: Submitting ResultStage 3 (MapPartitionsRDD[18] at showString at NativeMethodAccessorImpl.java:0), which has no missing parents
[2024-09-14T22:23:37.973+0000] {spark_submit.py:579} INFO - 24/09/14 22:23:37 INFO MemoryStore: Block broadcast_6 stored as values in memory (estimated size 35.2 KiB, free 433.9 MiB)
[2024-09-14T22:23:37.983+0000] {spark_submit.py:579} INFO - 24/09/14 22:23:37 INFO MemoryStore: Block broadcast_6_piece0 stored as bytes in memory (estimated size 12.7 KiB, free 433.9 MiB)
[2024-09-14T22:23:37.986+0000] {spark_submit.py:579} INFO - 24/09/14 22:23:37 INFO BlockManagerInfo: Added broadcast_6_piece0 in memory on fb744bf0dc86:36063 (size: 12.7 KiB, free: 434.3 MiB)
[2024-09-14T22:23:37.988+0000] {spark_submit.py:579} INFO - 24/09/14 22:23:37 INFO SparkContext: Created broadcast 6 from broadcast at DAGScheduler.scala:1585
[2024-09-14T22:23:37.991+0000] {spark_submit.py:579} INFO - 24/09/14 22:23:37 INFO DAGScheduler: Submitting 1 missing tasks from ResultStage 3 (MapPartitionsRDD[18] at showString at NativeMethodAccessorImpl.java:0) (first 15 tasks are for partitions Vector(0))
[2024-09-14T22:23:37.993+0000] {spark_submit.py:579} INFO - 24/09/14 22:23:37 INFO TaskSchedulerImpl: Adding task set 3.0 with 1 tasks resource profile 0
[2024-09-14T22:23:37.997+0000] {spark_submit.py:579} INFO - 24/09/14 22:23:37 INFO TaskSetManager: Starting task 0.0 in stage 3.0 (TID 4) (fb744bf0dc86, executor driver, partition 0, PROCESS_LOCAL, 9601 bytes)
[2024-09-14T22:23:38.001+0000] {spark_submit.py:579} INFO - 24/09/14 22:23:38 INFO Executor: Running task 0.0 in stage 3.0 (TID 4)
[2024-09-14T22:23:38.401+0000] {spark_submit.py:579} INFO - 24/09/14 22:23:38 INFO CodeGenerator: Code generated in 380.64653 ms
[2024-09-14T22:23:38.408+0000] {spark_submit.py:579} INFO - 24/09/14 22:23:38 INFO FileScanRDD: Reading File path: file:///opt/***/datasets/Airbnb.csv, range: 0-4194304, partition values: [empty row]
[2024-09-14T22:23:38.554+0000] {spark_submit.py:579} INFO - 24/09/14 22:23:38 INFO CodeGenerator: Code generated in 96.233282 ms
[2024-09-14T22:23:38.642+0000] {spark_submit.py:579} INFO - 24/09/14 22:23:38 INFO CodeGenerator: Code generated in 17.778178 ms
[2024-09-14T22:23:40.135+0000] {spark_submit.py:579} INFO - 24/09/14 22:23:40 INFO Executor: Finished task 0.0 in stage 3.0 (TID 4). 1594 bytes result sent to driver
[2024-09-14T22:23:40.138+0000] {spark_submit.py:579} INFO - 24/09/14 22:23:40 INFO TaskSetManager: Finished task 0.0 in stage 3.0 (TID 4) in 2143 ms on fb744bf0dc86 (executor driver) (1/1)
[2024-09-14T22:23:40.140+0000] {spark_submit.py:579} INFO - 24/09/14 22:23:40 INFO TaskSchedulerImpl: Removed TaskSet 3.0, whose tasks have all completed, from pool
[2024-09-14T22:23:40.143+0000] {spark_submit.py:579} INFO - 24/09/14 22:23:40 INFO DAGScheduler: ResultStage 3 (showString at NativeMethodAccessorImpl.java:0) finished in 2.189 s
[2024-09-14T22:23:40.144+0000] {spark_submit.py:579} INFO - 24/09/14 22:23:40 INFO DAGScheduler: Job 3 is finished. Cancelling potential speculative or zombie tasks for this job
[2024-09-14T22:23:40.145+0000] {spark_submit.py:579} INFO - 24/09/14 22:23:40 INFO TaskSchedulerImpl: Killing all running tasks in stage 3: Stage finished
[2024-09-14T22:23:40.147+0000] {spark_submit.py:579} INFO - 24/09/14 22:23:40 INFO DAGScheduler: Job 3 finished: showString at NativeMethodAccessorImpl.java:0, took 2.203544 s
[2024-09-14T22:23:40.169+0000] {spark_submit.py:579} INFO - 24/09/14 22:23:40 INFO SparkContext: Starting job: showString at NativeMethodAccessorImpl.java:0
[2024-09-14T22:23:40.171+0000] {spark_submit.py:579} INFO - 24/09/14 22:23:40 INFO DAGScheduler: Got job 4 (showString at NativeMethodAccessorImpl.java:0) with 1 output partitions
[2024-09-14T22:23:40.173+0000] {spark_submit.py:579} INFO - 24/09/14 22:23:40 INFO DAGScheduler: Final stage: ResultStage 4 (showString at NativeMethodAccessorImpl.java:0)
[2024-09-14T22:23:40.174+0000] {spark_submit.py:579} INFO - 24/09/14 22:23:40 INFO DAGScheduler: Parents of final stage: List()
[2024-09-14T22:23:40.176+0000] {spark_submit.py:579} INFO - 24/09/14 22:23:40 INFO DAGScheduler: Missing parents: List()
[2024-09-14T22:23:40.177+0000] {spark_submit.py:579} INFO - 24/09/14 22:23:40 INFO DAGScheduler: Submitting ResultStage 4 (MapPartitionsRDD[18] at showString at NativeMethodAccessorImpl.java:0), which has no missing parents
[2024-09-14T22:23:40.181+0000] {spark_submit.py:579} INFO - 24/09/14 22:23:40 INFO MemoryStore: Block broadcast_7 stored as values in memory (estimated size 35.2 KiB, free 433.8 MiB)
[2024-09-14T22:23:40.256+0000] {spark_submit.py:579} INFO - 24/09/14 22:23:40 INFO MemoryStore: Block broadcast_7_piece0 stored as bytes in memory (estimated size 12.7 KiB, free 433.8 MiB)
[2024-09-14T22:23:40.271+0000] {spark_submit.py:579} INFO - 24/09/14 22:23:40 INFO BlockManagerInfo: Added broadcast_7_piece0 in memory on fb744bf0dc86:36063 (size: 12.7 KiB, free: 434.3 MiB)
[2024-09-14T22:23:40.273+0000] {spark_submit.py:579} INFO - 24/09/14 22:23:40 INFO SparkContext: Created broadcast 7 from broadcast at DAGScheduler.scala:1585
[2024-09-14T22:23:40.275+0000] {spark_submit.py:579} INFO - 24/09/14 22:23:40 INFO DAGScheduler: Submitting 1 missing tasks from ResultStage 4 (MapPartitionsRDD[18] at showString at NativeMethodAccessorImpl.java:0) (first 15 tasks are for partitions Vector(1))
[2024-09-14T22:23:40.276+0000] {spark_submit.py:579} INFO - 24/09/14 22:23:40 INFO TaskSchedulerImpl: Adding task set 4.0 with 1 tasks resource profile 0
[2024-09-14T22:23:40.280+0000] {spark_submit.py:579} INFO - 24/09/14 22:23:40 INFO TaskSetManager: Starting task 0.0 in stage 4.0 (TID 5) (fb744bf0dc86, executor driver, partition 1, PROCESS_LOCAL, 9601 bytes)
[2024-09-14T22:23:40.283+0000] {spark_submit.py:579} INFO - 24/09/14 22:23:40 INFO Executor: Running task 0.0 in stage 4.0 (TID 5)
[2024-09-14T22:23:40.300+0000] {spark_submit.py:579} INFO - 24/09/14 22:23:40 INFO FileScanRDD: Reading File path: file:///opt/***/datasets/Airbnb.csv, range: 4194304-7081245, partition values: [empty row]
[2024-09-14T22:23:40.649+0000] {spark_submit.py:579} INFO - 24/09/14 22:23:40 INFO Executor: Finished task 0.0 in stage 4.0 (TID 5). 1594 bytes result sent to driver
[2024-09-14T22:23:40.654+0000] {spark_submit.py:579} INFO - 24/09/14 22:23:40 INFO TaskSetManager: Finished task 0.0 in stage 4.0 (TID 5) in 376 ms on fb744bf0dc86 (executor driver) (1/1)
[2024-09-14T22:23:40.657+0000] {spark_submit.py:579} INFO - 24/09/14 22:23:40 INFO TaskSchedulerImpl: Removed TaskSet 4.0, whose tasks have all completed, from pool
[2024-09-14T22:23:40.661+0000] {spark_submit.py:579} INFO - 24/09/14 22:23:40 INFO DAGScheduler: ResultStage 4 (showString at NativeMethodAccessorImpl.java:0) finished in 0.482 s
[2024-09-14T22:23:40.663+0000] {spark_submit.py:579} INFO - 24/09/14 22:23:40 INFO DAGScheduler: Job 4 is finished. Cancelling potential speculative or zombie tasks for this job
[2024-09-14T22:23:40.666+0000] {spark_submit.py:579} INFO - 24/09/14 22:23:40 INFO TaskSchedulerImpl: Killing all running tasks in stage 4: Stage finished
[2024-09-14T22:23:40.668+0000] {spark_submit.py:579} INFO - 24/09/14 22:23:40 INFO DAGScheduler: Job 4 finished: showString at NativeMethodAccessorImpl.java:0, took 0.494365 s
[2024-09-14T22:23:40.672+0000] {spark_submit.py:579} INFO - +-------------------+-------------+--------+---------+---------+-----+--------------+-----------------+------------------------------+----------------+
[2024-09-14T22:23:40.675+0000] {spark_submit.py:579} INFO - |neighbourhood_group|neighbourhood|latitude|longitude|room_type|price|minimum_nights|number_of_reviews|calculated_host_listings_count|availability_365|
[2024-09-14T22:23:40.677+0000] {spark_submit.py:579} INFO - +-------------------+-------------+--------+---------+---------+-----+--------------+-----------------+------------------------------+----------------+
[2024-09-14T22:23:40.679+0000] {spark_submit.py:579} INFO - +-------------------+-------------+--------+---------+---------+-----+--------------+-----------------+------------------------------+----------------+
[2024-09-14T22:23:40.681+0000] {spark_submit.py:579} INFO - 
[2024-09-14T22:23:41.065+0000] {spark_submit.py:579} INFO - 24/09/14 22:23:41 INFO BlockManagerInfo: Removed broadcast_7_piece0 on fb744bf0dc86:36063 in memory (size: 12.7 KiB, free: 434.3 MiB)
[2024-09-14T22:23:41.079+0000] {spark_submit.py:579} INFO - 24/09/14 22:23:41 INFO BlockManagerInfo: Removed broadcast_6_piece0 on fb744bf0dc86:36063 in memory (size: 12.7 KiB, free: 434.3 MiB)
[2024-09-14T22:23:41.930+0000] {spark_submit.py:579} INFO - 24/09/14 22:23:41 INFO FileSourceStrategy: Pushed Filters: IsNotNull(availability_365),GreaterThan(availability_365,15)
[2024-09-14T22:23:41.934+0000] {spark_submit.py:579} INFO - 24/09/14 22:23:41 INFO FileSourceStrategy: Post-Scan Filters: isnotnull(availability_365#36),atleastnnonnulls(10, neighbourhood_group#25, neighbourhood#26, cast(regexp_replace(latitude#27, ,, ., 1) as float), cast(regexp_replace(longitude#28, ,, ., 1) as float), room_type#29, price#30, minimum_nights#31, number_of_reviews#32, calculated_host_listings_count#35, availability_365#36),(availability_365#36 > 15)
[2024-09-14T22:23:42.874+0000] {spark_submit.py:579} INFO - 24/09/14 22:23:42 INFO CodeGenerator: Code generated in 226.417954 ms
[2024-09-14T22:23:42.889+0000] {spark_submit.py:579} INFO - 24/09/14 22:23:42 INFO MemoryStore: Block broadcast_8 stored as values in memory (estimated size 200.1 KiB, free 433.7 MiB)
[2024-09-14T22:23:42.922+0000] {spark_submit.py:579} INFO - 24/09/14 22:23:42 INFO MemoryStore: Block broadcast_8_piece0 stored as bytes in memory (estimated size 34.4 KiB, free 433.7 MiB)
[2024-09-14T22:23:42.926+0000] {spark_submit.py:579} INFO - 24/09/14 22:23:42 INFO BlockManagerInfo: Added broadcast_8_piece0 in memory on fb744bf0dc86:36063 (size: 34.4 KiB, free: 434.3 MiB)
[2024-09-14T22:23:42.928+0000] {spark_submit.py:579} INFO - 24/09/14 22:23:42 INFO SparkContext: Created broadcast 8 from showString at NativeMethodAccessorImpl.java:0
[2024-09-14T22:23:42.932+0000] {spark_submit.py:579} INFO - 24/09/14 22:23:42 INFO FileSourceScanExec: Planning scan with bin packing, max size: 4194304 bytes, open cost is considered as scanning 4194304 bytes.
[2024-09-14T22:23:43.006+0000] {spark_submit.py:579} INFO - 24/09/14 22:23:43 INFO DAGScheduler: Registering RDD 22 (showString at NativeMethodAccessorImpl.java:0) as input to shuffle 0
[2024-09-14T22:23:43.018+0000] {spark_submit.py:579} INFO - 24/09/14 22:23:43 INFO DAGScheduler: Got map stage job 5 (showString at NativeMethodAccessorImpl.java:0) with 2 output partitions
[2024-09-14T22:23:43.021+0000] {spark_submit.py:579} INFO - 24/09/14 22:23:43 INFO DAGScheduler: Final stage: ShuffleMapStage 5 (showString at NativeMethodAccessorImpl.java:0)
[2024-09-14T22:23:43.023+0000] {spark_submit.py:579} INFO - 24/09/14 22:23:43 INFO DAGScheduler: Parents of final stage: List()
[2024-09-14T22:23:43.024+0000] {spark_submit.py:579} INFO - 24/09/14 22:23:43 INFO DAGScheduler: Missing parents: List()
[2024-09-14T22:23:43.032+0000] {spark_submit.py:579} INFO - 24/09/14 22:23:43 INFO DAGScheduler: Submitting ShuffleMapStage 5 (MapPartitionsRDD[22] at showString at NativeMethodAccessorImpl.java:0), which has no missing parents
[2024-09-14T22:23:43.085+0000] {spark_submit.py:579} INFO - 24/09/14 22:23:43 INFO MemoryStore: Block broadcast_9 stored as values in memory (estimated size 45.8 KiB, free 433.6 MiB)
[2024-09-14T22:23:43.095+0000] {spark_submit.py:579} INFO - 24/09/14 22:23:43 INFO MemoryStore: Block broadcast_9_piece0 stored as bytes in memory (estimated size 16.6 KiB, free 433.6 MiB)
[2024-09-14T22:23:43.098+0000] {spark_submit.py:579} INFO - 24/09/14 22:23:43 INFO BlockManagerInfo: Added broadcast_9_piece0 in memory on fb744bf0dc86:36063 (size: 16.6 KiB, free: 434.3 MiB)
[2024-09-14T22:23:43.101+0000] {spark_submit.py:579} INFO - 24/09/14 22:23:43 INFO SparkContext: Created broadcast 9 from broadcast at DAGScheduler.scala:1585
[2024-09-14T22:23:43.108+0000] {spark_submit.py:579} INFO - 24/09/14 22:23:43 INFO DAGScheduler: Submitting 2 missing tasks from ShuffleMapStage 5 (MapPartitionsRDD[22] at showString at NativeMethodAccessorImpl.java:0) (first 15 tasks are for partitions Vector(0, 1))
[2024-09-14T22:23:43.110+0000] {spark_submit.py:579} INFO - 24/09/14 22:23:43 INFO TaskSchedulerImpl: Adding task set 5.0 with 2 tasks resource profile 0
[2024-09-14T22:23:43.117+0000] {spark_submit.py:579} INFO - 24/09/14 22:23:43 INFO TaskSetManager: Starting task 0.0 in stage 5.0 (TID 6) (fb744bf0dc86, executor driver, partition 0, PROCESS_LOCAL, 9590 bytes)
[2024-09-14T22:23:43.121+0000] {spark_submit.py:579} INFO - 24/09/14 22:23:43 INFO TaskSetManager: Starting task 1.0 in stage 5.0 (TID 7) (fb744bf0dc86, executor driver, partition 1, PROCESS_LOCAL, 9590 bytes)
[2024-09-14T22:23:43.123+0000] {spark_submit.py:579} INFO - 24/09/14 22:23:43 INFO Executor: Running task 0.0 in stage 5.0 (TID 6)
[2024-09-14T22:23:43.125+0000] {spark_submit.py:579} INFO - 24/09/14 22:23:43 INFO Executor: Running task 1.0 in stage 5.0 (TID 7)
[2024-09-14T22:23:43.412+0000] {spark_submit.py:579} INFO - 24/09/14 22:23:43 INFO CodeGenerator: Code generated in 230.891208 ms
[2024-09-14T22:23:43.460+0000] {spark_submit.py:579} INFO - 24/09/14 22:23:43 INFO FileScanRDD: Reading File path: file:///opt/***/datasets/Airbnb.csv, range: 4194304-7081245, partition values: [empty row]
[2024-09-14T22:23:43.462+0000] {spark_submit.py:579} INFO - 24/09/14 22:23:43 INFO FileScanRDD: Reading File path: file:///opt/***/datasets/Airbnb.csv, range: 0-4194304, partition values: [empty row]
[2024-09-14T22:23:43.732+0000] {spark_submit.py:579} INFO - 24/09/14 22:23:43 INFO BlockManagerInfo: Removed broadcast_5_piece0 on fb744bf0dc86:36063 in memory (size: 34.4 KiB, free: 434.3 MiB)
[2024-09-14T22:23:44.289+0000] {spark_submit.py:579} INFO - 24/09/14 22:23:44 INFO Executor: Finished task 1.0 in stage 5.0 (TID 7). 2070 bytes result sent to driver
[2024-09-14T22:23:44.290+0000] {spark_submit.py:579} INFO - 24/09/14 22:23:44 INFO Executor: Finished task 0.0 in stage 5.0 (TID 6). 2070 bytes result sent to driver
[2024-09-14T22:23:44.295+0000] {spark_submit.py:579} INFO - 24/09/14 22:23:44 INFO TaskSetManager: Finished task 1.0 in stage 5.0 (TID 7) in 1176 ms on fb744bf0dc86 (executor driver) (1/2)
[2024-09-14T22:23:44.297+0000] {spark_submit.py:579} INFO - 24/09/14 22:23:44 INFO TaskSetManager: Finished task 0.0 in stage 5.0 (TID 6) in 1182 ms on fb744bf0dc86 (executor driver) (2/2)
[2024-09-14T22:23:44.298+0000] {spark_submit.py:579} INFO - 24/09/14 22:23:44 INFO TaskSchedulerImpl: Removed TaskSet 5.0, whose tasks have all completed, from pool
[2024-09-14T22:23:44.304+0000] {spark_submit.py:579} INFO - 24/09/14 22:23:44 INFO DAGScheduler: ShuffleMapStage 5 (showString at NativeMethodAccessorImpl.java:0) finished in 1.260 s
[2024-09-14T22:23:44.306+0000] {spark_submit.py:579} INFO - 24/09/14 22:23:44 INFO DAGScheduler: looking for newly runnable stages
[2024-09-14T22:23:44.308+0000] {spark_submit.py:579} INFO - 24/09/14 22:23:44 INFO DAGScheduler: running: Set()
[2024-09-14T22:23:44.310+0000] {spark_submit.py:579} INFO - 24/09/14 22:23:44 INFO DAGScheduler: waiting: Set()
[2024-09-14T22:23:44.312+0000] {spark_submit.py:579} INFO - 24/09/14 22:23:44 INFO DAGScheduler: failed: Set()
[2024-09-14T22:23:44.498+0000] {spark_submit.py:579} INFO - 24/09/14 22:23:44 INFO CodeGenerator: Code generated in 59.536361 ms
[2024-09-14T22:23:44.538+0000] {spark_submit.py:579} INFO - 24/09/14 22:23:44 INFO SparkContext: Starting job: showString at NativeMethodAccessorImpl.java:0
[2024-09-14T22:23:44.543+0000] {spark_submit.py:579} INFO - 24/09/14 22:23:44 INFO DAGScheduler: Got job 6 (showString at NativeMethodAccessorImpl.java:0) with 1 output partitions
[2024-09-14T22:23:44.544+0000] {spark_submit.py:579} INFO - 24/09/14 22:23:44 INFO DAGScheduler: Final stage: ResultStage 7 (showString at NativeMethodAccessorImpl.java:0)
[2024-09-14T22:23:44.546+0000] {spark_submit.py:579} INFO - 24/09/14 22:23:44 INFO DAGScheduler: Parents of final stage: List(ShuffleMapStage 6)
[2024-09-14T22:23:44.547+0000] {spark_submit.py:579} INFO - 24/09/14 22:23:44 INFO DAGScheduler: Missing parents: List()
[2024-09-14T22:23:44.548+0000] {spark_submit.py:579} INFO - 24/09/14 22:23:44 INFO DAGScheduler: Submitting ResultStage 7 (MapPartitionsRDD[25] at showString at NativeMethodAccessorImpl.java:0), which has no missing parents
[2024-09-14T22:23:44.568+0000] {spark_submit.py:579} INFO - 24/09/14 22:23:44 INFO MemoryStore: Block broadcast_10 stored as values in memory (estimated size 30.0 KiB, free 433.8 MiB)
[2024-09-14T22:23:44.683+0000] {spark_submit.py:579} INFO - 24/09/14 22:23:44 INFO MemoryStore: Block broadcast_10_piece0 stored as bytes in memory (estimated size 9.9 KiB, free 433.8 MiB)
[2024-09-14T22:23:44.692+0000] {spark_submit.py:579} INFO - 24/09/14 22:23:44 INFO BlockManagerInfo: Added broadcast_10_piece0 in memory on fb744bf0dc86:36063 (size: 9.9 KiB, free: 434.3 MiB)
[2024-09-14T22:23:44.700+0000] {spark_submit.py:579} INFO - 24/09/14 22:23:44 INFO SparkContext: Created broadcast 10 from broadcast at DAGScheduler.scala:1585
[2024-09-14T22:23:44.702+0000] {spark_submit.py:579} INFO - 24/09/14 22:23:44 INFO DAGScheduler: Submitting 1 missing tasks from ResultStage 7 (MapPartitionsRDD[25] at showString at NativeMethodAccessorImpl.java:0) (first 15 tasks are for partitions Vector(0))
[2024-09-14T22:23:44.706+0000] {spark_submit.py:579} INFO - 24/09/14 22:23:44 INFO TaskSchedulerImpl: Adding task set 7.0 with 1 tasks resource profile 0
[2024-09-14T22:23:44.719+0000] {spark_submit.py:579} INFO - 24/09/14 22:23:44 INFO TaskSetManager: Starting task 0.0 in stage 7.0 (TID 8) (fb744bf0dc86, executor driver, partition 0, NODE_LOCAL, 8999 bytes)
[2024-09-14T22:23:44.721+0000] {spark_submit.py:579} INFO - 24/09/14 22:23:44 INFO Executor: Running task 0.0 in stage 7.0 (TID 8)
[2024-09-14T22:23:44.817+0000] {spark_submit.py:579} INFO - 24/09/14 22:23:44 INFO ShuffleBlockFetcherIterator: Getting 2 (120.0 B) non-empty blocks including 2 (120.0 B) local and 0 (0.0 B) host-local and 0 (0.0 B) push-merged-local and 0 (0.0 B) remote blocks
[2024-09-14T22:23:44.827+0000] {spark_submit.py:579} INFO - 24/09/14 22:23:44 INFO ShuffleBlockFetcherIterator: Started 0 remote fetches in 40 ms
[2024-09-14T22:23:44.979+0000] {spark_submit.py:579} INFO - 24/09/14 22:23:44 INFO CodeGenerator: Code generated in 132.059969 ms
[2024-09-14T22:23:45.054+0000] {spark_submit.py:579} INFO - 24/09/14 22:23:45 INFO Executor: Finished task 0.0 in stage 7.0 (TID 8). 4083 bytes result sent to driver
[2024-09-14T22:23:45.059+0000] {spark_submit.py:579} INFO - 24/09/14 22:23:45 INFO TaskSetManager: Finished task 0.0 in stage 7.0 (TID 8) in 345 ms on fb744bf0dc86 (executor driver) (1/1)
[2024-09-14T22:23:45.076+0000] {spark_submit.py:579} INFO - 24/09/14 22:23:45 INFO TaskSchedulerImpl: Removed TaskSet 7.0, whose tasks have all completed, from pool
[2024-09-14T22:23:45.078+0000] {spark_submit.py:579} INFO - 24/09/14 22:23:45 INFO DAGScheduler: ResultStage 7 (showString at NativeMethodAccessorImpl.java:0) finished in 0.509 s
[2024-09-14T22:23:45.080+0000] {spark_submit.py:579} INFO - 24/09/14 22:23:45 INFO DAGScheduler: Job 6 is finished. Cancelling potential speculative or zombie tasks for this job
[2024-09-14T22:23:45.081+0000] {spark_submit.py:579} INFO - 24/09/14 22:23:45 INFO TaskSchedulerImpl: Killing all running tasks in stage 7: Stage finished
[2024-09-14T22:23:45.083+0000] {spark_submit.py:579} INFO - 24/09/14 22:23:45 INFO DAGScheduler: Job 6 finished: showString at NativeMethodAccessorImpl.java:0, took 0.540623 s
[2024-09-14T22:23:45.177+0000] {spark_submit.py:579} INFO - 24/09/14 22:23:45 INFO CodeGenerator: Code generated in 56.450066 ms
[2024-09-14T22:23:45.189+0000] {spark_submit.py:579} INFO - +-------------------+-------------+--------+---------+---------+-----+--------------+-----------------+------------------------------+----------------+
[2024-09-14T22:23:45.192+0000] {spark_submit.py:579} INFO - |neighbourhood_group|neighbourhood|latitude|longitude|room_type|price|minimum_nights|number_of_reviews|calculated_host_listings_count|availability_365|
[2024-09-14T22:23:45.193+0000] {spark_submit.py:579} INFO - +-------------------+-------------+--------+---------+---------+-----+--------------+-----------------+------------------------------+----------------+
[2024-09-14T22:23:45.196+0000] {spark_submit.py:579} INFO - |                  0|            0|       0|        0|        0|    0|             0|                0|                             0|               0|
[2024-09-14T22:23:45.198+0000] {spark_submit.py:579} INFO - +-------------------+-------------+--------+---------+---------+-----+--------------+-----------------+------------------------------+----------------+
[2024-09-14T22:23:45.199+0000] {spark_submit.py:579} INFO - 
[2024-09-14T22:23:45.569+0000] {spark_submit.py:579} INFO - 24/09/14 22:23:45 INFO HiveConf: Found configuration file null
[2024-09-14T22:23:45.602+0000] {spark_submit.py:579} INFO - 24/09/14 22:23:45 INFO HiveUtils: Initializing HiveMetastoreConnection version 2.3.9 using Spark classes.
[2024-09-14T22:23:46.374+0000] {spark_submit.py:579} INFO - 24/09/14 22:23:46 INFO HiveClientImpl: Warehouse location for Hive client (version 2.3.9) is file:/user/hive/warehouse
[2024-09-14T22:23:46.454+0000] {spark_submit.py:579} INFO - 24/09/14 22:23:46 INFO metastore: Trying to connect to metastore with URI thrift://hive-metastore:9083
[2024-09-14T22:23:46.499+0000] {spark_submit.py:579} INFO - 24/09/14 22:23:46 INFO metastore: Opened a connection to metastore, current connections: 1
[2024-09-14T22:23:46.563+0000] {spark_submit.py:579} INFO - 24/09/14 22:23:46 INFO metastore: Connected to metastore.
[2024-09-14T22:23:46.706+0000] {local_task_job_runner.py:346} WARNING - State of this instance has been externally set to failed. Terminating instance.
[2024-09-14T22:23:46.709+0000] {local_task_job_runner.py:245} INFO - ::endgroup::
[2024-09-14T22:23:46.731+0000] {process_utils.py:132} INFO - Sending 15 to group 3822. PIDs of all processes in the group: [3827, 3931, 3822]
[2024-09-14T22:23:46.735+0000] {process_utils.py:87} INFO - Sending the signal 15 to group 3822
[2024-09-14T22:23:46.740+0000] {taskinstance.py:3092} ERROR - Received SIGTERM. Terminating subprocesses.
[2024-09-14T22:23:46.743+0000] {spark_submit.py:705} INFO - Sending kill signal to spark-submit
[2024-09-14T22:23:47.088+0000] {process_utils.py:80} INFO - Process psutil.Process(pid=3931, status='terminated', started='22:22:34') (3931) terminated with exit code None
[2024-09-14T22:23:47.164+0000] {taskinstance.py:340} INFO - ::group::Post task execution logs
[2024-09-14T22:23:47.275+0000] {process_utils.py:80} INFO - Process psutil.Process(pid=3822, status='terminated', exitcode=0, started='22:22:23') (3822) terminated with exit code 0
[2024-09-14T22:23:47.279+0000] {process_utils.py:80} INFO - Process psutil.Process(pid=3827, status='terminated', started='22:22:24') (3827) terminated with exit code None
