[2024-09-14T22:21:14.068+0000] {local_task_job_runner.py:123} INFO - ::group::Pre task execution logs
[2024-09-14T22:21:14.128+0000] {taskinstance.py:2612} INFO - Dependencies all met for dep_context=non-requeueable deps ti=<TaskInstance: airbnb_model.data_analysis manual__2024-09-14T17:50:30.952450+00:00 [queued]>
[2024-09-14T22:21:14.153+0000] {taskinstance.py:2612} INFO - Dependencies all met for dep_context=requeueable deps ti=<TaskInstance: airbnb_model.data_analysis manual__2024-09-14T17:50:30.952450+00:00 [queued]>
[2024-09-14T22:21:14.155+0000] {taskinstance.py:2865} INFO - Starting attempt 18 of 21
[2024-09-14T22:21:14.198+0000] {taskinstance.py:2888} INFO - Executing <Task(SparkSubmitOperator): data_analysis> on 2024-09-14 17:50:30.952450+00:00
[2024-09-14T22:21:14.228+0000] {logging_mixin.py:190} WARNING - /home/***/.local/lib/python3.12/site-packages/***/task/task_runner/standard_task_runner.py:70 DeprecationWarning: This process (pid=3511) is multi-threaded, use of fork() may lead to deadlocks in the child.
[2024-09-14T22:21:14.230+0000] {standard_task_runner.py:72} INFO - Started process 3517 to run task
[2024-09-14T22:21:14.242+0000] {standard_task_runner.py:104} INFO - Running: ['***', 'tasks', 'run', 'airbnb_model', 'data_analysis', 'manual__2024-09-14T17:50:30.952450+00:00', '--job-id', '698', '--raw', '--subdir', 'DAGS_FOLDER/air_price_pred_dag.py', '--cfg-path', '/tmp/tmpe0q2gh07']
[2024-09-14T22:21:14.256+0000] {standard_task_runner.py:105} INFO - Job 698: Subtask data_analysis
[2024-09-14T22:21:14.336+0000] {task_command.py:467} INFO - Running <TaskInstance: airbnb_model.data_analysis manual__2024-09-14T17:50:30.952450+00:00 [running]> on host fb744bf0dc86
[2024-09-14T22:21:14.543+0000] {taskinstance.py:3131} INFO - Exporting env vars: AIRFLOW_CTX_DAG_OWNER='Denis' AIRFLOW_CTX_DAG_ID='airbnb_model' AIRFLOW_CTX_TASK_ID='data_analysis' AIRFLOW_CTX_EXECUTION_DATE='2024-09-14T17:50:30.952450+00:00' AIRFLOW_CTX_TRY_NUMBER='18' AIRFLOW_CTX_DAG_RUN_ID='manual__2024-09-14T17:50:30.952450+00:00'
[2024-09-14T22:21:14.545+0000] {taskinstance.py:731} INFO - ::endgroup::
[2024-09-14T22:21:14.920+0000] {base.py:84} INFO - Retrieving connection 'spark_default'
[2024-09-14T22:21:14.922+0000] {spark_submit.py:403} INFO - Spark-Submit cmd: spark-submit --master spark://spark-master:7077 --conf spark.master=spark://spark-master:7077 --name arrow-spark --verbose --deploy-mode client /opt/***/dags/air_data_analysis.py
[2024-09-14T22:21:21.370+0000] {spark_submit.py:579} INFO - Using properties file: null
[2024-09-14T22:21:21.713+0000] {spark_submit.py:579} INFO - Parsed arguments:
[2024-09-14T22:21:21.714+0000] {spark_submit.py:579} INFO - master                  spark://spark-master:7077
[2024-09-14T22:21:21.716+0000] {spark_submit.py:579} INFO - remote                  null
[2024-09-14T22:21:21.717+0000] {spark_submit.py:579} INFO - deployMode              client
[2024-09-14T22:21:21.718+0000] {spark_submit.py:579} INFO - executorMemory          null
[2024-09-14T22:21:21.720+0000] {spark_submit.py:579} INFO - executorCores           null
[2024-09-14T22:21:21.721+0000] {spark_submit.py:579} INFO - totalExecutorCores      null
[2024-09-14T22:21:21.722+0000] {spark_submit.py:579} INFO - propertiesFile          null
[2024-09-14T22:21:21.723+0000] {spark_submit.py:579} INFO - driverMemory            null
[2024-09-14T22:21:21.724+0000] {spark_submit.py:579} INFO - driverCores             null
[2024-09-14T22:21:21.725+0000] {spark_submit.py:579} INFO - driverExtraClassPath    null
[2024-09-14T22:21:21.726+0000] {spark_submit.py:579} INFO - driverExtraLibraryPath  null
[2024-09-14T22:21:21.727+0000] {spark_submit.py:579} INFO - driverExtraJavaOptions  null
[2024-09-14T22:21:21.728+0000] {spark_submit.py:579} INFO - supervise               false
[2024-09-14T22:21:21.729+0000] {spark_submit.py:579} INFO - queue                   null
[2024-09-14T22:21:21.730+0000] {spark_submit.py:579} INFO - numExecutors            null
[2024-09-14T22:21:21.731+0000] {spark_submit.py:579} INFO - files                   null
[2024-09-14T22:21:21.732+0000] {spark_submit.py:579} INFO - pyFiles                 null
[2024-09-14T22:21:21.733+0000] {spark_submit.py:579} INFO - archives                null
[2024-09-14T22:21:21.734+0000] {spark_submit.py:579} INFO - mainClass               null
[2024-09-14T22:21:21.735+0000] {spark_submit.py:579} INFO - primaryResource         file:/opt/***/dags/air_data_analysis.py
[2024-09-14T22:21:21.737+0000] {spark_submit.py:579} INFO - name                    arrow-spark
[2024-09-14T22:21:21.738+0000] {spark_submit.py:579} INFO - childArgs               []
[2024-09-14T22:21:21.739+0000] {spark_submit.py:579} INFO - jars                    null
[2024-09-14T22:21:21.740+0000] {spark_submit.py:579} INFO - packages                null
[2024-09-14T22:21:21.741+0000] {spark_submit.py:579} INFO - packagesExclusions      null
[2024-09-14T22:21:21.742+0000] {spark_submit.py:579} INFO - repositories            null
[2024-09-14T22:21:21.743+0000] {spark_submit.py:579} INFO - verbose                 true
[2024-09-14T22:21:21.744+0000] {spark_submit.py:579} INFO - 
[2024-09-14T22:21:21.745+0000] {spark_submit.py:579} INFO - Spark properties used, including those specified through
[2024-09-14T22:21:21.746+0000] {spark_submit.py:579} INFO - --conf and those from the properties file null:
[2024-09-14T22:21:21.747+0000] {spark_submit.py:579} INFO - (spark.master,spark://spark-master:7077)
[2024-09-14T22:21:21.748+0000] {spark_submit.py:579} INFO - 
[2024-09-14T22:21:21.749+0000] {spark_submit.py:579} INFO - 
[2024-09-14T22:21:22.836+0000] {spark_submit.py:579} INFO - Main class:
[2024-09-14T22:21:22.837+0000] {spark_submit.py:579} INFO - org.apache.spark.deploy.PythonRunner
[2024-09-14T22:21:22.839+0000] {spark_submit.py:579} INFO - Arguments:
[2024-09-14T22:21:22.840+0000] {spark_submit.py:579} INFO - file:/opt/***/dags/air_data_analysis.py
[2024-09-14T22:21:22.841+0000] {spark_submit.py:579} INFO - null
[2024-09-14T22:21:22.846+0000] {spark_submit.py:579} INFO - Spark config:
[2024-09-14T22:21:22.847+0000] {spark_submit.py:579} INFO - (spark.app.name,arrow-spark)
[2024-09-14T22:21:22.848+0000] {spark_submit.py:579} INFO - (spark.app.submitTime,1726352482791)
[2024-09-14T22:21:22.849+0000] {spark_submit.py:579} INFO - (spark.master,spark://spark-master:7077)
[2024-09-14T22:21:22.851+0000] {spark_submit.py:579} INFO - (spark.submit.deployMode,client)
[2024-09-14T22:21:22.852+0000] {spark_submit.py:579} INFO - (spark.submit.pyFiles,)
[2024-09-14T22:21:22.854+0000] {spark_submit.py:579} INFO - Classpath elements:
[2024-09-14T22:21:22.855+0000] {spark_submit.py:579} INFO - 
[2024-09-14T22:21:22.856+0000] {spark_submit.py:579} INFO - 
[2024-09-14T22:21:22.857+0000] {spark_submit.py:579} INFO - 
[2024-09-14T22:21:26.009+0000] {spark_submit.py:579} INFO - 24/09/14 22:21:26 INFO SparkContext: Running Spark version 3.5.2
[2024-09-14T22:21:26.016+0000] {spark_submit.py:579} INFO - 24/09/14 22:21:26 INFO SparkContext: OS info Linux, 5.15.153.1-microsoft-standard-WSL2, amd64
[2024-09-14T22:21:26.018+0000] {spark_submit.py:579} INFO - 24/09/14 22:21:26 INFO SparkContext: Java version 17.0.12
[2024-09-14T22:21:26.253+0000] {spark_submit.py:579} INFO - 24/09/14 22:21:26 WARN NativeCodeLoader: Unable to load native-hadoop library for your platform... using builtin-java classes where applicable
[2024-09-14T22:21:26.539+0000] {spark_submit.py:579} INFO - 24/09/14 22:21:26 INFO ResourceUtils: ==============================================================
[2024-09-14T22:21:26.541+0000] {spark_submit.py:579} INFO - 24/09/14 22:21:26 INFO ResourceUtils: No custom resources configured for spark.driver.
[2024-09-14T22:21:26.542+0000] {spark_submit.py:579} INFO - 24/09/14 22:21:26 INFO ResourceUtils: ==============================================================
[2024-09-14T22:21:26.543+0000] {spark_submit.py:579} INFO - 24/09/14 22:21:26 INFO SparkContext: Submitted application: Airbnb_regr_model
[2024-09-14T22:21:26.594+0000] {spark_submit.py:579} INFO - 24/09/14 22:21:26 INFO ResourceProfile: Default ResourceProfile created, executor resources: Map(cores -> name: cores, amount: 1, script: , vendor: , memory -> name: memory, amount: 1024, script: , vendor: , offHeap -> name: offHeap, amount: 0, script: , vendor: ), task resources: Map(cpus -> name: cpus, amount: 1.0)
[2024-09-14T22:21:26.609+0000] {spark_submit.py:579} INFO - 24/09/14 22:21:26 INFO ResourceProfile: Limiting resource is cpu
[2024-09-14T22:21:26.611+0000] {spark_submit.py:579} INFO - 24/09/14 22:21:26 INFO ResourceProfileManager: Added ResourceProfile id: 0
[2024-09-14T22:21:26.779+0000] {spark_submit.py:579} INFO - 24/09/14 22:21:26 INFO SecurityManager: Changing view acls to: ***
[2024-09-14T22:21:26.780+0000] {spark_submit.py:579} INFO - 24/09/14 22:21:26 INFO SecurityManager: Changing modify acls to: ***
[2024-09-14T22:21:26.783+0000] {spark_submit.py:579} INFO - 24/09/14 22:21:26 INFO SecurityManager: Changing view acls groups to:
[2024-09-14T22:21:26.784+0000] {spark_submit.py:579} INFO - 24/09/14 22:21:26 INFO SecurityManager: Changing modify acls groups to:
[2024-09-14T22:21:26.785+0000] {spark_submit.py:579} INFO - 24/09/14 22:21:26 INFO SecurityManager: SecurityManager: authentication disabled; ui acls disabled; users with view permissions: ***; groups with view permissions: EMPTY; users with modify permissions: ***; groups with modify permissions: EMPTY
[2024-09-14T22:21:27.549+0000] {spark_submit.py:579} INFO - 24/09/14 22:21:27 INFO Utils: Successfully started service 'sparkDriver' on port 42055.
[2024-09-14T22:21:28.113+0000] {spark_submit.py:579} INFO - 24/09/14 22:21:28 INFO SparkEnv: Registering MapOutputTracker
[2024-09-14T22:21:28.280+0000] {spark_submit.py:579} INFO - 24/09/14 22:21:28 INFO SparkEnv: Registering BlockManagerMaster
[2024-09-14T22:21:28.359+0000] {spark_submit.py:579} INFO - 24/09/14 22:21:28 INFO BlockManagerMasterEndpoint: Using org.apache.spark.storage.DefaultTopologyMapper for getting topology information
[2024-09-14T22:21:28.361+0000] {spark_submit.py:579} INFO - 24/09/14 22:21:28 INFO BlockManagerMasterEndpoint: BlockManagerMasterEndpoint up
[2024-09-14T22:21:28.372+0000] {spark_submit.py:579} INFO - 24/09/14 22:21:28 INFO SparkEnv: Registering BlockManagerMasterHeartbeat
[2024-09-14T22:21:28.468+0000] {spark_submit.py:579} INFO - 24/09/14 22:21:28 INFO DiskBlockManager: Created local directory at /tmp/blockmgr-4786efa3-bd19-4e41-8761-319e9c2af34a
[2024-09-14T22:21:28.503+0000] {spark_submit.py:579} INFO - 24/09/14 22:21:28 INFO MemoryStore: MemoryStore started with capacity 434.4 MiB
[2024-09-14T22:21:28.535+0000] {spark_submit.py:579} INFO - 24/09/14 22:21:28 INFO SparkEnv: Registering OutputCommitCoordinator
[2024-09-14T22:21:28.926+0000] {spark_submit.py:579} INFO - 24/09/14 22:21:28 INFO JettyUtils: Start Jetty 0.0.0.0:4040 for SparkUI
[2024-09-14T22:21:29.139+0000] {spark_submit.py:579} INFO - 24/09/14 22:21:29 INFO Utils: Successfully started service 'SparkUI' on port 4040.
[2024-09-14T22:21:29.685+0000] {spark_submit.py:579} INFO - 24/09/14 22:21:29 INFO Executor: Starting executor ID driver on host fb744bf0dc86
[2024-09-14T22:21:29.686+0000] {spark_submit.py:579} INFO - 24/09/14 22:21:29 INFO Executor: OS info Linux, 5.15.153.1-microsoft-standard-WSL2, amd64
[2024-09-14T22:21:29.687+0000] {spark_submit.py:579} INFO - 24/09/14 22:21:29 INFO Executor: Java version 17.0.12
[2024-09-14T22:21:29.709+0000] {spark_submit.py:579} INFO - 24/09/14 22:21:29 INFO Executor: Starting executor with user classpath (userClassPathFirst = false): ''
[2024-09-14T22:21:29.711+0000] {spark_submit.py:579} INFO - 24/09/14 22:21:29 INFO Executor: Created or updated repl class loader org.apache.spark.util.MutableURLClassLoader@7432b5cc for default.
[2024-09-14T22:21:29.772+0000] {spark_submit.py:579} INFO - 24/09/14 22:21:29 INFO Utils: Successfully started service 'org.apache.spark.network.netty.NettyBlockTransferService' on port 45687.
[2024-09-14T22:21:29.773+0000] {spark_submit.py:579} INFO - 24/09/14 22:21:29 INFO NettyBlockTransferService: Server created on fb744bf0dc86:45687
[2024-09-14T22:21:29.780+0000] {spark_submit.py:579} INFO - 24/09/14 22:21:29 INFO BlockManager: Using org.apache.spark.storage.RandomBlockReplicationPolicy for block replication policy
[2024-09-14T22:21:29.801+0000] {spark_submit.py:579} INFO - 24/09/14 22:21:29 INFO BlockManagerMaster: Registering BlockManager BlockManagerId(driver, fb744bf0dc86, 45687, None)
[2024-09-14T22:21:29.815+0000] {spark_submit.py:579} INFO - 24/09/14 22:21:29 INFO BlockManagerMasterEndpoint: Registering block manager fb744bf0dc86:45687 with 434.4 MiB RAM, BlockManagerId(driver, fb744bf0dc86, 45687, None)
[2024-09-14T22:21:29.826+0000] {spark_submit.py:579} INFO - 24/09/14 22:21:29 INFO BlockManagerMaster: Registered BlockManager BlockManagerId(driver, fb744bf0dc86, 45687, None)
[2024-09-14T22:21:29.829+0000] {spark_submit.py:579} INFO - 24/09/14 22:21:29 INFO BlockManager: Initialized BlockManager: BlockManagerId(driver, fb744bf0dc86, 45687, None)
[2024-09-14T22:21:31.631+0000] {spark_submit.py:579} INFO - 24/09/14 22:21:31 INFO SharedState: Setting hive.metastore.warehouse.dir ('null') to the value of spark.sql.warehouse.dir.
[2024-09-14T22:21:31.667+0000] {spark_submit.py:579} INFO - 24/09/14 22:21:31 INFO SharedState: Warehouse path is 'file:/user/hive/warehouse'.
[2024-09-14T22:21:34.930+0000] {spark_submit.py:579} INFO - 24/09/14 22:21:34 INFO InMemoryFileIndex: It took 109 ms to list leaf files for 1 paths.
[2024-09-14T22:21:35.083+0000] {spark_submit.py:579} INFO - 24/09/14 22:21:35 INFO InMemoryFileIndex: It took 3 ms to list leaf files for 1 paths.
[2024-09-14T22:21:40.323+0000] {spark_submit.py:579} INFO - 24/09/14 22:21:40 INFO FileSourceStrategy: Pushed Filters:
[2024-09-14T22:21:40.327+0000] {spark_submit.py:579} INFO - 24/09/14 22:21:40 INFO FileSourceStrategy: Post-Scan Filters:
[2024-09-14T22:21:41.066+0000] {spark_submit.py:579} INFO - 24/09/14 22:21:41 INFO MemoryStore: Block broadcast_0 stored as values in memory (estimated size 200.2 KiB, free 434.2 MiB)
[2024-09-14T22:21:41.286+0000] {spark_submit.py:579} INFO - 24/09/14 22:21:41 INFO MemoryStore: Block broadcast_0_piece0 stored as bytes in memory (estimated size 34.5 KiB, free 434.2 MiB)
[2024-09-14T22:21:41.294+0000] {spark_submit.py:579} INFO - 24/09/14 22:21:41 INFO BlockManagerInfo: Added broadcast_0_piece0 in memory on fb744bf0dc86:45687 (size: 34.5 KiB, free: 434.4 MiB)
[2024-09-14T22:21:41.309+0000] {spark_submit.py:579} INFO - 24/09/14 22:21:41 INFO SparkContext: Created broadcast 0 from csv at NativeMethodAccessorImpl.java:0
[2024-09-14T22:21:41.342+0000] {spark_submit.py:579} INFO - 24/09/14 22:21:41 INFO FileSourceScanExec: Planning scan with bin packing, max size: 4194304 bytes, open cost is considered as scanning 4194304 bytes.
[2024-09-14T22:21:43.080+0000] {spark_submit.py:579} INFO - 24/09/14 22:21:43 INFO CodeGenerator: Code generated in 714.007274 ms
[2024-09-14T22:21:43.232+0000] {spark_submit.py:579} INFO - 24/09/14 22:21:43 INFO SparkContext: Starting job: csv at NativeMethodAccessorImpl.java:0
[2024-09-14T22:21:43.284+0000] {spark_submit.py:579} INFO - 24/09/14 22:21:43 INFO DAGScheduler: Got job 0 (csv at NativeMethodAccessorImpl.java:0) with 1 output partitions
[2024-09-14T22:21:43.285+0000] {spark_submit.py:579} INFO - 24/09/14 22:21:43 INFO DAGScheduler: Final stage: ResultStage 0 (csv at NativeMethodAccessorImpl.java:0)
[2024-09-14T22:21:43.287+0000] {spark_submit.py:579} INFO - 24/09/14 22:21:43 INFO DAGScheduler: Parents of final stage: List()
[2024-09-14T22:21:43.289+0000] {spark_submit.py:579} INFO - 24/09/14 22:21:43 INFO DAGScheduler: Missing parents: List()
[2024-09-14T22:21:43.296+0000] {spark_submit.py:579} INFO - 24/09/14 22:21:43 INFO DAGScheduler: Submitting ResultStage 0 (MapPartitionsRDD[6] at csv at NativeMethodAccessorImpl.java:0), which has no missing parents
[2024-09-14T22:21:43.542+0000] {spark_submit.py:579} INFO - 24/09/14 22:21:43 INFO MemoryStore: Block broadcast_1 stored as values in memory (estimated size 19.1 KiB, free 434.2 MiB)
[2024-09-14T22:21:43.547+0000] {spark_submit.py:579} INFO - 24/09/14 22:21:43 INFO MemoryStore: Block broadcast_1_piece0 stored as bytes in memory (estimated size 8.3 KiB, free 434.1 MiB)
[2024-09-14T22:21:43.549+0000] {spark_submit.py:579} INFO - 24/09/14 22:21:43 INFO BlockManagerInfo: Added broadcast_1_piece0 in memory on fb744bf0dc86:45687 (size: 8.3 KiB, free: 434.4 MiB)
[2024-09-14T22:21:43.551+0000] {spark_submit.py:579} INFO - 24/09/14 22:21:43 INFO SparkContext: Created broadcast 1 from broadcast at DAGScheduler.scala:1585
[2024-09-14T22:21:43.588+0000] {spark_submit.py:579} INFO - 24/09/14 22:21:43 INFO DAGScheduler: Submitting 1 missing tasks from ResultStage 0 (MapPartitionsRDD[6] at csv at NativeMethodAccessorImpl.java:0) (first 15 tasks are for partitions Vector(0))
[2024-09-14T22:21:43.591+0000] {spark_submit.py:579} INFO - 24/09/14 22:21:43 INFO TaskSchedulerImpl: Adding task set 0.0 with 1 tasks resource profile 0
[2024-09-14T22:21:43.743+0000] {spark_submit.py:579} INFO - 24/09/14 22:21:43 INFO TaskSetManager: Starting task 0.0 in stage 0.0 (TID 0) (fb744bf0dc86, executor driver, partition 0, PROCESS_LOCAL, 9601 bytes)
[2024-09-14T22:21:43.802+0000] {spark_submit.py:579} INFO - 24/09/14 22:21:43 INFO Executor: Running task 0.0 in stage 0.0 (TID 0)
[2024-09-14T22:21:44.147+0000] {spark_submit.py:579} INFO - 24/09/14 22:21:44 INFO CodeGenerator: Code generated in 39.555335 ms
[2024-09-14T22:21:44.157+0000] {spark_submit.py:579} INFO - 24/09/14 22:21:44 INFO FileScanRDD: Reading File path: file:///opt/***/datasets/Airbnb.csv, range: 0-4194304, partition values: [empty row]
[2024-09-14T22:21:44.212+0000] {spark_submit.py:579} INFO - 24/09/14 22:21:44 INFO CodeGenerator: Code generated in 37.790646 ms
[2024-09-14T22:21:44.438+0000] {spark_submit.py:579} INFO - 24/09/14 22:21:44 INFO Executor: Finished task 0.0 in stage 0.0 (TID 0). 1851 bytes result sent to driver
[2024-09-14T22:21:44.478+0000] {spark_submit.py:579} INFO - 24/09/14 22:21:44 INFO TaskSetManager: Finished task 0.0 in stage 0.0 (TID 0) in 784 ms on fb744bf0dc86 (executor driver) (1/1)
[2024-09-14T22:21:44.485+0000] {spark_submit.py:579} INFO - 24/09/14 22:21:44 INFO TaskSchedulerImpl: Removed TaskSet 0.0, whose tasks have all completed, from pool
[2024-09-14T22:21:44.499+0000] {spark_submit.py:579} INFO - 24/09/14 22:21:44 INFO DAGScheduler: ResultStage 0 (csv at NativeMethodAccessorImpl.java:0) finished in 1.161 s
[2024-09-14T22:21:44.507+0000] {spark_submit.py:579} INFO - 24/09/14 22:21:44 INFO DAGScheduler: Job 0 is finished. Cancelling potential speculative or zombie tasks for this job
[2024-09-14T22:21:44.509+0000] {spark_submit.py:579} INFO - 24/09/14 22:21:44 INFO TaskSchedulerImpl: Killing all running tasks in stage 0: Stage finished
[2024-09-14T22:21:44.515+0000] {spark_submit.py:579} INFO - 24/09/14 22:21:44 INFO DAGScheduler: Job 0 finished: csv at NativeMethodAccessorImpl.java:0, took 1.282037 s
[2024-09-14T22:21:44.578+0000] {spark_submit.py:579} INFO - 24/09/14 22:21:44 INFO CodeGenerator: Code generated in 33.841875 ms
[2024-09-14T22:21:44.871+0000] {spark_submit.py:579} INFO - 24/09/14 22:21:44 INFO SparkContext: Starting job: csv at NativeMethodAccessorImpl.java:0
[2024-09-14T22:21:44.876+0000] {spark_submit.py:579} INFO - 24/09/14 22:21:44 INFO DAGScheduler: Got job 1 (csv at NativeMethodAccessorImpl.java:0) with 2 output partitions
[2024-09-14T22:21:44.878+0000] {spark_submit.py:579} INFO - 24/09/14 22:21:44 INFO DAGScheduler: Final stage: ResultStage 1 (csv at NativeMethodAccessorImpl.java:0)
[2024-09-14T22:21:44.880+0000] {spark_submit.py:579} INFO - 24/09/14 22:21:44 INFO DAGScheduler: Parents of final stage: List()
[2024-09-14T22:21:44.883+0000] {spark_submit.py:579} INFO - 24/09/14 22:21:44 INFO DAGScheduler: Missing parents: List()
[2024-09-14T22:21:44.885+0000] {spark_submit.py:579} INFO - 24/09/14 22:21:44 INFO DAGScheduler: Submitting ResultStage 1 (MapPartitionsRDD[10] at csv at NativeMethodAccessorImpl.java:0), which has no missing parents
[2024-09-14T22:21:44.902+0000] {spark_submit.py:579} INFO - 24/09/14 22:21:44 INFO MemoryStore: Block broadcast_2 stored as values in memory (estimated size 19.7 KiB, free 434.1 MiB)
[2024-09-14T22:21:44.927+0000] {spark_submit.py:579} INFO - 24/09/14 22:21:44 INFO MemoryStore: Block broadcast_2_piece0 stored as bytes in memory (estimated size 9.1 KiB, free 434.1 MiB)
[2024-09-14T22:21:44.932+0000] {spark_submit.py:579} INFO - 24/09/14 22:21:44 INFO BlockManagerInfo: Added broadcast_2_piece0 in memory on fb744bf0dc86:45687 (size: 9.1 KiB, free: 434.3 MiB)
[2024-09-14T22:21:44.935+0000] {spark_submit.py:579} INFO - 24/09/14 22:21:44 INFO SparkContext: Created broadcast 2 from broadcast at DAGScheduler.scala:1585
[2024-09-14T22:21:44.938+0000] {spark_submit.py:579} INFO - 24/09/14 22:21:44 INFO DAGScheduler: Submitting 2 missing tasks from ResultStage 1 (MapPartitionsRDD[10] at csv at NativeMethodAccessorImpl.java:0) (first 15 tasks are for partitions Vector(0, 1))
[2024-09-14T22:21:44.939+0000] {spark_submit.py:579} INFO - 24/09/14 22:21:44 INFO TaskSchedulerImpl: Adding task set 1.0 with 2 tasks resource profile 0
[2024-09-14T22:21:44.944+0000] {spark_submit.py:579} INFO - 24/09/14 22:21:44 INFO TaskSetManager: Starting task 0.0 in stage 1.0 (TID 1) (fb744bf0dc86, executor driver, partition 0, PROCESS_LOCAL, 9601 bytes)
[2024-09-14T22:21:44.947+0000] {spark_submit.py:579} INFO - 24/09/14 22:21:44 INFO TaskSetManager: Starting task 1.0 in stage 1.0 (TID 2) (fb744bf0dc86, executor driver, partition 1, PROCESS_LOCAL, 9601 bytes)
[2024-09-14T22:21:44.951+0000] {spark_submit.py:579} INFO - 24/09/14 22:21:44 INFO Executor: Running task 0.0 in stage 1.0 (TID 1)
[2024-09-14T22:21:44.957+0000] {spark_submit.py:579} INFO - 24/09/14 22:21:44 INFO Executor: Running task 1.0 in stage 1.0 (TID 2)
[2024-09-14T22:21:44.987+0000] {spark_submit.py:579} INFO - 24/09/14 22:21:44 INFO BlockManagerInfo: Removed broadcast_1_piece0 on fb744bf0dc86:45687 in memory (size: 8.3 KiB, free: 434.4 MiB)
[2024-09-14T22:21:45.023+0000] {spark_submit.py:579} INFO - 24/09/14 22:21:45 INFO FileScanRDD: Reading File path: file:///opt/***/datasets/Airbnb.csv, range: 4194304-7081245, partition values: [empty row]
[2024-09-14T22:21:45.024+0000] {spark_submit.py:579} INFO - 24/09/14 22:21:45 INFO FileScanRDD: Reading File path: file:///opt/***/datasets/Airbnb.csv, range: 0-4194304, partition values: [empty row]
[2024-09-14T22:21:46.192+0000] {spark_submit.py:579} INFO - 24/09/14 22:21:46 INFO Executor: Finished task 1.0 in stage 1.0 (TID 2). 1546 bytes result sent to driver
[2024-09-14T22:21:46.200+0000] {spark_submit.py:579} INFO - 24/09/14 22:21:46 INFO TaskSetManager: Finished task 1.0 in stage 1.0 (TID 2) in 1253 ms on fb744bf0dc86 (executor driver) (1/2)
[2024-09-14T22:21:46.473+0000] {spark_submit.py:579} INFO - 24/09/14 22:21:46 INFO Executor: Finished task 0.0 in stage 1.0 (TID 1). 1546 bytes result sent to driver
[2024-09-14T22:21:46.477+0000] {spark_submit.py:579} INFO - 24/09/14 22:21:46 INFO TaskSetManager: Finished task 0.0 in stage 1.0 (TID 1) in 1534 ms on fb744bf0dc86 (executor driver) (2/2)
[2024-09-14T22:21:46.478+0000] {spark_submit.py:579} INFO - 24/09/14 22:21:46 INFO TaskSchedulerImpl: Removed TaskSet 1.0, whose tasks have all completed, from pool
[2024-09-14T22:21:46.481+0000] {spark_submit.py:579} INFO - 24/09/14 22:21:46 INFO DAGScheduler: ResultStage 1 (csv at NativeMethodAccessorImpl.java:0) finished in 1.590 s
[2024-09-14T22:21:46.483+0000] {spark_submit.py:579} INFO - 24/09/14 22:21:46 INFO DAGScheduler: Job 1 is finished. Cancelling potential speculative or zombie tasks for this job
[2024-09-14T22:21:46.484+0000] {spark_submit.py:579} INFO - 24/09/14 22:21:46 INFO TaskSchedulerImpl: Killing all running tasks in stage 1: Stage finished
[2024-09-14T22:21:46.485+0000] {spark_submit.py:579} INFO - 24/09/14 22:21:46 INFO DAGScheduler: Job 1 finished: csv at NativeMethodAccessorImpl.java:0, took 1.611957 s
[2024-09-14T22:21:47.044+0000] {spark_submit.py:579} INFO - 24/09/14 22:21:47 INFO FileSourceStrategy: Pushed Filters:
[2024-09-14T22:21:47.045+0000] {spark_submit.py:579} INFO - 24/09/14 22:21:47 INFO FileSourceStrategy: Post-Scan Filters:
[2024-09-14T22:21:47.457+0000] {spark_submit.py:579} INFO - 24/09/14 22:21:47 INFO CodeGenerator: Code generated in 232.018002 ms
[2024-09-14T22:21:47.488+0000] {spark_submit.py:579} INFO - 24/09/14 22:21:47 INFO MemoryStore: Block broadcast_3 stored as values in memory (estimated size 200.1 KiB, free 433.9 MiB)
[2024-09-14T22:21:47.531+0000] {spark_submit.py:579} INFO - 24/09/14 22:21:47 INFO MemoryStore: Block broadcast_3_piece0 stored as bytes in memory (estimated size 34.5 KiB, free 433.9 MiB)
[2024-09-14T22:21:47.535+0000] {spark_submit.py:579} INFO - 24/09/14 22:21:47 INFO BlockManagerInfo: Added broadcast_3_piece0 in memory on fb744bf0dc86:45687 (size: 34.5 KiB, free: 434.3 MiB)
[2024-09-14T22:21:47.538+0000] {spark_submit.py:579} INFO - 24/09/14 22:21:47 INFO SparkContext: Created broadcast 3 from showString at NativeMethodAccessorImpl.java:0
[2024-09-14T22:21:47.557+0000] {spark_submit.py:579} INFO - 24/09/14 22:21:47 INFO FileSourceScanExec: Planning scan with bin packing, max size: 4194304 bytes, open cost is considered as scanning 4194304 bytes.
[2024-09-14T22:21:47.623+0000] {spark_submit.py:579} INFO - 24/09/14 22:21:47 INFO SparkContext: Starting job: showString at NativeMethodAccessorImpl.java:0
[2024-09-14T22:21:47.627+0000] {spark_submit.py:579} INFO - 24/09/14 22:21:47 INFO DAGScheduler: Got job 2 (showString at NativeMethodAccessorImpl.java:0) with 1 output partitions
[2024-09-14T22:21:47.630+0000] {spark_submit.py:579} INFO - 24/09/14 22:21:47 INFO DAGScheduler: Final stage: ResultStage 2 (showString at NativeMethodAccessorImpl.java:0)
[2024-09-14T22:21:47.632+0000] {spark_submit.py:579} INFO - 24/09/14 22:21:47 INFO DAGScheduler: Parents of final stage: List()
[2024-09-14T22:21:47.634+0000] {spark_submit.py:579} INFO - 24/09/14 22:21:47 INFO DAGScheduler: Missing parents: List()
[2024-09-14T22:21:47.637+0000] {spark_submit.py:579} INFO - 24/09/14 22:21:47 INFO DAGScheduler: Submitting ResultStage 2 (MapPartitionsRDD[14] at showString at NativeMethodAccessorImpl.java:0), which has no missing parents
[2024-09-14T22:21:47.647+0000] {spark_submit.py:579} INFO - 24/09/14 22:21:47 INFO MemoryStore: Block broadcast_4 stored as values in memory (estimated size 20.4 KiB, free 433.9 MiB)
[2024-09-14T22:21:47.653+0000] {spark_submit.py:579} INFO - 24/09/14 22:21:47 INFO MemoryStore: Block broadcast_4_piece0 stored as bytes in memory (estimated size 9.2 KiB, free 433.9 MiB)
[2024-09-14T22:21:47.657+0000] {spark_submit.py:579} INFO - 24/09/14 22:21:47 INFO BlockManagerInfo: Added broadcast_4_piece0 in memory on fb744bf0dc86:45687 (size: 9.2 KiB, free: 434.3 MiB)
[2024-09-14T22:21:47.660+0000] {spark_submit.py:579} INFO - 24/09/14 22:21:47 INFO SparkContext: Created broadcast 4 from broadcast at DAGScheduler.scala:1585
[2024-09-14T22:21:47.663+0000] {spark_submit.py:579} INFO - 24/09/14 22:21:47 INFO DAGScheduler: Submitting 1 missing tasks from ResultStage 2 (MapPartitionsRDD[14] at showString at NativeMethodAccessorImpl.java:0) (first 15 tasks are for partitions Vector(0))
[2024-09-14T22:21:47.665+0000] {spark_submit.py:579} INFO - 24/09/14 22:21:47 INFO TaskSchedulerImpl: Adding task set 2.0 with 1 tasks resource profile 0
[2024-09-14T22:21:47.669+0000] {spark_submit.py:579} INFO - 24/09/14 22:21:47 INFO TaskSetManager: Starting task 0.0 in stage 2.0 (TID 3) (fb744bf0dc86, executor driver, partition 0, PROCESS_LOCAL, 9601 bytes)
[2024-09-14T22:21:47.672+0000] {spark_submit.py:579} INFO - 24/09/14 22:21:47 INFO Executor: Running task 0.0 in stage 2.0 (TID 3)
[2024-09-14T22:21:47.809+0000] {spark_submit.py:579} INFO - 24/09/14 22:21:47 INFO CodeGenerator: Code generated in 91.49293 ms
[2024-09-14T22:21:47.816+0000] {spark_submit.py:579} INFO - 24/09/14 22:21:47 INFO FileScanRDD: Reading File path: file:///opt/***/datasets/Airbnb.csv, range: 0-4194304, partition values: [empty row]
[2024-09-14T22:21:47.867+0000] {spark_submit.py:579} INFO - 24/09/14 22:21:47 INFO CodeGenerator: Code generated in 41.621814 ms
[2024-09-14T22:21:48.000+0000] {spark_submit.py:579} INFO - 24/09/14 22:21:47 INFO Executor: Finished task 0.0 in stage 2.0 (TID 3). 1817 bytes result sent to driver
[2024-09-14T22:21:48.008+0000] {spark_submit.py:579} INFO - 24/09/14 22:21:48 INFO TaskSetManager: Finished task 0.0 in stage 2.0 (TID 3) in 339 ms on fb744bf0dc86 (executor driver) (1/1)
[2024-09-14T22:21:48.010+0000] {spark_submit.py:579} INFO - 24/09/14 22:21:48 INFO TaskSchedulerImpl: Removed TaskSet 2.0, whose tasks have all completed, from pool
[2024-09-14T22:21:48.016+0000] {spark_submit.py:579} INFO - 24/09/14 22:21:48 INFO DAGScheduler: ResultStage 2 (showString at NativeMethodAccessorImpl.java:0) finished in 0.373 s
[2024-09-14T22:21:48.018+0000] {spark_submit.py:579} INFO - 24/09/14 22:21:48 INFO DAGScheduler: Job 2 is finished. Cancelling potential speculative or zombie tasks for this job
[2024-09-14T22:21:48.021+0000] {spark_submit.py:579} INFO - 24/09/14 22:21:48 INFO TaskSchedulerImpl: Killing all running tasks in stage 2: Stage finished
[2024-09-14T22:21:48.026+0000] {spark_submit.py:579} INFO - 24/09/14 22:21:48 INFO DAGScheduler: Job 2 finished: showString at NativeMethodAccessorImpl.java:0, took 0.391053 s
[2024-09-14T22:21:48.069+0000] {spark_submit.py:579} INFO - 24/09/14 22:21:48 INFO CodeGenerator: Code generated in 34.484565 ms
[2024-09-14T22:21:48.085+0000] {spark_submit.py:579} INFO - +--------+---------+
[2024-09-14T22:21:48.086+0000] {spark_submit.py:579} INFO - |latitude|longitude|
[2024-09-14T22:21:48.088+0000] {spark_submit.py:579} INFO - +--------+---------+
[2024-09-14T22:21:48.089+0000] {spark_submit.py:579} INFO - |40.64749|-73.97237|
[2024-09-14T22:21:48.090+0000] {spark_submit.py:579} INFO - |40.75362|-73.98377|
[2024-09-14T22:21:48.091+0000] {spark_submit.py:579} INFO - |40.80902| -73.9419|
[2024-09-14T22:21:48.092+0000] {spark_submit.py:579} INFO - |40.68514|-73.95976|
[2024-09-14T22:21:48.094+0000] {spark_submit.py:579} INFO - |40.79851|-73.94399|
[2024-09-14T22:21:48.095+0000] {spark_submit.py:579} INFO - |40.74767|  -73.975|
[2024-09-14T22:21:48.096+0000] {spark_submit.py:579} INFO - |40.68688|-73.95596|
[2024-09-14T22:21:48.097+0000] {spark_submit.py:579} INFO - |40.76489|-73.98493|
[2024-09-14T22:21:48.099+0000] {spark_submit.py:579} INFO - |40.80178|-73.96723|
[2024-09-14T22:21:48.100+0000] {spark_submit.py:579} INFO - |40.71344|-73.99037|
[2024-09-14T22:21:48.101+0000] {spark_submit.py:579} INFO - +--------+---------+
[2024-09-14T22:21:48.102+0000] {spark_submit.py:579} INFO - only showing top 10 rows
[2024-09-14T22:21:48.104+0000] {spark_submit.py:579} INFO - 
[2024-09-14T22:21:48.287+0000] {spark_submit.py:579} INFO - Таблица с нулами
[2024-09-14T22:21:48.637+0000] {spark_submit.py:579} INFO - 24/09/14 22:21:48 INFO FileSourceStrategy: Pushed Filters: IsNotNull(availability_365),GreaterThan(availability_365,15)
[2024-09-14T22:21:48.639+0000] {spark_submit.py:579} INFO - 24/09/14 22:21:48 INFO FileSourceStrategy: Post-Scan Filters: isnotnull(availability_365#36),atleastnnonnulls(10, neighbourhood_group#25, neighbourhood#26, cast(regexp_replace(latitude#27, ,, ., 1) as float), cast(regexp_replace(longitude#28, ,, ., 1) as float), room_type#29, price#30, minimum_nights#31, number_of_reviews#32, calculated_host_listings_count#35, availability_365#36),(availability_365#36 > 15),(((((((((isnull(neighbourhood_group#25) OR isnull(neighbourhood#26)) OR isnull(cast(regexp_replace(latitude#27, ,, ., 1) as float))) OR isnull(cast(regexp_replace(longitude#28, ,, ., 1) as float))) OR isnull(room_type#29)) OR isnull(price#30)) OR isnull(minimum_nights#31)) OR isnull(number_of_reviews#32)) OR isnull(calculated_host_listings_count#35)) OR isnull(availability_365#36))
[2024-09-14T22:21:48.862+0000] {spark_submit.py:579} INFO - 24/09/14 22:21:48 INFO CodeGenerator: Code generated in 116.965436 ms
[2024-09-14T22:21:48.874+0000] {spark_submit.py:579} INFO - 24/09/14 22:21:48 INFO MemoryStore: Block broadcast_5 stored as values in memory (estimated size 200.1 KiB, free 433.7 MiB)
[2024-09-14T22:21:48.903+0000] {spark_submit.py:579} INFO - 24/09/14 22:21:48 INFO MemoryStore: Block broadcast_5_piece0 stored as bytes in memory (estimated size 34.5 KiB, free 433.7 MiB)
[2024-09-14T22:21:48.908+0000] {spark_submit.py:579} INFO - 24/09/14 22:21:48 INFO BlockManagerInfo: Added broadcast_5_piece0 in memory on fb744bf0dc86:45687 (size: 34.5 KiB, free: 434.3 MiB)
[2024-09-14T22:21:48.910+0000] {spark_submit.py:579} INFO - 24/09/14 22:21:48 INFO SparkContext: Created broadcast 5 from showString at NativeMethodAccessorImpl.java:0
[2024-09-14T22:21:48.918+0000] {spark_submit.py:579} INFO - 24/09/14 22:21:48 INFO FileSourceScanExec: Planning scan with bin packing, max size: 4194304 bytes, open cost is considered as scanning 4194304 bytes.
[2024-09-14T22:21:48.965+0000] {spark_submit.py:579} INFO - 24/09/14 22:21:48 INFO SparkContext: Starting job: showString at NativeMethodAccessorImpl.java:0
[2024-09-14T22:21:48.968+0000] {spark_submit.py:579} INFO - 24/09/14 22:21:48 INFO DAGScheduler: Got job 3 (showString at NativeMethodAccessorImpl.java:0) with 1 output partitions
[2024-09-14T22:21:48.970+0000] {spark_submit.py:579} INFO - 24/09/14 22:21:48 INFO DAGScheduler: Final stage: ResultStage 3 (showString at NativeMethodAccessorImpl.java:0)
[2024-09-14T22:21:48.971+0000] {spark_submit.py:579} INFO - 24/09/14 22:21:48 INFO DAGScheduler: Parents of final stage: List()
[2024-09-14T22:21:48.973+0000] {spark_submit.py:579} INFO - 24/09/14 22:21:48 INFO DAGScheduler: Missing parents: List()
[2024-09-14T22:21:48.975+0000] {spark_submit.py:579} INFO - 24/09/14 22:21:48 INFO DAGScheduler: Submitting ResultStage 3 (MapPartitionsRDD[18] at showString at NativeMethodAccessorImpl.java:0), which has no missing parents
[2024-09-14T22:21:48.983+0000] {spark_submit.py:579} INFO - 24/09/14 22:21:48 INFO MemoryStore: Block broadcast_6 stored as values in memory (estimated size 35.2 KiB, free 433.6 MiB)
[2024-09-14T22:21:48.987+0000] {spark_submit.py:579} INFO - 24/09/14 22:21:48 INFO MemoryStore: Block broadcast_6_piece0 stored as bytes in memory (estimated size 12.7 KiB, free 433.6 MiB)
[2024-09-14T22:21:48.991+0000] {spark_submit.py:579} INFO - 24/09/14 22:21:48 INFO BlockManagerInfo: Added broadcast_6_piece0 in memory on fb744bf0dc86:45687 (size: 12.7 KiB, free: 434.3 MiB)
[2024-09-14T22:21:48.992+0000] {spark_submit.py:579} INFO - 24/09/14 22:21:48 INFO SparkContext: Created broadcast 6 from broadcast at DAGScheduler.scala:1585
[2024-09-14T22:21:48.995+0000] {spark_submit.py:579} INFO - 24/09/14 22:21:48 INFO DAGScheduler: Submitting 1 missing tasks from ResultStage 3 (MapPartitionsRDD[18] at showString at NativeMethodAccessorImpl.java:0) (first 15 tasks are for partitions Vector(0))
[2024-09-14T22:21:48.996+0000] {spark_submit.py:579} INFO - 24/09/14 22:21:48 INFO TaskSchedulerImpl: Adding task set 3.0 with 1 tasks resource profile 0
[2024-09-14T22:21:48.999+0000] {spark_submit.py:579} INFO - 24/09/14 22:21:48 INFO TaskSetManager: Starting task 0.0 in stage 3.0 (TID 4) (fb744bf0dc86, executor driver, partition 0, PROCESS_LOCAL, 9601 bytes)
[2024-09-14T22:21:49.000+0000] {spark_submit.py:579} INFO - 24/09/14 22:21:49 INFO Executor: Running task 0.0 in stage 3.0 (TID 4)
[2024-09-14T22:21:49.095+0000] {spark_submit.py:579} INFO - 24/09/14 22:21:49 INFO CodeGenerator: Code generated in 80.965144 ms
[2024-09-14T22:21:49.098+0000] {spark_submit.py:579} INFO - 24/09/14 22:21:49 INFO FileScanRDD: Reading File path: file:///opt/***/datasets/Airbnb.csv, range: 0-4194304, partition values: [empty row]
[2024-09-14T22:21:49.138+0000] {spark_submit.py:579} INFO - 24/09/14 22:21:49 INFO CodeGenerator: Code generated in 22.624349 ms
[2024-09-14T22:21:49.173+0000] {spark_submit.py:579} INFO - 24/09/14 22:21:49 INFO CodeGenerator: Code generated in 10.373876 ms
[2024-09-14T22:21:49.668+0000] {spark_submit.py:579} INFO - 24/09/14 22:21:49 INFO BlockManagerInfo: Removed broadcast_4_piece0 on fb744bf0dc86:45687 in memory (size: 9.2 KiB, free: 434.3 MiB)
[2024-09-14T22:21:49.694+0000] {spark_submit.py:579} INFO - 24/09/14 22:21:49 INFO BlockManagerInfo: Removed broadcast_3_piece0 on fb744bf0dc86:45687 in memory (size: 34.5 KiB, free: 434.3 MiB)
[2024-09-14T22:21:50.351+0000] {spark_submit.py:579} INFO - 24/09/14 22:21:50 INFO Executor: Finished task 0.0 in stage 3.0 (TID 4). 1594 bytes result sent to driver
[2024-09-14T22:21:50.355+0000] {spark_submit.py:579} INFO - 24/09/14 22:21:50 INFO TaskSetManager: Finished task 0.0 in stage 3.0 (TID 4) in 1357 ms on fb744bf0dc86 (executor driver) (1/1)
[2024-09-14T22:21:50.356+0000] {spark_submit.py:579} INFO - 24/09/14 22:21:50 INFO TaskSchedulerImpl: Removed TaskSet 3.0, whose tasks have all completed, from pool
[2024-09-14T22:21:50.358+0000] {spark_submit.py:579} INFO - 24/09/14 22:21:50 INFO DAGScheduler: ResultStage 3 (showString at NativeMethodAccessorImpl.java:0) finished in 1.382 s
[2024-09-14T22:21:50.360+0000] {spark_submit.py:579} INFO - 24/09/14 22:21:50 INFO DAGScheduler: Job 3 is finished. Cancelling potential speculative or zombie tasks for this job
[2024-09-14T22:21:50.362+0000] {spark_submit.py:579} INFO - 24/09/14 22:21:50 INFO TaskSchedulerImpl: Killing all running tasks in stage 3: Stage finished
[2024-09-14T22:21:50.364+0000] {spark_submit.py:579} INFO - 24/09/14 22:21:50 INFO DAGScheduler: Job 3 finished: showString at NativeMethodAccessorImpl.java:0, took 1.394863 s
[2024-09-14T22:21:50.377+0000] {spark_submit.py:579} INFO - 24/09/14 22:21:50 INFO SparkContext: Starting job: showString at NativeMethodAccessorImpl.java:0
[2024-09-14T22:21:50.379+0000] {spark_submit.py:579} INFO - 24/09/14 22:21:50 INFO DAGScheduler: Got job 4 (showString at NativeMethodAccessorImpl.java:0) with 1 output partitions
[2024-09-14T22:21:50.381+0000] {spark_submit.py:579} INFO - 24/09/14 22:21:50 INFO DAGScheduler: Final stage: ResultStage 4 (showString at NativeMethodAccessorImpl.java:0)
[2024-09-14T22:21:50.387+0000] {spark_submit.py:579} INFO - 24/09/14 22:21:50 INFO DAGScheduler: Parents of final stage: List()
[2024-09-14T22:21:50.390+0000] {spark_submit.py:579} INFO - 24/09/14 22:21:50 INFO DAGScheduler: Missing parents: List()
[2024-09-14T22:21:50.391+0000] {spark_submit.py:579} INFO - 24/09/14 22:21:50 INFO DAGScheduler: Submitting ResultStage 4 (MapPartitionsRDD[18] at showString at NativeMethodAccessorImpl.java:0), which has no missing parents
[2024-09-14T22:21:50.397+0000] {spark_submit.py:579} INFO - 24/09/14 22:21:50 INFO MemoryStore: Block broadcast_7 stored as values in memory (estimated size 35.2 KiB, free 433.8 MiB)
[2024-09-14T22:21:50.403+0000] {spark_submit.py:579} INFO - 24/09/14 22:21:50 INFO MemoryStore: Block broadcast_7_piece0 stored as bytes in memory (estimated size 12.7 KiB, free 433.8 MiB)
[2024-09-14T22:21:50.406+0000] {spark_submit.py:579} INFO - 24/09/14 22:21:50 INFO BlockManagerInfo: Added broadcast_7_piece0 in memory on fb744bf0dc86:45687 (size: 12.7 KiB, free: 434.3 MiB)
[2024-09-14T22:21:50.409+0000] {spark_submit.py:579} INFO - 24/09/14 22:21:50 INFO SparkContext: Created broadcast 7 from broadcast at DAGScheduler.scala:1585
[2024-09-14T22:21:50.411+0000] {spark_submit.py:579} INFO - 24/09/14 22:21:50 INFO DAGScheduler: Submitting 1 missing tasks from ResultStage 4 (MapPartitionsRDD[18] at showString at NativeMethodAccessorImpl.java:0) (first 15 tasks are for partitions Vector(1))
[2024-09-14T22:21:50.413+0000] {spark_submit.py:579} INFO - 24/09/14 22:21:50 INFO TaskSchedulerImpl: Adding task set 4.0 with 1 tasks resource profile 0
[2024-09-14T22:21:50.417+0000] {spark_submit.py:579} INFO - 24/09/14 22:21:50 INFO TaskSetManager: Starting task 0.0 in stage 4.0 (TID 5) (fb744bf0dc86, executor driver, partition 1, PROCESS_LOCAL, 9601 bytes)
[2024-09-14T22:21:50.419+0000] {spark_submit.py:579} INFO - 24/09/14 22:21:50 INFO Executor: Running task 0.0 in stage 4.0 (TID 5)
[2024-09-14T22:21:50.437+0000] {spark_submit.py:579} INFO - 24/09/14 22:21:50 INFO FileScanRDD: Reading File path: file:///opt/***/datasets/Airbnb.csv, range: 4194304-7081245, partition values: [empty row]
[2024-09-14T22:21:50.572+0000] {spark_submit.py:579} INFO - 24/09/14 22:21:50 INFO BlockManagerInfo: Removed broadcast_6_piece0 on fb744bf0dc86:45687 in memory (size: 12.7 KiB, free: 434.3 MiB)
[2024-09-14T22:21:50.783+0000] {spark_submit.py:579} INFO - 24/09/14 22:21:50 INFO Executor: Finished task 0.0 in stage 4.0 (TID 5). 1594 bytes result sent to driver
[2024-09-14T22:21:50.785+0000] {spark_submit.py:579} INFO - 24/09/14 22:21:50 INFO TaskSetManager: Finished task 0.0 in stage 4.0 (TID 5) in 371 ms on fb744bf0dc86 (executor driver) (1/1)
[2024-09-14T22:21:50.787+0000] {spark_submit.py:579} INFO - 24/09/14 22:21:50 INFO TaskSchedulerImpl: Removed TaskSet 4.0, whose tasks have all completed, from pool
[2024-09-14T22:21:50.788+0000] {spark_submit.py:579} INFO - 24/09/14 22:21:50 INFO DAGScheduler: ResultStage 4 (showString at NativeMethodAccessorImpl.java:0) finished in 0.403 s
[2024-09-14T22:21:50.790+0000] {spark_submit.py:579} INFO - 24/09/14 22:21:50 INFO DAGScheduler: Job 4 is finished. Cancelling potential speculative or zombie tasks for this job
[2024-09-14T22:21:50.791+0000] {spark_submit.py:579} INFO - 24/09/14 22:21:50 INFO TaskSchedulerImpl: Killing all running tasks in stage 4: Stage finished
[2024-09-14T22:21:50.792+0000] {spark_submit.py:579} INFO - 24/09/14 22:21:50 INFO DAGScheduler: Job 4 finished: showString at NativeMethodAccessorImpl.java:0, took 0.413118 s
[2024-09-14T22:21:50.795+0000] {spark_submit.py:579} INFO - +-------------------+-------------+--------+---------+---------+-----+--------------+-----------------+------------------------------+----------------+
[2024-09-14T22:21:50.796+0000] {spark_submit.py:579} INFO - |neighbourhood_group|neighbourhood|latitude|longitude|room_type|price|minimum_nights|number_of_reviews|calculated_host_listings_count|availability_365|
[2024-09-14T22:21:50.797+0000] {spark_submit.py:579} INFO - +-------------------+-------------+--------+---------+---------+-----+--------------+-----------------+------------------------------+----------------+
[2024-09-14T22:21:50.798+0000] {spark_submit.py:579} INFO - +-------------------+-------------+--------+---------+---------+-----+--------------+-----------------+------------------------------+----------------+
[2024-09-14T22:21:50.799+0000] {spark_submit.py:579} INFO - 
[2024-09-14T22:21:51.376+0000] {spark_submit.py:579} INFO - 24/09/14 22:21:51 INFO FileSourceStrategy: Pushed Filters: IsNotNull(availability_365),GreaterThan(availability_365,15)
[2024-09-14T22:21:51.378+0000] {spark_submit.py:579} INFO - 24/09/14 22:21:51 INFO FileSourceStrategy: Post-Scan Filters: isnotnull(availability_365#36),atleastnnonnulls(10, neighbourhood_group#25, neighbourhood#26, cast(regexp_replace(latitude#27, ,, ., 1) as float), cast(regexp_replace(longitude#28, ,, ., 1) as float), room_type#29, price#30, minimum_nights#31, number_of_reviews#32, calculated_host_listings_count#35, availability_365#36),(availability_365#36 > 15)
[2024-09-14T22:21:51.590+0000] {spark_submit.py:579} INFO - 24/09/14 22:21:51 INFO BlockManagerInfo: Removed broadcast_5_piece0 on fb744bf0dc86:45687 in memory (size: 34.5 KiB, free: 434.3 MiB)
[2024-09-14T22:21:51.599+0000] {spark_submit.py:579} INFO - 24/09/14 22:21:51 INFO BlockManagerInfo: Removed broadcast_7_piece0 on fb744bf0dc86:45687 in memory (size: 12.7 KiB, free: 434.4 MiB)
[2024-09-14T22:21:52.060+0000] {spark_submit.py:579} INFO - 24/09/14 22:21:52 INFO CodeGenerator: Code generated in 217.624855 ms
[2024-09-14T22:21:52.071+0000] {spark_submit.py:579} INFO - 24/09/14 22:21:52 INFO MemoryStore: Block broadcast_8 stored as values in memory (estimated size 200.1 KiB, free 433.9 MiB)
[2024-09-14T22:21:52.096+0000] {spark_submit.py:579} INFO - 24/09/14 22:21:52 INFO MemoryStore: Block broadcast_8_piece0 stored as bytes in memory (estimated size 34.5 KiB, free 433.9 MiB)
[2024-09-14T22:21:52.100+0000] {spark_submit.py:579} INFO - 24/09/14 22:21:52 INFO BlockManagerInfo: Added broadcast_8_piece0 in memory on fb744bf0dc86:45687 (size: 34.5 KiB, free: 434.3 MiB)
[2024-09-14T22:21:52.103+0000] {spark_submit.py:579} INFO - 24/09/14 22:21:52 INFO SparkContext: Created broadcast 8 from showString at NativeMethodAccessorImpl.java:0
[2024-09-14T22:21:52.106+0000] {spark_submit.py:579} INFO - 24/09/14 22:21:52 INFO FileSourceScanExec: Planning scan with bin packing, max size: 4194304 bytes, open cost is considered as scanning 4194304 bytes.
[2024-09-14T22:21:52.211+0000] {spark_submit.py:579} INFO - 24/09/14 22:21:52 INFO DAGScheduler: Registering RDD 22 (showString at NativeMethodAccessorImpl.java:0) as input to shuffle 0
[2024-09-14T22:21:52.270+0000] {spark_submit.py:579} INFO - 24/09/14 22:21:52 INFO DAGScheduler: Got map stage job 5 (showString at NativeMethodAccessorImpl.java:0) with 2 output partitions
[2024-09-14T22:21:52.283+0000] {spark_submit.py:579} INFO - 24/09/14 22:21:52 INFO DAGScheduler: Final stage: ShuffleMapStage 5 (showString at NativeMethodAccessorImpl.java:0)
[2024-09-14T22:21:52.284+0000] {spark_submit.py:579} INFO - 24/09/14 22:21:52 INFO DAGScheduler: Parents of final stage: List()
[2024-09-14T22:21:52.289+0000] {spark_submit.py:579} INFO - 24/09/14 22:21:52 INFO DAGScheduler: Missing parents: List()
[2024-09-14T22:21:52.296+0000] {spark_submit.py:579} INFO - 24/09/14 22:21:52 INFO DAGScheduler: Submitting ShuffleMapStage 5 (MapPartitionsRDD[22] at showString at NativeMethodAccessorImpl.java:0), which has no missing parents
[2024-09-14T22:21:52.342+0000] {spark_submit.py:579} INFO - 24/09/14 22:21:52 INFO MemoryStore: Block broadcast_9 stored as values in memory (estimated size 45.8 KiB, free 433.9 MiB)
[2024-09-14T22:21:52.348+0000] {spark_submit.py:579} INFO - 24/09/14 22:21:52 INFO MemoryStore: Block broadcast_9_piece0 stored as bytes in memory (estimated size 16.6 KiB, free 433.9 MiB)
[2024-09-14T22:21:52.354+0000] {spark_submit.py:579} INFO - 24/09/14 22:21:52 INFO BlockManagerInfo: Added broadcast_9_piece0 in memory on fb744bf0dc86:45687 (size: 16.6 KiB, free: 434.3 MiB)
[2024-09-14T22:21:52.356+0000] {spark_submit.py:579} INFO - 24/09/14 22:21:52 INFO SparkContext: Created broadcast 9 from broadcast at DAGScheduler.scala:1585
[2024-09-14T22:21:52.361+0000] {spark_submit.py:579} INFO - 24/09/14 22:21:52 INFO DAGScheduler: Submitting 2 missing tasks from ShuffleMapStage 5 (MapPartitionsRDD[22] at showString at NativeMethodAccessorImpl.java:0) (first 15 tasks are for partitions Vector(0, 1))
[2024-09-14T22:21:52.363+0000] {spark_submit.py:579} INFO - 24/09/14 22:21:52 INFO TaskSchedulerImpl: Adding task set 5.0 with 2 tasks resource profile 0
[2024-09-14T22:21:52.368+0000] {spark_submit.py:579} INFO - 24/09/14 22:21:52 INFO TaskSetManager: Starting task 0.0 in stage 5.0 (TID 6) (fb744bf0dc86, executor driver, partition 0, PROCESS_LOCAL, 9590 bytes)
[2024-09-14T22:21:52.369+0000] {spark_submit.py:579} INFO - 24/09/14 22:21:52 INFO TaskSetManager: Starting task 1.0 in stage 5.0 (TID 7) (fb744bf0dc86, executor driver, partition 1, PROCESS_LOCAL, 9590 bytes)
[2024-09-14T22:21:52.372+0000] {spark_submit.py:579} INFO - 24/09/14 22:21:52 INFO Executor: Running task 0.0 in stage 5.0 (TID 6)
[2024-09-14T22:21:52.377+0000] {spark_submit.py:579} INFO - 24/09/14 22:21:52 INFO Executor: Running task 1.0 in stage 5.0 (TID 7)
[2024-09-14T22:21:52.539+0000] {spark_submit.py:579} INFO - 24/09/14 22:21:52 INFO CodeGenerator: Code generated in 126.479805 ms
[2024-09-14T22:21:52.570+0000] {spark_submit.py:579} INFO - 24/09/14 22:21:52 INFO FileScanRDD: Reading File path: file:///opt/***/datasets/Airbnb.csv, range: 0-4194304, partition values: [empty row]
[2024-09-14T22:21:52.572+0000] {spark_submit.py:579} INFO - 24/09/14 22:21:52 INFO FileScanRDD: Reading File path: file:///opt/***/datasets/Airbnb.csv, range: 4194304-7081245, partition values: [empty row]
[2024-09-14T22:21:53.319+0000] {spark_submit.py:579} INFO - 24/09/14 22:21:53 INFO Executor: Finished task 1.0 in stage 5.0 (TID 7). 2027 bytes result sent to driver
[2024-09-14T22:21:53.325+0000] {spark_submit.py:579} INFO - 24/09/14 22:21:53 INFO Executor: Finished task 0.0 in stage 5.0 (TID 6). 2070 bytes result sent to driver
[2024-09-14T22:21:53.328+0000] {spark_submit.py:579} INFO - 24/09/14 22:21:53 INFO TaskSetManager: Finished task 1.0 in stage 5.0 (TID 7) in 956 ms on fb744bf0dc86 (executor driver) (1/2)
[2024-09-14T22:21:53.329+0000] {spark_submit.py:579} INFO - 24/09/14 22:21:53 INFO TaskSetManager: Finished task 0.0 in stage 5.0 (TID 6) in 961 ms on fb744bf0dc86 (executor driver) (2/2)
[2024-09-14T22:21:53.331+0000] {spark_submit.py:579} INFO - 24/09/14 22:21:53 INFO TaskSchedulerImpl: Removed TaskSet 5.0, whose tasks have all completed, from pool
[2024-09-14T22:21:53.335+0000] {spark_submit.py:579} INFO - 24/09/14 22:21:53 INFO DAGScheduler: ShuffleMapStage 5 (showString at NativeMethodAccessorImpl.java:0) finished in 1.028 s
[2024-09-14T22:21:53.338+0000] {spark_submit.py:579} INFO - 24/09/14 22:21:53 INFO DAGScheduler: looking for newly runnable stages
[2024-09-14T22:21:53.345+0000] {spark_submit.py:579} INFO - 24/09/14 22:21:53 INFO DAGScheduler: running: Set()
[2024-09-14T22:21:53.346+0000] {spark_submit.py:579} INFO - 24/09/14 22:21:53 INFO DAGScheduler: waiting: Set()
[2024-09-14T22:21:53.348+0000] {spark_submit.py:579} INFO - 24/09/14 22:21:53 INFO DAGScheduler: failed: Set()
[2024-09-14T22:21:53.573+0000] {spark_submit.py:579} INFO - 24/09/14 22:21:53 INFO CodeGenerator: Code generated in 69.405156 ms
[2024-09-14T22:21:53.636+0000] {spark_submit.py:579} INFO - 24/09/14 22:21:53 INFO SparkContext: Starting job: showString at NativeMethodAccessorImpl.java:0
[2024-09-14T22:21:53.643+0000] {spark_submit.py:579} INFO - 24/09/14 22:21:53 INFO DAGScheduler: Got job 6 (showString at NativeMethodAccessorImpl.java:0) with 1 output partitions
[2024-09-14T22:21:53.644+0000] {spark_submit.py:579} INFO - 24/09/14 22:21:53 INFO DAGScheduler: Final stage: ResultStage 7 (showString at NativeMethodAccessorImpl.java:0)
[2024-09-14T22:21:53.645+0000] {spark_submit.py:579} INFO - 24/09/14 22:21:53 INFO DAGScheduler: Parents of final stage: List(ShuffleMapStage 6)
[2024-09-14T22:21:53.649+0000] {spark_submit.py:579} INFO - 24/09/14 22:21:53 INFO DAGScheduler: Missing parents: List()
[2024-09-14T22:21:53.654+0000] {spark_submit.py:579} INFO - 24/09/14 22:21:53 INFO DAGScheduler: Submitting ResultStage 7 (MapPartitionsRDD[25] at showString at NativeMethodAccessorImpl.java:0), which has no missing parents
[2024-09-14T22:21:53.686+0000] {spark_submit.py:579} INFO - 24/09/14 22:21:53 INFO MemoryStore: Block broadcast_10 stored as values in memory (estimated size 30.0 KiB, free 433.8 MiB)
[2024-09-14T22:21:53.701+0000] {spark_submit.py:579} INFO - 24/09/14 22:21:53 INFO MemoryStore: Block broadcast_10_piece0 stored as bytes in memory (estimated size 9.9 KiB, free 433.8 MiB)
[2024-09-14T22:21:53.704+0000] {spark_submit.py:579} INFO - 24/09/14 22:21:53 INFO BlockManagerInfo: Added broadcast_10_piece0 in memory on fb744bf0dc86:45687 (size: 9.9 KiB, free: 434.3 MiB)
[2024-09-14T22:21:53.707+0000] {spark_submit.py:579} INFO - 24/09/14 22:21:53 INFO SparkContext: Created broadcast 10 from broadcast at DAGScheduler.scala:1585
[2024-09-14T22:21:53.708+0000] {spark_submit.py:579} INFO - 24/09/14 22:21:53 INFO DAGScheduler: Submitting 1 missing tasks from ResultStage 7 (MapPartitionsRDD[25] at showString at NativeMethodAccessorImpl.java:0) (first 15 tasks are for partitions Vector(0))
[2024-09-14T22:21:53.709+0000] {spark_submit.py:579} INFO - 24/09/14 22:21:53 INFO TaskSchedulerImpl: Adding task set 7.0 with 1 tasks resource profile 0
[2024-09-14T22:21:53.723+0000] {spark_submit.py:579} INFO - 24/09/14 22:21:53 INFO TaskSetManager: Starting task 0.0 in stage 7.0 (TID 8) (fb744bf0dc86, executor driver, partition 0, NODE_LOCAL, 8999 bytes)
[2024-09-14T22:21:53.726+0000] {spark_submit.py:579} INFO - 24/09/14 22:21:53 INFO Executor: Running task 0.0 in stage 7.0 (TID 8)
[2024-09-14T22:21:53.801+0000] {spark_submit.py:579} INFO - 24/09/14 22:21:53 INFO ShuffleBlockFetcherIterator: Getting 2 (120.0 B) non-empty blocks including 2 (120.0 B) local and 0 (0.0 B) host-local and 0 (0.0 B) push-merged-local and 0 (0.0 B) remote blocks
[2024-09-14T22:21:53.813+0000] {spark_submit.py:579} INFO - 24/09/14 22:21:53 INFO ShuffleBlockFetcherIterator: Started 0 remote fetches in 32 ms
[2024-09-14T22:21:53.869+0000] {spark_submit.py:579} INFO - 24/09/14 22:21:53 INFO CodeGenerator: Code generated in 40.401247 ms
[2024-09-14T22:21:53.899+0000] {spark_submit.py:579} INFO - 24/09/14 22:21:53 INFO Executor: Finished task 0.0 in stage 7.0 (TID 8). 4126 bytes result sent to driver
[2024-09-14T22:21:53.902+0000] {spark_submit.py:579} INFO - 24/09/14 22:21:53 INFO BlockManagerInfo: Removed broadcast_9_piece0 on fb744bf0dc86:45687 in memory (size: 16.6 KiB, free: 434.3 MiB)
[2024-09-14T22:21:53.904+0000] {spark_submit.py:579} INFO - 24/09/14 22:21:53 INFO TaskSetManager: Finished task 0.0 in stage 7.0 (TID 8) in 185 ms on fb744bf0dc86 (executor driver) (1/1)
[2024-09-14T22:21:53.909+0000] {spark_submit.py:579} INFO - 24/09/14 22:21:53 INFO TaskSchedulerImpl: Removed TaskSet 7.0, whose tasks have all completed, from pool
[2024-09-14T22:21:53.911+0000] {spark_submit.py:579} INFO - 24/09/14 22:21:53 INFO DAGScheduler: ResultStage 7 (showString at NativeMethodAccessorImpl.java:0) finished in 0.229 s
[2024-09-14T22:21:53.913+0000] {spark_submit.py:579} INFO - 24/09/14 22:21:53 INFO DAGScheduler: Job 6 is finished. Cancelling potential speculative or zombie tasks for this job
[2024-09-14T22:21:53.914+0000] {spark_submit.py:579} INFO - 24/09/14 22:21:53 INFO TaskSchedulerImpl: Killing all running tasks in stage 7: Stage finished
[2024-09-14T22:21:53.915+0000] {spark_submit.py:579} INFO - 24/09/14 22:21:53 INFO DAGScheduler: Job 6 finished: showString at NativeMethodAccessorImpl.java:0, took 0.272099 s
[2024-09-14T22:21:53.979+0000] {spark_submit.py:579} INFO - 24/09/14 22:21:53 INFO CodeGenerator: Code generated in 39.766159 ms
[2024-09-14T22:21:53.984+0000] {spark_submit.py:579} INFO - +-------------------+-------------+--------+---------+---------+-----+--------------+-----------------+------------------------------+----------------+
[2024-09-14T22:21:53.986+0000] {spark_submit.py:579} INFO - |neighbourhood_group|neighbourhood|latitude|longitude|room_type|price|minimum_nights|number_of_reviews|calculated_host_listings_count|availability_365|
[2024-09-14T22:21:53.989+0000] {spark_submit.py:579} INFO - +-------------------+-------------+--------+---------+---------+-----+--------------+-----------------+------------------------------+----------------+
[2024-09-14T22:21:53.992+0000] {spark_submit.py:579} INFO - |                  0|            0|       0|        0|        0|    0|             0|                0|                             0|               0|
[2024-09-14T22:21:53.996+0000] {spark_submit.py:579} INFO - +-------------------+-------------+--------+---------+---------+-----+--------------+-----------------+------------------------------+----------------+
[2024-09-14T22:21:53.999+0000] {spark_submit.py:579} INFO - 
[2024-09-14T22:21:54.376+0000] {spark_submit.py:579} INFO - 24/09/14 22:21:54 INFO HiveConf: Found configuration file null
[2024-09-14T22:21:54.406+0000] {spark_submit.py:579} INFO - 24/09/14 22:21:54 INFO HiveUtils: Initializing HiveMetastoreConnection version 2.3.9 using Spark classes.
[2024-09-14T22:21:55.051+0000] {spark_submit.py:579} INFO - 24/09/14 22:21:55 INFO HiveClientImpl: Warehouse location for Hive client (version 2.3.9) is file:/user/hive/warehouse
[2024-09-14T22:21:55.100+0000] {local_task_job_runner.py:346} WARNING - State of this instance has been externally set to failed. Terminating instance.
[2024-09-14T22:21:55.102+0000] {local_task_job_runner.py:245} INFO - ::endgroup::
[2024-09-14T22:21:55.112+0000] {process_utils.py:132} INFO - Sending 15 to group 3517. PIDs of all processes in the group: [3519, 3586, 3517]
[2024-09-14T22:21:55.114+0000] {process_utils.py:87} INFO - Sending the signal 15 to group 3517
[2024-09-14T22:21:55.116+0000] {taskinstance.py:3092} ERROR - Received SIGTERM. Terminating subprocesses.
[2024-09-14T22:21:55.126+0000] {spark_submit.py:705} INFO - Sending kill signal to spark-submit
[2024-09-14T22:21:55.184+0000] {taskinstance.py:340} INFO - ::group::Post task execution logs
[2024-09-14T22:21:55.210+0000] {process_utils.py:80} INFO - Process psutil.Process(pid=3517, status='terminated', exitcode=0, started='22:21:13') (3517) terminated with exit code 0
[2024-09-14T22:21:55.266+0000] {process_utils.py:80} INFO - Process psutil.Process(pid=3519, status='terminated', started='22:21:14') (3519) terminated with exit code None
[2024-09-14T22:21:55.268+0000] {process_utils.py:80} INFO - Process psutil.Process(pid=3586, status='terminated', started='22:21:22') (3586) terminated with exit code None
