[2024-09-14T21:18:10.434+0000] {local_task_job_runner.py:123} INFO - ::group::Pre task execution logs
[2024-09-14T21:18:10.520+0000] {taskinstance.py:2612} INFO - Dependencies all met for dep_context=non-requeueable deps ti=<TaskInstance: airbnb_model.data_analysis manual__2024-09-14T17:50:30.952450+00:00 [queued]>
[2024-09-14T21:18:10.561+0000] {taskinstance.py:2612} INFO - Dependencies all met for dep_context=requeueable deps ti=<TaskInstance: airbnb_model.data_analysis manual__2024-09-14T17:50:30.952450+00:00 [queued]>
[2024-09-14T21:18:10.564+0000] {taskinstance.py:2865} INFO - Starting attempt 13 of 16
[2024-09-14T21:18:10.623+0000] {taskinstance.py:2888} INFO - Executing <Task(SparkSubmitOperator): data_analysis> on 2024-09-14 17:50:30.952450+00:00
[2024-09-14T21:18:10.643+0000] {standard_task_runner.py:104} INFO - Running: ['***', 'tasks', 'run', 'airbnb_model', 'data_analysis', 'manual__2024-09-14T17:50:30.952450+00:00', '--job-id', '689', '--raw', '--subdir', 'DAGS_FOLDER/air_price_pred_dag.py', '--cfg-path', '/tmp/tmp2emj7dxg']
[2024-09-14T21:18:10.650+0000] {standard_task_runner.py:105} INFO - Job 689: Subtask data_analysis
[2024-09-14T21:18:10.659+0000] {logging_mixin.py:190} WARNING - /home/***/.local/lib/python3.12/site-packages/***/task/task_runner/standard_task_runner.py:70 DeprecationWarning: This process (pid=17805) is multi-threaded, use of fork() may lead to deadlocks in the child.
[2024-09-14T21:18:10.660+0000] {standard_task_runner.py:72} INFO - Started process 17829 to run task
[2024-09-14T21:18:10.796+0000] {task_command.py:467} INFO - Running <TaskInstance: airbnb_model.data_analysis manual__2024-09-14T17:50:30.952450+00:00 [running]> on host fb744bf0dc86
[2024-09-14T21:18:11.198+0000] {taskinstance.py:3131} INFO - Exporting env vars: AIRFLOW_CTX_DAG_OWNER='Denis' AIRFLOW_CTX_DAG_ID='airbnb_model' AIRFLOW_CTX_TASK_ID='data_analysis' AIRFLOW_CTX_EXECUTION_DATE='2024-09-14T17:50:30.952450+00:00' AIRFLOW_CTX_TRY_NUMBER='13' AIRFLOW_CTX_DAG_RUN_ID='manual__2024-09-14T17:50:30.952450+00:00'
[2024-09-14T21:18:11.202+0000] {taskinstance.py:731} INFO - ::endgroup::
[2024-09-14T21:18:11.383+0000] {base.py:84} INFO - Retrieving connection 'spark_default'
[2024-09-14T21:18:11.388+0000] {spark_submit.py:403} INFO - Spark-Submit cmd: spark-submit --master spark://spark-master:7077 --conf spark.master=spark://spark-master:7077 --name arrow-spark --verbose --deploy-mode client /opt/***/dags/air_data_analysis.py
[2024-09-14T21:18:16.660+0000] {spark_submit.py:579} INFO - Using properties file: null
[2024-09-14T21:18:16.951+0000] {spark_submit.py:579} INFO - Parsed arguments:
[2024-09-14T21:18:16.953+0000] {spark_submit.py:579} INFO - master                  spark://spark-master:7077
[2024-09-14T21:18:16.955+0000] {spark_submit.py:579} INFO - remote                  null
[2024-09-14T21:18:16.956+0000] {spark_submit.py:579} INFO - deployMode              client
[2024-09-14T21:18:16.958+0000] {spark_submit.py:579} INFO - executorMemory          null
[2024-09-14T21:18:16.959+0000] {spark_submit.py:579} INFO - executorCores           null
[2024-09-14T21:18:16.960+0000] {spark_submit.py:579} INFO - totalExecutorCores      null
[2024-09-14T21:18:16.962+0000] {spark_submit.py:579} INFO - propertiesFile          null
[2024-09-14T21:18:16.963+0000] {spark_submit.py:579} INFO - driverMemory            null
[2024-09-14T21:18:16.965+0000] {spark_submit.py:579} INFO - driverCores             null
[2024-09-14T21:18:16.966+0000] {spark_submit.py:579} INFO - driverExtraClassPath    null
[2024-09-14T21:18:16.968+0000] {spark_submit.py:579} INFO - driverExtraLibraryPath  null
[2024-09-14T21:18:16.969+0000] {spark_submit.py:579} INFO - driverExtraJavaOptions  null
[2024-09-14T21:18:16.970+0000] {spark_submit.py:579} INFO - supervise               false
[2024-09-14T21:18:16.972+0000] {spark_submit.py:579} INFO - queue                   null
[2024-09-14T21:18:16.973+0000] {spark_submit.py:579} INFO - numExecutors            null
[2024-09-14T21:18:16.975+0000] {spark_submit.py:579} INFO - files                   null
[2024-09-14T21:18:16.978+0000] {spark_submit.py:579} INFO - pyFiles                 null
[2024-09-14T21:18:16.980+0000] {spark_submit.py:579} INFO - archives                null
[2024-09-14T21:18:16.982+0000] {spark_submit.py:579} INFO - mainClass               null
[2024-09-14T21:18:16.984+0000] {spark_submit.py:579} INFO - primaryResource         file:/opt/***/dags/air_data_analysis.py
[2024-09-14T21:18:16.985+0000] {spark_submit.py:579} INFO - name                    arrow-spark
[2024-09-14T21:18:16.987+0000] {spark_submit.py:579} INFO - childArgs               []
[2024-09-14T21:18:16.989+0000] {spark_submit.py:579} INFO - jars                    null
[2024-09-14T21:18:16.990+0000] {spark_submit.py:579} INFO - packages                null
[2024-09-14T21:18:16.992+0000] {spark_submit.py:579} INFO - packagesExclusions      null
[2024-09-14T21:18:16.993+0000] {spark_submit.py:579} INFO - repositories            null
[2024-09-14T21:18:16.995+0000] {spark_submit.py:579} INFO - verbose                 true
[2024-09-14T21:18:16.996+0000] {spark_submit.py:579} INFO - 
[2024-09-14T21:18:16.998+0000] {spark_submit.py:579} INFO - Spark properties used, including those specified through
[2024-09-14T21:18:17.000+0000] {spark_submit.py:579} INFO - --conf and those from the properties file null:
[2024-09-14T21:18:17.001+0000] {spark_submit.py:579} INFO - (spark.master,spark://spark-master:7077)
[2024-09-14T21:18:17.003+0000] {spark_submit.py:579} INFO - 
[2024-09-14T21:18:17.004+0000] {spark_submit.py:579} INFO - 
[2024-09-14T21:18:17.969+0000] {spark_submit.py:579} INFO - Main class:
[2024-09-14T21:18:17.970+0000] {spark_submit.py:579} INFO - org.apache.spark.deploy.PythonRunner
[2024-09-14T21:18:17.972+0000] {spark_submit.py:579} INFO - Arguments:
[2024-09-14T21:18:17.973+0000] {spark_submit.py:579} INFO - file:/opt/***/dags/air_data_analysis.py
[2024-09-14T21:18:17.974+0000] {spark_submit.py:579} INFO - null
[2024-09-14T21:18:17.982+0000] {spark_submit.py:579} INFO - Spark config:
[2024-09-14T21:18:17.984+0000] {spark_submit.py:579} INFO - (spark.app.name,arrow-spark)
[2024-09-14T21:18:17.985+0000] {spark_submit.py:579} INFO - (spark.app.submitTime,1726348697901)
[2024-09-14T21:18:17.987+0000] {spark_submit.py:579} INFO - (spark.master,spark://spark-master:7077)
[2024-09-14T21:18:17.989+0000] {spark_submit.py:579} INFO - (spark.submit.deployMode,client)
[2024-09-14T21:18:17.990+0000] {spark_submit.py:579} INFO - (spark.submit.pyFiles,)
[2024-09-14T21:18:17.991+0000] {spark_submit.py:579} INFO - Classpath elements:
[2024-09-14T21:18:17.993+0000] {spark_submit.py:579} INFO - 
[2024-09-14T21:18:17.996+0000] {spark_submit.py:579} INFO - 
[2024-09-14T21:18:17.997+0000] {spark_submit.py:579} INFO - 
[2024-09-14T21:18:21.349+0000] {spark_submit.py:579} INFO - 24/09/14 21:18:21 INFO SparkContext: Running Spark version 3.5.2
[2024-09-14T21:18:21.355+0000] {spark_submit.py:579} INFO - 24/09/14 21:18:21 INFO SparkContext: OS info Linux, 5.15.153.1-microsoft-standard-WSL2, amd64
[2024-09-14T21:18:21.357+0000] {spark_submit.py:579} INFO - 24/09/14 21:18:21 INFO SparkContext: Java version 17.0.12
[2024-09-14T21:18:21.567+0000] {spark_submit.py:579} INFO - 24/09/14 21:18:21 WARN NativeCodeLoader: Unable to load native-hadoop library for your platform... using builtin-java classes where applicable
[2024-09-14T21:18:21.986+0000] {spark_submit.py:579} INFO - 24/09/14 21:18:21 INFO ResourceUtils: ==============================================================
[2024-09-14T21:18:21.988+0000] {spark_submit.py:579} INFO - 24/09/14 21:18:21 INFO ResourceUtils: No custom resources configured for spark.driver.
[2024-09-14T21:18:21.990+0000] {spark_submit.py:579} INFO - 24/09/14 21:18:21 INFO ResourceUtils: ==============================================================
[2024-09-14T21:18:21.992+0000] {spark_submit.py:579} INFO - 24/09/14 21:18:21 INFO SparkContext: Submitted application: Airbnb_regr_model
[2024-09-14T21:18:22.063+0000] {spark_submit.py:579} INFO - 24/09/14 21:18:22 INFO ResourceProfile: Default ResourceProfile created, executor resources: Map(cores -> name: cores, amount: 1, script: , vendor: , memory -> name: memory, amount: 1024, script: , vendor: , offHeap -> name: offHeap, amount: 0, script: , vendor: ), task resources: Map(cpus -> name: cpus, amount: 1.0)
[2024-09-14T21:18:22.082+0000] {spark_submit.py:579} INFO - 24/09/14 21:18:22 INFO ResourceProfile: Limiting resource is cpu
[2024-09-14T21:18:22.084+0000] {spark_submit.py:579} INFO - 24/09/14 21:18:22 INFO ResourceProfileManager: Added ResourceProfile id: 0
[2024-09-14T21:18:22.290+0000] {spark_submit.py:579} INFO - 24/09/14 21:18:22 INFO SecurityManager: Changing view acls to: ***
[2024-09-14T21:18:22.292+0000] {spark_submit.py:579} INFO - 24/09/14 21:18:22 INFO SecurityManager: Changing modify acls to: ***
[2024-09-14T21:18:22.294+0000] {spark_submit.py:579} INFO - 24/09/14 21:18:22 INFO SecurityManager: Changing view acls groups to:
[2024-09-14T21:18:22.296+0000] {spark_submit.py:579} INFO - 24/09/14 21:18:22 INFO SecurityManager: Changing modify acls groups to:
[2024-09-14T21:18:22.298+0000] {spark_submit.py:579} INFO - 24/09/14 21:18:22 INFO SecurityManager: SecurityManager: authentication disabled; ui acls disabled; users with view permissions: ***; groups with view permissions: EMPTY; users with modify permissions: ***; groups with modify permissions: EMPTY
[2024-09-14T21:18:23.146+0000] {spark_submit.py:579} INFO - 24/09/14 21:18:23 INFO Utils: Successfully started service 'sparkDriver' on port 43819.
[2024-09-14T21:18:23.309+0000] {spark_submit.py:579} INFO - 24/09/14 21:18:23 INFO SparkEnv: Registering MapOutputTracker
[2024-09-14T21:18:23.452+0000] {spark_submit.py:579} INFO - 24/09/14 21:18:23 INFO SparkEnv: Registering BlockManagerMaster
[2024-09-14T21:18:23.537+0000] {spark_submit.py:579} INFO - 24/09/14 21:18:23 INFO BlockManagerMasterEndpoint: Using org.apache.spark.storage.DefaultTopologyMapper for getting topology information
[2024-09-14T21:18:23.542+0000] {spark_submit.py:579} INFO - 24/09/14 21:18:23 INFO BlockManagerMasterEndpoint: BlockManagerMasterEndpoint up
[2024-09-14T21:18:23.561+0000] {spark_submit.py:579} INFO - 24/09/14 21:18:23 INFO SparkEnv: Registering BlockManagerMasterHeartbeat
[2024-09-14T21:18:23.662+0000] {spark_submit.py:579} INFO - 24/09/14 21:18:23 INFO DiskBlockManager: Created local directory at /tmp/blockmgr-1c88e744-4d7a-44ee-a2b0-ef72ce968c36
[2024-09-14T21:18:23.700+0000] {spark_submit.py:579} INFO - 24/09/14 21:18:23 INFO MemoryStore: MemoryStore started with capacity 434.4 MiB
[2024-09-14T21:18:23.748+0000] {spark_submit.py:579} INFO - 24/09/14 21:18:23 INFO SparkEnv: Registering OutputCommitCoordinator
[2024-09-14T21:18:24.203+0000] {spark_submit.py:579} INFO - 24/09/14 21:18:24 INFO JettyUtils: Start Jetty 0.0.0.0:4040 for SparkUI
[2024-09-14T21:18:24.413+0000] {spark_submit.py:579} INFO - 24/09/14 21:18:24 INFO Utils: Successfully started service 'SparkUI' on port 4040.
[2024-09-14T21:18:24.678+0000] {spark_submit.py:579} INFO - 24/09/14 21:18:24 INFO Executor: Starting executor ID driver on host fb744bf0dc86
[2024-09-14T21:18:24.679+0000] {spark_submit.py:579} INFO - 24/09/14 21:18:24 INFO Executor: OS info Linux, 5.15.153.1-microsoft-standard-WSL2, amd64
[2024-09-14T21:18:24.681+0000] {spark_submit.py:579} INFO - 24/09/14 21:18:24 INFO Executor: Java version 17.0.12
[2024-09-14T21:18:24.703+0000] {spark_submit.py:579} INFO - 24/09/14 21:18:24 INFO Executor: Starting executor with user classpath (userClassPathFirst = false): ''
[2024-09-14T21:18:24.707+0000] {spark_submit.py:579} INFO - 24/09/14 21:18:24 INFO Executor: Created or updated repl class loader org.apache.spark.util.MutableURLClassLoader@58598e27 for default.
[2024-09-14T21:18:24.770+0000] {spark_submit.py:579} INFO - 24/09/14 21:18:24 INFO Utils: Successfully started service 'org.apache.spark.network.netty.NettyBlockTransferService' on port 39229.
[2024-09-14T21:18:24.771+0000] {spark_submit.py:579} INFO - 24/09/14 21:18:24 INFO NettyBlockTransferService: Server created on fb744bf0dc86:39229
[2024-09-14T21:18:24.777+0000] {spark_submit.py:579} INFO - 24/09/14 21:18:24 INFO BlockManager: Using org.apache.spark.storage.RandomBlockReplicationPolicy for block replication policy
[2024-09-14T21:18:24.796+0000] {spark_submit.py:579} INFO - 24/09/14 21:18:24 INFO BlockManagerMaster: Registering BlockManager BlockManagerId(driver, fb744bf0dc86, 39229, None)
[2024-09-14T21:18:24.804+0000] {spark_submit.py:579} INFO - 24/09/14 21:18:24 INFO BlockManagerMasterEndpoint: Registering block manager fb744bf0dc86:39229 with 434.4 MiB RAM, BlockManagerId(driver, fb744bf0dc86, 39229, None)
[2024-09-14T21:18:24.810+0000] {spark_submit.py:579} INFO - 24/09/14 21:18:24 INFO BlockManagerMaster: Registered BlockManager BlockManagerId(driver, fb744bf0dc86, 39229, None)
[2024-09-14T21:18:24.814+0000] {spark_submit.py:579} INFO - 24/09/14 21:18:24 INFO BlockManager: Initialized BlockManager: BlockManagerId(driver, fb744bf0dc86, 39229, None)
[2024-09-14T21:18:26.299+0000] {spark_submit.py:579} INFO - 24/09/14 21:18:26 INFO SharedState: Setting hive.metastore.warehouse.dir ('null') to the value of spark.sql.warehouse.dir.
[2024-09-14T21:18:26.321+0000] {spark_submit.py:579} INFO - 24/09/14 21:18:26 INFO SharedState: Warehouse path is 'file:/user/hive/warehouse'.
[2024-09-14T21:18:29.014+0000] {spark_submit.py:579} INFO - 24/09/14 21:18:29 INFO InMemoryFileIndex: It took 173 ms to list leaf files for 1 paths.
[2024-09-14T21:18:29.329+0000] {spark_submit.py:579} INFO - 24/09/14 21:18:29 INFO InMemoryFileIndex: It took 7 ms to list leaf files for 1 paths.
[2024-09-14T21:18:35.279+0000] {spark_submit.py:579} INFO - 24/09/14 21:18:35 INFO FileSourceStrategy: Pushed Filters:
[2024-09-14T21:18:35.282+0000] {spark_submit.py:579} INFO - 24/09/14 21:18:35 INFO FileSourceStrategy: Post-Scan Filters:
[2024-09-14T21:18:36.093+0000] {spark_submit.py:579} INFO - 24/09/14 21:18:36 INFO MemoryStore: Block broadcast_0 stored as values in memory (estimated size 200.2 KiB, free 434.2 MiB)
[2024-09-14T21:18:36.250+0000] {spark_submit.py:579} INFO - 24/09/14 21:18:36 INFO MemoryStore: Block broadcast_0_piece0 stored as bytes in memory (estimated size 34.5 KiB, free 434.2 MiB)
[2024-09-14T21:18:36.260+0000] {spark_submit.py:579} INFO - 24/09/14 21:18:36 INFO BlockManagerInfo: Added broadcast_0_piece0 in memory on fb744bf0dc86:39229 (size: 34.5 KiB, free: 434.4 MiB)
[2024-09-14T21:18:36.277+0000] {spark_submit.py:579} INFO - 24/09/14 21:18:36 INFO SparkContext: Created broadcast 0 from csv at NativeMethodAccessorImpl.java:0
[2024-09-14T21:18:36.310+0000] {spark_submit.py:579} INFO - 24/09/14 21:18:36 INFO FileSourceScanExec: Planning scan with bin packing, max size: 4194304 bytes, open cost is considered as scanning 4194304 bytes.
[2024-09-14T21:18:38.092+0000] {spark_submit.py:579} INFO - 24/09/14 21:18:38 INFO CodeGenerator: Code generated in 678.027072 ms
[2024-09-14T21:18:38.219+0000] {spark_submit.py:579} INFO - 24/09/14 21:18:38 INFO SparkContext: Starting job: csv at NativeMethodAccessorImpl.java:0
[2024-09-14T21:18:38.265+0000] {spark_submit.py:579} INFO - 24/09/14 21:18:38 INFO DAGScheduler: Got job 0 (csv at NativeMethodAccessorImpl.java:0) with 1 output partitions
[2024-09-14T21:18:38.266+0000] {spark_submit.py:579} INFO - 24/09/14 21:18:38 INFO DAGScheduler: Final stage: ResultStage 0 (csv at NativeMethodAccessorImpl.java:0)
[2024-09-14T21:18:38.267+0000] {spark_submit.py:579} INFO - 24/09/14 21:18:38 INFO DAGScheduler: Parents of final stage: List()
[2024-09-14T21:18:38.271+0000] {spark_submit.py:579} INFO - 24/09/14 21:18:38 INFO DAGScheduler: Missing parents: List()
[2024-09-14T21:18:38.278+0000] {spark_submit.py:579} INFO - 24/09/14 21:18:38 INFO DAGScheduler: Submitting ResultStage 0 (MapPartitionsRDD[6] at csv at NativeMethodAccessorImpl.java:0), which has no missing parents
[2024-09-14T21:18:38.505+0000] {spark_submit.py:579} INFO - 24/09/14 21:18:38 INFO MemoryStore: Block broadcast_1 stored as values in memory (estimated size 19.1 KiB, free 434.2 MiB)
[2024-09-14T21:18:38.522+0000] {spark_submit.py:579} INFO - 24/09/14 21:18:38 INFO MemoryStore: Block broadcast_1_piece0 stored as bytes in memory (estimated size 8.3 KiB, free 434.1 MiB)
[2024-09-14T21:18:38.525+0000] {spark_submit.py:579} INFO - 24/09/14 21:18:38 INFO BlockManagerInfo: Added broadcast_1_piece0 in memory on fb744bf0dc86:39229 (size: 8.3 KiB, free: 434.4 MiB)
[2024-09-14T21:18:38.527+0000] {spark_submit.py:579} INFO - 24/09/14 21:18:38 INFO SparkContext: Created broadcast 1 from broadcast at DAGScheduler.scala:1585
[2024-09-14T21:18:38.584+0000] {spark_submit.py:579} INFO - 24/09/14 21:18:38 INFO DAGScheduler: Submitting 1 missing tasks from ResultStage 0 (MapPartitionsRDD[6] at csv at NativeMethodAccessorImpl.java:0) (first 15 tasks are for partitions Vector(0))
[2024-09-14T21:18:38.589+0000] {spark_submit.py:579} INFO - 24/09/14 21:18:38 INFO TaskSchedulerImpl: Adding task set 0.0 with 1 tasks resource profile 0
[2024-09-14T21:18:38.728+0000] {spark_submit.py:579} INFO - 24/09/14 21:18:38 INFO TaskSetManager: Starting task 0.0 in stage 0.0 (TID 0) (fb744bf0dc86, executor driver, partition 0, PROCESS_LOCAL, 9601 bytes)
[2024-09-14T21:18:38.787+0000] {spark_submit.py:579} INFO - 24/09/14 21:18:38 INFO Executor: Running task 0.0 in stage 0.0 (TID 0)
[2024-09-14T21:18:39.330+0000] {spark_submit.py:579} INFO - 24/09/14 21:18:39 INFO CodeGenerator: Code generated in 79.424416 ms
[2024-09-14T21:18:39.343+0000] {spark_submit.py:579} INFO - 24/09/14 21:18:39 INFO FileScanRDD: Reading File path: file:///opt/***/datasets/Airbnb.csv, range: 0-4194304, partition values: [empty row]
[2024-09-14T21:18:39.416+0000] {spark_submit.py:579} INFO - 24/09/14 21:18:39 INFO CodeGenerator: Code generated in 51.369211 ms
[2024-09-14T21:18:40.082+0000] {spark_submit.py:579} INFO - 24/09/14 21:18:40 INFO Executor: Finished task 0.0 in stage 0.0 (TID 0). 1894 bytes result sent to driver
[2024-09-14T21:18:40.173+0000] {spark_submit.py:579} INFO - 24/09/14 21:18:40 INFO TaskSetManager: Finished task 0.0 in stage 0.0 (TID 0) in 1489 ms on fb744bf0dc86 (executor driver) (1/1)
[2024-09-14T21:18:40.183+0000] {spark_submit.py:579} INFO - 24/09/14 21:18:40 INFO TaskSchedulerImpl: Removed TaskSet 0.0, whose tasks have all completed, from pool
[2024-09-14T21:18:40.224+0000] {spark_submit.py:579} INFO - 24/09/14 21:18:40 INFO DAGScheduler: ResultStage 0 (csv at NativeMethodAccessorImpl.java:0) finished in 1.913 s
[2024-09-14T21:18:40.251+0000] {spark_submit.py:579} INFO - 24/09/14 21:18:40 INFO DAGScheduler: Job 0 is finished. Cancelling potential speculative or zombie tasks for this job
[2024-09-14T21:18:40.254+0000] {spark_submit.py:579} INFO - 24/09/14 21:18:40 INFO TaskSchedulerImpl: Killing all running tasks in stage 0: Stage finished
[2024-09-14T21:18:40.269+0000] {spark_submit.py:579} INFO - 24/09/14 21:18:40 INFO DAGScheduler: Job 0 finished: csv at NativeMethodAccessorImpl.java:0, took 2.046765 s
[2024-09-14T21:18:40.398+0000] {spark_submit.py:579} INFO - 24/09/14 21:18:40 INFO CodeGenerator: Code generated in 42.49686 ms
[2024-09-14T21:18:40.643+0000] {spark_submit.py:579} INFO - 24/09/14 21:18:40 INFO BlockManagerInfo: Removed broadcast_1_piece0 on fb744bf0dc86:39229 in memory (size: 8.3 KiB, free: 434.4 MiB)
[2024-09-14T21:18:40.871+0000] {spark_submit.py:579} INFO - 24/09/14 21:18:40 INFO SparkContext: Starting job: csv at NativeMethodAccessorImpl.java:0
[2024-09-14T21:18:40.878+0000] {spark_submit.py:579} INFO - 24/09/14 21:18:40 INFO DAGScheduler: Got job 1 (csv at NativeMethodAccessorImpl.java:0) with 2 output partitions
[2024-09-14T21:18:40.879+0000] {spark_submit.py:579} INFO - 24/09/14 21:18:40 INFO DAGScheduler: Final stage: ResultStage 1 (csv at NativeMethodAccessorImpl.java:0)
[2024-09-14T21:18:40.887+0000] {spark_submit.py:579} INFO - 24/09/14 21:18:40 INFO DAGScheduler: Parents of final stage: List()
[2024-09-14T21:18:40.889+0000] {spark_submit.py:579} INFO - 24/09/14 21:18:40 INFO DAGScheduler: Missing parents: List()
[2024-09-14T21:18:40.891+0000] {spark_submit.py:579} INFO - 24/09/14 21:18:40 INFO DAGScheduler: Submitting ResultStage 1 (MapPartitionsRDD[10] at csv at NativeMethodAccessorImpl.java:0), which has no missing parents
[2024-09-14T21:18:40.911+0000] {spark_submit.py:579} INFO - 24/09/14 21:18:40 INFO MemoryStore: Block broadcast_2 stored as values in memory (estimated size 19.7 KiB, free 434.2 MiB)
[2024-09-14T21:18:40.953+0000] {spark_submit.py:579} INFO - 24/09/14 21:18:40 INFO MemoryStore: Block broadcast_2_piece0 stored as bytes in memory (estimated size 9.2 KiB, free 434.1 MiB)
[2024-09-14T21:18:40.965+0000] {spark_submit.py:579} INFO - 24/09/14 21:18:40 INFO BlockManagerInfo: Added broadcast_2_piece0 in memory on fb744bf0dc86:39229 (size: 9.2 KiB, free: 434.4 MiB)
[2024-09-14T21:18:40.973+0000] {spark_submit.py:579} INFO - 24/09/14 21:18:40 INFO SparkContext: Created broadcast 2 from broadcast at DAGScheduler.scala:1585
[2024-09-14T21:18:40.986+0000] {spark_submit.py:579} INFO - 24/09/14 21:18:40 INFO DAGScheduler: Submitting 2 missing tasks from ResultStage 1 (MapPartitionsRDD[10] at csv at NativeMethodAccessorImpl.java:0) (first 15 tasks are for partitions Vector(0, 1))
[2024-09-14T21:18:40.989+0000] {spark_submit.py:579} INFO - 24/09/14 21:18:40 INFO TaskSchedulerImpl: Adding task set 1.0 with 2 tasks resource profile 0
[2024-09-14T21:18:41.000+0000] {spark_submit.py:579} INFO - 24/09/14 21:18:40 INFO TaskSetManager: Starting task 0.0 in stage 1.0 (TID 1) (fb744bf0dc86, executor driver, partition 0, PROCESS_LOCAL, 9601 bytes)
[2024-09-14T21:18:41.001+0000] {spark_submit.py:579} INFO - 24/09/14 21:18:40 INFO TaskSetManager: Starting task 1.0 in stage 1.0 (TID 2) (fb744bf0dc86, executor driver, partition 1, PROCESS_LOCAL, 9601 bytes)
[2024-09-14T21:18:41.008+0000] {spark_submit.py:579} INFO - 24/09/14 21:18:41 INFO Executor: Running task 0.0 in stage 1.0 (TID 1)
[2024-09-14T21:18:41.015+0000] {spark_submit.py:579} INFO - 24/09/14 21:18:41 INFO Executor: Running task 1.0 in stage 1.0 (TID 2)
[2024-09-14T21:18:41.146+0000] {spark_submit.py:579} INFO - 24/09/14 21:18:41 INFO FileScanRDD: Reading File path: file:///opt/***/datasets/Airbnb.csv, range: 4194304-7081245, partition values: [empty row]
[2024-09-14T21:18:41.150+0000] {spark_submit.py:579} INFO - 24/09/14 21:18:41 INFO FileScanRDD: Reading File path: file:///opt/***/datasets/Airbnb.csv, range: 0-4194304, partition values: [empty row]
[2024-09-14T21:18:42.677+0000] {spark_submit.py:579} INFO - 24/09/14 21:18:42 INFO Executor: Finished task 1.0 in stage 1.0 (TID 2). 1546 bytes result sent to driver
[2024-09-14T21:18:42.683+0000] {spark_submit.py:579} INFO - 24/09/14 21:18:42 INFO TaskSetManager: Finished task 1.0 in stage 1.0 (TID 2) in 1686 ms on fb744bf0dc86 (executor driver) (1/2)
[2024-09-14T21:18:42.859+0000] {spark_submit.py:579} INFO - 24/09/14 21:18:42 INFO Executor: Finished task 0.0 in stage 1.0 (TID 1). 1546 bytes result sent to driver
[2024-09-14T21:18:42.866+0000] {spark_submit.py:579} INFO - 24/09/14 21:18:42 INFO TaskSetManager: Finished task 0.0 in stage 1.0 (TID 1) in 1872 ms on fb744bf0dc86 (executor driver) (2/2)
[2024-09-14T21:18:42.869+0000] {spark_submit.py:579} INFO - 24/09/14 21:18:42 INFO TaskSchedulerImpl: Removed TaskSet 1.0, whose tasks have all completed, from pool
[2024-09-14T21:18:42.872+0000] {spark_submit.py:579} INFO - 24/09/14 21:18:42 INFO DAGScheduler: ResultStage 1 (csv at NativeMethodAccessorImpl.java:0) finished in 1.977 s
[2024-09-14T21:18:42.875+0000] {spark_submit.py:579} INFO - 24/09/14 21:18:42 INFO DAGScheduler: Job 1 is finished. Cancelling potential speculative or zombie tasks for this job
[2024-09-14T21:18:42.885+0000] {spark_submit.py:579} INFO - 24/09/14 21:18:42 INFO TaskSchedulerImpl: Killing all running tasks in stage 1: Stage finished
[2024-09-14T21:18:42.893+0000] {spark_submit.py:579} INFO - 24/09/14 21:18:42 INFO DAGScheduler: Job 1 finished: csv at NativeMethodAccessorImpl.java:0, took 2.014914 s
[2024-09-14T21:18:43.640+0000] {spark_submit.py:579} INFO - 24/09/14 21:18:43 INFO FileSourceStrategy: Pushed Filters:
[2024-09-14T21:18:43.642+0000] {spark_submit.py:579} INFO - 24/09/14 21:18:43 INFO FileSourceStrategy: Post-Scan Filters:
[2024-09-14T21:18:43.915+0000] {spark_submit.py:579} INFO - 24/09/14 21:18:43 INFO CodeGenerator: Code generated in 92.365441 ms
[2024-09-14T21:18:43.925+0000] {spark_submit.py:579} INFO - 24/09/14 21:18:43 INFO MemoryStore: Block broadcast_3 stored as values in memory (estimated size 200.1 KiB, free 433.9 MiB)
[2024-09-14T21:18:43.947+0000] {spark_submit.py:579} INFO - 24/09/14 21:18:43 INFO BlockManagerInfo: Removed broadcast_2_piece0 on fb744bf0dc86:39229 in memory (size: 9.2 KiB, free: 434.4 MiB)
[2024-09-14T21:18:43.961+0000] {spark_submit.py:579} INFO - 24/09/14 21:18:43 INFO MemoryStore: Block broadcast_3_piece0 stored as bytes in memory (estimated size 34.5 KiB, free 433.9 MiB)
[2024-09-14T21:18:43.963+0000] {spark_submit.py:579} INFO - 24/09/14 21:18:43 INFO BlockManagerInfo: Added broadcast_3_piece0 in memory on fb744bf0dc86:39229 (size: 34.5 KiB, free: 434.3 MiB)
[2024-09-14T21:18:43.965+0000] {spark_submit.py:579} INFO - 24/09/14 21:18:43 INFO SparkContext: Created broadcast 3 from showString at NativeMethodAccessorImpl.java:0
[2024-09-14T21:18:43.984+0000] {spark_submit.py:579} INFO - 24/09/14 21:18:43 INFO FileSourceScanExec: Planning scan with bin packing, max size: 4194304 bytes, open cost is considered as scanning 4194304 bytes.
[2024-09-14T21:18:44.038+0000] {spark_submit.py:579} INFO - 24/09/14 21:18:44 INFO SparkContext: Starting job: showString at NativeMethodAccessorImpl.java:0
[2024-09-14T21:18:44.041+0000] {spark_submit.py:579} INFO - 24/09/14 21:18:44 INFO DAGScheduler: Got job 2 (showString at NativeMethodAccessorImpl.java:0) with 1 output partitions
[2024-09-14T21:18:44.042+0000] {spark_submit.py:579} INFO - 24/09/14 21:18:44 INFO DAGScheduler: Final stage: ResultStage 2 (showString at NativeMethodAccessorImpl.java:0)
[2024-09-14T21:18:44.045+0000] {spark_submit.py:579} INFO - 24/09/14 21:18:44 INFO DAGScheduler: Parents of final stage: List()
[2024-09-14T21:18:44.047+0000] {spark_submit.py:579} INFO - 24/09/14 21:18:44 INFO DAGScheduler: Missing parents: List()
[2024-09-14T21:18:44.048+0000] {spark_submit.py:579} INFO - 24/09/14 21:18:44 INFO DAGScheduler: Submitting ResultStage 2 (MapPartitionsRDD[14] at showString at NativeMethodAccessorImpl.java:0), which has no missing parents
[2024-09-14T21:18:44.055+0000] {spark_submit.py:579} INFO - 24/09/14 21:18:44 INFO MemoryStore: Block broadcast_4 stored as values in memory (estimated size 20.4 KiB, free 433.9 MiB)
[2024-09-14T21:18:44.080+0000] {spark_submit.py:579} INFO - 24/09/14 21:18:44 INFO MemoryStore: Block broadcast_4_piece0 stored as bytes in memory (estimated size 9.2 KiB, free 433.9 MiB)
[2024-09-14T21:18:44.085+0000] {spark_submit.py:579} INFO - 24/09/14 21:18:44 INFO BlockManagerInfo: Added broadcast_4_piece0 in memory on fb744bf0dc86:39229 (size: 9.2 KiB, free: 434.3 MiB)
[2024-09-14T21:18:44.088+0000] {spark_submit.py:579} INFO - 24/09/14 21:18:44 INFO SparkContext: Created broadcast 4 from broadcast at DAGScheduler.scala:1585
[2024-09-14T21:18:44.091+0000] {spark_submit.py:579} INFO - 24/09/14 21:18:44 INFO DAGScheduler: Submitting 1 missing tasks from ResultStage 2 (MapPartitionsRDD[14] at showString at NativeMethodAccessorImpl.java:0) (first 15 tasks are for partitions Vector(0))
[2024-09-14T21:18:44.092+0000] {spark_submit.py:579} INFO - 24/09/14 21:18:44 INFO TaskSchedulerImpl: Adding task set 2.0 with 1 tasks resource profile 0
[2024-09-14T21:18:44.098+0000] {spark_submit.py:579} INFO - 24/09/14 21:18:44 INFO TaskSetManager: Starting task 0.0 in stage 2.0 (TID 3) (fb744bf0dc86, executor driver, partition 0, PROCESS_LOCAL, 9601 bytes)
[2024-09-14T21:18:44.101+0000] {spark_submit.py:579} INFO - 24/09/14 21:18:44 INFO Executor: Running task 0.0 in stage 2.0 (TID 3)
[2024-09-14T21:18:44.153+0000] {spark_submit.py:579} INFO - 24/09/14 21:18:44 INFO BlockManagerInfo: Removed broadcast_0_piece0 on fb744bf0dc86:39229 in memory (size: 34.5 KiB, free: 434.4 MiB)
[2024-09-14T21:18:44.220+0000] {spark_submit.py:579} INFO - 24/09/14 21:18:44 INFO CodeGenerator: Code generated in 90.446127 ms
[2024-09-14T21:18:44.224+0000] {spark_submit.py:579} INFO - 24/09/14 21:18:44 INFO FileScanRDD: Reading File path: file:///opt/***/datasets/Airbnb.csv, range: 0-4194304, partition values: [empty row]
[2024-09-14T21:18:44.249+0000] {spark_submit.py:579} INFO - 24/09/14 21:18:44 INFO CodeGenerator: Code generated in 18.659473 ms
[2024-09-14T21:18:44.337+0000] {spark_submit.py:579} INFO - 24/09/14 21:18:44 INFO Executor: Finished task 0.0 in stage 2.0 (TID 3). 1774 bytes result sent to driver
[2024-09-14T21:18:44.342+0000] {spark_submit.py:579} INFO - 24/09/14 21:18:44 INFO TaskSetManager: Finished task 0.0 in stage 2.0 (TID 3) in 246 ms on fb744bf0dc86 (executor driver) (1/1)
[2024-09-14T21:18:44.344+0000] {spark_submit.py:579} INFO - 24/09/14 21:18:44 INFO TaskSchedulerImpl: Removed TaskSet 2.0, whose tasks have all completed, from pool
[2024-09-14T21:18:44.347+0000] {spark_submit.py:579} INFO - 24/09/14 21:18:44 INFO DAGScheduler: ResultStage 2 (showString at NativeMethodAccessorImpl.java:0) finished in 0.297 s
[2024-09-14T21:18:44.349+0000] {spark_submit.py:579} INFO - 24/09/14 21:18:44 INFO DAGScheduler: Job 2 is finished. Cancelling potential speculative or zombie tasks for this job
[2024-09-14T21:18:44.350+0000] {spark_submit.py:579} INFO - 24/09/14 21:18:44 INFO TaskSchedulerImpl: Killing all running tasks in stage 2: Stage finished
[2024-09-14T21:18:44.352+0000] {spark_submit.py:579} INFO - 24/09/14 21:18:44 INFO DAGScheduler: Job 2 finished: showString at NativeMethodAccessorImpl.java:0, took 0.310236 s
[2024-09-14T21:18:44.400+0000] {spark_submit.py:579} INFO - 24/09/14 21:18:44 INFO CodeGenerator: Code generated in 35.833153 ms
[2024-09-14T21:18:44.417+0000] {spark_submit.py:579} INFO - +--------+---------+
[2024-09-14T21:18:44.418+0000] {spark_submit.py:579} INFO - |latitude|longitude|
[2024-09-14T21:18:44.420+0000] {spark_submit.py:579} INFO - +--------+---------+
[2024-09-14T21:18:44.421+0000] {spark_submit.py:579} INFO - |40.64749|-73.97237|
[2024-09-14T21:18:44.422+0000] {spark_submit.py:579} INFO - |40.75362|-73.98377|
[2024-09-14T21:18:44.423+0000] {spark_submit.py:579} INFO - |40.80902| -73.9419|
[2024-09-14T21:18:44.425+0000] {spark_submit.py:579} INFO - |40.68514|-73.95976|
[2024-09-14T21:18:44.426+0000] {spark_submit.py:579} INFO - |40.79851|-73.94399|
[2024-09-14T21:18:44.428+0000] {spark_submit.py:579} INFO - |40.74767|  -73.975|
[2024-09-14T21:18:44.429+0000] {spark_submit.py:579} INFO - |40.68688|-73.95596|
[2024-09-14T21:18:44.431+0000] {spark_submit.py:579} INFO - |40.76489|-73.98493|
[2024-09-14T21:18:44.432+0000] {spark_submit.py:579} INFO - |40.80178|-73.96723|
[2024-09-14T21:18:44.434+0000] {spark_submit.py:579} INFO - |40.71344|-73.99037|
[2024-09-14T21:18:44.435+0000] {spark_submit.py:579} INFO - +--------+---------+
[2024-09-14T21:18:44.436+0000] {spark_submit.py:579} INFO - only showing top 10 rows
[2024-09-14T21:18:44.438+0000] {spark_submit.py:579} INFO - 
[2024-09-14T21:18:44.630+0000] {spark_submit.py:579} INFO - Таблица с нулами
[2024-09-14T21:18:44.882+0000] {spark_submit.py:579} INFO - 24/09/14 21:18:44 INFO FileSourceStrategy: Pushed Filters:
[2024-09-14T21:18:44.884+0000] {spark_submit.py:579} INFO - 24/09/14 21:18:44 INFO FileSourceStrategy: Post-Scan Filters: atleastnnonnulls(10, neighbourhood_group#25, neighbourhood#26, cast(regexp_replace(latitude#27, ,, ., 1) as float), cast(regexp_replace(longitude#28, ,, ., 1) as float), room_type#29, price#30, minimum_nights#31, number_of_reviews#32, calculated_host_listings_count#35, availability_365#36),(((((((((isnull(neighbourhood_group#25) OR isnull(neighbourhood#26)) OR isnull(cast(regexp_replace(latitude#27, ,, ., 1) as float))) OR isnull(cast(regexp_replace(longitude#28, ,, ., 1) as float))) OR isnull(room_type#29)) OR isnull(price#30)) OR isnull(minimum_nights#31)) OR isnull(number_of_reviews#32)) OR isnull(calculated_host_listings_count#35)) OR isnull(availability_365#36))
[2024-09-14T21:18:45.196+0000] {spark_submit.py:579} INFO - 24/09/14 21:18:45 INFO CodeGenerator: Code generated in 189.075335 ms
[2024-09-14T21:18:45.214+0000] {spark_submit.py:579} INFO - 24/09/14 21:18:45 INFO MemoryStore: Block broadcast_5 stored as values in memory (estimated size 200.1 KiB, free 433.9 MiB)
[2024-09-14T21:18:45.248+0000] {spark_submit.py:579} INFO - 24/09/14 21:18:45 INFO BlockManagerInfo: Removed broadcast_3_piece0 on fb744bf0dc86:39229 in memory (size: 34.5 KiB, free: 434.4 MiB)
[2024-09-14T21:18:45.263+0000] {spark_submit.py:579} INFO - 24/09/14 21:18:45 INFO MemoryStore: Block broadcast_5_piece0 stored as bytes in memory (estimated size 34.5 KiB, free 434.2 MiB)
[2024-09-14T21:18:45.265+0000] {spark_submit.py:579} INFO - 24/09/14 21:18:45 INFO BlockManagerInfo: Removed broadcast_4_piece0 on fb744bf0dc86:39229 in memory (size: 9.2 KiB, free: 434.4 MiB)
[2024-09-14T21:18:45.269+0000] {spark_submit.py:579} INFO - 24/09/14 21:18:45 INFO BlockManagerInfo: Added broadcast_5_piece0 in memory on fb744bf0dc86:39229 (size: 34.5 KiB, free: 434.4 MiB)
[2024-09-14T21:18:45.272+0000] {spark_submit.py:579} INFO - 24/09/14 21:18:45 INFO SparkContext: Created broadcast 5 from showString at NativeMethodAccessorImpl.java:0
[2024-09-14T21:18:45.279+0000] {spark_submit.py:579} INFO - 24/09/14 21:18:45 INFO FileSourceScanExec: Planning scan with bin packing, max size: 4194304 bytes, open cost is considered as scanning 4194304 bytes.
[2024-09-14T21:18:45.312+0000] {spark_submit.py:579} INFO - 24/09/14 21:18:45 INFO SparkContext: Starting job: showString at NativeMethodAccessorImpl.java:0
[2024-09-14T21:18:45.318+0000] {spark_submit.py:579} INFO - 24/09/14 21:18:45 INFO DAGScheduler: Got job 3 (showString at NativeMethodAccessorImpl.java:0) with 1 output partitions
[2024-09-14T21:18:45.320+0000] {spark_submit.py:579} INFO - 24/09/14 21:18:45 INFO DAGScheduler: Final stage: ResultStage 3 (showString at NativeMethodAccessorImpl.java:0)
[2024-09-14T21:18:45.321+0000] {spark_submit.py:579} INFO - 24/09/14 21:18:45 INFO DAGScheduler: Parents of final stage: List()
[2024-09-14T21:18:45.323+0000] {spark_submit.py:579} INFO - 24/09/14 21:18:45 INFO DAGScheduler: Missing parents: List()
[2024-09-14T21:18:45.325+0000] {spark_submit.py:579} INFO - 24/09/14 21:18:45 INFO DAGScheduler: Submitting ResultStage 3 (MapPartitionsRDD[18] at showString at NativeMethodAccessorImpl.java:0), which has no missing parents
[2024-09-14T21:18:45.331+0000] {spark_submit.py:579} INFO - 24/09/14 21:18:45 INFO MemoryStore: Block broadcast_6 stored as values in memory (estimated size 34.8 KiB, free 434.1 MiB)
[2024-09-14T21:18:45.348+0000] {spark_submit.py:579} INFO - 24/09/14 21:18:45 INFO MemoryStore: Block broadcast_6_piece0 stored as bytes in memory (estimated size 12.5 KiB, free 434.1 MiB)
[2024-09-14T21:18:45.352+0000] {spark_submit.py:579} INFO - 24/09/14 21:18:45 INFO BlockManagerInfo: Added broadcast_6_piece0 in memory on fb744bf0dc86:39229 (size: 12.5 KiB, free: 434.4 MiB)
[2024-09-14T21:18:45.354+0000] {spark_submit.py:579} INFO - 24/09/14 21:18:45 INFO SparkContext: Created broadcast 6 from broadcast at DAGScheduler.scala:1585
[2024-09-14T21:18:45.356+0000] {spark_submit.py:579} INFO - 24/09/14 21:18:45 INFO DAGScheduler: Submitting 1 missing tasks from ResultStage 3 (MapPartitionsRDD[18] at showString at NativeMethodAccessorImpl.java:0) (first 15 tasks are for partitions Vector(0))
[2024-09-14T21:18:45.357+0000] {spark_submit.py:579} INFO - 24/09/14 21:18:45 INFO TaskSchedulerImpl: Adding task set 3.0 with 1 tasks resource profile 0
[2024-09-14T21:18:45.361+0000] {spark_submit.py:579} INFO - 24/09/14 21:18:45 INFO TaskSetManager: Starting task 0.0 in stage 3.0 (TID 4) (fb744bf0dc86, executor driver, partition 0, PROCESS_LOCAL, 9601 bytes)
[2024-09-14T21:18:45.363+0000] {spark_submit.py:579} INFO - 24/09/14 21:18:45 INFO Executor: Running task 0.0 in stage 3.0 (TID 4)
[2024-09-14T21:18:45.502+0000] {spark_submit.py:579} INFO - 24/09/14 21:18:45 INFO CodeGenerator: Code generated in 126.530468 ms
[2024-09-14T21:18:45.505+0000] {spark_submit.py:579} INFO - 24/09/14 21:18:45 INFO FileScanRDD: Reading File path: file:///opt/***/datasets/Airbnb.csv, range: 0-4194304, partition values: [empty row]
[2024-09-14T21:18:45.551+0000] {spark_submit.py:579} INFO - 24/09/14 21:18:45 INFO CodeGenerator: Code generated in 23.358627 ms
[2024-09-14T21:18:46.808+0000] {spark_submit.py:579} INFO - 24/09/14 21:18:46 INFO Executor: Finished task 0.0 in stage 3.0 (TID 4). 1594 bytes result sent to driver
[2024-09-14T21:18:46.813+0000] {spark_submit.py:579} INFO - 24/09/14 21:18:46 INFO TaskSetManager: Finished task 0.0 in stage 3.0 (TID 4) in 1453 ms on fb744bf0dc86 (executor driver) (1/1)
[2024-09-14T21:18:46.815+0000] {spark_submit.py:579} INFO - 24/09/14 21:18:46 INFO TaskSchedulerImpl: Removed TaskSet 3.0, whose tasks have all completed, from pool
[2024-09-14T21:18:46.817+0000] {spark_submit.py:579} INFO - 24/09/14 21:18:46 INFO DAGScheduler: ResultStage 3 (showString at NativeMethodAccessorImpl.java:0) finished in 1.491 s
[2024-09-14T21:18:46.819+0000] {spark_submit.py:579} INFO - 24/09/14 21:18:46 INFO DAGScheduler: Job 3 is finished. Cancelling potential speculative or zombie tasks for this job
[2024-09-14T21:18:46.820+0000] {spark_submit.py:579} INFO - 24/09/14 21:18:46 INFO TaskSchedulerImpl: Killing all running tasks in stage 3: Stage finished
[2024-09-14T21:18:46.822+0000] {spark_submit.py:579} INFO - 24/09/14 21:18:46 INFO DAGScheduler: Job 3 finished: showString at NativeMethodAccessorImpl.java:0, took 1.507223 s
[2024-09-14T21:18:46.848+0000] {spark_submit.py:579} INFO - 24/09/14 21:18:46 INFO SparkContext: Starting job: showString at NativeMethodAccessorImpl.java:0
[2024-09-14T21:18:46.851+0000] {spark_submit.py:579} INFO - 24/09/14 21:18:46 INFO DAGScheduler: Got job 4 (showString at NativeMethodAccessorImpl.java:0) with 1 output partitions
[2024-09-14T21:18:46.853+0000] {spark_submit.py:579} INFO - 24/09/14 21:18:46 INFO DAGScheduler: Final stage: ResultStage 4 (showString at NativeMethodAccessorImpl.java:0)
[2024-09-14T21:18:46.855+0000] {spark_submit.py:579} INFO - 24/09/14 21:18:46 INFO DAGScheduler: Parents of final stage: List()
[2024-09-14T21:18:46.857+0000] {spark_submit.py:579} INFO - 24/09/14 21:18:46 INFO DAGScheduler: Missing parents: List()
[2024-09-14T21:18:46.859+0000] {spark_submit.py:579} INFO - 24/09/14 21:18:46 INFO DAGScheduler: Submitting ResultStage 4 (MapPartitionsRDD[18] at showString at NativeMethodAccessorImpl.java:0), which has no missing parents
[2024-09-14T21:18:46.864+0000] {spark_submit.py:579} INFO - 24/09/14 21:18:46 INFO MemoryStore: Block broadcast_7 stored as values in memory (estimated size 34.8 KiB, free 434.1 MiB)
[2024-09-14T21:18:46.870+0000] {spark_submit.py:579} INFO - 24/09/14 21:18:46 INFO MemoryStore: Block broadcast_7_piece0 stored as bytes in memory (estimated size 12.5 KiB, free 434.1 MiB)
[2024-09-14T21:18:46.875+0000] {spark_submit.py:579} INFO - 24/09/14 21:18:46 INFO BlockManagerInfo: Added broadcast_7_piece0 in memory on fb744bf0dc86:39229 (size: 12.5 KiB, free: 434.3 MiB)
[2024-09-14T21:18:46.878+0000] {spark_submit.py:579} INFO - 24/09/14 21:18:46 INFO SparkContext: Created broadcast 7 from broadcast at DAGScheduler.scala:1585
[2024-09-14T21:18:46.887+0000] {spark_submit.py:579} INFO - 24/09/14 21:18:46 INFO DAGScheduler: Submitting 1 missing tasks from ResultStage 4 (MapPartitionsRDD[18] at showString at NativeMethodAccessorImpl.java:0) (first 15 tasks are for partitions Vector(1))
[2024-09-14T21:18:46.888+0000] {spark_submit.py:579} INFO - 24/09/14 21:18:46 INFO TaskSchedulerImpl: Adding task set 4.0 with 1 tasks resource profile 0
[2024-09-14T21:18:46.891+0000] {spark_submit.py:579} INFO - 24/09/14 21:18:46 INFO TaskSetManager: Starting task 0.0 in stage 4.0 (TID 5) (fb744bf0dc86, executor driver, partition 1, PROCESS_LOCAL, 9601 bytes)
[2024-09-14T21:18:46.894+0000] {spark_submit.py:579} INFO - 24/09/14 21:18:46 INFO Executor: Running task 0.0 in stage 4.0 (TID 5)
[2024-09-14T21:18:46.910+0000] {spark_submit.py:579} INFO - 24/09/14 21:18:46 INFO FileScanRDD: Reading File path: file:///opt/***/datasets/Airbnb.csv, range: 4194304-7081245, partition values: [empty row]
[2024-09-14T21:18:47.193+0000] {spark_submit.py:579} INFO - 24/09/14 21:18:47 INFO BlockManagerInfo: Removed broadcast_6_piece0 on fb744bf0dc86:39229 in memory (size: 12.5 KiB, free: 434.4 MiB)
[2024-09-14T21:18:47.286+0000] {spark_submit.py:579} INFO - 24/09/14 21:18:47 INFO Executor: Finished task 0.0 in stage 4.0 (TID 5). 1594 bytes result sent to driver
[2024-09-14T21:18:47.290+0000] {spark_submit.py:579} INFO - 24/09/14 21:18:47 INFO TaskSetManager: Finished task 0.0 in stage 4.0 (TID 5) in 399 ms on fb744bf0dc86 (executor driver) (1/1)
[2024-09-14T21:18:47.291+0000] {spark_submit.py:579} INFO - 24/09/14 21:18:47 INFO TaskSchedulerImpl: Removed TaskSet 4.0, whose tasks have all completed, from pool
[2024-09-14T21:18:47.293+0000] {spark_submit.py:579} INFO - 24/09/14 21:18:47 INFO DAGScheduler: ResultStage 4 (showString at NativeMethodAccessorImpl.java:0) finished in 0.434 s
[2024-09-14T21:18:47.295+0000] {spark_submit.py:579} INFO - 24/09/14 21:18:47 INFO DAGScheduler: Job 4 is finished. Cancelling potential speculative or zombie tasks for this job
[2024-09-14T21:18:47.296+0000] {spark_submit.py:579} INFO - 24/09/14 21:18:47 INFO TaskSchedulerImpl: Killing all running tasks in stage 4: Stage finished
[2024-09-14T21:18:47.298+0000] {spark_submit.py:579} INFO - 24/09/14 21:18:47 INFO DAGScheduler: Job 4 finished: showString at NativeMethodAccessorImpl.java:0, took 0.446868 s
[2024-09-14T21:18:47.300+0000] {spark_submit.py:579} INFO - +-------------------+-------------+--------+---------+---------+-----+--------------+-----------------+------------------------------+----------------+
[2024-09-14T21:18:47.301+0000] {spark_submit.py:579} INFO - |neighbourhood_group|neighbourhood|latitude|longitude|room_type|price|minimum_nights|number_of_reviews|calculated_host_listings_count|availability_365|
[2024-09-14T21:18:47.302+0000] {spark_submit.py:579} INFO - +-------------------+-------------+--------+---------+---------+-----+--------------+-----------------+------------------------------+----------------+
[2024-09-14T21:18:47.304+0000] {spark_submit.py:579} INFO - +-------------------+-------------+--------+---------+---------+-----+--------------+-----------------+------------------------------+----------------+
[2024-09-14T21:18:47.305+0000] {spark_submit.py:579} INFO - 
[2024-09-14T21:18:47.884+0000] {spark_submit.py:579} INFO - 24/09/14 21:18:47 INFO FileSourceStrategy: Pushed Filters:
[2024-09-14T21:18:47.887+0000] {spark_submit.py:579} INFO - 24/09/14 21:18:47 INFO FileSourceStrategy: Post-Scan Filters: atleastnnonnulls(10, neighbourhood_group#25, neighbourhood#26, cast(regexp_replace(latitude#27, ,, ., 1) as float), cast(regexp_replace(longitude#28, ,, ., 1) as float), room_type#29, price#30, minimum_nights#31, number_of_reviews#32, calculated_host_listings_count#35, availability_365#36)
[2024-09-14T21:18:48.513+0000] {spark_submit.py:579} INFO - 24/09/14 21:18:48 INFO CodeGenerator: Code generated in 118.373374 ms
[2024-09-14T21:18:48.522+0000] {spark_submit.py:579} INFO - 24/09/14 21:18:48 INFO MemoryStore: Block broadcast_8 stored as values in memory (estimated size 200.1 KiB, free 433.9 MiB)
[2024-09-14T21:18:48.545+0000] {spark_submit.py:579} INFO - 24/09/14 21:18:48 INFO MemoryStore: Block broadcast_8_piece0 stored as bytes in memory (estimated size 34.5 KiB, free 433.9 MiB)
[2024-09-14T21:18:48.549+0000] {spark_submit.py:579} INFO - 24/09/14 21:18:48 INFO BlockManagerInfo: Added broadcast_8_piece0 in memory on fb744bf0dc86:39229 (size: 34.5 KiB, free: 434.3 MiB)
[2024-09-14T21:18:48.551+0000] {spark_submit.py:579} INFO - 24/09/14 21:18:48 INFO SparkContext: Created broadcast 8 from showString at NativeMethodAccessorImpl.java:0
[2024-09-14T21:18:48.555+0000] {spark_submit.py:579} INFO - 24/09/14 21:18:48 INFO FileSourceScanExec: Planning scan with bin packing, max size: 4194304 bytes, open cost is considered as scanning 4194304 bytes.
[2024-09-14T21:18:48.631+0000] {spark_submit.py:579} INFO - 24/09/14 21:18:48 INFO DAGScheduler: Registering RDD 22 (showString at NativeMethodAccessorImpl.java:0) as input to shuffle 0
[2024-09-14T21:18:48.642+0000] {spark_submit.py:579} INFO - 24/09/14 21:18:48 INFO DAGScheduler: Got map stage job 5 (showString at NativeMethodAccessorImpl.java:0) with 2 output partitions
[2024-09-14T21:18:48.643+0000] {spark_submit.py:579} INFO - 24/09/14 21:18:48 INFO DAGScheduler: Final stage: ShuffleMapStage 5 (showString at NativeMethodAccessorImpl.java:0)
[2024-09-14T21:18:48.644+0000] {spark_submit.py:579} INFO - 24/09/14 21:18:48 INFO DAGScheduler: Parents of final stage: List()
[2024-09-14T21:18:48.646+0000] {spark_submit.py:579} INFO - 24/09/14 21:18:48 INFO DAGScheduler: Missing parents: List()
[2024-09-14T21:18:48.649+0000] {spark_submit.py:579} INFO - 24/09/14 21:18:48 INFO DAGScheduler: Submitting ShuffleMapStage 5 (MapPartitionsRDD[22] at showString at NativeMethodAccessorImpl.java:0), which has no missing parents
[2024-09-14T21:18:48.682+0000] {spark_submit.py:579} INFO - 24/09/14 21:18:48 INFO MemoryStore: Block broadcast_9 stored as values in memory (estimated size 45.3 KiB, free 433.9 MiB)
[2024-09-14T21:18:48.688+0000] {spark_submit.py:579} INFO - 24/09/14 21:18:48 INFO MemoryStore: Block broadcast_9_piece0 stored as bytes in memory (estimated size 16.4 KiB, free 433.8 MiB)
[2024-09-14T21:18:48.692+0000] {spark_submit.py:579} INFO - 24/09/14 21:18:48 INFO BlockManagerInfo: Added broadcast_9_piece0 in memory on fb744bf0dc86:39229 (size: 16.4 KiB, free: 434.3 MiB)
[2024-09-14T21:18:48.694+0000] {spark_submit.py:579} INFO - 24/09/14 21:18:48 INFO SparkContext: Created broadcast 9 from broadcast at DAGScheduler.scala:1585
[2024-09-14T21:18:48.698+0000] {spark_submit.py:579} INFO - 24/09/14 21:18:48 INFO DAGScheduler: Submitting 2 missing tasks from ShuffleMapStage 5 (MapPartitionsRDD[22] at showString at NativeMethodAccessorImpl.java:0) (first 15 tasks are for partitions Vector(0, 1))
[2024-09-14T21:18:48.700+0000] {spark_submit.py:579} INFO - 24/09/14 21:18:48 INFO TaskSchedulerImpl: Adding task set 5.0 with 2 tasks resource profile 0
[2024-09-14T21:18:48.706+0000] {spark_submit.py:579} INFO - 24/09/14 21:18:48 INFO TaskSetManager: Starting task 0.0 in stage 5.0 (TID 6) (fb744bf0dc86, executor driver, partition 0, PROCESS_LOCAL, 9590 bytes)
[2024-09-14T21:18:48.708+0000] {spark_submit.py:579} INFO - 24/09/14 21:18:48 INFO TaskSetManager: Starting task 1.0 in stage 5.0 (TID 7) (fb744bf0dc86, executor driver, partition 1, PROCESS_LOCAL, 9590 bytes)
[2024-09-14T21:18:48.711+0000] {spark_submit.py:579} INFO - 24/09/14 21:18:48 INFO Executor: Running task 1.0 in stage 5.0 (TID 7)
[2024-09-14T21:18:48.712+0000] {spark_submit.py:579} INFO - 24/09/14 21:18:48 INFO Executor: Running task 0.0 in stage 5.0 (TID 6)
[2024-09-14T21:18:48.854+0000] {spark_submit.py:579} INFO - 24/09/14 21:18:48 INFO CodeGenerator: Code generated in 97.939907 ms
[2024-09-14T21:18:48.893+0000] {spark_submit.py:579} INFO - 24/09/14 21:18:48 INFO FileScanRDD: Reading File path: file:///opt/***/datasets/Airbnb.csv, range: 0-4194304, partition values: [empty row]
[2024-09-14T21:18:48.895+0000] {spark_submit.py:579} INFO - 24/09/14 21:18:48 INFO FileScanRDD: Reading File path: file:///opt/***/datasets/Airbnb.csv, range: 4194304-7081245, partition values: [empty row]
[2024-09-14T21:18:49.525+0000] {spark_submit.py:579} INFO - 24/09/14 21:18:49 INFO Executor: Finished task 1.0 in stage 5.0 (TID 7). 2070 bytes result sent to driver
[2024-09-14T21:18:49.531+0000] {spark_submit.py:579} INFO - 24/09/14 21:18:49 INFO TaskSetManager: Finished task 1.0 in stage 5.0 (TID 7) in 823 ms on fb744bf0dc86 (executor driver) (1/2)
[2024-09-14T21:18:49.598+0000] {spark_submit.py:579} INFO - 24/09/14 21:18:49 INFO Executor: Finished task 0.0 in stage 5.0 (TID 6). 2070 bytes result sent to driver
[2024-09-14T21:18:49.602+0000] {spark_submit.py:579} INFO - 24/09/14 21:18:49 INFO TaskSetManager: Finished task 0.0 in stage 5.0 (TID 6) in 899 ms on fb744bf0dc86 (executor driver) (2/2)
[2024-09-14T21:18:49.603+0000] {spark_submit.py:579} INFO - 24/09/14 21:18:49 INFO TaskSchedulerImpl: Removed TaskSet 5.0, whose tasks have all completed, from pool
[2024-09-14T21:18:49.607+0000] {spark_submit.py:579} INFO - 24/09/14 21:18:49 INFO DAGScheduler: ShuffleMapStage 5 (showString at NativeMethodAccessorImpl.java:0) finished in 0.951 s
[2024-09-14T21:18:49.615+0000] {spark_submit.py:579} INFO - 24/09/14 21:18:49 INFO DAGScheduler: looking for newly runnable stages
[2024-09-14T21:18:49.619+0000] {spark_submit.py:579} INFO - 24/09/14 21:18:49 INFO DAGScheduler: running: Set()
[2024-09-14T21:18:49.620+0000] {spark_submit.py:579} INFO - 24/09/14 21:18:49 INFO DAGScheduler: waiting: Set()
[2024-09-14T21:18:49.622+0000] {spark_submit.py:579} INFO - 24/09/14 21:18:49 INFO DAGScheduler: failed: Set()
[2024-09-14T21:18:49.853+0000] {spark_submit.py:579} INFO - 24/09/14 21:18:49 INFO BlockManagerInfo: Removed broadcast_9_piece0 on fb744bf0dc86:39229 in memory (size: 16.4 KiB, free: 434.3 MiB)
[2024-09-14T21:18:50.004+0000] {spark_submit.py:579} INFO - 24/09/14 21:18:50 INFO CodeGenerator: Code generated in 132.141583 ms
[2024-09-14T21:18:50.080+0000] {spark_submit.py:579} INFO - 24/09/14 21:18:50 INFO SparkContext: Starting job: showString at NativeMethodAccessorImpl.java:0
[2024-09-14T21:18:50.086+0000] {spark_submit.py:579} INFO - 24/09/14 21:18:50 INFO DAGScheduler: Got job 6 (showString at NativeMethodAccessorImpl.java:0) with 1 output partitions
[2024-09-14T21:18:50.088+0000] {spark_submit.py:579} INFO - 24/09/14 21:18:50 INFO DAGScheduler: Final stage: ResultStage 7 (showString at NativeMethodAccessorImpl.java:0)
[2024-09-14T21:18:50.089+0000] {spark_submit.py:579} INFO - 24/09/14 21:18:50 INFO DAGScheduler: Parents of final stage: List(ShuffleMapStage 6)
[2024-09-14T21:18:50.091+0000] {spark_submit.py:579} INFO - 24/09/14 21:18:50 INFO DAGScheduler: Missing parents: List()
[2024-09-14T21:18:50.093+0000] {spark_submit.py:579} INFO - 24/09/14 21:18:50 INFO DAGScheduler: Submitting ResultStage 7 (MapPartitionsRDD[25] at showString at NativeMethodAccessorImpl.java:0), which has no missing parents
[2024-09-14T21:18:50.117+0000] {spark_submit.py:579} INFO - 24/09/14 21:18:50 INFO MemoryStore: Block broadcast_10 stored as values in memory (estimated size 30.0 KiB, free 433.9 MiB)
[2024-09-14T21:18:50.130+0000] {spark_submit.py:579} INFO - 24/09/14 21:18:50 INFO MemoryStore: Block broadcast_10_piece0 stored as bytes in memory (estimated size 9.9 KiB, free 433.9 MiB)
[2024-09-14T21:18:50.132+0000] {spark_submit.py:579} INFO - 24/09/14 21:18:50 INFO BlockManagerInfo: Added broadcast_10_piece0 in memory on fb744bf0dc86:39229 (size: 9.9 KiB, free: 434.3 MiB)
[2024-09-14T21:18:50.134+0000] {spark_submit.py:579} INFO - 24/09/14 21:18:50 INFO SparkContext: Created broadcast 10 from broadcast at DAGScheduler.scala:1585
[2024-09-14T21:18:50.136+0000] {spark_submit.py:579} INFO - 24/09/14 21:18:50 INFO DAGScheduler: Submitting 1 missing tasks from ResultStage 7 (MapPartitionsRDD[25] at showString at NativeMethodAccessorImpl.java:0) (first 15 tasks are for partitions Vector(0))
[2024-09-14T21:18:50.138+0000] {spark_submit.py:579} INFO - 24/09/14 21:18:50 INFO TaskSchedulerImpl: Adding task set 7.0 with 1 tasks resource profile 0
[2024-09-14T21:18:50.152+0000] {spark_submit.py:579} INFO - 24/09/14 21:18:50 INFO TaskSetManager: Starting task 0.0 in stage 7.0 (TID 8) (fb744bf0dc86, executor driver, partition 0, NODE_LOCAL, 8999 bytes)
[2024-09-14T21:18:50.154+0000] {spark_submit.py:579} INFO - 24/09/14 21:18:50 INFO Executor: Running task 0.0 in stage 7.0 (TID 8)
[2024-09-14T21:18:50.233+0000] {spark_submit.py:579} INFO - 24/09/14 21:18:50 INFO ShuffleBlockFetcherIterator: Getting 2 (120.0 B) non-empty blocks including 2 (120.0 B) local and 0 (0.0 B) host-local and 0 (0.0 B) push-merged-local and 0 (0.0 B) remote blocks
[2024-09-14T21:18:50.240+0000] {spark_submit.py:579} INFO - 24/09/14 21:18:50 INFO ShuffleBlockFetcherIterator: Started 0 remote fetches in 30 ms
[2024-09-14T21:18:50.314+0000] {spark_submit.py:579} INFO - 24/09/14 21:18:50 INFO CodeGenerator: Code generated in 58.874324 ms
[2024-09-14T21:18:50.360+0000] {spark_submit.py:579} INFO - 24/09/14 21:18:50 INFO Executor: Finished task 0.0 in stage 7.0 (TID 8). 4126 bytes result sent to driver
[2024-09-14T21:18:50.364+0000] {spark_submit.py:579} INFO - 24/09/14 21:18:50 INFO TaskSetManager: Finished task 0.0 in stage 7.0 (TID 8) in 215 ms on fb744bf0dc86 (executor driver) (1/1)
[2024-09-14T21:18:50.366+0000] {spark_submit.py:579} INFO - 24/09/14 21:18:50 INFO TaskSchedulerImpl: Removed TaskSet 7.0, whose tasks have all completed, from pool
[2024-09-14T21:18:50.368+0000] {spark_submit.py:579} INFO - 24/09/14 21:18:50 INFO DAGScheduler: ResultStage 7 (showString at NativeMethodAccessorImpl.java:0) finished in 0.254 s
[2024-09-14T21:18:50.369+0000] {spark_submit.py:579} INFO - 24/09/14 21:18:50 INFO DAGScheduler: Job 6 is finished. Cancelling potential speculative or zombie tasks for this job
[2024-09-14T21:18:50.371+0000] {spark_submit.py:579} INFO - 24/09/14 21:18:50 INFO TaskSchedulerImpl: Killing all running tasks in stage 7: Stage finished
[2024-09-14T21:18:50.373+0000] {spark_submit.py:579} INFO - 24/09/14 21:18:50 INFO DAGScheduler: Job 6 finished: showString at NativeMethodAccessorImpl.java:0, took 0.288955 s
[2024-09-14T21:18:50.424+0000] {spark_submit.py:579} INFO - 24/09/14 21:18:50 INFO CodeGenerator: Code generated in 28.562786 ms
[2024-09-14T21:18:50.430+0000] {spark_submit.py:579} INFO - +-------------------+-------------+--------+---------+---------+-----+--------------+-----------------+------------------------------+----------------+
[2024-09-14T21:18:50.432+0000] {spark_submit.py:579} INFO - |neighbourhood_group|neighbourhood|latitude|longitude|room_type|price|minimum_nights|number_of_reviews|calculated_host_listings_count|availability_365|
[2024-09-14T21:18:50.434+0000] {spark_submit.py:579} INFO - +-------------------+-------------+--------+---------+---------+-----+--------------+-----------------+------------------------------+----------------+
[2024-09-14T21:18:50.435+0000] {spark_submit.py:579} INFO - |                  0|            0|       0|        0|        0|    0|             0|                0|                             0|               0|
[2024-09-14T21:18:50.437+0000] {spark_submit.py:579} INFO - +-------------------+-------------+--------+---------+---------+-----+--------------+-----------------+------------------------------+----------------+
[2024-09-14T21:18:50.439+0000] {spark_submit.py:579} INFO - 
[2024-09-14T21:18:50.730+0000] {spark_submit.py:579} INFO - 24/09/14 21:18:50 INFO HiveConf: Found configuration file null
[2024-09-14T21:18:50.757+0000] {spark_submit.py:579} INFO - 24/09/14 21:18:50 INFO HiveUtils: Initializing HiveMetastoreConnection version 2.3.9 using Spark classes.
[2024-09-14T21:18:51.493+0000] {spark_submit.py:579} INFO - 24/09/14 21:18:51 INFO HiveClientImpl: Warehouse location for Hive client (version 2.3.9) is file:/user/hive/warehouse
[2024-09-14T21:18:51.603+0000] {spark_submit.py:579} INFO - 24/09/14 21:18:51 INFO metastore: Trying to connect to metastore with URI thrift://hive-metastore:9083
[2024-09-14T21:18:51.660+0000] {spark_submit.py:579} INFO - 24/09/14 21:18:51 INFO metastore: Opened a connection to metastore, current connections: 1
[2024-09-14T21:18:51.801+0000] {spark_submit.py:579} INFO - 24/09/14 21:18:51 INFO metastore: Connected to metastore.
[2024-09-14T21:18:55.775+0000] {spark_submit.py:579} INFO - 24/09/14 21:18:55 INFO InMemoryFileIndex: It took 104 ms to list leaf files for 1 paths.
[2024-09-14T21:18:56.716+0000] {spark_submit.py:579} INFO - 24/09/14 21:18:56 INFO FileSourceStrategy: Pushed Filters:
[2024-09-14T21:18:56.718+0000] {spark_submit.py:579} INFO - 24/09/14 21:18:56 INFO FileSourceStrategy: Post-Scan Filters: atleastnnonnulls(10, neighbourhood_group#25, neighbourhood#26, cast(regexp_replace(latitude#27, ,, ., 1) as float), cast(regexp_replace(longitude#28, ,, ., 1) as float), room_type#29, price#30, minimum_nights#31, number_of_reviews#32, calculated_host_listings_count#35, availability_365#36)
[2024-09-14T21:18:57.022+0000] {spark_submit.py:579} INFO - 24/09/14 21:18:57 INFO CodeGenerator: Code generated in 130.916679 ms
[2024-09-14T21:18:57.029+0000] {spark_submit.py:579} INFO - 24/09/14 21:18:57 INFO MemoryStore: Block broadcast_11 stored as values in memory (estimated size 200.1 KiB, free 433.7 MiB)
[2024-09-14T21:18:57.048+0000] {spark_submit.py:579} INFO - 24/09/14 21:18:57 INFO MemoryStore: Block broadcast_11_piece0 stored as bytes in memory (estimated size 34.5 KiB, free 433.6 MiB)
[2024-09-14T21:18:57.051+0000] {spark_submit.py:579} INFO - 24/09/14 21:18:57 INFO BlockManagerInfo: Added broadcast_11_piece0 in memory on fb744bf0dc86:39229 (size: 34.5 KiB, free: 434.3 MiB)
[2024-09-14T21:18:57.053+0000] {spark_submit.py:579} INFO - 24/09/14 21:18:57 INFO SparkContext: Created broadcast 11 from saveAsTable at NativeMethodAccessorImpl.java:0
[2024-09-14T21:18:57.057+0000] {spark_submit.py:579} INFO - 24/09/14 21:18:57 INFO FileSourceScanExec: Planning scan with bin packing, max size: 4194304 bytes, open cost is considered as scanning 4194304 bytes.
[2024-09-14T21:18:57.135+0000] {spark_submit.py:579} INFO - 24/09/14 21:18:57 INFO BlockManagerInfo: Removed broadcast_10_piece0 on fb744bf0dc86:39229 in memory (size: 9.9 KiB, free: 434.3 MiB)
[2024-09-14T21:18:57.158+0000] {spark_submit.py:579} INFO - 24/09/14 21:18:57 INFO BlockManagerInfo: Removed broadcast_8_piece0 on fb744bf0dc86:39229 in memory (size: 34.5 KiB, free: 434.3 MiB)
[2024-09-14T21:18:57.203+0000] {spark_submit.py:579} INFO - 24/09/14 21:18:57 INFO DAGScheduler: Registering RDD 29 (saveAsTable at NativeMethodAccessorImpl.java:0) as input to shuffle 1
[2024-09-14T21:18:57.204+0000] {spark_submit.py:579} INFO - 24/09/14 21:18:57 INFO DAGScheduler: Got map stage job 7 (saveAsTable at NativeMethodAccessorImpl.java:0) with 2 output partitions
[2024-09-14T21:18:57.206+0000] {spark_submit.py:579} INFO - 24/09/14 21:18:57 INFO DAGScheduler: Final stage: ShuffleMapStage 8 (saveAsTable at NativeMethodAccessorImpl.java:0)
[2024-09-14T21:18:57.207+0000] {spark_submit.py:579} INFO - 24/09/14 21:18:57 INFO DAGScheduler: Parents of final stage: List()
[2024-09-14T21:18:57.209+0000] {spark_submit.py:579} INFO - 24/09/14 21:18:57 INFO DAGScheduler: Missing parents: List()
[2024-09-14T21:18:57.210+0000] {spark_submit.py:579} INFO - 24/09/14 21:18:57 INFO DAGScheduler: Submitting ShuffleMapStage 8 (MapPartitionsRDD[29] at saveAsTable at NativeMethodAccessorImpl.java:0), which has no missing parents
[2024-09-14T21:18:57.217+0000] {spark_submit.py:579} INFO - 24/09/14 21:18:57 INFO MemoryStore: Block broadcast_12 stored as values in memory (estimated size 61.1 KiB, free 433.8 MiB)
[2024-09-14T21:18:57.222+0000] {spark_submit.py:579} INFO - 24/09/14 21:18:57 INFO MemoryStore: Block broadcast_12_piece0 stored as bytes in memory (estimated size 25.6 KiB, free 433.8 MiB)
[2024-09-14T21:18:57.224+0000] {spark_submit.py:579} INFO - 24/09/14 21:18:57 INFO BlockManagerInfo: Added broadcast_12_piece0 in memory on fb744bf0dc86:39229 (size: 25.6 KiB, free: 434.3 MiB)
[2024-09-14T21:18:57.225+0000] {spark_submit.py:579} INFO - 24/09/14 21:18:57 INFO SparkContext: Created broadcast 12 from broadcast at DAGScheduler.scala:1585
[2024-09-14T21:18:57.228+0000] {spark_submit.py:579} INFO - 24/09/14 21:18:57 INFO DAGScheduler: Submitting 2 missing tasks from ShuffleMapStage 8 (MapPartitionsRDD[29] at saveAsTable at NativeMethodAccessorImpl.java:0) (first 15 tasks are for partitions Vector(0, 1))
[2024-09-14T21:18:57.229+0000] {spark_submit.py:579} INFO - 24/09/14 21:18:57 INFO TaskSchedulerImpl: Adding task set 8.0 with 2 tasks resource profile 0
[2024-09-14T21:18:57.232+0000] {spark_submit.py:579} INFO - 24/09/14 21:18:57 INFO TaskSetManager: Starting task 0.0 in stage 8.0 (TID 9) (fb744bf0dc86, executor driver, partition 0, PROCESS_LOCAL, 9590 bytes)
[2024-09-14T21:18:57.233+0000] {spark_submit.py:579} INFO - 24/09/14 21:18:57 INFO TaskSetManager: Starting task 1.0 in stage 8.0 (TID 10) (fb744bf0dc86, executor driver, partition 1, PROCESS_LOCAL, 9590 bytes)
[2024-09-14T21:18:57.235+0000] {spark_submit.py:579} INFO - 24/09/14 21:18:57 INFO Executor: Running task 0.0 in stage 8.0 (TID 9)
[2024-09-14T21:18:57.237+0000] {spark_submit.py:579} INFO - 24/09/14 21:18:57 INFO Executor: Running task 1.0 in stage 8.0 (TID 10)
[2024-09-14T21:18:57.345+0000] {spark_submit.py:579} INFO - 24/09/14 21:18:57 INFO CodeGenerator: Code generated in 88.857568 ms
[2024-09-14T21:18:57.392+0000] {spark_submit.py:579} INFO - 24/09/14 21:18:57 INFO CodeGenerator: Code generated in 21.715826 ms
[2024-09-14T21:18:57.415+0000] {spark_submit.py:579} INFO - 24/09/14 21:18:57 INFO CodeGenerator: Code generated in 10.539825 ms
[2024-09-14T21:18:57.451+0000] {spark_submit.py:579} INFO - 24/09/14 21:18:57 INFO CodeGenerator: Code generated in 10.629185 ms
[2024-09-14T21:18:57.486+0000] {spark_submit.py:579} INFO - 24/09/14 21:18:57 INFO FileScanRDD: Reading File path: file:///opt/***/datasets/Airbnb.csv, range: 0-4194304, partition values: [empty row]
[2024-09-14T21:18:57.487+0000] {spark_submit.py:579} INFO - 24/09/14 21:18:57 INFO FileScanRDD: Reading File path: file:///opt/***/datasets/Airbnb.csv, range: 4194304-7081245, partition values: [empty row]
[2024-09-14T21:18:58.036+0000] {spark_submit.py:579} INFO - 24/09/14 21:18:58 INFO Executor: Finished task 1.0 in stage 8.0 (TID 10). 2821 bytes result sent to driver
[2024-09-14T21:18:58.039+0000] {spark_submit.py:579} INFO - 24/09/14 21:18:58 INFO TaskSetManager: Finished task 1.0 in stage 8.0 (TID 10) in 806 ms on fb744bf0dc86 (executor driver) (1/2)
[2024-09-14T21:18:58.094+0000] {spark_submit.py:579} INFO - 24/09/14 21:18:58 INFO Executor: Finished task 0.0 in stage 8.0 (TID 9). 2821 bytes result sent to driver
[2024-09-14T21:18:58.098+0000] {spark_submit.py:579} INFO - 24/09/14 21:18:58 INFO TaskSetManager: Finished task 0.0 in stage 8.0 (TID 9) in 867 ms on fb744bf0dc86 (executor driver) (2/2)
[2024-09-14T21:18:58.100+0000] {spark_submit.py:579} INFO - 24/09/14 21:18:58 INFO TaskSchedulerImpl: Removed TaskSet 8.0, whose tasks have all completed, from pool
[2024-09-14T21:18:58.102+0000] {spark_submit.py:579} INFO - 24/09/14 21:18:58 INFO DAGScheduler: ShuffleMapStage 8 (saveAsTable at NativeMethodAccessorImpl.java:0) finished in 0.893 s
[2024-09-14T21:18:58.106+0000] {spark_submit.py:579} INFO - 24/09/14 21:18:58 INFO DAGScheduler: looking for newly runnable stages
[2024-09-14T21:18:58.111+0000] {spark_submit.py:579} INFO - 24/09/14 21:18:58 INFO DAGScheduler: running: Set()
[2024-09-14T21:18:58.112+0000] {spark_submit.py:579} INFO - 24/09/14 21:18:58 INFO DAGScheduler: waiting: Set()
[2024-09-14T21:18:58.114+0000] {spark_submit.py:579} INFO - 24/09/14 21:18:58 INFO DAGScheduler: failed: Set()
[2024-09-14T21:18:58.148+0000] {spark_submit.py:579} INFO - 24/09/14 21:18:58 INFO ShufflePartitionsUtil: For shuffle(1), advisory target size: 67108864, actual target size 1048576, minimum partition size: 1048576
[2024-09-14T21:18:58.388+0000] {spark_submit.py:579} INFO - 24/09/14 21:18:58 INFO ParquetUtils: Using default output committer for Parquet: org.apache.parquet.hadoop.ParquetOutputCommitter
[2024-09-14T21:18:58.429+0000] {spark_submit.py:579} INFO - 24/09/14 21:18:58 INFO FileOutputCommitter: File Output Committer Algorithm version is 1
[2024-09-14T21:18:58.431+0000] {spark_submit.py:579} INFO - 24/09/14 21:18:58 INFO FileOutputCommitter: FileOutputCommitter skip cleanup _temporary folders under output directory:false, ignore cleanup failures: false
[2024-09-14T21:18:58.433+0000] {spark_submit.py:579} INFO - 24/09/14 21:18:58 INFO SQLHadoopMapReduceCommitProtocol: Using user defined output committer class org.apache.parquet.hadoop.ParquetOutputCommitter
[2024-09-14T21:18:58.434+0000] {spark_submit.py:579} INFO - 24/09/14 21:18:58 INFO FileOutputCommitter: File Output Committer Algorithm version is 1
[2024-09-14T21:18:58.436+0000] {spark_submit.py:579} INFO - 24/09/14 21:18:58 INFO FileOutputCommitter: FileOutputCommitter skip cleanup _temporary folders under output directory:false, ignore cleanup failures: false
[2024-09-14T21:18:58.438+0000] {spark_submit.py:579} INFO - 24/09/14 21:18:58 INFO SQLHadoopMapReduceCommitProtocol: Using output committer class org.apache.parquet.hadoop.ParquetOutputCommitter
[2024-09-14T21:18:58.474+0000] {spark_submit.py:579} INFO - 24/09/14 21:18:58 INFO HashAggregateExec: spark.sql.codegen.aggregate.map.twolevel.enabled is set to true, but current version of codegened fast hashmap does not support this aggregate.
[2024-09-14T21:18:58.562+0000] {spark_submit.py:579} INFO - 24/09/14 21:18:58 INFO CodeGenerator: Code generated in 56.487349 ms
[2024-09-14T21:18:58.650+0000] {spark_submit.py:579} INFO - 24/09/14 21:18:58 INFO SparkContext: Starting job: saveAsTable at NativeMethodAccessorImpl.java:0
[2024-09-14T21:18:58.654+0000] {spark_submit.py:579} INFO - 24/09/14 21:18:58 INFO DAGScheduler: Got job 8 (saveAsTable at NativeMethodAccessorImpl.java:0) with 1 output partitions
[2024-09-14T21:18:58.656+0000] {spark_submit.py:579} INFO - 24/09/14 21:18:58 INFO DAGScheduler: Final stage: ResultStage 10 (saveAsTable at NativeMethodAccessorImpl.java:0)
[2024-09-14T21:18:58.658+0000] {spark_submit.py:579} INFO - 24/09/14 21:18:58 INFO DAGScheduler: Parents of final stage: List(ShuffleMapStage 9)
[2024-09-14T21:18:58.660+0000] {spark_submit.py:579} INFO - 24/09/14 21:18:58 INFO DAGScheduler: Missing parents: List()
[2024-09-14T21:18:58.662+0000] {spark_submit.py:579} INFO - 24/09/14 21:18:58 INFO DAGScheduler: Submitting ResultStage 10 (MapPartitionsRDD[32] at saveAsTable at NativeMethodAccessorImpl.java:0), which has no missing parents
[2024-09-14T21:18:58.737+0000] {spark_submit.py:579} INFO - 24/09/14 21:18:58 INFO MemoryStore: Block broadcast_13 stored as values in memory (estimated size 261.3 KiB, free 433.6 MiB)
[2024-09-14T21:18:58.742+0000] {spark_submit.py:579} INFO - 24/09/14 21:18:58 INFO MemoryStore: Block broadcast_13_piece0 stored as bytes in memory (estimated size 96.6 KiB, free 433.5 MiB)
[2024-09-14T21:18:58.743+0000] {spark_submit.py:579} INFO - 24/09/14 21:18:58 INFO BlockManagerInfo: Added broadcast_13_piece0 in memory on fb744bf0dc86:39229 (size: 96.6 KiB, free: 434.2 MiB)
[2024-09-14T21:18:58.745+0000] {spark_submit.py:579} INFO - 24/09/14 21:18:58 INFO SparkContext: Created broadcast 13 from broadcast at DAGScheduler.scala:1585
[2024-09-14T21:18:58.747+0000] {spark_submit.py:579} INFO - 24/09/14 21:18:58 INFO DAGScheduler: Submitting 1 missing tasks from ResultStage 10 (MapPartitionsRDD[32] at saveAsTable at NativeMethodAccessorImpl.java:0) (first 15 tasks are for partitions Vector(0))
[2024-09-14T21:18:58.748+0000] {spark_submit.py:579} INFO - 24/09/14 21:18:58 INFO TaskSchedulerImpl: Adding task set 10.0 with 1 tasks resource profile 0
[2024-09-14T21:18:58.751+0000] {spark_submit.py:579} INFO - 24/09/14 21:18:58 INFO TaskSetManager: Starting task 0.0 in stage 10.0 (TID 11) (fb744bf0dc86, executor driver, partition 0, NODE_LOCAL, 8999 bytes)
[2024-09-14T21:18:58.754+0000] {spark_submit.py:579} INFO - 24/09/14 21:18:58 INFO Executor: Running task 0.0 in stage 10.0 (TID 11)
[2024-09-14T21:18:58.852+0000] {spark_submit.py:579} INFO - 24/09/14 21:18:58 INFO ShuffleBlockFetcherIterator: Getting 2 (943.0 B) non-empty blocks including 2 (943.0 B) local and 0 (0.0 B) host-local and 0 (0.0 B) push-merged-local and 0 (0.0 B) remote blocks
[2024-09-14T21:18:58.854+0000] {spark_submit.py:579} INFO - 24/09/14 21:18:58 INFO ShuffleBlockFetcherIterator: Started 0 remote fetches in 3 ms
[2024-09-14T21:18:58.894+0000] {spark_submit.py:579} INFO - 24/09/14 21:18:58 INFO CodeGenerator: Code generated in 38.605517 ms
[2024-09-14T21:18:58.899+0000] {spark_submit.py:579} INFO - 24/09/14 21:18:58 INFO FileOutputCommitter: File Output Committer Algorithm version is 1
[2024-09-14T21:18:58.901+0000] {spark_submit.py:579} INFO - 24/09/14 21:18:58 INFO FileOutputCommitter: FileOutputCommitter skip cleanup _temporary folders under output directory:false, ignore cleanup failures: false
[2024-09-14T21:18:58.902+0000] {spark_submit.py:579} INFO - 24/09/14 21:18:58 INFO SQLHadoopMapReduceCommitProtocol: Using user defined output committer class org.apache.parquet.hadoop.ParquetOutputCommitter
[2024-09-14T21:18:58.904+0000] {spark_submit.py:579} INFO - 24/09/14 21:18:58 INFO FileOutputCommitter: File Output Committer Algorithm version is 1
[2024-09-14T21:18:58.906+0000] {spark_submit.py:579} INFO - 24/09/14 21:18:58 INFO FileOutputCommitter: FileOutputCommitter skip cleanup _temporary folders under output directory:false, ignore cleanup failures: false
[2024-09-14T21:18:58.908+0000] {spark_submit.py:579} INFO - 24/09/14 21:18:58 INFO SQLHadoopMapReduceCommitProtocol: Using output committer class org.apache.parquet.hadoop.ParquetOutputCommitter
[2024-09-14T21:18:58.924+0000] {spark_submit.py:579} INFO - 24/09/14 21:18:58 INFO CodecConfig: Compression: SNAPPY
[2024-09-14T21:18:58.932+0000] {spark_submit.py:579} INFO - 24/09/14 21:18:58 INFO CodecConfig: Compression: SNAPPY
[2024-09-14T21:18:58.989+0000] {spark_submit.py:579} INFO - 24/09/14 21:18:58 INFO ParquetOutputFormat: ParquetRecordWriter [block size: 134217728b, row group padding size: 8388608b, validating: false]
[2024-09-14T21:18:59.110+0000] {spark_submit.py:579} INFO - 24/09/14 21:18:59 INFO ParquetWriteSupport: Initialized Parquet WriteSupport with Catalyst schema:
[2024-09-14T21:18:59.112+0000] {spark_submit.py:579} INFO - {
[2024-09-14T21:18:59.115+0000] {spark_submit.py:579} INFO - "type" : "struct",
[2024-09-14T21:18:59.117+0000] {spark_submit.py:579} INFO - "fields" : [ {
[2024-09-14T21:18:59.120+0000] {spark_submit.py:579} INFO - "name" : "neighbourhood_group",
[2024-09-14T21:18:59.123+0000] {spark_submit.py:579} INFO - "type" : "string",
[2024-09-14T21:18:59.133+0000] {spark_submit.py:579} INFO - "nullable" : true,
[2024-09-14T21:18:59.141+0000] {spark_submit.py:579} INFO - "metadata" : { }
[2024-09-14T21:18:59.144+0000] {spark_submit.py:579} INFO - }, {
[2024-09-14T21:18:59.147+0000] {spark_submit.py:579} INFO - "name" : "average_price",
[2024-09-14T21:18:59.149+0000] {spark_submit.py:579} INFO - "type" : "double",
[2024-09-14T21:18:59.151+0000] {spark_submit.py:579} INFO - "nullable" : true,
[2024-09-14T21:18:59.156+0000] {spark_submit.py:579} INFO - "metadata" : { }
[2024-09-14T21:18:59.158+0000] {spark_submit.py:579} INFO - }, {
[2024-09-14T21:18:59.160+0000] {spark_submit.py:579} INFO - "name" : "min_price",
[2024-09-14T21:18:59.163+0000] {spark_submit.py:579} INFO - "type" : "integer",
[2024-09-14T21:18:59.165+0000] {spark_submit.py:579} INFO - "nullable" : true,
[2024-09-14T21:18:59.168+0000] {spark_submit.py:579} INFO - "metadata" : { }
[2024-09-14T21:18:59.171+0000] {spark_submit.py:579} INFO - }, {
[2024-09-14T21:18:59.175+0000] {spark_submit.py:579} INFO - "name" : "max_price",
[2024-09-14T21:18:59.180+0000] {spark_submit.py:579} INFO - "type" : "integer",
[2024-09-14T21:18:59.182+0000] {spark_submit.py:579} INFO - "nullable" : true,
[2024-09-14T21:18:59.185+0000] {spark_submit.py:579} INFO - "metadata" : { }
[2024-09-14T21:18:59.190+0000] {spark_submit.py:579} INFO - }, {
[2024-09-14T21:18:59.192+0000] {spark_submit.py:579} INFO - "name" : "count",
[2024-09-14T21:18:59.194+0000] {spark_submit.py:579} INFO - "type" : "long",
[2024-09-14T21:18:59.196+0000] {spark_submit.py:579} INFO - "nullable" : false,
[2024-09-14T21:18:59.199+0000] {spark_submit.py:579} INFO - "metadata" : { }
[2024-09-14T21:18:59.201+0000] {spark_submit.py:579} INFO - } ]
[2024-09-14T21:18:59.203+0000] {spark_submit.py:579} INFO - }
[2024-09-14T21:18:59.205+0000] {spark_submit.py:579} INFO - and corresponding Parquet message type:
[2024-09-14T21:18:59.206+0000] {spark_submit.py:579} INFO - message spark_schema {
[2024-09-14T21:18:59.209+0000] {spark_submit.py:579} INFO - optional binary neighbourhood_group (STRING);
[2024-09-14T21:18:59.211+0000] {spark_submit.py:579} INFO - optional double average_price;
[2024-09-14T21:18:59.213+0000] {spark_submit.py:579} INFO - optional int32 min_price;
[2024-09-14T21:18:59.215+0000] {spark_submit.py:579} INFO - optional int32 max_price;
[2024-09-14T21:18:59.217+0000] {spark_submit.py:579} INFO - required int64 count;
[2024-09-14T21:18:59.219+0000] {spark_submit.py:579} INFO - }
[2024-09-14T21:18:59.222+0000] {spark_submit.py:579} INFO - 
[2024-09-14T21:18:59.224+0000] {spark_submit.py:579} INFO - 
[2024-09-14T21:18:59.451+0000] {spark_submit.py:579} INFO - 24/09/14 21:18:59 INFO CodecPool: Got brand-new compressor [.snappy]
[2024-09-14T21:19:02.656+0000] {spark_submit.py:579} INFO - 24/09/14 21:19:02 INFO FileOutputCommitter: Saved output of task 'attempt_202409142118586431436519387551424_0010_m_000000_11' to hdfs://namenode:9000/user/hive/warehouse/price_distribution/_temporary/0/task_202409142118586431436519387551424_0010_m_000000
[2024-09-14T21:19:02.681+0000] {spark_submit.py:579} INFO - 24/09/14 21:19:02 INFO SparkHadoopMapRedUtil: attempt_202409142118586431436519387551424_0010_m_000000_11: Committed. Elapsed time: 61 ms.
[2024-09-14T21:19:02.710+0000] {spark_submit.py:579} INFO - 24/09/14 21:19:02 INFO Executor: Finished task 0.0 in stage 10.0 (TID 11). 6193 bytes result sent to driver
[2024-09-14T21:19:02.716+0000] {spark_submit.py:579} INFO - 24/09/14 21:19:02 INFO TaskSetManager: Finished task 0.0 in stage 10.0 (TID 11) in 3965 ms on fb744bf0dc86 (executor driver) (1/1)
[2024-09-14T21:19:02.718+0000] {spark_submit.py:579} INFO - 24/09/14 21:19:02 INFO TaskSchedulerImpl: Removed TaskSet 10.0, whose tasks have all completed, from pool
[2024-09-14T21:19:02.721+0000] {spark_submit.py:579} INFO - 24/09/14 21:19:02 INFO DAGScheduler: ResultStage 10 (saveAsTable at NativeMethodAccessorImpl.java:0) finished in 4.049 s
[2024-09-14T21:19:02.723+0000] {spark_submit.py:579} INFO - 24/09/14 21:19:02 INFO DAGScheduler: Job 8 is finished. Cancelling potential speculative or zombie tasks for this job
[2024-09-14T21:19:02.724+0000] {spark_submit.py:579} INFO - 24/09/14 21:19:02 INFO TaskSchedulerImpl: Killing all running tasks in stage 10: Stage finished
[2024-09-14T21:19:02.728+0000] {spark_submit.py:579} INFO - 24/09/14 21:19:02 INFO DAGScheduler: Job 8 finished: saveAsTable at NativeMethodAccessorImpl.java:0, took 4.076766 s
[2024-09-14T21:19:02.734+0000] {spark_submit.py:579} INFO - 24/09/14 21:19:02 INFO FileFormatWriter: Start to commit write Job 3879797f-2907-480b-b73e-df7223ecac6e.
[2024-09-14T21:19:02.856+0000] {spark_submit.py:579} INFO - 24/09/14 21:19:02 INFO FileFormatWriter: Write Job 3879797f-2907-480b-b73e-df7223ecac6e committed. Elapsed time: 115 ms.
[2024-09-14T21:19:02.873+0000] {spark_submit.py:579} INFO - 24/09/14 21:19:02 INFO FileFormatWriter: Finished processing stats for write job 3879797f-2907-480b-b73e-df7223ecac6e.
[2024-09-14T21:19:02.949+0000] {spark_submit.py:579} INFO - 24/09/14 21:19:02 INFO InMemoryFileIndex: It took 19 ms to list leaf files for 1 paths.
[2024-09-14T21:19:03.178+0000] {spark_submit.py:579} INFO - 24/09/14 21:19:03 INFO HiveExternalCatalog: Persisting file based data source table `spark_catalog`.`default`.`price_distribution` into Hive metastore in Hive compatible format.
[2024-09-14T21:19:03.276+0000] {spark_submit.py:579} INFO - 24/09/14 21:19:03 INFO SQLStdHiveAccessController: Created SQLStdHiveAccessController for session context : HiveAuthzSessionContext [sessionString=55db0df9-a13a-4b74-bdf3-d2691bc278d6, clientType=HIVECLI]
[2024-09-14T21:19:03.282+0000] {spark_submit.py:579} INFO - 24/09/14 21:19:03 WARN SessionState: METASTORE_FILTER_HOOK will be ignored, since hive.security.authorization.manager is set to instance of HiveAuthorizerFactory.
[2024-09-14T21:19:03.284+0000] {spark_submit.py:579} INFO - 24/09/14 21:19:03 INFO metastore: Mestastore configuration hive.metastore.filter.hook changed from org.apache.hadoop.hive.metastore.DefaultMetaStoreFilterHookImpl to org.apache.hadoop.hive.ql.security.authorization.plugin.AuthorizationMetaStoreFilterHook
[2024-09-14T21:19:03.316+0000] {spark_submit.py:579} INFO - 24/09/14 21:19:03 INFO metastore: Closed a connection to metastore, current connections: 0
[2024-09-14T21:19:03.400+0000] {spark_submit.py:579} INFO - 24/09/14 21:19:03 INFO metastore: Trying to connect to metastore with URI thrift://hive-metastore:9083
[2024-09-14T21:19:03.402+0000] {spark_submit.py:579} INFO - 24/09/14 21:19:03 INFO metastore: Opened a connection to metastore, current connections: 1
[2024-09-14T21:19:03.403+0000] {spark_submit.py:579} INFO - 24/09/14 21:19:03 INFO metastore: Connected to metastore.
[2024-09-14T21:19:04.008+0000] {spark_submit.py:579} INFO - 24/09/14 21:19:04 INFO metastore: Trying to connect to metastore with URI thrift://hive-metastore:9083
[2024-09-14T21:19:04.246+0000] {spark_submit.py:579} INFO - 24/09/14 21:19:04 INFO metastore: Opened a connection to metastore, current connections: 2
[2024-09-14T21:19:04.322+0000] {spark_submit.py:579} INFO - 24/09/14 21:19:04 INFO metastore: Connected to metastore.
[2024-09-14T21:19:07.498+0000] {spark_submit.py:579} INFO - Таблица price_distribution успешно загружена в Hive!
[2024-09-14T21:19:08.320+0000] {spark_submit.py:579} INFO - Успешно создана таблица processed_airbnb_data!
[2024-09-14T21:19:09.225+0000] {spark_submit.py:579} INFO - 24/09/14 21:19:09 INFO FileSourceStrategy: Pushed Filters:
[2024-09-14T21:19:09.250+0000] {spark_submit.py:579} INFO - 24/09/14 21:19:09 INFO FileSourceStrategy: Post-Scan Filters: atleastnnonnulls(10, neighbourhood_group#25, neighbourhood#26, cast(regexp_replace(latitude#27, ,, ., 1) as float), cast(regexp_replace(longitude#28, ,, ., 1) as float), room_type#29, price#30, minimum_nights#31, number_of_reviews#32, calculated_host_listings_count#35, availability_365#36)
[2024-09-14T21:19:09.253+0000] {spark_submit.py:579} INFO - 24/09/14 21:19:09 INFO FileUtils: Creating directory if it doesn't exist: hdfs://namenode:9000/user/hive/warehouse/processed_airbnb_data/.hive-staging_hive_2024-09-14_21-19-09_004_4017727671151805253-1
[2024-09-14T21:19:10.426+0000] {spark_submit.py:579} INFO - 24/09/14 21:19:10 INFO FileOutputCommitter: File Output Committer Algorithm version is 1
[2024-09-14T21:19:10.457+0000] {spark_submit.py:579} INFO - 24/09/14 21:19:10 INFO FileOutputCommitter: FileOutputCommitter skip cleanup _temporary folders under output directory:false, ignore cleanup failures: false
[2024-09-14T21:19:10.459+0000] {spark_submit.py:579} INFO - 24/09/14 21:19:10 INFO SQLHadoopMapReduceCommitProtocol: Using output committer class org.apache.hadoop.mapreduce.lib.output.FileOutputCommitter
[2024-09-14T21:19:10.691+0000] {spark_submit.py:579} INFO - 24/09/14 21:19:10 INFO CodeGenerator: Code generated in 179.816399 ms
[2024-09-14T21:19:10.716+0000] {spark_submit.py:579} INFO - 24/09/14 21:19:10 INFO MemoryStore: Block broadcast_14 stored as values in memory (estimated size 200.1 KiB, free 433.3 MiB)
[2024-09-14T21:19:10.763+0000] {spark_submit.py:579} INFO - 24/09/14 21:19:10 INFO MemoryStore: Block broadcast_14_piece0 stored as bytes in memory (estimated size 34.5 KiB, free 433.2 MiB)
[2024-09-14T21:19:10.769+0000] {spark_submit.py:579} INFO - 24/09/14 21:19:10 INFO BlockManagerInfo: Added broadcast_14_piece0 in memory on fb744bf0dc86:39229 (size: 34.5 KiB, free: 434.2 MiB)
[2024-09-14T21:19:10.772+0000] {spark_submit.py:579} INFO - 24/09/14 21:19:10 INFO SparkContext: Created broadcast 14 from insertInto at NativeMethodAccessorImpl.java:0
[2024-09-14T21:19:10.780+0000] {spark_submit.py:579} INFO - 24/09/14 21:19:10 INFO FileSourceScanExec: Planning scan with bin packing, max size: 4194304 bytes, open cost is considered as scanning 4194304 bytes.
[2024-09-14T21:19:10.805+0000] {spark_submit.py:579} INFO - 24/09/14 21:19:10 INFO SparkContext: Starting job: insertInto at NativeMethodAccessorImpl.java:0
[2024-09-14T21:19:10.812+0000] {spark_submit.py:579} INFO - 24/09/14 21:19:10 INFO DAGScheduler: Got job 9 (insertInto at NativeMethodAccessorImpl.java:0) with 2 output partitions
[2024-09-14T21:19:10.814+0000] {spark_submit.py:579} INFO - 24/09/14 21:19:10 INFO DAGScheduler: Final stage: ResultStage 11 (insertInto at NativeMethodAccessorImpl.java:0)
[2024-09-14T21:19:10.818+0000] {spark_submit.py:579} INFO - 24/09/14 21:19:10 INFO DAGScheduler: Parents of final stage: List()
[2024-09-14T21:19:10.820+0000] {spark_submit.py:579} INFO - 24/09/14 21:19:10 INFO DAGScheduler: Missing parents: List()
[2024-09-14T21:19:10.821+0000] {spark_submit.py:579} INFO - 24/09/14 21:19:10 INFO DAGScheduler: Submitting ResultStage 11 (MapPartitionsRDD[36] at insertInto at NativeMethodAccessorImpl.java:0), which has no missing parents
[2024-09-14T21:19:11.144+0000] {spark_submit.py:579} INFO - 24/09/14 21:19:11 INFO BlockManagerInfo: Removed broadcast_13_piece0 on fb744bf0dc86:39229 in memory (size: 96.6 KiB, free: 434.3 MiB)
[2024-09-14T21:19:11.170+0000] {spark_submit.py:579} INFO - 24/09/14 21:19:11 INFO MemoryStore: Block broadcast_15 stored as values in memory (estimated size 334.5 KiB, free 433.3 MiB)
[2024-09-14T21:19:11.172+0000] {spark_submit.py:579} INFO - 24/09/14 21:19:11 INFO BlockManagerInfo: Removed broadcast_12_piece0 on fb744bf0dc86:39229 in memory (size: 25.6 KiB, free: 434.3 MiB)
[2024-09-14T21:19:11.174+0000] {spark_submit.py:579} INFO - 24/09/14 21:19:11 INFO MemoryStore: Block broadcast_15_piece0 stored as bytes in memory (estimated size 118.8 KiB, free 433.2 MiB)
[2024-09-14T21:19:11.176+0000] {spark_submit.py:579} INFO - 24/09/14 21:19:11 INFO BlockManagerInfo: Added broadcast_15_piece0 in memory on fb744bf0dc86:39229 (size: 118.8 KiB, free: 434.2 MiB)
[2024-09-14T21:19:11.179+0000] {spark_submit.py:579} INFO - 24/09/14 21:19:11 INFO SparkContext: Created broadcast 15 from broadcast at DAGScheduler.scala:1585
[2024-09-14T21:19:11.187+0000] {spark_submit.py:579} INFO - 24/09/14 21:19:11 INFO DAGScheduler: Submitting 2 missing tasks from ResultStage 11 (MapPartitionsRDD[36] at insertInto at NativeMethodAccessorImpl.java:0) (first 15 tasks are for partitions Vector(0, 1))
[2024-09-14T21:19:11.190+0000] {spark_submit.py:579} INFO - 24/09/14 21:19:11 INFO TaskSchedulerImpl: Adding task set 11.0 with 2 tasks resource profile 0
[2024-09-14T21:19:11.221+0000] {spark_submit.py:579} INFO - 24/09/14 21:19:11 INFO TaskSetManager: Starting task 0.0 in stage 11.0 (TID 12) (fb744bf0dc86, executor driver, partition 0, PROCESS_LOCAL, 9601 bytes)
[2024-09-14T21:19:11.228+0000] {spark_submit.py:579} INFO - 24/09/14 21:19:11 INFO TaskSetManager: Starting task 1.0 in stage 11.0 (TID 13) (fb744bf0dc86, executor driver, partition 1, PROCESS_LOCAL, 9601 bytes)
[2024-09-14T21:19:11.235+0000] {spark_submit.py:579} INFO - 24/09/14 21:19:11 INFO Executor: Running task 0.0 in stage 11.0 (TID 12)
[2024-09-14T21:19:11.237+0000] {spark_submit.py:579} INFO - 24/09/14 21:19:11 INFO Executor: Running task 1.0 in stage 11.0 (TID 13)
[2024-09-14T21:19:33.634+0000] {job.py:229} INFO - Heartbeat recovered after 37.30 seconds
[2024-09-14T21:19:33.631+0000] {taskinstance.py:3310} ERROR - Task failed with exception
Traceback (most recent call last):
  File "/home/airflow/.local/lib/python3.12/site-packages/airflow/models/taskinstance.py", line 767, in _execute_task
    result = _execute_callable(context=context, **execute_callable_kwargs)
             ^^^^^^^^^^^^^^^^^^^^^^^^^^^^^^^^^^^^^^^^^^^^^^^^^^^^^^^^^^^^^
  File "/home/airflow/.local/lib/python3.12/site-packages/airflow/models/taskinstance.py", line 733, in _execute_callable
    return ExecutionCallableRunner(
           ^^^^^^^^^^^^^^^^^^^^^^^^
  File "/home/airflow/.local/lib/python3.12/site-packages/airflow/utils/operator_helpers.py", line 252, in run
    return self.func(*args, **kwargs)
           ^^^^^^^^^^^^^^^^^^^^^^^^^^
  File "/home/airflow/.local/lib/python3.12/site-packages/airflow/models/baseoperator.py", line 406, in wrapper
    return func(self, *args, **kwargs)
           ^^^^^^^^^^^^^^^^^^^^^^^^^^^
  File "/home/airflow/.local/lib/python3.12/site-packages/airflow/providers/apache/spark/operators/spark_submit.py", line 174, in execute
    self._hook.submit(self.application)
  File "/home/airflow/.local/lib/python3.12/site-packages/airflow/providers/apache/spark/hooks/spark_submit.py", line 505, in submit
    raise AirflowException(
airflow.exceptions.AirflowException: Cannot execute: spark-submit --master spark://spark-master:7077 --conf spark.master=spark://spark-master:7077 --name arrow-spark --verbose --deploy-mode client /opt/***/dags/air_data_analysis.py. Error code is: -9.
[2024-09-14T21:19:33.724+0000] {taskinstance.py:1225} INFO - Marking task as UP_FOR_RETRY. dag_id=airbnb_model, task_id=data_analysis, run_id=manual__2024-09-14T17:50:30.952450+00:00, execution_date=20240914T175030, start_date=20240914T211810, end_date=20240914T211933
[2024-09-14T21:19:33.847+0000] {taskinstance.py:340} INFO - ::group::Post task execution logs
[2024-09-14T21:19:33.850+0000] {standard_task_runner.py:124} ERROR - Failed to execute job 689 for task data_analysis (Cannot execute: spark-submit --master spark://spark-master:7077 --conf spark.master=spark://spark-master:7077 --name arrow-spark --verbose --deploy-mode client /opt/***/dags/air_data_analysis.py. Error code is: -9.; 17829)
Traceback (most recent call last):
  File "/home/airflow/.local/lib/python3.12/site-packages/airflow/task/task_runner/standard_task_runner.py", line 117, in _start_by_fork
    ret = args.func(args, dag=self.dag)
          ^^^^^^^^^^^^^^^^^^^^^^^^^^^^^
  File "/home/airflow/.local/lib/python3.12/site-packages/airflow/cli/cli_config.py", line 49, in command
    return func(*args, **kwargs)
           ^^^^^^^^^^^^^^^^^^^^^
  File "/home/airflow/.local/lib/python3.12/site-packages/airflow/utils/cli.py", line 115, in wrapper
    return f(*args, **kwargs)
           ^^^^^^^^^^^^^^^^^^
  File "/home/airflow/.local/lib/python3.12/site-packages/airflow/cli/commands/task_command.py", line 483, in task_run
    task_return_code = _run_task_by_selected_method(args, _dag, ti)
                       ^^^^^^^^^^^^^^^^^^^^^^^^^^^^^^^^^^^^^^^^^^^^
  File "/home/airflow/.local/lib/python3.12/site-packages/airflow/cli/commands/task_command.py", line 256, in _run_task_by_selected_method
    return _run_raw_task(args, ti)
           ^^^^^^^^^^^^^^^^^^^^^^^
  File "/home/airflow/.local/lib/python3.12/site-packages/airflow/cli/commands/task_command.py", line 341, in _run_raw_task
    return ti._run_raw_task(
           ^^^^^^^^^^^^^^^^^
  File "/home/airflow/.local/lib/python3.12/site-packages/airflow/utils/session.py", line 97, in wrapper
    return func(*args, session=session, **kwargs)
           ^^^^^^^^^^^^^^^^^^^^^^^^^^^^^^^^^^^^^^
  File "/home/airflow/.local/lib/python3.12/site-packages/airflow/models/taskinstance.py", line 3004, in _run_raw_task
    return _run_raw_task(
           ^^^^^^^^^^^^^^
  File "/home/airflow/.local/lib/python3.12/site-packages/airflow/models/taskinstance.py", line 273, in _run_raw_task
    TaskInstance._execute_task_with_callbacks(
  File "/home/airflow/.local/lib/python3.12/site-packages/airflow/models/taskinstance.py", line 3158, in _execute_task_with_callbacks
    result = self._execute_task(context, task_orig)
             ^^^^^^^^^^^^^^^^^^^^^^^^^^^^^^^^^^^^^^
  File "/home/airflow/.local/lib/python3.12/site-packages/airflow/models/taskinstance.py", line 3182, in _execute_task
    return _execute_task(self, context, task_orig)
           ^^^^^^^^^^^^^^^^^^^^^^^^^^^^^^^^^^^^^^^
  File "/home/airflow/.local/lib/python3.12/site-packages/airflow/models/taskinstance.py", line 767, in _execute_task
    result = _execute_callable(context=context, **execute_callable_kwargs)
             ^^^^^^^^^^^^^^^^^^^^^^^^^^^^^^^^^^^^^^^^^^^^^^^^^^^^^^^^^^^^^
  File "/home/airflow/.local/lib/python3.12/site-packages/airflow/models/taskinstance.py", line 733, in _execute_callable
    return ExecutionCallableRunner(
           ^^^^^^^^^^^^^^^^^^^^^^^^
  File "/home/airflow/.local/lib/python3.12/site-packages/airflow/utils/operator_helpers.py", line 252, in run
    return self.func(*args, **kwargs)
           ^^^^^^^^^^^^^^^^^^^^^^^^^^
  File "/home/airflow/.local/lib/python3.12/site-packages/airflow/models/baseoperator.py", line 406, in wrapper
    return func(self, *args, **kwargs)
           ^^^^^^^^^^^^^^^^^^^^^^^^^^^
  File "/home/airflow/.local/lib/python3.12/site-packages/airflow/providers/apache/spark/operators/spark_submit.py", line 174, in execute
    self._hook.submit(self.application)
  File "/home/airflow/.local/lib/python3.12/site-packages/airflow/providers/apache/spark/hooks/spark_submit.py", line 505, in submit
    raise AirflowException(
airflow.exceptions.AirflowException: Cannot execute: spark-submit --master spark://spark-master:7077 --conf spark.master=spark://spark-master:7077 --name arrow-spark --verbose --deploy-mode client /opt/***/dags/air_data_analysis.py. Error code is: -9.
[2024-09-14T21:19:33.937+0000] {local_task_job_runner.py:266} INFO - Task exited with return code 1
[2024-09-14T21:19:34.066+0000] {taskinstance.py:3900} INFO - 0 downstream tasks scheduled from follow-on schedule check
[2024-09-14T21:19:34.107+0000] {local_task_job_runner.py:245} INFO - ::endgroup::
