[2024-09-14T20:39:58.208+0000] {local_task_job_runner.py:123} INFO - ::group::Pre task execution logs
[2024-09-14T20:39:58.263+0000] {taskinstance.py:2612} INFO - Dependencies all met for dep_context=non-requeueable deps ti=<TaskInstance: airbnb_model.data_analysis manual__2024-09-14T17:50:30.952450+00:00 [queued]>
[2024-09-14T20:39:58.302+0000] {taskinstance.py:2612} INFO - Dependencies all met for dep_context=requeueable deps ti=<TaskInstance: airbnb_model.data_analysis manual__2024-09-14T17:50:30.952450+00:00 [queued]>
[2024-09-14T20:39:58.303+0000] {taskinstance.py:2865} INFO - Starting attempt 8 of 11
[2024-09-14T20:39:58.341+0000] {taskinstance.py:2888} INFO - Executing <Task(SparkSubmitOperator): data_analysis> on 2024-09-14 17:50:30.952450+00:00
[2024-09-14T20:39:58.370+0000] {standard_task_runner.py:104} INFO - Running: ['***', 'tasks', 'run', 'airbnb_model', 'data_analysis', 'manual__2024-09-14T17:50:30.952450+00:00', '--job-id', '681', '--raw', '--subdir', 'DAGS_FOLDER/air_price_pred_dag.py', '--cfg-path', '/tmp/tmp59zkr19a']
[2024-09-14T20:39:58.380+0000] {standard_task_runner.py:105} INFO - Job 681: Subtask data_analysis
[2024-09-14T20:39:58.389+0000] {logging_mixin.py:190} WARNING - /home/***/.local/lib/python3.12/site-packages/***/task/task_runner/standard_task_runner.py:70 DeprecationWarning: This process (pid=14297) is multi-threaded, use of fork() may lead to deadlocks in the child.
[2024-09-14T20:39:58.391+0000] {standard_task_runner.py:72} INFO - Started process 14298 to run task
[2024-09-14T20:39:58.473+0000] {task_command.py:467} INFO - Running <TaskInstance: airbnb_model.data_analysis manual__2024-09-14T17:50:30.952450+00:00 [running]> on host fb744bf0dc86
[2024-09-14T20:39:58.677+0000] {taskinstance.py:3131} INFO - Exporting env vars: AIRFLOW_CTX_DAG_OWNER='Denis' AIRFLOW_CTX_DAG_ID='airbnb_model' AIRFLOW_CTX_TASK_ID='data_analysis' AIRFLOW_CTX_EXECUTION_DATE='2024-09-14T17:50:30.952450+00:00' AIRFLOW_CTX_TRY_NUMBER='8' AIRFLOW_CTX_DAG_RUN_ID='manual__2024-09-14T17:50:30.952450+00:00'
[2024-09-14T20:39:58.679+0000] {taskinstance.py:731} INFO - ::endgroup::
[2024-09-14T20:39:58.767+0000] {base.py:84} INFO - Retrieving connection 'spark_default'
[2024-09-14T20:39:58.770+0000] {spark_submit.py:403} INFO - Spark-Submit cmd: spark-submit --master spark://spark-master:7077 --conf spark.master=spark://spark-master:7077 --name arrow-spark --verbose --deploy-mode client /opt/***/dags/air_data_analysis.py
[2024-09-14T20:40:03.814+0000] {spark_submit.py:579} INFO - Using properties file: null
[2024-09-14T20:40:04.138+0000] {spark_submit.py:579} INFO - Parsed arguments:
[2024-09-14T20:40:04.139+0000] {spark_submit.py:579} INFO - master                  spark://spark-master:7077
[2024-09-14T20:40:04.140+0000] {spark_submit.py:579} INFO - remote                  null
[2024-09-14T20:40:04.142+0000] {spark_submit.py:579} INFO - deployMode              client
[2024-09-14T20:40:04.143+0000] {spark_submit.py:579} INFO - executorMemory          null
[2024-09-14T20:40:04.144+0000] {spark_submit.py:579} INFO - executorCores           null
[2024-09-14T20:40:04.145+0000] {spark_submit.py:579} INFO - totalExecutorCores      null
[2024-09-14T20:40:04.147+0000] {spark_submit.py:579} INFO - propertiesFile          null
[2024-09-14T20:40:04.148+0000] {spark_submit.py:579} INFO - driverMemory            null
[2024-09-14T20:40:04.150+0000] {spark_submit.py:579} INFO - driverCores             null
[2024-09-14T20:40:04.151+0000] {spark_submit.py:579} INFO - driverExtraClassPath    null
[2024-09-14T20:40:04.153+0000] {spark_submit.py:579} INFO - driverExtraLibraryPath  null
[2024-09-14T20:40:04.154+0000] {spark_submit.py:579} INFO - driverExtraJavaOptions  null
[2024-09-14T20:40:04.155+0000] {spark_submit.py:579} INFO - supervise               false
[2024-09-14T20:40:04.156+0000] {spark_submit.py:579} INFO - queue                   null
[2024-09-14T20:40:04.158+0000] {spark_submit.py:579} INFO - numExecutors            null
[2024-09-14T20:40:04.159+0000] {spark_submit.py:579} INFO - files                   null
[2024-09-14T20:40:04.160+0000] {spark_submit.py:579} INFO - pyFiles                 null
[2024-09-14T20:40:04.161+0000] {spark_submit.py:579} INFO - archives                null
[2024-09-14T20:40:04.163+0000] {spark_submit.py:579} INFO - mainClass               null
[2024-09-14T20:40:04.164+0000] {spark_submit.py:579} INFO - primaryResource         file:/opt/***/dags/air_data_analysis.py
[2024-09-14T20:40:04.166+0000] {spark_submit.py:579} INFO - name                    arrow-spark
[2024-09-14T20:40:04.167+0000] {spark_submit.py:579} INFO - childArgs               []
[2024-09-14T20:40:04.169+0000] {spark_submit.py:579} INFO - jars                    null
[2024-09-14T20:40:04.170+0000] {spark_submit.py:579} INFO - packages                null
[2024-09-14T20:40:04.171+0000] {spark_submit.py:579} INFO - packagesExclusions      null
[2024-09-14T20:40:04.172+0000] {spark_submit.py:579} INFO - repositories            null
[2024-09-14T20:40:04.173+0000] {spark_submit.py:579} INFO - verbose                 true
[2024-09-14T20:40:04.175+0000] {spark_submit.py:579} INFO - 
[2024-09-14T20:40:04.176+0000] {spark_submit.py:579} INFO - Spark properties used, including those specified through
[2024-09-14T20:40:04.177+0000] {spark_submit.py:579} INFO - --conf and those from the properties file null:
[2024-09-14T20:40:04.179+0000] {spark_submit.py:579} INFO - (spark.master,spark://spark-master:7077)
[2024-09-14T20:40:04.180+0000] {spark_submit.py:579} INFO - 
[2024-09-14T20:40:04.182+0000] {spark_submit.py:579} INFO - 
[2024-09-14T20:40:05.047+0000] {spark_submit.py:579} INFO - Main class:
[2024-09-14T20:40:05.050+0000] {spark_submit.py:579} INFO - org.apache.spark.deploy.PythonRunner
[2024-09-14T20:40:05.052+0000] {spark_submit.py:579} INFO - Arguments:
[2024-09-14T20:40:05.053+0000] {spark_submit.py:579} INFO - file:/opt/***/dags/air_data_analysis.py
[2024-09-14T20:40:05.055+0000] {spark_submit.py:579} INFO - null
[2024-09-14T20:40:05.059+0000] {spark_submit.py:579} INFO - Spark config:
[2024-09-14T20:40:05.061+0000] {spark_submit.py:579} INFO - (spark.app.name,arrow-spark)
[2024-09-14T20:40:05.063+0000] {spark_submit.py:579} INFO - (spark.app.submitTime,1726346405001)
[2024-09-14T20:40:05.064+0000] {spark_submit.py:579} INFO - (spark.master,spark://spark-master:7077)
[2024-09-14T20:40:05.066+0000] {spark_submit.py:579} INFO - (spark.submit.deployMode,client)
[2024-09-14T20:40:05.068+0000] {spark_submit.py:579} INFO - (spark.submit.pyFiles,)
[2024-09-14T20:40:05.069+0000] {spark_submit.py:579} INFO - Classpath elements:
[2024-09-14T20:40:05.070+0000] {spark_submit.py:579} INFO - 
[2024-09-14T20:40:05.072+0000] {spark_submit.py:579} INFO - 
[2024-09-14T20:40:05.073+0000] {spark_submit.py:579} INFO - 
[2024-09-14T20:40:07.875+0000] {spark_submit.py:579} INFO - 24/09/14 20:40:07 INFO SparkContext: Running Spark version 3.5.2
[2024-09-14T20:40:07.882+0000] {spark_submit.py:579} INFO - 24/09/14 20:40:07 INFO SparkContext: OS info Linux, 5.15.153.1-microsoft-standard-WSL2, amd64
[2024-09-14T20:40:07.883+0000] {spark_submit.py:579} INFO - 24/09/14 20:40:07 INFO SparkContext: Java version 17.0.12
[2024-09-14T20:40:08.072+0000] {spark_submit.py:579} INFO - 24/09/14 20:40:08 WARN NativeCodeLoader: Unable to load native-hadoop library for your platform... using builtin-java classes where applicable
[2024-09-14T20:40:08.347+0000] {spark_submit.py:579} INFO - 24/09/14 20:40:08 INFO ResourceUtils: ==============================================================
[2024-09-14T20:40:08.349+0000] {spark_submit.py:579} INFO - 24/09/14 20:40:08 INFO ResourceUtils: No custom resources configured for spark.driver.
[2024-09-14T20:40:08.351+0000] {spark_submit.py:579} INFO - 24/09/14 20:40:08 INFO ResourceUtils: ==============================================================
[2024-09-14T20:40:08.354+0000] {spark_submit.py:579} INFO - 24/09/14 20:40:08 INFO SparkContext: Submitted application: Airbnb_regr_model
[2024-09-14T20:40:08.425+0000] {spark_submit.py:579} INFO - 24/09/14 20:40:08 INFO ResourceProfile: Default ResourceProfile created, executor resources: Map(cores -> name: cores, amount: 1, script: , vendor: , memory -> name: memory, amount: 1024, script: , vendor: , offHeap -> name: offHeap, amount: 0, script: , vendor: ), task resources: Map(cpus -> name: cpus, amount: 1.0)
[2024-09-14T20:40:08.450+0000] {spark_submit.py:579} INFO - 24/09/14 20:40:08 INFO ResourceProfile: Limiting resource is cpu
[2024-09-14T20:40:08.452+0000] {spark_submit.py:579} INFO - 24/09/14 20:40:08 INFO ResourceProfileManager: Added ResourceProfile id: 0
[2024-09-14T20:40:08.635+0000] {spark_submit.py:579} INFO - 24/09/14 20:40:08 INFO SecurityManager: Changing view acls to: ***
[2024-09-14T20:40:08.637+0000] {spark_submit.py:579} INFO - 24/09/14 20:40:08 INFO SecurityManager: Changing modify acls to: ***
[2024-09-14T20:40:08.640+0000] {spark_submit.py:579} INFO - 24/09/14 20:40:08 INFO SecurityManager: Changing view acls groups to:
[2024-09-14T20:40:08.642+0000] {spark_submit.py:579} INFO - 24/09/14 20:40:08 INFO SecurityManager: Changing modify acls groups to:
[2024-09-14T20:40:08.643+0000] {spark_submit.py:579} INFO - 24/09/14 20:40:08 INFO SecurityManager: SecurityManager: authentication disabled; ui acls disabled; users with view permissions: ***; groups with view permissions: EMPTY; users with modify permissions: ***; groups with modify permissions: EMPTY
[2024-09-14T20:40:09.333+0000] {spark_submit.py:579} INFO - 24/09/14 20:40:09 INFO Utils: Successfully started service 'sparkDriver' on port 43751.
[2024-09-14T20:40:09.449+0000] {spark_submit.py:579} INFO - 24/09/14 20:40:09 INFO SparkEnv: Registering MapOutputTracker
[2024-09-14T20:40:09.548+0000] {spark_submit.py:579} INFO - 24/09/14 20:40:09 INFO SparkEnv: Registering BlockManagerMaster
[2024-09-14T20:40:09.594+0000] {spark_submit.py:579} INFO - 24/09/14 20:40:09 INFO BlockManagerMasterEndpoint: Using org.apache.spark.storage.DefaultTopologyMapper for getting topology information
[2024-09-14T20:40:09.597+0000] {spark_submit.py:579} INFO - 24/09/14 20:40:09 INFO BlockManagerMasterEndpoint: BlockManagerMasterEndpoint up
[2024-09-14T20:40:09.607+0000] {spark_submit.py:579} INFO - 24/09/14 20:40:09 INFO SparkEnv: Registering BlockManagerMasterHeartbeat
[2024-09-14T20:40:09.669+0000] {spark_submit.py:579} INFO - 24/09/14 20:40:09 INFO DiskBlockManager: Created local directory at /tmp/blockmgr-b74b3615-ca5d-4d12-bd2a-5395dba5a80a
[2024-09-14T20:40:09.706+0000] {spark_submit.py:579} INFO - 24/09/14 20:40:09 INFO MemoryStore: MemoryStore started with capacity 434.4 MiB
[2024-09-14T20:40:09.752+0000] {spark_submit.py:579} INFO - 24/09/14 20:40:09 INFO SparkEnv: Registering OutputCommitCoordinator
[2024-09-14T20:40:10.279+0000] {spark_submit.py:579} INFO - 24/09/14 20:40:10 INFO JettyUtils: Start Jetty 0.0.0.0:4040 for SparkUI
[2024-09-14T20:40:10.558+0000] {spark_submit.py:579} INFO - 24/09/14 20:40:10 INFO Utils: Successfully started service 'SparkUI' on port 4040.
[2024-09-14T20:40:10.954+0000] {spark_submit.py:579} INFO - 24/09/14 20:40:10 INFO Executor: Starting executor ID driver on host fb744bf0dc86
[2024-09-14T20:40:10.956+0000] {spark_submit.py:579} INFO - 24/09/14 20:40:10 INFO Executor: OS info Linux, 5.15.153.1-microsoft-standard-WSL2, amd64
[2024-09-14T20:40:10.957+0000] {spark_submit.py:579} INFO - 24/09/14 20:40:10 INFO Executor: Java version 17.0.12
[2024-09-14T20:40:10.987+0000] {spark_submit.py:579} INFO - 24/09/14 20:40:10 INFO Executor: Starting executor with user classpath (userClassPathFirst = false): ''
[2024-09-14T20:40:10.989+0000] {spark_submit.py:579} INFO - 24/09/14 20:40:10 INFO Executor: Created or updated repl class loader org.apache.spark.util.MutableURLClassLoader@12f948e4 for default.
[2024-09-14T20:40:11.049+0000] {spark_submit.py:579} INFO - 24/09/14 20:40:11 INFO Utils: Successfully started service 'org.apache.spark.network.netty.NettyBlockTransferService' on port 32993.
[2024-09-14T20:40:11.052+0000] {spark_submit.py:579} INFO - 24/09/14 20:40:11 INFO NettyBlockTransferService: Server created on fb744bf0dc86:32993
[2024-09-14T20:40:11.055+0000] {spark_submit.py:579} INFO - 24/09/14 20:40:11 INFO BlockManager: Using org.apache.spark.storage.RandomBlockReplicationPolicy for block replication policy
[2024-09-14T20:40:11.075+0000] {spark_submit.py:579} INFO - 24/09/14 20:40:11 INFO BlockManagerMaster: Registering BlockManager BlockManagerId(driver, fb744bf0dc86, 32993, None)
[2024-09-14T20:40:11.084+0000] {spark_submit.py:579} INFO - 24/09/14 20:40:11 INFO BlockManagerMasterEndpoint: Registering block manager fb744bf0dc86:32993 with 434.4 MiB RAM, BlockManagerId(driver, fb744bf0dc86, 32993, None)
[2024-09-14T20:40:11.089+0000] {spark_submit.py:579} INFO - 24/09/14 20:40:11 INFO BlockManagerMaster: Registered BlockManager BlockManagerId(driver, fb744bf0dc86, 32993, None)
[2024-09-14T20:40:11.097+0000] {spark_submit.py:579} INFO - 24/09/14 20:40:11 INFO BlockManager: Initialized BlockManager: BlockManagerId(driver, fb744bf0dc86, 32993, None)
[2024-09-14T20:40:12.416+0000] {spark_submit.py:579} INFO - 24/09/14 20:40:12 INFO SharedState: Setting hive.metastore.warehouse.dir ('null') to the value of spark.sql.warehouse.dir.
[2024-09-14T20:40:12.445+0000] {spark_submit.py:579} INFO - 24/09/14 20:40:12 INFO SharedState: Warehouse path is 'file:/user/hive/warehouse'.
[2024-09-14T20:40:15.101+0000] {spark_submit.py:579} INFO - 24/09/14 20:40:15 INFO InMemoryFileIndex: It took 105 ms to list leaf files for 1 paths.
[2024-09-14T20:40:15.258+0000] {spark_submit.py:579} INFO - 24/09/14 20:40:15 INFO InMemoryFileIndex: It took 4 ms to list leaf files for 1 paths.
[2024-09-14T20:40:20.627+0000] {spark_submit.py:579} INFO - 24/09/14 20:40:20 INFO FileSourceStrategy: Pushed Filters:
[2024-09-14T20:40:20.633+0000] {spark_submit.py:579} INFO - 24/09/14 20:40:20 INFO FileSourceStrategy: Post-Scan Filters:
[2024-09-14T20:40:21.283+0000] {spark_submit.py:579} INFO - 24/09/14 20:40:21 INFO MemoryStore: Block broadcast_0 stored as values in memory (estimated size 200.2 KiB, free 434.2 MiB)
[2024-09-14T20:40:21.470+0000] {spark_submit.py:579} INFO - 24/09/14 20:40:21 INFO MemoryStore: Block broadcast_0_piece0 stored as bytes in memory (estimated size 34.5 KiB, free 434.2 MiB)
[2024-09-14T20:40:21.480+0000] {spark_submit.py:579} INFO - 24/09/14 20:40:21 INFO BlockManagerInfo: Added broadcast_0_piece0 in memory on fb744bf0dc86:32993 (size: 34.5 KiB, free: 434.4 MiB)
[2024-09-14T20:40:21.500+0000] {spark_submit.py:579} INFO - 24/09/14 20:40:21 INFO SparkContext: Created broadcast 0 from csv at NativeMethodAccessorImpl.java:0
[2024-09-14T20:40:21.544+0000] {spark_submit.py:579} INFO - 24/09/14 20:40:21 INFO FileSourceScanExec: Planning scan with bin packing, max size: 4194304 bytes, open cost is considered as scanning 4194304 bytes.
[2024-09-14T20:40:23.144+0000] {spark_submit.py:579} INFO - 24/09/14 20:40:23 INFO CodeGenerator: Code generated in 569.098127 ms
[2024-09-14T20:40:23.350+0000] {spark_submit.py:579} INFO - 24/09/14 20:40:23 INFO SparkContext: Starting job: csv at NativeMethodAccessorImpl.java:0
[2024-09-14T20:40:23.415+0000] {spark_submit.py:579} INFO - 24/09/14 20:40:23 INFO DAGScheduler: Got job 0 (csv at NativeMethodAccessorImpl.java:0) with 1 output partitions
[2024-09-14T20:40:23.417+0000] {spark_submit.py:579} INFO - 24/09/14 20:40:23 INFO DAGScheduler: Final stage: ResultStage 0 (csv at NativeMethodAccessorImpl.java:0)
[2024-09-14T20:40:23.418+0000] {spark_submit.py:579} INFO - 24/09/14 20:40:23 INFO DAGScheduler: Parents of final stage: List()
[2024-09-14T20:40:23.424+0000] {spark_submit.py:579} INFO - 24/09/14 20:40:23 INFO DAGScheduler: Missing parents: List()
[2024-09-14T20:40:23.433+0000] {spark_submit.py:579} INFO - 24/09/14 20:40:23 INFO DAGScheduler: Submitting ResultStage 0 (MapPartitionsRDD[6] at csv at NativeMethodAccessorImpl.java:0), which has no missing parents
[2024-09-14T20:40:23.725+0000] {spark_submit.py:579} INFO - 24/09/14 20:40:23 INFO MemoryStore: Block broadcast_1 stored as values in memory (estimated size 19.1 KiB, free 434.2 MiB)
[2024-09-14T20:40:23.730+0000] {spark_submit.py:579} INFO - 24/09/14 20:40:23 INFO MemoryStore: Block broadcast_1_piece0 stored as bytes in memory (estimated size 8.3 KiB, free 434.1 MiB)
[2024-09-14T20:40:23.732+0000] {spark_submit.py:579} INFO - 24/09/14 20:40:23 INFO BlockManagerInfo: Added broadcast_1_piece0 in memory on fb744bf0dc86:32993 (size: 8.3 KiB, free: 434.4 MiB)
[2024-09-14T20:40:23.734+0000] {spark_submit.py:579} INFO - 24/09/14 20:40:23 INFO SparkContext: Created broadcast 1 from broadcast at DAGScheduler.scala:1585
[2024-09-14T20:40:23.778+0000] {spark_submit.py:579} INFO - 24/09/14 20:40:23 INFO DAGScheduler: Submitting 1 missing tasks from ResultStage 0 (MapPartitionsRDD[6] at csv at NativeMethodAccessorImpl.java:0) (first 15 tasks are for partitions Vector(0))
[2024-09-14T20:40:23.782+0000] {spark_submit.py:579} INFO - 24/09/14 20:40:23 INFO TaskSchedulerImpl: Adding task set 0.0 with 1 tasks resource profile 0
[2024-09-14T20:40:23.906+0000] {spark_submit.py:579} INFO - 24/09/14 20:40:23 INFO TaskSetManager: Starting task 0.0 in stage 0.0 (TID 0) (fb744bf0dc86, executor driver, partition 0, PROCESS_LOCAL, 9601 bytes)
[2024-09-14T20:40:23.943+0000] {spark_submit.py:579} INFO - 24/09/14 20:40:23 INFO Executor: Running task 0.0 in stage 0.0 (TID 0)
[2024-09-14T20:40:24.225+0000] {spark_submit.py:579} INFO - 24/09/14 20:40:24 INFO CodeGenerator: Code generated in 40.898759 ms
[2024-09-14T20:40:24.234+0000] {spark_submit.py:579} INFO - 24/09/14 20:40:24 INFO FileScanRDD: Reading File path: file:///opt/***/datasets/Airbnb.csv, range: 0-4194304, partition values: [empty row]
[2024-09-14T20:40:24.280+0000] {spark_submit.py:579} INFO - 24/09/14 20:40:24 INFO CodeGenerator: Code generated in 28.818535 ms
[2024-09-14T20:40:24.413+0000] {spark_submit.py:579} INFO - 24/09/14 20:40:24 INFO Executor: Finished task 0.0 in stage 0.0 (TID 0). 1851 bytes result sent to driver
[2024-09-14T20:40:24.437+0000] {spark_submit.py:579} INFO - 24/09/14 20:40:24 INFO TaskSetManager: Finished task 0.0 in stage 0.0 (TID 0) in 560 ms on fb744bf0dc86 (executor driver) (1/1)
[2024-09-14T20:40:24.443+0000] {spark_submit.py:579} INFO - 24/09/14 20:40:24 INFO TaskSchedulerImpl: Removed TaskSet 0.0, whose tasks have all completed, from pool
[2024-09-14T20:40:24.459+0000] {spark_submit.py:579} INFO - 24/09/14 20:40:24 INFO DAGScheduler: ResultStage 0 (csv at NativeMethodAccessorImpl.java:0) finished in 0.990 s
[2024-09-14T20:40:24.468+0000] {spark_submit.py:579} INFO - 24/09/14 20:40:24 INFO DAGScheduler: Job 0 is finished. Cancelling potential speculative or zombie tasks for this job
[2024-09-14T20:40:24.470+0000] {spark_submit.py:579} INFO - 24/09/14 20:40:24 INFO TaskSchedulerImpl: Killing all running tasks in stage 0: Stage finished
[2024-09-14T20:40:24.475+0000] {spark_submit.py:579} INFO - 24/09/14 20:40:24 INFO DAGScheduler: Job 0 finished: csv at NativeMethodAccessorImpl.java:0, took 1.123780 s
[2024-09-14T20:40:24.529+0000] {spark_submit.py:579} INFO - 24/09/14 20:40:24 INFO CodeGenerator: Code generated in 27.145538 ms
[2024-09-14T20:40:24.747+0000] {spark_submit.py:579} INFO - 24/09/14 20:40:24 INFO SparkContext: Starting job: csv at NativeMethodAccessorImpl.java:0
[2024-09-14T20:40:24.751+0000] {spark_submit.py:579} INFO - 24/09/14 20:40:24 INFO DAGScheduler: Got job 1 (csv at NativeMethodAccessorImpl.java:0) with 2 output partitions
[2024-09-14T20:40:24.752+0000] {spark_submit.py:579} INFO - 24/09/14 20:40:24 INFO DAGScheduler: Final stage: ResultStage 1 (csv at NativeMethodAccessorImpl.java:0)
[2024-09-14T20:40:24.753+0000] {spark_submit.py:579} INFO - 24/09/14 20:40:24 INFO DAGScheduler: Parents of final stage: List()
[2024-09-14T20:40:24.755+0000] {spark_submit.py:579} INFO - 24/09/14 20:40:24 INFO DAGScheduler: Missing parents: List()
[2024-09-14T20:40:24.758+0000] {spark_submit.py:579} INFO - 24/09/14 20:40:24 INFO DAGScheduler: Submitting ResultStage 1 (MapPartitionsRDD[10] at csv at NativeMethodAccessorImpl.java:0), which has no missing parents
[2024-09-14T20:40:24.770+0000] {spark_submit.py:579} INFO - 24/09/14 20:40:24 INFO MemoryStore: Block broadcast_2 stored as values in memory (estimated size 19.7 KiB, free 434.1 MiB)
[2024-09-14T20:40:24.776+0000] {spark_submit.py:579} INFO - 24/09/14 20:40:24 INFO MemoryStore: Block broadcast_2_piece0 stored as bytes in memory (estimated size 9.1 KiB, free 434.1 MiB)
[2024-09-14T20:40:24.779+0000] {spark_submit.py:579} INFO - 24/09/14 20:40:24 INFO BlockManagerInfo: Added broadcast_2_piece0 in memory on fb744bf0dc86:32993 (size: 9.1 KiB, free: 434.3 MiB)
[2024-09-14T20:40:24.781+0000] {spark_submit.py:579} INFO - 24/09/14 20:40:24 INFO SparkContext: Created broadcast 2 from broadcast at DAGScheduler.scala:1585
[2024-09-14T20:40:24.783+0000] {spark_submit.py:579} INFO - 24/09/14 20:40:24 INFO DAGScheduler: Submitting 2 missing tasks from ResultStage 1 (MapPartitionsRDD[10] at csv at NativeMethodAccessorImpl.java:0) (first 15 tasks are for partitions Vector(0, 1))
[2024-09-14T20:40:24.785+0000] {spark_submit.py:579} INFO - 24/09/14 20:40:24 INFO TaskSchedulerImpl: Adding task set 1.0 with 2 tasks resource profile 0
[2024-09-14T20:40:24.789+0000] {spark_submit.py:579} INFO - 24/09/14 20:40:24 INFO TaskSetManager: Starting task 0.0 in stage 1.0 (TID 1) (fb744bf0dc86, executor driver, partition 0, PROCESS_LOCAL, 9601 bytes)
[2024-09-14T20:40:24.791+0000] {spark_submit.py:579} INFO - 24/09/14 20:40:24 INFO TaskSetManager: Starting task 1.0 in stage 1.0 (TID 2) (fb744bf0dc86, executor driver, partition 1, PROCESS_LOCAL, 9601 bytes)
[2024-09-14T20:40:24.794+0000] {spark_submit.py:579} INFO - 24/09/14 20:40:24 INFO Executor: Running task 0.0 in stage 1.0 (TID 1)
[2024-09-14T20:40:24.796+0000] {spark_submit.py:579} INFO - 24/09/14 20:40:24 INFO Executor: Running task 1.0 in stage 1.0 (TID 2)
[2024-09-14T20:40:24.853+0000] {spark_submit.py:579} INFO - 24/09/14 20:40:24 INFO FileScanRDD: Reading File path: file:///opt/***/datasets/Airbnb.csv, range: 0-4194304, partition values: [empty row]
[2024-09-14T20:40:24.855+0000] {spark_submit.py:579} INFO - 24/09/14 20:40:24 INFO FileScanRDD: Reading File path: file:///opt/***/datasets/Airbnb.csv, range: 4194304-7081245, partition values: [empty row]
[2024-09-14T20:40:24.940+0000] {spark_submit.py:579} INFO - 24/09/14 20:40:24 INFO BlockManagerInfo: Removed broadcast_1_piece0 on fb744bf0dc86:32993 in memory (size: 8.3 KiB, free: 434.4 MiB)
[2024-09-14T20:40:25.981+0000] {spark_submit.py:579} INFO - 24/09/14 20:40:25 INFO Executor: Finished task 1.0 in stage 1.0 (TID 2). 1546 bytes result sent to driver
[2024-09-14T20:40:25.986+0000] {spark_submit.py:579} INFO - 24/09/14 20:40:25 INFO TaskSetManager: Finished task 1.0 in stage 1.0 (TID 2) in 1196 ms on fb744bf0dc86 (executor driver) (1/2)
[2024-09-14T20:40:26.191+0000] {spark_submit.py:579} INFO - 24/09/14 20:40:26 INFO Executor: Finished task 0.0 in stage 1.0 (TID 1). 1546 bytes result sent to driver
[2024-09-14T20:40:26.197+0000] {spark_submit.py:579} INFO - 24/09/14 20:40:26 INFO TaskSetManager: Finished task 0.0 in stage 1.0 (TID 1) in 1409 ms on fb744bf0dc86 (executor driver) (2/2)
[2024-09-14T20:40:26.198+0000] {spark_submit.py:579} INFO - 24/09/14 20:40:26 INFO TaskSchedulerImpl: Removed TaskSet 1.0, whose tasks have all completed, from pool
[2024-09-14T20:40:26.201+0000] {spark_submit.py:579} INFO - 24/09/14 20:40:26 INFO DAGScheduler: ResultStage 1 (csv at NativeMethodAccessorImpl.java:0) finished in 1.437 s
[2024-09-14T20:40:26.203+0000] {spark_submit.py:579} INFO - 24/09/14 20:40:26 INFO DAGScheduler: Job 1 is finished. Cancelling potential speculative or zombie tasks for this job
[2024-09-14T20:40:26.206+0000] {spark_submit.py:579} INFO - 24/09/14 20:40:26 INFO TaskSchedulerImpl: Killing all running tasks in stage 1: Stage finished
[2024-09-14T20:40:26.208+0000] {spark_submit.py:579} INFO - 24/09/14 20:40:26 INFO DAGScheduler: Job 1 finished: csv at NativeMethodAccessorImpl.java:0, took 1.457245 s
[2024-09-14T20:40:27.530+0000] {spark_submit.py:579} INFO - 24/09/14 20:40:27 INFO FileSourceStrategy: Pushed Filters:
[2024-09-14T20:40:27.532+0000] {spark_submit.py:579} INFO - 24/09/14 20:40:27 INFO FileSourceStrategy: Post-Scan Filters: atleastnnonnulls(10, neighbourhood_group#25, neighbourhood#26, cast(regexp_replace(latitude#27, ,, ., 1) as float), cast(regexp_replace(longitude#28, ,, ., 1) as float), room_type#29, price#30, minimum_nights#31, number_of_reviews#32, calculated_host_listings_count#35, availability_365#36)
[2024-09-14T20:40:28.294+0000] {spark_submit.py:579} INFO - 24/09/14 20:40:28 INFO CodeGenerator: Code generated in 274.782159 ms
[2024-09-14T20:40:28.307+0000] {spark_submit.py:579} INFO - 24/09/14 20:40:28 INFO MemoryStore: Block broadcast_3 stored as values in memory (estimated size 200.1 KiB, free 433.9 MiB)
[2024-09-14T20:40:28.351+0000] {spark_submit.py:579} INFO - 24/09/14 20:40:28 INFO MemoryStore: Block broadcast_3_piece0 stored as bytes in memory (estimated size 34.5 KiB, free 433.9 MiB)
[2024-09-14T20:40:28.354+0000] {spark_submit.py:579} INFO - 24/09/14 20:40:28 INFO BlockManagerInfo: Added broadcast_3_piece0 in memory on fb744bf0dc86:32993 (size: 34.5 KiB, free: 434.3 MiB)
[2024-09-14T20:40:28.364+0000] {spark_submit.py:579} INFO - 24/09/14 20:40:28 INFO SparkContext: Created broadcast 3 from showString at NativeMethodAccessorImpl.java:0
[2024-09-14T20:40:28.382+0000] {spark_submit.py:579} INFO - 24/09/14 20:40:28 INFO FileSourceScanExec: Planning scan with bin packing, max size: 4194304 bytes, open cost is considered as scanning 4194304 bytes.
[2024-09-14T20:40:28.415+0000] {spark_submit.py:579} INFO - 24/09/14 20:40:28 INFO BlockManagerInfo: Removed broadcast_2_piece0 on fb744bf0dc86:32993 in memory (size: 9.1 KiB, free: 434.3 MiB)
[2024-09-14T20:40:28.431+0000] {spark_submit.py:579} INFO - 24/09/14 20:40:28 INFO BlockManagerInfo: Removed broadcast_0_piece0 on fb744bf0dc86:32993 in memory (size: 34.5 KiB, free: 434.4 MiB)
[2024-09-14T20:40:28.477+0000] {spark_submit.py:579} INFO - 24/09/14 20:40:28 INFO DAGScheduler: Registering RDD 14 (showString at NativeMethodAccessorImpl.java:0) as input to shuffle 0
[2024-09-14T20:40:28.486+0000] {spark_submit.py:579} INFO - 24/09/14 20:40:28 INFO DAGScheduler: Got map stage job 2 (showString at NativeMethodAccessorImpl.java:0) with 2 output partitions
[2024-09-14T20:40:28.488+0000] {spark_submit.py:579} INFO - 24/09/14 20:40:28 INFO DAGScheduler: Final stage: ShuffleMapStage 2 (showString at NativeMethodAccessorImpl.java:0)
[2024-09-14T20:40:28.490+0000] {spark_submit.py:579} INFO - 24/09/14 20:40:28 INFO DAGScheduler: Parents of final stage: List()
[2024-09-14T20:40:28.493+0000] {spark_submit.py:579} INFO - 24/09/14 20:40:28 INFO DAGScheduler: Missing parents: List()
[2024-09-14T20:40:28.498+0000] {spark_submit.py:579} INFO - 24/09/14 20:40:28 INFO DAGScheduler: Submitting ShuffleMapStage 2 (MapPartitionsRDD[14] at showString at NativeMethodAccessorImpl.java:0), which has no missing parents
[2024-09-14T20:40:28.539+0000] {spark_submit.py:579} INFO - 24/09/14 20:40:28 INFO MemoryStore: Block broadcast_4 stored as values in memory (estimated size 45.3 KiB, free 434.1 MiB)
[2024-09-14T20:40:28.556+0000] {spark_submit.py:579} INFO - 24/09/14 20:40:28 INFO MemoryStore: Block broadcast_4_piece0 stored as bytes in memory (estimated size 16.4 KiB, free 434.1 MiB)
[2024-09-14T20:40:28.562+0000] {spark_submit.py:579} INFO - 24/09/14 20:40:28 INFO BlockManagerInfo: Added broadcast_4_piece0 in memory on fb744bf0dc86:32993 (size: 16.4 KiB, free: 434.4 MiB)
[2024-09-14T20:40:28.564+0000] {spark_submit.py:579} INFO - 24/09/14 20:40:28 INFO SparkContext: Created broadcast 4 from broadcast at DAGScheduler.scala:1585
[2024-09-14T20:40:28.568+0000] {spark_submit.py:579} INFO - 24/09/14 20:40:28 INFO DAGScheduler: Submitting 2 missing tasks from ShuffleMapStage 2 (MapPartitionsRDD[14] at showString at NativeMethodAccessorImpl.java:0) (first 15 tasks are for partitions Vector(0, 1))
[2024-09-14T20:40:28.570+0000] {spark_submit.py:579} INFO - 24/09/14 20:40:28 INFO TaskSchedulerImpl: Adding task set 2.0 with 2 tasks resource profile 0
[2024-09-14T20:40:28.575+0000] {spark_submit.py:579} INFO - 24/09/14 20:40:28 INFO TaskSetManager: Starting task 0.0 in stage 2.0 (TID 3) (fb744bf0dc86, executor driver, partition 0, PROCESS_LOCAL, 9590 bytes)
[2024-09-14T20:40:28.576+0000] {spark_submit.py:579} INFO - 24/09/14 20:40:28 INFO TaskSetManager: Starting task 1.0 in stage 2.0 (TID 4) (fb744bf0dc86, executor driver, partition 1, PROCESS_LOCAL, 9590 bytes)
[2024-09-14T20:40:28.579+0000] {spark_submit.py:579} INFO - 24/09/14 20:40:28 INFO Executor: Running task 0.0 in stage 2.0 (TID 3)
[2024-09-14T20:40:28.581+0000] {spark_submit.py:579} INFO - 24/09/14 20:40:28 INFO Executor: Running task 1.0 in stage 2.0 (TID 4)
[2024-09-14T20:40:28.819+0000] {spark_submit.py:579} INFO - 24/09/14 20:40:28 INFO CodeGenerator: Code generated in 183.469391 ms
[2024-09-14T20:40:28.868+0000] {spark_submit.py:579} INFO - 24/09/14 20:40:28 INFO FileScanRDD: Reading File path: file:///opt/***/datasets/Airbnb.csv, range: 0-4194304, partition values: [empty row]
[2024-09-14T20:40:28.872+0000] {spark_submit.py:579} INFO - 24/09/14 20:40:28 INFO FileScanRDD: Reading File path: file:///opt/***/datasets/Airbnb.csv, range: 4194304-7081245, partition values: [empty row]
[2024-09-14T20:40:28.927+0000] {spark_submit.py:579} INFO - 24/09/14 20:40:28 INFO CodeGenerator: Code generated in 28.846918 ms
[2024-09-14T20:40:30.728+0000] {spark_submit.py:579} INFO - 24/09/14 20:40:30 INFO Executor: Finished task 1.0 in stage 2.0 (TID 4). 2070 bytes result sent to driver
[2024-09-14T20:40:30.739+0000] {spark_submit.py:579} INFO - 24/09/14 20:40:30 INFO TaskSetManager: Finished task 1.0 in stage 2.0 (TID 4) in 2163 ms on fb744bf0dc86 (executor driver) (1/2)
[2024-09-14T20:40:30.911+0000] {spark_submit.py:579} INFO - 24/09/14 20:40:30 INFO Executor: Finished task 0.0 in stage 2.0 (TID 3). 2027 bytes result sent to driver
[2024-09-14T20:40:30.915+0000] {spark_submit.py:579} INFO - 24/09/14 20:40:30 INFO TaskSetManager: Finished task 0.0 in stage 2.0 (TID 3) in 2342 ms on fb744bf0dc86 (executor driver) (2/2)
[2024-09-14T20:40:30.916+0000] {spark_submit.py:579} INFO - 24/09/14 20:40:30 INFO TaskSchedulerImpl: Removed TaskSet 2.0, whose tasks have all completed, from pool
[2024-09-14T20:40:30.919+0000] {spark_submit.py:579} INFO - 24/09/14 20:40:30 INFO DAGScheduler: ShuffleMapStage 2 (showString at NativeMethodAccessorImpl.java:0) finished in 2.412 s
[2024-09-14T20:40:30.921+0000] {spark_submit.py:579} INFO - 24/09/14 20:40:30 INFO DAGScheduler: looking for newly runnable stages
[2024-09-14T20:40:30.922+0000] {spark_submit.py:579} INFO - 24/09/14 20:40:30 INFO DAGScheduler: running: Set()
[2024-09-14T20:40:30.924+0000] {spark_submit.py:579} INFO - 24/09/14 20:40:30 INFO DAGScheduler: waiting: Set()
[2024-09-14T20:40:30.925+0000] {spark_submit.py:579} INFO - 24/09/14 20:40:30 INFO DAGScheduler: failed: Set()
[2024-09-14T20:40:31.101+0000] {spark_submit.py:579} INFO - 24/09/14 20:40:31 INFO CodeGenerator: Code generated in 63.865656 ms
[2024-09-14T20:40:31.166+0000] {spark_submit.py:579} INFO - 24/09/14 20:40:31 INFO SparkContext: Starting job: showString at NativeMethodAccessorImpl.java:0
[2024-09-14T20:40:31.175+0000] {spark_submit.py:579} INFO - 24/09/14 20:40:31 INFO DAGScheduler: Got job 3 (showString at NativeMethodAccessorImpl.java:0) with 1 output partitions
[2024-09-14T20:40:31.177+0000] {spark_submit.py:579} INFO - 24/09/14 20:40:31 INFO DAGScheduler: Final stage: ResultStage 4 (showString at NativeMethodAccessorImpl.java:0)
[2024-09-14T20:40:31.178+0000] {spark_submit.py:579} INFO - 24/09/14 20:40:31 INFO DAGScheduler: Parents of final stage: List(ShuffleMapStage 3)
[2024-09-14T20:40:31.180+0000] {spark_submit.py:579} INFO - 24/09/14 20:40:31 INFO DAGScheduler: Missing parents: List()
[2024-09-14T20:40:31.181+0000] {spark_submit.py:579} INFO - 24/09/14 20:40:31 INFO DAGScheduler: Submitting ResultStage 4 (MapPartitionsRDD[17] at showString at NativeMethodAccessorImpl.java:0), which has no missing parents
[2024-09-14T20:40:31.198+0000] {spark_submit.py:579} INFO - 24/09/14 20:40:31 INFO MemoryStore: Block broadcast_5 stored as values in memory (estimated size 30.0 KiB, free 434.1 MiB)
[2024-09-14T20:40:31.212+0000] {spark_submit.py:579} INFO - 24/09/14 20:40:31 INFO MemoryStore: Block broadcast_5_piece0 stored as bytes in memory (estimated size 9.9 KiB, free 434.1 MiB)
[2024-09-14T20:40:31.216+0000] {spark_submit.py:579} INFO - 24/09/14 20:40:31 INFO BlockManagerInfo: Added broadcast_5_piece0 in memory on fb744bf0dc86:32993 (size: 9.9 KiB, free: 434.3 MiB)
[2024-09-14T20:40:31.217+0000] {spark_submit.py:579} INFO - 24/09/14 20:40:31 INFO BlockManagerInfo: Removed broadcast_4_piece0 on fb744bf0dc86:32993 in memory (size: 16.4 KiB, free: 434.4 MiB)
[2024-09-14T20:40:31.221+0000] {spark_submit.py:579} INFO - 24/09/14 20:40:31 INFO SparkContext: Created broadcast 5 from broadcast at DAGScheduler.scala:1585
[2024-09-14T20:40:31.222+0000] {spark_submit.py:579} INFO - 24/09/14 20:40:31 INFO DAGScheduler: Submitting 1 missing tasks from ResultStage 4 (MapPartitionsRDD[17] at showString at NativeMethodAccessorImpl.java:0) (first 15 tasks are for partitions Vector(0))
[2024-09-14T20:40:31.224+0000] {spark_submit.py:579} INFO - 24/09/14 20:40:31 INFO TaskSchedulerImpl: Adding task set 4.0 with 1 tasks resource profile 0
[2024-09-14T20:40:31.234+0000] {spark_submit.py:579} INFO - 24/09/14 20:40:31 INFO TaskSetManager: Starting task 0.0 in stage 4.0 (TID 5) (fb744bf0dc86, executor driver, partition 0, NODE_LOCAL, 8999 bytes)
[2024-09-14T20:40:31.237+0000] {spark_submit.py:579} INFO - 24/09/14 20:40:31 INFO Executor: Running task 0.0 in stage 4.0 (TID 5)
[2024-09-14T20:40:31.307+0000] {spark_submit.py:579} INFO - 24/09/14 20:40:31 INFO ShuffleBlockFetcherIterator: Getting 2 (120.0 B) non-empty blocks including 2 (120.0 B) local and 0 (0.0 B) host-local and 0 (0.0 B) push-merged-local and 0 (0.0 B) remote blocks
[2024-09-14T20:40:31.313+0000] {spark_submit.py:579} INFO - 24/09/14 20:40:31 INFO ShuffleBlockFetcherIterator: Started 0 remote fetches in 24 ms
[2024-09-14T20:40:31.377+0000] {spark_submit.py:579} INFO - 24/09/14 20:40:31 INFO CodeGenerator: Code generated in 52.054523 ms
[2024-09-14T20:40:31.409+0000] {spark_submit.py:579} INFO - 24/09/14 20:40:31 INFO Executor: Finished task 0.0 in stage 4.0 (TID 5). 4126 bytes result sent to driver
[2024-09-14T20:40:31.412+0000] {spark_submit.py:579} INFO - 24/09/14 20:40:31 INFO TaskSetManager: Finished task 0.0 in stage 4.0 (TID 5) in 181 ms on fb744bf0dc86 (executor driver) (1/1)
[2024-09-14T20:40:31.413+0000] {spark_submit.py:579} INFO - 24/09/14 20:40:31 INFO TaskSchedulerImpl: Removed TaskSet 4.0, whose tasks have all completed, from pool
[2024-09-14T20:40:31.416+0000] {spark_submit.py:579} INFO - 24/09/14 20:40:31 INFO DAGScheduler: ResultStage 4 (showString at NativeMethodAccessorImpl.java:0) finished in 0.221 s
[2024-09-14T20:40:31.417+0000] {spark_submit.py:579} INFO - 24/09/14 20:40:31 INFO DAGScheduler: Job 3 is finished. Cancelling potential speculative or zombie tasks for this job
[2024-09-14T20:40:31.419+0000] {spark_submit.py:579} INFO - 24/09/14 20:40:31 INFO TaskSchedulerImpl: Killing all running tasks in stage 4: Stage finished
[2024-09-14T20:40:31.421+0000] {spark_submit.py:579} INFO - 24/09/14 20:40:31 INFO DAGScheduler: Job 3 finished: showString at NativeMethodAccessorImpl.java:0, took 0.252512 s
[2024-09-14T20:40:31.458+0000] {spark_submit.py:579} INFO - 24/09/14 20:40:31 INFO CodeGenerator: Code generated in 20.556476 ms
[2024-09-14T20:40:31.471+0000] {spark_submit.py:579} INFO - +-------------------+-------------+--------+---------+---------+-----+--------------+-----------------+------------------------------+----------------+
[2024-09-14T20:40:31.472+0000] {spark_submit.py:579} INFO - |neighbourhood_group|neighbourhood|latitude|longitude|room_type|price|minimum_nights|number_of_reviews|calculated_host_listings_count|availability_365|
[2024-09-14T20:40:31.474+0000] {spark_submit.py:579} INFO - +-------------------+-------------+--------+---------+---------+-----+--------------+-----------------+------------------------------+----------------+
[2024-09-14T20:40:31.475+0000] {spark_submit.py:579} INFO - |                  0|            0|       0|        0|        0|    0|             0|                0|                             0|               0|
[2024-09-14T20:40:31.476+0000] {spark_submit.py:579} INFO - +-------------------+-------------+--------+---------+---------+-----+--------------+-----------------+------------------------------+----------------+
[2024-09-14T20:40:31.477+0000] {spark_submit.py:579} INFO - 
[2024-09-14T20:40:31.753+0000] {spark_submit.py:579} INFO - 24/09/14 20:40:31 INFO HiveConf: Found configuration file null
[2024-09-14T20:40:31.774+0000] {spark_submit.py:579} INFO - 24/09/14 20:40:31 INFO HiveUtils: Initializing HiveMetastoreConnection version 2.3.9 using Spark classes.
[2024-09-14T20:40:32.652+0000] {spark_submit.py:579} INFO - 24/09/14 20:40:32 INFO HiveClientImpl: Warehouse location for Hive client (version 2.3.9) is file:/user/hive/warehouse
[2024-09-14T20:40:32.822+0000] {spark_submit.py:579} INFO - 24/09/14 20:40:32 INFO metastore: Trying to connect to metastore with URI thrift://hive-metastore:9083
[2024-09-14T20:40:32.902+0000] {spark_submit.py:579} INFO - 24/09/14 20:40:32 INFO metastore: Opened a connection to metastore, current connections: 1
[2024-09-14T20:40:33.023+0000] {spark_submit.py:579} INFO - 24/09/14 20:40:33 INFO metastore: Connected to metastore.
[2024-09-14T20:40:35.911+0000] {spark_submit.py:579} INFO - 24/09/14 20:40:35 INFO BlockManagerInfo: Removed broadcast_5_piece0 on fb744bf0dc86:32993 in memory (size: 9.9 KiB, free: 434.4 MiB)
[2024-09-14T20:40:36.406+0000] {spark_submit.py:579} INFO - 24/09/14 20:40:36 INFO InMemoryFileIndex: It took 103 ms to list leaf files for 1 paths.
[2024-09-14T20:40:37.106+0000] {spark_submit.py:579} INFO - 24/09/14 20:40:37 INFO FileSourceStrategy: Pushed Filters:
[2024-09-14T20:40:37.108+0000] {spark_submit.py:579} INFO - 24/09/14 20:40:37 INFO FileSourceStrategy: Post-Scan Filters: atleastnnonnulls(10, neighbourhood_group#25, neighbourhood#26, cast(regexp_replace(latitude#27, ,, ., 1) as float), cast(regexp_replace(longitude#28, ,, ., 1) as float), room_type#29, price#30, minimum_nights#31, number_of_reviews#32, calculated_host_listings_count#35, availability_365#36)
[2024-09-14T20:40:37.686+0000] {spark_submit.py:579} INFO - 24/09/14 20:40:37 INFO CodeGenerator: Code generated in 357.410747 ms
[2024-09-14T20:40:37.694+0000] {spark_submit.py:579} INFO - 24/09/14 20:40:37 INFO MemoryStore: Block broadcast_6 stored as values in memory (estimated size 200.1 KiB, free 434.0 MiB)
[2024-09-14T20:40:37.714+0000] {spark_submit.py:579} INFO - 24/09/14 20:40:37 INFO MemoryStore: Block broadcast_6_piece0 stored as bytes in memory (estimated size 34.5 KiB, free 433.9 MiB)
[2024-09-14T20:40:37.716+0000] {spark_submit.py:579} INFO - 24/09/14 20:40:37 INFO BlockManagerInfo: Added broadcast_6_piece0 in memory on fb744bf0dc86:32993 (size: 34.5 KiB, free: 434.3 MiB)
[2024-09-14T20:40:37.718+0000] {spark_submit.py:579} INFO - 24/09/14 20:40:37 INFO SparkContext: Created broadcast 6 from saveAsTable at NativeMethodAccessorImpl.java:0
[2024-09-14T20:40:37.721+0000] {spark_submit.py:579} INFO - 24/09/14 20:40:37 INFO FileSourceScanExec: Planning scan with bin packing, max size: 4194304 bytes, open cost is considered as scanning 4194304 bytes.
[2024-09-14T20:40:37.862+0000] {spark_submit.py:579} INFO - 24/09/14 20:40:37 INFO DAGScheduler: Registering RDD 21 (saveAsTable at NativeMethodAccessorImpl.java:0) as input to shuffle 1
[2024-09-14T20:40:37.864+0000] {spark_submit.py:579} INFO - 24/09/14 20:40:37 INFO DAGScheduler: Got map stage job 4 (saveAsTable at NativeMethodAccessorImpl.java:0) with 2 output partitions
[2024-09-14T20:40:37.865+0000] {spark_submit.py:579} INFO - 24/09/14 20:40:37 INFO DAGScheduler: Final stage: ShuffleMapStage 5 (saveAsTable at NativeMethodAccessorImpl.java:0)
[2024-09-14T20:40:37.867+0000] {spark_submit.py:579} INFO - 24/09/14 20:40:37 INFO DAGScheduler: Parents of final stage: List()
[2024-09-14T20:40:37.869+0000] {spark_submit.py:579} INFO - 24/09/14 20:40:37 INFO DAGScheduler: Missing parents: List()
[2024-09-14T20:40:37.871+0000] {spark_submit.py:579} INFO - 24/09/14 20:40:37 INFO DAGScheduler: Submitting ShuffleMapStage 5 (MapPartitionsRDD[21] at saveAsTable at NativeMethodAccessorImpl.java:0), which has no missing parents
[2024-09-14T20:40:37.881+0000] {spark_submit.py:579} INFO - 24/09/14 20:40:37 INFO MemoryStore: Block broadcast_7 stored as values in memory (estimated size 61.1 KiB, free 433.9 MiB)
[2024-09-14T20:40:37.900+0000] {spark_submit.py:579} INFO - 24/09/14 20:40:37 INFO MemoryStore: Block broadcast_7_piece0 stored as bytes in memory (estimated size 25.6 KiB, free 433.9 MiB)
[2024-09-14T20:40:37.902+0000] {spark_submit.py:579} INFO - 24/09/14 20:40:37 INFO BlockManagerInfo: Added broadcast_7_piece0 in memory on fb744bf0dc86:32993 (size: 25.6 KiB, free: 434.3 MiB)
[2024-09-14T20:40:37.904+0000] {spark_submit.py:579} INFO - 24/09/14 20:40:37 INFO SparkContext: Created broadcast 7 from broadcast at DAGScheduler.scala:1585
[2024-09-14T20:40:37.905+0000] {spark_submit.py:579} INFO - 24/09/14 20:40:37 INFO DAGScheduler: Submitting 2 missing tasks from ShuffleMapStage 5 (MapPartitionsRDD[21] at saveAsTable at NativeMethodAccessorImpl.java:0) (first 15 tasks are for partitions Vector(0, 1))
[2024-09-14T20:40:37.907+0000] {spark_submit.py:579} INFO - 24/09/14 20:40:37 INFO TaskSchedulerImpl: Adding task set 5.0 with 2 tasks resource profile 0
[2024-09-14T20:40:37.910+0000] {spark_submit.py:579} INFO - 24/09/14 20:40:37 INFO TaskSetManager: Starting task 0.0 in stage 5.0 (TID 6) (fb744bf0dc86, executor driver, partition 0, PROCESS_LOCAL, 9590 bytes)
[2024-09-14T20:40:37.912+0000] {spark_submit.py:579} INFO - 24/09/14 20:40:37 INFO TaskSetManager: Starting task 1.0 in stage 5.0 (TID 7) (fb744bf0dc86, executor driver, partition 1, PROCESS_LOCAL, 9590 bytes)
[2024-09-14T20:40:37.914+0000] {spark_submit.py:579} INFO - 24/09/14 20:40:37 INFO Executor: Running task 0.0 in stage 5.0 (TID 6)
[2024-09-14T20:40:37.915+0000] {spark_submit.py:579} INFO - 24/09/14 20:40:37 INFO Executor: Running task 1.0 in stage 5.0 (TID 7)
[2024-09-14T20:40:38.025+0000] {spark_submit.py:579} INFO - 24/09/14 20:40:38 INFO CodeGenerator: Code generated in 89.420166 ms
[2024-09-14T20:40:38.062+0000] {spark_submit.py:579} INFO - 24/09/14 20:40:38 INFO CodeGenerator: Code generated in 21.921107 ms
[2024-09-14T20:40:38.087+0000] {spark_submit.py:579} INFO - 24/09/14 20:40:38 INFO CodeGenerator: Code generated in 12.723837 ms
[2024-09-14T20:40:38.139+0000] {spark_submit.py:579} INFO - 24/09/14 20:40:38 INFO CodeGenerator: Code generated in 12.412162 ms
[2024-09-14T20:40:38.171+0000] {spark_submit.py:579} INFO - 24/09/14 20:40:38 INFO FileScanRDD: Reading File path: file:///opt/***/datasets/Airbnb.csv, range: 0-4194304, partition values: [empty row]
[2024-09-14T20:40:38.173+0000] {spark_submit.py:579} INFO - 24/09/14 20:40:38 INFO FileScanRDD: Reading File path: file:///opt/***/datasets/Airbnb.csv, range: 4194304-7081245, partition values: [empty row]
[2024-09-14T20:40:38.878+0000] {spark_submit.py:579} INFO - 24/09/14 20:40:38 INFO Executor: Finished task 1.0 in stage 5.0 (TID 7). 2821 bytes result sent to driver
[2024-09-14T20:40:38.882+0000] {spark_submit.py:579} INFO - 24/09/14 20:40:38 INFO TaskSetManager: Finished task 1.0 in stage 5.0 (TID 7) in 970 ms on fb744bf0dc86 (executor driver) (1/2)
[2024-09-14T20:40:38.911+0000] {spark_submit.py:579} INFO - 24/09/14 20:40:38 INFO Executor: Finished task 0.0 in stage 5.0 (TID 6). 2821 bytes result sent to driver
[2024-09-14T20:40:38.914+0000] {spark_submit.py:579} INFO - 24/09/14 20:40:38 INFO TaskSetManager: Finished task 0.0 in stage 5.0 (TID 6) in 1004 ms on fb744bf0dc86 (executor driver) (2/2)
[2024-09-14T20:40:38.916+0000] {spark_submit.py:579} INFO - 24/09/14 20:40:38 INFO TaskSchedulerImpl: Removed TaskSet 5.0, whose tasks have all completed, from pool
[2024-09-14T20:40:38.917+0000] {spark_submit.py:579} INFO - 24/09/14 20:40:38 INFO DAGScheduler: ShuffleMapStage 5 (saveAsTable at NativeMethodAccessorImpl.java:0) finished in 1.047 s
[2024-09-14T20:40:38.919+0000] {spark_submit.py:579} INFO - 24/09/14 20:40:38 INFO DAGScheduler: looking for newly runnable stages
[2024-09-14T20:40:38.921+0000] {spark_submit.py:579} INFO - 24/09/14 20:40:38 INFO DAGScheduler: running: Set()
[2024-09-14T20:40:38.922+0000] {spark_submit.py:579} INFO - 24/09/14 20:40:38 INFO DAGScheduler: waiting: Set()
[2024-09-14T20:40:38.924+0000] {spark_submit.py:579} INFO - 24/09/14 20:40:38 INFO DAGScheduler: failed: Set()
[2024-09-14T20:40:38.948+0000] {spark_submit.py:579} INFO - 24/09/14 20:40:38 INFO ShufflePartitionsUtil: For shuffle(1), advisory target size: 67108864, actual target size 1048576, minimum partition size: 1048576
[2024-09-14T20:40:39.117+0000] {spark_submit.py:579} INFO - 24/09/14 20:40:39 INFO ParquetUtils: Using default output committer for Parquet: org.apache.parquet.hadoop.ParquetOutputCommitter
[2024-09-14T20:40:39.168+0000] {spark_submit.py:579} INFO - 24/09/14 20:40:39 INFO FileOutputCommitter: File Output Committer Algorithm version is 1
[2024-09-14T20:40:39.170+0000] {spark_submit.py:579} INFO - 24/09/14 20:40:39 INFO FileOutputCommitter: FileOutputCommitter skip cleanup _temporary folders under output directory:false, ignore cleanup failures: false
[2024-09-14T20:40:39.173+0000] {spark_submit.py:579} INFO - 24/09/14 20:40:39 INFO SQLHadoopMapReduceCommitProtocol: Using user defined output committer class org.apache.parquet.hadoop.ParquetOutputCommitter
[2024-09-14T20:40:39.174+0000] {spark_submit.py:579} INFO - 24/09/14 20:40:39 INFO FileOutputCommitter: File Output Committer Algorithm version is 1
[2024-09-14T20:40:39.175+0000] {spark_submit.py:579} INFO - 24/09/14 20:40:39 INFO FileOutputCommitter: FileOutputCommitter skip cleanup _temporary folders under output directory:false, ignore cleanup failures: false
[2024-09-14T20:40:39.177+0000] {spark_submit.py:579} INFO - 24/09/14 20:40:39 INFO SQLHadoopMapReduceCommitProtocol: Using output committer class org.apache.parquet.hadoop.ParquetOutputCommitter
[2024-09-14T20:40:39.211+0000] {spark_submit.py:579} INFO - 24/09/14 20:40:39 INFO HashAggregateExec: spark.sql.codegen.aggregate.map.twolevel.enabled is set to true, but current version of codegened fast hashmap does not support this aggregate.
[2024-09-14T20:40:39.263+0000] {spark_submit.py:579} INFO - 24/09/14 20:40:39 INFO CodeGenerator: Code generated in 30.160864 ms
[2024-09-14T20:40:39.329+0000] {spark_submit.py:579} INFO - 24/09/14 20:40:39 INFO SparkContext: Starting job: saveAsTable at NativeMethodAccessorImpl.java:0
[2024-09-14T20:40:39.332+0000] {spark_submit.py:579} INFO - 24/09/14 20:40:39 INFO DAGScheduler: Got job 5 (saveAsTable at NativeMethodAccessorImpl.java:0) with 1 output partitions
[2024-09-14T20:40:39.334+0000] {spark_submit.py:579} INFO - 24/09/14 20:40:39 INFO DAGScheduler: Final stage: ResultStage 7 (saveAsTable at NativeMethodAccessorImpl.java:0)
[2024-09-14T20:40:39.336+0000] {spark_submit.py:579} INFO - 24/09/14 20:40:39 INFO DAGScheduler: Parents of final stage: List(ShuffleMapStage 6)
[2024-09-14T20:40:39.337+0000] {spark_submit.py:579} INFO - 24/09/14 20:40:39 INFO DAGScheduler: Missing parents: List()
[2024-09-14T20:40:39.339+0000] {spark_submit.py:579} INFO - 24/09/14 20:40:39 INFO DAGScheduler: Submitting ResultStage 7 (MapPartitionsRDD[24] at saveAsTable at NativeMethodAccessorImpl.java:0), which has no missing parents
[2024-09-14T20:40:39.418+0000] {spark_submit.py:579} INFO - 24/09/14 20:40:39 INFO MemoryStore: Block broadcast_8 stored as values in memory (estimated size 261.3 KiB, free 433.6 MiB)
[2024-09-14T20:40:39.424+0000] {spark_submit.py:579} INFO - 24/09/14 20:40:39 INFO MemoryStore: Block broadcast_8_piece0 stored as bytes in memory (estimated size 96.6 KiB, free 433.5 MiB)
[2024-09-14T20:40:39.428+0000] {spark_submit.py:579} INFO - 24/09/14 20:40:39 INFO BlockManagerInfo: Added broadcast_8_piece0 in memory on fb744bf0dc86:32993 (size: 96.6 KiB, free: 434.2 MiB)
[2024-09-14T20:40:39.429+0000] {spark_submit.py:579} INFO - 24/09/14 20:40:39 INFO SparkContext: Created broadcast 8 from broadcast at DAGScheduler.scala:1585
[2024-09-14T20:40:39.431+0000] {spark_submit.py:579} INFO - 24/09/14 20:40:39 INFO DAGScheduler: Submitting 1 missing tasks from ResultStage 7 (MapPartitionsRDD[24] at saveAsTable at NativeMethodAccessorImpl.java:0) (first 15 tasks are for partitions Vector(0))
[2024-09-14T20:40:39.433+0000] {spark_submit.py:579} INFO - 24/09/14 20:40:39 INFO TaskSchedulerImpl: Adding task set 7.0 with 1 tasks resource profile 0
[2024-09-14T20:40:39.438+0000] {spark_submit.py:579} INFO - 24/09/14 20:40:39 INFO TaskSetManager: Starting task 0.0 in stage 7.0 (TID 8) (fb744bf0dc86, executor driver, partition 0, NODE_LOCAL, 8999 bytes)
[2024-09-14T20:40:39.441+0000] {spark_submit.py:579} INFO - 24/09/14 20:40:39 INFO Executor: Running task 0.0 in stage 7.0 (TID 8)
[2024-09-14T20:40:39.543+0000] {spark_submit.py:579} INFO - 24/09/14 20:40:39 INFO ShuffleBlockFetcherIterator: Getting 2 (943.0 B) non-empty blocks including 2 (943.0 B) local and 0 (0.0 B) host-local and 0 (0.0 B) push-merged-local and 0 (0.0 B) remote blocks
[2024-09-14T20:40:39.545+0000] {spark_submit.py:579} INFO - 24/09/14 20:40:39 INFO ShuffleBlockFetcherIterator: Started 0 remote fetches in 4 ms
[2024-09-14T20:40:39.580+0000] {spark_submit.py:579} INFO - 24/09/14 20:40:39 INFO CodeGenerator: Code generated in 33.928326 ms
[2024-09-14T20:40:39.584+0000] {spark_submit.py:579} INFO - 24/09/14 20:40:39 INFO FileOutputCommitter: File Output Committer Algorithm version is 1
[2024-09-14T20:40:39.586+0000] {spark_submit.py:579} INFO - 24/09/14 20:40:39 INFO FileOutputCommitter: FileOutputCommitter skip cleanup _temporary folders under output directory:false, ignore cleanup failures: false
[2024-09-14T20:40:39.587+0000] {spark_submit.py:579} INFO - 24/09/14 20:40:39 INFO SQLHadoopMapReduceCommitProtocol: Using user defined output committer class org.apache.parquet.hadoop.ParquetOutputCommitter
[2024-09-14T20:40:39.589+0000] {spark_submit.py:579} INFO - 24/09/14 20:40:39 INFO FileOutputCommitter: File Output Committer Algorithm version is 1
[2024-09-14T20:40:39.590+0000] {spark_submit.py:579} INFO - 24/09/14 20:40:39 INFO FileOutputCommitter: FileOutputCommitter skip cleanup _temporary folders under output directory:false, ignore cleanup failures: false
[2024-09-14T20:40:39.592+0000] {spark_submit.py:579} INFO - 24/09/14 20:40:39 INFO SQLHadoopMapReduceCommitProtocol: Using output committer class org.apache.parquet.hadoop.ParquetOutputCommitter
[2024-09-14T20:40:39.602+0000] {spark_submit.py:579} INFO - 24/09/14 20:40:39 INFO CodecConfig: Compression: SNAPPY
[2024-09-14T20:40:39.610+0000] {spark_submit.py:579} INFO - 24/09/14 20:40:39 INFO CodecConfig: Compression: SNAPPY
[2024-09-14T20:40:39.658+0000] {spark_submit.py:579} INFO - 24/09/14 20:40:39 INFO ParquetOutputFormat: ParquetRecordWriter [block size: 134217728b, row group padding size: 8388608b, validating: false]
[2024-09-14T20:40:39.729+0000] {spark_submit.py:579} INFO - 24/09/14 20:40:39 INFO ParquetWriteSupport: Initialized Parquet WriteSupport with Catalyst schema:
[2024-09-14T20:40:39.731+0000] {spark_submit.py:579} INFO - {
[2024-09-14T20:40:39.732+0000] {spark_submit.py:579} INFO - "type" : "struct",
[2024-09-14T20:40:39.733+0000] {spark_submit.py:579} INFO - "fields" : [ {
[2024-09-14T20:40:39.735+0000] {spark_submit.py:579} INFO - "name" : "neighbourhood_group",
[2024-09-14T20:40:39.736+0000] {spark_submit.py:579} INFO - "type" : "string",
[2024-09-14T20:40:39.737+0000] {spark_submit.py:579} INFO - "nullable" : true,
[2024-09-14T20:40:39.739+0000] {spark_submit.py:579} INFO - "metadata" : { }
[2024-09-14T20:40:39.742+0000] {spark_submit.py:579} INFO - }, {
[2024-09-14T20:40:39.744+0000] {spark_submit.py:579} INFO - "name" : "average_price",
[2024-09-14T20:40:39.745+0000] {spark_submit.py:579} INFO - "type" : "double",
[2024-09-14T20:40:39.747+0000] {spark_submit.py:579} INFO - "nullable" : true,
[2024-09-14T20:40:39.749+0000] {spark_submit.py:579} INFO - "metadata" : { }
[2024-09-14T20:40:39.750+0000] {spark_submit.py:579} INFO - }, {
[2024-09-14T20:40:39.751+0000] {spark_submit.py:579} INFO - "name" : "min_price",
[2024-09-14T20:40:39.753+0000] {spark_submit.py:579} INFO - "type" : "integer",
[2024-09-14T20:40:39.754+0000] {spark_submit.py:579} INFO - "nullable" : true,
[2024-09-14T20:40:39.756+0000] {spark_submit.py:579} INFO - "metadata" : { }
[2024-09-14T20:40:39.757+0000] {spark_submit.py:579} INFO - }, {
[2024-09-14T20:40:39.759+0000] {spark_submit.py:579} INFO - "name" : "max_price",
[2024-09-14T20:40:39.761+0000] {spark_submit.py:579} INFO - "type" : "integer",
[2024-09-14T20:40:39.762+0000] {spark_submit.py:579} INFO - "nullable" : true,
[2024-09-14T20:40:39.763+0000] {spark_submit.py:579} INFO - "metadata" : { }
[2024-09-14T20:40:39.764+0000] {spark_submit.py:579} INFO - }, {
[2024-09-14T20:40:39.766+0000] {spark_submit.py:579} INFO - "name" : "count",
[2024-09-14T20:40:39.767+0000] {spark_submit.py:579} INFO - "type" : "long",
[2024-09-14T20:40:39.768+0000] {spark_submit.py:579} INFO - "nullable" : false,
[2024-09-14T20:40:39.770+0000] {spark_submit.py:579} INFO - "metadata" : { }
[2024-09-14T20:40:39.771+0000] {spark_submit.py:579} INFO - } ]
[2024-09-14T20:40:39.773+0000] {spark_submit.py:579} INFO - }
[2024-09-14T20:40:39.775+0000] {spark_submit.py:579} INFO - and corresponding Parquet message type:
[2024-09-14T20:40:39.778+0000] {spark_submit.py:579} INFO - message spark_schema {
[2024-09-14T20:40:39.779+0000] {spark_submit.py:579} INFO - optional binary neighbourhood_group (STRING);
[2024-09-14T20:40:39.781+0000] {spark_submit.py:579} INFO - optional double average_price;
[2024-09-14T20:40:39.782+0000] {spark_submit.py:579} INFO - optional int32 min_price;
[2024-09-14T20:40:39.784+0000] {spark_submit.py:579} INFO - optional int32 max_price;
[2024-09-14T20:40:39.785+0000] {spark_submit.py:579} INFO - required int64 count;
[2024-09-14T20:40:39.786+0000] {spark_submit.py:579} INFO - }
[2024-09-14T20:40:39.787+0000] {spark_submit.py:579} INFO - 
[2024-09-14T20:40:39.789+0000] {spark_submit.py:579} INFO - 
[2024-09-14T20:40:39.960+0000] {spark_submit.py:579} INFO - 24/09/14 20:40:39 INFO CodecPool: Got brand-new compressor [.snappy]
[2024-09-14T20:40:41.892+0000] {spark_submit.py:579} INFO - 24/09/14 20:40:41 INFO FileOutputCommitter: Saved output of task 'attempt_2024091420403924599942582363670_0007_m_000000_8' to hdfs://namenode:9000/user/hive/warehouse/price_distribution/_temporary/0/task_2024091420403924599942582363670_0007_m_000000
[2024-09-14T20:40:41.896+0000] {spark_submit.py:579} INFO - 24/09/14 20:40:41 INFO SparkHadoopMapRedUtil: attempt_2024091420403924599942582363670_0007_m_000000_8: Committed. Elapsed time: 26 ms.
[2024-09-14T20:40:41.918+0000] {spark_submit.py:579} INFO - 24/09/14 20:40:41 INFO Executor: Finished task 0.0 in stage 7.0 (TID 8). 6193 bytes result sent to driver
[2024-09-14T20:40:41.922+0000] {spark_submit.py:579} INFO - 24/09/14 20:40:41 INFO TaskSetManager: Finished task 0.0 in stage 7.0 (TID 8) in 2485 ms on fb744bf0dc86 (executor driver) (1/1)
[2024-09-14T20:40:41.924+0000] {spark_submit.py:579} INFO - 24/09/14 20:40:41 INFO TaskSchedulerImpl: Removed TaskSet 7.0, whose tasks have all completed, from pool
[2024-09-14T20:40:41.926+0000] {spark_submit.py:579} INFO - 24/09/14 20:40:41 INFO DAGScheduler: ResultStage 7 (saveAsTable at NativeMethodAccessorImpl.java:0) finished in 2.578 s
[2024-09-14T20:40:41.928+0000] {spark_submit.py:579} INFO - 24/09/14 20:40:41 INFO DAGScheduler: Job 5 is finished. Cancelling potential speculative or zombie tasks for this job
[2024-09-14T20:40:41.932+0000] {spark_submit.py:579} INFO - 24/09/14 20:40:41 INFO TaskSchedulerImpl: Killing all running tasks in stage 7: Stage finished
[2024-09-14T20:40:41.934+0000] {spark_submit.py:579} INFO - 24/09/14 20:40:41 INFO DAGScheduler: Job 5 finished: saveAsTable at NativeMethodAccessorImpl.java:0, took 2.601707 s
[2024-09-14T20:40:41.936+0000] {spark_submit.py:579} INFO - 24/09/14 20:40:41 INFO FileFormatWriter: Start to commit write Job 4fa93b21-6ed4-4b92-bfa6-76a8d0683dc0.
[2024-09-14T20:40:42.015+0000] {spark_submit.py:579} INFO - 24/09/14 20:40:42 INFO FileFormatWriter: Write Job 4fa93b21-6ed4-4b92-bfa6-76a8d0683dc0 committed. Elapsed time: 76 ms.
[2024-09-14T20:40:42.028+0000] {spark_submit.py:579} INFO - 24/09/14 20:40:42 INFO FileFormatWriter: Finished processing stats for write job 4fa93b21-6ed4-4b92-bfa6-76a8d0683dc0.
[2024-09-14T20:40:42.084+0000] {spark_submit.py:579} INFO - 24/09/14 20:40:42 INFO InMemoryFileIndex: It took 12 ms to list leaf files for 1 paths.
[2024-09-14T20:40:42.168+0000] {spark_submit.py:579} INFO - 24/09/14 20:40:42 INFO HiveExternalCatalog: Persisting file based data source table `spark_catalog`.`default`.`price_distribution` into Hive metastore in Hive compatible format.
[2024-09-14T20:40:42.257+0000] {spark_submit.py:579} INFO - 24/09/14 20:40:42 INFO SQLStdHiveAccessController: Created SQLStdHiveAccessController for session context : HiveAuthzSessionContext [sessionString=a08ab70a-2d34-4390-b7ff-bf12072f81d4, clientType=HIVECLI]
[2024-09-14T20:40:42.265+0000] {spark_submit.py:579} INFO - 24/09/14 20:40:42 WARN SessionState: METASTORE_FILTER_HOOK will be ignored, since hive.security.authorization.manager is set to instance of HiveAuthorizerFactory.
[2024-09-14T20:40:42.266+0000] {spark_submit.py:579} INFO - 24/09/14 20:40:42 INFO metastore: Mestastore configuration hive.metastore.filter.hook changed from org.apache.hadoop.hive.metastore.DefaultMetaStoreFilterHookImpl to org.apache.hadoop.hive.ql.security.authorization.plugin.AuthorizationMetaStoreFilterHook
[2024-09-14T20:40:42.279+0000] {spark_submit.py:579} INFO - 24/09/14 20:40:42 INFO metastore: Closed a connection to metastore, current connections: 0
[2024-09-14T20:40:42.284+0000] {spark_submit.py:579} INFO - 24/09/14 20:40:42 INFO metastore: Trying to connect to metastore with URI thrift://hive-metastore:9083
[2024-09-14T20:40:42.286+0000] {spark_submit.py:579} INFO - 24/09/14 20:40:42 INFO metastore: Opened a connection to metastore, current connections: 1
[2024-09-14T20:40:42.296+0000] {spark_submit.py:579} INFO - 24/09/14 20:40:42 INFO metastore: Connected to metastore.
[2024-09-14T20:40:42.538+0000] {spark_submit.py:579} INFO - 24/09/14 20:40:42 INFO metastore: Trying to connect to metastore with URI thrift://hive-metastore:9083
[2024-09-14T20:40:42.541+0000] {spark_submit.py:579} INFO - 24/09/14 20:40:42 INFO metastore: Opened a connection to metastore, current connections: 2
[2024-09-14T20:40:42.546+0000] {spark_submit.py:579} INFO - 24/09/14 20:40:42 INFO metastore: Connected to metastore.
[2024-09-14T20:40:43.532+0000] {spark_submit.py:579} INFO -  price_distribution    Hive!
[2024-09-14T20:40:43.774+0000] {spark_submit.py:579} INFO -    processed_airbnb_data!
[2024-09-14T20:40:44.199+0000] {spark_submit.py:579} INFO - 24/09/14 20:40:44 INFO FileSourceStrategy: Pushed Filters:
[2024-09-14T20:40:44.201+0000] {spark_submit.py:579} INFO - 24/09/14 20:40:44 INFO FileSourceStrategy: Post-Scan Filters: atleastnnonnulls(10, neighbourhood_group#25, neighbourhood#26, cast(regexp_replace(latitude#27, ,, ., 1) as float), cast(regexp_replace(longitude#28, ,, ., 1) as float), room_type#29, price#30, minimum_nights#31, number_of_reviews#32, calculated_host_listings_count#35, availability_365#36)
[2024-09-14T20:40:44.225+0000] {spark_submit.py:579} INFO - 24/09/14 20:40:44 INFO FileUtils: Creating directory if it doesn't exist: hdfs://namenode:9000/user/hive/warehouse/processed_airbnb_data/.hive-staging_hive_2024-09-14_20-40-44_024_3385294475560165237-1
[2024-09-14T20:40:44.694+0000] {spark_submit.py:579} INFO - 24/09/14 20:40:44 INFO FileOutputCommitter: File Output Committer Algorithm version is 1
[2024-09-14T20:40:44.696+0000] {spark_submit.py:579} INFO - 24/09/14 20:40:44 INFO FileOutputCommitter: FileOutputCommitter skip cleanup _temporary folders under output directory:false, ignore cleanup failures: false
[2024-09-14T20:40:44.699+0000] {spark_submit.py:579} INFO - 24/09/14 20:40:44 INFO SQLHadoopMapReduceCommitProtocol: Using output committer class org.apache.hadoop.mapreduce.lib.output.FileOutputCommitter
[2024-09-14T20:40:44.832+0000] {spark_submit.py:579} INFO - 24/09/14 20:40:44 INFO CodeGenerator: Code generated in 88.340635 ms
[2024-09-14T20:40:44.841+0000] {spark_submit.py:579} INFO - 24/09/14 20:40:44 INFO MemoryStore: Block broadcast_9 stored as values in memory (estimated size 200.1 KiB, free 433.3 MiB)
[2024-09-14T20:40:44.861+0000] {spark_submit.py:579} INFO - 24/09/14 20:40:44 INFO MemoryStore: Block broadcast_9_piece0 stored as bytes in memory (estimated size 34.5 KiB, free 433.3 MiB)
[2024-09-14T20:40:44.865+0000] {spark_submit.py:579} INFO - 24/09/14 20:40:44 INFO BlockManagerInfo: Added broadcast_9_piece0 in memory on fb744bf0dc86:32993 (size: 34.5 KiB, free: 434.2 MiB)
[2024-09-14T20:40:44.868+0000] {spark_submit.py:579} INFO - 24/09/14 20:40:44 INFO SparkContext: Created broadcast 9 from insertInto at NativeMethodAccessorImpl.java:0
[2024-09-14T20:40:44.874+0000] {spark_submit.py:579} INFO - 24/09/14 20:40:44 INFO FileSourceScanExec: Planning scan with bin packing, max size: 4194304 bytes, open cost is considered as scanning 4194304 bytes.
[2024-09-14T20:40:44.903+0000] {spark_submit.py:579} INFO - 24/09/14 20:40:44 INFO SparkContext: Starting job: insertInto at NativeMethodAccessorImpl.java:0
[2024-09-14T20:40:44.907+0000] {spark_submit.py:579} INFO - 24/09/14 20:40:44 INFO DAGScheduler: Got job 6 (insertInto at NativeMethodAccessorImpl.java:0) with 2 output partitions
[2024-09-14T20:40:44.909+0000] {spark_submit.py:579} INFO - 24/09/14 20:40:44 INFO DAGScheduler: Final stage: ResultStage 8 (insertInto at NativeMethodAccessorImpl.java:0)
[2024-09-14T20:40:44.912+0000] {spark_submit.py:579} INFO - 24/09/14 20:40:44 INFO DAGScheduler: Parents of final stage: List()
[2024-09-14T20:40:44.913+0000] {spark_submit.py:579} INFO - 24/09/14 20:40:44 INFO DAGScheduler: Missing parents: List()
[2024-09-14T20:40:44.915+0000] {spark_submit.py:579} INFO - 24/09/14 20:40:44 INFO DAGScheduler: Submitting ResultStage 8 (MapPartitionsRDD[28] at insertInto at NativeMethodAccessorImpl.java:0), which has no missing parents
[2024-09-14T20:40:45.030+0000] {spark_submit.py:579} INFO - 24/09/14 20:40:45 INFO MemoryStore: Block broadcast_10 stored as values in memory (estimated size 334.5 KiB, free 433.0 MiB)
[2024-09-14T20:40:45.043+0000] {spark_submit.py:579} INFO - 24/09/14 20:40:45 INFO MemoryStore: Block broadcast_10_piece0 stored as bytes in memory (estimated size 118.7 KiB, free 432.8 MiB)
[2024-09-14T20:40:45.050+0000] {spark_submit.py:579} INFO - 24/09/14 20:40:45 INFO BlockManagerInfo: Added broadcast_10_piece0 in memory on fb744bf0dc86:32993 (size: 118.7 KiB, free: 434.1 MiB)
[2024-09-14T20:40:45.052+0000] {spark_submit.py:579} INFO - 24/09/14 20:40:45 INFO SparkContext: Created broadcast 10 from broadcast at DAGScheduler.scala:1585
[2024-09-14T20:40:45.055+0000] {spark_submit.py:579} INFO - 24/09/14 20:40:45 INFO DAGScheduler: Submitting 2 missing tasks from ResultStage 8 (MapPartitionsRDD[28] at insertInto at NativeMethodAccessorImpl.java:0) (first 15 tasks are for partitions Vector(0, 1))
[2024-09-14T20:40:45.058+0000] {spark_submit.py:579} INFO - 24/09/14 20:40:45 INFO TaskSchedulerImpl: Adding task set 8.0 with 2 tasks resource profile 0
[2024-09-14T20:40:45.061+0000] {spark_submit.py:579} INFO - 24/09/14 20:40:45 INFO TaskSetManager: Starting task 0.0 in stage 8.0 (TID 9) (fb744bf0dc86, executor driver, partition 0, PROCESS_LOCAL, 9601 bytes)
[2024-09-14T20:40:45.064+0000] {spark_submit.py:579} INFO - 24/09/14 20:40:45 INFO TaskSetManager: Starting task 1.0 in stage 8.0 (TID 10) (fb744bf0dc86, executor driver, partition 1, PROCESS_LOCAL, 9601 bytes)
[2024-09-14T20:40:45.067+0000] {spark_submit.py:579} INFO - 24/09/14 20:40:45 INFO Executor: Running task 0.0 in stage 8.0 (TID 9)
[2024-09-14T20:40:45.070+0000] {spark_submit.py:579} INFO - 24/09/14 20:40:45 INFO Executor: Running task 1.0 in stage 8.0 (TID 10)
[2024-09-14T20:40:45.189+0000] {spark_submit.py:579} INFO - 24/09/14 20:40:45 INFO CodeGenerator: Code generated in 67.427317 ms
[2024-09-14T20:40:45.196+0000] {spark_submit.py:579} INFO - 24/09/14 20:40:45 INFO FileOutputCommitter: File Output Committer Algorithm version is 1
[2024-09-14T20:40:45.197+0000] {spark_submit.py:579} INFO - 24/09/14 20:40:45 INFO FileOutputCommitter: File Output Committer Algorithm version is 1
[2024-09-14T20:40:45.199+0000] {spark_submit.py:579} INFO - 24/09/14 20:40:45 INFO FileOutputCommitter: FileOutputCommitter skip cleanup _temporary folders under output directory:false, ignore cleanup failures: false
[2024-09-14T20:40:45.201+0000] {spark_submit.py:579} INFO - 24/09/14 20:40:45 INFO FileOutputCommitter: FileOutputCommitter skip cleanup _temporary folders under output directory:false, ignore cleanup failures: false
[2024-09-14T20:40:45.203+0000] {spark_submit.py:579} INFO - 24/09/14 20:40:45 INFO SQLHadoopMapReduceCommitProtocol: Using output committer class org.apache.hadoop.mapreduce.lib.output.FileOutputCommitter
[2024-09-14T20:40:45.205+0000] {spark_submit.py:579} INFO - 24/09/14 20:40:45 INFO SQLHadoopMapReduceCommitProtocol: Using output committer class org.apache.hadoop.mapreduce.lib.output.FileOutputCommitter
[2024-09-14T20:40:45.208+0000] {spark_submit.py:579} INFO - 24/09/14 20:40:45 INFO FileScanRDD: Reading File path: file:///opt/***/datasets/Airbnb.csv, range: 4194304-7081245, partition values: [empty row]
[2024-09-14T20:40:45.527+0000] {spark_submit.py:579} INFO - 24/09/14 20:40:45 INFO FileScanRDD: Reading File path: file:///opt/***/datasets/Airbnb.csv, range: 0-4194304, partition values: [empty row]
[2024-09-14T20:40:45.662+0000] {spark_submit.py:579} INFO - 24/09/14 20:40:45 INFO BlockManagerInfo: Removed broadcast_8_piece0 on fb744bf0dc86:32993 in memory (size: 96.6 KiB, free: 434.2 MiB)
[2024-09-14T20:40:45.690+0000] {spark_submit.py:579} INFO - 24/09/14 20:40:45 INFO BlockManagerInfo: Removed broadcast_6_piece0 on fb744bf0dc86:32993 in memory (size: 34.5 KiB, free: 434.2 MiB)
[2024-09-14T20:40:45.706+0000] {spark_submit.py:579} INFO - 24/09/14 20:40:45 INFO BlockManagerInfo: Removed broadcast_7_piece0 on fb744bf0dc86:32993 in memory (size: 25.6 KiB, free: 434.2 MiB)
[2024-09-14T20:40:46.563+0000] {spark_submit.py:579} INFO - 24/09/14 20:40:46 INFO FileOutputCommitter: Saved output of task 'attempt_202409142040442527208277575033105_0008_m_000001_10' to hdfs://namenode:9000/user/hive/warehouse/processed_airbnb_data/.hive-staging_hive_2024-09-14_20-40-44_024_3385294475560165237-1/-ext-10000/_temporary/0/task_202409142040442527208277575033105_0008_m_000001
[2024-09-14T20:40:46.564+0000] {spark_submit.py:579} INFO - 24/09/14 20:40:46 INFO SparkHadoopMapRedUtil: attempt_202409142040442527208277575033105_0008_m_000001_10: Committed. Elapsed time: 15 ms.
[2024-09-14T20:40:46.568+0000] {spark_submit.py:579} INFO - 24/09/14 20:40:46 INFO Executor: Finished task 1.0 in stage 8.0 (TID 10). 2626 bytes result sent to driver
[2024-09-14T20:40:46.572+0000] {spark_submit.py:579} INFO - 24/09/14 20:40:46 INFO TaskSetManager: Finished task 1.0 in stage 8.0 (TID 10) in 1510 ms on fb744bf0dc86 (executor driver) (1/2)
[2024-09-14T20:40:46.785+0000] {spark_submit.py:579} INFO - 24/09/14 20:40:46 INFO FileOutputCommitter: Saved output of task 'attempt_202409142040442527208277575033105_0008_m_000000_9' to hdfs://namenode:9000/user/hive/warehouse/processed_airbnb_data/.hive-staging_hive_2024-09-14_20-40-44_024_3385294475560165237-1/-ext-10000/_temporary/0/task_202409142040442527208277575033105_0008_m_000000
[2024-09-14T20:40:46.787+0000] {spark_submit.py:579} INFO - 24/09/14 20:40:46 INFO SparkHadoopMapRedUtil: attempt_202409142040442527208277575033105_0008_m_000000_9: Committed. Elapsed time: 18 ms.
[2024-09-14T20:40:46.791+0000] {spark_submit.py:579} INFO - 24/09/14 20:40:46 INFO Executor: Finished task 0.0 in stage 8.0 (TID 9). 2669 bytes result sent to driver
[2024-09-14T20:40:46.794+0000] {spark_submit.py:579} INFO - 24/09/14 20:40:46 INFO TaskSetManager: Finished task 0.0 in stage 8.0 (TID 9) in 1735 ms on fb744bf0dc86 (executor driver) (2/2)
[2024-09-14T20:40:46.796+0000] {spark_submit.py:579} INFO - 24/09/14 20:40:46 INFO TaskSchedulerImpl: Removed TaskSet 8.0, whose tasks have all completed, from pool
[2024-09-14T20:40:46.799+0000] {spark_submit.py:579} INFO - 24/09/14 20:40:46 INFO DAGScheduler: ResultStage 8 (insertInto at NativeMethodAccessorImpl.java:0) finished in 1.884 s
[2024-09-14T20:40:46.801+0000] {spark_submit.py:579} INFO - 24/09/14 20:40:46 INFO DAGScheduler: Job 6 is finished. Cancelling potential speculative or zombie tasks for this job
[2024-09-14T20:40:46.803+0000] {spark_submit.py:579} INFO - 24/09/14 20:40:46 INFO TaskSchedulerImpl: Killing all running tasks in stage 8: Stage finished
[2024-09-14T20:40:46.804+0000] {spark_submit.py:579} INFO - 24/09/14 20:40:46 INFO DAGScheduler: Job 6 finished: insertInto at NativeMethodAccessorImpl.java:0, took 1.898391 s
[2024-09-14T20:40:46.806+0000] {spark_submit.py:579} INFO - 24/09/14 20:40:46 INFO FileFormatWriter: Start to commit write Job 1ca26c1e-0226-4881-908d-e6883660f696.
[2024-09-14T20:40:46.884+0000] {spark_submit.py:579} INFO - 24/09/14 20:40:46 INFO FileFormatWriter: Write Job 1ca26c1e-0226-4881-908d-e6883660f696 committed. Elapsed time: 77 ms.
[2024-09-14T20:40:46.885+0000] {spark_submit.py:579} INFO - 24/09/14 20:40:46 INFO FileFormatWriter: Finished processing stats for write job 1ca26c1e-0226-4881-908d-e6883660f696.
[2024-09-14T20:40:47.089+0000] {spark_submit.py:579} INFO - 24/09/14 20:40:47 INFO FileUtils: Creating directory if it doesn't exist: hdfs://namenode:9000/user/hive/warehouse/processed_airbnb_data
[2024-09-14T20:40:47.968+0000] {spark_submit.py:579} INFO -      processed_airbnb_data
[2024-09-14T20:40:48.254+0000] {spark_submit.py:579} INFO - 24/09/14 20:40:48 INFO SparkContext: Invoking stop() from shutdown hook
[2024-09-14T20:40:48.256+0000] {spark_submit.py:579} INFO - 24/09/14 20:40:48 INFO SparkContext: SparkContext is stopping with exitCode 0.
[2024-09-14T20:40:48.309+0000] {spark_submit.py:579} INFO - 24/09/14 20:40:48 INFO SparkUI: Stopped Spark web UI at http://fb744bf0dc86:4040
[2024-09-14T20:40:48.358+0000] {spark_submit.py:579} INFO - 24/09/14 20:40:48 INFO MapOutputTrackerMasterEndpoint: MapOutputTrackerMasterEndpoint stopped!
[2024-09-14T20:40:48.621+0000] {spark_submit.py:579} INFO - 24/09/14 20:40:48 INFO MemoryStore: MemoryStore cleared
[2024-09-14T20:40:48.623+0000] {spark_submit.py:579} INFO - 24/09/14 20:40:48 INFO BlockManager: BlockManager stopped
[2024-09-14T20:40:48.633+0000] {spark_submit.py:579} INFO - 24/09/14 20:40:48 INFO BlockManagerMaster: BlockManagerMaster stopped
[2024-09-14T20:40:48.645+0000] {spark_submit.py:579} INFO - 24/09/14 20:40:48 INFO OutputCommitCoordinator$OutputCommitCoordinatorEndpoint: OutputCommitCoordinator stopped!
[2024-09-14T20:40:48.667+0000] {spark_submit.py:579} INFO - 24/09/14 20:40:48 INFO SparkContext: Successfully stopped SparkContext
[2024-09-14T20:40:48.668+0000] {spark_submit.py:579} INFO - 24/09/14 20:40:48 INFO ShutdownHookManager: Shutdown hook called
[2024-09-14T20:40:48.669+0000] {spark_submit.py:579} INFO - 24/09/14 20:40:48 INFO ShutdownHookManager: Deleting directory /tmp/spark-ce7d1c73-eadf-42e3-b4cf-b0994e17c88a
[2024-09-14T20:40:48.681+0000] {spark_submit.py:579} INFO - 24/09/14 20:40:48 INFO ShutdownHookManager: Deleting directory /tmp/spark-9496fd86-80e6-4341-b053-36775171fa12
[2024-09-14T20:40:48.692+0000] {spark_submit.py:579} INFO - 24/09/14 20:40:48 INFO ShutdownHookManager: Deleting directory /tmp/spark-ce7d1c73-eadf-42e3-b4cf-b0994e17c88a/pyspark-4815343a-ffdf-416e-8b3e-c4bfda95a093
[2024-09-14T20:40:48.999+0000] {taskinstance.py:340} INFO - ::group::Post task execution logs
[2024-09-14T20:40:49.003+0000] {taskinstance.py:352} INFO - Marking task as SUCCESS. dag_id=airbnb_model, task_id=data_analysis, run_id=manual__2024-09-14T17:50:30.952450+00:00, execution_date=20240914T175030, start_date=20240914T203958, end_date=20240914T204049
[2024-09-14T20:40:49.065+0000] {local_task_job_runner.py:266} INFO - Task exited with return code 0
[2024-09-14T20:40:49.127+0000] {taskinstance.py:3900} INFO - 1 downstream tasks scheduled from follow-on schedule check
[2024-09-14T20:40:49.132+0000] {local_task_job_runner.py:245} INFO - ::endgroup::
