[2024-09-14T18:37:20.839+0000] {local_task_job_runner.py:123} INFO - ::group::Pre task execution logs
[2024-09-14T18:37:20.921+0000] {taskinstance.py:2612} INFO - Dependencies all met for dep_context=non-requeueable deps ti=<TaskInstance: airbnb_model.data_analysis manual__2024-09-14T17:50:30.952450+00:00 [queued]>
[2024-09-14T18:37:20.956+0000] {taskinstance.py:2612} INFO - Dependencies all met for dep_context=requeueable deps ti=<TaskInstance: airbnb_model.data_analysis manual__2024-09-14T17:50:30.952450+00:00 [queued]>
[2024-09-14T18:37:20.957+0000] {taskinstance.py:2865} INFO - Starting attempt 5 of 8
[2024-09-14T18:37:21.008+0000] {taskinstance.py:2888} INFO - Executing <Task(SparkSubmitOperator): data_analysis> on 2024-09-14 17:50:30.952450+00:00
[2024-09-14T18:37:21.031+0000] {standard_task_runner.py:104} INFO - Running: ['***', 'tasks', 'run', 'airbnb_model', 'data_analysis', 'manual__2024-09-14T17:50:30.952450+00:00', '--job-id', '674', '--raw', '--subdir', 'DAGS_FOLDER/air_price_pred_dag.py', '--cfg-path', '/tmp/tmp627p8gh2']
[2024-09-14T18:37:21.035+0000] {standard_task_runner.py:105} INFO - Job 674: Subtask data_analysis
[2024-09-14T18:37:21.043+0000] {logging_mixin.py:190} WARNING - /home/***/.local/lib/python3.12/site-packages/***/task/task_runner/standard_task_runner.py:70 DeprecationWarning: This process (pid=6543) is multi-threaded, use of fork() may lead to deadlocks in the child.
[2024-09-14T18:37:21.046+0000] {standard_task_runner.py:72} INFO - Started process 6544 to run task
[2024-09-14T18:37:21.139+0000] {task_command.py:467} INFO - Running <TaskInstance: airbnb_model.data_analysis manual__2024-09-14T17:50:30.952450+00:00 [running]> on host fb744bf0dc86
[2024-09-14T18:37:21.323+0000] {taskinstance.py:3131} INFO - Exporting env vars: AIRFLOW_CTX_DAG_OWNER='Denis' AIRFLOW_CTX_DAG_ID='airbnb_model' AIRFLOW_CTX_TASK_ID='data_analysis' AIRFLOW_CTX_EXECUTION_DATE='2024-09-14T17:50:30.952450+00:00' AIRFLOW_CTX_TRY_NUMBER='5' AIRFLOW_CTX_DAG_RUN_ID='manual__2024-09-14T17:50:30.952450+00:00'
[2024-09-14T18:37:21.325+0000] {taskinstance.py:731} INFO - ::endgroup::
[2024-09-14T18:37:21.396+0000] {base.py:84} INFO - Retrieving connection 'spark_default'
[2024-09-14T18:37:21.399+0000] {spark_submit.py:403} INFO - Spark-Submit cmd: spark-submit --master spark://spark-master:7077 --conf spark.master=spark://spark-master:7077 --name arrow-spark --verbose --deploy-mode client /opt/***/dags/air_data_analysis.py
[2024-09-14T18:37:25.229+0000] {spark_submit.py:579} INFO - Using properties file: null
[2024-09-14T18:37:25.484+0000] {spark_submit.py:579} INFO - Parsed arguments:
[2024-09-14T18:37:25.486+0000] {spark_submit.py:579} INFO - master                  spark://spark-master:7077
[2024-09-14T18:37:25.487+0000] {spark_submit.py:579} INFO - remote                  null
[2024-09-14T18:37:25.488+0000] {spark_submit.py:579} INFO - deployMode              client
[2024-09-14T18:37:25.490+0000] {spark_submit.py:579} INFO - executorMemory          null
[2024-09-14T18:37:25.491+0000] {spark_submit.py:579} INFO - executorCores           null
[2024-09-14T18:37:25.492+0000] {spark_submit.py:579} INFO - totalExecutorCores      null
[2024-09-14T18:37:25.493+0000] {spark_submit.py:579} INFO - propertiesFile          null
[2024-09-14T18:37:25.494+0000] {spark_submit.py:579} INFO - driverMemory            null
[2024-09-14T18:37:25.495+0000] {spark_submit.py:579} INFO - driverCores             null
[2024-09-14T18:37:25.496+0000] {spark_submit.py:579} INFO - driverExtraClassPath    null
[2024-09-14T18:37:25.497+0000] {spark_submit.py:579} INFO - driverExtraLibraryPath  null
[2024-09-14T18:37:25.498+0000] {spark_submit.py:579} INFO - driverExtraJavaOptions  null
[2024-09-14T18:37:25.499+0000] {spark_submit.py:579} INFO - supervise               false
[2024-09-14T18:37:25.500+0000] {spark_submit.py:579} INFO - queue                   null
[2024-09-14T18:37:25.501+0000] {spark_submit.py:579} INFO - numExecutors            null
[2024-09-14T18:37:25.502+0000] {spark_submit.py:579} INFO - files                   null
[2024-09-14T18:37:25.503+0000] {spark_submit.py:579} INFO - pyFiles                 null
[2024-09-14T18:37:25.504+0000] {spark_submit.py:579} INFO - archives                null
[2024-09-14T18:37:25.505+0000] {spark_submit.py:579} INFO - mainClass               null
[2024-09-14T18:37:25.506+0000] {spark_submit.py:579} INFO - primaryResource         file:/opt/***/dags/air_data_analysis.py
[2024-09-14T18:37:25.507+0000] {spark_submit.py:579} INFO - name                    arrow-spark
[2024-09-14T18:37:25.508+0000] {spark_submit.py:579} INFO - childArgs               []
[2024-09-14T18:37:25.509+0000] {spark_submit.py:579} INFO - jars                    null
[2024-09-14T18:37:25.510+0000] {spark_submit.py:579} INFO - packages                null
[2024-09-14T18:37:25.511+0000] {spark_submit.py:579} INFO - packagesExclusions      null
[2024-09-14T18:37:25.512+0000] {spark_submit.py:579} INFO - repositories            null
[2024-09-14T18:37:25.513+0000] {spark_submit.py:579} INFO - verbose                 true
[2024-09-14T18:37:25.514+0000] {spark_submit.py:579} INFO - 
[2024-09-14T18:37:25.516+0000] {spark_submit.py:579} INFO - Spark properties used, including those specified through
[2024-09-14T18:37:25.517+0000] {spark_submit.py:579} INFO - --conf and those from the properties file null:
[2024-09-14T18:37:25.518+0000] {spark_submit.py:579} INFO - (spark.master,spark://spark-master:7077)
[2024-09-14T18:37:25.519+0000] {spark_submit.py:579} INFO - 
[2024-09-14T18:37:25.520+0000] {spark_submit.py:579} INFO - 
[2024-09-14T18:37:26.605+0000] {spark_submit.py:579} INFO - Main class:
[2024-09-14T18:37:26.607+0000] {spark_submit.py:579} INFO - org.apache.spark.deploy.PythonRunner
[2024-09-14T18:37:26.609+0000] {spark_submit.py:579} INFO - Arguments:
[2024-09-14T18:37:26.610+0000] {spark_submit.py:579} INFO - file:/opt/***/dags/air_data_analysis.py
[2024-09-14T18:37:26.614+0000] {spark_submit.py:579} INFO - null
[2024-09-14T18:37:26.616+0000] {spark_submit.py:579} INFO - Spark config:
[2024-09-14T18:37:26.617+0000] {spark_submit.py:579} INFO - (spark.app.name,arrow-spark)
[2024-09-14T18:37:26.618+0000] {spark_submit.py:579} INFO - (spark.app.submitTime,1726339046563)
[2024-09-14T18:37:26.620+0000] {spark_submit.py:579} INFO - (spark.master,spark://spark-master:7077)
[2024-09-14T18:37:26.621+0000] {spark_submit.py:579} INFO - (spark.submit.deployMode,client)
[2024-09-14T18:37:26.622+0000] {spark_submit.py:579} INFO - (spark.submit.pyFiles,)
[2024-09-14T18:37:26.623+0000] {spark_submit.py:579} INFO - Classpath elements:
[2024-09-14T18:37:26.625+0000] {spark_submit.py:579} INFO - 
[2024-09-14T18:37:26.626+0000] {spark_submit.py:579} INFO - 
[2024-09-14T18:37:26.627+0000] {spark_submit.py:579} INFO - 
[2024-09-14T18:37:29.185+0000] {spark_submit.py:579} INFO - 24/09/14 18:37:29 INFO SparkContext: Running Spark version 3.5.2
[2024-09-14T18:37:29.191+0000] {spark_submit.py:579} INFO - 24/09/14 18:37:29 INFO SparkContext: OS info Linux, 5.15.153.1-microsoft-standard-WSL2, amd64
[2024-09-14T18:37:29.192+0000] {spark_submit.py:579} INFO - 24/09/14 18:37:29 INFO SparkContext: Java version 17.0.12
[2024-09-14T18:37:29.435+0000] {spark_submit.py:579} INFO - 24/09/14 18:37:29 WARN NativeCodeLoader: Unable to load native-hadoop library for your platform... using builtin-java classes where applicable
[2024-09-14T18:37:29.766+0000] {spark_submit.py:579} INFO - 24/09/14 18:37:29 INFO ResourceUtils: ==============================================================
[2024-09-14T18:37:29.768+0000] {spark_submit.py:579} INFO - 24/09/14 18:37:29 INFO ResourceUtils: No custom resources configured for spark.driver.
[2024-09-14T18:37:29.777+0000] {spark_submit.py:579} INFO - 24/09/14 18:37:29 INFO ResourceUtils: ==============================================================
[2024-09-14T18:37:29.778+0000] {spark_submit.py:579} INFO - 24/09/14 18:37:29 INFO SparkContext: Submitted application: Airbnb_regr_model
[2024-09-14T18:37:29.851+0000] {spark_submit.py:579} INFO - 24/09/14 18:37:29 INFO ResourceProfile: Default ResourceProfile created, executor resources: Map(cores -> name: cores, amount: 1, script: , vendor: , memory -> name: memory, amount: 1024, script: , vendor: , offHeap -> name: offHeap, amount: 0, script: , vendor: ), task resources: Map(cpus -> name: cpus, amount: 1.0)
[2024-09-14T18:37:29.910+0000] {spark_submit.py:579} INFO - 24/09/14 18:37:29 INFO ResourceProfile: Limiting resource is cpu
[2024-09-14T18:37:29.912+0000] {spark_submit.py:579} INFO - 24/09/14 18:37:29 INFO ResourceProfileManager: Added ResourceProfile id: 0
[2024-09-14T18:37:30.141+0000] {spark_submit.py:579} INFO - 24/09/14 18:37:30 INFO SecurityManager: Changing view acls to: ***
[2024-09-14T18:37:30.142+0000] {spark_submit.py:579} INFO - 24/09/14 18:37:30 INFO SecurityManager: Changing modify acls to: ***
[2024-09-14T18:37:30.144+0000] {spark_submit.py:579} INFO - 24/09/14 18:37:30 INFO SecurityManager: Changing view acls groups to:
[2024-09-14T18:37:30.146+0000] {spark_submit.py:579} INFO - 24/09/14 18:37:30 INFO SecurityManager: Changing modify acls groups to:
[2024-09-14T18:37:30.147+0000] {spark_submit.py:579} INFO - 24/09/14 18:37:30 INFO SecurityManager: SecurityManager: authentication disabled; ui acls disabled; users with view permissions: ***; groups with view permissions: EMPTY; users with modify permissions: ***; groups with modify permissions: EMPTY
[2024-09-14T18:37:31.847+0000] {spark_submit.py:579} INFO - 24/09/14 18:37:31 INFO Utils: Successfully started service 'sparkDriver' on port 44237.
[2024-09-14T18:37:32.092+0000] {spark_submit.py:579} INFO - 24/09/14 18:37:32 INFO SparkEnv: Registering MapOutputTracker
[2024-09-14T18:37:32.226+0000] {spark_submit.py:579} INFO - 24/09/14 18:37:32 INFO SparkEnv: Registering BlockManagerMaster
[2024-09-14T18:37:32.287+0000] {spark_submit.py:579} INFO - 24/09/14 18:37:32 INFO BlockManagerMasterEndpoint: Using org.apache.spark.storage.DefaultTopologyMapper for getting topology information
[2024-09-14T18:37:32.289+0000] {spark_submit.py:579} INFO - 24/09/14 18:37:32 INFO BlockManagerMasterEndpoint: BlockManagerMasterEndpoint up
[2024-09-14T18:37:32.298+0000] {spark_submit.py:579} INFO - 24/09/14 18:37:32 INFO SparkEnv: Registering BlockManagerMasterHeartbeat
[2024-09-14T18:37:32.393+0000] {spark_submit.py:579} INFO - 24/09/14 18:37:32 INFO DiskBlockManager: Created local directory at /tmp/blockmgr-ef559c39-d667-4a05-8c7d-3d889e90cc81
[2024-09-14T18:37:32.785+0000] {spark_submit.py:579} INFO - 24/09/14 18:37:32 INFO MemoryStore: MemoryStore started with capacity 434.4 MiB
[2024-09-14T18:37:32.838+0000] {spark_submit.py:579} INFO - 24/09/14 18:37:32 INFO SparkEnv: Registering OutputCommitCoordinator
[2024-09-14T18:37:33.423+0000] {spark_submit.py:579} INFO - 24/09/14 18:37:33 INFO JettyUtils: Start Jetty 0.0.0.0:4040 for SparkUI
[2024-09-14T18:37:33.592+0000] {spark_submit.py:579} INFO - 24/09/14 18:37:33 INFO Utils: Successfully started service 'SparkUI' on port 4040.
[2024-09-14T18:37:33.904+0000] {spark_submit.py:579} INFO - 24/09/14 18:37:33 INFO Executor: Starting executor ID driver on host fb744bf0dc86
[2024-09-14T18:37:33.905+0000] {spark_submit.py:579} INFO - 24/09/14 18:37:33 INFO Executor: OS info Linux, 5.15.153.1-microsoft-standard-WSL2, amd64
[2024-09-14T18:37:33.906+0000] {spark_submit.py:579} INFO - 24/09/14 18:37:33 INFO Executor: Java version 17.0.12
[2024-09-14T18:37:33.924+0000] {spark_submit.py:579} INFO - 24/09/14 18:37:33 INFO Executor: Starting executor with user classpath (userClassPathFirst = false): ''
[2024-09-14T18:37:33.925+0000] {spark_submit.py:579} INFO - 24/09/14 18:37:33 INFO Executor: Created or updated repl class loader org.apache.spark.util.MutableURLClassLoader@7432b5cc for default.
[2024-09-14T18:37:33.977+0000] {spark_submit.py:579} INFO - 24/09/14 18:37:33 INFO Utils: Successfully started service 'org.apache.spark.network.netty.NettyBlockTransferService' on port 39161.
[2024-09-14T18:37:33.978+0000] {spark_submit.py:579} INFO - 24/09/14 18:37:33 INFO NettyBlockTransferService: Server created on fb744bf0dc86:39161
[2024-09-14T18:37:33.982+0000] {spark_submit.py:579} INFO - 24/09/14 18:37:33 INFO BlockManager: Using org.apache.spark.storage.RandomBlockReplicationPolicy for block replication policy
[2024-09-14T18:37:33.993+0000] {spark_submit.py:579} INFO - 24/09/14 18:37:33 INFO BlockManagerMaster: Registering BlockManager BlockManagerId(driver, fb744bf0dc86, 39161, None)
[2024-09-14T18:37:34.001+0000] {spark_submit.py:579} INFO - 24/09/14 18:37:34 INFO BlockManagerMasterEndpoint: Registering block manager fb744bf0dc86:39161 with 434.4 MiB RAM, BlockManagerId(driver, fb744bf0dc86, 39161, None)
[2024-09-14T18:37:34.006+0000] {spark_submit.py:579} INFO - 24/09/14 18:37:34 INFO BlockManagerMaster: Registered BlockManager BlockManagerId(driver, fb744bf0dc86, 39161, None)
[2024-09-14T18:37:34.009+0000] {spark_submit.py:579} INFO - 24/09/14 18:37:34 INFO BlockManager: Initialized BlockManager: BlockManagerId(driver, fb744bf0dc86, 39161, None)
[2024-09-14T18:37:35.229+0000] {spark_submit.py:579} INFO - 24/09/14 18:37:35 INFO SharedState: Setting hive.metastore.warehouse.dir ('null') to the value of spark.sql.warehouse.dir.
[2024-09-14T18:37:35.251+0000] {spark_submit.py:579} INFO - 24/09/14 18:37:35 INFO SharedState: Warehouse path is 'file:/user/hive/warehouse'.
[2024-09-14T18:37:38.657+0000] {spark_submit.py:579} INFO - 24/09/14 18:37:38 INFO InMemoryFileIndex: It took 106 ms to list leaf files for 1 paths.
[2024-09-14T18:37:38.793+0000] {spark_submit.py:579} INFO - 24/09/14 18:37:38 INFO InMemoryFileIndex: It took 3 ms to list leaf files for 1 paths.
[2024-09-14T18:37:45.748+0000] {spark_submit.py:579} INFO - 24/09/14 18:37:45 INFO FileSourceStrategy: Pushed Filters:
[2024-09-14T18:37:45.751+0000] {spark_submit.py:579} INFO - 24/09/14 18:37:45 INFO FileSourceStrategy: Post-Scan Filters:
[2024-09-14T18:37:46.418+0000] {spark_submit.py:579} INFO - 24/09/14 18:37:46 INFO MemoryStore: Block broadcast_0 stored as values in memory (estimated size 200.2 KiB, free 434.2 MiB)
[2024-09-14T18:37:46.578+0000] {spark_submit.py:579} INFO - 24/09/14 18:37:46 INFO MemoryStore: Block broadcast_0_piece0 stored as bytes in memory (estimated size 34.5 KiB, free 434.2 MiB)
[2024-09-14T18:37:46.584+0000] {spark_submit.py:579} INFO - 24/09/14 18:37:46 INFO BlockManagerInfo: Added broadcast_0_piece0 in memory on fb744bf0dc86:39161 (size: 34.5 KiB, free: 434.4 MiB)
[2024-09-14T18:37:46.594+0000] {spark_submit.py:579} INFO - 24/09/14 18:37:46 INFO SparkContext: Created broadcast 0 from csv at NativeMethodAccessorImpl.java:0
[2024-09-14T18:37:46.616+0000] {spark_submit.py:579} INFO - 24/09/14 18:37:46 INFO FileSourceScanExec: Planning scan with bin packing, max size: 4194304 bytes, open cost is considered as scanning 4194304 bytes.
[2024-09-14T18:37:47.717+0000] {spark_submit.py:579} INFO - 24/09/14 18:37:47 INFO CodeGenerator: Code generated in 390.750656 ms
[2024-09-14T18:37:47.809+0000] {spark_submit.py:579} INFO - 24/09/14 18:37:47 INFO SparkContext: Starting job: csv at NativeMethodAccessorImpl.java:0
[2024-09-14T18:37:47.840+0000] {spark_submit.py:579} INFO - 24/09/14 18:37:47 INFO DAGScheduler: Got job 0 (csv at NativeMethodAccessorImpl.java:0) with 1 output partitions
[2024-09-14T18:37:47.841+0000] {spark_submit.py:579} INFO - 24/09/14 18:37:47 INFO DAGScheduler: Final stage: ResultStage 0 (csv at NativeMethodAccessorImpl.java:0)
[2024-09-14T18:37:47.842+0000] {spark_submit.py:579} INFO - 24/09/14 18:37:47 INFO DAGScheduler: Parents of final stage: List()
[2024-09-14T18:37:47.845+0000] {spark_submit.py:579} INFO - 24/09/14 18:37:47 INFO DAGScheduler: Missing parents: List()
[2024-09-14T18:37:47.850+0000] {spark_submit.py:579} INFO - 24/09/14 18:37:47 INFO DAGScheduler: Submitting ResultStage 0 (MapPartitionsRDD[6] at csv at NativeMethodAccessorImpl.java:0), which has no missing parents
[2024-09-14T18:37:48.009+0000] {spark_submit.py:579} INFO - 24/09/14 18:37:48 INFO MemoryStore: Block broadcast_1 stored as values in memory (estimated size 19.1 KiB, free 434.2 MiB)
[2024-09-14T18:37:48.013+0000] {spark_submit.py:579} INFO - 24/09/14 18:37:48 INFO MemoryStore: Block broadcast_1_piece0 stored as bytes in memory (estimated size 8.3 KiB, free 434.1 MiB)
[2024-09-14T18:37:48.014+0000] {spark_submit.py:579} INFO - 24/09/14 18:37:48 INFO BlockManagerInfo: Added broadcast_1_piece0 in memory on fb744bf0dc86:39161 (size: 8.3 KiB, free: 434.4 MiB)
[2024-09-14T18:37:48.016+0000] {spark_submit.py:579} INFO - 24/09/14 18:37:48 INFO SparkContext: Created broadcast 1 from broadcast at DAGScheduler.scala:1585
[2024-09-14T18:37:48.043+0000] {spark_submit.py:579} INFO - 24/09/14 18:37:48 INFO DAGScheduler: Submitting 1 missing tasks from ResultStage 0 (MapPartitionsRDD[6] at csv at NativeMethodAccessorImpl.java:0) (first 15 tasks are for partitions Vector(0))
[2024-09-14T18:37:48.046+0000] {spark_submit.py:579} INFO - 24/09/14 18:37:48 INFO TaskSchedulerImpl: Adding task set 0.0 with 1 tasks resource profile 0
[2024-09-14T18:37:48.118+0000] {spark_submit.py:579} INFO - 24/09/14 18:37:48 INFO TaskSetManager: Starting task 0.0 in stage 0.0 (TID 0) (fb744bf0dc86, executor driver, partition 0, PROCESS_LOCAL, 9601 bytes)
[2024-09-14T18:37:48.145+0000] {spark_submit.py:579} INFO - 24/09/14 18:37:48 INFO Executor: Running task 0.0 in stage 0.0 (TID 0)
[2024-09-14T18:37:48.335+0000] {spark_submit.py:579} INFO - 24/09/14 18:37:48 INFO CodeGenerator: Code generated in 24.158228 ms
[2024-09-14T18:37:48.342+0000] {spark_submit.py:579} INFO - 24/09/14 18:37:48 INFO FileScanRDD: Reading File path: file:///opt/***/datasets/Airbnb.csv, range: 0-4194304, partition values: [empty row]
[2024-09-14T18:37:48.372+0000] {spark_submit.py:579} INFO - 24/09/14 18:37:48 INFO CodeGenerator: Code generated in 17.452087 ms
[2024-09-14T18:37:48.473+0000] {spark_submit.py:579} INFO - 24/09/14 18:37:48 INFO Executor: Finished task 0.0 in stage 0.0 (TID 0). 1851 bytes result sent to driver
[2024-09-14T18:37:48.490+0000] {spark_submit.py:579} INFO - 24/09/14 18:37:48 INFO TaskSetManager: Finished task 0.0 in stage 0.0 (TID 0) in 390 ms on fb744bf0dc86 (executor driver) (1/1)
[2024-09-14T18:37:48.493+0000] {spark_submit.py:579} INFO - 24/09/14 18:37:48 INFO TaskSchedulerImpl: Removed TaskSet 0.0, whose tasks have all completed, from pool
[2024-09-14T18:37:48.504+0000] {spark_submit.py:579} INFO - 24/09/14 18:37:48 INFO DAGScheduler: ResultStage 0 (csv at NativeMethodAccessorImpl.java:0) finished in 0.632 s
[2024-09-14T18:37:48.509+0000] {spark_submit.py:579} INFO - 24/09/14 18:37:48 INFO DAGScheduler: Job 0 is finished. Cancelling potential speculative or zombie tasks for this job
[2024-09-14T18:37:48.511+0000] {spark_submit.py:579} INFO - 24/09/14 18:37:48 INFO TaskSchedulerImpl: Killing all running tasks in stage 0: Stage finished
[2024-09-14T18:37:48.514+0000] {spark_submit.py:579} INFO - 24/09/14 18:37:48 INFO DAGScheduler: Job 0 finished: csv at NativeMethodAccessorImpl.java:0, took 0.704242 s
[2024-09-14T18:37:48.553+0000] {spark_submit.py:579} INFO - 24/09/14 18:37:48 INFO CodeGenerator: Code generated in 16.199899 ms
[2024-09-14T18:37:48.645+0000] {spark_submit.py:579} INFO - 24/09/14 18:37:48 INFO BlockManagerInfo: Removed broadcast_1_piece0 on fb744bf0dc86:39161 in memory (size: 8.3 KiB, free: 434.4 MiB)
[2024-09-14T18:37:48.764+0000] {spark_submit.py:579} INFO - 24/09/14 18:37:48 INFO SparkContext: Starting job: csv at NativeMethodAccessorImpl.java:0
[2024-09-14T18:37:48.767+0000] {spark_submit.py:579} INFO - 24/09/14 18:37:48 INFO DAGScheduler: Got job 1 (csv at NativeMethodAccessorImpl.java:0) with 2 output partitions
[2024-09-14T18:37:48.768+0000] {spark_submit.py:579} INFO - 24/09/14 18:37:48 INFO DAGScheduler: Final stage: ResultStage 1 (csv at NativeMethodAccessorImpl.java:0)
[2024-09-14T18:37:48.771+0000] {spark_submit.py:579} INFO - 24/09/14 18:37:48 INFO DAGScheduler: Parents of final stage: List()
[2024-09-14T18:37:48.772+0000] {spark_submit.py:579} INFO - 24/09/14 18:37:48 INFO DAGScheduler: Missing parents: List()
[2024-09-14T18:37:48.774+0000] {spark_submit.py:579} INFO - 24/09/14 18:37:48 INFO DAGScheduler: Submitting ResultStage 1 (MapPartitionsRDD[10] at csv at NativeMethodAccessorImpl.java:0), which has no missing parents
[2024-09-14T18:37:48.781+0000] {spark_submit.py:579} INFO - 24/09/14 18:37:48 INFO MemoryStore: Block broadcast_2 stored as values in memory (estimated size 19.7 KiB, free 434.2 MiB)
[2024-09-14T18:37:48.787+0000] {spark_submit.py:579} INFO - 24/09/14 18:37:48 INFO MemoryStore: Block broadcast_2_piece0 stored as bytes in memory (estimated size 9.1 KiB, free 434.1 MiB)
[2024-09-14T18:37:48.790+0000] {spark_submit.py:579} INFO - 24/09/14 18:37:48 INFO BlockManagerInfo: Added broadcast_2_piece0 in memory on fb744bf0dc86:39161 (size: 9.1 KiB, free: 434.4 MiB)
[2024-09-14T18:37:48.791+0000] {spark_submit.py:579} INFO - 24/09/14 18:37:48 INFO SparkContext: Created broadcast 2 from broadcast at DAGScheduler.scala:1585
[2024-09-14T18:37:48.793+0000] {spark_submit.py:579} INFO - 24/09/14 18:37:48 INFO DAGScheduler: Submitting 2 missing tasks from ResultStage 1 (MapPartitionsRDD[10] at csv at NativeMethodAccessorImpl.java:0) (first 15 tasks are for partitions Vector(0, 1))
[2024-09-14T18:37:48.794+0000] {spark_submit.py:579} INFO - 24/09/14 18:37:48 INFO TaskSchedulerImpl: Adding task set 1.0 with 2 tasks resource profile 0
[2024-09-14T18:37:48.797+0000] {spark_submit.py:579} INFO - 24/09/14 18:37:48 INFO TaskSetManager: Starting task 0.0 in stage 1.0 (TID 1) (fb744bf0dc86, executor driver, partition 0, PROCESS_LOCAL, 9601 bytes)
[2024-09-14T18:37:48.798+0000] {spark_submit.py:579} INFO - 24/09/14 18:37:48 INFO TaskSetManager: Starting task 1.0 in stage 1.0 (TID 2) (fb744bf0dc86, executor driver, partition 1, PROCESS_LOCAL, 9601 bytes)
[2024-09-14T18:37:48.801+0000] {spark_submit.py:579} INFO - 24/09/14 18:37:48 INFO Executor: Running task 0.0 in stage 1.0 (TID 1)
[2024-09-14T18:37:48.802+0000] {spark_submit.py:579} INFO - 24/09/14 18:37:48 INFO Executor: Running task 1.0 in stage 1.0 (TID 2)
[2024-09-14T18:37:48.854+0000] {spark_submit.py:579} INFO - 24/09/14 18:37:48 INFO FileScanRDD: Reading File path: file:///opt/***/datasets/Airbnb.csv, range: 4194304-7081245, partition values: [empty row]
[2024-09-14T18:37:48.855+0000] {spark_submit.py:579} INFO - 24/09/14 18:37:48 INFO FileScanRDD: Reading File path: file:///opt/***/datasets/Airbnb.csv, range: 0-4194304, partition values: [empty row]
[2024-09-14T18:37:49.842+0000] {spark_submit.py:579} INFO - 24/09/14 18:37:49 INFO Executor: Finished task 1.0 in stage 1.0 (TID 2). 1546 bytes result sent to driver
[2024-09-14T18:37:49.847+0000] {spark_submit.py:579} INFO - 24/09/14 18:37:49 INFO TaskSetManager: Finished task 1.0 in stage 1.0 (TID 2) in 1049 ms on fb744bf0dc86 (executor driver) (1/2)
[2024-09-14T18:37:50.052+0000] {spark_submit.py:579} INFO - 24/09/14 18:37:50 INFO Executor: Finished task 0.0 in stage 1.0 (TID 1). 1546 bytes result sent to driver
[2024-09-14T18:37:50.056+0000] {spark_submit.py:579} INFO - 24/09/14 18:37:50 INFO TaskSetManager: Finished task 0.0 in stage 1.0 (TID 1) in 1259 ms on fb744bf0dc86 (executor driver) (2/2)
[2024-09-14T18:37:50.057+0000] {spark_submit.py:579} INFO - 24/09/14 18:37:50 INFO TaskSchedulerImpl: Removed TaskSet 1.0, whose tasks have all completed, from pool
[2024-09-14T18:37:50.059+0000] {spark_submit.py:579} INFO - 24/09/14 18:37:50 INFO DAGScheduler: ResultStage 1 (csv at NativeMethodAccessorImpl.java:0) finished in 1.283 s
[2024-09-14T18:37:50.060+0000] {spark_submit.py:579} INFO - 24/09/14 18:37:50 INFO DAGScheduler: Job 1 is finished. Cancelling potential speculative or zombie tasks for this job
[2024-09-14T18:37:50.061+0000] {spark_submit.py:579} INFO - 24/09/14 18:37:50 INFO TaskSchedulerImpl: Killing all running tasks in stage 1: Stage finished
[2024-09-14T18:37:50.062+0000] {spark_submit.py:579} INFO - 24/09/14 18:37:50 INFO DAGScheduler: Job 1 finished: csv at NativeMethodAccessorImpl.java:0, took 1.296361 s
[2024-09-14T18:37:50.797+0000] {spark_submit.py:579} INFO - 24/09/14 18:37:50 INFO HiveConf: Found configuration file null
[2024-09-14T18:37:50.832+0000] {spark_submit.py:579} INFO - 24/09/14 18:37:50 INFO HiveUtils: Initializing HiveMetastoreConnection version 2.3.9 using Spark classes.
[2024-09-14T18:37:51.487+0000] {spark_submit.py:579} INFO - 24/09/14 18:37:51 INFO HiveClientImpl: Warehouse location for Hive client (version 2.3.9) is file:/user/hive/warehouse
[2024-09-14T18:37:51.572+0000] {spark_submit.py:579} INFO - 24/09/14 18:37:51 INFO metastore: Trying to connect to metastore with URI thrift://hive-metastore:9083
[2024-09-14T18:37:51.625+0000] {spark_submit.py:579} INFO - 24/09/14 18:37:51 INFO metastore: Opened a connection to metastore, current connections: 1
[2024-09-14T18:37:51.717+0000] {spark_submit.py:579} INFO - 24/09/14 18:37:51 INFO metastore: Connected to metastore.
[2024-09-14T18:37:54.106+0000] {spark_submit.py:579} INFO - 24/09/14 18:37:54 INFO BlockManagerInfo: Removed broadcast_2_piece0 on fb744bf0dc86:39161 in memory (size: 9.1 KiB, free: 434.4 MiB)
[2024-09-14T18:37:54.895+0000] {spark_submit.py:579} INFO - 24/09/14 18:37:54 INFO InMemoryFileIndex: It took 117 ms to list leaf files for 1 paths.
[2024-09-14T18:37:55.688+0000] {spark_submit.py:579} INFO - 24/09/14 18:37:55 INFO FileSourceStrategy: Pushed Filters:
[2024-09-14T18:37:55.690+0000] {spark_submit.py:579} INFO - 24/09/14 18:37:55 INFO FileSourceStrategy: Post-Scan Filters: atleastnnonnulls(10, neighbourhood_group#25, neighbourhood#26, latitude#27, longitude#28, room_type#29, price#30, minimum_nights#31, number_of_reviews#32, calculated_host_listings_count#35, availability_365#36)
[2024-09-14T18:37:56.308+0000] {spark_submit.py:579} INFO - 24/09/14 18:37:56 INFO CodeGenerator: Code generated in 154.615523 ms
[2024-09-14T18:37:56.315+0000] {spark_submit.py:579} INFO - 24/09/14 18:37:56 INFO MemoryStore: Block broadcast_3 stored as values in memory (estimated size 200.1 KiB, free 434.0 MiB)
[2024-09-14T18:37:56.342+0000] {spark_submit.py:579} INFO - 24/09/14 18:37:56 INFO MemoryStore: Block broadcast_3_piece0 stored as bytes in memory (estimated size 34.5 KiB, free 433.9 MiB)
[2024-09-14T18:37:56.343+0000] {spark_submit.py:579} INFO - 24/09/14 18:37:56 INFO BlockManagerInfo: Added broadcast_3_piece0 in memory on fb744bf0dc86:39161 (size: 34.5 KiB, free: 434.3 MiB)
[2024-09-14T18:37:56.346+0000] {spark_submit.py:579} INFO - 24/09/14 18:37:56 INFO SparkContext: Created broadcast 3 from saveAsTable at NativeMethodAccessorImpl.java:0
[2024-09-14T18:37:56.356+0000] {spark_submit.py:579} INFO - 24/09/14 18:37:56 INFO FileSourceScanExec: Planning scan with bin packing, max size: 4194304 bytes, open cost is considered as scanning 4194304 bytes.
[2024-09-14T18:37:56.527+0000] {spark_submit.py:579} INFO - 24/09/14 18:37:56 INFO DAGScheduler: Registering RDD 14 (saveAsTable at NativeMethodAccessorImpl.java:0) as input to shuffle 0
[2024-09-14T18:37:56.536+0000] {spark_submit.py:579} INFO - 24/09/14 18:37:56 INFO DAGScheduler: Got map stage job 2 (saveAsTable at NativeMethodAccessorImpl.java:0) with 2 output partitions
[2024-09-14T18:37:56.537+0000] {spark_submit.py:579} INFO - 24/09/14 18:37:56 INFO DAGScheduler: Final stage: ShuffleMapStage 2 (saveAsTable at NativeMethodAccessorImpl.java:0)
[2024-09-14T18:37:56.538+0000] {spark_submit.py:579} INFO - 24/09/14 18:37:56 INFO DAGScheduler: Parents of final stage: List()
[2024-09-14T18:37:56.539+0000] {spark_submit.py:579} INFO - 24/09/14 18:37:56 INFO DAGScheduler: Missing parents: List()
[2024-09-14T18:37:56.541+0000] {spark_submit.py:579} INFO - 24/09/14 18:37:56 INFO DAGScheduler: Submitting ShuffleMapStage 2 (MapPartitionsRDD[14] at saveAsTable at NativeMethodAccessorImpl.java:0), which has no missing parents
[2024-09-14T18:37:56.565+0000] {spark_submit.py:579} INFO - 24/09/14 18:37:56 INFO MemoryStore: Block broadcast_4 stored as values in memory (estimated size 55.7 KiB, free 433.9 MiB)
[2024-09-14T18:37:56.582+0000] {spark_submit.py:579} INFO - 24/09/14 18:37:56 INFO MemoryStore: Block broadcast_4_piece0 stored as bytes in memory (estimated size 23.6 KiB, free 433.9 MiB)
[2024-09-14T18:37:56.585+0000] {spark_submit.py:579} INFO - 24/09/14 18:37:56 INFO BlockManagerInfo: Added broadcast_4_piece0 in memory on fb744bf0dc86:39161 (size: 23.6 KiB, free: 434.3 MiB)
[2024-09-14T18:37:56.587+0000] {spark_submit.py:579} INFO - 24/09/14 18:37:56 INFO SparkContext: Created broadcast 4 from broadcast at DAGScheduler.scala:1585
[2024-09-14T18:37:56.592+0000] {spark_submit.py:579} INFO - 24/09/14 18:37:56 INFO DAGScheduler: Submitting 2 missing tasks from ShuffleMapStage 2 (MapPartitionsRDD[14] at saveAsTable at NativeMethodAccessorImpl.java:0) (first 15 tasks are for partitions Vector(0, 1))
[2024-09-14T18:37:56.593+0000] {spark_submit.py:579} INFO - 24/09/14 18:37:56 INFO TaskSchedulerImpl: Adding task set 2.0 with 2 tasks resource profile 0
[2024-09-14T18:37:56.605+0000] {spark_submit.py:579} INFO - 24/09/14 18:37:56 INFO TaskSetManager: Starting task 0.0 in stage 2.0 (TID 3) (fb744bf0dc86, executor driver, partition 0, PROCESS_LOCAL, 9590 bytes)
[2024-09-14T18:37:56.608+0000] {spark_submit.py:579} INFO - 24/09/14 18:37:56 INFO TaskSetManager: Starting task 1.0 in stage 2.0 (TID 4) (fb744bf0dc86, executor driver, partition 1, PROCESS_LOCAL, 9590 bytes)
[2024-09-14T18:37:56.610+0000] {spark_submit.py:579} INFO - 24/09/14 18:37:56 INFO Executor: Running task 0.0 in stage 2.0 (TID 3)
[2024-09-14T18:37:56.612+0000] {spark_submit.py:579} INFO - 24/09/14 18:37:56 INFO Executor: Running task 1.0 in stage 2.0 (TID 4)
[2024-09-14T18:37:56.932+0000] {spark_submit.py:579} INFO - 24/09/14 18:37:56 INFO CodeGenerator: Code generated in 235.820214 ms
[2024-09-14T18:37:56.968+0000] {spark_submit.py:579} INFO - 24/09/14 18:37:56 INFO CodeGenerator: Code generated in 21.517237 ms
[2024-09-14T18:37:57.035+0000] {spark_submit.py:579} INFO - 24/09/14 18:37:57 INFO CodeGenerator: Code generated in 22.399131 ms
[2024-09-14T18:37:57.077+0000] {spark_submit.py:579} INFO - 24/09/14 18:37:57 INFO CodeGenerator: Code generated in 12.970831 ms
[2024-09-14T18:37:57.106+0000] {spark_submit.py:579} INFO - 24/09/14 18:37:57 INFO FileScanRDD: Reading File path: file:///opt/***/datasets/Airbnb.csv, range: 4194304-7081245, partition values: [empty row]
[2024-09-14T18:37:57.108+0000] {spark_submit.py:579} INFO - 24/09/14 18:37:57 INFO FileScanRDD: Reading File path: file:///opt/***/datasets/Airbnb.csv, range: 0-4194304, partition values: [empty row]
[2024-09-14T18:37:57.152+0000] {spark_submit.py:579} INFO - 24/09/14 18:37:57 INFO CodeGenerator: Code generated in 24.778687 ms
[2024-09-14T18:37:57.293+0000] {spark_submit.py:579} INFO - 24/09/14 18:37:57 INFO BlockManagerInfo: Removed broadcast_0_piece0 on fb744bf0dc86:39161 in memory (size: 34.5 KiB, free: 434.3 MiB)
[2024-09-14T18:37:58.135+0000] {spark_submit.py:579} INFO - 24/09/14 18:37:58 INFO Executor: Finished task 0.0 in stage 2.0 (TID 3). 2864 bytes result sent to driver
[2024-09-14T18:37:58.136+0000] {spark_submit.py:579} INFO - 24/09/14 18:37:58 INFO Executor: Finished task 1.0 in stage 2.0 (TID 4). 2864 bytes result sent to driver
[2024-09-14T18:37:58.141+0000] {spark_submit.py:579} INFO - 24/09/14 18:37:58 INFO TaskSetManager: Finished task 1.0 in stage 2.0 (TID 4) in 1534 ms on fb744bf0dc86 (executor driver) (1/2)
[2024-09-14T18:37:58.142+0000] {spark_submit.py:579} INFO - 24/09/14 18:37:58 INFO TaskSetManager: Finished task 0.0 in stage 2.0 (TID 3) in 1545 ms on fb744bf0dc86 (executor driver) (2/2)
[2024-09-14T18:37:58.144+0000] {spark_submit.py:579} INFO - 24/09/14 18:37:58 INFO TaskSchedulerImpl: Removed TaskSet 2.0, whose tasks have all completed, from pool
[2024-09-14T18:37:58.148+0000] {spark_submit.py:579} INFO - 24/09/14 18:37:58 INFO DAGScheduler: ShuffleMapStage 2 (saveAsTable at NativeMethodAccessorImpl.java:0) finished in 1.600 s
[2024-09-14T18:37:58.149+0000] {spark_submit.py:579} INFO - 24/09/14 18:37:58 INFO DAGScheduler: looking for newly runnable stages
[2024-09-14T18:37:58.151+0000] {spark_submit.py:579} INFO - 24/09/14 18:37:58 INFO DAGScheduler: running: Set()
[2024-09-14T18:37:58.152+0000] {spark_submit.py:579} INFO - 24/09/14 18:37:58 INFO DAGScheduler: waiting: Set()
[2024-09-14T18:37:58.154+0000] {spark_submit.py:579} INFO - 24/09/14 18:37:58 INFO DAGScheduler: failed: Set()
[2024-09-14T18:37:58.236+0000] {spark_submit.py:579} INFO - 24/09/14 18:37:58 INFO ShufflePartitionsUtil: For shuffle(0), advisory target size: 67108864, actual target size 1048576, minimum partition size: 1048576
[2024-09-14T18:37:58.371+0000] {spark_submit.py:579} INFO - 24/09/14 18:37:58 INFO ParquetUtils: Using default output committer for Parquet: org.apache.parquet.hadoop.ParquetOutputCommitter
[2024-09-14T18:37:58.409+0000] {spark_submit.py:579} INFO - 24/09/14 18:37:58 INFO FileOutputCommitter: File Output Committer Algorithm version is 1
[2024-09-14T18:37:58.410+0000] {spark_submit.py:579} INFO - 24/09/14 18:37:58 INFO FileOutputCommitter: FileOutputCommitter skip cleanup _temporary folders under output directory:false, ignore cleanup failures: false
[2024-09-14T18:37:58.413+0000] {spark_submit.py:579} INFO - 24/09/14 18:37:58 INFO SQLHadoopMapReduceCommitProtocol: Using user defined output committer class org.apache.parquet.hadoop.ParquetOutputCommitter
[2024-09-14T18:37:58.415+0000] {spark_submit.py:579} INFO - 24/09/14 18:37:58 INFO FileOutputCommitter: File Output Committer Algorithm version is 1
[2024-09-14T18:37:58.416+0000] {spark_submit.py:579} INFO - 24/09/14 18:37:58 INFO FileOutputCommitter: FileOutputCommitter skip cleanup _temporary folders under output directory:false, ignore cleanup failures: false
[2024-09-14T18:37:58.417+0000] {spark_submit.py:579} INFO - 24/09/14 18:37:58 INFO SQLHadoopMapReduceCommitProtocol: Using output committer class org.apache.parquet.hadoop.ParquetOutputCommitter
[2024-09-14T18:37:58.450+0000] {spark_submit.py:579} INFO - 24/09/14 18:37:58 INFO HashAggregateExec: spark.sql.codegen.aggregate.map.twolevel.enabled is set to true, but current version of codegened fast hashmap does not support this aggregate.
[2024-09-14T18:37:58.502+0000] {spark_submit.py:579} INFO - 24/09/14 18:37:58 INFO CodeGenerator: Code generated in 31.214238 ms
[2024-09-14T18:37:58.575+0000] {spark_submit.py:579} INFO - 24/09/14 18:37:58 INFO SparkContext: Starting job: saveAsTable at NativeMethodAccessorImpl.java:0
[2024-09-14T18:37:58.580+0000] {spark_submit.py:579} INFO - 24/09/14 18:37:58 INFO DAGScheduler: Got job 3 (saveAsTable at NativeMethodAccessorImpl.java:0) with 1 output partitions
[2024-09-14T18:37:58.581+0000] {spark_submit.py:579} INFO - 24/09/14 18:37:58 INFO DAGScheduler: Final stage: ResultStage 4 (saveAsTable at NativeMethodAccessorImpl.java:0)
[2024-09-14T18:37:58.583+0000] {spark_submit.py:579} INFO - 24/09/14 18:37:58 INFO DAGScheduler: Parents of final stage: List(ShuffleMapStage 3)
[2024-09-14T18:37:58.584+0000] {spark_submit.py:579} INFO - 24/09/14 18:37:58 INFO DAGScheduler: Missing parents: List()
[2024-09-14T18:37:58.585+0000] {spark_submit.py:579} INFO - 24/09/14 18:37:58 INFO DAGScheduler: Submitting ResultStage 4 (MapPartitionsRDD[17] at saveAsTable at NativeMethodAccessorImpl.java:0), which has no missing parents
[2024-09-14T18:37:58.639+0000] {spark_submit.py:579} INFO - 24/09/14 18:37:58 INFO MemoryStore: Block broadcast_5 stored as values in memory (estimated size 259.9 KiB, free 433.8 MiB)
[2024-09-14T18:37:58.642+0000] {spark_submit.py:579} INFO - 24/09/14 18:37:58 INFO MemoryStore: Block broadcast_5_piece0 stored as bytes in memory (estimated size 95.9 KiB, free 433.7 MiB)
[2024-09-14T18:37:58.644+0000] {spark_submit.py:579} INFO - 24/09/14 18:37:58 INFO BlockManagerInfo: Added broadcast_5_piece0 in memory on fb744bf0dc86:39161 (size: 95.9 KiB, free: 434.2 MiB)
[2024-09-14T18:37:58.646+0000] {spark_submit.py:579} INFO - 24/09/14 18:37:58 INFO SparkContext: Created broadcast 5 from broadcast at DAGScheduler.scala:1585
[2024-09-14T18:37:58.647+0000] {spark_submit.py:579} INFO - 24/09/14 18:37:58 INFO DAGScheduler: Submitting 1 missing tasks from ResultStage 4 (MapPartitionsRDD[17] at saveAsTable at NativeMethodAccessorImpl.java:0) (first 15 tasks are for partitions Vector(0))
[2024-09-14T18:37:58.648+0000] {spark_submit.py:579} INFO - 24/09/14 18:37:58 INFO TaskSchedulerImpl: Adding task set 4.0 with 1 tasks resource profile 0
[2024-09-14T18:37:58.658+0000] {spark_submit.py:579} INFO - 24/09/14 18:37:58 INFO TaskSetManager: Starting task 0.0 in stage 4.0 (TID 5) (fb744bf0dc86, executor driver, partition 0, NODE_LOCAL, 8999 bytes)
[2024-09-14T18:37:58.660+0000] {spark_submit.py:579} INFO - 24/09/14 18:37:58 INFO Executor: Running task 0.0 in stage 4.0 (TID 5)
[2024-09-14T18:37:58.787+0000] {spark_submit.py:579} INFO - 24/09/14 18:37:58 INFO ShuffleBlockFetcherIterator: Getting 2 (943.0 B) non-empty blocks including 2 (943.0 B) local and 0 (0.0 B) host-local and 0 (0.0 B) push-merged-local and 0 (0.0 B) remote blocks
[2024-09-14T18:37:58.793+0000] {spark_submit.py:579} INFO - 24/09/14 18:37:58 INFO ShuffleBlockFetcherIterator: Started 0 remote fetches in 29 ms
[2024-09-14T18:37:58.836+0000] {spark_submit.py:579} INFO - 24/09/14 18:37:58 INFO CodeGenerator: Code generated in 29.884174 ms
[2024-09-14T18:37:58.840+0000] {spark_submit.py:579} INFO - 24/09/14 18:37:58 INFO FileOutputCommitter: File Output Committer Algorithm version is 1
[2024-09-14T18:37:58.841+0000] {spark_submit.py:579} INFO - 24/09/14 18:37:58 INFO FileOutputCommitter: FileOutputCommitter skip cleanup _temporary folders under output directory:false, ignore cleanup failures: false
[2024-09-14T18:37:58.842+0000] {spark_submit.py:579} INFO - 24/09/14 18:37:58 INFO SQLHadoopMapReduceCommitProtocol: Using user defined output committer class org.apache.parquet.hadoop.ParquetOutputCommitter
[2024-09-14T18:37:58.843+0000] {spark_submit.py:579} INFO - 24/09/14 18:37:58 INFO FileOutputCommitter: File Output Committer Algorithm version is 1
[2024-09-14T18:37:58.844+0000] {spark_submit.py:579} INFO - 24/09/14 18:37:58 INFO FileOutputCommitter: FileOutputCommitter skip cleanup _temporary folders under output directory:false, ignore cleanup failures: false
[2024-09-14T18:37:58.845+0000] {spark_submit.py:579} INFO - 24/09/14 18:37:58 INFO SQLHadoopMapReduceCommitProtocol: Using output committer class org.apache.parquet.hadoop.ParquetOutputCommitter
[2024-09-14T18:37:58.855+0000] {spark_submit.py:579} INFO - 24/09/14 18:37:58 INFO CodecConfig: Compression: SNAPPY
[2024-09-14T18:37:58.861+0000] {spark_submit.py:579} INFO - 24/09/14 18:37:58 INFO CodecConfig: Compression: SNAPPY
[2024-09-14T18:37:58.933+0000] {spark_submit.py:579} INFO - 24/09/14 18:37:58 INFO ParquetOutputFormat: ParquetRecordWriter [block size: 134217728b, row group padding size: 8388608b, validating: false]
[2024-09-14T18:37:59.004+0000] {spark_submit.py:579} INFO - 24/09/14 18:37:59 INFO ParquetWriteSupport: Initialized Parquet WriteSupport with Catalyst schema:
[2024-09-14T18:37:59.005+0000] {spark_submit.py:579} INFO - {
[2024-09-14T18:37:59.006+0000] {spark_submit.py:579} INFO - "type" : "struct",
[2024-09-14T18:37:59.007+0000] {spark_submit.py:579} INFO - "fields" : [ {
[2024-09-14T18:37:59.008+0000] {spark_submit.py:579} INFO - "name" : "neighbourhood_group",
[2024-09-14T18:37:59.009+0000] {spark_submit.py:579} INFO - "type" : "string",
[2024-09-14T18:37:59.010+0000] {spark_submit.py:579} INFO - "nullable" : true,
[2024-09-14T18:37:59.011+0000] {spark_submit.py:579} INFO - "metadata" : { }
[2024-09-14T18:37:59.012+0000] {spark_submit.py:579} INFO - }, {
[2024-09-14T18:37:59.013+0000] {spark_submit.py:579} INFO - "name" : "average_price",
[2024-09-14T18:37:59.014+0000] {spark_submit.py:579} INFO - "type" : "double",
[2024-09-14T18:37:59.015+0000] {spark_submit.py:579} INFO - "nullable" : true,
[2024-09-14T18:37:59.016+0000] {spark_submit.py:579} INFO - "metadata" : { }
[2024-09-14T18:37:59.017+0000] {spark_submit.py:579} INFO - }, {
[2024-09-14T18:37:59.018+0000] {spark_submit.py:579} INFO - "name" : "min_price",
[2024-09-14T18:37:59.019+0000] {spark_submit.py:579} INFO - "type" : "integer",
[2024-09-14T18:37:59.020+0000] {spark_submit.py:579} INFO - "nullable" : true,
[2024-09-14T18:37:59.021+0000] {spark_submit.py:579} INFO - "metadata" : { }
[2024-09-14T18:37:59.022+0000] {spark_submit.py:579} INFO - }, {
[2024-09-14T18:37:59.023+0000] {spark_submit.py:579} INFO - "name" : "max_price",
[2024-09-14T18:37:59.024+0000] {spark_submit.py:579} INFO - "type" : "integer",
[2024-09-14T18:37:59.026+0000] {spark_submit.py:579} INFO - "nullable" : true,
[2024-09-14T18:37:59.027+0000] {spark_submit.py:579} INFO - "metadata" : { }
[2024-09-14T18:37:59.028+0000] {spark_submit.py:579} INFO - }, {
[2024-09-14T18:37:59.029+0000] {spark_submit.py:579} INFO - "name" : "count",
[2024-09-14T18:37:59.030+0000] {spark_submit.py:579} INFO - "type" : "long",
[2024-09-14T18:37:59.031+0000] {spark_submit.py:579} INFO - "nullable" : false,
[2024-09-14T18:37:59.032+0000] {spark_submit.py:579} INFO - "metadata" : { }
[2024-09-14T18:37:59.033+0000] {spark_submit.py:579} INFO - } ]
[2024-09-14T18:37:59.034+0000] {spark_submit.py:579} INFO - }
[2024-09-14T18:37:59.035+0000] {spark_submit.py:579} INFO - and corresponding Parquet message type:
[2024-09-14T18:37:59.036+0000] {spark_submit.py:579} INFO - message spark_schema {
[2024-09-14T18:37:59.037+0000] {spark_submit.py:579} INFO - optional binary neighbourhood_group (STRING);
[2024-09-14T18:37:59.038+0000] {spark_submit.py:579} INFO - optional double average_price;
[2024-09-14T18:37:59.039+0000] {spark_submit.py:579} INFO - optional int32 min_price;
[2024-09-14T18:37:59.040+0000] {spark_submit.py:579} INFO - optional int32 max_price;
[2024-09-14T18:37:59.042+0000] {spark_submit.py:579} INFO - required int64 count;
[2024-09-14T18:37:59.043+0000] {spark_submit.py:579} INFO - }
[2024-09-14T18:37:59.044+0000] {spark_submit.py:579} INFO - 
[2024-09-14T18:37:59.045+0000] {spark_submit.py:579} INFO - 
[2024-09-14T18:37:59.197+0000] {spark_submit.py:579} INFO - 24/09/14 18:37:59 INFO CodecPool: Got brand-new compressor [.snappy]
[2024-09-14T18:38:01.034+0000] {spark_submit.py:579} INFO - 24/09/14 18:38:01 INFO FileOutputCommitter: Saved output of task 'attempt_202409141837581417184472221133073_0004_m_000000_5' to hdfs://namenode:9000/user/hive/warehouse/price_distribution/_temporary/0/task_202409141837581417184472221133073_0004_m_000000
[2024-09-14T18:38:01.039+0000] {spark_submit.py:579} INFO - 24/09/14 18:38:01 INFO SparkHadoopMapRedUtil: attempt_202409141837581417184472221133073_0004_m_000000_5: Committed. Elapsed time: 51 ms.
[2024-09-14T18:38:01.130+0000] {spark_submit.py:579} INFO - 24/09/14 18:38:01 INFO Executor: Finished task 0.0 in stage 4.0 (TID 5). 6236 bytes result sent to driver
[2024-09-14T18:38:01.136+0000] {spark_submit.py:579} INFO - 24/09/14 18:38:01 INFO TaskSetManager: Finished task 0.0 in stage 4.0 (TID 5) in 2479 ms on fb744bf0dc86 (executor driver) (1/1)
[2024-09-14T18:38:01.137+0000] {spark_submit.py:579} INFO - 24/09/14 18:38:01 INFO TaskSchedulerImpl: Removed TaskSet 4.0, whose tasks have all completed, from pool
[2024-09-14T18:38:01.142+0000] {spark_submit.py:579} INFO - 24/09/14 18:38:01 INFO DAGScheduler: ResultStage 4 (saveAsTable at NativeMethodAccessorImpl.java:0) finished in 2.536 s
[2024-09-14T18:38:01.145+0000] {spark_submit.py:579} INFO - 24/09/14 18:38:01 INFO DAGScheduler: Job 3 is finished. Cancelling potential speculative or zombie tasks for this job
[2024-09-14T18:38:01.147+0000] {spark_submit.py:579} INFO - 24/09/14 18:38:01 INFO TaskSchedulerImpl: Killing all running tasks in stage 4: Stage finished
[2024-09-14T18:38:01.149+0000] {spark_submit.py:579} INFO - 24/09/14 18:38:01 INFO DAGScheduler: Job 3 finished: saveAsTable at NativeMethodAccessorImpl.java:0, took 2.571659 s
[2024-09-14T18:38:01.160+0000] {spark_submit.py:579} INFO - 24/09/14 18:38:01 INFO FileFormatWriter: Start to commit write Job 72e4bea6-785a-4bbc-a417-1b2d91aaefff.
[2024-09-14T18:38:01.444+0000] {spark_submit.py:579} INFO - 24/09/14 18:38:01 INFO FileFormatWriter: Write Job 72e4bea6-785a-4bbc-a417-1b2d91aaefff committed. Elapsed time: 280 ms.
[2024-09-14T18:38:01.457+0000] {spark_submit.py:579} INFO - 24/09/14 18:38:01 INFO FileFormatWriter: Finished processing stats for write job 72e4bea6-785a-4bbc-a417-1b2d91aaefff.
[2024-09-14T18:38:01.542+0000] {spark_submit.py:579} INFO - 24/09/14 18:38:01 INFO InMemoryFileIndex: It took 15 ms to list leaf files for 1 paths.
[2024-09-14T18:38:01.621+0000] {spark_submit.py:579} INFO - 24/09/14 18:38:01 INFO HiveExternalCatalog: Persisting file based data source table `spark_catalog`.`default`.`price_distribution` into Hive metastore in Hive compatible format.
[2024-09-14T18:38:01.664+0000] {spark_submit.py:579} INFO - 24/09/14 18:38:01 INFO SQLStdHiveAccessController: Created SQLStdHiveAccessController for session context : HiveAuthzSessionContext [sessionString=4c9ccf32-ae01-4b67-8353-ebc9c882f05f, clientType=HIVECLI]
[2024-09-14T18:38:01.670+0000] {spark_submit.py:579} INFO - 24/09/14 18:38:01 WARN SessionState: METASTORE_FILTER_HOOK will be ignored, since hive.security.authorization.manager is set to instance of HiveAuthorizerFactory.
[2024-09-14T18:38:01.671+0000] {spark_submit.py:579} INFO - 24/09/14 18:38:01 INFO metastore: Mestastore configuration hive.metastore.filter.hook changed from org.apache.hadoop.hive.metastore.DefaultMetaStoreFilterHookImpl to org.apache.hadoop.hive.ql.security.authorization.plugin.AuthorizationMetaStoreFilterHook
[2024-09-14T18:38:01.682+0000] {spark_submit.py:579} INFO - 24/09/14 18:38:01 INFO metastore: Closed a connection to metastore, current connections: 0
[2024-09-14T18:38:01.695+0000] {spark_submit.py:579} INFO - 24/09/14 18:38:01 INFO metastore: Trying to connect to metastore with URI thrift://hive-metastore:9083
[2024-09-14T18:38:01.698+0000] {spark_submit.py:579} INFO - 24/09/14 18:38:01 INFO metastore: Opened a connection to metastore, current connections: 1
[2024-09-14T18:38:01.700+0000] {spark_submit.py:579} INFO - 24/09/14 18:38:01 INFO metastore: Connected to metastore.
[2024-09-14T18:38:01.932+0000] {spark_submit.py:579} INFO - 24/09/14 18:38:01 INFO metastore: Trying to connect to metastore with URI thrift://hive-metastore:9083
[2024-09-14T18:38:01.937+0000] {spark_submit.py:579} INFO - 24/09/14 18:38:01 INFO metastore: Opened a connection to metastore, current connections: 2
[2024-09-14T18:38:01.939+0000] {spark_submit.py:579} INFO - 24/09/14 18:38:01 INFO metastore: Connected to metastore.
[2024-09-14T18:38:02.663+0000] {spark_submit.py:579} INFO - Таблица price_distribution успешно загружена в Hive!
[2024-09-14T18:38:02.965+0000] {spark_submit.py:579} INFO - Успешно создана таблица processed_airbnb_data!
[2024-09-14T18:38:03.532+0000] {spark_submit.py:579} INFO - 24/09/14 18:38:03 INFO FileSourceStrategy: Pushed Filters:
[2024-09-14T18:38:03.534+0000] {spark_submit.py:579} INFO - 24/09/14 18:38:03 INFO FileSourceStrategy: Post-Scan Filters: atleastnnonnulls(10, neighbourhood_group#25, neighbourhood#26, latitude#27, longitude#28, room_type#29, price#30, minimum_nights#31, number_of_reviews#32, calculated_host_listings_count#35, availability_365#36)
[2024-09-14T18:38:03.560+0000] {spark_submit.py:579} INFO - 24/09/14 18:38:03 INFO FileUtils: Creating directory if it doesn't exist: hdfs://namenode:9000/user/hive/warehouse/processed_airbnb_data/.hive-staging_hive_2024-09-14_18-38-03_312_8969331643810722197-1
[2024-09-14T18:38:03.932+0000] {spark_submit.py:579} INFO - 24/09/14 18:38:03 INFO FileOutputCommitter: File Output Committer Algorithm version is 1
[2024-09-14T18:38:03.933+0000] {spark_submit.py:579} INFO - 24/09/14 18:38:03 INFO FileOutputCommitter: FileOutputCommitter skip cleanup _temporary folders under output directory:false, ignore cleanup failures: false
[2024-09-14T18:38:03.934+0000] {spark_submit.py:579} INFO - 24/09/14 18:38:03 INFO SQLHadoopMapReduceCommitProtocol: Using output committer class org.apache.hadoop.mapreduce.lib.output.FileOutputCommitter
[2024-09-14T18:38:04.092+0000] {spark_submit.py:579} INFO - 24/09/14 18:38:04 INFO CodeGenerator: Code generated in 97.491205 ms
[2024-09-14T18:38:04.099+0000] {spark_submit.py:579} INFO - 24/09/14 18:38:04 INFO MemoryStore: Block broadcast_6 stored as values in memory (estimated size 200.1 KiB, free 433.6 MiB)
[2024-09-14T18:38:04.118+0000] {spark_submit.py:579} INFO - 24/09/14 18:38:04 INFO MemoryStore: Block broadcast_6_piece0 stored as bytes in memory (estimated size 34.5 KiB, free 433.5 MiB)
[2024-09-14T18:38:04.119+0000] {spark_submit.py:579} INFO - 24/09/14 18:38:04 INFO BlockManagerInfo: Added broadcast_6_piece0 in memory on fb744bf0dc86:39161 (size: 34.5 KiB, free: 434.2 MiB)
[2024-09-14T18:38:04.122+0000] {spark_submit.py:579} INFO - 24/09/14 18:38:04 INFO SparkContext: Created broadcast 6 from insertInto at NativeMethodAccessorImpl.java:0
[2024-09-14T18:38:04.125+0000] {spark_submit.py:579} INFO - 24/09/14 18:38:04 INFO FileSourceScanExec: Planning scan with bin packing, max size: 4194304 bytes, open cost is considered as scanning 4194304 bytes.
[2024-09-14T18:38:04.153+0000] {spark_submit.py:579} INFO - 24/09/14 18:38:04 INFO SparkContext: Starting job: insertInto at NativeMethodAccessorImpl.java:0
[2024-09-14T18:38:04.155+0000] {spark_submit.py:579} INFO - 24/09/14 18:38:04 INFO DAGScheduler: Got job 4 (insertInto at NativeMethodAccessorImpl.java:0) with 2 output partitions
[2024-09-14T18:38:04.156+0000] {spark_submit.py:579} INFO - 24/09/14 18:38:04 INFO DAGScheduler: Final stage: ResultStage 5 (insertInto at NativeMethodAccessorImpl.java:0)
[2024-09-14T18:38:04.157+0000] {spark_submit.py:579} INFO - 24/09/14 18:38:04 INFO DAGScheduler: Parents of final stage: List()
[2024-09-14T18:38:04.158+0000] {spark_submit.py:579} INFO - 24/09/14 18:38:04 INFO DAGScheduler: Missing parents: List()
[2024-09-14T18:38:04.160+0000] {spark_submit.py:579} INFO - 24/09/14 18:38:04 INFO DAGScheduler: Submitting ResultStage 5 (MapPartitionsRDD[21] at insertInto at NativeMethodAccessorImpl.java:0), which has no missing parents
[2024-09-14T18:38:04.266+0000] {spark_submit.py:579} INFO - 24/09/14 18:38:04 INFO MemoryStore: Block broadcast_7 stored as values in memory (estimated size 330.4 KiB, free 433.2 MiB)
[2024-09-14T18:38:04.271+0000] {spark_submit.py:579} INFO - 24/09/14 18:38:04 INFO MemoryStore: Block broadcast_7_piece0 stored as bytes in memory (estimated size 118.2 KiB, free 433.1 MiB)
[2024-09-14T18:38:04.272+0000] {spark_submit.py:579} INFO - 24/09/14 18:38:04 INFO BlockManagerInfo: Added broadcast_7_piece0 in memory on fb744bf0dc86:39161 (size: 118.2 KiB, free: 434.1 MiB)
[2024-09-14T18:38:04.273+0000] {spark_submit.py:579} INFO - 24/09/14 18:38:04 INFO SparkContext: Created broadcast 7 from broadcast at DAGScheduler.scala:1585
[2024-09-14T18:38:04.276+0000] {spark_submit.py:579} INFO - 24/09/14 18:38:04 INFO DAGScheduler: Submitting 2 missing tasks from ResultStage 5 (MapPartitionsRDD[21] at insertInto at NativeMethodAccessorImpl.java:0) (first 15 tasks are for partitions Vector(0, 1))
[2024-09-14T18:38:04.277+0000] {spark_submit.py:579} INFO - 24/09/14 18:38:04 INFO TaskSchedulerImpl: Adding task set 5.0 with 2 tasks resource profile 0
[2024-09-14T18:38:04.279+0000] {spark_submit.py:579} INFO - 24/09/14 18:38:04 INFO TaskSetManager: Starting task 0.0 in stage 5.0 (TID 6) (fb744bf0dc86, executor driver, partition 0, PROCESS_LOCAL, 9601 bytes)
[2024-09-14T18:38:04.281+0000] {spark_submit.py:579} INFO - 24/09/14 18:38:04 INFO TaskSetManager: Starting task 1.0 in stage 5.0 (TID 7) (fb744bf0dc86, executor driver, partition 1, PROCESS_LOCAL, 9601 bytes)
[2024-09-14T18:38:04.282+0000] {spark_submit.py:579} INFO - 24/09/14 18:38:04 INFO Executor: Running task 1.0 in stage 5.0 (TID 7)
[2024-09-14T18:38:04.283+0000] {spark_submit.py:579} INFO - 24/09/14 18:38:04 INFO Executor: Running task 0.0 in stage 5.0 (TID 6)
[2024-09-14T18:38:04.506+0000] {spark_submit.py:579} INFO - 24/09/14 18:38:04 INFO CodeGenerator: Code generated in 59.298862 ms
[2024-09-14T18:38:04.510+0000] {spark_submit.py:579} INFO - 24/09/14 18:38:04 INFO FileOutputCommitter: File Output Committer Algorithm version is 1
[2024-09-14T18:38:04.511+0000] {spark_submit.py:579} INFO - 24/09/14 18:38:04 INFO FileOutputCommitter: FileOutputCommitter skip cleanup _temporary folders under output directory:false, ignore cleanup failures: false
[2024-09-14T18:38:04.513+0000] {spark_submit.py:579} INFO - 24/09/14 18:38:04 INFO SQLHadoopMapReduceCommitProtocol: Using output committer class org.apache.hadoop.mapreduce.lib.output.FileOutputCommitter
[2024-09-14T18:38:04.514+0000] {spark_submit.py:579} INFO - 24/09/14 18:38:04 INFO FileOutputCommitter: File Output Committer Algorithm version is 1
[2024-09-14T18:38:04.515+0000] {spark_submit.py:579} INFO - 24/09/14 18:38:04 INFO FileScanRDD: Reading File path: file:///opt/***/datasets/Airbnb.csv, range: 4194304-7081245, partition values: [empty row]
[2024-09-14T18:38:04.516+0000] {spark_submit.py:579} INFO - 24/09/14 18:38:04 INFO FileOutputCommitter: FileOutputCommitter skip cleanup _temporary folders under output directory:false, ignore cleanup failures: false
[2024-09-14T18:38:04.517+0000] {spark_submit.py:579} INFO - 24/09/14 18:38:04 INFO SQLHadoopMapReduceCommitProtocol: Using output committer class org.apache.hadoop.mapreduce.lib.output.FileOutputCommitter
[2024-09-14T18:38:04.631+0000] {spark_submit.py:579} INFO - 24/09/14 18:38:04 INFO FileScanRDD: Reading File path: file:///opt/***/datasets/Airbnb.csv, range: 0-4194304, partition values: [empty row]
[2024-09-14T18:38:05.853+0000] {spark_submit.py:579} INFO - 24/09/14 18:38:05 INFO FileOutputCommitter: Saved output of task 'attempt_202409141838043423920807190642805_0005_m_000000_6' to hdfs://namenode:9000/user/hive/warehouse/processed_airbnb_data/.hive-staging_hive_2024-09-14_18-38-03_312_8969331643810722197-1/-ext-10000/_temporary/0/task_202409141838043423920807190642805_0005_m_000000
[2024-09-14T18:38:05.856+0000] {spark_submit.py:579} INFO - 24/09/14 18:38:05 INFO SparkHadoopMapRedUtil: attempt_202409141838043423920807190642805_0005_m_000000_6: Committed. Elapsed time: 11 ms.
[2024-09-14T18:38:05.857+0000] {spark_submit.py:579} INFO - 24/09/14 18:38:05 INFO Executor: Finished task 0.0 in stage 5.0 (TID 6). 2626 bytes result sent to driver
[2024-09-14T18:38:05.860+0000] {spark_submit.py:579} INFO - 24/09/14 18:38:05 INFO TaskSetManager: Finished task 0.0 in stage 5.0 (TID 6) in 1581 ms on fb744bf0dc86 (executor driver) (1/2)
[2024-09-14T18:38:06.141+0000] {spark_submit.py:579} INFO - 24/09/14 18:38:06 INFO FileOutputCommitter: Saved output of task 'attempt_202409141838043423920807190642805_0005_m_000001_7' to hdfs://namenode:9000/user/hive/warehouse/processed_airbnb_data/.hive-staging_hive_2024-09-14_18-38-03_312_8969331643810722197-1/-ext-10000/_temporary/0/task_202409141838043423920807190642805_0005_m_000001
[2024-09-14T18:38:06.142+0000] {spark_submit.py:579} INFO - 24/09/14 18:38:06 INFO SparkHadoopMapRedUtil: attempt_202409141838043423920807190642805_0005_m_000001_7: Committed. Elapsed time: 11 ms.
[2024-09-14T18:38:06.145+0000] {spark_submit.py:579} INFO - 24/09/14 18:38:06 INFO Executor: Finished task 1.0 in stage 5.0 (TID 7). 2626 bytes result sent to driver
[2024-09-14T18:38:06.147+0000] {spark_submit.py:579} INFO - 24/09/14 18:38:06 INFO TaskSetManager: Finished task 1.0 in stage 5.0 (TID 7) in 1867 ms on fb744bf0dc86 (executor driver) (2/2)
[2024-09-14T18:38:06.148+0000] {spark_submit.py:579} INFO - 24/09/14 18:38:06 INFO TaskSchedulerImpl: Removed TaskSet 5.0, whose tasks have all completed, from pool
[2024-09-14T18:38:06.149+0000] {spark_submit.py:579} INFO - 24/09/14 18:38:06 INFO DAGScheduler: ResultStage 5 (insertInto at NativeMethodAccessorImpl.java:0) finished in 1.990 s
[2024-09-14T18:38:06.151+0000] {spark_submit.py:579} INFO - 24/09/14 18:38:06 INFO DAGScheduler: Job 4 is finished. Cancelling potential speculative or zombie tasks for this job
[2024-09-14T18:38:06.152+0000] {spark_submit.py:579} INFO - 24/09/14 18:38:06 INFO TaskSchedulerImpl: Killing all running tasks in stage 5: Stage finished
[2024-09-14T18:38:06.153+0000] {spark_submit.py:579} INFO - 24/09/14 18:38:06 INFO DAGScheduler: Job 4 finished: insertInto at NativeMethodAccessorImpl.java:0, took 1.998296 s
[2024-09-14T18:38:06.155+0000] {spark_submit.py:579} INFO - 24/09/14 18:38:06 INFO FileFormatWriter: Start to commit write Job d3a2f6f3-2adf-4066-8293-c2854607d154.
[2024-09-14T18:38:06.203+0000] {spark_submit.py:579} INFO - 24/09/14 18:38:06 INFO FileFormatWriter: Write Job d3a2f6f3-2adf-4066-8293-c2854607d154 committed. Elapsed time: 49 ms.
[2024-09-14T18:38:06.204+0000] {spark_submit.py:579} INFO - 24/09/14 18:38:06 INFO FileFormatWriter: Finished processing stats for write job d3a2f6f3-2adf-4066-8293-c2854607d154.
[2024-09-14T18:38:06.321+0000] {spark_submit.py:579} INFO - 24/09/14 18:38:06 INFO FileUtils: Creating directory if it doesn't exist: hdfs://namenode:9000/user/hive/warehouse/processed_airbnb_data
[2024-09-14T18:38:07.295+0000] {spark_submit.py:579} INFO - Данные успешно записаны в таблицу processed_airbnb_data
[2024-09-14T18:38:07.491+0000] {spark_submit.py:579} INFO - 24/09/14 18:38:07 INFO SparkContext: Invoking stop() from shutdown hook
[2024-09-14T18:38:07.492+0000] {spark_submit.py:579} INFO - 24/09/14 18:38:07 INFO SparkContext: SparkContext is stopping with exitCode 0.
[2024-09-14T18:38:07.524+0000] {spark_submit.py:579} INFO - 24/09/14 18:38:07 INFO SparkUI: Stopped Spark web UI at http://fb744bf0dc86:4040
[2024-09-14T18:38:07.549+0000] {spark_submit.py:579} INFO - 24/09/14 18:38:07 INFO MapOutputTrackerMasterEndpoint: MapOutputTrackerMasterEndpoint stopped!
[2024-09-14T18:38:07.610+0000] {spark_submit.py:579} INFO - 24/09/14 18:38:07 INFO MemoryStore: MemoryStore cleared
[2024-09-14T18:38:07.611+0000] {spark_submit.py:579} INFO - 24/09/14 18:38:07 INFO BlockManager: BlockManager stopped
[2024-09-14T18:38:07.616+0000] {spark_submit.py:579} INFO - 24/09/14 18:38:07 INFO BlockManagerMaster: BlockManagerMaster stopped
[2024-09-14T18:38:07.621+0000] {spark_submit.py:579} INFO - 24/09/14 18:38:07 INFO OutputCommitCoordinator$OutputCommitCoordinatorEndpoint: OutputCommitCoordinator stopped!
[2024-09-14T18:38:07.650+0000] {spark_submit.py:579} INFO - 24/09/14 18:38:07 INFO SparkContext: Successfully stopped SparkContext
[2024-09-14T18:38:07.651+0000] {spark_submit.py:579} INFO - 24/09/14 18:38:07 INFO ShutdownHookManager: Shutdown hook called
[2024-09-14T18:38:07.651+0000] {spark_submit.py:579} INFO - 24/09/14 18:38:07 INFO ShutdownHookManager: Deleting directory /tmp/spark-48d8409b-a62d-47f7-ac02-ab36228889bc
[2024-09-14T18:38:07.667+0000] {spark_submit.py:579} INFO - 24/09/14 18:38:07 INFO ShutdownHookManager: Deleting directory /tmp/spark-48d8409b-a62d-47f7-ac02-ab36228889bc/pyspark-dc42947e-6dbb-440e-8940-c8d9241e12ff
[2024-09-14T18:38:07.679+0000] {spark_submit.py:579} INFO - 24/09/14 18:38:07 INFO ShutdownHookManager: Deleting directory /tmp/spark-db216e6b-1a90-4253-bd08-12df3ac56e78
[2024-09-14T18:38:07.885+0000] {taskinstance.py:340} INFO - ::group::Post task execution logs
[2024-09-14T18:38:07.886+0000] {taskinstance.py:352} INFO - Marking task as SUCCESS. dag_id=airbnb_model, task_id=data_analysis, run_id=manual__2024-09-14T17:50:30.952450+00:00, execution_date=20240914T175030, start_date=20240914T183720, end_date=20240914T183807
[2024-09-14T18:38:07.935+0000] {local_task_job_runner.py:266} INFO - Task exited with return code 0
[2024-09-14T18:38:07.995+0000] {taskinstance.py:3900} INFO - 1 downstream tasks scheduled from follow-on schedule check
[2024-09-14T18:38:07.999+0000] {local_task_job_runner.py:245} INFO - ::endgroup::
