[2024-09-14T18:10:39.354+0000] {local_task_job_runner.py:123} INFO - ::group::Pre task execution logs
[2024-09-14T18:10:39.392+0000] {taskinstance.py:2612} INFO - Dependencies all met for dep_context=non-requeueable deps ti=<TaskInstance: airbnb_model.data_analysis manual__2024-09-14T17:50:30.952450+00:00 [queued]>
[2024-09-14T18:10:39.412+0000] {taskinstance.py:2612} INFO - Dependencies all met for dep_context=requeueable deps ti=<TaskInstance: airbnb_model.data_analysis manual__2024-09-14T17:50:30.952450+00:00 [queued]>
[2024-09-14T18:10:39.413+0000] {taskinstance.py:2865} INFO - Starting attempt 3 of 5
[2024-09-14T18:10:39.442+0000] {taskinstance.py:2888} INFO - Executing <Task(SparkSubmitOperator): data_analysis> on 2024-09-14 17:50:30.952450+00:00
[2024-09-14T18:10:39.453+0000] {standard_task_runner.py:104} INFO - Running: ['***', 'tasks', 'run', 'airbnb_model', 'data_analysis', 'manual__2024-09-14T17:50:30.952450+00:00', '--job-id', '671', '--raw', '--subdir', 'DAGS_FOLDER/air_price_pred_dag.py', '--cfg-path', '/tmp/tmpby_vu6d1']
[2024-09-14T18:10:39.457+0000] {standard_task_runner.py:105} INFO - Job 671: Subtask data_analysis
[2024-09-14T18:10:39.459+0000] {logging_mixin.py:190} WARNING - /home/***/.local/lib/python3.12/site-packages/***/task/task_runner/standard_task_runner.py:70 DeprecationWarning: This process (pid=4633) is multi-threaded, use of fork() may lead to deadlocks in the child.
[2024-09-14T18:10:39.460+0000] {standard_task_runner.py:72} INFO - Started process 4634 to run task
[2024-09-14T18:10:39.533+0000] {task_command.py:467} INFO - Running <TaskInstance: airbnb_model.data_analysis manual__2024-09-14T17:50:30.952450+00:00 [running]> on host fb744bf0dc86
[2024-09-14T18:10:39.682+0000] {taskinstance.py:3131} INFO - Exporting env vars: AIRFLOW_CTX_DAG_OWNER='Denis' AIRFLOW_CTX_DAG_ID='airbnb_model' AIRFLOW_CTX_TASK_ID='data_analysis' AIRFLOW_CTX_EXECUTION_DATE='2024-09-14T17:50:30.952450+00:00' AIRFLOW_CTX_TRY_NUMBER='3' AIRFLOW_CTX_DAG_RUN_ID='manual__2024-09-14T17:50:30.952450+00:00'
[2024-09-14T18:10:39.683+0000] {taskinstance.py:731} INFO - ::endgroup::
[2024-09-14T18:10:39.742+0000] {base.py:84} INFO - Retrieving connection 'spark_default'
[2024-09-14T18:10:39.743+0000] {spark_submit.py:403} INFO - Spark-Submit cmd: spark-submit --master spark://spark-master:7077 --conf spark.master=spark://spark-master:7077 --name arrow-spark --verbose --deploy-mode client /opt/***/dags/air_data_analysis.py
[2024-09-14T18:10:42.609+0000] {spark_submit.py:579} INFO - Using properties file: null
[2024-09-14T18:10:42.945+0000] {spark_submit.py:579} INFO - Parsed arguments:
[2024-09-14T18:10:42.946+0000] {spark_submit.py:579} INFO - master                  spark://spark-master:7077
[2024-09-14T18:10:42.947+0000] {spark_submit.py:579} INFO - remote                  null
[2024-09-14T18:10:42.948+0000] {spark_submit.py:579} INFO - deployMode              client
[2024-09-14T18:10:42.949+0000] {spark_submit.py:579} INFO - executorMemory          null
[2024-09-14T18:10:42.950+0000] {spark_submit.py:579} INFO - executorCores           null
[2024-09-14T18:10:42.952+0000] {spark_submit.py:579} INFO - totalExecutorCores      null
[2024-09-14T18:10:42.953+0000] {spark_submit.py:579} INFO - propertiesFile          null
[2024-09-14T18:10:42.954+0000] {spark_submit.py:579} INFO - driverMemory            null
[2024-09-14T18:10:42.955+0000] {spark_submit.py:579} INFO - driverCores             null
[2024-09-14T18:10:42.956+0000] {spark_submit.py:579} INFO - driverExtraClassPath    null
[2024-09-14T18:10:42.957+0000] {spark_submit.py:579} INFO - driverExtraLibraryPath  null
[2024-09-14T18:10:42.958+0000] {spark_submit.py:579} INFO - driverExtraJavaOptions  null
[2024-09-14T18:10:42.959+0000] {spark_submit.py:579} INFO - supervise               false
[2024-09-14T18:10:42.960+0000] {spark_submit.py:579} INFO - queue                   null
[2024-09-14T18:10:42.961+0000] {spark_submit.py:579} INFO - numExecutors            null
[2024-09-14T18:10:42.962+0000] {spark_submit.py:579} INFO - files                   null
[2024-09-14T18:10:42.963+0000] {spark_submit.py:579} INFO - pyFiles                 null
[2024-09-14T18:10:42.964+0000] {spark_submit.py:579} INFO - archives                null
[2024-09-14T18:10:42.965+0000] {spark_submit.py:579} INFO - mainClass               null
[2024-09-14T18:10:42.966+0000] {spark_submit.py:579} INFO - primaryResource         file:/opt/***/dags/air_data_analysis.py
[2024-09-14T18:10:42.967+0000] {spark_submit.py:579} INFO - name                    arrow-spark
[2024-09-14T18:10:42.969+0000] {spark_submit.py:579} INFO - childArgs               []
[2024-09-14T18:10:42.970+0000] {spark_submit.py:579} INFO - jars                    null
[2024-09-14T18:10:42.971+0000] {spark_submit.py:579} INFO - packages                null
[2024-09-14T18:10:42.972+0000] {spark_submit.py:579} INFO - packagesExclusions      null
[2024-09-14T18:10:42.973+0000] {spark_submit.py:579} INFO - repositories            null
[2024-09-14T18:10:42.974+0000] {spark_submit.py:579} INFO - verbose                 true
[2024-09-14T18:10:42.975+0000] {spark_submit.py:579} INFO - 
[2024-09-14T18:10:42.976+0000] {spark_submit.py:579} INFO - Spark properties used, including those specified through
[2024-09-14T18:10:42.978+0000] {spark_submit.py:579} INFO - --conf and those from the properties file null:
[2024-09-14T18:10:42.979+0000] {spark_submit.py:579} INFO - (spark.master,spark://spark-master:7077)
[2024-09-14T18:10:42.980+0000] {spark_submit.py:579} INFO - 
[2024-09-14T18:10:42.981+0000] {spark_submit.py:579} INFO - 
[2024-09-14T18:10:43.762+0000] {spark_submit.py:579} INFO - Main class:
[2024-09-14T18:10:43.764+0000] {spark_submit.py:579} INFO - org.apache.spark.deploy.PythonRunner
[2024-09-14T18:10:43.765+0000] {spark_submit.py:579} INFO - Arguments:
[2024-09-14T18:10:43.766+0000] {spark_submit.py:579} INFO - file:/opt/***/dags/air_data_analysis.py
[2024-09-14T18:10:43.767+0000] {spark_submit.py:579} INFO - null
[2024-09-14T18:10:43.772+0000] {spark_submit.py:579} INFO - Spark config:
[2024-09-14T18:10:43.773+0000] {spark_submit.py:579} INFO - (spark.app.name,arrow-spark)
[2024-09-14T18:10:43.775+0000] {spark_submit.py:579} INFO - (spark.app.submitTime,1726337443731)
[2024-09-14T18:10:43.776+0000] {spark_submit.py:579} INFO - (spark.master,spark://spark-master:7077)
[2024-09-14T18:10:43.777+0000] {spark_submit.py:579} INFO - (spark.submit.deployMode,client)
[2024-09-14T18:10:43.778+0000] {spark_submit.py:579} INFO - (spark.submit.pyFiles,)
[2024-09-14T18:10:43.779+0000] {spark_submit.py:579} INFO - Classpath elements:
[2024-09-14T18:10:43.780+0000] {spark_submit.py:579} INFO - 
[2024-09-14T18:10:43.781+0000] {spark_submit.py:579} INFO - 
[2024-09-14T18:10:43.783+0000] {spark_submit.py:579} INFO - 
[2024-09-14T18:10:46.286+0000] {spark_submit.py:579} INFO - 24/09/14 18:10:46 INFO SparkContext: Running Spark version 3.5.2
[2024-09-14T18:10:46.289+0000] {spark_submit.py:579} INFO - 24/09/14 18:10:46 INFO SparkContext: OS info Linux, 5.15.153.1-microsoft-standard-WSL2, amd64
[2024-09-14T18:10:46.290+0000] {spark_submit.py:579} INFO - 24/09/14 18:10:46 INFO SparkContext: Java version 17.0.12
[2024-09-14T18:10:46.448+0000] {spark_submit.py:579} INFO - 24/09/14 18:10:46 WARN NativeCodeLoader: Unable to load native-hadoop library for your platform... using builtin-java classes where applicable
[2024-09-14T18:10:46.645+0000] {spark_submit.py:579} INFO - 24/09/14 18:10:46 INFO ResourceUtils: ==============================================================
[2024-09-14T18:10:46.646+0000] {spark_submit.py:579} INFO - 24/09/14 18:10:46 INFO ResourceUtils: No custom resources configured for spark.driver.
[2024-09-14T18:10:46.648+0000] {spark_submit.py:579} INFO - 24/09/14 18:10:46 INFO ResourceUtils: ==============================================================
[2024-09-14T18:10:46.649+0000] {spark_submit.py:579} INFO - 24/09/14 18:10:46 INFO SparkContext: Submitted application: Airbnb_regr_model
[2024-09-14T18:10:46.691+0000] {spark_submit.py:579} INFO - 24/09/14 18:10:46 INFO ResourceProfile: Default ResourceProfile created, executor resources: Map(cores -> name: cores, amount: 1, script: , vendor: , memory -> name: memory, amount: 1024, script: , vendor: , offHeap -> name: offHeap, amount: 0, script: , vendor: ), task resources: Map(cpus -> name: cpus, amount: 1.0)
[2024-09-14T18:10:46.706+0000] {spark_submit.py:579} INFO - 24/09/14 18:10:46 INFO ResourceProfile: Limiting resource is cpu
[2024-09-14T18:10:46.707+0000] {spark_submit.py:579} INFO - 24/09/14 18:10:46 INFO ResourceProfileManager: Added ResourceProfile id: 0
[2024-09-14T18:10:46.853+0000] {spark_submit.py:579} INFO - 24/09/14 18:10:46 INFO SecurityManager: Changing view acls to: ***
[2024-09-14T18:10:46.855+0000] {spark_submit.py:579} INFO - 24/09/14 18:10:46 INFO SecurityManager: Changing modify acls to: ***
[2024-09-14T18:10:46.858+0000] {spark_submit.py:579} INFO - 24/09/14 18:10:46 INFO SecurityManager: Changing view acls groups to:
[2024-09-14T18:10:46.860+0000] {spark_submit.py:579} INFO - 24/09/14 18:10:46 INFO SecurityManager: Changing modify acls groups to:
[2024-09-14T18:10:46.864+0000] {spark_submit.py:579} INFO - 24/09/14 18:10:46 INFO SecurityManager: SecurityManager: authentication disabled; ui acls disabled; users with view permissions: ***; groups with view permissions: EMPTY; users with modify permissions: ***; groups with modify permissions: EMPTY
[2024-09-14T18:10:47.405+0000] {spark_submit.py:579} INFO - 24/09/14 18:10:47 INFO Utils: Successfully started service 'sparkDriver' on port 44731.
[2024-09-14T18:10:47.499+0000] {spark_submit.py:579} INFO - 24/09/14 18:10:47 INFO SparkEnv: Registering MapOutputTracker
[2024-09-14T18:10:47.595+0000] {spark_submit.py:579} INFO - 24/09/14 18:10:47 INFO SparkEnv: Registering BlockManagerMaster
[2024-09-14T18:10:47.639+0000] {spark_submit.py:579} INFO - 24/09/14 18:10:47 INFO BlockManagerMasterEndpoint: Using org.apache.spark.storage.DefaultTopologyMapper for getting topology information
[2024-09-14T18:10:47.640+0000] {spark_submit.py:579} INFO - 24/09/14 18:10:47 INFO BlockManagerMasterEndpoint: BlockManagerMasterEndpoint up
[2024-09-14T18:10:47.651+0000] {spark_submit.py:579} INFO - 24/09/14 18:10:47 INFO SparkEnv: Registering BlockManagerMasterHeartbeat
[2024-09-14T18:10:47.702+0000] {spark_submit.py:579} INFO - 24/09/14 18:10:47 INFO DiskBlockManager: Created local directory at /tmp/blockmgr-7d99ebfb-a6dd-4d24-95de-ffc752b87633
[2024-09-14T18:10:47.736+0000] {spark_submit.py:579} INFO - 24/09/14 18:10:47 INFO MemoryStore: MemoryStore started with capacity 434.4 MiB
[2024-09-14T18:10:47.771+0000] {spark_submit.py:579} INFO - 24/09/14 18:10:47 INFO SparkEnv: Registering OutputCommitCoordinator
[2024-09-14T18:10:48.074+0000] {spark_submit.py:579} INFO - 24/09/14 18:10:48 INFO JettyUtils: Start Jetty 0.0.0.0:4040 for SparkUI
[2024-09-14T18:10:48.220+0000] {spark_submit.py:579} INFO - 24/09/14 18:10:48 INFO Utils: Successfully started service 'SparkUI' on port 4040.
[2024-09-14T18:10:48.426+0000] {spark_submit.py:579} INFO - 24/09/14 18:10:48 INFO Executor: Starting executor ID driver on host fb744bf0dc86
[2024-09-14T18:10:48.427+0000] {spark_submit.py:579} INFO - 24/09/14 18:10:48 INFO Executor: OS info Linux, 5.15.153.1-microsoft-standard-WSL2, amd64
[2024-09-14T18:10:48.429+0000] {spark_submit.py:579} INFO - 24/09/14 18:10:48 INFO Executor: Java version 17.0.12
[2024-09-14T18:10:48.446+0000] {spark_submit.py:579} INFO - 24/09/14 18:10:48 INFO Executor: Starting executor with user classpath (userClassPathFirst = false): ''
[2024-09-14T18:10:48.448+0000] {spark_submit.py:579} INFO - 24/09/14 18:10:48 INFO Executor: Created or updated repl class loader org.apache.spark.util.MutableURLClassLoader@2b2d567f for default.
[2024-09-14T18:10:48.489+0000] {spark_submit.py:579} INFO - 24/09/14 18:10:48 INFO Utils: Successfully started service 'org.apache.spark.network.netty.NettyBlockTransferService' on port 37619.
[2024-09-14T18:10:48.490+0000] {spark_submit.py:579} INFO - 24/09/14 18:10:48 INFO NettyBlockTransferService: Server created on fb744bf0dc86:37619
[2024-09-14T18:10:48.493+0000] {spark_submit.py:579} INFO - 24/09/14 18:10:48 INFO BlockManager: Using org.apache.spark.storage.RandomBlockReplicationPolicy for block replication policy
[2024-09-14T18:10:48.506+0000] {spark_submit.py:579} INFO - 24/09/14 18:10:48 INFO BlockManagerMaster: Registering BlockManager BlockManagerId(driver, fb744bf0dc86, 37619, None)
[2024-09-14T18:10:48.512+0000] {spark_submit.py:579} INFO - 24/09/14 18:10:48 INFO BlockManagerMasterEndpoint: Registering block manager fb744bf0dc86:37619 with 434.4 MiB RAM, BlockManagerId(driver, fb744bf0dc86, 37619, None)
[2024-09-14T18:10:48.516+0000] {spark_submit.py:579} INFO - 24/09/14 18:10:48 INFO BlockManagerMaster: Registered BlockManager BlockManagerId(driver, fb744bf0dc86, 37619, None)
[2024-09-14T18:10:48.518+0000] {spark_submit.py:579} INFO - 24/09/14 18:10:48 INFO BlockManager: Initialized BlockManager: BlockManagerId(driver, fb744bf0dc86, 37619, None)
[2024-09-14T18:10:49.372+0000] {spark_submit.py:579} INFO - 24/09/14 18:10:49 INFO SharedState: Setting hive.metastore.warehouse.dir ('null') to the value of spark.sql.warehouse.dir.
[2024-09-14T18:10:49.386+0000] {spark_submit.py:579} INFO - 24/09/14 18:10:49 INFO SharedState: Warehouse path is 'file:/user/hive/warehouse'.
[2024-09-14T18:10:50.966+0000] {spark_submit.py:579} INFO - 24/09/14 18:10:50 INFO InMemoryFileIndex: It took 79 ms to list leaf files for 1 paths.
[2024-09-14T18:10:51.079+0000] {spark_submit.py:579} INFO - 24/09/14 18:10:51 INFO InMemoryFileIndex: It took 3 ms to list leaf files for 1 paths.
[2024-09-14T18:10:54.761+0000] {spark_submit.py:579} INFO - 24/09/14 18:10:54 INFO FileSourceStrategy: Pushed Filters:
[2024-09-14T18:10:54.767+0000] {spark_submit.py:579} INFO - 24/09/14 18:10:54 INFO FileSourceStrategy: Post-Scan Filters:
[2024-09-14T18:10:55.422+0000] {spark_submit.py:579} INFO - 24/09/14 18:10:55 INFO MemoryStore: Block broadcast_0 stored as values in memory (estimated size 200.2 KiB, free 434.2 MiB)
[2024-09-14T18:10:55.531+0000] {spark_submit.py:579} INFO - 24/09/14 18:10:55 INFO MemoryStore: Block broadcast_0_piece0 stored as bytes in memory (estimated size 34.5 KiB, free 434.2 MiB)
[2024-09-14T18:10:55.538+0000] {spark_submit.py:579} INFO - 24/09/14 18:10:55 INFO BlockManagerInfo: Added broadcast_0_piece0 in memory on fb744bf0dc86:37619 (size: 34.5 KiB, free: 434.4 MiB)
[2024-09-14T18:10:55.548+0000] {spark_submit.py:579} INFO - 24/09/14 18:10:55 INFO SparkContext: Created broadcast 0 from csv at NativeMethodAccessorImpl.java:0
[2024-09-14T18:10:55.570+0000] {spark_submit.py:579} INFO - 24/09/14 18:10:55 INFO FileSourceScanExec: Planning scan with bin packing, max size: 4194304 bytes, open cost is considered as scanning 4194304 bytes.
[2024-09-14T18:10:56.763+0000] {spark_submit.py:579} INFO - 24/09/14 18:10:56 INFO CodeGenerator: Code generated in 454.634774 ms
[2024-09-14T18:10:56.854+0000] {spark_submit.py:579} INFO - 24/09/14 18:10:56 INFO SparkContext: Starting job: csv at NativeMethodAccessorImpl.java:0
[2024-09-14T18:10:56.882+0000] {spark_submit.py:579} INFO - 24/09/14 18:10:56 INFO DAGScheduler: Got job 0 (csv at NativeMethodAccessorImpl.java:0) with 1 output partitions
[2024-09-14T18:10:56.883+0000] {spark_submit.py:579} INFO - 24/09/14 18:10:56 INFO DAGScheduler: Final stage: ResultStage 0 (csv at NativeMethodAccessorImpl.java:0)
[2024-09-14T18:10:56.885+0000] {spark_submit.py:579} INFO - 24/09/14 18:10:56 INFO DAGScheduler: Parents of final stage: List()
[2024-09-14T18:10:56.886+0000] {spark_submit.py:579} INFO - 24/09/14 18:10:56 INFO DAGScheduler: Missing parents: List()
[2024-09-14T18:10:56.892+0000] {spark_submit.py:579} INFO - 24/09/14 18:10:56 INFO DAGScheduler: Submitting ResultStage 0 (MapPartitionsRDD[6] at csv at NativeMethodAccessorImpl.java:0), which has no missing parents
[2024-09-14T18:10:57.077+0000] {spark_submit.py:579} INFO - 24/09/14 18:10:57 INFO MemoryStore: Block broadcast_1 stored as values in memory (estimated size 19.1 KiB, free 434.2 MiB)
[2024-09-14T18:10:57.082+0000] {spark_submit.py:579} INFO - 24/09/14 18:10:57 INFO MemoryStore: Block broadcast_1_piece0 stored as bytes in memory (estimated size 8.3 KiB, free 434.1 MiB)
[2024-09-14T18:10:57.083+0000] {spark_submit.py:579} INFO - 24/09/14 18:10:57 INFO BlockManagerInfo: Added broadcast_1_piece0 in memory on fb744bf0dc86:37619 (size: 8.3 KiB, free: 434.4 MiB)
[2024-09-14T18:10:57.085+0000] {spark_submit.py:579} INFO - 24/09/14 18:10:57 INFO SparkContext: Created broadcast 1 from broadcast at DAGScheduler.scala:1585
[2024-09-14T18:10:57.111+0000] {spark_submit.py:579} INFO - 24/09/14 18:10:57 INFO DAGScheduler: Submitting 1 missing tasks from ResultStage 0 (MapPartitionsRDD[6] at csv at NativeMethodAccessorImpl.java:0) (first 15 tasks are for partitions Vector(0))
[2024-09-14T18:10:57.114+0000] {spark_submit.py:579} INFO - 24/09/14 18:10:57 INFO TaskSchedulerImpl: Adding task set 0.0 with 1 tasks resource profile 0
[2024-09-14T18:10:57.175+0000] {spark_submit.py:579} INFO - 24/09/14 18:10:57 INFO TaskSetManager: Starting task 0.0 in stage 0.0 (TID 0) (fb744bf0dc86, executor driver, partition 0, PROCESS_LOCAL, 9601 bytes)
[2024-09-14T18:10:57.201+0000] {spark_submit.py:579} INFO - 24/09/14 18:10:57 INFO Executor: Running task 0.0 in stage 0.0 (TID 0)
[2024-09-14T18:10:57.396+0000] {spark_submit.py:579} INFO - 24/09/14 18:10:57 INFO CodeGenerator: Code generated in 24.231951 ms
[2024-09-14T18:10:57.404+0000] {spark_submit.py:579} INFO - 24/09/14 18:10:57 INFO FileScanRDD: Reading File path: file:///opt/***/datasets/Airbnb.csv, range: 0-4194304, partition values: [empty row]
[2024-09-14T18:10:57.431+0000] {spark_submit.py:579} INFO - 24/09/14 18:10:57 INFO CodeGenerator: Code generated in 17.029376 ms
[2024-09-14T18:10:57.579+0000] {spark_submit.py:579} INFO - 24/09/14 18:10:57 INFO Executor: Finished task 0.0 in stage 0.0 (TID 0). 1851 bytes result sent to driver
[2024-09-14T18:10:57.601+0000] {spark_submit.py:579} INFO - 24/09/14 18:10:57 INFO TaskSetManager: Finished task 0.0 in stage 0.0 (TID 0) in 441 ms on fb744bf0dc86 (executor driver) (1/1)
[2024-09-14T18:10:57.605+0000] {spark_submit.py:579} INFO - 24/09/14 18:10:57 INFO TaskSchedulerImpl: Removed TaskSet 0.0, whose tasks have all completed, from pool
[2024-09-14T18:10:57.616+0000] {spark_submit.py:579} INFO - 24/09/14 18:10:57 INFO DAGScheduler: ResultStage 0 (csv at NativeMethodAccessorImpl.java:0) finished in 0.704 s
[2024-09-14T18:10:57.622+0000] {spark_submit.py:579} INFO - 24/09/14 18:10:57 INFO DAGScheduler: Job 0 is finished. Cancelling potential speculative or zombie tasks for this job
[2024-09-14T18:10:57.623+0000] {spark_submit.py:579} INFO - 24/09/14 18:10:57 INFO TaskSchedulerImpl: Killing all running tasks in stage 0: Stage finished
[2024-09-14T18:10:57.628+0000] {spark_submit.py:579} INFO - 24/09/14 18:10:57 INFO DAGScheduler: Job 0 finished: csv at NativeMethodAccessorImpl.java:0, took 0.773208 s
[2024-09-14T18:10:57.665+0000] {spark_submit.py:579} INFO - 24/09/14 18:10:57 INFO CodeGenerator: Code generated in 16.67368 ms
[2024-09-14T18:10:57.968+0000] {spark_submit.py:579} INFO - 24/09/14 18:10:57 INFO SparkContext: Starting job: csv at NativeMethodAccessorImpl.java:0
[2024-09-14T18:10:57.971+0000] {spark_submit.py:579} INFO - 24/09/14 18:10:57 INFO DAGScheduler: Got job 1 (csv at NativeMethodAccessorImpl.java:0) with 2 output partitions
[2024-09-14T18:10:57.972+0000] {spark_submit.py:579} INFO - 24/09/14 18:10:57 INFO DAGScheduler: Final stage: ResultStage 1 (csv at NativeMethodAccessorImpl.java:0)
[2024-09-14T18:10:57.974+0000] {spark_submit.py:579} INFO - 24/09/14 18:10:57 INFO DAGScheduler: Parents of final stage: List()
[2024-09-14T18:10:57.975+0000] {spark_submit.py:579} INFO - 24/09/14 18:10:57 INFO DAGScheduler: Missing parents: List()
[2024-09-14T18:10:57.976+0000] {spark_submit.py:579} INFO - 24/09/14 18:10:57 INFO DAGScheduler: Submitting ResultStage 1 (MapPartitionsRDD[10] at csv at NativeMethodAccessorImpl.java:0), which has no missing parents
[2024-09-14T18:10:57.985+0000] {spark_submit.py:579} INFO - 24/09/14 18:10:57 INFO MemoryStore: Block broadcast_2 stored as values in memory (estimated size 19.7 KiB, free 434.1 MiB)
[2024-09-14T18:10:58.000+0000] {spark_submit.py:579} INFO - 24/09/14 18:10:57 INFO MemoryStore: Block broadcast_2_piece0 stored as bytes in memory (estimated size 9.1 KiB, free 434.1 MiB)
[2024-09-14T18:10:58.023+0000] {spark_submit.py:579} INFO - 24/09/14 18:10:58 INFO BlockManagerInfo: Added broadcast_2_piece0 in memory on fb744bf0dc86:37619 (size: 9.1 KiB, free: 434.3 MiB)
[2024-09-14T18:10:58.024+0000] {spark_submit.py:579} INFO - 24/09/14 18:10:58 INFO SparkContext: Created broadcast 2 from broadcast at DAGScheduler.scala:1585
[2024-09-14T18:10:58.026+0000] {spark_submit.py:579} INFO - 24/09/14 18:10:58 INFO DAGScheduler: Submitting 2 missing tasks from ResultStage 1 (MapPartitionsRDD[10] at csv at NativeMethodAccessorImpl.java:0) (first 15 tasks are for partitions Vector(0, 1))
[2024-09-14T18:10:58.027+0000] {spark_submit.py:579} INFO - 24/09/14 18:10:58 INFO TaskSchedulerImpl: Adding task set 1.0 with 2 tasks resource profile 0
[2024-09-14T18:10:58.038+0000] {spark_submit.py:579} INFO - 24/09/14 18:10:58 INFO TaskSetManager: Starting task 0.0 in stage 1.0 (TID 1) (fb744bf0dc86, executor driver, partition 0, PROCESS_LOCAL, 9601 bytes)
[2024-09-14T18:10:58.040+0000] {spark_submit.py:579} INFO - 24/09/14 18:10:58 INFO TaskSetManager: Starting task 1.0 in stage 1.0 (TID 2) (fb744bf0dc86, executor driver, partition 1, PROCESS_LOCAL, 9601 bytes)
[2024-09-14T18:10:58.042+0000] {spark_submit.py:579} INFO - 24/09/14 18:10:58 INFO Executor: Running task 0.0 in stage 1.0 (TID 1)
[2024-09-14T18:10:58.044+0000] {spark_submit.py:579} INFO - 24/09/14 18:10:58 INFO Executor: Running task 1.0 in stage 1.0 (TID 2)
[2024-09-14T18:10:58.053+0000] {spark_submit.py:579} INFO - 24/09/14 18:10:58 INFO BlockManagerInfo: Removed broadcast_1_piece0 on fb744bf0dc86:37619 in memory (size: 8.3 KiB, free: 434.4 MiB)
[2024-09-14T18:10:58.088+0000] {spark_submit.py:579} INFO - 24/09/14 18:10:58 INFO FileScanRDD: Reading File path: file:///opt/***/datasets/Airbnb.csv, range: 0-4194304, partition values: [empty row]
[2024-09-14T18:10:58.090+0000] {spark_submit.py:579} INFO - 24/09/14 18:10:58 INFO FileScanRDD: Reading File path: file:///opt/***/datasets/Airbnb.csv, range: 4194304-7081245, partition values: [empty row]
[2024-09-14T18:10:58.909+0000] {spark_submit.py:579} INFO - 24/09/14 18:10:58 INFO Executor: Finished task 1.0 in stage 1.0 (TID 2). 1546 bytes result sent to driver
[2024-09-14T18:10:58.914+0000] {spark_submit.py:579} INFO - 24/09/14 18:10:58 INFO TaskSetManager: Finished task 1.0 in stage 1.0 (TID 2) in 875 ms on fb744bf0dc86 (executor driver) (1/2)
[2024-09-14T18:10:59.050+0000] {spark_submit.py:579} INFO - 24/09/14 18:10:59 INFO Executor: Finished task 0.0 in stage 1.0 (TID 1). 1503 bytes result sent to driver
[2024-09-14T18:10:59.054+0000] {spark_submit.py:579} INFO - 24/09/14 18:10:59 INFO TaskSetManager: Finished task 0.0 in stage 1.0 (TID 1) in 1024 ms on fb744bf0dc86 (executor driver) (2/2)
[2024-09-14T18:10:59.055+0000] {spark_submit.py:579} INFO - 24/09/14 18:10:59 INFO TaskSchedulerImpl: Removed TaskSet 1.0, whose tasks have all completed, from pool
[2024-09-14T18:10:59.056+0000] {spark_submit.py:579} INFO - 24/09/14 18:10:59 INFO DAGScheduler: ResultStage 1 (csv at NativeMethodAccessorImpl.java:0) finished in 1.076 s
[2024-09-14T18:10:59.058+0000] {spark_submit.py:579} INFO - 24/09/14 18:10:59 INFO DAGScheduler: Job 1 is finished. Cancelling potential speculative or zombie tasks for this job
[2024-09-14T18:10:59.059+0000] {spark_submit.py:579} INFO - 24/09/14 18:10:59 INFO TaskSchedulerImpl: Killing all running tasks in stage 1: Stage finished
[2024-09-14T18:10:59.060+0000] {spark_submit.py:579} INFO - 24/09/14 18:10:59 INFO DAGScheduler: Job 1 finished: csv at NativeMethodAccessorImpl.java:0, took 1.089939 s
[2024-09-14T18:10:59.478+0000] {spark_submit.py:579} INFO - 24/09/14 18:10:59 INFO HiveConf: Found configuration file null
[2024-09-14T18:10:59.497+0000] {spark_submit.py:579} INFO - 24/09/14 18:10:59 INFO HiveUtils: Initializing HiveMetastoreConnection version 2.3.9 using Spark classes.
[2024-09-14T18:10:59.979+0000] {spark_submit.py:579} INFO - 24/09/14 18:10:59 INFO HiveClientImpl: Warehouse location for Hive client (version 2.3.9) is file:/user/hive/warehouse
[2024-09-14T18:11:00.059+0000] {spark_submit.py:579} INFO - 24/09/14 18:11:00 INFO metastore: Trying to connect to metastore with URI thrift://hive-metastore:9083
[2024-09-14T18:11:00.107+0000] {spark_submit.py:579} INFO - 24/09/14 18:11:00 INFO metastore: Opened a connection to metastore, current connections: 1
[2024-09-14T18:11:00.180+0000] {spark_submit.py:579} INFO - 24/09/14 18:11:00 INFO metastore: Connected to metastore.
[2024-09-14T18:11:02.419+0000] {spark_submit.py:579} INFO - 24/09/14 18:11:02 INFO InMemoryFileIndex: It took 54 ms to list leaf files for 1 paths.
[2024-09-14T18:11:03.123+0000] {spark_submit.py:579} INFO - 24/09/14 18:11:03 INFO FileSourceStrategy: Pushed Filters:
[2024-09-14T18:11:03.124+0000] {spark_submit.py:579} INFO - 24/09/14 18:11:03 INFO FileSourceStrategy: Post-Scan Filters: atleastnnonnulls(10, neighbourhood_group#25, neighbourhood#26, latitude#27, longitude#28, room_type#29, price#30, minimum_nights#31, number_of_reviews#32, calculated_host_listings_count#35, availability_365#36)
[2024-09-14T18:11:03.590+0000] {spark_submit.py:579} INFO - 24/09/14 18:11:03 INFO CodeGenerator: Code generated in 128.651579 ms
[2024-09-14T18:11:03.596+0000] {spark_submit.py:579} INFO - 24/09/14 18:11:03 INFO MemoryStore: Block broadcast_3 stored as values in memory (estimated size 200.1 KiB, free 433.9 MiB)
[2024-09-14T18:11:03.609+0000] {spark_submit.py:579} INFO - 24/09/14 18:11:03 INFO MemoryStore: Block broadcast_3_piece0 stored as bytes in memory (estimated size 34.5 KiB, free 433.9 MiB)
[2024-09-14T18:11:03.611+0000] {spark_submit.py:579} INFO - 24/09/14 18:11:03 INFO BlockManagerInfo: Added broadcast_3_piece0 in memory on fb744bf0dc86:37619 (size: 34.5 KiB, free: 434.3 MiB)
[2024-09-14T18:11:03.613+0000] {spark_submit.py:579} INFO - 24/09/14 18:11:03 INFO SparkContext: Created broadcast 3 from saveAsTable at NativeMethodAccessorImpl.java:0
[2024-09-14T18:11:03.626+0000] {spark_submit.py:579} INFO - 24/09/14 18:11:03 INFO FileSourceScanExec: Planning scan with bin packing, max size: 4194304 bytes, open cost is considered as scanning 4194304 bytes.
[2024-09-14T18:11:03.754+0000] {spark_submit.py:579} INFO - 24/09/14 18:11:03 INFO DAGScheduler: Registering RDD 14 (saveAsTable at NativeMethodAccessorImpl.java:0) as input to shuffle 0
[2024-09-14T18:11:03.764+0000] {spark_submit.py:579} INFO - 24/09/14 18:11:03 INFO DAGScheduler: Got map stage job 2 (saveAsTable at NativeMethodAccessorImpl.java:0) with 2 output partitions
[2024-09-14T18:11:03.765+0000] {spark_submit.py:579} INFO - 24/09/14 18:11:03 INFO DAGScheduler: Final stage: ShuffleMapStage 2 (saveAsTable at NativeMethodAccessorImpl.java:0)
[2024-09-14T18:11:03.766+0000] {spark_submit.py:579} INFO - 24/09/14 18:11:03 INFO DAGScheduler: Parents of final stage: List()
[2024-09-14T18:11:03.767+0000] {spark_submit.py:579} INFO - 24/09/14 18:11:03 INFO DAGScheduler: Missing parents: List()
[2024-09-14T18:11:03.770+0000] {spark_submit.py:579} INFO - 24/09/14 18:11:03 INFO DAGScheduler: Submitting ShuffleMapStage 2 (MapPartitionsRDD[14] at saveAsTable at NativeMethodAccessorImpl.java:0), which has no missing parents
[2024-09-14T18:11:03.794+0000] {spark_submit.py:579} INFO - 24/09/14 18:11:03 INFO MemoryStore: Block broadcast_4 stored as values in memory (estimated size 55.7 KiB, free 433.9 MiB)
[2024-09-14T18:11:03.798+0000] {spark_submit.py:579} INFO - 24/09/14 18:11:03 INFO MemoryStore: Block broadcast_4_piece0 stored as bytes in memory (estimated size 23.5 KiB, free 433.8 MiB)
[2024-09-14T18:11:03.801+0000] {spark_submit.py:579} INFO - 24/09/14 18:11:03 INFO BlockManagerInfo: Added broadcast_4_piece0 in memory on fb744bf0dc86:37619 (size: 23.5 KiB, free: 434.3 MiB)
[2024-09-14T18:11:03.803+0000] {spark_submit.py:579} INFO - 24/09/14 18:11:03 INFO SparkContext: Created broadcast 4 from broadcast at DAGScheduler.scala:1585
[2024-09-14T18:11:03.806+0000] {spark_submit.py:579} INFO - 24/09/14 18:11:03 INFO DAGScheduler: Submitting 2 missing tasks from ShuffleMapStage 2 (MapPartitionsRDD[14] at saveAsTable at NativeMethodAccessorImpl.java:0) (first 15 tasks are for partitions Vector(0, 1))
[2024-09-14T18:11:03.807+0000] {spark_submit.py:579} INFO - 24/09/14 18:11:03 INFO TaskSchedulerImpl: Adding task set 2.0 with 2 tasks resource profile 0
[2024-09-14T18:11:03.810+0000] {spark_submit.py:579} INFO - 24/09/14 18:11:03 INFO TaskSetManager: Starting task 0.0 in stage 2.0 (TID 3) (fb744bf0dc86, executor driver, partition 0, PROCESS_LOCAL, 9590 bytes)
[2024-09-14T18:11:03.812+0000] {spark_submit.py:579} INFO - 24/09/14 18:11:03 INFO TaskSetManager: Starting task 1.0 in stage 2.0 (TID 4) (fb744bf0dc86, executor driver, partition 1, PROCESS_LOCAL, 9590 bytes)
[2024-09-14T18:11:03.813+0000] {spark_submit.py:579} INFO - 24/09/14 18:11:03 INFO Executor: Running task 1.0 in stage 2.0 (TID 4)
[2024-09-14T18:11:03.815+0000] {spark_submit.py:579} INFO - 24/09/14 18:11:03 INFO Executor: Running task 0.0 in stage 2.0 (TID 3)
[2024-09-14T18:11:03.934+0000] {spark_submit.py:579} INFO - 24/09/14 18:11:03 INFO CodeGenerator: Code generated in 72.878737 ms
[2024-09-14T18:11:03.961+0000] {spark_submit.py:579} INFO - 24/09/14 18:11:03 INFO CodeGenerator: Code generated in 13.735986 ms
[2024-09-14T18:11:04.012+0000] {spark_submit.py:579} INFO - 24/09/14 18:11:04 INFO CodeGenerator: Code generated in 10.045463 ms
[2024-09-14T18:11:04.039+0000] {spark_submit.py:579} INFO - 24/09/14 18:11:04 INFO CodeGenerator: Code generated in 12.87627 ms
[2024-09-14T18:11:04.063+0000] {spark_submit.py:579} INFO - 24/09/14 18:11:04 INFO FileScanRDD: Reading File path: file:///opt/***/datasets/Airbnb.csv, range: 0-4194304, partition values: [empty row]
[2024-09-14T18:11:04.065+0000] {spark_submit.py:579} INFO - 24/09/14 18:11:04 INFO FileScanRDD: Reading File path: file:///opt/***/datasets/Airbnb.csv, range: 4194304-7081245, partition values: [empty row]
[2024-09-14T18:11:04.093+0000] {spark_submit.py:579} INFO - 24/09/14 18:11:04 INFO CodeGenerator: Code generated in 15.512263 ms
[2024-09-14T18:11:04.876+0000] {spark_submit.py:579} INFO - 24/09/14 18:11:04 INFO Executor: Finished task 1.0 in stage 2.0 (TID 4). 2864 bytes result sent to driver
[2024-09-14T18:11:04.882+0000] {spark_submit.py:579} INFO - 24/09/14 18:11:04 INFO TaskSetManager: Finished task 1.0 in stage 2.0 (TID 4) in 1070 ms on fb744bf0dc86 (executor driver) (1/2)
[2024-09-14T18:11:04.920+0000] {spark_submit.py:579} INFO - 24/09/14 18:11:04 INFO Executor: Finished task 0.0 in stage 2.0 (TID 3). 2864 bytes result sent to driver
[2024-09-14T18:11:04.922+0000] {spark_submit.py:579} INFO - 24/09/14 18:11:04 INFO TaskSetManager: Finished task 0.0 in stage 2.0 (TID 3) in 1113 ms on fb744bf0dc86 (executor driver) (2/2)
[2024-09-14T18:11:04.923+0000] {spark_submit.py:579} INFO - 24/09/14 18:11:04 INFO TaskSchedulerImpl: Removed TaskSet 2.0, whose tasks have all completed, from pool
[2024-09-14T18:11:04.925+0000] {spark_submit.py:579} INFO - 24/09/14 18:11:04 INFO DAGScheduler: ShuffleMapStage 2 (saveAsTable at NativeMethodAccessorImpl.java:0) finished in 1.149 s
[2024-09-14T18:11:04.927+0000] {spark_submit.py:579} INFO - 24/09/14 18:11:04 INFO DAGScheduler: looking for newly runnable stages
[2024-09-14T18:11:04.928+0000] {spark_submit.py:579} INFO - 24/09/14 18:11:04 INFO DAGScheduler: running: Set()
[2024-09-14T18:11:04.929+0000] {spark_submit.py:579} INFO - 24/09/14 18:11:04 INFO DAGScheduler: waiting: Set()
[2024-09-14T18:11:04.930+0000] {spark_submit.py:579} INFO - 24/09/14 18:11:04 INFO DAGScheduler: failed: Set()
[2024-09-14T18:11:04.999+0000] {spark_submit.py:579} INFO - 24/09/14 18:11:04 INFO ShufflePartitionsUtil: For shuffle(0), advisory target size: 67108864, actual target size 1048576, minimum partition size: 1048576
[2024-09-14T18:11:05.220+0000] {spark_submit.py:579} INFO - 24/09/14 18:11:05 INFO ParquetUtils: Using default output committer for Parquet: org.apache.parquet.hadoop.ParquetOutputCommitter
[2024-09-14T18:11:05.255+0000] {spark_submit.py:579} INFO - 24/09/14 18:11:05 INFO FileOutputCommitter: File Output Committer Algorithm version is 1
[2024-09-14T18:11:05.256+0000] {spark_submit.py:579} INFO - 24/09/14 18:11:05 INFO FileOutputCommitter: FileOutputCommitter skip cleanup _temporary folders under output directory:false, ignore cleanup failures: false
[2024-09-14T18:11:05.257+0000] {spark_submit.py:579} INFO - 24/09/14 18:11:05 INFO SQLHadoopMapReduceCommitProtocol: Using user defined output committer class org.apache.parquet.hadoop.ParquetOutputCommitter
[2024-09-14T18:11:05.259+0000] {spark_submit.py:579} INFO - 24/09/14 18:11:05 INFO FileOutputCommitter: File Output Committer Algorithm version is 1
[2024-09-14T18:11:05.260+0000] {spark_submit.py:579} INFO - 24/09/14 18:11:05 INFO FileOutputCommitter: FileOutputCommitter skip cleanup _temporary folders under output directory:false, ignore cleanup failures: false
[2024-09-14T18:11:05.261+0000] {spark_submit.py:579} INFO - 24/09/14 18:11:05 INFO SQLHadoopMapReduceCommitProtocol: Using output committer class org.apache.parquet.hadoop.ParquetOutputCommitter
[2024-09-14T18:11:05.293+0000] {spark_submit.py:579} INFO - 24/09/14 18:11:05 INFO HashAggregateExec: spark.sql.codegen.aggregate.map.twolevel.enabled is set to true, but current version of codegened fast hashmap does not support this aggregate.
[2024-09-14T18:11:05.372+0000] {spark_submit.py:579} INFO - 24/09/14 18:11:05 INFO CodeGenerator: Code generated in 46.866538 ms
[2024-09-14T18:11:05.457+0000] {spark_submit.py:579} INFO - 24/09/14 18:11:05 INFO SparkContext: Starting job: saveAsTable at NativeMethodAccessorImpl.java:0
[2024-09-14T18:11:05.461+0000] {spark_submit.py:579} INFO - 24/09/14 18:11:05 INFO DAGScheduler: Got job 3 (saveAsTable at NativeMethodAccessorImpl.java:0) with 1 output partitions
[2024-09-14T18:11:05.462+0000] {spark_submit.py:579} INFO - 24/09/14 18:11:05 INFO DAGScheduler: Final stage: ResultStage 4 (saveAsTable at NativeMethodAccessorImpl.java:0)
[2024-09-14T18:11:05.463+0000] {spark_submit.py:579} INFO - 24/09/14 18:11:05 INFO DAGScheduler: Parents of final stage: List(ShuffleMapStage 3)
[2024-09-14T18:11:05.466+0000] {spark_submit.py:579} INFO - 24/09/14 18:11:05 INFO DAGScheduler: Missing parents: List()
[2024-09-14T18:11:05.467+0000] {spark_submit.py:579} INFO - 24/09/14 18:11:05 INFO DAGScheduler: Submitting ResultStage 4 (MapPartitionsRDD[17] at saveAsTable at NativeMethodAccessorImpl.java:0), which has no missing parents
[2024-09-14T18:11:05.528+0000] {spark_submit.py:579} INFO - 24/09/14 18:11:05 INFO MemoryStore: Block broadcast_5 stored as values in memory (estimated size 259.9 KiB, free 433.6 MiB)
[2024-09-14T18:11:05.541+0000] {spark_submit.py:579} INFO - 24/09/14 18:11:05 INFO MemoryStore: Block broadcast_5_piece0 stored as bytes in memory (estimated size 95.9 KiB, free 433.5 MiB)
[2024-09-14T18:11:05.543+0000] {spark_submit.py:579} INFO - 24/09/14 18:11:05 INFO BlockManagerInfo: Removed broadcast_4_piece0 on fb744bf0dc86:37619 in memory (size: 23.5 KiB, free: 434.3 MiB)
[2024-09-14T18:11:05.544+0000] {spark_submit.py:579} INFO - 24/09/14 18:11:05 INFO BlockManagerInfo: Added broadcast_5_piece0 in memory on fb744bf0dc86:37619 (size: 95.9 KiB, free: 434.2 MiB)
[2024-09-14T18:11:05.548+0000] {spark_submit.py:579} INFO - 24/09/14 18:11:05 INFO SparkContext: Created broadcast 5 from broadcast at DAGScheduler.scala:1585
[2024-09-14T18:11:05.550+0000] {spark_submit.py:579} INFO - 24/09/14 18:11:05 INFO DAGScheduler: Submitting 1 missing tasks from ResultStage 4 (MapPartitionsRDD[17] at saveAsTable at NativeMethodAccessorImpl.java:0) (first 15 tasks are for partitions Vector(0))
[2024-09-14T18:11:05.552+0000] {spark_submit.py:579} INFO - 24/09/14 18:11:05 INFO TaskSchedulerImpl: Adding task set 4.0 with 1 tasks resource profile 0
[2024-09-14T18:11:05.573+0000] {spark_submit.py:579} INFO - 24/09/14 18:11:05 INFO TaskSetManager: Starting task 0.0 in stage 4.0 (TID 5) (fb744bf0dc86, executor driver, partition 0, NODE_LOCAL, 8999 bytes)
[2024-09-14T18:11:05.577+0000] {spark_submit.py:579} INFO - 24/09/14 18:11:05 INFO Executor: Running task 0.0 in stage 4.0 (TID 5)
[2024-09-14T18:11:05.631+0000] {spark_submit.py:579} INFO - 24/09/14 18:11:05 INFO BlockManagerInfo: Removed broadcast_0_piece0 on fb744bf0dc86:37619 in memory (size: 34.5 KiB, free: 434.3 MiB)
[2024-09-14T18:11:05.660+0000] {spark_submit.py:579} INFO - 24/09/14 18:11:05 INFO BlockManagerInfo: Removed broadcast_2_piece0 on fb744bf0dc86:37619 in memory (size: 9.1 KiB, free: 434.3 MiB)
[2024-09-14T18:11:05.935+0000] {spark_submit.py:579} INFO - 24/09/14 18:11:05 INFO ShuffleBlockFetcherIterator: Getting 2 (943.0 B) non-empty blocks including 2 (943.0 B) local and 0 (0.0 B) host-local and 0 (0.0 B) push-merged-local and 0 (0.0 B) remote blocks
[2024-09-14T18:11:05.945+0000] {spark_submit.py:579} INFO - 24/09/14 18:11:05 INFO ShuffleBlockFetcherIterator: Started 0 remote fetches in 67 ms
[2024-09-14T18:11:06.064+0000] {spark_submit.py:579} INFO - 24/09/14 18:11:06 INFO CodeGenerator: Code generated in 86.97512 ms
[2024-09-14T18:11:06.070+0000] {spark_submit.py:579} INFO - 24/09/14 18:11:06 INFO FileOutputCommitter: File Output Committer Algorithm version is 1
[2024-09-14T18:11:06.071+0000] {spark_submit.py:579} INFO - 24/09/14 18:11:06 INFO FileOutputCommitter: FileOutputCommitter skip cleanup _temporary folders under output directory:false, ignore cleanup failures: false
[2024-09-14T18:11:06.073+0000] {spark_submit.py:579} INFO - 24/09/14 18:11:06 INFO SQLHadoopMapReduceCommitProtocol: Using user defined output committer class org.apache.parquet.hadoop.ParquetOutputCommitter
[2024-09-14T18:11:06.074+0000] {spark_submit.py:579} INFO - 24/09/14 18:11:06 INFO FileOutputCommitter: File Output Committer Algorithm version is 1
[2024-09-14T18:11:06.075+0000] {spark_submit.py:579} INFO - 24/09/14 18:11:06 INFO FileOutputCommitter: FileOutputCommitter skip cleanup _temporary folders under output directory:false, ignore cleanup failures: false
[2024-09-14T18:11:06.077+0000] {spark_submit.py:579} INFO - 24/09/14 18:11:06 INFO SQLHadoopMapReduceCommitProtocol: Using output committer class org.apache.parquet.hadoop.ParquetOutputCommitter
[2024-09-14T18:11:06.093+0000] {spark_submit.py:579} INFO - 24/09/14 18:11:06 INFO CodecConfig: Compression: SNAPPY
[2024-09-14T18:11:06.105+0000] {spark_submit.py:579} INFO - 24/09/14 18:11:06 INFO CodecConfig: Compression: SNAPPY
[2024-09-14T18:11:06.191+0000] {spark_submit.py:579} INFO - 24/09/14 18:11:06 INFO ParquetOutputFormat: ParquetRecordWriter [block size: 134217728b, row group padding size: 8388608b, validating: false]
[2024-09-14T18:11:06.298+0000] {spark_submit.py:579} INFO - 24/09/14 18:11:06 INFO ParquetWriteSupport: Initialized Parquet WriteSupport with Catalyst schema:
[2024-09-14T18:11:06.300+0000] {spark_submit.py:579} INFO - {
[2024-09-14T18:11:06.301+0000] {spark_submit.py:579} INFO - "type" : "struct",
[2024-09-14T18:11:06.302+0000] {spark_submit.py:579} INFO - "fields" : [ {
[2024-09-14T18:11:06.303+0000] {spark_submit.py:579} INFO - "name" : "neighbourhood_group",
[2024-09-14T18:11:06.304+0000] {spark_submit.py:579} INFO - "type" : "string",
[2024-09-14T18:11:06.307+0000] {spark_submit.py:579} INFO - "nullable" : true,
[2024-09-14T18:11:06.308+0000] {spark_submit.py:579} INFO - "metadata" : { }
[2024-09-14T18:11:06.310+0000] {spark_submit.py:579} INFO - }, {
[2024-09-14T18:11:06.312+0000] {spark_submit.py:579} INFO - "name" : "average_price",
[2024-09-14T18:11:06.313+0000] {spark_submit.py:579} INFO - "type" : "double",
[2024-09-14T18:11:06.315+0000] {spark_submit.py:579} INFO - "nullable" : true,
[2024-09-14T18:11:06.316+0000] {spark_submit.py:579} INFO - "metadata" : { }
[2024-09-14T18:11:06.318+0000] {spark_submit.py:579} INFO - }, {
[2024-09-14T18:11:06.319+0000] {spark_submit.py:579} INFO - "name" : "min_price",
[2024-09-14T18:11:06.320+0000] {spark_submit.py:579} INFO - "type" : "integer",
[2024-09-14T18:11:06.321+0000] {spark_submit.py:579} INFO - "nullable" : true,
[2024-09-14T18:11:06.322+0000] {spark_submit.py:579} INFO - "metadata" : { }
[2024-09-14T18:11:06.323+0000] {spark_submit.py:579} INFO - }, {
[2024-09-14T18:11:06.324+0000] {spark_submit.py:579} INFO - "name" : "max_price",
[2024-09-14T18:11:06.326+0000] {spark_submit.py:579} INFO - "type" : "integer",
[2024-09-14T18:11:06.327+0000] {spark_submit.py:579} INFO - "nullable" : true,
[2024-09-14T18:11:06.328+0000] {spark_submit.py:579} INFO - "metadata" : { }
[2024-09-14T18:11:06.329+0000] {spark_submit.py:579} INFO - }, {
[2024-09-14T18:11:06.331+0000] {spark_submit.py:579} INFO - "name" : "count",
[2024-09-14T18:11:06.332+0000] {spark_submit.py:579} INFO - "type" : "long",
[2024-09-14T18:11:06.334+0000] {spark_submit.py:579} INFO - "nullable" : false,
[2024-09-14T18:11:06.335+0000] {spark_submit.py:579} INFO - "metadata" : { }
[2024-09-14T18:11:06.336+0000] {spark_submit.py:579} INFO - } ]
[2024-09-14T18:11:06.337+0000] {spark_submit.py:579} INFO - }
[2024-09-14T18:11:06.338+0000] {spark_submit.py:579} INFO - and corresponding Parquet message type:
[2024-09-14T18:11:06.340+0000] {spark_submit.py:579} INFO - message spark_schema {
[2024-09-14T18:11:06.341+0000] {spark_submit.py:579} INFO - optional binary neighbourhood_group (STRING);
[2024-09-14T18:11:06.342+0000] {spark_submit.py:579} INFO - optional double average_price;
[2024-09-14T18:11:06.343+0000] {spark_submit.py:579} INFO - optional int32 min_price;
[2024-09-14T18:11:06.345+0000] {spark_submit.py:579} INFO - optional int32 max_price;
[2024-09-14T18:11:06.346+0000] {spark_submit.py:579} INFO - required int64 count;
[2024-09-14T18:11:06.347+0000] {spark_submit.py:579} INFO - }
[2024-09-14T18:11:06.349+0000] {spark_submit.py:579} INFO - 
[2024-09-14T18:11:06.350+0000] {spark_submit.py:579} INFO - 
[2024-09-14T18:11:06.558+0000] {spark_submit.py:579} INFO - 24/09/14 18:11:06 INFO CodecPool: Got brand-new compressor [.snappy]
[2024-09-14T18:11:09.680+0000] {spark_submit.py:579} INFO - 24/09/14 18:11:09 INFO FileOutputCommitter: Saved output of task 'attempt_202409141811053526398203998927798_0004_m_000000_5' to hdfs://namenode:9000/user/hive/warehouse/price_distribution/_temporary/0/task_202409141811053526398203998927798_0004_m_000000
[2024-09-14T18:11:09.695+0000] {spark_submit.py:579} INFO - 24/09/14 18:11:09 INFO SparkHadoopMapRedUtil: attempt_202409141811053526398203998927798_0004_m_000000_5: Committed. Elapsed time: 26 ms.
[2024-09-14T18:11:09.708+0000] {spark_submit.py:579} INFO - 24/09/14 18:11:09 INFO Executor: Finished task 0.0 in stage 4.0 (TID 5). 6193 bytes result sent to driver
[2024-09-14T18:11:09.713+0000] {spark_submit.py:579} INFO - 24/09/14 18:11:09 INFO TaskSetManager: Finished task 0.0 in stage 4.0 (TID 5) in 4147 ms on fb744bf0dc86 (executor driver) (1/1)
[2024-09-14T18:11:09.714+0000] {spark_submit.py:579} INFO - 24/09/14 18:11:09 INFO TaskSchedulerImpl: Removed TaskSet 4.0, whose tasks have all completed, from pool
[2024-09-14T18:11:09.718+0000] {spark_submit.py:579} INFO - 24/09/14 18:11:09 INFO DAGScheduler: ResultStage 4 (saveAsTable at NativeMethodAccessorImpl.java:0) finished in 4.227 s
[2024-09-14T18:11:09.724+0000] {spark_submit.py:579} INFO - 24/09/14 18:11:09 INFO DAGScheduler: Job 3 is finished. Cancelling potential speculative or zombie tasks for this job
[2024-09-14T18:11:09.725+0000] {spark_submit.py:579} INFO - 24/09/14 18:11:09 INFO TaskSchedulerImpl: Killing all running tasks in stage 4: Stage finished
[2024-09-14T18:11:09.729+0000] {spark_submit.py:579} INFO - 24/09/14 18:11:09 INFO DAGScheduler: Job 3 finished: saveAsTable at NativeMethodAccessorImpl.java:0, took 4.263122 s
[2024-09-14T18:11:09.734+0000] {spark_submit.py:579} INFO - 24/09/14 18:11:09 INFO FileFormatWriter: Start to commit write Job fcacead1-ddcc-4789-8aa0-878bcf0b9e9b.
[2024-09-14T18:11:09.871+0000] {spark_submit.py:579} INFO - 24/09/14 18:11:09 INFO FileFormatWriter: Write Job fcacead1-ddcc-4789-8aa0-878bcf0b9e9b committed. Elapsed time: 136 ms.
[2024-09-14T18:11:09.892+0000] {spark_submit.py:579} INFO - 24/09/14 18:11:09 INFO FileFormatWriter: Finished processing stats for write job fcacead1-ddcc-4789-8aa0-878bcf0b9e9b.
[2024-09-14T18:11:10.017+0000] {spark_submit.py:579} INFO - 24/09/14 18:11:10 INFO InMemoryFileIndex: It took 21 ms to list leaf files for 1 paths.
[2024-09-14T18:11:10.432+0000] {spark_submit.py:579} INFO - 24/09/14 18:11:10 INFO HiveExternalCatalog: Persisting file based data source table `spark_catalog`.`default`.`price_distribution` into Hive metastore in Hive compatible format.
[2024-09-14T18:11:10.542+0000] {spark_submit.py:579} INFO - 24/09/14 18:11:10 INFO SQLStdHiveAccessController: Created SQLStdHiveAccessController for session context : HiveAuthzSessionContext [sessionString=2f8981c8-f9e9-4c1e-9599-76cd711ce365, clientType=HIVECLI]
[2024-09-14T18:11:10.550+0000] {spark_submit.py:579} INFO - 24/09/14 18:11:10 WARN SessionState: METASTORE_FILTER_HOOK will be ignored, since hive.security.authorization.manager is set to instance of HiveAuthorizerFactory.
[2024-09-14T18:11:10.552+0000] {spark_submit.py:579} INFO - 24/09/14 18:11:10 INFO metastore: Mestastore configuration hive.metastore.filter.hook changed from org.apache.hadoop.hive.metastore.DefaultMetaStoreFilterHookImpl to org.apache.hadoop.hive.ql.security.authorization.plugin.AuthorizationMetaStoreFilterHook
[2024-09-14T18:11:10.585+0000] {spark_submit.py:579} INFO - 24/09/14 18:11:10 INFO metastore: Closed a connection to metastore, current connections: 0
[2024-09-14T18:11:10.589+0000] {spark_submit.py:579} INFO - 24/09/14 18:11:10 INFO metastore: Trying to connect to metastore with URI thrift://hive-metastore:9083
[2024-09-14T18:11:10.596+0000] {spark_submit.py:579} INFO - 24/09/14 18:11:10 INFO metastore: Opened a connection to metastore, current connections: 1
[2024-09-14T18:11:10.605+0000] {spark_submit.py:579} INFO - 24/09/14 18:11:10 INFO metastore: Connected to metastore.
[2024-09-14T18:11:10.954+0000] {spark_submit.py:579} INFO - 24/09/14 18:11:10 INFO metastore: Trying to connect to metastore with URI thrift://hive-metastore:9083
[2024-09-14T18:11:10.966+0000] {spark_submit.py:579} INFO - 24/09/14 18:11:10 INFO metastore: Opened a connection to metastore, current connections: 2
[2024-09-14T18:11:10.971+0000] {spark_submit.py:579} INFO - 24/09/14 18:11:10 INFO metastore: Connected to metastore.
[2024-09-14T18:11:12.100+0000] {spark_submit.py:579} INFO - Таблица price_distribution успешно загружена в Hive!
[2024-09-14T18:11:12.159+0000] {spark_submit.py:579} INFO - 24/09/14 18:11:12 WARN FileSystem: Failed to initialize fileystem hdfs:///user/hive/warehouse/processed_airbnb_data_csv: java.io.IOException: Incomplete HDFS URI, no host: hdfs:///user/hive/warehouse/processed_airbnb_data_csv
[2024-09-14T18:11:12.363+0000] {spark_submit.py:579} INFO - Traceback (most recent call last):
[2024-09-14T18:11:12.365+0000] {spark_submit.py:579} INFO - File "/opt/***/dags/air_data_analysis.py", line 47, in <module>
[2024-09-14T18:11:12.370+0000] {spark_submit.py:579} INFO - df.write.mode("overwrite").option("header", "true").csv(processed_data_path)
[2024-09-14T18:11:12.371+0000] {spark_submit.py:579} INFO - File "/home/***/.local/lib/python3.12/site-packages/pyspark/sql/readwriter.py", line 1864, in csv
[2024-09-14T18:11:12.377+0000] {spark_submit.py:579} INFO - self._jwrite.csv(path)
[2024-09-14T18:11:12.378+0000] {spark_submit.py:579} INFO - File "/home/***/.local/lib/python3.12/site-packages/py4j/java_gateway.py", line 1322, in __call__
[2024-09-14T18:11:12.380+0000] {spark_submit.py:579} INFO - return_value = get_return_value(
[2024-09-14T18:11:12.381+0000] {spark_submit.py:579} INFO - ^^^^^^^^^^^^^^^^^
[2024-09-14T18:11:12.383+0000] {spark_submit.py:579} INFO - File "/home/***/.local/lib/python3.12/site-packages/pyspark/errors/exceptions/captured.py", line 179, in deco
[2024-09-14T18:11:12.384+0000] {spark_submit.py:579} INFO - return f(*a, **kw)
[2024-09-14T18:11:12.385+0000] {spark_submit.py:579} INFO - ^^^^^^^^^^^
[2024-09-14T18:11:12.387+0000] {spark_submit.py:579} INFO - File "/home/***/.local/lib/python3.12/site-packages/py4j/protocol.py", line 326, in get_return_value
[2024-09-14T18:11:12.390+0000] {spark_submit.py:579} INFO - raise Py4JJavaError(
[2024-09-14T18:11:12.391+0000] {spark_submit.py:579} INFO - py4j.protocol.Py4JJavaError: An error occurred while calling o70.csv.
[2024-09-14T18:11:12.392+0000] {spark_submit.py:579} INFO - : java.io.IOException: Incomplete HDFS URI, no host: hdfs:///user/hive/warehouse/processed_airbnb_data_csv
[2024-09-14T18:11:12.394+0000] {spark_submit.py:579} INFO - at org.apache.hadoop.hdfs.DistributedFileSystem.initialize(DistributedFileSystem.java:184)
[2024-09-14T18:11:12.395+0000] {spark_submit.py:579} INFO - at org.apache.hadoop.fs.FileSystem.createFileSystem(FileSystem.java:3469)
[2024-09-14T18:11:12.396+0000] {spark_submit.py:579} INFO - at org.apache.hadoop.fs.FileSystem.access$300(FileSystem.java:174)
[2024-09-14T18:11:12.398+0000] {spark_submit.py:579} INFO - at org.apache.hadoop.fs.FileSystem$Cache.getInternal(FileSystem.java:3574)
[2024-09-14T18:11:12.399+0000] {spark_submit.py:579} INFO - at org.apache.hadoop.fs.FileSystem$Cache.get(FileSystem.java:3521)
[2024-09-14T18:11:12.400+0000] {spark_submit.py:579} INFO - at org.apache.hadoop.fs.FileSystem.get(FileSystem.java:540)
[2024-09-14T18:11:12.402+0000] {spark_submit.py:579} INFO - at org.apache.hadoop.fs.Path.getFileSystem(Path.java:365)
[2024-09-14T18:11:12.403+0000] {spark_submit.py:579} INFO - at org.apache.spark.sql.execution.datasources.DataSource.planForWritingFileFormat(DataSource.scala:454)
[2024-09-14T18:11:12.404+0000] {spark_submit.py:579} INFO - at org.apache.spark.sql.execution.datasources.DataSource.planForWriting(DataSource.scala:530)
[2024-09-14T18:11:12.396+0000] {spark_submit.py:579} INFO - at org.apache.spark.sql.DataFrameWriter.saveToV1Source(DataFrameWriter.scala:388)
[2024-09-14T18:11:12.398+0000] {spark_submit.py:579} INFO - at org.apache.spark.sql.DataFrameWriter.saveInternal(DataFrameWriter.scala:361)
[2024-09-14T18:11:12.399+0000] {spark_submit.py:579} INFO - at org.apache.spark.sql.DataFrameWriter.save(DataFrameWriter.scala:240)
[2024-09-14T18:11:12.400+0000] {spark_submit.py:579} INFO - at org.apache.spark.sql.DataFrameWriter.csv(DataFrameWriter.scala:850)
[2024-09-14T18:11:12.401+0000] {spark_submit.py:579} INFO - at java.base/jdk.internal.reflect.NativeMethodAccessorImpl.invoke0(Native Method)
[2024-09-14T18:11:12.403+0000] {spark_submit.py:579} INFO - at java.base/jdk.internal.reflect.NativeMethodAccessorImpl.invoke(NativeMethodAccessorImpl.java:77)
[2024-09-14T18:11:12.404+0000] {spark_submit.py:579} INFO - at java.base/jdk.internal.reflect.DelegatingMethodAccessorImpl.invoke(DelegatingMethodAccessorImpl.java:43)
[2024-09-14T18:11:12.405+0000] {spark_submit.py:579} INFO - at java.base/java.lang.reflect.Method.invoke(Method.java:569)
[2024-09-14T18:11:12.407+0000] {spark_submit.py:579} INFO - at py4j.reflection.MethodInvoker.invoke(MethodInvoker.java:244)
[2024-09-14T18:11:12.409+0000] {spark_submit.py:579} INFO - at py4j.reflection.ReflectionEngine.invoke(ReflectionEngine.java:374)
[2024-09-14T18:11:12.410+0000] {spark_submit.py:579} INFO - at py4j.Gateway.invoke(Gateway.java:282)
[2024-09-14T18:11:12.412+0000] {spark_submit.py:579} INFO - at py4j.commands.AbstractCommand.invokeMethod(AbstractCommand.java:132)
[2024-09-14T18:11:12.414+0000] {spark_submit.py:579} INFO - at py4j.commands.CallCommand.execute(CallCommand.java:79)
[2024-09-14T18:11:12.415+0000] {spark_submit.py:579} INFO - at py4j.ClientServerConnection.waitForCommands(ClientServerConnection.java:182)
[2024-09-14T18:11:12.418+0000] {spark_submit.py:579} INFO - at py4j.ClientServerConnection.run(ClientServerConnection.java:106)
[2024-09-14T18:11:12.419+0000] {spark_submit.py:579} INFO - at java.base/java.lang.Thread.run(Thread.java:840)
[2024-09-14T18:11:12.420+0000] {spark_submit.py:579} INFO - 
[2024-09-14T18:11:12.595+0000] {spark_submit.py:579} INFO - 24/09/14 18:11:12 INFO SparkContext: Invoking stop() from shutdown hook
[2024-09-14T18:11:12.596+0000] {spark_submit.py:579} INFO - 24/09/14 18:11:12 INFO SparkContext: SparkContext is stopping with exitCode 0.
[2024-09-14T18:11:12.638+0000] {spark_submit.py:579} INFO - 24/09/14 18:11:12 INFO SparkUI: Stopped Spark web UI at http://fb744bf0dc86:4040
[2024-09-14T18:11:12.673+0000] {spark_submit.py:579} INFO - 24/09/14 18:11:12 INFO MapOutputTrackerMasterEndpoint: MapOutputTrackerMasterEndpoint stopped!
[2024-09-14T18:11:12.871+0000] {spark_submit.py:579} INFO - 24/09/14 18:11:12 INFO MemoryStore: MemoryStore cleared
[2024-09-14T18:11:12.872+0000] {spark_submit.py:579} INFO - 24/09/14 18:11:12 INFO BlockManager: BlockManager stopped
[2024-09-14T18:11:12.881+0000] {spark_submit.py:579} INFO - 24/09/14 18:11:12 INFO BlockManagerMaster: BlockManagerMaster stopped
[2024-09-14T18:11:12.889+0000] {spark_submit.py:579} INFO - 24/09/14 18:11:12 INFO OutputCommitCoordinator$OutputCommitCoordinatorEndpoint: OutputCommitCoordinator stopped!
[2024-09-14T18:11:12.913+0000] {spark_submit.py:579} INFO - 24/09/14 18:11:12 INFO SparkContext: Successfully stopped SparkContext
[2024-09-14T18:11:12.914+0000] {spark_submit.py:579} INFO - 24/09/14 18:11:12 INFO ShutdownHookManager: Shutdown hook called
[2024-09-14T18:11:12.916+0000] {spark_submit.py:579} INFO - 24/09/14 18:11:12 INFO ShutdownHookManager: Deleting directory /tmp/spark-a19b59df-4db8-4d52-b62c-ca6038cacb29
[2024-09-14T18:11:12.956+0000] {spark_submit.py:579} INFO - 24/09/14 18:11:12 INFO ShutdownHookManager: Deleting directory /tmp/spark-a69ea0c1-39a5-4c77-8527-17f50d9ae928/pyspark-c59b80aa-5c97-4bdf-8b90-fe152c171ec9
[2024-09-14T18:11:12.964+0000] {spark_submit.py:579} INFO - 24/09/14 18:11:12 INFO ShutdownHookManager: Deleting directory /tmp/spark-a69ea0c1-39a5-4c77-8527-17f50d9ae928
[2024-09-14T18:11:13.300+0000] {taskinstance.py:3310} ERROR - Task failed with exception
Traceback (most recent call last):
  File "/home/airflow/.local/lib/python3.12/site-packages/airflow/models/taskinstance.py", line 767, in _execute_task
    result = _execute_callable(context=context, **execute_callable_kwargs)
             ^^^^^^^^^^^^^^^^^^^^^^^^^^^^^^^^^^^^^^^^^^^^^^^^^^^^^^^^^^^^^
  File "/home/airflow/.local/lib/python3.12/site-packages/airflow/models/taskinstance.py", line 733, in _execute_callable
    return ExecutionCallableRunner(
           ^^^^^^^^^^^^^^^^^^^^^^^^
  File "/home/airflow/.local/lib/python3.12/site-packages/airflow/utils/operator_helpers.py", line 252, in run
    return self.func(*args, **kwargs)
           ^^^^^^^^^^^^^^^^^^^^^^^^^^
  File "/home/airflow/.local/lib/python3.12/site-packages/airflow/models/baseoperator.py", line 406, in wrapper
    return func(self, *args, **kwargs)
           ^^^^^^^^^^^^^^^^^^^^^^^^^^^
  File "/home/airflow/.local/lib/python3.12/site-packages/airflow/providers/apache/spark/operators/spark_submit.py", line 174, in execute
    self._hook.submit(self.application)
  File "/home/airflow/.local/lib/python3.12/site-packages/airflow/providers/apache/spark/hooks/spark_submit.py", line 505, in submit
    raise AirflowException(
airflow.exceptions.AirflowException: Cannot execute: spark-submit --master spark://spark-master:7077 --conf spark.master=spark://spark-master:7077 --name arrow-spark --verbose --deploy-mode client /opt/***/dags/air_data_analysis.py. Error code is: 1.
[2024-09-14T18:11:13.337+0000] {taskinstance.py:1225} INFO - Marking task as UP_FOR_RETRY. dag_id=airbnb_model, task_id=data_analysis, run_id=manual__2024-09-14T17:50:30.952450+00:00, execution_date=20240914T175030, start_date=20240914T181039, end_date=20240914T181113
[2024-09-14T18:11:13.377+0000] {taskinstance.py:340} INFO - ::group::Post task execution logs
[2024-09-14T18:11:13.379+0000] {standard_task_runner.py:124} ERROR - Failed to execute job 671 for task data_analysis (Cannot execute: spark-submit --master spark://spark-master:7077 --conf spark.master=spark://spark-master:7077 --name arrow-spark --verbose --deploy-mode client /opt/***/dags/air_data_analysis.py. Error code is: 1.; 4634)
Traceback (most recent call last):
  File "/home/airflow/.local/lib/python3.12/site-packages/airflow/task/task_runner/standard_task_runner.py", line 117, in _start_by_fork
    ret = args.func(args, dag=self.dag)
          ^^^^^^^^^^^^^^^^^^^^^^^^^^^^^
  File "/home/airflow/.local/lib/python3.12/site-packages/airflow/cli/cli_config.py", line 49, in command
    return func(*args, **kwargs)
           ^^^^^^^^^^^^^^^^^^^^^
  File "/home/airflow/.local/lib/python3.12/site-packages/airflow/utils/cli.py", line 115, in wrapper
    return f(*args, **kwargs)
           ^^^^^^^^^^^^^^^^^^
  File "/home/airflow/.local/lib/python3.12/site-packages/airflow/cli/commands/task_command.py", line 483, in task_run
    task_return_code = _run_task_by_selected_method(args, _dag, ti)
                       ^^^^^^^^^^^^^^^^^^^^^^^^^^^^^^^^^^^^^^^^^^^^
  File "/home/airflow/.local/lib/python3.12/site-packages/airflow/cli/commands/task_command.py", line 256, in _run_task_by_selected_method
    return _run_raw_task(args, ti)
           ^^^^^^^^^^^^^^^^^^^^^^^
  File "/home/airflow/.local/lib/python3.12/site-packages/airflow/cli/commands/task_command.py", line 341, in _run_raw_task
    return ti._run_raw_task(
           ^^^^^^^^^^^^^^^^^
  File "/home/airflow/.local/lib/python3.12/site-packages/airflow/utils/session.py", line 97, in wrapper
    return func(*args, session=session, **kwargs)
           ^^^^^^^^^^^^^^^^^^^^^^^^^^^^^^^^^^^^^^
  File "/home/airflow/.local/lib/python3.12/site-packages/airflow/models/taskinstance.py", line 3004, in _run_raw_task
    return _run_raw_task(
           ^^^^^^^^^^^^^^
  File "/home/airflow/.local/lib/python3.12/site-packages/airflow/models/taskinstance.py", line 273, in _run_raw_task
    TaskInstance._execute_task_with_callbacks(
  File "/home/airflow/.local/lib/python3.12/site-packages/airflow/models/taskinstance.py", line 3158, in _execute_task_with_callbacks
    result = self._execute_task(context, task_orig)
             ^^^^^^^^^^^^^^^^^^^^^^^^^^^^^^^^^^^^^^
  File "/home/airflow/.local/lib/python3.12/site-packages/airflow/models/taskinstance.py", line 3182, in _execute_task
    return _execute_task(self, context, task_orig)
           ^^^^^^^^^^^^^^^^^^^^^^^^^^^^^^^^^^^^^^^
  File "/home/airflow/.local/lib/python3.12/site-packages/airflow/models/taskinstance.py", line 767, in _execute_task
    result = _execute_callable(context=context, **execute_callable_kwargs)
             ^^^^^^^^^^^^^^^^^^^^^^^^^^^^^^^^^^^^^^^^^^^^^^^^^^^^^^^^^^^^^
  File "/home/airflow/.local/lib/python3.12/site-packages/airflow/models/taskinstance.py", line 733, in _execute_callable
    return ExecutionCallableRunner(
           ^^^^^^^^^^^^^^^^^^^^^^^^
  File "/home/airflow/.local/lib/python3.12/site-packages/airflow/utils/operator_helpers.py", line 252, in run
    return self.func(*args, **kwargs)
           ^^^^^^^^^^^^^^^^^^^^^^^^^^
  File "/home/airflow/.local/lib/python3.12/site-packages/airflow/models/baseoperator.py", line 406, in wrapper
    return func(self, *args, **kwargs)
           ^^^^^^^^^^^^^^^^^^^^^^^^^^^
  File "/home/airflow/.local/lib/python3.12/site-packages/airflow/providers/apache/spark/operators/spark_submit.py", line 174, in execute
    self._hook.submit(self.application)
  File "/home/airflow/.local/lib/python3.12/site-packages/airflow/providers/apache/spark/hooks/spark_submit.py", line 505, in submit
    raise AirflowException(
airflow.exceptions.AirflowException: Cannot execute: spark-submit --master spark://spark-master:7077 --conf spark.master=spark://spark-master:7077 --name arrow-spark --verbose --deploy-mode client /opt/***/dags/air_data_analysis.py. Error code is: 1.
[2024-09-14T18:11:13.423+0000] {local_task_job_runner.py:266} INFO - Task exited with return code 1
[2024-09-14T18:11:13.518+0000] {taskinstance.py:3900} INFO - 0 downstream tasks scheduled from follow-on schedule check
[2024-09-14T18:11:13.523+0000] {local_task_job_runner.py:245} INFO - ::endgroup::
