[2024-09-14T22:07:19.874+0000] {local_task_job_runner.py:123} INFO - ::group::Pre task execution logs
[2024-09-14T22:07:19.969+0000] {taskinstance.py:2612} INFO - Dependencies all met for dep_context=non-requeueable deps ti=<TaskInstance: airbnb_model.data_analysis manual__2024-09-14T17:50:30.952450+00:00 [queued]>
[2024-09-14T22:07:20.008+0000] {taskinstance.py:2612} INFO - Dependencies all met for dep_context=requeueable deps ti=<TaskInstance: airbnb_model.data_analysis manual__2024-09-14T17:50:30.952450+00:00 [queued]>
[2024-09-14T22:07:20.010+0000] {taskinstance.py:2865} INFO - Starting attempt 16 of 19
[2024-09-14T22:07:20.064+0000] {taskinstance.py:2888} INFO - Executing <Task(SparkSubmitOperator): data_analysis> on 2024-09-14 17:50:30.952450+00:00
[2024-09-14T22:07:20.081+0000] {standard_task_runner.py:104} INFO - Running: ['***', 'tasks', 'run', 'airbnb_model', 'data_analysis', 'manual__2024-09-14T17:50:30.952450+00:00', '--job-id', '695', '--raw', '--subdir', 'DAGS_FOLDER/air_price_pred_dag.py', '--cfg-path', '/tmp/tmpvk70llhc']
[2024-09-14T22:07:20.086+0000] {standard_task_runner.py:105} INFO - Job 695: Subtask data_analysis
[2024-09-14T22:07:20.089+0000] {logging_mixin.py:190} WARNING - /home/***/.local/lib/python3.12/site-packages/***/task/task_runner/standard_task_runner.py:70 DeprecationWarning: This process (pid=2037) is multi-threaded, use of fork() may lead to deadlocks in the child.
[2024-09-14T22:07:20.090+0000] {standard_task_runner.py:72} INFO - Started process 2054 to run task
[2024-09-14T22:07:20.203+0000] {task_command.py:467} INFO - Running <TaskInstance: airbnb_model.data_analysis manual__2024-09-14T17:50:30.952450+00:00 [running]> on host fb744bf0dc86
[2024-09-14T22:07:20.427+0000] {taskinstance.py:3131} INFO - Exporting env vars: AIRFLOW_CTX_DAG_OWNER='Denis' AIRFLOW_CTX_DAG_ID='airbnb_model' AIRFLOW_CTX_TASK_ID='data_analysis' AIRFLOW_CTX_EXECUTION_DATE='2024-09-14T17:50:30.952450+00:00' AIRFLOW_CTX_TRY_NUMBER='16' AIRFLOW_CTX_DAG_RUN_ID='manual__2024-09-14T17:50:30.952450+00:00'
[2024-09-14T22:07:20.430+0000] {taskinstance.py:731} INFO - ::endgroup::
[2024-09-14T22:07:20.560+0000] {base.py:84} INFO - Retrieving connection 'spark_default'
[2024-09-14T22:07:20.566+0000] {spark_submit.py:403} INFO - Spark-Submit cmd: spark-submit --master spark://spark-master:7077 --conf spark.master=spark://spark-master:7077 --name arrow-spark --verbose --deploy-mode client /opt/***/dags/air_data_analysis.py
[2024-09-14T22:07:26.745+0000] {spark_submit.py:579} INFO - Using properties file: null
[2024-09-14T22:07:27.055+0000] {spark_submit.py:579} INFO - Parsed arguments:
[2024-09-14T22:07:27.056+0000] {spark_submit.py:579} INFO - master                  spark://spark-master:7077
[2024-09-14T22:07:27.057+0000] {spark_submit.py:579} INFO - remote                  null
[2024-09-14T22:07:27.059+0000] {spark_submit.py:579} INFO - deployMode              client
[2024-09-14T22:07:27.060+0000] {spark_submit.py:579} INFO - executorMemory          null
[2024-09-14T22:07:27.061+0000] {spark_submit.py:579} INFO - executorCores           null
[2024-09-14T22:07:27.061+0000] {spark_submit.py:579} INFO - totalExecutorCores      null
[2024-09-14T22:07:27.062+0000] {spark_submit.py:579} INFO - propertiesFile          null
[2024-09-14T22:07:27.063+0000] {spark_submit.py:579} INFO - driverMemory            null
[2024-09-14T22:07:27.064+0000] {spark_submit.py:579} INFO - driverCores             null
[2024-09-14T22:07:27.065+0000] {spark_submit.py:579} INFO - driverExtraClassPath    null
[2024-09-14T22:07:27.066+0000] {spark_submit.py:579} INFO - driverExtraLibraryPath  null
[2024-09-14T22:07:27.067+0000] {spark_submit.py:579} INFO - driverExtraJavaOptions  null
[2024-09-14T22:07:27.068+0000] {spark_submit.py:579} INFO - supervise               false
[2024-09-14T22:07:27.069+0000] {spark_submit.py:579} INFO - queue                   null
[2024-09-14T22:07:27.070+0000] {spark_submit.py:579} INFO - numExecutors            null
[2024-09-14T22:07:27.071+0000] {spark_submit.py:579} INFO - files                   null
[2024-09-14T22:07:27.072+0000] {spark_submit.py:579} INFO - pyFiles                 null
[2024-09-14T22:07:27.073+0000] {spark_submit.py:579} INFO - archives                null
[2024-09-14T22:07:27.075+0000] {spark_submit.py:579} INFO - mainClass               null
[2024-09-14T22:07:27.076+0000] {spark_submit.py:579} INFO - primaryResource         file:/opt/***/dags/air_data_analysis.py
[2024-09-14T22:07:27.077+0000] {spark_submit.py:579} INFO - name                    arrow-spark
[2024-09-14T22:07:27.078+0000] {spark_submit.py:579} INFO - childArgs               []
[2024-09-14T22:07:27.079+0000] {spark_submit.py:579} INFO - jars                    null
[2024-09-14T22:07:27.080+0000] {spark_submit.py:579} INFO - packages                null
[2024-09-14T22:07:27.081+0000] {spark_submit.py:579} INFO - packagesExclusions      null
[2024-09-14T22:07:27.082+0000] {spark_submit.py:579} INFO - repositories            null
[2024-09-14T22:07:27.083+0000] {spark_submit.py:579} INFO - verbose                 true
[2024-09-14T22:07:27.084+0000] {spark_submit.py:579} INFO - 
[2024-09-14T22:07:27.085+0000] {spark_submit.py:579} INFO - Spark properties used, including those specified through
[2024-09-14T22:07:27.086+0000] {spark_submit.py:579} INFO - --conf and those from the properties file null:
[2024-09-14T22:07:27.087+0000] {spark_submit.py:579} INFO - (spark.master,spark://spark-master:7077)
[2024-09-14T22:07:27.088+0000] {spark_submit.py:579} INFO - 
[2024-09-14T22:07:27.089+0000] {spark_submit.py:579} INFO - 
[2024-09-14T22:07:27.846+0000] {spark_submit.py:579} INFO - Main class:
[2024-09-14T22:07:27.847+0000] {spark_submit.py:579} INFO - org.apache.spark.deploy.PythonRunner
[2024-09-14T22:07:27.848+0000] {spark_submit.py:579} INFO - Arguments:
[2024-09-14T22:07:27.850+0000] {spark_submit.py:579} INFO - file:/opt/***/dags/air_data_analysis.py
[2024-09-14T22:07:27.851+0000] {spark_submit.py:579} INFO - null
[2024-09-14T22:07:27.854+0000] {spark_submit.py:579} INFO - Spark config:
[2024-09-14T22:07:27.855+0000] {spark_submit.py:579} INFO - (spark.app.name,arrow-spark)
[2024-09-14T22:07:27.857+0000] {spark_submit.py:579} INFO - (spark.app.submitTime,1726351647810)
[2024-09-14T22:07:27.858+0000] {spark_submit.py:579} INFO - (spark.master,spark://spark-master:7077)
[2024-09-14T22:07:27.860+0000] {spark_submit.py:579} INFO - (spark.submit.deployMode,client)
[2024-09-14T22:07:27.863+0000] {spark_submit.py:579} INFO - (spark.submit.pyFiles,)
[2024-09-14T22:07:27.864+0000] {spark_submit.py:579} INFO - Classpath elements:
[2024-09-14T22:07:27.866+0000] {spark_submit.py:579} INFO - 
[2024-09-14T22:07:27.866+0000] {spark_submit.py:579} INFO - 
[2024-09-14T22:07:27.867+0000] {spark_submit.py:579} INFO - 
[2024-09-14T22:07:31.367+0000] {spark_submit.py:579} INFO - 24/09/14 22:07:31 INFO SparkContext: Running Spark version 3.5.2
[2024-09-14T22:07:31.373+0000] {spark_submit.py:579} INFO - 24/09/14 22:07:31 INFO SparkContext: OS info Linux, 5.15.153.1-microsoft-standard-WSL2, amd64
[2024-09-14T22:07:31.374+0000] {spark_submit.py:579} INFO - 24/09/14 22:07:31 INFO SparkContext: Java version 17.0.12
[2024-09-14T22:07:31.562+0000] {spark_submit.py:579} INFO - 24/09/14 22:07:31 WARN NativeCodeLoader: Unable to load native-hadoop library for your platform... using builtin-java classes where applicable
[2024-09-14T22:07:31.829+0000] {spark_submit.py:579} INFO - 24/09/14 22:07:31 INFO ResourceUtils: ==============================================================
[2024-09-14T22:07:31.830+0000] {spark_submit.py:579} INFO - 24/09/14 22:07:31 INFO ResourceUtils: No custom resources configured for spark.driver.
[2024-09-14T22:07:31.832+0000] {spark_submit.py:579} INFO - 24/09/14 22:07:31 INFO ResourceUtils: ==============================================================
[2024-09-14T22:07:31.833+0000] {spark_submit.py:579} INFO - 24/09/14 22:07:31 INFO SparkContext: Submitted application: Airbnb_regr_model
[2024-09-14T22:07:31.902+0000] {spark_submit.py:579} INFO - 24/09/14 22:07:31 INFO ResourceProfile: Default ResourceProfile created, executor resources: Map(cores -> name: cores, amount: 1, script: , vendor: , memory -> name: memory, amount: 1024, script: , vendor: , offHeap -> name: offHeap, amount: 0, script: , vendor: ), task resources: Map(cpus -> name: cpus, amount: 1.0)
[2024-09-14T22:07:31.923+0000] {spark_submit.py:579} INFO - 24/09/14 22:07:31 INFO ResourceProfile: Limiting resource is cpu
[2024-09-14T22:07:31.924+0000] {spark_submit.py:579} INFO - 24/09/14 22:07:31 INFO ResourceProfileManager: Added ResourceProfile id: 0
[2024-09-14T22:07:32.174+0000] {spark_submit.py:579} INFO - 24/09/14 22:07:32 INFO SecurityManager: Changing view acls to: ***
[2024-09-14T22:07:32.176+0000] {spark_submit.py:579} INFO - 24/09/14 22:07:32 INFO SecurityManager: Changing modify acls to: ***
[2024-09-14T22:07:32.177+0000] {spark_submit.py:579} INFO - 24/09/14 22:07:32 INFO SecurityManager: Changing view acls groups to:
[2024-09-14T22:07:32.178+0000] {spark_submit.py:579} INFO - 24/09/14 22:07:32 INFO SecurityManager: Changing modify acls groups to:
[2024-09-14T22:07:32.179+0000] {spark_submit.py:579} INFO - 24/09/14 22:07:32 INFO SecurityManager: SecurityManager: authentication disabled; ui acls disabled; users with view permissions: ***; groups with view permissions: EMPTY; users with modify permissions: ***; groups with modify permissions: EMPTY
[2024-09-14T22:07:32.851+0000] {spark_submit.py:579} INFO - 24/09/14 22:07:32 INFO Utils: Successfully started service 'sparkDriver' on port 45615.
[2024-09-14T22:07:33.016+0000] {spark_submit.py:579} INFO - 24/09/14 22:07:33 INFO SparkEnv: Registering MapOutputTracker
[2024-09-14T22:07:33.158+0000] {spark_submit.py:579} INFO - 24/09/14 22:07:33 INFO SparkEnv: Registering BlockManagerMaster
[2024-09-14T22:07:33.213+0000] {spark_submit.py:579} INFO - 24/09/14 22:07:33 INFO BlockManagerMasterEndpoint: Using org.apache.spark.storage.DefaultTopologyMapper for getting topology information
[2024-09-14T22:07:33.215+0000] {spark_submit.py:579} INFO - 24/09/14 22:07:33 INFO BlockManagerMasterEndpoint: BlockManagerMasterEndpoint up
[2024-09-14T22:07:33.226+0000] {spark_submit.py:579} INFO - 24/09/14 22:07:33 INFO SparkEnv: Registering BlockManagerMasterHeartbeat
[2024-09-14T22:07:33.687+0000] {spark_submit.py:579} INFO - 24/09/14 22:07:33 INFO DiskBlockManager: Created local directory at /tmp/blockmgr-9945e774-db03-4e47-ab59-cfab524d872f
[2024-09-14T22:07:33.771+0000] {spark_submit.py:579} INFO - 24/09/14 22:07:33 INFO MemoryStore: MemoryStore started with capacity 434.4 MiB
[2024-09-14T22:07:33.829+0000] {spark_submit.py:579} INFO - 24/09/14 22:07:33 INFO SparkEnv: Registering OutputCommitCoordinator
[2024-09-14T22:07:34.426+0000] {spark_submit.py:579} INFO - 24/09/14 22:07:34 INFO JettyUtils: Start Jetty 0.0.0.0:4040 for SparkUI
[2024-09-14T22:07:34.691+0000] {spark_submit.py:579} INFO - 24/09/14 22:07:34 INFO Utils: Successfully started service 'SparkUI' on port 4040.
[2024-09-14T22:07:35.012+0000] {spark_submit.py:579} INFO - 24/09/14 22:07:35 INFO Executor: Starting executor ID driver on host fb744bf0dc86
[2024-09-14T22:07:35.014+0000] {spark_submit.py:579} INFO - 24/09/14 22:07:35 INFO Executor: OS info Linux, 5.15.153.1-microsoft-standard-WSL2, amd64
[2024-09-14T22:07:35.015+0000] {spark_submit.py:579} INFO - 24/09/14 22:07:35 INFO Executor: Java version 17.0.12
[2024-09-14T22:07:35.042+0000] {spark_submit.py:579} INFO - 24/09/14 22:07:35 INFO Executor: Starting executor with user classpath (userClassPathFirst = false): ''
[2024-09-14T22:07:35.044+0000] {spark_submit.py:579} INFO - 24/09/14 22:07:35 INFO Executor: Created or updated repl class loader org.apache.spark.util.MutableURLClassLoader@7432b5cc for default.
[2024-09-14T22:07:35.118+0000] {spark_submit.py:579} INFO - 24/09/14 22:07:35 INFO Utils: Successfully started service 'org.apache.spark.network.netty.NettyBlockTransferService' on port 36269.
[2024-09-14T22:07:35.119+0000] {spark_submit.py:579} INFO - 24/09/14 22:07:35 INFO NettyBlockTransferService: Server created on fb744bf0dc86:36269
[2024-09-14T22:07:35.126+0000] {spark_submit.py:579} INFO - 24/09/14 22:07:35 INFO BlockManager: Using org.apache.spark.storage.RandomBlockReplicationPolicy for block replication policy
[2024-09-14T22:07:35.139+0000] {spark_submit.py:579} INFO - 24/09/14 22:07:35 INFO BlockManagerMaster: Registering BlockManager BlockManagerId(driver, fb744bf0dc86, 36269, None)
[2024-09-14T22:07:35.147+0000] {spark_submit.py:579} INFO - 24/09/14 22:07:35 INFO BlockManagerMasterEndpoint: Registering block manager fb744bf0dc86:36269 with 434.4 MiB RAM, BlockManagerId(driver, fb744bf0dc86, 36269, None)
[2024-09-14T22:07:35.153+0000] {spark_submit.py:579} INFO - 24/09/14 22:07:35 INFO BlockManagerMaster: Registered BlockManager BlockManagerId(driver, fb744bf0dc86, 36269, None)
[2024-09-14T22:07:35.156+0000] {spark_submit.py:579} INFO - 24/09/14 22:07:35 INFO BlockManager: Initialized BlockManager: BlockManagerId(driver, fb744bf0dc86, 36269, None)
[2024-09-14T22:07:37.232+0000] {spark_submit.py:579} INFO - 24/09/14 22:07:37 INFO SharedState: Setting hive.metastore.warehouse.dir ('null') to the value of spark.sql.warehouse.dir.
[2024-09-14T22:07:37.271+0000] {spark_submit.py:579} INFO - 24/09/14 22:07:37 INFO SharedState: Warehouse path is 'file:/user/hive/warehouse'.
[2024-09-14T22:07:41.244+0000] {spark_submit.py:579} INFO - 24/09/14 22:07:41 INFO InMemoryFileIndex: It took 131 ms to list leaf files for 1 paths.
[2024-09-14T22:07:41.476+0000] {spark_submit.py:579} INFO - 24/09/14 22:07:41 INFO InMemoryFileIndex: It took 9 ms to list leaf files for 1 paths.
[2024-09-14T22:07:46.431+0000] {spark_submit.py:579} INFO - 24/09/14 22:07:46 INFO FileSourceStrategy: Pushed Filters:
[2024-09-14T22:07:46.434+0000] {spark_submit.py:579} INFO - 24/09/14 22:07:46 INFO FileSourceStrategy: Post-Scan Filters:
[2024-09-14T22:07:47.088+0000] {spark_submit.py:579} INFO - 24/09/14 22:07:47 INFO MemoryStore: Block broadcast_0 stored as values in memory (estimated size 200.2 KiB, free 434.2 MiB)
[2024-09-14T22:07:47.264+0000] {spark_submit.py:579} INFO - 24/09/14 22:07:47 INFO MemoryStore: Block broadcast_0_piece0 stored as bytes in memory (estimated size 34.5 KiB, free 434.2 MiB)
[2024-09-14T22:07:47.272+0000] {spark_submit.py:579} INFO - 24/09/14 22:07:47 INFO BlockManagerInfo: Added broadcast_0_piece0 in memory on fb744bf0dc86:36269 (size: 34.5 KiB, free: 434.4 MiB)
[2024-09-14T22:07:47.282+0000] {spark_submit.py:579} INFO - 24/09/14 22:07:47 INFO SparkContext: Created broadcast 0 from csv at NativeMethodAccessorImpl.java:0
[2024-09-14T22:07:47.309+0000] {spark_submit.py:579} INFO - 24/09/14 22:07:47 INFO FileSourceScanExec: Planning scan with bin packing, max size: 4194304 bytes, open cost is considered as scanning 4194304 bytes.
[2024-09-14T22:07:48.928+0000] {spark_submit.py:579} INFO - 24/09/14 22:07:48 INFO CodeGenerator: Code generated in 532.313919 ms
[2024-09-14T22:07:49.023+0000] {spark_submit.py:579} INFO - 24/09/14 22:07:49 INFO SparkContext: Starting job: csv at NativeMethodAccessorImpl.java:0
[2024-09-14T22:07:49.058+0000] {spark_submit.py:579} INFO - 24/09/14 22:07:49 INFO DAGScheduler: Got job 0 (csv at NativeMethodAccessorImpl.java:0) with 1 output partitions
[2024-09-14T22:07:49.060+0000] {spark_submit.py:579} INFO - 24/09/14 22:07:49 INFO DAGScheduler: Final stage: ResultStage 0 (csv at NativeMethodAccessorImpl.java:0)
[2024-09-14T22:07:49.061+0000] {spark_submit.py:579} INFO - 24/09/14 22:07:49 INFO DAGScheduler: Parents of final stage: List()
[2024-09-14T22:07:49.062+0000] {spark_submit.py:579} INFO - 24/09/14 22:07:49 INFO DAGScheduler: Missing parents: List()
[2024-09-14T22:07:49.068+0000] {spark_submit.py:579} INFO - 24/09/14 22:07:49 INFO DAGScheduler: Submitting ResultStage 0 (MapPartitionsRDD[6] at csv at NativeMethodAccessorImpl.java:0), which has no missing parents
[2024-09-14T22:07:49.359+0000] {spark_submit.py:579} INFO - 24/09/14 22:07:49 INFO MemoryStore: Block broadcast_1 stored as values in memory (estimated size 19.1 KiB, free 434.2 MiB)
[2024-09-14T22:07:49.364+0000] {spark_submit.py:579} INFO - 24/09/14 22:07:49 INFO MemoryStore: Block broadcast_1_piece0 stored as bytes in memory (estimated size 8.3 KiB, free 434.1 MiB)
[2024-09-14T22:07:49.366+0000] {spark_submit.py:579} INFO - 24/09/14 22:07:49 INFO BlockManagerInfo: Added broadcast_1_piece0 in memory on fb744bf0dc86:36269 (size: 8.3 KiB, free: 434.4 MiB)
[2024-09-14T22:07:49.368+0000] {spark_submit.py:579} INFO - 24/09/14 22:07:49 INFO SparkContext: Created broadcast 1 from broadcast at DAGScheduler.scala:1585
[2024-09-14T22:07:49.410+0000] {spark_submit.py:579} INFO - 24/09/14 22:07:49 INFO DAGScheduler: Submitting 1 missing tasks from ResultStage 0 (MapPartitionsRDD[6] at csv at NativeMethodAccessorImpl.java:0) (first 15 tasks are for partitions Vector(0))
[2024-09-14T22:07:49.414+0000] {spark_submit.py:579} INFO - 24/09/14 22:07:49 INFO TaskSchedulerImpl: Adding task set 0.0 with 1 tasks resource profile 0
[2024-09-14T22:07:49.522+0000] {spark_submit.py:579} INFO - 24/09/14 22:07:49 INFO TaskSetManager: Starting task 0.0 in stage 0.0 (TID 0) (fb744bf0dc86, executor driver, partition 0, PROCESS_LOCAL, 9601 bytes)
[2024-09-14T22:07:49.567+0000] {spark_submit.py:579} INFO - 24/09/14 22:07:49 INFO Executor: Running task 0.0 in stage 0.0 (TID 0)
[2024-09-14T22:07:49.812+0000] {spark_submit.py:579} INFO - 24/09/14 22:07:49 INFO CodeGenerator: Code generated in 36.727745 ms
[2024-09-14T22:07:49.820+0000] {spark_submit.py:579} INFO - 24/09/14 22:07:49 INFO FileScanRDD: Reading File path: file:///opt/***/datasets/Airbnb.csv, range: 0-4194304, partition values: [empty row]
[2024-09-14T22:07:49.859+0000] {spark_submit.py:579} INFO - 24/09/14 22:07:49 INFO CodeGenerator: Code generated in 24.108128 ms
[2024-09-14T22:07:50.001+0000] {spark_submit.py:579} INFO - 24/09/14 22:07:49 INFO Executor: Finished task 0.0 in stage 0.0 (TID 0). 1851 bytes result sent to driver
[2024-09-14T22:07:50.022+0000] {spark_submit.py:579} INFO - 24/09/14 22:07:50 INFO TaskSetManager: Finished task 0.0 in stage 0.0 (TID 0) in 520 ms on fb744bf0dc86 (executor driver) (1/1)
[2024-09-14T22:07:50.026+0000] {spark_submit.py:579} INFO - 24/09/14 22:07:50 INFO TaskSchedulerImpl: Removed TaskSet 0.0, whose tasks have all completed, from pool
[2024-09-14T22:07:50.038+0000] {spark_submit.py:579} INFO - 24/09/14 22:07:50 INFO DAGScheduler: ResultStage 0 (csv at NativeMethodAccessorImpl.java:0) finished in 0.936 s
[2024-09-14T22:07:50.045+0000] {spark_submit.py:579} INFO - 24/09/14 22:07:50 INFO DAGScheduler: Job 0 is finished. Cancelling potential speculative or zombie tasks for this job
[2024-09-14T22:07:50.046+0000] {spark_submit.py:579} INFO - 24/09/14 22:07:50 INFO TaskSchedulerImpl: Killing all running tasks in stage 0: Stage finished
[2024-09-14T22:07:50.050+0000] {spark_submit.py:579} INFO - 24/09/14 22:07:50 INFO DAGScheduler: Job 0 finished: csv at NativeMethodAccessorImpl.java:0, took 1.026575 s
[2024-09-14T22:07:50.094+0000] {spark_submit.py:579} INFO - 24/09/14 22:07:50 INFO CodeGenerator: Code generated in 18.121455 ms
[2024-09-14T22:07:50.309+0000] {spark_submit.py:579} INFO - 24/09/14 22:07:50 INFO SparkContext: Starting job: csv at NativeMethodAccessorImpl.java:0
[2024-09-14T22:07:50.313+0000] {spark_submit.py:579} INFO - 24/09/14 22:07:50 INFO DAGScheduler: Got job 1 (csv at NativeMethodAccessorImpl.java:0) with 2 output partitions
[2024-09-14T22:07:50.314+0000] {spark_submit.py:579} INFO - 24/09/14 22:07:50 INFO DAGScheduler: Final stage: ResultStage 1 (csv at NativeMethodAccessorImpl.java:0)
[2024-09-14T22:07:50.316+0000] {spark_submit.py:579} INFO - 24/09/14 22:07:50 INFO DAGScheduler: Parents of final stage: List()
[2024-09-14T22:07:50.317+0000] {spark_submit.py:579} INFO - 24/09/14 22:07:50 INFO DAGScheduler: Missing parents: List()
[2024-09-14T22:07:50.320+0000] {spark_submit.py:579} INFO - 24/09/14 22:07:50 INFO DAGScheduler: Submitting ResultStage 1 (MapPartitionsRDD[10] at csv at NativeMethodAccessorImpl.java:0), which has no missing parents
[2024-09-14T22:07:50.338+0000] {spark_submit.py:579} INFO - 24/09/14 22:07:50 INFO MemoryStore: Block broadcast_2 stored as values in memory (estimated size 19.7 KiB, free 434.1 MiB)
[2024-09-14T22:07:50.344+0000] {spark_submit.py:579} INFO - 24/09/14 22:07:50 INFO MemoryStore: Block broadcast_2_piece0 stored as bytes in memory (estimated size 9.1 KiB, free 434.1 MiB)
[2024-09-14T22:07:50.348+0000] {spark_submit.py:579} INFO - 24/09/14 22:07:50 INFO BlockManagerInfo: Added broadcast_2_piece0 in memory on fb744bf0dc86:36269 (size: 9.1 KiB, free: 434.3 MiB)
[2024-09-14T22:07:50.350+0000] {spark_submit.py:579} INFO - 24/09/14 22:07:50 INFO SparkContext: Created broadcast 2 from broadcast at DAGScheduler.scala:1585
[2024-09-14T22:07:50.356+0000] {spark_submit.py:579} INFO - 24/09/14 22:07:50 INFO DAGScheduler: Submitting 2 missing tasks from ResultStage 1 (MapPartitionsRDD[10] at csv at NativeMethodAccessorImpl.java:0) (first 15 tasks are for partitions Vector(0, 1))
[2024-09-14T22:07:50.357+0000] {spark_submit.py:579} INFO - 24/09/14 22:07:50 INFO TaskSchedulerImpl: Adding task set 1.0 with 2 tasks resource profile 0
[2024-09-14T22:07:50.362+0000] {spark_submit.py:579} INFO - 24/09/14 22:07:50 INFO TaskSetManager: Starting task 0.0 in stage 1.0 (TID 1) (fb744bf0dc86, executor driver, partition 0, PROCESS_LOCAL, 9601 bytes)
[2024-09-14T22:07:50.364+0000] {spark_submit.py:579} INFO - 24/09/14 22:07:50 INFO TaskSetManager: Starting task 1.0 in stage 1.0 (TID 2) (fb744bf0dc86, executor driver, partition 1, PROCESS_LOCAL, 9601 bytes)
[2024-09-14T22:07:50.374+0000] {spark_submit.py:579} INFO - 24/09/14 22:07:50 INFO Executor: Running task 0.0 in stage 1.0 (TID 1)
[2024-09-14T22:07:50.376+0000] {spark_submit.py:579} INFO - 24/09/14 22:07:50 INFO Executor: Running task 1.0 in stage 1.0 (TID 2)
[2024-09-14T22:07:50.443+0000] {spark_submit.py:579} INFO - 24/09/14 22:07:50 INFO FileScanRDD: Reading File path: file:///opt/***/datasets/Airbnb.csv, range: 4194304-7081245, partition values: [empty row]
[2024-09-14T22:07:50.444+0000] {spark_submit.py:579} INFO - 24/09/14 22:07:50 INFO FileScanRDD: Reading File path: file:///opt/***/datasets/Airbnb.csv, range: 0-4194304, partition values: [empty row]
[2024-09-14T22:07:50.538+0000] {spark_submit.py:579} INFO - 24/09/14 22:07:50 INFO BlockManagerInfo: Removed broadcast_1_piece0 on fb744bf0dc86:36269 in memory (size: 8.3 KiB, free: 434.4 MiB)
[2024-09-14T22:07:51.468+0000] {spark_submit.py:579} INFO - 24/09/14 22:07:51 INFO Executor: Finished task 1.0 in stage 1.0 (TID 2). 1546 bytes result sent to driver
[2024-09-14T22:07:51.472+0000] {spark_submit.py:579} INFO - 24/09/14 22:07:51 INFO TaskSetManager: Finished task 1.0 in stage 1.0 (TID 2) in 1110 ms on fb744bf0dc86 (executor driver) (1/2)
[2024-09-14T22:07:51.625+0000] {spark_submit.py:579} INFO - 24/09/14 22:07:51 INFO Executor: Finished task 0.0 in stage 1.0 (TID 1). 1546 bytes result sent to driver
[2024-09-14T22:07:51.630+0000] {spark_submit.py:579} INFO - 24/09/14 22:07:51 INFO TaskSetManager: Finished task 0.0 in stage 1.0 (TID 1) in 1269 ms on fb744bf0dc86 (executor driver) (2/2)
[2024-09-14T22:07:51.631+0000] {spark_submit.py:579} INFO - 24/09/14 22:07:51 INFO TaskSchedulerImpl: Removed TaskSet 1.0, whose tasks have all completed, from pool
[2024-09-14T22:07:51.633+0000] {spark_submit.py:579} INFO - 24/09/14 22:07:51 INFO DAGScheduler: ResultStage 1 (csv at NativeMethodAccessorImpl.java:0) finished in 1.307 s
[2024-09-14T22:07:51.636+0000] {spark_submit.py:579} INFO - 24/09/14 22:07:51 INFO DAGScheduler: Job 1 is finished. Cancelling potential speculative or zombie tasks for this job
[2024-09-14T22:07:51.637+0000] {spark_submit.py:579} INFO - 24/09/14 22:07:51 INFO TaskSchedulerImpl: Killing all running tasks in stage 1: Stage finished
[2024-09-14T22:07:51.638+0000] {spark_submit.py:579} INFO - 24/09/14 22:07:51 INFO DAGScheduler: Job 1 finished: csv at NativeMethodAccessorImpl.java:0, took 1.325969 s
[2024-09-14T22:07:52.018+0000] {spark_submit.py:579} INFO - 24/09/14 22:07:52 INFO FileSourceStrategy: Pushed Filters:
[2024-09-14T22:07:52.019+0000] {spark_submit.py:579} INFO - 24/09/14 22:07:52 INFO FileSourceStrategy: Post-Scan Filters:
[2024-09-14T22:07:52.166+0000] {spark_submit.py:579} INFO - 24/09/14 22:07:52 INFO CodeGenerator: Code generated in 70.971223 ms
[2024-09-14T22:07:52.175+0000] {spark_submit.py:579} INFO - 24/09/14 22:07:52 INFO MemoryStore: Block broadcast_3 stored as values in memory (estimated size 200.1 KiB, free 433.9 MiB)
[2024-09-14T22:07:52.198+0000] {spark_submit.py:579} INFO - 24/09/14 22:07:52 INFO MemoryStore: Block broadcast_3_piece0 stored as bytes in memory (estimated size 34.5 KiB, free 433.9 MiB)
[2024-09-14T22:07:52.200+0000] {spark_submit.py:579} INFO - 24/09/14 22:07:52 INFO BlockManagerInfo: Added broadcast_3_piece0 in memory on fb744bf0dc86:36269 (size: 34.5 KiB, free: 434.3 MiB)
[2024-09-14T22:07:52.203+0000] {spark_submit.py:579} INFO - 24/09/14 22:07:52 INFO SparkContext: Created broadcast 3 from showString at NativeMethodAccessorImpl.java:0
[2024-09-14T22:07:52.213+0000] {spark_submit.py:579} INFO - 24/09/14 22:07:52 INFO FileSourceScanExec: Planning scan with bin packing, max size: 4194304 bytes, open cost is considered as scanning 4194304 bytes.
[2024-09-14T22:07:52.249+0000] {spark_submit.py:579} INFO - 24/09/14 22:07:52 INFO SparkContext: Starting job: showString at NativeMethodAccessorImpl.java:0
[2024-09-14T22:07:52.252+0000] {spark_submit.py:579} INFO - 24/09/14 22:07:52 INFO DAGScheduler: Got job 2 (showString at NativeMethodAccessorImpl.java:0) with 1 output partitions
[2024-09-14T22:07:52.254+0000] {spark_submit.py:579} INFO - 24/09/14 22:07:52 INFO DAGScheduler: Final stage: ResultStage 2 (showString at NativeMethodAccessorImpl.java:0)
[2024-09-14T22:07:52.256+0000] {spark_submit.py:579} INFO - 24/09/14 22:07:52 INFO DAGScheduler: Parents of final stage: List()
[2024-09-14T22:07:52.258+0000] {spark_submit.py:579} INFO - 24/09/14 22:07:52 INFO DAGScheduler: Missing parents: List()
[2024-09-14T22:07:52.260+0000] {spark_submit.py:579} INFO - 24/09/14 22:07:52 INFO DAGScheduler: Submitting ResultStage 2 (MapPartitionsRDD[14] at showString at NativeMethodAccessorImpl.java:0), which has no missing parents
[2024-09-14T22:07:52.266+0000] {spark_submit.py:579} INFO - 24/09/14 22:07:52 INFO MemoryStore: Block broadcast_4 stored as values in memory (estimated size 20.4 KiB, free 433.9 MiB)
[2024-09-14T22:07:52.271+0000] {spark_submit.py:579} INFO - 24/09/14 22:07:52 INFO MemoryStore: Block broadcast_4_piece0 stored as bytes in memory (estimated size 9.2 KiB, free 433.9 MiB)
[2024-09-14T22:07:52.274+0000] {spark_submit.py:579} INFO - 24/09/14 22:07:52 INFO BlockManagerInfo: Added broadcast_4_piece0 in memory on fb744bf0dc86:36269 (size: 9.2 KiB, free: 434.3 MiB)
[2024-09-14T22:07:52.276+0000] {spark_submit.py:579} INFO - 24/09/14 22:07:52 INFO SparkContext: Created broadcast 4 from broadcast at DAGScheduler.scala:1585
[2024-09-14T22:07:52.278+0000] {spark_submit.py:579} INFO - 24/09/14 22:07:52 INFO DAGScheduler: Submitting 1 missing tasks from ResultStage 2 (MapPartitionsRDD[14] at showString at NativeMethodAccessorImpl.java:0) (first 15 tasks are for partitions Vector(0))
[2024-09-14T22:07:52.279+0000] {spark_submit.py:579} INFO - 24/09/14 22:07:52 INFO TaskSchedulerImpl: Adding task set 2.0 with 1 tasks resource profile 0
[2024-09-14T22:07:52.282+0000] {spark_submit.py:579} INFO - 24/09/14 22:07:52 INFO TaskSetManager: Starting task 0.0 in stage 2.0 (TID 3) (fb744bf0dc86, executor driver, partition 0, PROCESS_LOCAL, 9601 bytes)
[2024-09-14T22:07:52.284+0000] {spark_submit.py:579} INFO - 24/09/14 22:07:52 INFO Executor: Running task 0.0 in stage 2.0 (TID 3)
[2024-09-14T22:07:52.349+0000] {spark_submit.py:579} INFO - 24/09/14 22:07:52 INFO CodeGenerator: Code generated in 45.566753 ms
[2024-09-14T22:07:52.352+0000] {spark_submit.py:579} INFO - 24/09/14 22:07:52 INFO FileScanRDD: Reading File path: file:///opt/***/datasets/Airbnb.csv, range: 0-4194304, partition values: [empty row]
[2024-09-14T22:07:52.367+0000] {spark_submit.py:579} INFO - 24/09/14 22:07:52 INFO CodeGenerator: Code generated in 10.753786 ms
[2024-09-14T22:07:52.423+0000] {spark_submit.py:579} INFO - 24/09/14 22:07:52 INFO Executor: Finished task 0.0 in stage 2.0 (TID 3). 1731 bytes result sent to driver
[2024-09-14T22:07:52.427+0000] {spark_submit.py:579} INFO - 24/09/14 22:07:52 INFO TaskSetManager: Finished task 0.0 in stage 2.0 (TID 3) in 146 ms on fb744bf0dc86 (executor driver) (1/1)
[2024-09-14T22:07:52.428+0000] {spark_submit.py:579} INFO - 24/09/14 22:07:52 INFO TaskSchedulerImpl: Removed TaskSet 2.0, whose tasks have all completed, from pool
[2024-09-14T22:07:52.430+0000] {spark_submit.py:579} INFO - 24/09/14 22:07:52 INFO DAGScheduler: ResultStage 2 (showString at NativeMethodAccessorImpl.java:0) finished in 0.171 s
[2024-09-14T22:07:52.431+0000] {spark_submit.py:579} INFO - 24/09/14 22:07:52 INFO DAGScheduler: Job 2 is finished. Cancelling potential speculative or zombie tasks for this job
[2024-09-14T22:07:52.432+0000] {spark_submit.py:579} INFO - 24/09/14 22:07:52 INFO TaskSchedulerImpl: Killing all running tasks in stage 2: Stage finished
[2024-09-14T22:07:52.433+0000] {spark_submit.py:579} INFO - 24/09/14 22:07:52 INFO DAGScheduler: Job 2 finished: showString at NativeMethodAccessorImpl.java:0, took 0.181916 s
[2024-09-14T22:07:52.455+0000] {spark_submit.py:579} INFO - 24/09/14 22:07:52 INFO CodeGenerator: Code generated in 13.75666 ms
[2024-09-14T22:07:52.465+0000] {spark_submit.py:579} INFO - +--------+---------+
[2024-09-14T22:07:52.466+0000] {spark_submit.py:579} INFO - |latitude|longitude|
[2024-09-14T22:07:52.468+0000] {spark_submit.py:579} INFO - +--------+---------+
[2024-09-14T22:07:52.469+0000] {spark_submit.py:579} INFO - |40.64749|-73.97237|
[2024-09-14T22:07:52.470+0000] {spark_submit.py:579} INFO - |40.75362|-73.98377|
[2024-09-14T22:07:52.471+0000] {spark_submit.py:579} INFO - |40.80902| -73.9419|
[2024-09-14T22:07:52.472+0000] {spark_submit.py:579} INFO - |40.68514|-73.95976|
[2024-09-14T22:07:52.473+0000] {spark_submit.py:579} INFO - |40.79851|-73.94399|
[2024-09-14T22:07:52.474+0000] {spark_submit.py:579} INFO - |40.74767|  -73.975|
[2024-09-14T22:07:52.475+0000] {spark_submit.py:579} INFO - |40.68688|-73.95596|
[2024-09-14T22:07:52.476+0000] {spark_submit.py:579} INFO - |40.76489|-73.98493|
[2024-09-14T22:07:52.478+0000] {spark_submit.py:579} INFO - |40.80178|-73.96723|
[2024-09-14T22:07:52.479+0000] {spark_submit.py:579} INFO - |40.71344|-73.99037|
[2024-09-14T22:07:52.480+0000] {spark_submit.py:579} INFO - +--------+---------+
[2024-09-14T22:07:52.481+0000] {spark_submit.py:579} INFO - only showing top 10 rows
[2024-09-14T22:07:52.483+0000] {spark_submit.py:579} INFO - 
[2024-09-14T22:07:52.571+0000] {spark_submit.py:579} INFO - Traceback (most recent call last):
[2024-09-14T22:07:52.572+0000] {spark_submit.py:579} INFO - File "/opt/***/dags/air_data_analysis.py", line 31, in <module>
[2024-09-14T22:07:52.575+0000] {spark_submit.py:579} INFO - col('availability_365' > 15)
[2024-09-14T22:07:52.577+0000] {spark_submit.py:579} INFO - ^^^^^^^^^^^^^^^^^^^^^^^
[2024-09-14T22:07:52.578+0000] {spark_submit.py:579} INFO - TypeError: '>' not supported between instances of 'str' and 'int'
[2024-09-14T22:07:52.697+0000] {spark_submit.py:579} INFO - 24/09/14 22:07:52 INFO SparkContext: Invoking stop() from shutdown hook
[2024-09-14T22:07:52.698+0000] {spark_submit.py:579} INFO - 24/09/14 22:07:52 INFO SparkContext: SparkContext is stopping with exitCode 0.
[2024-09-14T22:07:52.721+0000] {spark_submit.py:579} INFO - 24/09/14 22:07:52 INFO SparkUI: Stopped Spark web UI at http://fb744bf0dc86:4040
[2024-09-14T22:07:52.746+0000] {spark_submit.py:579} INFO - 24/09/14 22:07:52 INFO MapOutputTrackerMasterEndpoint: MapOutputTrackerMasterEndpoint stopped!
[2024-09-14T22:07:52.780+0000] {spark_submit.py:579} INFO - 24/09/14 22:07:52 INFO MemoryStore: MemoryStore cleared
[2024-09-14T22:07:52.781+0000] {spark_submit.py:579} INFO - 24/09/14 22:07:52 INFO BlockManager: BlockManager stopped
[2024-09-14T22:07:52.786+0000] {spark_submit.py:579} INFO - 24/09/14 22:07:52 INFO BlockManagerMaster: BlockManagerMaster stopped
[2024-09-14T22:07:52.792+0000] {spark_submit.py:579} INFO - 24/09/14 22:07:52 INFO OutputCommitCoordinator$OutputCommitCoordinatorEndpoint: OutputCommitCoordinator stopped!
[2024-09-14T22:07:52.814+0000] {spark_submit.py:579} INFO - 24/09/14 22:07:52 INFO SparkContext: Successfully stopped SparkContext
[2024-09-14T22:07:52.815+0000] {spark_submit.py:579} INFO - 24/09/14 22:07:52 INFO ShutdownHookManager: Shutdown hook called
[2024-09-14T22:07:52.817+0000] {spark_submit.py:579} INFO - 24/09/14 22:07:52 INFO ShutdownHookManager: Deleting directory /tmp/spark-ef7200ae-bef3-48a0-b3fa-6485cc64c2d1/pyspark-dd3af23f-adfc-4b17-9fb7-204b8960ade5
[2024-09-14T22:07:52.829+0000] {spark_submit.py:579} INFO - 24/09/14 22:07:52 INFO ShutdownHookManager: Deleting directory /tmp/spark-ef7200ae-bef3-48a0-b3fa-6485cc64c2d1
[2024-09-14T22:07:52.842+0000] {spark_submit.py:579} INFO - 24/09/14 22:07:52 INFO ShutdownHookManager: Deleting directory /tmp/spark-0919d693-86ab-4308-9884-89a36a3d8196
[2024-09-14T22:07:52.953+0000] {taskinstance.py:3310} ERROR - Task failed with exception
Traceback (most recent call last):
  File "/home/airflow/.local/lib/python3.12/site-packages/airflow/models/taskinstance.py", line 767, in _execute_task
    result = _execute_callable(context=context, **execute_callable_kwargs)
             ^^^^^^^^^^^^^^^^^^^^^^^^^^^^^^^^^^^^^^^^^^^^^^^^^^^^^^^^^^^^^
  File "/home/airflow/.local/lib/python3.12/site-packages/airflow/models/taskinstance.py", line 733, in _execute_callable
    return ExecutionCallableRunner(
           ^^^^^^^^^^^^^^^^^^^^^^^^
  File "/home/airflow/.local/lib/python3.12/site-packages/airflow/utils/operator_helpers.py", line 252, in run
    return self.func(*args, **kwargs)
           ^^^^^^^^^^^^^^^^^^^^^^^^^^
  File "/home/airflow/.local/lib/python3.12/site-packages/airflow/models/baseoperator.py", line 406, in wrapper
    return func(self, *args, **kwargs)
           ^^^^^^^^^^^^^^^^^^^^^^^^^^^
  File "/home/airflow/.local/lib/python3.12/site-packages/airflow/providers/apache/spark/operators/spark_submit.py", line 174, in execute
    self._hook.submit(self.application)
  File "/home/airflow/.local/lib/python3.12/site-packages/airflow/providers/apache/spark/hooks/spark_submit.py", line 505, in submit
    raise AirflowException(
airflow.exceptions.AirflowException: Cannot execute: spark-submit --master spark://spark-master:7077 --conf spark.master=spark://spark-master:7077 --name arrow-spark --verbose --deploy-mode client /opt/***/dags/air_data_analysis.py. Error code is: 1.
[2024-09-14T22:07:52.982+0000] {taskinstance.py:1225} INFO - Marking task as UP_FOR_RETRY. dag_id=airbnb_model, task_id=data_analysis, run_id=manual__2024-09-14T17:50:30.952450+00:00, execution_date=20240914T175030, start_date=20240914T220719, end_date=20240914T220752
[2024-09-14T22:07:53.027+0000] {taskinstance.py:340} INFO - ::group::Post task execution logs
[2024-09-14T22:07:53.028+0000] {standard_task_runner.py:124} ERROR - Failed to execute job 695 for task data_analysis (Cannot execute: spark-submit --master spark://spark-master:7077 --conf spark.master=spark://spark-master:7077 --name arrow-spark --verbose --deploy-mode client /opt/***/dags/air_data_analysis.py. Error code is: 1.; 2054)
Traceback (most recent call last):
  File "/home/airflow/.local/lib/python3.12/site-packages/airflow/task/task_runner/standard_task_runner.py", line 117, in _start_by_fork
    ret = args.func(args, dag=self.dag)
          ^^^^^^^^^^^^^^^^^^^^^^^^^^^^^
  File "/home/airflow/.local/lib/python3.12/site-packages/airflow/cli/cli_config.py", line 49, in command
    return func(*args, **kwargs)
           ^^^^^^^^^^^^^^^^^^^^^
  File "/home/airflow/.local/lib/python3.12/site-packages/airflow/utils/cli.py", line 115, in wrapper
    return f(*args, **kwargs)
           ^^^^^^^^^^^^^^^^^^
  File "/home/airflow/.local/lib/python3.12/site-packages/airflow/cli/commands/task_command.py", line 483, in task_run
    task_return_code = _run_task_by_selected_method(args, _dag, ti)
                       ^^^^^^^^^^^^^^^^^^^^^^^^^^^^^^^^^^^^^^^^^^^^
  File "/home/airflow/.local/lib/python3.12/site-packages/airflow/cli/commands/task_command.py", line 256, in _run_task_by_selected_method
    return _run_raw_task(args, ti)
           ^^^^^^^^^^^^^^^^^^^^^^^
  File "/home/airflow/.local/lib/python3.12/site-packages/airflow/cli/commands/task_command.py", line 341, in _run_raw_task
    return ti._run_raw_task(
           ^^^^^^^^^^^^^^^^^
  File "/home/airflow/.local/lib/python3.12/site-packages/airflow/utils/session.py", line 97, in wrapper
    return func(*args, session=session, **kwargs)
           ^^^^^^^^^^^^^^^^^^^^^^^^^^^^^^^^^^^^^^
  File "/home/airflow/.local/lib/python3.12/site-packages/airflow/models/taskinstance.py", line 3004, in _run_raw_task
    return _run_raw_task(
           ^^^^^^^^^^^^^^
  File "/home/airflow/.local/lib/python3.12/site-packages/airflow/models/taskinstance.py", line 273, in _run_raw_task
    TaskInstance._execute_task_with_callbacks(
  File "/home/airflow/.local/lib/python3.12/site-packages/airflow/models/taskinstance.py", line 3158, in _execute_task_with_callbacks
    result = self._execute_task(context, task_orig)
             ^^^^^^^^^^^^^^^^^^^^^^^^^^^^^^^^^^^^^^
  File "/home/airflow/.local/lib/python3.12/site-packages/airflow/models/taskinstance.py", line 3182, in _execute_task
    return _execute_task(self, context, task_orig)
           ^^^^^^^^^^^^^^^^^^^^^^^^^^^^^^^^^^^^^^^
  File "/home/airflow/.local/lib/python3.12/site-packages/airflow/models/taskinstance.py", line 767, in _execute_task
    result = _execute_callable(context=context, **execute_callable_kwargs)
             ^^^^^^^^^^^^^^^^^^^^^^^^^^^^^^^^^^^^^^^^^^^^^^^^^^^^^^^^^^^^^
  File "/home/airflow/.local/lib/python3.12/site-packages/airflow/models/taskinstance.py", line 733, in _execute_callable
    return ExecutionCallableRunner(
           ^^^^^^^^^^^^^^^^^^^^^^^^
  File "/home/airflow/.local/lib/python3.12/site-packages/airflow/utils/operator_helpers.py", line 252, in run
    return self.func(*args, **kwargs)
           ^^^^^^^^^^^^^^^^^^^^^^^^^^
  File "/home/airflow/.local/lib/python3.12/site-packages/airflow/models/baseoperator.py", line 406, in wrapper
    return func(self, *args, **kwargs)
           ^^^^^^^^^^^^^^^^^^^^^^^^^^^
  File "/home/airflow/.local/lib/python3.12/site-packages/airflow/providers/apache/spark/operators/spark_submit.py", line 174, in execute
    self._hook.submit(self.application)
  File "/home/airflow/.local/lib/python3.12/site-packages/airflow/providers/apache/spark/hooks/spark_submit.py", line 505, in submit
    raise AirflowException(
airflow.exceptions.AirflowException: Cannot execute: spark-submit --master spark://spark-master:7077 --conf spark.master=spark://spark-master:7077 --name arrow-spark --verbose --deploy-mode client /opt/***/dags/air_data_analysis.py. Error code is: 1.
[2024-09-14T22:07:53.088+0000] {local_task_job_runner.py:266} INFO - Task exited with return code 1
[2024-09-14T22:07:53.137+0000] {taskinstance.py:3900} INFO - 0 downstream tasks scheduled from follow-on schedule check
[2024-09-14T22:07:53.140+0000] {local_task_job_runner.py:245} INFO - ::endgroup::
