[2024-09-14T18:04:12.894+0000] {local_task_job_runner.py:123} INFO - ::group::Pre task execution logs
[2024-09-14T18:04:13.004+0000] {taskinstance.py:2612} INFO - Dependencies all met for dep_context=non-requeueable deps ti=<TaskInstance: airbnb_model.data_analysis manual__2024-09-14T17:50:30.952450+00:00 [queued]>
[2024-09-14T18:04:13.049+0000] {taskinstance.py:2612} INFO - Dependencies all met for dep_context=requeueable deps ti=<TaskInstance: airbnb_model.data_analysis manual__2024-09-14T17:50:30.952450+00:00 [queued]>
[2024-09-14T18:04:13.051+0000] {taskinstance.py:2865} INFO - Starting attempt 2 of 5
[2024-09-14T18:04:13.124+0000] {taskinstance.py:2888} INFO - Executing <Task(SparkSubmitOperator): data_analysis> on 2024-09-14 17:50:30.952450+00:00
[2024-09-14T18:04:13.165+0000] {standard_task_runner.py:104} INFO - Running: ['***', 'tasks', 'run', 'airbnb_model', 'data_analysis', 'manual__2024-09-14T17:50:30.952450+00:00', '--job-id', '670', '--raw', '--subdir', 'DAGS_FOLDER/air_price_pred_dag.py', '--cfg-path', '/tmp/tmpt91t0m_0']
[2024-09-14T18:04:13.180+0000] {standard_task_runner.py:105} INFO - Job 670: Subtask data_analysis
[2024-09-14T18:04:13.189+0000] {logging_mixin.py:190} WARNING - /home/***/.local/lib/python3.12/site-packages/***/task/task_runner/standard_task_runner.py:70 DeprecationWarning: This process (pid=4137) is multi-threaded, use of fork() may lead to deadlocks in the child.
[2024-09-14T18:04:13.193+0000] {standard_task_runner.py:72} INFO - Started process 4144 to run task
[2024-09-14T18:04:13.381+0000] {task_command.py:467} INFO - Running <TaskInstance: airbnb_model.data_analysis manual__2024-09-14T17:50:30.952450+00:00 [running]> on host fb744bf0dc86
[2024-09-14T18:04:13.803+0000] {taskinstance.py:3131} INFO - Exporting env vars: AIRFLOW_CTX_DAG_OWNER='Denis' AIRFLOW_CTX_DAG_ID='airbnb_model' AIRFLOW_CTX_TASK_ID='data_analysis' AIRFLOW_CTX_EXECUTION_DATE='2024-09-14T17:50:30.952450+00:00' AIRFLOW_CTX_TRY_NUMBER='2' AIRFLOW_CTX_DAG_RUN_ID='manual__2024-09-14T17:50:30.952450+00:00'
[2024-09-14T18:04:13.806+0000] {taskinstance.py:731} INFO - ::endgroup::
[2024-09-14T18:04:13.978+0000] {base.py:84} INFO - Retrieving connection 'spark_default'
[2024-09-14T18:04:13.984+0000] {spark_submit.py:403} INFO - Spark-Submit cmd: spark-submit --master spark://spark-master:7077 --conf spark.master=spark://spark-master:7077 --name arrow-spark --verbose --deploy-mode client /opt/***/dags/air_data_analysis.py
[2024-09-14T18:04:22.234+0000] {spark_submit.py:579} INFO - Using properties file: null
[2024-09-14T18:04:22.605+0000] {spark_submit.py:579} INFO - Parsed arguments:
[2024-09-14T18:04:22.607+0000] {spark_submit.py:579} INFO - master                  spark://spark-master:7077
[2024-09-14T18:04:22.609+0000] {spark_submit.py:579} INFO - remote                  null
[2024-09-14T18:04:22.610+0000] {spark_submit.py:579} INFO - deployMode              client
[2024-09-14T18:04:22.612+0000] {spark_submit.py:579} INFO - executorMemory          null
[2024-09-14T18:04:22.614+0000] {spark_submit.py:579} INFO - executorCores           null
[2024-09-14T18:04:22.615+0000] {spark_submit.py:579} INFO - totalExecutorCores      null
[2024-09-14T18:04:22.617+0000] {spark_submit.py:579} INFO - propertiesFile          null
[2024-09-14T18:04:22.618+0000] {spark_submit.py:579} INFO - driverMemory            null
[2024-09-14T18:04:22.620+0000] {spark_submit.py:579} INFO - driverCores             null
[2024-09-14T18:04:22.622+0000] {spark_submit.py:579} INFO - driverExtraClassPath    null
[2024-09-14T18:04:22.623+0000] {spark_submit.py:579} INFO - driverExtraLibraryPath  null
[2024-09-14T18:04:22.625+0000] {spark_submit.py:579} INFO - driverExtraJavaOptions  null
[2024-09-14T18:04:22.626+0000] {spark_submit.py:579} INFO - supervise               false
[2024-09-14T18:04:22.627+0000] {spark_submit.py:579} INFO - queue                   null
[2024-09-14T18:04:22.628+0000] {spark_submit.py:579} INFO - numExecutors            null
[2024-09-14T18:04:22.629+0000] {spark_submit.py:579} INFO - files                   null
[2024-09-14T18:04:22.631+0000] {spark_submit.py:579} INFO - pyFiles                 null
[2024-09-14T18:04:22.632+0000] {spark_submit.py:579} INFO - archives                null
[2024-09-14T18:04:22.634+0000] {spark_submit.py:579} INFO - mainClass               null
[2024-09-14T18:04:22.635+0000] {spark_submit.py:579} INFO - primaryResource         file:/opt/***/dags/air_data_analysis.py
[2024-09-14T18:04:22.638+0000] {spark_submit.py:579} INFO - name                    arrow-spark
[2024-09-14T18:04:22.640+0000] {spark_submit.py:579} INFO - childArgs               []
[2024-09-14T18:04:22.641+0000] {spark_submit.py:579} INFO - jars                    null
[2024-09-14T18:04:22.643+0000] {spark_submit.py:579} INFO - packages                null
[2024-09-14T18:04:22.645+0000] {spark_submit.py:579} INFO - packagesExclusions      null
[2024-09-14T18:04:22.646+0000] {spark_submit.py:579} INFO - repositories            null
[2024-09-14T18:04:22.648+0000] {spark_submit.py:579} INFO - verbose                 true
[2024-09-14T18:04:22.649+0000] {spark_submit.py:579} INFO - 
[2024-09-14T18:04:22.650+0000] {spark_submit.py:579} INFO - Spark properties used, including those specified through
[2024-09-14T18:04:22.651+0000] {spark_submit.py:579} INFO - --conf and those from the properties file null:
[2024-09-14T18:04:22.653+0000] {spark_submit.py:579} INFO - (spark.master,spark://spark-master:7077)
[2024-09-14T18:04:22.654+0000] {spark_submit.py:579} INFO - 
[2024-09-14T18:04:22.656+0000] {spark_submit.py:579} INFO - 
[2024-09-14T18:04:23.628+0000] {spark_submit.py:579} INFO - Main class:
[2024-09-14T18:04:23.630+0000] {spark_submit.py:579} INFO - org.apache.spark.deploy.PythonRunner
[2024-09-14T18:04:23.631+0000] {spark_submit.py:579} INFO - Arguments:
[2024-09-14T18:04:23.633+0000] {spark_submit.py:579} INFO - file:/opt/***/dags/air_data_analysis.py
[2024-09-14T18:04:23.634+0000] {spark_submit.py:579} INFO - null
[2024-09-14T18:04:23.639+0000] {spark_submit.py:579} INFO - Spark config:
[2024-09-14T18:04:23.640+0000] {spark_submit.py:579} INFO - (spark.app.name,arrow-spark)
[2024-09-14T18:04:23.642+0000] {spark_submit.py:579} INFO - (spark.app.submitTime,1726337063593)
[2024-09-14T18:04:23.643+0000] {spark_submit.py:579} INFO - (spark.master,spark://spark-master:7077)
[2024-09-14T18:04:23.644+0000] {spark_submit.py:579} INFO - (spark.submit.deployMode,client)
[2024-09-14T18:04:23.646+0000] {spark_submit.py:579} INFO - (spark.submit.pyFiles,)
[2024-09-14T18:04:23.647+0000] {spark_submit.py:579} INFO - Classpath elements:
[2024-09-14T18:04:23.649+0000] {spark_submit.py:579} INFO - 
[2024-09-14T18:04:23.651+0000] {spark_submit.py:579} INFO - 
[2024-09-14T18:04:23.652+0000] {spark_submit.py:579} INFO - 
[2024-09-14T18:04:26.538+0000] {spark_submit.py:579} INFO - 24/09/14 18:04:26 INFO SparkContext: Running Spark version 3.5.2
[2024-09-14T18:04:26.548+0000] {spark_submit.py:579} INFO - 24/09/14 18:04:26 INFO SparkContext: OS info Linux, 5.15.153.1-microsoft-standard-WSL2, amd64
[2024-09-14T18:04:26.550+0000] {spark_submit.py:579} INFO - 24/09/14 18:04:26 INFO SparkContext: Java version 17.0.12
[2024-09-14T18:04:26.793+0000] {spark_submit.py:579} INFO - 24/09/14 18:04:26 WARN NativeCodeLoader: Unable to load native-hadoop library for your platform... using builtin-java classes where applicable
[2024-09-14T18:04:27.156+0000] {spark_submit.py:579} INFO - 24/09/14 18:04:27 INFO ResourceUtils: ==============================================================
[2024-09-14T18:04:27.158+0000] {spark_submit.py:579} INFO - 24/09/14 18:04:27 INFO ResourceUtils: No custom resources configured for spark.driver.
[2024-09-14T18:04:27.159+0000] {spark_submit.py:579} INFO - 24/09/14 18:04:27 INFO ResourceUtils: ==============================================================
[2024-09-14T18:04:27.161+0000] {spark_submit.py:579} INFO - 24/09/14 18:04:27 INFO SparkContext: Submitted application: Airbnb_regr_model
[2024-09-14T18:04:27.239+0000] {spark_submit.py:579} INFO - 24/09/14 18:04:27 INFO ResourceProfile: Default ResourceProfile created, executor resources: Map(cores -> name: cores, amount: 1, script: , vendor: , memory -> name: memory, amount: 1024, script: , vendor: , offHeap -> name: offHeap, amount: 0, script: , vendor: ), task resources: Map(cpus -> name: cpus, amount: 1.0)
[2024-09-14T18:04:27.275+0000] {spark_submit.py:579} INFO - 24/09/14 18:04:27 INFO ResourceProfile: Limiting resource is cpu
[2024-09-14T18:04:27.279+0000] {spark_submit.py:579} INFO - 24/09/14 18:04:27 INFO ResourceProfileManager: Added ResourceProfile id: 0
[2024-09-14T18:04:27.532+0000] {spark_submit.py:579} INFO - 24/09/14 18:04:27 INFO SecurityManager: Changing view acls to: ***
[2024-09-14T18:04:27.535+0000] {spark_submit.py:579} INFO - 24/09/14 18:04:27 INFO SecurityManager: Changing modify acls to: ***
[2024-09-14T18:04:27.537+0000] {spark_submit.py:579} INFO - 24/09/14 18:04:27 INFO SecurityManager: Changing view acls groups to:
[2024-09-14T18:04:27.540+0000] {spark_submit.py:579} INFO - 24/09/14 18:04:27 INFO SecurityManager: Changing modify acls groups to:
[2024-09-14T18:04:27.542+0000] {spark_submit.py:579} INFO - 24/09/14 18:04:27 INFO SecurityManager: SecurityManager: authentication disabled; ui acls disabled; users with view permissions: ***; groups with view permissions: EMPTY; users with modify permissions: ***; groups with modify permissions: EMPTY
[2024-09-14T18:04:28.701+0000] {spark_submit.py:579} INFO - 24/09/14 18:04:28 INFO Utils: Successfully started service 'sparkDriver' on port 44529.
[2024-09-14T18:04:28.893+0000] {spark_submit.py:579} INFO - 24/09/14 18:04:28 INFO SparkEnv: Registering MapOutputTracker
[2024-09-14T18:04:29.214+0000] {spark_submit.py:579} INFO - 24/09/14 18:04:29 INFO SparkEnv: Registering BlockManagerMaster
[2024-09-14T18:04:29.298+0000] {spark_submit.py:579} INFO - 24/09/14 18:04:29 INFO BlockManagerMasterEndpoint: Using org.apache.spark.storage.DefaultTopologyMapper for getting topology information
[2024-09-14T18:04:29.302+0000] {spark_submit.py:579} INFO - 24/09/14 18:04:29 INFO BlockManagerMasterEndpoint: BlockManagerMasterEndpoint up
[2024-09-14T18:04:29.333+0000] {spark_submit.py:579} INFO - 24/09/14 18:04:29 INFO SparkEnv: Registering BlockManagerMasterHeartbeat
[2024-09-14T18:04:29.439+0000] {spark_submit.py:579} INFO - 24/09/14 18:04:29 INFO DiskBlockManager: Created local directory at /tmp/blockmgr-5244f82e-8e6b-472a-ab6d-27046c78badd
[2024-09-14T18:04:29.514+0000] {spark_submit.py:579} INFO - 24/09/14 18:04:29 INFO MemoryStore: MemoryStore started with capacity 434.4 MiB
[2024-09-14T18:04:29.612+0000] {spark_submit.py:579} INFO - 24/09/14 18:04:29 INFO SparkEnv: Registering OutputCommitCoordinator
[2024-09-14T18:04:30.421+0000] {spark_submit.py:579} INFO - 24/09/14 18:04:30 INFO JettyUtils: Start Jetty 0.0.0.0:4040 for SparkUI
[2024-09-14T18:04:31.010+0000] {spark_submit.py:579} INFO - 24/09/14 18:04:31 INFO Utils: Successfully started service 'SparkUI' on port 4040.
[2024-09-14T18:04:31.709+0000] {spark_submit.py:579} INFO - 24/09/14 18:04:31 INFO Executor: Starting executor ID driver on host fb744bf0dc86
[2024-09-14T18:04:31.726+0000] {spark_submit.py:579} INFO - 24/09/14 18:04:31 INFO Executor: OS info Linux, 5.15.153.1-microsoft-standard-WSL2, amd64
[2024-09-14T18:04:31.728+0000] {spark_submit.py:579} INFO - 24/09/14 18:04:31 INFO Executor: Java version 17.0.12
[2024-09-14T18:04:31.790+0000] {spark_submit.py:579} INFO - 24/09/14 18:04:31 INFO Executor: Starting executor with user classpath (userClassPathFirst = false): ''
[2024-09-14T18:04:31.795+0000] {spark_submit.py:579} INFO - 24/09/14 18:04:31 INFO Executor: Created or updated repl class loader org.apache.spark.util.MutableURLClassLoader@2b2d567f for default.
[2024-09-14T18:04:32.029+0000] {spark_submit.py:579} INFO - 24/09/14 18:04:32 INFO Utils: Successfully started service 'org.apache.spark.network.netty.NettyBlockTransferService' on port 46183.
[2024-09-14T18:04:32.058+0000] {spark_submit.py:579} INFO - 24/09/14 18:04:32 INFO NettyBlockTransferService: Server created on fb744bf0dc86:46183
[2024-09-14T18:04:32.092+0000] {spark_submit.py:579} INFO - 24/09/14 18:04:32 INFO BlockManager: Using org.apache.spark.storage.RandomBlockReplicationPolicy for block replication policy
[2024-09-14T18:04:31.807+0000] {spark_submit.py:579} INFO - 24/09/14 18:04:31 INFO BlockManagerMaster: Registering BlockManager BlockManagerId(driver, fb744bf0dc86, 46183, None)
[2024-09-14T18:04:31.849+0000] {spark_submit.py:579} INFO - 24/09/14 18:04:31 INFO BlockManagerMasterEndpoint: Registering block manager fb744bf0dc86:46183 with 434.4 MiB RAM, BlockManagerId(driver, fb744bf0dc86, 46183, None)
[2024-09-14T18:04:31.913+0000] {spark_submit.py:579} INFO - 24/09/14 18:04:31 INFO BlockManagerMaster: Registered BlockManager BlockManagerId(driver, fb744bf0dc86, 46183, None)
[2024-09-14T18:04:31.918+0000] {spark_submit.py:579} INFO - 24/09/14 18:04:31 INFO BlockManager: Initialized BlockManager: BlockManagerId(driver, fb744bf0dc86, 46183, None)
[2024-09-14T18:04:36.477+0000] {spark_submit.py:579} INFO - 24/09/14 18:04:36 INFO SharedState: Setting hive.metastore.warehouse.dir ('null') to the value of spark.sql.warehouse.dir.
[2024-09-14T18:04:36.555+0000] {spark_submit.py:579} INFO - 24/09/14 18:04:36 INFO SharedState: Warehouse path is 'file:/user/hive/warehouse'.
[2024-09-14T18:04:41.320+0000] {spark_submit.py:579} INFO - 24/09/14 18:04:41 INFO InMemoryFileIndex: It took 247 ms to list leaf files for 1 paths.
[2024-09-14T18:04:41.697+0000] {spark_submit.py:579} INFO - 24/09/14 18:04:41 INFO InMemoryFileIndex: It took 9 ms to list leaf files for 1 paths.
[2024-09-14T18:05:12.271+0000] {job.py:229} INFO - Heartbeat recovered after 33.40 seconds
[2024-09-14T18:05:15.861+0000] {spark_submit.py:579} INFO - 24/09/14 18:05:15 INFO FileSourceStrategy: Pushed Filters:
[2024-09-14T18:05:15.864+0000] {spark_submit.py:579} INFO - 24/09/14 18:05:15 INFO FileSourceStrategy: Post-Scan Filters:
[2024-09-14T18:05:16.879+0000] {spark_submit.py:579} INFO - 24/09/14 18:05:16 INFO MemoryStore: Block broadcast_0 stored as values in memory (estimated size 200.2 KiB, free 434.2 MiB)
[2024-09-14T18:05:17.130+0000] {spark_submit.py:579} INFO - 24/09/14 18:05:17 INFO MemoryStore: Block broadcast_0_piece0 stored as bytes in memory (estimated size 34.5 KiB, free 434.2 MiB)
[2024-09-14T18:05:17.157+0000] {spark_submit.py:579} INFO - 24/09/14 18:05:17 INFO BlockManagerInfo: Added broadcast_0_piece0 in memory on fb744bf0dc86:46183 (size: 34.5 KiB, free: 434.4 MiB)
[2024-09-14T18:05:17.206+0000] {spark_submit.py:579} INFO - 24/09/14 18:05:17 INFO SparkContext: Created broadcast 0 from csv at NativeMethodAccessorImpl.java:0
[2024-09-14T18:05:17.310+0000] {spark_submit.py:579} INFO - 24/09/14 18:05:17 INFO FileSourceScanExec: Planning scan with bin packing, max size: 4194304 bytes, open cost is considered as scanning 4194304 bytes.
[2024-09-14T18:05:19.200+0000] {spark_submit.py:579} INFO - 24/09/14 18:05:19 INFO CodeGenerator: Code generated in 533.628762 ms
[2024-09-14T18:05:19.335+0000] {spark_submit.py:579} INFO - 24/09/14 18:05:19 INFO SparkContext: Starting job: csv at NativeMethodAccessorImpl.java:0
[2024-09-14T18:05:19.383+0000] {spark_submit.py:579} INFO - 24/09/14 18:05:19 INFO DAGScheduler: Got job 0 (csv at NativeMethodAccessorImpl.java:0) with 1 output partitions
[2024-09-14T18:05:19.385+0000] {spark_submit.py:579} INFO - 24/09/14 18:05:19 INFO DAGScheduler: Final stage: ResultStage 0 (csv at NativeMethodAccessorImpl.java:0)
[2024-09-14T18:05:19.386+0000] {spark_submit.py:579} INFO - 24/09/14 18:05:19 INFO DAGScheduler: Parents of final stage: List()
[2024-09-14T18:05:19.389+0000] {spark_submit.py:579} INFO - 24/09/14 18:05:19 INFO DAGScheduler: Missing parents: List()
[2024-09-14T18:05:19.396+0000] {spark_submit.py:579} INFO - 24/09/14 18:05:19 INFO DAGScheduler: Submitting ResultStage 0 (MapPartitionsRDD[6] at csv at NativeMethodAccessorImpl.java:0), which has no missing parents
[2024-09-14T18:05:19.611+0000] {spark_submit.py:579} INFO - 24/09/14 18:05:19 INFO MemoryStore: Block broadcast_1 stored as values in memory (estimated size 19.1 KiB, free 434.2 MiB)
[2024-09-14T18:05:19.616+0000] {spark_submit.py:579} INFO - 24/09/14 18:05:19 INFO MemoryStore: Block broadcast_1_piece0 stored as bytes in memory (estimated size 8.3 KiB, free 434.1 MiB)
[2024-09-14T18:05:19.619+0000] {spark_submit.py:579} INFO - 24/09/14 18:05:19 INFO BlockManagerInfo: Added broadcast_1_piece0 in memory on fb744bf0dc86:46183 (size: 8.3 KiB, free: 434.4 MiB)
[2024-09-14T18:05:19.620+0000] {spark_submit.py:579} INFO - 24/09/14 18:05:19 INFO SparkContext: Created broadcast 1 from broadcast at DAGScheduler.scala:1585
[2024-09-14T18:05:19.664+0000] {spark_submit.py:579} INFO - 24/09/14 18:05:19 INFO DAGScheduler: Submitting 1 missing tasks from ResultStage 0 (MapPartitionsRDD[6] at csv at NativeMethodAccessorImpl.java:0) (first 15 tasks are for partitions Vector(0))
[2024-09-14T18:05:19.668+0000] {spark_submit.py:579} INFO - 24/09/14 18:05:19 INFO TaskSchedulerImpl: Adding task set 0.0 with 1 tasks resource profile 0
[2024-09-14T18:05:19.802+0000] {spark_submit.py:579} INFO - 24/09/14 18:05:19 INFO TaskSetManager: Starting task 0.0 in stage 0.0 (TID 0) (fb744bf0dc86, executor driver, partition 0, PROCESS_LOCAL, 9601 bytes)
[2024-09-14T18:05:19.862+0000] {spark_submit.py:579} INFO - 24/09/14 18:05:19 INFO Executor: Running task 0.0 in stage 0.0 (TID 0)
[2024-09-14T18:05:20.193+0000] {spark_submit.py:579} INFO - 24/09/14 18:05:20 INFO CodeGenerator: Code generated in 35.146302 ms
[2024-09-14T18:05:20.202+0000] {spark_submit.py:579} INFO - 24/09/14 18:05:20 INFO FileScanRDD: Reading File path: file:///opt/***/datasets/Airbnb.csv, range: 0-4194304, partition values: [empty row]
[2024-09-14T18:05:20.247+0000] {spark_submit.py:579} INFO - 24/09/14 18:05:20 INFO CodeGenerator: Code generated in 26.47587 ms
[2024-09-14T18:05:20.406+0000] {spark_submit.py:579} INFO - 24/09/14 18:05:20 INFO Executor: Finished task 0.0 in stage 0.0 (TID 0). 1851 bytes result sent to driver
[2024-09-14T18:05:20.432+0000] {spark_submit.py:579} INFO - 24/09/14 18:05:20 INFO TaskSetManager: Finished task 0.0 in stage 0.0 (TID 0) in 669 ms on fb744bf0dc86 (executor driver) (1/1)
[2024-09-14T18:05:20.437+0000] {spark_submit.py:579} INFO - 24/09/14 18:05:20 INFO TaskSchedulerImpl: Removed TaskSet 0.0, whose tasks have all completed, from pool
[2024-09-14T18:05:20.447+0000] {spark_submit.py:579} INFO - 24/09/14 18:05:20 INFO DAGScheduler: ResultStage 0 (csv at NativeMethodAccessorImpl.java:0) finished in 1.014 s
[2024-09-14T18:05:20.455+0000] {spark_submit.py:579} INFO - 24/09/14 18:05:20 INFO DAGScheduler: Job 0 is finished. Cancelling potential speculative or zombie tasks for this job
[2024-09-14T18:05:20.456+0000] {spark_submit.py:579} INFO - 24/09/14 18:05:20 INFO TaskSchedulerImpl: Killing all running tasks in stage 0: Stage finished
[2024-09-14T18:05:20.462+0000] {spark_submit.py:579} INFO - 24/09/14 18:05:20 INFO DAGScheduler: Job 0 finished: csv at NativeMethodAccessorImpl.java:0, took 1.125593 s
[2024-09-14T18:05:20.515+0000] {spark_submit.py:579} INFO - 24/09/14 18:05:20 INFO CodeGenerator: Code generated in 21.931553 ms
[2024-09-14T18:05:20.636+0000] {spark_submit.py:579} INFO - 24/09/14 18:05:20 INFO BlockManagerInfo: Removed broadcast_1_piece0 on fb744bf0dc86:46183 in memory (size: 8.3 KiB, free: 434.4 MiB)
[2024-09-14T18:05:20.754+0000] {spark_submit.py:579} INFO - 24/09/14 18:05:20 INFO SparkContext: Starting job: csv at NativeMethodAccessorImpl.java:0
[2024-09-14T18:05:20.758+0000] {spark_submit.py:579} INFO - 24/09/14 18:05:20 INFO DAGScheduler: Got job 1 (csv at NativeMethodAccessorImpl.java:0) with 2 output partitions
[2024-09-14T18:05:20.759+0000] {spark_submit.py:579} INFO - 24/09/14 18:05:20 INFO DAGScheduler: Final stage: ResultStage 1 (csv at NativeMethodAccessorImpl.java:0)
[2024-09-14T18:05:20.760+0000] {spark_submit.py:579} INFO - 24/09/14 18:05:20 INFO DAGScheduler: Parents of final stage: List()
[2024-09-14T18:05:20.762+0000] {spark_submit.py:579} INFO - 24/09/14 18:05:20 INFO DAGScheduler: Missing parents: List()
[2024-09-14T18:05:20.763+0000] {spark_submit.py:579} INFO - 24/09/14 18:05:20 INFO DAGScheduler: Submitting ResultStage 1 (MapPartitionsRDD[10] at csv at NativeMethodAccessorImpl.java:0), which has no missing parents
[2024-09-14T18:05:20.775+0000] {spark_submit.py:579} INFO - 24/09/14 18:05:20 INFO MemoryStore: Block broadcast_2 stored as values in memory (estimated size 19.7 KiB, free 434.2 MiB)
[2024-09-14T18:05:20.780+0000] {spark_submit.py:579} INFO - 24/09/14 18:05:20 INFO MemoryStore: Block broadcast_2_piece0 stored as bytes in memory (estimated size 9.1 KiB, free 434.1 MiB)
[2024-09-14T18:05:20.786+0000] {spark_submit.py:579} INFO - 24/09/14 18:05:20 INFO BlockManagerInfo: Added broadcast_2_piece0 in memory on fb744bf0dc86:46183 (size: 9.1 KiB, free: 434.4 MiB)
[2024-09-14T18:05:20.788+0000] {spark_submit.py:579} INFO - 24/09/14 18:05:20 INFO SparkContext: Created broadcast 2 from broadcast at DAGScheduler.scala:1585
[2024-09-14T18:05:20.790+0000] {spark_submit.py:579} INFO - 24/09/14 18:05:20 INFO DAGScheduler: Submitting 2 missing tasks from ResultStage 1 (MapPartitionsRDD[10] at csv at NativeMethodAccessorImpl.java:0) (first 15 tasks are for partitions Vector(0, 1))
[2024-09-14T18:05:20.792+0000] {spark_submit.py:579} INFO - 24/09/14 18:05:20 INFO TaskSchedulerImpl: Adding task set 1.0 with 2 tasks resource profile 0
[2024-09-14T18:05:20.796+0000] {spark_submit.py:579} INFO - 24/09/14 18:05:20 INFO TaskSetManager: Starting task 0.0 in stage 1.0 (TID 1) (fb744bf0dc86, executor driver, partition 0, PROCESS_LOCAL, 9601 bytes)
[2024-09-14T18:05:20.797+0000] {spark_submit.py:579} INFO - 24/09/14 18:05:20 INFO TaskSetManager: Starting task 1.0 in stage 1.0 (TID 2) (fb744bf0dc86, executor driver, partition 1, PROCESS_LOCAL, 9601 bytes)
[2024-09-14T18:05:20.800+0000] {spark_submit.py:579} INFO - 24/09/14 18:05:20 INFO Executor: Running task 0.0 in stage 1.0 (TID 1)
[2024-09-14T18:05:20.802+0000] {spark_submit.py:579} INFO - 24/09/14 18:05:20 INFO Executor: Running task 1.0 in stage 1.0 (TID 2)
[2024-09-14T18:05:20.853+0000] {spark_submit.py:579} INFO - 24/09/14 18:05:20 INFO FileScanRDD: Reading File path: file:///opt/***/datasets/Airbnb.csv, range: 0-4194304, partition values: [empty row]
[2024-09-14T18:05:20.855+0000] {spark_submit.py:579} INFO - 24/09/14 18:05:20 INFO FileScanRDD: Reading File path: file:///opt/***/datasets/Airbnb.csv, range: 4194304-7081245, partition values: [empty row]
[2024-09-14T18:05:22.115+0000] {spark_submit.py:579} INFO - 24/09/14 18:05:22 INFO Executor: Finished task 1.0 in stage 1.0 (TID 2). 1546 bytes result sent to driver
[2024-09-14T18:05:22.121+0000] {spark_submit.py:579} INFO - 24/09/14 18:05:22 INFO TaskSetManager: Finished task 1.0 in stage 1.0 (TID 2) in 1324 ms on fb744bf0dc86 (executor driver) (1/2)
[2024-09-14T18:05:22.398+0000] {spark_submit.py:579} INFO - 24/09/14 18:05:22 INFO Executor: Finished task 0.0 in stage 1.0 (TID 1). 1503 bytes result sent to driver
[2024-09-14T18:05:22.403+0000] {spark_submit.py:579} INFO - 24/09/14 18:05:22 INFO TaskSetManager: Finished task 0.0 in stage 1.0 (TID 1) in 1608 ms on fb744bf0dc86 (executor driver) (2/2)
[2024-09-14T18:05:22.405+0000] {spark_submit.py:579} INFO - 24/09/14 18:05:22 INFO TaskSchedulerImpl: Removed TaskSet 1.0, whose tasks have all completed, from pool
[2024-09-14T18:05:22.407+0000] {spark_submit.py:579} INFO - 24/09/14 18:05:22 INFO DAGScheduler: ResultStage 1 (csv at NativeMethodAccessorImpl.java:0) finished in 1.639 s
[2024-09-14T18:05:22.410+0000] {spark_submit.py:579} INFO - 24/09/14 18:05:22 INFO DAGScheduler: Job 1 is finished. Cancelling potential speculative or zombie tasks for this job
[2024-09-14T18:05:22.411+0000] {spark_submit.py:579} INFO - 24/09/14 18:05:22 INFO TaskSchedulerImpl: Killing all running tasks in stage 1: Stage finished
[2024-09-14T18:05:22.413+0000] {spark_submit.py:579} INFO - 24/09/14 18:05:22 INFO DAGScheduler: Job 1 finished: csv at NativeMethodAccessorImpl.java:0, took 1.655189 s
[2024-09-14T18:05:22.947+0000] {spark_submit.py:579} INFO - 24/09/14 18:05:22 INFO HiveConf: Found configuration file null
[2024-09-14T18:05:22.982+0000] {spark_submit.py:579} INFO - 24/09/14 18:05:22 INFO HiveUtils: Initializing HiveMetastoreConnection version 2.3.9 using Spark classes.
[2024-09-14T18:05:23.780+0000] {spark_submit.py:579} INFO - 24/09/14 18:05:23 INFO HiveClientImpl: Warehouse location for Hive client (version 2.3.9) is file:/user/hive/warehouse
[2024-09-14T18:05:23.875+0000] {spark_submit.py:579} INFO - 24/09/14 18:05:23 INFO metastore: Trying to connect to metastore with URI thrift://hive-metastore:9083
[2024-09-14T18:05:23.946+0000] {spark_submit.py:579} INFO - 24/09/14 18:05:23 INFO metastore: Opened a connection to metastore, current connections: 1
[2024-09-14T18:05:24.086+0000] {spark_submit.py:579} INFO - 24/09/14 18:05:24 INFO metastore: Connected to metastore.
[2024-09-14T18:05:27.459+0000] {spark_submit.py:579} INFO - 24/09/14 18:05:27 INFO BlockManagerInfo: Removed broadcast_0_piece0 on fb744bf0dc86:46183 in memory (size: 34.5 KiB, free: 434.4 MiB)
[2024-09-14T18:05:27.473+0000] {spark_submit.py:579} INFO - 24/09/14 18:05:27 INFO BlockManagerInfo: Removed broadcast_2_piece0 on fb744bf0dc86:46183 in memory (size: 9.1 KiB, free: 434.4 MiB)
[2024-09-14T18:05:27.829+0000] {spark_submit.py:579} INFO - 24/09/14 18:05:27 INFO InMemoryFileIndex: It took 94 ms to list leaf files for 1 paths.
[2024-09-14T18:05:28.929+0000] {spark_submit.py:579} INFO - 24/09/14 18:05:28 INFO FileSourceStrategy: Pushed Filters:
[2024-09-14T18:05:28.931+0000] {spark_submit.py:579} INFO - 24/09/14 18:05:28 INFO FileSourceStrategy: Post-Scan Filters: atleastnnonnulls(10, neighbourhood_group#25, neighbourhood#26, latitude#27, longitude#28, room_type#29, price#30, minimum_nights#31, number_of_reviews#32, calculated_host_listings_count#35, availability_365#36)
[2024-09-14T18:05:29.593+0000] {spark_submit.py:579} INFO - 24/09/14 18:05:29 INFO CodeGenerator: Code generated in 195.185851 ms
[2024-09-14T18:05:29.602+0000] {spark_submit.py:579} INFO - 24/09/14 18:05:29 INFO MemoryStore: Block broadcast_3 stored as values in memory (estimated size 200.1 KiB, free 434.2 MiB)
[2024-09-14T18:05:29.624+0000] {spark_submit.py:579} INFO - 24/09/14 18:05:29 INFO MemoryStore: Block broadcast_3_piece0 stored as bytes in memory (estimated size 34.5 KiB, free 434.2 MiB)
[2024-09-14T18:05:29.625+0000] {spark_submit.py:579} INFO - 24/09/14 18:05:29 INFO BlockManagerInfo: Added broadcast_3_piece0 in memory on fb744bf0dc86:46183 (size: 34.5 KiB, free: 434.4 MiB)
[2024-09-14T18:05:29.629+0000] {spark_submit.py:579} INFO - 24/09/14 18:05:29 INFO SparkContext: Created broadcast 3 from saveAsTable at NativeMethodAccessorImpl.java:0
[2024-09-14T18:05:29.643+0000] {spark_submit.py:579} INFO - 24/09/14 18:05:29 INFO FileSourceScanExec: Planning scan with bin packing, max size: 4194304 bytes, open cost is considered as scanning 4194304 bytes.
[2024-09-14T18:05:29.834+0000] {spark_submit.py:579} INFO - 24/09/14 18:05:29 INFO DAGScheduler: Registering RDD 14 (saveAsTable at NativeMethodAccessorImpl.java:0) as input to shuffle 0
[2024-09-14T18:05:29.843+0000] {spark_submit.py:579} INFO - 24/09/14 18:05:29 INFO DAGScheduler: Got map stage job 2 (saveAsTable at NativeMethodAccessorImpl.java:0) with 2 output partitions
[2024-09-14T18:05:29.845+0000] {spark_submit.py:579} INFO - 24/09/14 18:05:29 INFO DAGScheduler: Final stage: ShuffleMapStage 2 (saveAsTable at NativeMethodAccessorImpl.java:0)
[2024-09-14T18:05:29.846+0000] {spark_submit.py:579} INFO - 24/09/14 18:05:29 INFO DAGScheduler: Parents of final stage: List()
[2024-09-14T18:05:29.848+0000] {spark_submit.py:579} INFO - 24/09/14 18:05:29 INFO DAGScheduler: Missing parents: List()
[2024-09-14T18:05:29.852+0000] {spark_submit.py:579} INFO - 24/09/14 18:05:29 INFO DAGScheduler: Submitting ShuffleMapStage 2 (MapPartitionsRDD[14] at saveAsTable at NativeMethodAccessorImpl.java:0), which has no missing parents
[2024-09-14T18:05:29.882+0000] {spark_submit.py:579} INFO - 24/09/14 18:05:29 INFO MemoryStore: Block broadcast_4 stored as values in memory (estimated size 55.7 KiB, free 434.1 MiB)
[2024-09-14T18:05:29.895+0000] {spark_submit.py:579} INFO - 24/09/14 18:05:29 INFO MemoryStore: Block broadcast_4_piece0 stored as bytes in memory (estimated size 23.6 KiB, free 434.1 MiB)
[2024-09-14T18:05:29.899+0000] {spark_submit.py:579} INFO - 24/09/14 18:05:29 INFO BlockManagerInfo: Added broadcast_4_piece0 in memory on fb744bf0dc86:46183 (size: 23.6 KiB, free: 434.3 MiB)
[2024-09-14T18:05:29.902+0000] {spark_submit.py:579} INFO - 24/09/14 18:05:29 INFO SparkContext: Created broadcast 4 from broadcast at DAGScheduler.scala:1585
[2024-09-14T18:05:29.907+0000] {spark_submit.py:579} INFO - 24/09/14 18:05:29 INFO DAGScheduler: Submitting 2 missing tasks from ShuffleMapStage 2 (MapPartitionsRDD[14] at saveAsTable at NativeMethodAccessorImpl.java:0) (first 15 tasks are for partitions Vector(0, 1))
[2024-09-14T18:05:29.909+0000] {spark_submit.py:579} INFO - 24/09/14 18:05:29 INFO TaskSchedulerImpl: Adding task set 2.0 with 2 tasks resource profile 0
[2024-09-14T18:05:29.915+0000] {spark_submit.py:579} INFO - 24/09/14 18:05:29 INFO TaskSetManager: Starting task 0.0 in stage 2.0 (TID 3) (fb744bf0dc86, executor driver, partition 0, PROCESS_LOCAL, 9590 bytes)
[2024-09-14T18:05:29.916+0000] {spark_submit.py:579} INFO - 24/09/14 18:05:29 INFO TaskSetManager: Starting task 1.0 in stage 2.0 (TID 4) (fb744bf0dc86, executor driver, partition 1, PROCESS_LOCAL, 9590 bytes)
[2024-09-14T18:05:29.928+0000] {spark_submit.py:579} INFO - 24/09/14 18:05:29 INFO Executor: Running task 0.0 in stage 2.0 (TID 3)
[2024-09-14T18:05:29.929+0000] {spark_submit.py:579} INFO - 24/09/14 18:05:29 INFO Executor: Running task 1.0 in stage 2.0 (TID 4)
[2024-09-14T18:05:30.094+0000] {spark_submit.py:579} INFO - 24/09/14 18:05:30 INFO CodeGenerator: Code generated in 94.611049 ms
[2024-09-14T18:05:30.136+0000] {spark_submit.py:579} INFO - 24/09/14 18:05:30 INFO CodeGenerator: Code generated in 24.084028 ms
[2024-09-14T18:05:30.203+0000] {spark_submit.py:579} INFO - 24/09/14 18:05:30 INFO CodeGenerator: Code generated in 14.902339 ms
[2024-09-14T18:05:30.246+0000] {spark_submit.py:579} INFO - 24/09/14 18:05:30 INFO CodeGenerator: Code generated in 20.592815 ms
[2024-09-14T18:05:30.278+0000] {spark_submit.py:579} INFO - 24/09/14 18:05:30 INFO FileScanRDD: Reading File path: file:///opt/***/datasets/Airbnb.csv, range: 4194304-7081245, partition values: [empty row]
[2024-09-14T18:05:30.280+0000] {spark_submit.py:579} INFO - 24/09/14 18:05:30 INFO FileScanRDD: Reading File path: file:///opt/***/datasets/Airbnb.csv, range: 0-4194304, partition values: [empty row]
[2024-09-14T18:05:30.322+0000] {spark_submit.py:579} INFO - 24/09/14 18:05:30 INFO CodeGenerator: Code generated in 21.900152 ms
[2024-09-14T18:05:31.522+0000] {spark_submit.py:579} INFO - 24/09/14 18:05:31 INFO Executor: Finished task 1.0 in stage 2.0 (TID 4). 2864 bytes result sent to driver
[2024-09-14T18:05:31.527+0000] {spark_submit.py:579} INFO - 24/09/14 18:05:31 INFO Executor: Finished task 0.0 in stage 2.0 (TID 3). 2821 bytes result sent to driver
[2024-09-14T18:05:31.529+0000] {spark_submit.py:579} INFO - 24/09/14 18:05:31 INFO TaskSetManager: Finished task 1.0 in stage 2.0 (TID 4) in 1613 ms on fb744bf0dc86 (executor driver) (1/2)
[2024-09-14T18:05:31.531+0000] {spark_submit.py:579} INFO - 24/09/14 18:05:31 INFO TaskSetManager: Finished task 0.0 in stage 2.0 (TID 3) in 1619 ms on fb744bf0dc86 (executor driver) (2/2)
[2024-09-14T18:05:31.532+0000] {spark_submit.py:579} INFO - 24/09/14 18:05:31 INFO TaskSchedulerImpl: Removed TaskSet 2.0, whose tasks have all completed, from pool
[2024-09-14T18:05:31.538+0000] {spark_submit.py:579} INFO - 24/09/14 18:05:31 INFO DAGScheduler: ShuffleMapStage 2 (saveAsTable at NativeMethodAccessorImpl.java:0) finished in 1.678 s
[2024-09-14T18:05:31.540+0000] {spark_submit.py:579} INFO - 24/09/14 18:05:31 INFO DAGScheduler: looking for newly runnable stages
[2024-09-14T18:05:31.541+0000] {spark_submit.py:579} INFO - 24/09/14 18:05:31 INFO DAGScheduler: running: Set()
[2024-09-14T18:05:31.543+0000] {spark_submit.py:579} INFO - 24/09/14 18:05:31 INFO DAGScheduler: waiting: Set()
[2024-09-14T18:05:31.545+0000] {spark_submit.py:579} INFO - 24/09/14 18:05:31 INFO DAGScheduler: failed: Set()
[2024-09-14T18:05:31.616+0000] {spark_submit.py:579} INFO - 24/09/14 18:05:31 INFO ShufflePartitionsUtil: For shuffle(0), advisory target size: 67108864, actual target size 1048576, minimum partition size: 1048576
[2024-09-14T18:05:31.773+0000] {spark_submit.py:579} INFO - 24/09/14 18:05:31 INFO ParquetUtils: Using default output committer for Parquet: org.apache.parquet.hadoop.ParquetOutputCommitter
[2024-09-14T18:05:31.812+0000] {spark_submit.py:579} INFO - 24/09/14 18:05:31 INFO FileOutputCommitter: File Output Committer Algorithm version is 1
[2024-09-14T18:05:31.813+0000] {spark_submit.py:579} INFO - 24/09/14 18:05:31 INFO FileOutputCommitter: FileOutputCommitter skip cleanup _temporary folders under output directory:false, ignore cleanup failures: false
[2024-09-14T18:05:31.816+0000] {spark_submit.py:579} INFO - 24/09/14 18:05:31 INFO SQLHadoopMapReduceCommitProtocol: Using user defined output committer class org.apache.parquet.hadoop.ParquetOutputCommitter
[2024-09-14T18:05:31.818+0000] {spark_submit.py:579} INFO - 24/09/14 18:05:31 INFO FileOutputCommitter: File Output Committer Algorithm version is 1
[2024-09-14T18:05:31.820+0000] {spark_submit.py:579} INFO - 24/09/14 18:05:31 INFO FileOutputCommitter: FileOutputCommitter skip cleanup _temporary folders under output directory:false, ignore cleanup failures: false
[2024-09-14T18:05:31.822+0000] {spark_submit.py:579} INFO - 24/09/14 18:05:31 INFO SQLHadoopMapReduceCommitProtocol: Using output committer class org.apache.parquet.hadoop.ParquetOutputCommitter
[2024-09-14T18:05:31.863+0000] {spark_submit.py:579} INFO - 24/09/14 18:05:31 INFO HashAggregateExec: spark.sql.codegen.aggregate.map.twolevel.enabled is set to true, but current version of codegened fast hashmap does not support this aggregate.
[2024-09-14T18:05:32.082+0000] {spark_submit.py:579} INFO - 24/09/14 18:05:32 INFO CodeGenerator: Code generated in 119.552202 ms
[2024-09-14T18:05:32.174+0000] {spark_submit.py:579} INFO - 24/09/14 18:05:32 INFO SparkContext: Starting job: saveAsTable at NativeMethodAccessorImpl.java:0
[2024-09-14T18:05:32.180+0000] {spark_submit.py:579} INFO - 24/09/14 18:05:32 INFO DAGScheduler: Got job 3 (saveAsTable at NativeMethodAccessorImpl.java:0) with 1 output partitions
[2024-09-14T18:05:32.181+0000] {spark_submit.py:579} INFO - 24/09/14 18:05:32 INFO DAGScheduler: Final stage: ResultStage 4 (saveAsTable at NativeMethodAccessorImpl.java:0)
[2024-09-14T18:05:32.183+0000] {spark_submit.py:579} INFO - 24/09/14 18:05:32 INFO DAGScheduler: Parents of final stage: List(ShuffleMapStage 3)
[2024-09-14T18:05:32.185+0000] {spark_submit.py:579} INFO - 24/09/14 18:05:32 INFO DAGScheduler: Missing parents: List()
[2024-09-14T18:05:32.188+0000] {spark_submit.py:579} INFO - 24/09/14 18:05:32 INFO DAGScheduler: Submitting ResultStage 4 (MapPartitionsRDD[17] at saveAsTable at NativeMethodAccessorImpl.java:0), which has no missing parents
[2024-09-14T18:05:32.266+0000] {spark_submit.py:579} INFO - 24/09/14 18:05:32 INFO MemoryStore: Block broadcast_5 stored as values in memory (estimated size 259.9 KiB, free 433.8 MiB)
[2024-09-14T18:05:32.279+0000] {spark_submit.py:579} INFO - 24/09/14 18:05:32 INFO MemoryStore: Block broadcast_5_piece0 stored as bytes in memory (estimated size 95.9 KiB, free 433.7 MiB)
[2024-09-14T18:05:32.281+0000] {spark_submit.py:579} INFO - 24/09/14 18:05:32 INFO BlockManagerInfo: Added broadcast_5_piece0 in memory on fb744bf0dc86:46183 (size: 95.9 KiB, free: 434.2 MiB)
[2024-09-14T18:05:32.283+0000] {spark_submit.py:579} INFO - 24/09/14 18:05:32 INFO SparkContext: Created broadcast 5 from broadcast at DAGScheduler.scala:1585
[2024-09-14T18:05:32.285+0000] {spark_submit.py:579} INFO - 24/09/14 18:05:32 INFO DAGScheduler: Submitting 1 missing tasks from ResultStage 4 (MapPartitionsRDD[17] at saveAsTable at NativeMethodAccessorImpl.java:0) (first 15 tasks are for partitions Vector(0))
[2024-09-14T18:05:32.287+0000] {spark_submit.py:579} INFO - 24/09/14 18:05:32 INFO TaskSchedulerImpl: Adding task set 4.0 with 1 tasks resource profile 0
[2024-09-14T18:05:32.301+0000] {spark_submit.py:579} INFO - 24/09/14 18:05:32 INFO TaskSetManager: Starting task 0.0 in stage 4.0 (TID 5) (fb744bf0dc86, executor driver, partition 0, NODE_LOCAL, 8999 bytes)
[2024-09-14T18:05:32.304+0000] {spark_submit.py:579} INFO - 24/09/14 18:05:32 INFO Executor: Running task 0.0 in stage 4.0 (TID 5)
[2024-09-14T18:05:32.404+0000] {spark_submit.py:579} INFO - 24/09/14 18:05:32 INFO BlockManagerInfo: Removed broadcast_4_piece0 on fb744bf0dc86:46183 in memory (size: 23.6 KiB, free: 434.3 MiB)
[2024-09-14T18:05:32.551+0000] {spark_submit.py:579} INFO - 24/09/14 18:05:32 INFO ShuffleBlockFetcherIterator: Getting 2 (943.0 B) non-empty blocks including 2 (943.0 B) local and 0 (0.0 B) host-local and 0 (0.0 B) push-merged-local and 0 (0.0 B) remote blocks
[2024-09-14T18:05:32.559+0000] {spark_submit.py:579} INFO - 24/09/14 18:05:32 INFO ShuffleBlockFetcherIterator: Started 0 remote fetches in 39 ms
[2024-09-14T18:05:32.629+0000] {spark_submit.py:579} INFO - 24/09/14 18:05:32 INFO CodeGenerator: Code generated in 53.986336 ms
[2024-09-14T18:05:32.633+0000] {spark_submit.py:579} INFO - 24/09/14 18:05:32 INFO FileOutputCommitter: File Output Committer Algorithm version is 1
[2024-09-14T18:05:32.635+0000] {spark_submit.py:579} INFO - 24/09/14 18:05:32 INFO FileOutputCommitter: FileOutputCommitter skip cleanup _temporary folders under output directory:false, ignore cleanup failures: false
[2024-09-14T18:05:32.637+0000] {spark_submit.py:579} INFO - 24/09/14 18:05:32 INFO SQLHadoopMapReduceCommitProtocol: Using user defined output committer class org.apache.parquet.hadoop.ParquetOutputCommitter
[2024-09-14T18:05:32.639+0000] {spark_submit.py:579} INFO - 24/09/14 18:05:32 INFO FileOutputCommitter: File Output Committer Algorithm version is 1
[2024-09-14T18:05:32.641+0000] {spark_submit.py:579} INFO - 24/09/14 18:05:32 INFO FileOutputCommitter: FileOutputCommitter skip cleanup _temporary folders under output directory:false, ignore cleanup failures: false
[2024-09-14T18:05:32.642+0000] {spark_submit.py:579} INFO - 24/09/14 18:05:32 INFO SQLHadoopMapReduceCommitProtocol: Using output committer class org.apache.parquet.hadoop.ParquetOutputCommitter
[2024-09-14T18:05:32.652+0000] {spark_submit.py:579} INFO - 24/09/14 18:05:32 INFO CodecConfig: Compression: SNAPPY
[2024-09-14T18:05:32.659+0000] {spark_submit.py:579} INFO - 24/09/14 18:05:32 INFO CodecConfig: Compression: SNAPPY
[2024-09-14T18:05:32.715+0000] {spark_submit.py:579} INFO - 24/09/14 18:05:32 INFO ParquetOutputFormat: ParquetRecordWriter [block size: 134217728b, row group padding size: 8388608b, validating: false]
[2024-09-14T18:05:32.775+0000] {spark_submit.py:579} INFO - 24/09/14 18:05:32 INFO ParquetWriteSupport: Initialized Parquet WriteSupport with Catalyst schema:
[2024-09-14T18:05:32.777+0000] {spark_submit.py:579} INFO - {
[2024-09-14T18:05:32.778+0000] {spark_submit.py:579} INFO - "type" : "struct",
[2024-09-14T18:05:32.779+0000] {spark_submit.py:579} INFO - "fields" : [ {
[2024-09-14T18:05:32.781+0000] {spark_submit.py:579} INFO - "name" : "neighbourhood_group",
[2024-09-14T18:05:32.782+0000] {spark_submit.py:579} INFO - "type" : "string",
[2024-09-14T18:05:32.783+0000] {spark_submit.py:579} INFO - "nullable" : true,
[2024-09-14T18:05:32.784+0000] {spark_submit.py:579} INFO - "metadata" : { }
[2024-09-14T18:05:32.785+0000] {spark_submit.py:579} INFO - }, {
[2024-09-14T18:05:32.787+0000] {spark_submit.py:579} INFO - "name" : "average_price",
[2024-09-14T18:05:32.789+0000] {spark_submit.py:579} INFO - "type" : "double",
[2024-09-14T18:05:32.790+0000] {spark_submit.py:579} INFO - "nullable" : true,
[2024-09-14T18:05:32.791+0000] {spark_submit.py:579} INFO - "metadata" : { }
[2024-09-14T18:05:32.792+0000] {spark_submit.py:579} INFO - }, {
[2024-09-14T18:05:32.793+0000] {spark_submit.py:579} INFO - "name" : "min_price",
[2024-09-14T18:05:32.795+0000] {spark_submit.py:579} INFO - "type" : "integer",
[2024-09-14T18:05:32.796+0000] {spark_submit.py:579} INFO - "nullable" : true,
[2024-09-14T18:05:32.797+0000] {spark_submit.py:579} INFO - "metadata" : { }
[2024-09-14T18:05:32.798+0000] {spark_submit.py:579} INFO - }, {
[2024-09-14T18:05:32.799+0000] {spark_submit.py:579} INFO - "name" : "max_price",
[2024-09-14T18:05:32.801+0000] {spark_submit.py:579} INFO - "type" : "integer",
[2024-09-14T18:05:32.802+0000] {spark_submit.py:579} INFO - "nullable" : true,
[2024-09-14T18:05:32.804+0000] {spark_submit.py:579} INFO - "metadata" : { }
[2024-09-14T18:05:32.805+0000] {spark_submit.py:579} INFO - }, {
[2024-09-14T18:05:32.807+0000] {spark_submit.py:579} INFO - "name" : "count",
[2024-09-14T18:05:32.809+0000] {spark_submit.py:579} INFO - "type" : "long",
[2024-09-14T18:05:32.810+0000] {spark_submit.py:579} INFO - "nullable" : false,
[2024-09-14T18:05:32.812+0000] {spark_submit.py:579} INFO - "metadata" : { }
[2024-09-14T18:05:32.813+0000] {spark_submit.py:579} INFO - } ]
[2024-09-14T18:05:32.814+0000] {spark_submit.py:579} INFO - }
[2024-09-14T18:05:32.815+0000] {spark_submit.py:579} INFO - and corresponding Parquet message type:
[2024-09-14T18:05:32.817+0000] {spark_submit.py:579} INFO - message spark_schema {
[2024-09-14T18:05:32.818+0000] {spark_submit.py:579} INFO - optional binary neighbourhood_group (STRING);
[2024-09-14T18:05:32.819+0000] {spark_submit.py:579} INFO - optional double average_price;
[2024-09-14T18:05:32.821+0000] {spark_submit.py:579} INFO - optional int32 min_price;
[2024-09-14T18:05:32.822+0000] {spark_submit.py:579} INFO - optional int32 max_price;
[2024-09-14T18:05:32.824+0000] {spark_submit.py:579} INFO - required int64 count;
[2024-09-14T18:05:32.825+0000] {spark_submit.py:579} INFO - }
[2024-09-14T18:05:32.826+0000] {spark_submit.py:579} INFO - 
[2024-09-14T18:05:32.828+0000] {spark_submit.py:579} INFO - 
[2024-09-14T18:05:32.954+0000] {spark_submit.py:579} INFO - 24/09/14 18:05:32 INFO CodecPool: Got brand-new compressor [.snappy]
[2024-09-14T18:05:35.227+0000] {spark_submit.py:579} INFO - 24/09/14 18:05:35 INFO FileOutputCommitter: Saved output of task 'attempt_202409141805326196793727027812138_0004_m_000000_5' to hdfs://namenode:9000/user/hive/warehouse/price_distribution/_temporary/0/task_202409141805326196793727027812138_0004_m_000000
[2024-09-14T18:05:35.230+0000] {spark_submit.py:579} INFO - 24/09/14 18:05:35 INFO SparkHadoopMapRedUtil: attempt_202409141805326196793727027812138_0004_m_000000_5: Committed. Elapsed time: 33 ms.
[2024-09-14T18:05:35.266+0000] {spark_submit.py:579} INFO - 24/09/14 18:05:35 INFO Executor: Finished task 0.0 in stage 4.0 (TID 5). 6236 bytes result sent to driver
[2024-09-14T18:05:35.275+0000] {spark_submit.py:579} INFO - 24/09/14 18:05:35 INFO TaskSetManager: Finished task 0.0 in stage 4.0 (TID 5) in 2979 ms on fb744bf0dc86 (executor driver) (1/1)
[2024-09-14T18:05:35.277+0000] {spark_submit.py:579} INFO - 24/09/14 18:05:35 INFO TaskSchedulerImpl: Removed TaskSet 4.0, whose tasks have all completed, from pool
[2024-09-14T18:05:35.283+0000] {spark_submit.py:579} INFO - 24/09/14 18:05:35 INFO DAGScheduler: ResultStage 4 (saveAsTable at NativeMethodAccessorImpl.java:0) finished in 3.068 s
[2024-09-14T18:05:35.285+0000] {spark_submit.py:579} INFO - 24/09/14 18:05:35 INFO DAGScheduler: Job 3 is finished. Cancelling potential speculative or zombie tasks for this job
[2024-09-14T18:05:35.287+0000] {spark_submit.py:579} INFO - 24/09/14 18:05:35 INFO TaskSchedulerImpl: Killing all running tasks in stage 4: Stage finished
[2024-09-14T18:05:35.289+0000] {spark_submit.py:579} INFO - 24/09/14 18:05:35 INFO DAGScheduler: Job 3 finished: saveAsTable at NativeMethodAccessorImpl.java:0, took 3.113384 s
[2024-09-14T18:05:35.294+0000] {spark_submit.py:579} INFO - 24/09/14 18:05:35 INFO FileFormatWriter: Start to commit write Job 76fe65d6-bb48-4c74-a5bf-9fe027a74d0a.
[2024-09-14T18:05:35.392+0000] {spark_submit.py:579} INFO - 24/09/14 18:05:35 INFO FileFormatWriter: Write Job 76fe65d6-bb48-4c74-a5bf-9fe027a74d0a committed. Elapsed time: 96 ms.
[2024-09-14T18:05:35.409+0000] {spark_submit.py:579} INFO - 24/09/14 18:05:35 INFO FileFormatWriter: Finished processing stats for write job 76fe65d6-bb48-4c74-a5bf-9fe027a74d0a.
[2024-09-14T18:05:35.487+0000] {spark_submit.py:579} INFO - 24/09/14 18:05:35 INFO InMemoryFileIndex: It took 24 ms to list leaf files for 1 paths.
[2024-09-14T18:05:35.572+0000] {spark_submit.py:579} INFO - 24/09/14 18:05:35 INFO HiveExternalCatalog: Persisting file based data source table `spark_catalog`.`default`.`price_distribution` into Hive metastore in Hive compatible format.
[2024-09-14T18:05:35.617+0000] {spark_submit.py:579} INFO - 24/09/14 18:05:35 INFO SQLStdHiveAccessController: Created SQLStdHiveAccessController for session context : HiveAuthzSessionContext [sessionString=84484d81-e7f6-4f10-8a0f-ff918260c158, clientType=HIVECLI]
[2024-09-14T18:05:35.622+0000] {spark_submit.py:579} INFO - 24/09/14 18:05:35 WARN SessionState: METASTORE_FILTER_HOOK will be ignored, since hive.security.authorization.manager is set to instance of HiveAuthorizerFactory.
[2024-09-14T18:05:35.624+0000] {spark_submit.py:579} INFO - 24/09/14 18:05:35 INFO metastore: Mestastore configuration hive.metastore.filter.hook changed from org.apache.hadoop.hive.metastore.DefaultMetaStoreFilterHookImpl to org.apache.hadoop.hive.ql.security.authorization.plugin.AuthorizationMetaStoreFilterHook
[2024-09-14T18:05:35.635+0000] {spark_submit.py:579} INFO - 24/09/14 18:05:35 INFO metastore: Closed a connection to metastore, current connections: 0
[2024-09-14T18:05:35.642+0000] {spark_submit.py:579} INFO - 24/09/14 18:05:35 INFO metastore: Trying to connect to metastore with URI thrift://hive-metastore:9083
[2024-09-14T18:05:35.645+0000] {spark_submit.py:579} INFO - 24/09/14 18:05:35 INFO metastore: Opened a connection to metastore, current connections: 1
[2024-09-14T18:05:35.650+0000] {spark_submit.py:579} INFO - 24/09/14 18:05:35 INFO metastore: Connected to metastore.
[2024-09-14T18:05:35.959+0000] {spark_submit.py:579} INFO - 24/09/14 18:05:35 INFO metastore: Trying to connect to metastore with URI thrift://hive-metastore:9083
[2024-09-14T18:05:35.961+0000] {spark_submit.py:579} INFO - 24/09/14 18:05:35 INFO metastore: Opened a connection to metastore, current connections: 2
[2024-09-14T18:05:35.964+0000] {spark_submit.py:579} INFO - 24/09/14 18:05:35 INFO metastore: Connected to metastore.
[2024-09-14T18:05:36.948+0000] {spark_submit.py:579} INFO - Таблица price_distribution успешно загружена в Hive!
[2024-09-14T18:05:36.979+0000] {spark_submit.py:579} INFO - 24/09/14 18:05:36 WARN FileSystem: Failed to initialize fileystem hdfs:///user/hive/warehouse/processed_airbnb_data_csv: java.io.IOException: Incomplete HDFS URI, no host: hdfs:///user/hive/warehouse/processed_airbnb_data_csv
[2024-09-14T18:05:37.050+0000] {spark_submit.py:579} INFO - Traceback (most recent call last):
[2024-09-14T18:05:37.051+0000] {spark_submit.py:579} INFO - File "/opt/***/dags/air_data_analysis.py", line 47, in <module>
[2024-09-14T18:05:37.055+0000] {spark_submit.py:579} INFO - df.write.mode("overwrite").option("header", "true").csv(processed_data_path)
[2024-09-14T18:05:37.056+0000] {spark_submit.py:579} INFO - File "/home/***/.local/lib/python3.12/site-packages/pyspark/sql/readwriter.py", line 1864, in csv
[2024-09-14T18:05:37.061+0000] {spark_submit.py:579} INFO - self._jwrite.csv(path)
[2024-09-14T18:05:37.062+0000] {spark_submit.py:579} INFO - File "/home/***/.local/lib/python3.12/site-packages/py4j/java_gateway.py", line 1322, in __call__
[2024-09-14T18:05:37.064+0000] {spark_submit.py:579} INFO - return_value = get_return_value(
[2024-09-14T18:05:37.065+0000] {spark_submit.py:579} INFO - ^^^^^^^^^^^^^^^^^
[2024-09-14T18:05:37.066+0000] {spark_submit.py:579} INFO - File "/home/***/.local/lib/python3.12/site-packages/pyspark/errors/exceptions/captured.py", line 179, in deco
[2024-09-14T18:05:37.067+0000] {spark_submit.py:579} INFO - return f(*a, **kw)
[2024-09-14T18:05:37.068+0000] {spark_submit.py:579} INFO - ^^^^^^^^^^^
[2024-09-14T18:05:37.070+0000] {spark_submit.py:579} INFO - File "/home/***/.local/lib/python3.12/site-packages/py4j/protocol.py", line 326, in get_return_value
[2024-09-14T18:05:37.073+0000] {spark_submit.py:579} INFO - raise Py4JJavaError(
[2024-09-14T18:05:37.074+0000] {spark_submit.py:579} INFO - py4j.protocol.Py4JJavaError: An error occurred while calling o70.csv.
[2024-09-14T18:05:37.076+0000] {spark_submit.py:579} INFO - : java.io.IOException: Incomplete HDFS URI, no host: hdfs:///user/hive/warehouse/processed_airbnb_data_csv
[2024-09-14T18:05:37.077+0000] {spark_submit.py:579} INFO - at org.apache.hadoop.hdfs.DistributedFileSystem.initialize(DistributedFileSystem.java:184)
[2024-09-14T18:05:37.078+0000] {spark_submit.py:579} INFO - at org.apache.hadoop.fs.FileSystem.createFileSystem(FileSystem.java:3469)
[2024-09-14T18:05:37.079+0000] {spark_submit.py:579} INFO - at org.apache.hadoop.fs.FileSystem.access$300(FileSystem.java:174)
[2024-09-14T18:05:37.081+0000] {spark_submit.py:579} INFO - at org.apache.hadoop.fs.FileSystem$Cache.getInternal(FileSystem.java:3574)
[2024-09-14T18:05:37.082+0000] {spark_submit.py:579} INFO - at org.apache.hadoop.fs.FileSystem$Cache.get(FileSystem.java:3521)
[2024-09-14T18:05:37.083+0000] {spark_submit.py:579} INFO - at org.apache.hadoop.fs.FileSystem.get(FileSystem.java:540)
[2024-09-14T18:05:37.084+0000] {spark_submit.py:579} INFO - at org.apache.hadoop.fs.Path.getFileSystem(Path.java:365)
[2024-09-14T18:05:37.085+0000] {spark_submit.py:579} INFO - at org.apache.spark.sql.execution.datasources.DataSource.planForWritingFileFormat(DataSource.scala:454)
[2024-09-14T18:05:37.086+0000] {spark_submit.py:579} INFO - at org.apache.spark.sql.execution.datasources.DataSource.planForWriting(DataSource.scala:530)
[2024-09-14T18:05:37.087+0000] {spark_submit.py:579} INFO - at org.apache.spark.sql.DataFrameWriter.saveToV1Source(DataFrameWriter.scala:388)
[2024-09-14T18:05:37.088+0000] {spark_submit.py:579} INFO - at org.apache.spark.sql.DataFrameWriter.saveInternal(DataFrameWriter.scala:361)
[2024-09-14T18:05:37.089+0000] {spark_submit.py:579} INFO - at org.apache.spark.sql.DataFrameWriter.save(DataFrameWriter.scala:240)
[2024-09-14T18:05:37.090+0000] {spark_submit.py:579} INFO - at org.apache.spark.sql.DataFrameWriter.csv(DataFrameWriter.scala:850)
[2024-09-14T18:05:37.091+0000] {spark_submit.py:579} INFO - at java.base/jdk.internal.reflect.NativeMethodAccessorImpl.invoke0(Native Method)
[2024-09-14T18:05:37.092+0000] {spark_submit.py:579} INFO - at java.base/jdk.internal.reflect.NativeMethodAccessorImpl.invoke(NativeMethodAccessorImpl.java:77)
[2024-09-14T18:05:37.093+0000] {spark_submit.py:579} INFO - at java.base/jdk.internal.reflect.DelegatingMethodAccessorImpl.invoke(DelegatingMethodAccessorImpl.java:43)
[2024-09-14T18:05:37.094+0000] {spark_submit.py:579} INFO - at java.base/java.lang.reflect.Method.invoke(Method.java:569)
[2024-09-14T18:05:37.095+0000] {spark_submit.py:579} INFO - at py4j.reflection.MethodInvoker.invoke(MethodInvoker.java:244)
[2024-09-14T18:05:37.096+0000] {spark_submit.py:579} INFO - at py4j.reflection.ReflectionEngine.invoke(ReflectionEngine.java:374)
[2024-09-14T18:05:37.097+0000] {spark_submit.py:579} INFO - at py4j.Gateway.invoke(Gateway.java:282)
[2024-09-14T18:05:37.099+0000] {spark_submit.py:579} INFO - at py4j.commands.AbstractCommand.invokeMethod(AbstractCommand.java:132)
[2024-09-14T18:05:37.100+0000] {spark_submit.py:579} INFO - at py4j.commands.CallCommand.execute(CallCommand.java:79)
[2024-09-14T18:05:37.101+0000] {spark_submit.py:579} INFO - at py4j.ClientServerConnection.waitForCommands(ClientServerConnection.java:182)
[2024-09-14T18:05:37.101+0000] {spark_submit.py:579} INFO - at py4j.ClientServerConnection.run(ClientServerConnection.java:106)
[2024-09-14T18:05:37.102+0000] {spark_submit.py:579} INFO - at java.base/java.lang.Thread.run(Thread.java:840)
[2024-09-14T18:05:37.103+0000] {spark_submit.py:579} INFO - 
[2024-09-14T18:05:37.252+0000] {spark_submit.py:579} INFO - 24/09/14 18:05:37 INFO SparkContext: Invoking stop() from shutdown hook
[2024-09-14T18:05:37.253+0000] {spark_submit.py:579} INFO - 24/09/14 18:05:37 INFO SparkContext: SparkContext is stopping with exitCode 0.
[2024-09-14T18:05:37.287+0000] {spark_submit.py:579} INFO - 24/09/14 18:05:37 INFO SparkUI: Stopped Spark web UI at http://fb744bf0dc86:4040
[2024-09-14T18:05:37.323+0000] {spark_submit.py:579} INFO - 24/09/14 18:05:37 INFO MapOutputTrackerMasterEndpoint: MapOutputTrackerMasterEndpoint stopped!
[2024-09-14T18:05:37.367+0000] {spark_submit.py:579} INFO - 24/09/14 18:05:37 INFO MemoryStore: MemoryStore cleared
[2024-09-14T18:05:37.369+0000] {spark_submit.py:579} INFO - 24/09/14 18:05:37 INFO BlockManager: BlockManager stopped
[2024-09-14T18:05:37.378+0000] {spark_submit.py:579} INFO - 24/09/14 18:05:37 INFO BlockManagerMaster: BlockManagerMaster stopped
[2024-09-14T18:05:37.386+0000] {spark_submit.py:579} INFO - 24/09/14 18:05:37 INFO OutputCommitCoordinator$OutputCommitCoordinatorEndpoint: OutputCommitCoordinator stopped!
[2024-09-14T18:05:37.412+0000] {spark_submit.py:579} INFO - 24/09/14 18:05:37 INFO SparkContext: Successfully stopped SparkContext
[2024-09-14T18:05:37.413+0000] {spark_submit.py:579} INFO - 24/09/14 18:05:37 INFO ShutdownHookManager: Shutdown hook called
[2024-09-14T18:05:37.415+0000] {spark_submit.py:579} INFO - 24/09/14 18:05:37 INFO ShutdownHookManager: Deleting directory /tmp/spark-81c35256-4fe5-4db4-bce1-94ae139c02d0
[2024-09-14T18:05:37.428+0000] {spark_submit.py:579} INFO - 24/09/14 18:05:37 INFO ShutdownHookManager: Deleting directory /tmp/spark-6ac4d471-151a-43f3-a18c-44123b4e90d7
[2024-09-14T18:05:37.441+0000] {spark_submit.py:579} INFO - 24/09/14 18:05:37 INFO ShutdownHookManager: Deleting directory /tmp/spark-6ac4d471-151a-43f3-a18c-44123b4e90d7/pyspark-f10db52c-02d4-4663-804c-2d2d6839648a
[2024-09-14T18:05:37.627+0000] {taskinstance.py:3310} ERROR - Task failed with exception
Traceback (most recent call last):
  File "/home/airflow/.local/lib/python3.12/site-packages/airflow/models/taskinstance.py", line 767, in _execute_task
    result = _execute_callable(context=context, **execute_callable_kwargs)
             ^^^^^^^^^^^^^^^^^^^^^^^^^^^^^^^^^^^^^^^^^^^^^^^^^^^^^^^^^^^^^
  File "/home/airflow/.local/lib/python3.12/site-packages/airflow/models/taskinstance.py", line 733, in _execute_callable
    return ExecutionCallableRunner(
           ^^^^^^^^^^^^^^^^^^^^^^^^
  File "/home/airflow/.local/lib/python3.12/site-packages/airflow/utils/operator_helpers.py", line 252, in run
    return self.func(*args, **kwargs)
           ^^^^^^^^^^^^^^^^^^^^^^^^^^
  File "/home/airflow/.local/lib/python3.12/site-packages/airflow/models/baseoperator.py", line 406, in wrapper
    return func(self, *args, **kwargs)
           ^^^^^^^^^^^^^^^^^^^^^^^^^^^
  File "/home/airflow/.local/lib/python3.12/site-packages/airflow/providers/apache/spark/operators/spark_submit.py", line 174, in execute
    self._hook.submit(self.application)
  File "/home/airflow/.local/lib/python3.12/site-packages/airflow/providers/apache/spark/hooks/spark_submit.py", line 505, in submit
    raise AirflowException(
airflow.exceptions.AirflowException: Cannot execute: spark-submit --master spark://spark-master:7077 --conf spark.master=spark://spark-master:7077 --name arrow-spark --verbose --deploy-mode client /opt/***/dags/air_data_analysis.py. Error code is: 1.
[2024-09-14T18:05:37.674+0000] {taskinstance.py:1225} INFO - Marking task as UP_FOR_RETRY. dag_id=airbnb_model, task_id=data_analysis, run_id=manual__2024-09-14T17:50:30.952450+00:00, execution_date=20240914T175030, start_date=20240914T180413, end_date=20240914T180537
[2024-09-14T18:05:37.730+0000] {taskinstance.py:340} INFO - ::group::Post task execution logs
[2024-09-14T18:05:37.732+0000] {standard_task_runner.py:124} ERROR - Failed to execute job 670 for task data_analysis (Cannot execute: spark-submit --master spark://spark-master:7077 --conf spark.master=spark://spark-master:7077 --name arrow-spark --verbose --deploy-mode client /opt/***/dags/air_data_analysis.py. Error code is: 1.; 4144)
Traceback (most recent call last):
  File "/home/airflow/.local/lib/python3.12/site-packages/airflow/task/task_runner/standard_task_runner.py", line 117, in _start_by_fork
    ret = args.func(args, dag=self.dag)
          ^^^^^^^^^^^^^^^^^^^^^^^^^^^^^
  File "/home/airflow/.local/lib/python3.12/site-packages/airflow/cli/cli_config.py", line 49, in command
    return func(*args, **kwargs)
           ^^^^^^^^^^^^^^^^^^^^^
  File "/home/airflow/.local/lib/python3.12/site-packages/airflow/utils/cli.py", line 115, in wrapper
    return f(*args, **kwargs)
           ^^^^^^^^^^^^^^^^^^
  File "/home/airflow/.local/lib/python3.12/site-packages/airflow/cli/commands/task_command.py", line 483, in task_run
    task_return_code = _run_task_by_selected_method(args, _dag, ti)
                       ^^^^^^^^^^^^^^^^^^^^^^^^^^^^^^^^^^^^^^^^^^^^
  File "/home/airflow/.local/lib/python3.12/site-packages/airflow/cli/commands/task_command.py", line 256, in _run_task_by_selected_method
    return _run_raw_task(args, ti)
           ^^^^^^^^^^^^^^^^^^^^^^^
  File "/home/airflow/.local/lib/python3.12/site-packages/airflow/cli/commands/task_command.py", line 341, in _run_raw_task
    return ti._run_raw_task(
           ^^^^^^^^^^^^^^^^^
  File "/home/airflow/.local/lib/python3.12/site-packages/airflow/utils/session.py", line 97, in wrapper
    return func(*args, session=session, **kwargs)
           ^^^^^^^^^^^^^^^^^^^^^^^^^^^^^^^^^^^^^^
  File "/home/airflow/.local/lib/python3.12/site-packages/airflow/models/taskinstance.py", line 3004, in _run_raw_task
    return _run_raw_task(
           ^^^^^^^^^^^^^^
  File "/home/airflow/.local/lib/python3.12/site-packages/airflow/models/taskinstance.py", line 273, in _run_raw_task
    TaskInstance._execute_task_with_callbacks(
  File "/home/airflow/.local/lib/python3.12/site-packages/airflow/models/taskinstance.py", line 3158, in _execute_task_with_callbacks
    result = self._execute_task(context, task_orig)
             ^^^^^^^^^^^^^^^^^^^^^^^^^^^^^^^^^^^^^^
  File "/home/airflow/.local/lib/python3.12/site-packages/airflow/models/taskinstance.py", line 3182, in _execute_task
    return _execute_task(self, context, task_orig)
           ^^^^^^^^^^^^^^^^^^^^^^^^^^^^^^^^^^^^^^^
  File "/home/airflow/.local/lib/python3.12/site-packages/airflow/models/taskinstance.py", line 767, in _execute_task
    result = _execute_callable(context=context, **execute_callable_kwargs)
             ^^^^^^^^^^^^^^^^^^^^^^^^^^^^^^^^^^^^^^^^^^^^^^^^^^^^^^^^^^^^^
  File "/home/airflow/.local/lib/python3.12/site-packages/airflow/models/taskinstance.py", line 733, in _execute_callable
    return ExecutionCallableRunner(
           ^^^^^^^^^^^^^^^^^^^^^^^^
  File "/home/airflow/.local/lib/python3.12/site-packages/airflow/utils/operator_helpers.py", line 252, in run
    return self.func(*args, **kwargs)
           ^^^^^^^^^^^^^^^^^^^^^^^^^^
  File "/home/airflow/.local/lib/python3.12/site-packages/airflow/models/baseoperator.py", line 406, in wrapper
    return func(self, *args, **kwargs)
           ^^^^^^^^^^^^^^^^^^^^^^^^^^^
  File "/home/airflow/.local/lib/python3.12/site-packages/airflow/providers/apache/spark/operators/spark_submit.py", line 174, in execute
    self._hook.submit(self.application)
  File "/home/airflow/.local/lib/python3.12/site-packages/airflow/providers/apache/spark/hooks/spark_submit.py", line 505, in submit
    raise AirflowException(
airflow.exceptions.AirflowException: Cannot execute: spark-submit --master spark://spark-master:7077 --conf spark.master=spark://spark-master:7077 --name arrow-spark --verbose --deploy-mode client /opt/***/dags/air_data_analysis.py. Error code is: 1.
[2024-09-14T18:05:37.795+0000] {local_task_job_runner.py:266} INFO - Task exited with return code 1
[2024-09-14T18:05:37.850+0000] {taskinstance.py:3900} INFO - 0 downstream tasks scheduled from follow-on schedule check
[2024-09-14T18:05:37.854+0000] {local_task_job_runner.py:245} INFO - ::endgroup::
